#
# A fatal error has been detected by the Java Runtime Environment:
#
#  SIGSEGV (0xb) at pc=0x00007f4814ea0948, pid=19699, tid=139946612496128
#
# JRE version: Java(TM) SE Runtime Environment (8.0_91-b14) (build 1.8.0_91-b14)
# Java VM: Java HotSpot(TM) 64-Bit Server VM (25.91-b14 mixed mode linux-amd64 compressed oops)
# Problematic frame:
# V  [libjvm.so+0x6cf948]  jni_invoke_nonstatic(JNIEnv_*, JavaValue*, _jobject*, JNICallType, _jmethodID*, JNI_ArgumentPusher*, Thread*)+0x38
#
# Failed to write core dump. Core dumps have been disabled. To enable core dumping, try "ulimit -c unlimited" before starting Java again
#
# If you would like to submit a bug report, please visit:
#   http://bugreport.java.com/bugreport/crash.jsp
#

---------------  T H R E A D  ---------------

Current thread (0x00007f48103cb800):  JavaThread "JavaFX Application Thread" [_thread_in_vm, id=19727, stack(0x00007f47dc101000,0x00007f47dc202000)]

siginfo: si_signo: 11 (SIGSEGV), si_code: 128 (SI_KERNEL), si_addr: 0x0000000000000000

Registers:
RAX=0x00007f47dc200140, RBX=0x00007f47dc200050, RCX=0x0000000000000001, RDX=0x666176616a4c2928
RSP=0x00007f47dc1ffea0, RBP=0x00007f47dc200020, RSI=0x00007f47dc2000b0, RDI=0x00007f48103cb9f8
R8 =0x00007f4810337d38, R9 =0x00007f47dc200050, R10=0x00007f4780000ae0, R11=0x00007f48007cf620
R12=0x00007f48103cb800, R13=0x00007f4810337d38, R14=0x0000000000000001, R15=0x00007f48103cb9f8
RIP=0x00007f4814ea0948, EFLAGS=0x0000000000010206, CSGSFS=0x002b000000000033, ERR=0x0000000000000000
  TRAPNO=0x000000000000000d

Top of Stack: (sp=0x00007f47dc1ffea0)
0x00007f47dc1ffea0:   00007f47dc2005a0 00007f47dc2001c0
0x00007f47dc1ffeb0:   00007f47dc1fff00 00007f47dc1fff80
0x00007f47dc1ffec0:   00007f47dc200050 00007f47dc2000b0
0x00007f47dc1ffed0:   00007f48103cb9f8 00007f4814ec0450
0x00007f47dc1ffee0:   00007f47b4011670 00007f47b4011680
0x00007f47dc1ffef0:   00007f47b4011a58 00000000000003d8
0x00007f47dc1fff00:   0000000000000000 00000000d6deec70
0x00007f47dc1fff10:   00007f470000006f 00007f480000000a
0x00007f47dc1fff20:   00000000d79e3eb8 0000000000000000
0x00007f47dc1fff30:   0000000000000000 0000000000000000
0x00007f47dc1fff40:   00007f47fea4d6f8 0000000100000100
0x00007f47dc1fff50:   0000000000000000 00007f47dc1fff08
0x00007f47dc1fff60:   00007f47dc1fff49 0000000800000005
0x00007f47dc1fff70:   0000000000000000 00007f48103cb580
0x00007f47dc1fff80:   00007f4815723490 00007f481622e470
0x00007f47dc1fff90:   00000000103cb410 00007f48103cb800
0x00007f47dc1fffa0:   0000000000000000 00007f4814ea0d1b
0x00007f47dc1fffb0:   00007f47fea577a8 00007f48103cb800
0x00007f47dc1fffc0:   00007f47fea577a8 00007f48103cb800
0x00007f47dc1fffd0:   00007f47dc200160 00007f47fea577a8
0x00007f47dc1fffe0:   00007f47fea577a8 00007f47fea577a8
0x00007f47dc1ffff0:   00007f47b4011670 00007f47dc200050
0x00007f47dc200000:   00007f48103cb800 00007f47dc200090
0x00007f47dc200010:   00007f4810337d38 00007f48103cb9f8
0x00007f47dc200020:   00007f47dc200110 00007f4814ea50ef
0x00007f47dc200030:   00007f48103cb800 00007f47ef0ecff4
0x00007f47dc200040:   00007f47dc200128 666176616a4c2928
0x00007f47dc200050:   00007f48157240f0 00007f481622e470
0x00007f47dc200060:   00000000dc2000d0 864c19eb00000063
0x00007f47dc200070:   0000000000000000 0000003000000018
0x00007f47dc200080:   00007f47dc200200 00007f47dc200140
0x00007f47dc200090:   00007f48103cb800 0000000000000000 

Instructions: (pc=0x00007f4814ea0948)
0x00007f4814ea0928:   00 00 48 85 d2 48 89 bd b0 fe ff ff 48 89 b5 a8
0x00007f4814ea0938:   fe ff ff 4c 89 8d a0 fe ff ff 0f 84 78 09 00 00
0x00007f4814ea0948:   4c 8b 22 4d 85 e4 0f 84 6c 09 00 00 48 8b 45 10
0x00007f4814ea0958:   48 8b 98 38 01 00 00 48 83 7b 18 f7 0f 87 16 07 

Register to memory mapping:

RAX=0x00007f47dc200140 is pointing into the stack for thread: 0x00007f48103cb800
RBX=0x00007f47dc200050 is pointing into the stack for thread: 0x00007f48103cb800
RCX=0x0000000000000001 is an unknown value
RDX=0x666176616a4c2928 is an unknown value
RSP=0x00007f47dc1ffea0 is pointing into the stack for thread: 0x00007f48103cb800
RBP=0x00007f47dc200020 is pointing into the stack for thread: 0x00007f48103cb800
RSI=0x00007f47dc2000b0 is pointing into the stack for thread: 0x00007f48103cb800
RDI=0x00007f48103cb9f8 is an unknown value
R8 =0x00007f4810337d38 is an unknown value
R9 =0x00007f47dc200050 is pointing into the stack for thread: 0x00007f48103cb800
R10=0x00007f4780000ae0 is an unknown value
R11=0x00007f48007cf620 is at entry_point+32 in (nmethod*)0x00007f48007cf490
R12=0x00007f48103cb800 is a thread
R13=0x00007f4810337d38 is an unknown value
R14=0x0000000000000001 is an unknown value
R15=0x00007f48103cb9f8 is an unknown value


Stack: [0x00007f47dc101000,0x00007f47dc202000],  sp=0x00007f47dc1ffea0,  free space=1019k
Native frames: (J=compiled Java code, j=interpreted, Vv=VM code, C=native code)
V  [libjvm.so+0x6cf948]  jni_invoke_nonstatic(JNIEnv_*, JavaValue*, _jobject*, JNICallType, _jmethodID*, JNI_ArgumentPusher*, Thread*)+0x38
V  [libjvm.so+0x6d40ef]  jni_CallVoidMethodV+0x10f
C  [libglass.so+0x13e51]  JNIEnv_::CallVoidMethod(_jobject*, _jmethodID*, ...)+0x81
C  [libglass.so+0x1545f]  WindowContextBase::process_key(_GdkEventKey*)+0x20f
C  [libglass.so+0x19540]  WindowContextBase::im_filter_keypress(_GdkEventKey*)+0x1c0
C  [libglass.so+0x1c7cc]  process_events(_GdkEvent*, void*)+0x22c
C  [libgdk-x11-2.0.so.0+0x5acdc]

Java frames: (J=compiled Java code, j=interpreted, Vv=VM code)
j  com.sun.glass.ui.gtk.GtkApplication._runLoop(Ljava/lang/Runnable;Z)V+0
j  com.sun.glass.ui.gtk.GtkApplication.lambda$null$49(Ljava/lang/Runnable;Z)V+7
j  com.sun.glass.ui.gtk.GtkApplication$$Lambda$41.run()V+12
j  java.lang.Thread.run()V+11
v  ~StubRoutines::call_stub

---------------  P R O C E S S  ---------------

Java Threads: ( => current thread )
  0x00007f47804f3800 JavaThread "AWT-EventQueue-0" [_thread_blocked, id=19737, stack(0x00007f47ced98000,0x00007f47cee99000)]
  0x00007f47804f0800 JavaThread "AWT-Shutdown" [_thread_blocked, id=19736, stack(0x00007f47cee99000,0x00007f47cef9a000)]
  0x00007f47804a6800 JavaThread "Image Fetcher 0" daemon [_thread_blocked, id=19735, stack(0x00007f47cf62b000,0x00007f47cf72c000)]
  0x00007f478048d000 JavaThread "AWT-XAWT" daemon [_thread_in_native, id=19732, stack(0x00007f47cf72c000,0x00007f47cf82d000)]
  0x00007f4780479800 JavaThread "Java2D Disposer" daemon [_thread_blocked, id=19731, stack(0x00007f47cf82d000,0x00007f47cf92e000)]
  0x00007f4780391000 JavaThread "Prism Font Disposer" daemon [_thread_blocked, id=19730, stack(0x00007f47d4f81000,0x00007f47d5082000)]
  0x00007f47801fe800 JavaThread "Abandoned connection cleanup thread" daemon [_thread_blocked, id=19729, stack(0x00007f47d5ade000,0x00007f47d5bdf000)]
  0x00007f48103cf800 JavaThread "JavaFX-Launcher" [_thread_blocked, id=19728, stack(0x00007f47dc000000,0x00007f47dc101000)]
=>0x00007f48103cb800 JavaThread "JavaFX Application Thread" [_thread_in_vm, id=19727, stack(0x00007f47dc101000,0x00007f47dc202000)]
  0x00007f48103c7800 JavaThread "Thread-1" daemon [_thread_blocked, id=19726, stack(0x00007f47ec046000,0x00007f47ec147000)]
  0x00007f4810324800 JavaThread "QuantumRenderer-0" daemon [_thread_blocked, id=19722, stack(0x00007f47efb67000,0x00007f47efc68000)]
  0x00007f481021a800 JavaThread "Service Thread" daemon [_thread_blocked, id=19720, stack(0x00007f47efdfe000,0x00007f47efeff000)]
  0x00007f481020f800 JavaThread "C1 CompilerThread3" daemon [_thread_blocked, id=19719, stack(0x00007f47efeff000,0x00007f47f0000000)]
  0x00007f481020d000 JavaThread "C2 CompilerThread2" daemon [_thread_blocked, id=19718, stack(0x00007f47f403e000,0x00007f47f413f000)]
  0x00007f481020b800 JavaThread "C2 CompilerThread1" daemon [_thread_blocked, id=19717, stack(0x00007f47f413f000,0x00007f47f4240000)]
  0x00007f4810208800 JavaThread "C2 CompilerThread0" daemon [_thread_blocked, id=19716, stack(0x00007f47fc093000,0x00007f47fc194000)]
  0x00007f4810207000 JavaThread "Signal Dispatcher" daemon [_thread_blocked, id=19715, stack(0x00007f47fc194000,0x00007f47fc295000)]
  0x00007f48101d3000 JavaThread "Finalizer" daemon [_thread_blocked, id=19714, stack(0x00007f47fc56e000,0x00007f47fc66f000)]
  0x00007f48101ce800 JavaThread "Reference Handler" daemon [_thread_blocked, id=19713, stack(0x00007f47fc66f000,0x00007f47fc770000)]
  0x00007f481000a000 JavaThread "main" [_thread_blocked, id=19703, stack(0x00007f48162aa000,0x00007f48163ab000)]

Other Threads:
  0x00007f48101c7000 VMThread [stack: 0x00007f47fc770000,0x00007f47fc871000] [id=19712]
  0x00007f481021d000 WatcherThread [stack: 0x00007f47efcfd000,0x00007f47efdfe000] [id=19721]

VM state:not at safepoint (normal execution)

VM Mutex/Monitor currently owned by a thread: None

Heap:
 PSYoungGen      total 36864K, used 19707K [0x00000000d6d80000, 0x00000000d9680000, 0x0000000100000000)
  eden space 31744K, 62% used [0x00000000d6d80000,0x00000000d80bede0,0x00000000d8c80000)
  from space 5120K, 0% used [0x00000000d9180000,0x00000000d9180000,0x00000000d9680000)
  to   space 5120K, 0% used [0x00000000d8c80000,0x00000000d8c80000,0x00000000d9180000)
 ParOldGen       total 49664K, used 11901K [0x0000000084800000, 0x0000000087880000, 0x00000000d6d80000)
  object space 49664K, 23% used [0x0000000084800000,0x000000008539f620,0x0000000087880000)
 Metaspace       used 27668K, capacity 28658K, committed 28800K, reserved 1075200K
  class space    used 3743K, capacity 3955K, committed 3968K, reserved 1048576K

Card table byte_map: [0x00007f47ffbdc000,0x00007f47fffb9000] byte_map_base: 0x00007f47ff7b8000

Marking Bits: (ParMarkBitMap*) 0x00007f4815787d60
 Begin Bits: [0x00007f47f4240000, 0x00007f47f6120000)
 End Bits:   [0x00007f47f6120000, 0x00007f47f8000000)

Polling page: 0x00007f48163d3000

CodeCache: size=245760Kb used=9023Kb max_used=9028Kb free=236736Kb
 bounds [0x00007f4800379000, 0x00007f4800c59000, 0x00007f480f379000]
 total_blobs=3810 nmethods=2914 adapters=809
 compilation: enabled

Compilation events (10 events):
Event: 7.035 Thread 0x00007f481020f800 2933       1       com.sun.javafx.font.PrismFontFile::getFeatures (2 bytes)
Event: 7.036 Thread 0x00007f481020f800 nmethod 2933 0x00007f4800c4fed0 code [0x00007f4800c50020, 0x00007f4800c50130]
Event: 7.036 Thread 0x00007f481020f800 2903       1       javafx.scene.shape.Shape::access$600 (5 bytes)
Event: 7.036 Thread 0x00007f481020f800 nmethod 2903 0x00007f4800c4fc10 code [0x00007f4800c4fd60, 0x00007f4800c4fe50]
Event: 7.036 Thread 0x00007f481020f800 2904       1       javafx.scene.text.Text::access$2300 (5 bytes)
Event: 7.036 Thread 0x00007f481020f800 nmethod 2904 0x00007f4800c4f950 code [0x00007f4800c4faa0, 0x00007f4800c4fb90]
Event: 7.036 Thread 0x00007f481020f800 2934       1       com.sun.javafx.geom.transform.Identity::getType (2 bytes)
Event: 7.036 Thread 0x00007f481020f800 nmethod 2934 0x00007f4800c4f690 code [0x00007f4800c4f7e0, 0x00007f4800c4f8f0]
Event: 7.036 Thread 0x00007f481020f800 2935       1       com.sun.javafx.font.LogicalFont::getFamilyName (5 bytes)
Event: 7.036 Thread 0x00007f481020f800 nmethod 2935 0x00007f4800c4f3d0 code [0x00007f4800c4f520, 0x00007f4800c4f630]

GC Heap History (6 events):
Event: 0.760 GC heap before
{Heap before GC invocations=1 (full 0):
 PSYoungGen      total 36864K, used 31744K [0x00000000d6d80000, 0x00000000d9680000, 0x0000000100000000)
  eden space 31744K, 100% used [0x00000000d6d80000,0x00000000d8c80000,0x00000000d8c80000)
  from space 5120K, 0% used [0x00000000d9180000,0x00000000d9180000,0x00000000d9680000)
  to   space 5120K, 0% used [0x00000000d8c80000,0x00000000d8c80000,0x00000000d9180000)
 ParOldGen       total 84992K, used 0K [0x0000000084800000, 0x0000000089b00000, 0x00000000d6d80000)
  object space 84992K, 0% used [0x0000000084800000,0x0000000084800000,0x0000000089b00000)
 Metaspace       used 15236K, capacity 15700K, committed 16000K, reserved 1062912K
  class space    used 1961K, capacity 2102K, committed 2176K, reserved 1048576K
Event: 0.765 GC heap after
Heap after GC invocations=1 (full 0):
 PSYoungGen      total 36864K, used 5088K [0x00000000d6d80000, 0x00000000d9680000, 0x0000000100000000)
  eden space 31744K, 0% used [0x00000000d6d80000,0x00000000d6d80000,0x00000000d8c80000)
  from space 5120K, 99% used [0x00000000d8c80000,0x00000000d9178080,0x00000000d9180000)
  to   space 5120K, 0% used [0x00000000d9180000,0x00000000d9180000,0x00000000d9680000)
 ParOldGen       total 84992K, used 5298K [0x0000000084800000, 0x0000000089b00000, 0x00000000d6d80000)
  object space 84992K, 6% used [0x0000000084800000,0x0000000084d2cb70,0x0000000089b00000)
 Metaspace       used 15236K, capacity 15700K, committed 16000K, reserved 1062912K
  class space    used 1961K, capacity 2102K, committed 2176K, reserved 1048576K
}
Event: 4.748 GC heap before
{Heap before GC invocations=2 (full 0):
 PSYoungGen      total 36864K, used 18294K [0x00000000d6d80000, 0x00000000d9680000, 0x0000000100000000)
  eden space 31744K, 41% used [0x00000000d6d80000,0x00000000d7a659b0,0x00000000d8c80000)
  from space 5120K, 99% used [0x00000000d8c80000,0x00000000d9178080,0x00000000d9180000)
  to   space 5120K, 0% used [0x00000000d9180000,0x00000000d9180000,0x00000000d9680000)
 ParOldGen       total 84992K, used 5298K [0x0000000084800000, 0x0000000089b00000, 0x00000000d6d80000)
  object space 84992K, 6% used [0x0000000084800000,0x0000000084d2cb70,0x0000000089b00000)
 Metaspace       used 20483K, capacity 21184K, committed 21296K, reserved 1067008K
  class space    used 2754K, capacity 2930K, committed 2944K, reserved 1048576K
Event: 4.754 GC heap after
Heap after GC invocations=2 (full 0):
 PSYoungGen      total 36864K, used 5104K [0x00000000d6d80000, 0x00000000d9680000, 0x0000000100000000)
  eden space 31744K, 0% used [0x00000000d6d80000,0x00000000d6d80000,0x00000000d8c80000)
  from space 5120K, 99% used [0x00000000d9180000,0x00000000d967c0a0,0x00000000d9680000)
  to   space 5120K, 0% used [0x00000000d8c80000,0x00000000d8c80000,0x00000000d9180000)
 ParOldGen       total 84992K, used 7879K [0x0000000084800000, 0x0000000089b00000, 0x00000000d6d80000)
  object space 84992K, 9% used [0x0000000084800000,0x0000000084fb1e80,0x0000000089b00000)
 Metaspace       used 20483K, capacity 21184K, committed 21296K, reserved 1067008K
  class space    used 2754K, capacity 2930K, committed 2944K, reserved 1048576K
}
Event: 4.754 GC heap before
{Heap before GC invocations=3 (full 1):
 PSYoungGen      total 36864K, used 5104K [0x00000000d6d80000, 0x00000000d9680000, 0x0000000100000000)
  eden space 31744K, 0% used [0x00000000d6d80000,0x00000000d6d80000,0x00000000d8c80000)
  from space 5120K, 99% used [0x00000000d9180000,0x00000000d967c0a0,0x00000000d9680000)
  to   space 5120K, 0% used [0x00000000d8c80000,0x00000000d8c80000,0x00000000d9180000)
 ParOldGen       total 84992K, used 7879K [0x0000000084800000, 0x0000000089b00000, 0x00000000d6d80000)
  object space 84992K, 9% used [0x0000000084800000,0x0000000084fb1e80,0x0000000089b00000)
 Metaspace       used 20483K, capacity 21184K, committed 21296K, reserved 1067008K
  class space    used 2754K, capacity 2930K, committed 2944K, reserved 1048576K
Event: 4.782 GC heap after
Heap after GC invocations=3 (full 1):
 PSYoungGen      total 36864K, used 0K [0x00000000d6d80000, 0x00000000d9680000, 0x0000000100000000)
  eden space 31744K, 0% used [0x00000000d6d80000,0x00000000d6d80000,0x00000000d8c80000)
  from space 5120K, 0% used [0x00000000d9180000,0x00000000d9180000,0x00000000d9680000)
  to   space 5120K, 0% used [0x00000000d8c80000,0x00000000d8c80000,0x00000000d9180000)
 ParOldGen       total 49664K, used 11901K [0x0000000084800000, 0x0000000087880000, 0x00000000d6d80000)
  object space 49664K, 23% used [0x0000000084800000,0x000000008539f620,0x0000000087880000)
 Metaspace       used 20483K, capacity 21184K, committed 21296K, reserved 1067008K
  class space    used 2754K, capacity 2930K, committed 2944K, reserved 1048576K
}

Deoptimization events (10 events):
Event: 6.860 Thread 0x00007f48103cb800 Uncommon trap: reason=array_check action=maybe_recompile pc=0x00007f4800b47998 method=com.sun.javafx.css.SimpleSelector.applies(Ljavafx/css/Styleable;[Ljava/util/Set;I)Z @ 37
Event: 6.860 Thread 0x00007f48103cb800 Uncommon trap: reason=array_check action=maybe_recompile pc=0x00007f4800b47998 method=com.sun.javafx.css.SimpleSelector.applies(Ljavafx/css/Styleable;[Ljava/util/Set;I)Z @ 37
Event: 6.860 Thread 0x00007f48103cb800 Uncommon trap: reason=array_check action=maybe_recompile pc=0x00007f4800b47998 method=com.sun.javafx.css.SimpleSelector.applies(Ljavafx/css/Styleable;[Ljava/util/Set;I)Z @ 37
Event: 6.860 Thread 0x00007f48103cb800 Uncommon trap: reason=array_check action=maybe_recompile pc=0x00007f4800b47998 method=com.sun.javafx.css.SimpleSelector.applies(Ljavafx/css/Styleable;[Ljava/util/Set;I)Z @ 37
Event: 6.910 Thread 0x00007f48103cb800 Uncommon trap: reason=array_check action=maybe_recompile pc=0x00007f4800b6ff0c method=com.sun.javafx.css.CompoundSelector.applies(Ljavafx/css/Styleable;[Ljava/util/Set;I)Z @ 128
Event: 6.910 Thread 0x00007f48103cb800 Uncommon trap: reason=array_check action=maybe_recompile pc=0x00007f4800b6ff0c method=com.sun.javafx.css.CompoundSelector.applies(Ljavafx/css/Styleable;[Ljava/util/Set;I)Z @ 128
Event: 6.910 Thread 0x00007f48103cb800 Uncommon trap: reason=array_check action=maybe_recompile pc=0x00007f4800b6ff0c method=com.sun.javafx.css.CompoundSelector.applies(Ljavafx/css/Styleable;[Ljava/util/Set;I)Z @ 128
Event: 6.910 Thread 0x00007f48103cb800 Uncommon trap: reason=array_check action=maybe_recompile pc=0x00007f4800b6ff0c method=com.sun.javafx.css.CompoundSelector.applies(Ljavafx/css/Styleable;[Ljava/util/Set;I)Z @ 128
Event: 6.973 Thread 0x00007f48103cb800 Uncommon trap: reason=array_check action=maybe_recompile pc=0x00007f4800bcb5f8 method=com.sun.javafx.css.SimpleSelector.applies(Ljavafx/css/Styleable;[Ljava/util/Set;I)Z @ 37
Event: 7.022 Thread 0x00007f48103cb800 Uncommon trap: reason=unstable_if action=reinterpret pc=0x00007f48008996dc method=java.lang.Math.round(D)J @ 48

Internal exceptions (10 events):
Event: 0.401 Thread 0x00007f48103cb800 Exception <a 'java/lang/ArrayIndexOutOfBoundsException'> (0x00000000d7e876a8) thrown at [/HUDSON/workspace/8-2-build-linux-amd64/jdk8u91/6644/hotspot/src/share/vm/runtime/sharedRuntime.cpp, line 605]
Event: 0.512 Thread 0x00007f48103cb800 Implicit null exception at 0x00007f480058d935 to 0x00007f480058dc85
Event: 0.734 Thread 0x00007f48103cb800 Implicit null exception at 0x00007f480065b475 to 0x00007f480065b69d
Event: 0.734 Thread 0x00007f48103cb800 Implicit null exception at 0x00007f4800678118 to 0x00007f48006781a6
Event: 4.742 Thread 0x00007f48103cb800 Exception <a 'java/io/FileNotFoundException'> (0x00000000d79fd320) thrown at [/HUDSON/workspace/8-2-build-linux-amd64/jdk8u91/6644/hotspot/src/share/vm/prims/jni.cpp, line 709]
Event: 4.742 Thread 0x00007f48103cb800 Exception <a 'java/io/FileNotFoundException'> (0x00000000d79fe0b8) thrown at [/HUDSON/workspace/8-2-build-linux-amd64/jdk8u91/6644/hotspot/src/share/vm/prims/jni.cpp, line 709]
Event: 4.966 Thread 0x00007f47804f3800 Exception <a 'java/lang/UnsupportedOperationException': > (0x00000000d6f85cb8) thrown at [/HUDSON/workspace/8-2-build-linux-amd64/jdk8u91/6644/hotspot/src/share/vm/prims/jni.cpp, line 735]
Event: 6.648 Thread 0x00007f48103cb800 Exception <a 'java/lang/ArrayIndexOutOfBoundsException'> (0x00000000d70e9cc8) thrown at [/HUDSON/workspace/8-2-build-linux-amd64/jdk8u91/6644/hotspot/src/share/vm/runtime/sharedRuntime.cpp, line 605]
Event: 6.648 Thread 0x00007f48103cb800 Exception <a 'java/lang/ArrayIndexOutOfBoundsException'> (0x00000000d70ebed8) thrown at [/HUDSON/workspace/8-2-build-linux-amd64/jdk8u91/6644/hotspot/src/share/vm/runtime/sharedRuntime.cpp, line 605]
Event: 6.718 Thread 0x00007f48103cb800 Exception <a 'java/lang/ArrayIndexOutOfBoundsException': 65> (0x00000000d7463950) thrown at [/HUDSON/workspace/8-2-build-linux-amd64/jdk8u91/6644/hotspot/src/share/vm/interpreter/interpreterRuntime.cpp, line 366]

Events (10 events):
Event: 6.984 Executing VM operation: ForceSafepoint done
Event: 7.021 loading class com/jfoenix/skins/JFXRadioButtonSkin$1
Event: 7.021 loading class com/jfoenix/skins/JFXRadioButtonSkin$1 done
Event: 7.022 Thread 0x00007f48103cb800 Uncommon trap: trap_request=0xffffff65 fr.pc=0x00007f48008996dc
Event: 7.022 Thread 0x00007f48103cb800 DEOPT PACKING pc=0x00007f48008996dc sp=0x00007f47dc1fc4c0
Event: 7.022 Thread 0x00007f48103cb800 DEOPT UNPACKING pc=0x00007f480037e229 sp=0x00007f47dc1fc438 mode 2
Event: 7.027 loading class com/sun/javafx/font/PrismFontUtils
Event: 7.027 loading class com/sun/javafx/font/PrismFontUtils done
Event: 7.027 loading class com/sun/javafx/tk/FontMetrics
Event: 7.027 loading class com/sun/javafx/tk/FontMetrics done


Dynamic libraries:
00400000-00401000 r-xp 00000000 08:0f 1573679                            /usr/lib/jvm/oracle_jdk8/jre/bin/java
00600000-00601000 rw-p 00000000 08:0f 1573679                            /usr/lib/jvm/oracle_jdk8/jre/bin/java
00d95000-00db6000 rw-p 00000000 00:00 0                                  [heap]
84800000-87880000 rw-p 00000000 00:00 0 
87880000-d6d80000 ---p 00000000 00:00 0 
d6d80000-d9680000 rw-p 00000000 00:00 0 
d9680000-100000000 ---p 00000000 00:00 0 
100000000-1003e0000 rw-p 00000000 00:00 0 
1003e0000-140000000 ---p 00000000 00:00 0 
7f4760000000-7f476002e000 rw-p 00000000 00:00 0 
7f476002e000-7f4764000000 ---p 00000000 00:00 0 
7f4768000000-7f4768021000 rw-p 00000000 00:00 0 
7f4768021000-7f476c000000 ---p 00000000 00:00 0 
7f476c000000-7f476c021000 rw-p 00000000 00:00 0 
7f476c021000-7f4770000000 ---p 00000000 00:00 0 
7f4770000000-7f4770021000 rw-p 00000000 00:00 0 
7f4770021000-7f4774000000 ---p 00000000 00:00 0 
7f4774000000-7f4774024000 rw-p 00000000 00:00 0 
7f4774024000-7f4778000000 ---p 00000000 00:00 0 
7f4778000000-7f4778021000 rw-p 00000000 00:00 0 
7f4778021000-7f477c000000 ---p 00000000 00:00 0 
7f477c000000-7f477c021000 rw-p 00000000 00:00 0 
7f477c021000-7f4780000000 ---p 00000000 00:00 0 
7f4780000000-7f4780989000 rw-p 00000000 00:00 0 
7f4780989000-7f4784000000 ---p 00000000 00:00 0 
7f4784000000-7f4784021000 rw-p 00000000 00:00 0 
7f4784021000-7f4788000000 ---p 00000000 00:00 0 
7f4788000000-7f4788022000 rw-p 00000000 00:00 0 
7f4788022000-7f478c000000 ---p 00000000 00:00 0 
7f478c000000-7f478c021000 rw-p 00000000 00:00 0 
7f478c021000-7f4790000000 ---p 00000000 00:00 0 
7f4790000000-7f4790021000 rw-p 00000000 00:00 0 
7f4790021000-7f4794000000 ---p 00000000 00:00 0 
7f4794000000-7f4794021000 rw-p 00000000 00:00 0 
7f4794021000-7f4798000000 ---p 00000000 00:00 0 
7f4798000000-7f4798021000 rw-p 00000000 00:00 0 
7f4798021000-7f479c000000 ---p 00000000 00:00 0 
7f479c000000-7f479defa000 rw-p 00000000 00:00 0 
7f479defa000-7f47a0000000 ---p 00000000 00:00 0 
7f47a0000000-7f47a066e000 rw-p 00000000 00:00 0 
7f47a066e000-7f47a4000000 ---p 00000000 00:00 0 
7f47a4000000-7f47a4021000 rw-p 00000000 00:00 0 
7f47a4021000-7f47a8000000 ---p 00000000 00:00 0 
7f47a8000000-7f47a850a000 rw-p 00000000 00:00 0 
7f47a850a000-7f47ac000000 ---p 00000000 00:00 0 
7f47ac000000-7f47ac4a5000 rw-p 00000000 00:00 0 
7f47ac4a5000-7f47b0000000 ---p 00000000 00:00 0 
7f47b0000000-7f47b0021000 rw-p 00000000 00:00 0 
7f47b0021000-7f47b4000000 ---p 00000000 00:00 0 
7f47b4000000-7f47b4696000 rw-p 00000000 00:00 0 
7f47b4696000-7f47b8000000 ---p 00000000 00:00 0 
7f47b8000000-7f47b8021000 rw-p 00000000 00:00 0 
7f47b8021000-7f47bc000000 ---p 00000000 00:00 0 
7f47bc000000-7f47bc021000 rw-p 00000000 00:00 0 
7f47bc021000-7f47c0000000 ---p 00000000 00:00 0 
7f47c0000000-7f47c0021000 rw-p 00000000 00:00 0 
7f47c0021000-7f47c4000000 ---p 00000000 00:00 0 
7f47c4000000-7f47c4022000 rw-p 00000000 00:00 0 
7f47c4022000-7f47c8000000 ---p 00000000 00:00 0 
7f47c8000000-7f47c8021000 rw-p 00000000 00:00 0 
7f47c8021000-7f47cc000000 ---p 00000000 00:00 0 
7f47ce998000-7f47ce9d8000 rw-p 00000000 00:00 0 
7f47ce9d8000-7f47ceb98000 ---p 00000000 00:00 0 
7f47ceb98000-7f47ced98000 rw-p 00000000 00:00 0 
7f47ced98000-7f47ced9b000 ---p 00000000 00:00 0 
7f47ced9b000-7f47cee99000 rw-p 00000000 00:00 0 
7f47cee99000-7f47cee9c000 ---p 00000000 00:00 0 
7f47cee9c000-7f47cef9a000 rw-p 00000000 00:00 0 
7f47cef9a000-7f47cf003000 r-xp 00000000 08:0f 1587707                    /usr/lib/jvm/oracle_jdk8/jre/lib/amd64/libt2k.so
7f47cf003000-7f47cf203000 ---p 00069000 08:0f 1587707                    /usr/lib/jvm/oracle_jdk8/jre/lib/amd64/libt2k.so
7f47cf203000-7f47cf20a000 rw-p 00069000 08:0f 1587707                    /usr/lib/jvm/oracle_jdk8/jre/lib/amd64/libt2k.so
7f47cf20a000-7f47cf21a000 rw-p 00000000 00:00 0 
7f47cf21a000-7f47cf22b000 r-xp 00000000 08:0f 1587741                    /usr/lib/jvm/oracle_jdk8/jre/lib/amd64/libnio.so
7f47cf22b000-7f47cf42a000 ---p 00011000 08:0f 1587741                    /usr/lib/jvm/oracle_jdk8/jre/lib/amd64/libnio.so
7f47cf42a000-7f47cf42b000 rw-p 00010000 08:0f 1587741                    /usr/lib/jvm/oracle_jdk8/jre/lib/amd64/libnio.so
7f47cf42b000-7f47cf62b000 rw-p 00000000 00:00 0 
7f47cf62b000-7f47cf62e000 ---p 00000000 00:00 0 
7f47cf62e000-7f47cf72c000 rw-p 00000000 00:00 0 
7f47cf72c000-7f47cf72f000 ---p 00000000 00:00 0 
7f47cf72f000-7f47cf82d000 rw-p 00000000 00:00 0 
7f47cf82d000-7f47cf830000 ---p 00000000 00:00 0 
7f47cf830000-7f47cf92e000 rw-p 00000000 00:00 0 
7f47cf92e000-7f47cf993000 r-xp 00000000 08:0f 1587720                    /usr/lib/jvm/oracle_jdk8/jre/lib/amd64/libfontmanager.so
7f47cf993000-7f47cfb92000 ---p 00065000 08:0f 1587720                    /usr/lib/jvm/oracle_jdk8/jre/lib/amd64/libfontmanager.so
7f47cfb92000-7f47cfb97000 rw-p 00064000 08:0f 1587720                    /usr/lib/jvm/oracle_jdk8/jre/lib/amd64/libfontmanager.so
7f47cfb97000-7f47cfda7000 rw-p 00000000 00:00 0 
7f47cfda7000-7f47cfdfb000 r-xp 00000000 08:0f 1587745                    /usr/lib/jvm/oracle_jdk8/jre/lib/amd64/libawt_xawt.so
7f47cfdfb000-7f47cfffb000 ---p 00054000 08:0f 1587745                    /usr/lib/jvm/oracle_jdk8/jre/lib/amd64/libawt_xawt.so
7f47cfffb000-7f47cffff000 rw-p 00054000 08:0f 1587745                    /usr/lib/jvm/oracle_jdk8/jre/lib/amd64/libawt_xawt.so
7f47cffff000-7f47d0000000 rw-p 00000000 00:00 0 
7f47d0000000-7f47d0021000 rw-p 00000000 00:00 0 
7f47d0021000-7f47d4000000 ---p 00000000 00:00 0 
7f47d4027000-7f47d40c9000 r-xp 00000000 08:0f 1587731                    /usr/lib/jvm/oracle_jdk8/jre/lib/amd64/libawt.so
7f47d40c9000-7f47d42c9000 ---p 000a2000 08:0f 1587731                    /usr/lib/jvm/oracle_jdk8/jre/lib/amd64/libawt.so
7f47d42c9000-7f47d42d5000 rw-p 000a2000 08:0f 1587731                    /usr/lib/jvm/oracle_jdk8/jre/lib/amd64/libawt.so
7f47d42d5000-7f47d42f9000 rw-p 00000000 00:00 0 
7f47d42f9000-7f47d4315000 rw-s 00000000 00:05 1229694                    /drm mm object (deleted)
7f47d4315000-7f47d44d5000 rw-s 107d7d000 00:06 349                       /dev/dri/card0
7f47d44d5000-7f47d4ad5000 rw-s 00000000 00:05 1229692                    /drm mm object (deleted)
7f47d4ad5000-7f47d4c95000 rw-s 00000000 00:05 1229687                    /drm mm object (deleted)
7f47d4c95000-7f47d4ca5000 rw-s 00000000 00:05 1229691                    /drm mm object (deleted)
7f47d4ca5000-7f47d4cb5000 rw-s 00000000 00:05 1229689                    /drm mm object (deleted)
7f47d4cb5000-7f47d4cc1000 rw-s 00000000 00:05 1233059                    /drm mm object (deleted)
7f47d4cc1000-7f47d4ec1000 rw-p 00000000 00:00 0 
7f47d4ec1000-7f47d4ed4000 r--s 00344000 08:0f 1587685                    /usr/lib/jvm/oracle_jdk8/jre/lib/resources.jar
7f47d4ed4000-7f47d4f81000 r--p 00000000 08:0f 2225679                    /usr/share/fonts/truetype/dejavu/DejaVuSans-Bold.ttf
7f47d4f81000-7f47d4f84000 ---p 00000000 00:00 0 
7f47d4f84000-7f47d5082000 rw-p 00000000 00:00 0 
7f47d5082000-7f47d513b000 r--p 00000000 08:0f 2225680                    /usr/share/fonts/truetype/dejavu/DejaVuSans.ttf
7f47d513b000-7f47d5190000 r--p 00000000 08:0f 1713185                    /usr/lib/jvm/oracle_jdk8/jre/lib/fonts/LucidaBrightRegular.ttf
7f47d5190000-7f47d51ca000 r--p 00000000 08:0f 1713190                    /usr/lib/jvm/oracle_jdk8/jre/lib/fonts/LucidaTypewriterBold.ttf
7f47d51ca000-7f47d5218000 r--p 00000000 08:0f 1713186                    /usr/lib/jvm/oracle_jdk8/jre/lib/fonts/LucidaSansDemiBold.ttf
7f47d5218000-7f47d52c3000 r--p 00000000 08:0f 1713184                    /usr/lib/jvm/oracle_jdk8/jre/lib/fonts/LucidaSansRegular.ttf
7f47d52c3000-7f47d52c7000 r-xp 00000000 08:0f 1587696                    /usr/lib/jvm/oracle_jdk8/jre/lib/amd64/libjavafx_font_pango.so
7f47d52c7000-7f47d54c6000 ---p 00004000 08:0f 1587696                    /usr/lib/jvm/oracle_jdk8/jre/lib/amd64/libjavafx_font_pango.so
7f47d54c6000-7f47d54c7000 rw-p 00003000 08:0f 1587696                    /usr/lib/jvm/oracle_jdk8/jre/lib/amd64/libjavafx_font_pango.so
7f47d54c7000-7f47d56c7000 rw-p 00000000 00:00 0 
7f47d56c7000-7f47d58c7000 rw-p 00000000 00:00 0 
7f47d58c7000-7f47d58dd000 r-xp 00000000 08:0f 1587738                    /usr/lib/jvm/oracle_jdk8/jre/lib/amd64/libnet.so
7f47d58dd000-7f47d5add000 ---p 00016000 08:0f 1587738                    /usr/lib/jvm/oracle_jdk8/jre/lib/amd64/libnet.so
7f47d5add000-7f47d5ade000 rw-p 00016000 08:0f 1587738                    /usr/lib/jvm/oracle_jdk8/jre/lib/amd64/libnet.so
7f47d5ade000-7f47d5ae1000 ---p 00000000 00:00 0 
7f47d5ae1000-7f47d5ddf000 rw-p 00000000 00:00 0 
7f47d5ddf000-7f47d5de4000 r-xp 00000000 08:0f 1587699                    /usr/lib/jvm/oracle_jdk8/jre/lib/amd64/libjavafx_font_freetype.so
7f47d5de4000-7f47d5fe3000 ---p 00005000 08:0f 1587699                    /usr/lib/jvm/oracle_jdk8/jre/lib/amd64/libjavafx_font_freetype.so
7f47d5fe3000-7f47d5fe4000 rw-p 00004000 08:0f 1587699                    /usr/lib/jvm/oracle_jdk8/jre/lib/amd64/libjavafx_font_freetype.so
7f47d5fe4000-7f47d5fe7000 r-xp 00000000 08:0f 1587739                    /usr/lib/jvm/oracle_jdk8/jre/lib/amd64/libjavafx_font.so
7f47d5fe7000-7f47d61e6000 ---p 00003000 08:0f 1587739                    /usr/lib/jvm/oracle_jdk8/jre/lib/amd64/libjavafx_font.so
7f47d61e6000-7f47d61e7000 rw-p 00002000 08:0f 1587739                    /usr/lib/jvm/oracle_jdk8/jre/lib/amd64/libjavafx_font.so
7f47d61e7000-7f47d63e7000 rw-p 00000000 00:00 0 
7f47d63e7000-7f47d63e8000 ---p 00000000 00:00 0 
7f47d63e8000-7f47d6be8000 rw-p 00000000 00:00 0 
7f47d6be8000-7f47d6be9000 ---p 00000000 00:00 0 
7f47d6be9000-7f47d73e9000 rw-p 00000000 00:00 0 
7f47d73e9000-7f47d73ea000 ---p 00000000 00:00 0 
7f47d73ea000-7f47d7bea000 rw-p 00000000 00:00 0 
7f47d7bea000-7f47d7bf6000 r-xp 00000000 08:0f 1572888                    /usr/lib/x86_64-linux-gnu/gio/modules/libdconfsettings.so
7f47d7bf6000-7f47d7df5000 ---p 0000c000 08:0f 1572888                    /usr/lib/x86_64-linux-gnu/gio/modules/libdconfsettings.so
7f47d7df5000-7f47d7df6000 r--p 0000b000 08:0f 1572888                    /usr/lib/x86_64-linux-gnu/gio/modules/libdconfsettings.so
7f47d7df6000-7f47d7df7000 rw-p 0000c000 08:0f 1572888                    /usr/lib/x86_64-linux-gnu/gio/modules/libdconfsettings.so
7f47d7df7000-7f47d7dfe000 r-xp 00000000 08:0f 1318849                    /usr/lib/x86_64-linux-gnu/libogg.so.0.8.2
7f47d7dfe000-7f47d7ffe000 ---p 00007000 08:0f 1318849                    /usr/lib/x86_64-linux-gnu/libogg.so.0.8.2
7f47d7ffe000-7f47d7fff000 r--p 00007000 08:0f 1318849                    /usr/lib/x86_64-linux-gnu/libogg.so.0.8.2
7f47d7fff000-7f47d8000000 rw-p 00008000 08:0f 1318849                    /usr/lib/x86_64-linux-gnu/libogg.so.0.8.2
7f47d8000000-7f47d8021000 rw-p 00000000 00:00 0 
7f47d8021000-7f47dc000000 ---p 00000000 00:00 0 
7f47dc000000-7f47dc003000 ---p 00000000 00:00 0 
7f47dc003000-7f47dc101000 rw-p 00000000 00:00 0 
7f47dc101000-7f47dc104000 ---p 00000000 00:00 0 
7f47dc104000-7f47dc202000 rw-p 00000000 00:00 0 
7f47dc202000-7f47dc22c000 r-xp 00000000 08:0f 1319282                    /usr/lib/x86_64-linux-gnu/libvorbis.so.0.4.8
7f47dc22c000-7f47dc42c000 ---p 0002a000 08:0f 1319282                    /usr/lib/x86_64-linux-gnu/libvorbis.so.0.4.8
7f47dc42c000-7f47dc42d000 r--p 0002a000 08:0f 1319282                    /usr/lib/x86_64-linux-gnu/libvorbis.so.0.4.8
7f47dc42d000-7f47dc42e000 rw-p 0002b000 08:0f 1319282                    /usr/lib/x86_64-linux-gnu/libvorbis.so.0.4.8
7f47dc42e000-7f47dc436000 r-xp 00000000 08:0f 1318693                    /usr/lib/x86_64-linux-gnu/libltdl.so.7.3.1
7f47dc436000-7f47dc636000 ---p 00008000 08:0f 1318693                    /usr/lib/x86_64-linux-gnu/libltdl.so.7.3.1
7f47dc636000-7f47dc637000 r--p 00008000 08:0f 1318693                    /usr/lib/x86_64-linux-gnu/libltdl.so.7.3.1
7f47dc637000-7f47dc638000 rw-p 00009000 08:0f 1318693                    /usr/lib/x86_64-linux-gnu/libltdl.so.7.3.1
7f47dc638000-7f47dc64c000 r-xp 00000000 08:0f 1319115                    /usr/lib/x86_64-linux-gnu/libtdb.so.1.3.9
7f47dc64c000-7f47dc84b000 ---p 00014000 08:0f 1319115                    /usr/lib/x86_64-linux-gnu/libtdb.so.1.3.9
7f47dc84b000-7f47dc84c000 r--p 00013000 08:0f 1319115                    /usr/lib/x86_64-linux-gnu/libtdb.so.1.3.9
7f47dc84c000-7f47dc84d000 rw-p 00014000 08:0f 1319115                    /usr/lib/x86_64-linux-gnu/libtdb.so.1.3.9
7f47dc84d000-7f47dc854000 r-xp 00000000 08:0f 1319286                    /usr/lib/x86_64-linux-gnu/libvorbisfile.so.3.3.7
7f47dc854000-7f47dca54000 ---p 00007000 08:0f 1319286                    /usr/lib/x86_64-linux-gnu/libvorbisfile.so.3.3.7
7f47dca54000-7f47dca55000 r--p 00007000 08:0f 1319286                    /usr/lib/x86_64-linux-gnu/libvorbisfile.so.3.3.7
7f47dca55000-7f47dca56000 rw-p 00008000 08:0f 1319286                    /usr/lib/x86_64-linux-gnu/libvorbisfile.so.3.3.7
7f47dca56000-7f47dca66000 r-xp 00000000 08:0f 1318049                    /usr/lib/x86_64-linux-gnu/libcanberra.so.0.2.5
7f47dca66000-7f47dcc66000 ---p 00010000 08:0f 1318049                    /usr/lib/x86_64-linux-gnu/libcanberra.so.0.2.5
7f47dcc66000-7f47dcc67000 r--p 00010000 08:0f 1318049                    /usr/lib/x86_64-linux-gnu/libcanberra.so.0.2.5
7f47dcc67000-7f47dcc68000 rw-p 00011000 08:0f 1318049                    /usr/lib/x86_64-linux-gnu/libcanberra.so.0.2.5
7f47dcc68000-7f47dcc6c000 r-xp 00000000 08:0f 1318045                    /usr/lib/x86_64-linux-gnu/libcanberra-gtk.so.0.1.9
7f47dcc6c000-7f47dce6b000 ---p 00004000 08:0f 1318045                    /usr/lib/x86_64-linux-gnu/libcanberra-gtk.so.0.1.9
7f47dce6b000-7f47dce6c000 r--p 00003000 08:0f 1318045                    /usr/lib/x86_64-linux-gnu/libcanberra-gtk.so.0.1.9
7f47dce6c000-7f47dce6d000 rw-p 00004000 08:0f 1318045                    /usr/lib/x86_64-linux-gnu/libcanberra-gtk.so.0.1.9
7f47dce6d000-7f47dce72000 r-xp 00000000 08:0f 1573095                    /usr/lib/x86_64-linux-gnu/gtk-2.0/modules/libcanberra-gtk-module.so
7f47dce72000-7f47dd071000 ---p 00005000 08:0f 1573095                    /usr/lib/x86_64-linux-gnu/gtk-2.0/modules/libcanberra-gtk-module.so
7f47dd071000-7f47dd072000 r--p 00004000 08:0f 1573095                    /usr/lib/x86_64-linux-gnu/gtk-2.0/modules/libcanberra-gtk-module.so
7f47dd072000-7f47dd073000 rw-p 00005000 08:0f 1573095                    /usr/lib/x86_64-linux-gnu/gtk-2.0/modules/libcanberra-gtk-module.so
7f47dd073000-7f47dd0a3000 r-xp 00000000 08:0f 1573077                    /usr/lib/x86_64-linux-gnu/gtk-2.0/2.10.0/engines/libmurrine.so
7f47dd0a3000-7f47dd2a3000 ---p 00030000 08:0f 1573077                    /usr/lib/x86_64-linux-gnu/gtk-2.0/2.10.0/engines/libmurrine.so
7f47dd2a3000-7f47dd2a4000 r--p 00030000 08:0f 1573077                    /usr/lib/x86_64-linux-gnu/gtk-2.0/2.10.0/engines/libmurrine.so
7f47dd2a4000-7f47dd2a5000 rw-p 00031000 08:0f 1573077                    /usr/lib/x86_64-linux-gnu/gtk-2.0/2.10.0/engines/libmurrine.so
7f47dd2a5000-7f47dd2b6000 r-xp 00000000 08:0f 1587590                    /usr/lib/x86_64-linux-gnu/gtk-2.0/modules/liboverlay-scrollbar.so
7f47dd2b6000-7f47dd4b6000 ---p 00011000 08:0f 1587590                    /usr/lib/x86_64-linux-gnu/gtk-2.0/modules/liboverlay-scrollbar.so
7f47dd4b6000-7f47dd4b7000 r--p 00011000 08:0f 1587590                    /usr/lib/x86_64-linux-gnu/gtk-2.0/modules/liboverlay-scrollbar.so
7f47dd4b7000-7f47dd4b8000 rw-p 00012000 08:0f 1587590                    /usr/lib/x86_64-linux-gnu/gtk-2.0/modules/liboverlay-scrollbar.so
7f47dd4b8000-7f47dd4e1000 r-xp 00000000 08:0f 1587715                    /usr/lib/jvm/oracle_jdk8/jre/lib/amd64/libglass.so
7f47dd4e1000-7f47dd6e0000 ---p 00029000 08:0f 1587715                    /usr/lib/jvm/oracle_jdk8/jre/lib/amd64/libglass.so
7f47dd6e0000-7f47dd6e3000 rw-p 00028000 08:0f 1587715                    /usr/lib/jvm/oracle_jdk8/jre/lib/amd64/libglass.so
7f47dd6e3000-7f47dd71a000 r-xp 00000000 08:0f 1319162                    /usr/lib/x86_64-linux-gnu/libtxc_dxtn_s2tc.so.0.0.0
7f47dd71a000-7f47dd919000 ---p 00037000 08:0f 1319162                    /usr/lib/x86_64-linux-gnu/libtxc_dxtn_s2tc.so.0.0.0
7f47dd919000-7f47dd91a000 r--p 00036000 08:0f 1319162                    /usr/lib/x86_64-linux-gnu/libtxc_dxtn_s2tc.so.0.0.0
7f47dd91a000-7f47dd91b000 rw-p 00037000 08:0f 1319162                    /usr/lib/x86_64-linux-gnu/libtxc_dxtn_s2tc.so.0.0.0
7f47dd91b000-7f47dd923000 r-xp 00000000 08:0f 1318896                    /usr/lib/x86_64-linux-gnu/libpciaccess.so.0.11.1
7f47dd923000-7f47ddb23000 ---p 00008000 08:0f 1318896                    /usr/lib/x86_64-linux-gnu/libpciaccess.so.0.11.1
7f47ddb23000-7f47ddb24000 r--p 00008000 08:0f 1318896                    /usr/lib/x86_64-linux-gnu/libpciaccess.so.0.11.1
7f47ddb24000-7f47ddb25000 rw-p 00009000 08:0f 1318896                    /usr/lib/x86_64-linux-gnu/libpciaccess.so.0.11.1
7f47ddb25000-7f47ddb37000 r-xp 00000000 08:0f 528094                     /lib/x86_64-linux-gnu/libgpg-error.so.0.19.1
7f47ddb37000-7f47ddd37000 ---p 00012000 08:0f 528094                     /lib/x86_64-linux-gnu/libgpg-error.so.0.19.1
7f47ddd37000-7f47ddd38000 r--p 00012000 08:0f 528094                     /lib/x86_64-linux-gnu/libgpg-error.so.0.19.1
7f47ddd38000-7f47ddd39000 rw-p 00013000 08:0f 528094                     /lib/x86_64-linux-gnu/libgpg-error.so.0.19.1
7f47ddd39000-7f47ddd44000 r-xp 00000000 08:0f 1318198                    /usr/lib/x86_64-linux-gnu/libdrm_radeon.so.1.0.1
7f47ddd44000-7f47ddf43000 ---p 0000b000 08:0f 1318198                    /usr/lib/x86_64-linux-gnu/libdrm_radeon.so.1.0.1
7f47ddf43000-7f47ddf44000 r--p 0000a000 08:0f 1318198                    /usr/lib/x86_64-linux-gnu/libdrm_radeon.so.1.0.1
7f47ddf44000-7f47ddf45000 rw-p 0000b000 08:0f 1318198                    /usr/lib/x86_64-linux-gnu/libdrm_radeon.so.1.0.1
7f47ddf45000-7f47ddf4c000 r-xp 00000000 08:0f 1318196                    /usr/lib/x86_64-linux-gnu/libdrm_nouveau.so.2.0.0
7f47ddf4c000-7f47de14b000 ---p 00007000 08:0f 1318196                    /usr/lib/x86_64-linux-gnu/libdrm_nouveau.so.2.0.0
7f47de14b000-7f47de14c000 r--p 00006000 08:0f 1318196                    /usr/lib/x86_64-linux-gnu/libdrm_nouveau.so.2.0.0
7f47de14c000-7f47de14d000 rw-p 00007000 08:0f 1318196                    /usr/lib/x86_64-linux-gnu/libdrm_nouveau.so.2.0.0
7f47de14d000-7f47de16d000 r-xp 00000000 08:0f 1318194                    /usr/lib/x86_64-linux-gnu/libdrm_intel.so.1.0.0
7f47de16d000-7f47de36c000 ---p 00020000 08:0f 1318194                    /usr/lib/x86_64-linux-gnu/libdrm_intel.so.1.0.0
7f47de36c000-7f47de36d000 r--p 0001f000 08:0f 1318194                    /usr/lib/x86_64-linux-gnu/libdrm_intel.so.1.0.0
7f47de36d000-7f47de36e000 rw-p 00020000 08:0f 1318194                    /usr/lib/x86_64-linux-gnu/libdrm_intel.so.1.0.0
7f47de36e000-7f47de475000 r-xp 00000000 08:0f 528090                     /lib/x86_64-linux-gnu/libgcrypt.so.20.1.2
7f47de475000-7f47de674000 ---p 00107000 08:0f 528090                     /lib/x86_64-linux-gnu/libgcrypt.so.20.1.2
7f47de674000-7f47de676000 r--p 00106000 08:0f 528090                     /lib/x86_64-linux-gnu/libgcrypt.so.20.1.2
7f47de676000-7f47de67d000 rw-p 00108000 08:0f 528090                     /lib/x86_64-linux-gnu/libgcrypt.so.20.1.2
7f47de67d000-7f47ded20000 r-xp 00000000 08:0f 1571962                    /usr/lib/x86_64-linux-gnu/dri/i965_dri.so
7f47ded20000-7f47def1f000 ---p 006a3000 08:0f 1571962                    /usr/lib/x86_64-linux-gnu/dri/i965_dri.so
7f47def1f000-7f47def5e000 r--p 006a2000 08:0f 1571962                    /usr/lib/x86_64-linux-gnu/dri/i965_dri.so
7f47def5e000-7f47def66000 rw-p 006e1000 08:0f 1571962                    /usr/lib/x86_64-linux-gnu/dri/i965_dri.so
7f47def66000-7f47def6e000 rw-p 00000000 00:00 0 
7f47def6e000-7f47def72000 r-xp 00000000 08:0f 527948                     /lib/x86_64-linux-gnu/libuuid.so.1.3.0
7f47def72000-7f47df171000 ---p 00004000 08:0f 527948                     /lib/x86_64-linux-gnu/libuuid.so.1.3.0
7f47df171000-7f47df172000 r--p 00003000 08:0f 527948                     /lib/x86_64-linux-gnu/libuuid.so.1.3.0
7f47df172000-7f47df173000 rw-p 00004000 08:0f 527948                     /lib/x86_64-linux-gnu/libuuid.so.1.3.0
7f47df173000-7f47df179000 r-xp 00000000 08:0f 1318139                    /usr/lib/x86_64-linux-gnu/libdatrie.so.1.3.3
7f47df179000-7f47df379000 ---p 00006000 08:0f 1318139                    /usr/lib/x86_64-linux-gnu/libdatrie.so.1.3.3
7f47df379000-7f47df37a000 r--p 00006000 08:0f 1318139                    /usr/lib/x86_64-linux-gnu/libdatrie.so.1.3.3
7f47df37a000-7f47df37b000 rw-p 00007000 08:0f 1318139                    /usr/lib/x86_64-linux-gnu/libdatrie.so.1.3.3
7f47df37b000-7f47df380000 r-xp 00000000 08:0f 1317884                    /usr/lib/x86_64-linux-gnu/libXdmcp.so.6.0.0
7f47df380000-7f47df57f000 ---p 00005000 08:0f 1317884                    /usr/lib/x86_64-linux-gnu/libXdmcp.so.6.0.0
7f47df57f000-7f47df580000 r--p 00004000 08:0f 1317884                    /usr/lib/x86_64-linux-gnu/libXdmcp.so.6.0.0
7f47df580000-7f47df581000 rw-p 00005000 08:0f 1317884                    /usr/lib/x86_64-linux-gnu/libXdmcp.so.6.0.0
7f47df581000-7f47df583000 r-xp 00000000 08:0f 1317873                    /usr/lib/x86_64-linux-gnu/libXau.so.6.0.0
7f47df583000-7f47df783000 ---p 00002000 08:0f 1317873                    /usr/lib/x86_64-linux-gnu/libXau.so.6.0.0
7f47df783000-7f47df784000 r--p 00002000 08:0f 1317873                    /usr/lib/x86_64-linux-gnu/libXau.so.6.0.0
7f47df784000-7f47df785000 rw-p 00003000 08:0f 1317873                    /usr/lib/x86_64-linux-gnu/libXau.so.6.0.0
7f47df785000-7f47df7a8000 r-xp 00000000 08:0f 1318451                    /usr/lib/x86_64-linux-gnu/libgraphite2.so.3.0.1
7f47df7a8000-7f47df9a7000 ---p 00023000 08:0f 1318451                    /usr/lib/x86_64-linux-gnu/libgraphite2.so.3.0.1
7f47df9a7000-7f47df9a9000 r--p 00022000 08:0f 1318451                    /usr/lib/x86_64-linux-gnu/libgraphite2.so.3.0.1
7f47df9a9000-7f47df9aa000 rw-p 00024000 08:0f 1318451                    /usr/lib/x86_64-linux-gnu/libgraphite2.so.3.0.1
7f47df9aa000-7f47df9e7000 r-xp 00000000 08:0f 527950                     /lib/x86_64-linux-gnu/libblkid.so.1.1.0
7f47df9e7000-7f47dfbe6000 ---p 0003d000 08:0f 527950                     /lib/x86_64-linux-gnu/libblkid.so.1.1.0
7f47dfbe6000-7f47dfbea000 r--p 0003c000 08:0f 527950                     /lib/x86_64-linux-gnu/libblkid.so.1.1.0
7f47dfbea000-7f47dfbeb000 rw-p 00040000 08:0f 527950                     /lib/x86_64-linux-gnu/libblkid.so.1.1.0
7f47dfbeb000-7f47dfbec000 rw-p 00000000 00:00 0 
7f47dfbec000-7f47dfbfa000 r-xp 00000000 08:0f 1318190                    /usr/lib/x86_64-linux-gnu/libdrm.so.2.4.0
7f47dfbfa000-7f47dfdf9000 ---p 0000e000 08:0f 1318190                    /usr/lib/x86_64-linux-gnu/libdrm.so.2.4.0
7f47dfdf9000-7f47dfdfa000 r--p 0000d000 08:0f 1318190                    /usr/lib/x86_64-linux-gnu/libdrm.so.2.4.0
7f47dfdfa000-7f47dfdfb000 rw-p 0000e000 08:0f 1318190                    /usr/lib/x86_64-linux-gnu/libdrm.so.2.4.0
7f47dfdfb000-7f47dfdff000 r-xp 00000000 08:0f 1319373                    /usr/lib/x86_64-linux-gnu/libxcb-dri2.so.0.0.0
7f47dfdff000-7f47dfffe000 ---p 00004000 08:0f 1319373                    /usr/lib/x86_64-linux-gnu/libxcb-dri2.so.0.0.0
7f47dfffe000-7f47dffff000 r--p 00003000 08:0f 1319373                    /usr/lib/x86_64-linux-gnu/libxcb-dri2.so.0.0.0
7f47dffff000-7f47e0000000 rw-p 00004000 08:0f 1319373                    /usr/lib/x86_64-linux-gnu/libxcb-dri2.so.0.0.0
7f47e0000000-7f47e0021000 rw-p 00000000 00:00 0 
7f47e0021000-7f47e4000000 ---p 00000000 00:00 0 
7f47e4006000-7f47e4019000 r--p 00000000 08:0f 1713188                    /usr/lib/jvm/oracle_jdk8/jre/lib/fonts/LucidaBrightDemiItalic.ttf
7f47e4019000-7f47e402d000 r--p 00000000 08:0f 1713183                    /usr/lib/jvm/oracle_jdk8/jre/lib/fonts/LucidaBrightItalic.ttf
7f47e402d000-7f47e4040000 r--p 00000000 08:0f 1713191                    /usr/lib/jvm/oracle_jdk8/jre/lib/fonts/LucidaBrightDemiBold.ttf
7f47e4040000-7f47e407c000 r--p 00000000 08:0f 1713189                    /usr/lib/jvm/oracle_jdk8/jre/lib/fonts/LucidaTypewriterRegular.ttf
7f47e407c000-7f47e4093000 r-xp 00000000 08:0f 1319377                    /usr/lib/x86_64-linux-gnu/libxcb-glx.so.0.0.0
7f47e4093000-7f47e4292000 ---p 00017000 08:0f 1319377                    /usr/lib/x86_64-linux-gnu/libxcb-glx.so.0.0.0
7f47e4292000-7f47e4294000 r--p 00016000 08:0f 1319377                    /usr/lib/x86_64-linux-gnu/libxcb-glx.so.0.0.0
7f47e4294000-7f47e4295000 rw-p 00018000 08:0f 1319377                    /usr/lib/x86_64-linux-gnu/libxcb-glx.so.0.0.0
7f47e4295000-7f47e4296000 r-xp 00000000 08:0f 1317867                    /usr/lib/x86_64-linux-gnu/libX11-xcb.so.1.0.0
7f47e4296000-7f47e4495000 ---p 00001000 08:0f 1317867                    /usr/lib/x86_64-linux-gnu/libX11-xcb.so.1.0.0
7f47e4495000-7f47e4496000 r--p 00000000 08:0f 1317867                    /usr/lib/x86_64-linux-gnu/libX11-xcb.so.1.0.0
7f47e4496000-7f47e4497000 rw-p 00001000 08:0f 1317867                    /usr/lib/x86_64-linux-gnu/libX11-xcb.so.1.0.0
7f47e4497000-7f47e44c0000 r-xp 00000000 08:0f 1332500                    /usr/lib/x86_64-linux-gnu/libglapi.so.0.0.0
7f47e44c0000-7f47e46bf000 ---p 00029000 08:0f 1332500                    /usr/lib/x86_64-linux-gnu/libglapi.so.0.0.0
7f47e46bf000-7f47e46c3000 r--p 00028000 08:0f 1332500                    /usr/lib/x86_64-linux-gnu/libglapi.so.0.0.0
7f47e46c3000-7f47e46c4000 rw-p 0002c000 08:0f 1332500                    /usr/lib/x86_64-linux-gnu/libglapi.so.0.0.0
7f47e46c4000-7f47e46c5000 rw-p 00000000 00:00 0 
7f47e46c5000-7f47e46c6000 r-xp 00000000 08:0f 1319419                    /usr/lib/x86_64-linux-gnu/libxshmfence.so.1.0.0
7f47e46c6000-7f47e48c6000 ---p 00001000 08:0f 1319419                    /usr/lib/x86_64-linux-gnu/libxshmfence.so.1.0.0
7f47e48c6000-7f47e48c7000 r--p 00001000 08:0f 1319419                    /usr/lib/x86_64-linux-gnu/libxshmfence.so.1.0.0
7f47e48c7000-7f47e48c8000 rw-p 00002000 08:0f 1319419                    /usr/lib/x86_64-linux-gnu/libxshmfence.so.1.0.0
7f47e48c8000-7f47e48cd000 r-xp 00000000 08:0f 1319397                    /usr/lib/x86_64-linux-gnu/libxcb-sync.so.1.0.0
7f47e48cd000-7f47e4acd000 ---p 00005000 08:0f 1319397                    /usr/lib/x86_64-linux-gnu/libxcb-sync.so.1.0.0
7f47e4acd000-7f47e4ace000 r--p 00005000 08:0f 1319397                    /usr/lib/x86_64-linux-gnu/libxcb-sync.so.1.0.0
7f47e4ace000-7f47e4acf000 rw-p 00006000 08:0f 1319397                    /usr/lib/x86_64-linux-gnu/libxcb-sync.so.1.0.0
7f47e4acf000-7f47e4ad1000 r-xp 00000000 08:0f 1319385                    /usr/lib/x86_64-linux-gnu/libxcb-present.so.0.0.0
7f47e4ad1000-7f47e4cd0000 ---p 00002000 08:0f 1319385                    /usr/lib/x86_64-linux-gnu/libxcb-present.so.0.0.0
7f47e4cd0000-7f47e4cd1000 r--p 00001000 08:0f 1319385                    /usr/lib/x86_64-linux-gnu/libxcb-present.so.0.0.0
7f47e4cd1000-7f47e4cd2000 rw-p 00002000 08:0f 1319385                    /usr/lib/x86_64-linux-gnu/libxcb-present.so.0.0.0
7f47e4cd2000-7f47e4cd4000 r-xp 00000000 08:0f 1319375                    /usr/lib/x86_64-linux-gnu/libxcb-dri3.so.0.0.0
7f47e4cd4000-7f47e4ed3000 ---p 00002000 08:0f 1319375                    /usr/lib/x86_64-linux-gnu/libxcb-dri3.so.0.0.0
7f47e4ed3000-7f47e4ed4000 r--p 00001000 08:0f 1319375                    /usr/lib/x86_64-linux-gnu/libxcb-dri3.so.0.0.0
7f47e4ed4000-7f47e4ed5000 rw-p 00002000 08:0f 1319375                    /usr/lib/x86_64-linux-gnu/libxcb-dri3.so.0.0.0
7f47e4ed5000-7f47e4f47000 r-xp 00000000 08:0f 528176                     /lib/x86_64-linux-gnu/libpcre.so.3.13.3
7f47e4f47000-7f47e5146000 ---p 00072000 08:0f 528176                     /lib/x86_64-linux-gnu/libpcre.so.3.13.3
7f47e5146000-7f47e5147000 r--p 00071000 08:0f 528176                     /lib/x86_64-linux-gnu/libpcre.so.3.13.3
7f47e5147000-7f47e5148000 rw-p 00072000 08:0f 528176                     /lib/x86_64-linux-gnu/libpcre.so.3.13.3
7f47e5148000-7f47e514f000 r-xp 00000000 08:0f 1318270                    /usr/lib/x86_64-linux-gnu/libffi.so.6.0.4
7f47e514f000-7f47e534e000 ---p 00007000 08:0f 1318270                    /usr/lib/x86_64-linux-gnu/libffi.so.6.0.4
7f47e534e000-7f47e534f000 r--p 00006000 08:0f 1318270                    /usr/lib/x86_64-linux-gnu/libffi.so.6.0.4
7f47e534f000-7f47e5350000 rw-p 00007000 08:0f 1318270                    /usr/lib/x86_64-linux-gnu/libffi.so.6.0.4
7f47e5350000-7f47e5377000 r-xp 00000000 08:0f 528081                     /lib/x86_64-linux-gnu/libexpat.so.1.6.2
7f47e5377000-7f47e5577000 ---p 00027000 08:0f 528081                     /lib/x86_64-linux-gnu/libexpat.so.1.6.2
7f47e5577000-7f47e5579000 r--p 00027000 08:0f 528081                     /lib/x86_64-linux-gnu/libexpat.so.1.6.2
7f47e5579000-7f47e557a000 rw-p 00029000 08:0f 528081                     /lib/x86_64-linux-gnu/libexpat.so.1.6.2
7f47e557a000-7f47e5582000 r-xp 00000000 08:0f 1319129                    /usr/lib/x86_64-linux-gnu/libthai.so.0.3.0
7f47e5582000-7f47e5781000 ---p 00008000 08:0f 1319129                    /usr/lib/x86_64-linux-gnu/libthai.so.0.3.0
7f47e5781000-7f47e5782000 r--p 00007000 08:0f 1319129                    /usr/lib/x86_64-linux-gnu/libthai.so.0.3.0
7f47e5782000-7f47e5783000 rw-p 00008000 08:0f 1319129                    /usr/lib/x86_64-linux-gnu/libthai.so.0.3.0
7f47e5783000-7f47e57a4000 r-xp 00000000 08:0f 1319407                    /usr/lib/x86_64-linux-gnu/libxcb.so.1.1.0
7f47e57a4000-7f47e59a3000 ---p 00021000 08:0f 1319407                    /usr/lib/x86_64-linux-gnu/libxcb.so.1.1.0
7f47e59a3000-7f47e59a4000 r--p 00020000 08:0f 1319407                    /usr/lib/x86_64-linux-gnu/libxcb.so.1.1.0
7f47e59a4000-7f47e59a5000 rw-p 00021000 08:0f 1319407                    /usr/lib/x86_64-linux-gnu/libxcb.so.1.1.0
7f47e59a5000-7f47e59ad000 r-xp 00000000 08:0f 1319391                    /usr/lib/x86_64-linux-gnu/libxcb-render.so.0.0.0
7f47e59ad000-7f47e5bad000 ---p 00008000 08:0f 1319391                    /usr/lib/x86_64-linux-gnu/libxcb-render.so.0.0.0
7f47e5bad000-7f47e5bae000 r--p 00008000 08:0f 1319391                    /usr/lib/x86_64-linux-gnu/libxcb-render.so.0.0.0
7f47e5bae000-7f47e5baf000 rw-p 00009000 08:0f 1319391                    /usr/lib/x86_64-linux-gnu/libxcb-render.so.0.0.0
7f47e5baf000-7f47e5bb1000 r-xp 00000000 08:0f 1319395                    /usr/lib/x86_64-linux-gnu/libxcb-shm.so.0.0.0
7f47e5bb1000-7f47e5db1000 ---p 00002000 08:0f 1319395                    /usr/lib/x86_64-linux-gnu/libxcb-shm.so.0.0.0
7f47e5db1000-7f47e5db2000 r--p 00002000 08:0f 1319395                    /usr/lib/x86_64-linux-gnu/libxcb-shm.so.0.0.0
7f47e5db2000-7f47e5db3000 rw-p 00003000 08:0f 1319395                    /usr/lib/x86_64-linux-gnu/libxcb-shm.so.0.0.0
7f47e5db3000-7f47e5de4000 r-xp 00000000 08:0f 1318920                    /usr/lib/x86_64-linux-gnu/libpng16.so.16.25.0
7f47e5de4000-7f47e5fe3000 ---p 00031000 08:0f 1318920                    /usr/lib/x86_64-linux-gnu/libpng16.so.16.25.0
7f47e5fe3000-7f47e5fe4000 r--p 00030000 08:0f 1318920                    /usr/lib/x86_64-linux-gnu/libpng16.so.16.25.0
7f47e5fe4000-7f47e5fe5000 rw-p 00031000 08:0f 1318920                    /usr/lib/x86_64-linux-gnu/libpng16.so.16.25.0
7f47e5fe5000-7f47e6084000 r-xp 00000000 08:0f 1318912                    /usr/lib/x86_64-linux-gnu/libpixman-1.so.0.33.6
7f47e6084000-7f47e6284000 ---p 0009f000 08:0f 1318912                    /usr/lib/x86_64-linux-gnu/libpixman-1.so.0.33.6
7f47e6284000-7f47e628c000 r--p 0009f000 08:0f 1318912                    /usr/lib/x86_64-linux-gnu/libpixman-1.so.0.33.6
7f47e628c000-7f47e628d000 rw-p 000a7000 08:0f 1318912                    /usr/lib/x86_64-linux-gnu/libpixman-1.so.0.33.6
7f47e628d000-7f47e630b000 r-xp 00000000 08:0f 1318541                    /usr/lib/x86_64-linux-gnu/libharfbuzz.so.0.10200.7
7f47e630b000-7f47e650b000 ---p 0007e000 08:0f 1318541                    /usr/lib/x86_64-linux-gnu/libharfbuzz.so.0.10200.7
7f47e650b000-7f47e650c000 r--p 0007e000 08:0f 1318541                    /usr/lib/x86_64-linux-gnu/libharfbuzz.so.0.10200.7
7f47e650c000-7f47e650d000 rw-p 0007f000 08:0f 1318541                    /usr/lib/x86_64-linux-gnu/libharfbuzz.so.0.10200.7
7f47e650d000-7f47e6553000 r-xp 00000000 08:0f 527943                     /lib/x86_64-linux-gnu/libmount.so.1.1.0
7f47e6553000-7f47e6752000 ---p 00046000 08:0f 527943                     /lib/x86_64-linux-gnu/libmount.so.1.1.0
7f47e6752000-7f47e6753000 r--p 00045000 08:0f 527943                     /lib/x86_64-linux-gnu/libmount.so.1.1.0
7f47e6753000-7f47e6754000 rw-p 00046000 08:0f 527943                     /lib/x86_64-linux-gnu/libmount.so.1.1.0
7f47e6754000-7f47e6755000 rw-p 00000000 00:00 0 
7f47e6755000-7f47e676c000 r-xp 00000000 08:0f 528272                     /lib/x86_64-linux-gnu/libresolv-2.24.so
7f47e676c000-7f47e696c000 ---p 00017000 08:0f 528272                     /lib/x86_64-linux-gnu/libresolv-2.24.so
7f47e696c000-7f47e696d000 r--p 00017000 08:0f 528272                     /lib/x86_64-linux-gnu/libresolv-2.24.so
7f47e696d000-7f47e696e000 rw-p 00018000 08:0f 528272                     /lib/x86_64-linux-gnu/libresolv-2.24.so
7f47e696e000-7f47e6970000 rw-p 00000000 00:00 0 
7f47e6970000-7f47e6993000 r-xp 00000000 08:0f 528203                     /lib/x86_64-linux-gnu/libselinux.so.1
7f47e6993000-7f47e6b92000 ---p 00023000 08:0f 528203                     /lib/x86_64-linux-gnu/libselinux.so.1
7f47e6b92000-7f47e6b93000 r--p 00022000 08:0f 528203                     /lib/x86_64-linux-gnu/libselinux.so.1
7f47e6b93000-7f47e6b94000 rw-p 00023000 08:0f 528203                     /lib/x86_64-linux-gnu/libselinux.so.1
7f47e6b94000-7f47e6b96000 rw-p 00000000 00:00 0 
7f47e6b96000-7f47e6baf000 r-xp 00000000 08:0f 528232                     /lib/x86_64-linux-gnu/libz.so.1.2.8
7f47e6baf000-7f47e6dae000 ---p 00019000 08:0f 528232                     /lib/x86_64-linux-gnu/libz.so.1.2.8
7f47e6dae000-7f47e6daf000 r--p 00018000 08:0f 528232                     /lib/x86_64-linux-gnu/libz.so.1.2.8
7f47e6daf000-7f47e6db0000 rw-p 00019000 08:0f 528232                     /lib/x86_64-linux-gnu/libz.so.1.2.8
7f47e6db0000-7f47e6dc1000 r-xp 00000000 08:0f 1317886                    /usr/lib/x86_64-linux-gnu/libXext.so.6.4.0
7f47e6dc1000-7f47e6fc0000 ---p 00011000 08:0f 1317886                    /usr/lib/x86_64-linux-gnu/libXext.so.6.4.0
7f47e6fc0000-7f47e6fc1000 r--p 00010000 08:0f 1317886                    /usr/lib/x86_64-linux-gnu/libXext.so.6.4.0
7f47e6fc1000-7f47e6fc2000 rw-p 00011000 08:0f 1317886                    /usr/lib/x86_64-linux-gnu/libXext.so.6.4.0
7f47e6fc2000-7f47e6fc4000 r-xp 00000000 08:0f 1317882                    /usr/lib/x86_64-linux-gnu/libXdamage.so.1.1.0
7f47e6fc4000-7f47e71c3000 ---p 00002000 08:0f 1317882                    /usr/lib/x86_64-linux-gnu/libXdamage.so.1.1.0
7f47e71c3000-7f47e71c4000 r--p 00001000 08:0f 1317882                    /usr/lib/x86_64-linux-gnu/libXdamage.so.1.1.0
7f47e71c4000-7f47e71c5000 rw-p 00002000 08:0f 1317882                    /usr/lib/x86_64-linux-gnu/libXdamage.so.1.1.0
7f47e71c5000-7f47e71c7000 r-xp 00000000 08:0f 1317878                    /usr/lib/x86_64-linux-gnu/libXcomposite.so.1.0.0
7f47e71c7000-7f47e73c6000 ---p 00002000 08:0f 1317878                    /usr/lib/x86_64-linux-gnu/libXcomposite.so.1.0.0
7f47e73c6000-7f47e73c7000 r--p 00001000 08:0f 1317878                    /usr/lib/x86_64-linux-gnu/libXcomposite.so.1.0.0
7f47e73c7000-7f47e73c8000 rw-p 00002000 08:0f 1317878                    /usr/lib/x86_64-linux-gnu/libXcomposite.so.1.0.0
7f47e73c8000-7f47e73d1000 r-xp 00000000 08:0f 1317880                    /usr/lib/x86_64-linux-gnu/libXcursor.so.1.0.2
7f47e73d1000-7f47e75d0000 ---p 00009000 08:0f 1317880                    /usr/lib/x86_64-linux-gnu/libXcursor.so.1.0.2
7f47e75d0000-7f47e75d1000 r--p 00008000 08:0f 1317880                    /usr/lib/x86_64-linux-gnu/libXcursor.so.1.0.2
7f47e75d1000-7f47e75d2000 rw-p 00009000 08:0f 1317880                    /usr/lib/x86_64-linux-gnu/libXcursor.so.1.0.2
7f47e75d2000-7f47e75dc000 r-xp 00000000 08:0f 1317904                    /usr/lib/x86_64-linux-gnu/libXrandr.so.2.2.0
7f47e75dc000-7f47e77db000 ---p 0000a000 08:0f 1317904                    /usr/lib/x86_64-linux-gnu/libXrandr.so.2.2.0
7f47e77db000-7f47e77dc000 r--p 00009000 08:0f 1317904                    /usr/lib/x86_64-linux-gnu/libXrandr.so.2.2.0
7f47e77dc000-7f47e77dd000 rw-p 0000a000 08:0f 1317904                    /usr/lib/x86_64-linux-gnu/libXrandr.so.2.2.0
7f47e77dd000-7f47e77ec000 r-xp 00000000 08:0f 1317894                    /usr/lib/x86_64-linux-gnu/libXi.so.6.1.0
7f47e77ec000-7f47e79eb000 ---p 0000f000 08:0f 1317894                    /usr/lib/x86_64-linux-gnu/libXi.so.6.1.0
7f47e79eb000-7f47e79ec000 r--p 0000e000 08:0f 1317894                    /usr/lib/x86_64-linux-gnu/libXi.so.6.1.0
7f47e79ec000-7f47e79ed000 rw-p 0000f000 08:0f 1317894                    /usr/lib/x86_64-linux-gnu/libXi.so.6.1.0
7f47e79ed000-7f47e79ef000 r-xp 00000000 08:0f 1317896                    /usr/lib/x86_64-linux-gnu/libXinerama.so.1.0.0
7f47e79ef000-7f47e7bee000 ---p 00002000 08:0f 1317896                    /usr/lib/x86_64-linux-gnu/libXinerama.so.1.0.0
7f47e7bee000-7f47e7bef000 r--p 00001000 08:0f 1317896                    /usr/lib/x86_64-linux-gnu/libXinerama.so.1.0.0
7f47e7bef000-7f47e7bf0000 rw-p 00002000 08:0f 1317896                    /usr/lib/x86_64-linux-gnu/libXinerama.so.1.0.0
7f47e7bf0000-7f47e7bf9000 r-xp 00000000 08:0f 1317906                    /usr/lib/x86_64-linux-gnu/libXrender.so.1.3.0
7f47e7bf9000-7f47e7df8000 ---p 00009000 08:0f 1317906                    /usr/lib/x86_64-linux-gnu/libXrender.so.1.3.0
7f47e7df8000-7f47e7df9000 r--p 00008000 08:0f 1317906                    /usr/lib/x86_64-linux-gnu/libXrender.so.1.3.0
7f47e7df9000-7f47e7dfa000 rw-p 00009000 08:0f 1317906                    /usr/lib/x86_64-linux-gnu/libXrender.so.1.3.0
7f47e7dfa000-7f47e7dff000 r-xp 00000000 08:0f 1317888                    /usr/lib/x86_64-linux-gnu/libXfixes.so.3.1.0
7f47e7dff000-7f47e7ffe000 ---p 00005000 08:0f 1317888                    /usr/lib/x86_64-linux-gnu/libXfixes.so.3.1.0
7f47e7ffe000-7f47e7fff000 r--p 00004000 08:0f 1317888                    /usr/lib/x86_64-linux-gnu/libXfixes.so.3.1.0
7f47e7fff000-7f47e8000000 rw-p 00005000 08:0f 1317888                    /usr/lib/x86_64-linux-gnu/libXfixes.so.3.1.0
7f47e8000000-7f47e8021000 rw-p 00000000 00:00 0 
7f47e8021000-7f47ec000000 ---p 00000000 00:00 0 
7f47ec000000-7f47ec001000 rw-s 00000000 00:05 1234731                    /drm mm object (deleted)
7f47ec001000-7f47ec009000 rw-s 00000000 00:05 1229690                    /drm mm object (deleted)
7f47ec009000-7f47ec00e000 r--s 00084000 08:0f 1573685                    /usr/lib/jvm/oracle_jdk8/jre/lib/jfr.jar
7f47ec00e000-7f47ec012000 r--s 00097000 08:0f 1587686                    /usr/lib/jvm/oracle_jdk8/jre/lib/jsse.jar
7f47ec012000-7f47ec018000 r--s 002f8000 08:0f 1587656                    /usr/lib/jvm/oracle_jdk8/jre/lib/charsets.jar
7f47ec018000-7f47ec023000 r--s 00000000 08:0f 134039                     /var/cache/fontconfig/945677eb7aeaf62f1d50efc3fb3ec7d8-le64.cache-6
7f47ec023000-7f47ec029000 r--s 00000000 08:0f 134020                     /var/cache/fontconfig/2cd17615ca594fa2959ae173292e504c-le64.cache-6
7f47ec029000-7f47ec02d000 r--s 00000000 08:0f 132419                     /var/cache/fontconfig/de156ccd2eddbdc19d37a45b8b2aac9c-le64.cache-6
7f47ec02d000-7f47ec042000 r--s 00000000 08:0f 134013                     /var/cache/fontconfig/04aabc0a78ac019cf9454389977116d2-le64.cache-6
7f47ec042000-7f47ec046000 r--s 00000000 08:0f 134024                     /var/cache/fontconfig/385c0604a188198f04d133e54aba7fe7-le64.cache-6
7f47ec046000-7f47ec049000 ---p 00000000 00:00 0 
7f47ec049000-7f47ec147000 rw-p 00000000 00:00 0 
7f47ec147000-7f47ec15d000 r-xp 00000000 08:0f 528088                     /lib/x86_64-linux-gnu/libgcc_s.so.1
7f47ec15d000-7f47ec35c000 ---p 00016000 08:0f 528088                     /lib/x86_64-linux-gnu/libgcc_s.so.1
7f47ec35c000-7f47ec35d000 r--p 00015000 08:0f 528088                     /lib/x86_64-linux-gnu/libgcc_s.so.1
7f47ec35d000-7f47ec35e000 rw-p 00016000 08:0f 528088                     /lib/x86_64-linux-gnu/libgcc_s.so.1
7f47ec35e000-7f47ec4d6000 r-xp 00000000 08:0f 1319101                    /usr/lib/x86_64-linux-gnu/libstdc++.so.6.0.22
7f47ec4d6000-7f47ec6d6000 ---p 00178000 08:0f 1319101                    /usr/lib/x86_64-linux-gnu/libstdc++.so.6.0.22
7f47ec6d6000-7f47ec6e0000 r--p 00178000 08:0f 1319101                    /usr/lib/x86_64-linux-gnu/libstdc++.so.6.0.22
7f47ec6e0000-7f47ec6e2000 rw-p 00182000 08:0f 1319101                    /usr/lib/x86_64-linux-gnu/libstdc++.so.6.0.22
7f47ec6e2000-7f47ec6e6000 rw-p 00000000 00:00 0 
7f47ec6e6000-7f47ec756000 r-xp 00000000 08:0f 1571965                    /usr/lib/x86_64-linux-gnu/mesa/libGL.so.1.2.0
7f47ec756000-7f47ec955000 ---p 00070000 08:0f 1571965                    /usr/lib/x86_64-linux-gnu/mesa/libGL.so.1.2.0
7f47ec955000-7f47ec958000 r--p 0006f000 08:0f 1571965                    /usr/lib/x86_64-linux-gnu/mesa/libGL.so.1.2.0
7f47ec958000-7f47ec959000 rw-p 00072000 08:0f 1571965                    /usr/lib/x86_64-linux-gnu/mesa/libGL.so.1.2.0
7f47ec959000-7f47ec95a000 rw-p 00000000 00:00 0 
7f47ec95a000-7f47ec95f000 r-xp 00000000 08:0f 1317922                    /usr/lib/x86_64-linux-gnu/libXxf86vm.so.1.0.0
7f47ec95f000-7f47ecb5e000 ---p 00005000 08:0f 1317922                    /usr/lib/x86_64-linux-gnu/libXxf86vm.so.1.0.0
7f47ecb5e000-7f47ecb5f000 r--p 00004000 08:0f 1317922                    /usr/lib/x86_64-linux-gnu/libXxf86vm.so.1.0.0
7f47ecb5f000-7f47ecb60000 rw-p 00005000 08:0f 1317922                    /usr/lib/x86_64-linux-gnu/libXxf86vm.so.1.0.0
7f47ecb60000-7f47ecc95000 r-xp 00000000 08:0f 1317869                    /usr/lib/x86_64-linux-gnu/libX11.so.6.3.0
7f47ecc95000-7f47ece94000 ---p 00135000 08:0f 1317869                    /usr/lib/x86_64-linux-gnu/libX11.so.6.3.0
7f47ece94000-7f47ece95000 r--p 00134000 08:0f 1317869                    /usr/lib/x86_64-linux-gnu/libX11.so.6.3.0
7f47ece95000-7f47ece99000 rw-p 00135000 08:0f 1317869                    /usr/lib/x86_64-linux-gnu/libX11.so.6.3.0
7f47ece99000-7f47ece9e000 r-xp 00000000 08:0f 1317912                    /usr/lib/x86_64-linux-gnu/libXtst.so.6.1.0
7f47ece9e000-7f47ed09d000 ---p 00005000 08:0f 1317912                    /usr/lib/x86_64-linux-gnu/libXtst.so.6.1.0
7f47ed09d000-7f47ed09e000 r--p 00004000 08:0f 1317912                    /usr/lib/x86_64-linux-gnu/libXtst.so.6.1.0
7f47ed09e000-7f47ed09f000 rw-p 00005000 08:0f 1317912                    /usr/lib/x86_64-linux-gnu/libXtst.so.6.1.0
7f47ed09f000-7f47ed1b1000 r-xp 00000000 08:0f 527958                     /lib/x86_64-linux-gnu/libglib-2.0.so.0.5000.2
7f47ed1b1000-7f47ed3b0000 ---p 00112000 08:0f 527958                     /lib/x86_64-linux-gnu/libglib-2.0.so.0.5000.2
7f47ed3b0000-7f47ed3b1000 r--p 00111000 08:0f 527958                     /lib/x86_64-linux-gnu/libglib-2.0.so.0.5000.2
7f47ed3b1000-7f47ed3b2000 rw-p 00112000 08:0f 527958                     /lib/x86_64-linux-gnu/libglib-2.0.so.0.5000.2
7f47ed3b2000-7f47ed3b3000 rw-p 00000000 00:00 0 
7f47ed3b3000-7f47ed3b4000 r-xp 00000000 08:0f 1308620                    /usr/lib/x86_64-linux-gnu/libgthread-2.0.so.0.5000.2
7f47ed3b4000-7f47ed5b3000 ---p 00001000 08:0f 1308620                    /usr/lib/x86_64-linux-gnu/libgthread-2.0.so.0.5000.2
7f47ed5b3000-7f47ed5b4000 r--p 00000000 08:0f 1308620                    /usr/lib/x86_64-linux-gnu/libgthread-2.0.so.0.5000.2
7f47ed5b4000-7f47ed5b5000 rw-p 00001000 08:0f 1308620                    /usr/lib/x86_64-linux-gnu/libgthread-2.0.so.0.5000.2
7f47ed5b5000-7f47ed5b8000 r-xp 00000000 08:0f 1308595                    /usr/lib/x86_64-linux-gnu/libgmodule-2.0.so.0.5000.2
7f47ed5b8000-7f47ed7b7000 ---p 00003000 08:0f 1308595                    /usr/lib/x86_64-linux-gnu/libgmodule-2.0.so.0.5000.2
7f47ed7b7000-7f47ed7b8000 r--p 00002000 08:0f 1308595                    /usr/lib/x86_64-linux-gnu/libgmodule-2.0.so.0.5000.2
7f47ed7b8000-7f47ed7b9000 rw-p 00003000 08:0f 1308595                    /usr/lib/x86_64-linux-gnu/libgmodule-2.0.so.0.5000.2
7f47ed7b9000-7f47ed80b000 r-xp 00000000 08:0f 1308617                    /usr/lib/x86_64-linux-gnu/libgobject-2.0.so.0.5000.2
7f47ed80b000-7f47eda0a000 ---p 00052000 08:0f 1308617                    /usr/lib/x86_64-linux-gnu/libgobject-2.0.so.0.5000.2
7f47eda0a000-7f47eda0b000 r--p 00051000 08:0f 1308617                    /usr/lib/x86_64-linux-gnu/libgobject-2.0.so.0.5000.2
7f47eda0b000-7f47eda0c000 rw-p 00052000 08:0f 1308617                    /usr/lib/x86_64-linux-gnu/libgobject-2.0.so.0.5000.2
7f47eda0c000-7f47eda49000 r-xp 00000000 08:0f 1318288                    /usr/lib/x86_64-linux-gnu/libfontconfig.so.1.9.0
7f47eda49000-7f47edc48000 ---p 0003d000 08:0f 1318288                    /usr/lib/x86_64-linux-gnu/libfontconfig.so.1.9.0
7f47edc48000-7f47edc4a000 r--p 0003c000 08:0f 1318288                    /usr/lib/x86_64-linux-gnu/libfontconfig.so.1.9.0
7f47edc4a000-7f47edc4f000 rw-p 0003e000 08:0f 1318288                    /usr/lib/x86_64-linux-gnu/libfontconfig.so.1.9.0
7f47edc4f000-7f47edcf6000 r-xp 00000000 08:0f 1309727                    /usr/lib/x86_64-linux-gnu/libfreetype.so.6.12.3
7f47edcf6000-7f47edef5000 ---p 000a7000 08:0f 1309727                    /usr/lib/x86_64-linux-gnu/libfreetype.so.6.12.3
7f47edef5000-7f47edefb000 r--p 000a6000 08:0f 1309727                    /usr/lib/x86_64-linux-gnu/libfreetype.so.6.12.3
7f47edefb000-7f47edefc000 rw-p 000ac000 08:0f 1309727                    /usr/lib/x86_64-linux-gnu/libfreetype.so.6.12.3
7f47edefc000-7f47edf45000 r-xp 00000000 08:0f 1318880                    /usr/lib/x86_64-linux-gnu/libpango-1.0.so.0.4000.1
7f47edf45000-7f47ee145000 ---p 00049000 08:0f 1318880                    /usr/lib/x86_64-linux-gnu/libpango-1.0.so.0.4000.1
7f47ee145000-7f47ee147000 r--p 00049000 08:0f 1318880                    /usr/lib/x86_64-linux-gnu/libpango-1.0.so.0.4000.1
7f47ee147000-7f47ee148000 rw-p 0004b000 08:0f 1318880                    /usr/lib/x86_64-linux-gnu/libpango-1.0.so.0.4000.1
7f47ee148000-7f47ee256000 r-xp 00000000 08:0f 1318039                    /usr/lib/x86_64-linux-gnu/libcairo.so.2.11400.6
7f47ee256000-7f47ee455000 ---p 0010e000 08:0f 1318039                    /usr/lib/x86_64-linux-gnu/libcairo.so.2.11400.6
7f47ee455000-7f47ee458000 r--p 0010d000 08:0f 1318039                    /usr/lib/x86_64-linux-gnu/libcairo.so.2.11400.6
7f47ee458000-7f47ee459000 rw-p 00110000 08:0f 1318039                    /usr/lib/x86_64-linux-gnu/libcairo.so.2.11400.6
7f47ee459000-7f47ee45b000 rw-p 00000000 00:00 0 
7f47ee45b000-7f47ee467000 r-xp 00000000 08:0f 1318882                    /usr/lib/x86_64-linux-gnu/libpangocairo-1.0.so.0.4000.1
7f47ee467000-7f47ee666000 ---p 0000c000 08:0f 1318882                    /usr/lib/x86_64-linux-gnu/libpangocairo-1.0.so.0.4000.1
7f47ee666000-7f47ee667000 r--p 0000b000 08:0f 1318882                    /usr/lib/x86_64-linux-gnu/libpangocairo-1.0.so.0.4000.1
7f47ee667000-7f47ee668000 rw-p 0000c000 08:0f 1318882                    /usr/lib/x86_64-linux-gnu/libpangocairo-1.0.so.0.4000.1
7f47ee668000-7f47ee689000 r-xp 00000000 08:0f 1318363                    /usr/lib/x86_64-linux-gnu/libgdk_pixbuf-2.0.so.0.3400.0
7f47ee689000-7f47ee888000 ---p 00021000 08:0f 1318363                    /usr/lib/x86_64-linux-gnu/libgdk_pixbuf-2.0.so.0.3400.0
7f47ee888000-7f47ee889000 r--p 00020000 08:0f 1318363                    /usr/lib/x86_64-linux-gnu/libgdk_pixbuf-2.0.so.0.3400.0
7f47ee889000-7f47ee88a000 rw-p 00021000 08:0f 1318363                    /usr/lib/x86_64-linux-gnu/libgdk_pixbuf-2.0.so.0.3400.0
7f47ee88a000-7f47ee89e000 r-xp 00000000 08:0f 1318884                    /usr/lib/x86_64-linux-gnu/libpangoft2-1.0.so.0.4000.1
7f47ee89e000-7f47eea9e000 ---p 00014000 08:0f 1318884                    /usr/lib/x86_64-linux-gnu/libpangoft2-1.0.so.0.4000.1
7f47eea9e000-7f47eea9f000 r--p 00014000 08:0f 1318884                    /usr/lib/x86_64-linux-gnu/libpangoft2-1.0.so.0.4000.1
7f47eea9f000-7f47eeaa0000 rw-p 00015000 08:0f 1318884                    /usr/lib/x86_64-linux-gnu/libpangoft2-1.0.so.0.4000.1
7f47eeaa0000-7f47eec2d000 r-xp 00000000 08:0f 1308571                    /usr/lib/x86_64-linux-gnu/libgio-2.0.so.0.5000.2
7f47eec2d000-7f47eee2c000 ---p 0018d000 08:0f 1308571                    /usr/lib/x86_64-linux-gnu/libgio-2.0.so.0.5000.2
7f47eee2c000-7f47eee31000 r--p 0018c000 08:0f 1308571                    /usr/lib/x86_64-linux-gnu/libgio-2.0.so.0.5000.2
7f47eee31000-7f47eee34000 rw-p 00191000 08:0f 1308571                    /usr/lib/x86_64-linux-gnu/libgio-2.0.so.0.5000.2
7f47eee34000-7f47eee35000 rw-p 00000000 00:00 0 
7f47eee35000-7f47eee57000 r-xp 00000000 08:0f 1317973                    /usr/lib/x86_64-linux-gnu/libatk-1.0.so.0.22009.1
7f47eee57000-7f47ef056000 ---p 00022000 08:0f 1317973                    /usr/lib/x86_64-linux-gnu/libatk-1.0.so.0.22009.1
7f47ef056000-7f47ef059000 r--p 00021000 08:0f 1317973                    /usr/lib/x86_64-linux-gnu/libatk-1.0.so.0.22009.1
7f47ef059000-7f47ef05a000 rw-p 00024000 08:0f 1317973                    /usr/lib/x86_64-linux-gnu/libatk-1.0.so.0.22009.1
7f47ef05a000-7f47ef10a000 r-xp 00000000 08:0f 1314085                    /usr/lib/x86_64-linux-gnu/libgdk-x11-2.0.so.0.2400.30
7f47ef10a000-7f47ef309000 ---p 000b0000 08:0f 1314085                    /usr/lib/x86_64-linux-gnu/libgdk-x11-2.0.so.0.2400.30
7f47ef309000-7f47ef30d000 r--p 000af000 08:0f 1314085                    /usr/lib/x86_64-linux-gnu/libgdk-x11-2.0.so.0.2400.30
7f47ef30d000-7f47ef30f000 rw-p 000b3000 08:0f 1314085                    /usr/lib/x86_64-linux-gnu/libgdk-x11-2.0.so.0.2400.30
7f47ef30f000-7f47ef74d000 r-xp 00000000 08:0f 1314087                    /usr/lib/x86_64-linux-gnu/libgtk-x11-2.0.so.0.2400.30
7f47ef74d000-7f47ef94d000 ---p 0043e000 08:0f 1314087                    /usr/lib/x86_64-linux-gnu/libgtk-x11-2.0.so.0.2400.30
7f47ef94d000-7f47ef954000 r--p 0043e000 08:0f 1314087                    /usr/lib/x86_64-linux-gnu/libgtk-x11-2.0.so.0.2400.30
7f47ef954000-7f47ef958000 rw-p 00445000 08:0f 1314087                    /usr/lib/x86_64-linux-gnu/libgtk-x11-2.0.so.0.2400.30
7f47ef958000-7f47ef95b000 rw-p 00000000 00:00 0 
7f47ef95b000-7f47ef967000 r-xp 00000000 08:0f 1587742                    /usr/lib/jvm/oracle_jdk8/jre/lib/amd64/libprism_es2.so
7f47ef967000-7f47efb66000 ---p 0000c000 08:0f 1587742                    /usr/lib/jvm/oracle_jdk8/jre/lib/amd64/libprism_es2.so
7f47efb66000-7f47efb67000 rw-p 0000b000 08:0f 1587742                    /usr/lib/jvm/oracle_jdk8/jre/lib/amd64/libprism_es2.so
7f47efb67000-7f47efb6a000 ---p 00000000 00:00 0 
7f47efb6a000-7f47efc68000 rw-p 00000000 00:00 0 
7f47efc68000-7f47efcfd000 r--s 01103000 08:0f 2243419                    /usr/lib/jvm/oracle_jdk8/jre/lib/ext/jfxrt.jar
7f47efcfd000-7f47efcfe000 ---p 00000000 00:00 0 
7f47efcfe000-7f47efdfe000 rw-p 00000000 00:00 0 
7f47efdfe000-7f47efe01000 ---p 00000000 00:00 0 
7f47efe01000-7f47efeff000 rw-p 00000000 00:00 0 
7f47efeff000-7f47eff02000 ---p 00000000 00:00 0 
7f47eff02000-7f47f0000000 rw-p 00000000 00:00 0 
7f47f0000000-7f47f0021000 rw-p 00000000 00:00 0 
7f47f0021000-7f47f4000000 ---p 00000000 00:00 0 
7f47f4000000-7f47f4001000 rw-s 00000000 00:05 1234730                    /drm mm object (deleted)
7f47f4001000-7f47f4002000 r--s 00000000 08:0f 134017                     /var/cache/fontconfig/0d8c3b2ac0904cb8a57a757ad11a4a08-le64.cache-6
7f47f4002000-7f47f4003000 r--s 00000000 08:0f 134019                     /var/cache/fontconfig/1ac9eb803944fde146138c791f5cc56a-le64.cache-6
7f47f4003000-7f47f4004000 r--s 00000000 08:0f 134052                     /var/cache/fontconfig/dc05db6664285cc2f12bf69c139ae4c3-le64.cache-6
7f47f4004000-7f47f4007000 r--s 00000000 08:0f 134035                     /var/cache/fontconfig/767a8244fc0220cfb567a839d0392e0b-le64.cache-6
7f47f4007000-7f47f4008000 r--s 00000000 08:0f 132299                     /var/cache/fontconfig/4794a0821666d79190d59a36cb4f44b5-le64.cache-6
7f47f4008000-7f47f4009000 r--s 00000000 08:0f 134015                     /var/cache/fontconfig/0bd3dc0958fa2205aaaa8ebb13e2872b-le64.cache-6
7f47f4009000-7f47f400e000 r--s 00000000 08:0f 134038                     /var/cache/fontconfig/8801497958630a81b71ace7c5f9b32a8-le64.cache-6
7f47f400e000-7f47f4012000 r--s 00000000 08:0f 132418                     /var/cache/fontconfig/c57959a16110560c8d0fcea73374aeeb-le64.cache-6
7f47f4012000-7f47f4013000 r--s 00000000 08:0f 134045                     /var/cache/fontconfig/bab58bb527bb656aaa9f116d68a48d89-le64.cache-6
7f47f4013000-7f47f4019000 r--s 00000000 08:0f 134021                     /var/cache/fontconfig/3047814df9a2f067bd2d96a2b9c36e5a-le64.cache-6
7f47f4019000-7f47f401f000 r--s 00000000 08:0f 134043                     /var/cache/fontconfig/b47c4e1ecd0709278f4910c18777a504-le64.cache-6
7f47f401f000-7f47f4032000 r--s 00000000 08:0f 134049                     /var/cache/fontconfig/d52a8644073d54c13679302ca1180695-le64.cache-6
7f47f4032000-7f47f403e000 r--s 00000000 08:0f 134698                     /var/cache/fontconfig/d589a48862398ed80a3d6066f4f56f4c-le64.cache-6
7f47f403e000-7f47f4041000 ---p 00000000 00:00 0 
7f47f4041000-7f47f413f000 rw-p 00000000 00:00 0 
7f47f413f000-7f47f4142000 ---p 00000000 00:00 0 
7f47f4142000-7f47f8000000 rw-p 00000000 00:00 0 
7f47f8000000-7f47f8021000 rw-p 00000000 00:00 0 
7f47f8021000-7f47fc000000 ---p 00000000 00:00 0 
7f47fc000000-7f47fc001000 r--s 00000000 08:0f 134029                     /var/cache/fontconfig/56cf4f4769d0f4abc89a4895d7bd3ae1-le64.cache-6
7f47fc001000-7f47fc002000 r--s 00000000 08:0f 134044                     /var/cache/fontconfig/b9d506c9ac06c20b433354fa67a72993-le64.cache-6
7f47fc002000-7f47fc003000 r--s 00000000 08:0f 134028                     /var/cache/fontconfig/551ecf3b0e8b0bca0f25c0944f561853-le64.cache-6
7f47fc003000-7f47fc004000 r--s 00000000 08:0f 134025                     /var/cache/fontconfig/3f7329c5293ffd510edef78f73874cfd-le64.cache-6
7f47fc004000-7f47fc005000 r--s 00000000 08:0f 134022                     /var/cache/fontconfig/30829fa25452a46451e813d634d7f916-le64.cache-6
7f47fc005000-7f47fc008000 r--s 00000000 08:0f 134034                     /var/cache/fontconfig/75114ca45c98e8a441da0ff356701271-le64.cache-6
7f47fc008000-7f47fc013000 r--s 00000000 08:0f 134037                     /var/cache/fontconfig/83bf95040141907cd45bb53cf7c1c148-le64.cache-6
7f47fc013000-7f47fc025000 r--s 00000000 08:0f 134041                     /var/cache/fontconfig/9b89f8e3dae116d678bbf48e5f21f69b-le64.cache-6
7f47fc025000-7f47fc029000 r--s 00000000 08:0f 132314                     /var/cache/fontconfig/7ef2298fde41cc6eeb7af42e48b7d293-le64.cache-6
7f47fc029000-7f47fc072000 r--p 00000000 08:0f 1703186                    /usr/share/glib-2.0/schemas/gschemas.compiled
7f47fc072000-7f47fc090000 r-xp 00000000 08:0f 523353                     /lib/x86_64-linux-gnu/libudev.so.1.6.5
7f47fc090000-7f47fc091000 ---p 0001e000 08:0f 523353                     /lib/x86_64-linux-gnu/libudev.so.1.6.5
7f47fc091000-7f47fc092000 r--p 0001e000 08:0f 523353                     /lib/x86_64-linux-gnu/libudev.so.1.6.5
7f47fc092000-7f47fc093000 rw-p 0001f000 08:0f 523353                     /lib/x86_64-linux-gnu/libudev.so.1.6.5
7f47fc093000-7f47fc096000 ---p 00000000 00:00 0 
7f47fc096000-7f47fc194000 rw-p 00000000 00:00 0 
7f47fc194000-7f47fc197000 ---p 00000000 00:00 0 
7f47fc197000-7f47fc295000 rw-p 00000000 00:00 0 
7f47fc295000-7f47fc56e000 r--p 00000000 08:0f 1317515                    /usr/lib/locale/locale-archive
7f47fc56e000-7f47fc571000 ---p 00000000 00:00 0 
7f47fc571000-7f47fc66f000 rw-p 00000000 00:00 0 
7f47fc66f000-7f47fc672000 ---p 00000000 00:00 0 
7f47fc672000-7f47fc770000 rw-p 00000000 00:00 0 
7f47fc770000-7f47fc771000 ---p 00000000 00:00 0 
7f47fc771000-7f47fe38c000 rw-p 00000000 00:00 0 
7f47fe38c000-7f47fe565000 r--s 03d1f000 08:0f 1587658                    /usr/lib/jvm/oracle_jdk8/jre/lib/rt.jar
7f47fe565000-7f47ff141000 rw-p 00000000 00:00 0 
7f47ff141000-7f47ff142000 ---p 00000000 00:00 0 
7f47ff142000-7f47ff242000 rw-p 00000000 00:00 0 
7f47ff242000-7f47ff243000 ---p 00000000 00:00 0 
7f47ff243000-7f47ff343000 rw-p 00000000 00:00 0 
7f47ff343000-7f47ff344000 ---p 00000000 00:00 0 
7f47ff344000-7f47ff444000 rw-p 00000000 00:00 0 
7f47ff444000-7f47ff445000 ---p 00000000 00:00 0 
7f47ff445000-7f47ff545000 rw-p 00000000 00:00 0 
7f47ff545000-7f47ff546000 ---p 00000000 00:00 0 
7f47ff546000-7f47ff646000 rw-p 00000000 00:00 0 
7f47ff646000-7f47ff647000 ---p 00000000 00:00 0 
7f47ff647000-7f47ff747000 rw-p 00000000 00:00 0 
7f47ff747000-7f47ff748000 ---p 00000000 00:00 0 
7f47ff748000-7f47ff848000 rw-p 00000000 00:00 0 
7f47ff848000-7f47ff849000 ---p 00000000 00:00 0 
7f47ff849000-7f47ff962000 rw-p 00000000 00:00 0 
7f47ff962000-7f47ffbdc000 ---p 00000000 00:00 0 
7f47ffbdc000-7f47ffbf5000 rw-p 00000000 00:00 0 
7f47ffbf5000-7f47ffe6e000 ---p 00000000 00:00 0 
7f47ffe6e000-7f47ffe84000 rw-p 00000000 00:00 0 
7f47ffe84000-7f47fffb8000 ---p 00000000 00:00 0 
7f47fffb8000-7f47fffdd000 rw-p 00000000 00:00 0 
7f47fffdd000-7f4800379000 ---p 00000000 00:00 0 
7f4800379000-7f4800c59000 rwxp 00000000 00:00 0 
7f4800c59000-7f480f379000 ---p 00000000 00:00 0 
7f480f379000-7f480f393000 r-xp 00000000 08:0f 1587734                    /usr/lib/jvm/oracle_jdk8/jre/lib/amd64/libzip.so
7f480f393000-7f480f593000 ---p 0001a000 08:0f 1587734                    /usr/lib/jvm/oracle_jdk8/jre/lib/amd64/libzip.so
7f480f593000-7f480f594000 rw-p 0001a000 08:0f 1587734                    /usr/lib/jvm/oracle_jdk8/jre/lib/amd64/libzip.so
7f480f594000-7f480f59f000 r-xp 00000000 08:0f 528266                     /lib/x86_64-linux-gnu/libnss_files-2.24.so
7f480f59f000-7f480f79e000 ---p 0000b000 08:0f 528266                     /lib/x86_64-linux-gnu/libnss_files-2.24.so
7f480f79e000-7f480f79f000 r--p 0000a000 08:0f 528266                     /lib/x86_64-linux-gnu/libnss_files-2.24.so
7f480f79f000-7f480f7a0000 rw-p 0000b000 08:0f 528266                     /lib/x86_64-linux-gnu/libnss_files-2.24.so
7f480f7a0000-7f480f7a6000 rw-p 00000000 00:00 0 
7f480f7a6000-7f480f7b1000 r-xp 00000000 08:0f 528268                     /lib/x86_64-linux-gnu/libnss_nis-2.24.so
7f480f7b1000-7f480f9b0000 ---p 0000b000 08:0f 528268                     /lib/x86_64-linux-gnu/libnss_nis-2.24.so
7f480f9b0000-7f480f9b1000 r--p 0000a000 08:0f 528268                     /lib/x86_64-linux-gnu/libnss_nis-2.24.so
7f480f9b1000-7f480f9b2000 rw-p 0000b000 08:0f 528268                     /lib/x86_64-linux-gnu/libnss_nis-2.24.so
7f480f9b2000-7f480f9c8000 r-xp 00000000 08:0f 528263                     /lib/x86_64-linux-gnu/libnsl-2.24.so
7f480f9c8000-7f480fbc7000 ---p 00016000 08:0f 528263                     /lib/x86_64-linux-gnu/libnsl-2.24.so
7f480fbc7000-7f480fbc8000 r--p 00015000 08:0f 528263                     /lib/x86_64-linux-gnu/libnsl-2.24.so
7f480fbc8000-7f480fbc9000 rw-p 00016000 08:0f 528263                     /lib/x86_64-linux-gnu/libnsl-2.24.so
7f480fbc9000-7f480fbcb000 rw-p 00000000 00:00 0 
7f480fbcb000-7f480fbd3000 r-xp 00000000 08:0f 528264                     /lib/x86_64-linux-gnu/libnss_compat-2.24.so
7f480fbd3000-7f480fdd2000 ---p 00008000 08:0f 528264                     /lib/x86_64-linux-gnu/libnss_compat-2.24.so
7f480fdd2000-7f480fdd3000 r--p 00007000 08:0f 528264                     /lib/x86_64-linux-gnu/libnss_compat-2.24.so
7f480fdd3000-7f480fdd4000 rw-p 00008000 08:0f 528264                     /lib/x86_64-linux-gnu/libnss_compat-2.24.so
7f480fdd4000-7f480fdfe000 r-xp 00000000 08:0f 1587729                    /usr/lib/jvm/oracle_jdk8/jre/lib/amd64/libjava.so
7f480fdfe000-7f480fffe000 ---p 0002a000 08:0f 1587729                    /usr/lib/jvm/oracle_jdk8/jre/lib/amd64/libjava.so
7f480fffe000-7f4810000000 rw-p 0002a000 08:0f 1587729                    /usr/lib/jvm/oracle_jdk8/jre/lib/amd64/libjava.so
7f4810000000-7f481056f000 rw-p 00000000 00:00 0 
7f481056f000-7f4814000000 ---p 00000000 00:00 0 
7f4814000000-7f4814003000 r--s 00000000 08:0f 134053                     /var/cache/fontconfig/e13b20fdb08344e0e664864cc2ede53d-le64.cache-6
7f4814003000-7f481400d000 r--s 000e7000 08:0f 2240579                    /home/shahsparx/NetBeansProjects/UCET_ACCOUNTS/dist/run2050285595/lib/mysql-connector-java-5.1.38-bin.jar
7f481400d000-7f4814022000 r--s 0022c000 08:0f 2240578                    /home/shahsparx/NetBeansProjects/UCET_ACCOUNTS/dist/run2050285595/lib/jfoenix.jar
7f4814022000-7f4814024000 r--s 0008a000 08:0f 2240577                    /home/shahsparx/NetBeansProjects/UCET_ACCOUNTS/dist/run2050285595/lib/fontawesomefx-8.9.jar
7f4814024000-7f481402c000 rw-s 00000000 00:05 1233058                    /drm mm object (deleted)
7f481402c000-7f4814034000 rw-s 00000000 00:05 1233047                    /drm mm object (deleted)
7f4814034000-7f481403b000 r--p 00000000 08:0f 1972006                    /home/shahsparx/.config/dconf/user
7f481403b000-7f48140b1000 rw-p 00000000 00:00 0 
7f48140b1000-7f48140be000 r-xp 00000000 08:0f 1587733                    /usr/lib/jvm/oracle_jdk8/jre/lib/amd64/libverify.so
7f48140be000-7f48142be000 ---p 0000d000 08:0f 1587733                    /usr/lib/jvm/oracle_jdk8/jre/lib/amd64/libverify.so
7f48142be000-7f48142c0000 rw-p 0000d000 08:0f 1587733                    /usr/lib/jvm/oracle_jdk8/jre/lib/amd64/libverify.so
7f48142c0000-7f48142c7000 r-xp 00000000 08:0f 528273                     /lib/x86_64-linux-gnu/librt-2.24.so
7f48142c7000-7f48144c6000 ---p 00007000 08:0f 528273                     /lib/x86_64-linux-gnu/librt-2.24.so
7f48144c6000-7f48144c7000 r--p 00006000 08:0f 528273                     /lib/x86_64-linux-gnu/librt-2.24.so
7f48144c7000-7f48144c8000 rw-p 00007000 08:0f 528273                     /lib/x86_64-linux-gnu/librt-2.24.so
7f48144c8000-7f48145d0000 r-xp 00000000 08:0f 528260                     /lib/x86_64-linux-gnu/libm-2.24.so
7f48145d0000-7f48147cf000 ---p 00108000 08:0f 528260                     /lib/x86_64-linux-gnu/libm-2.24.so
7f48147cf000-7f48147d0000 r--p 00107000 08:0f 528260                     /lib/x86_64-linux-gnu/libm-2.24.so
7f48147d0000-7f48147d1000 rw-p 00108000 08:0f 528260                     /lib/x86_64-linux-gnu/libm-2.24.so
7f48147d1000-7f4815491000 r-xp 00000000 08:0f 1713201                    /usr/lib/jvm/oracle_jdk8/jre/lib/amd64/server/libjvm.so
7f4815491000-7f4815691000 ---p 00cc0000 08:0f 1713201                    /usr/lib/jvm/oracle_jdk8/jre/lib/amd64/server/libjvm.so
7f4815691000-7f4815769000 rw-p 00cc0000 08:0f 1713201                    /usr/lib/jvm/oracle_jdk8/jre/lib/amd64/server/libjvm.so
7f4815769000-7f48157b4000 rw-p 00000000 00:00 0 
7f48157b4000-7f4815971000 r-xp 00000000 08:0f 528256                     /lib/x86_64-linux-gnu/libc-2.24.so
7f4815971000-7f4815b71000 ---p 001bd000 08:0f 528256                     /lib/x86_64-linux-gnu/libc-2.24.so
7f4815b71000-7f4815b75000 r--p 001bd000 08:0f 528256                     /lib/x86_64-linux-gnu/libc-2.24.so
7f4815b75000-7f4815b77000 rw-p 001c1000 08:0f 528256                     /lib/x86_64-linux-gnu/libc-2.24.so
7f4815b77000-7f4815b7b000 rw-p 00000000 00:00 0 
7f4815b7b000-7f4815b7e000 r-xp 00000000 08:0f 528259                     /lib/x86_64-linux-gnu/libdl-2.24.so
7f4815b7e000-7f4815d7d000 ---p 00003000 08:0f 528259                     /lib/x86_64-linux-gnu/libdl-2.24.so
7f4815d7d000-7f4815d7e000 r--p 00002000 08:0f 528259                     /lib/x86_64-linux-gnu/libdl-2.24.so
7f4815d7e000-7f4815d7f000 rw-p 00003000 08:0f 528259                     /lib/x86_64-linux-gnu/libdl-2.24.so
7f4815d7f000-7f4815d94000 r-xp 00000000 08:0f 1587711                    /usr/lib/jvm/oracle_jdk8/jre/lib/amd64/jli/libjli.so
7f4815d94000-7f4815f94000 ---p 00015000 08:0f 1587711                    /usr/lib/jvm/oracle_jdk8/jre/lib/amd64/jli/libjli.so
7f4815f94000-7f4815f95000 rw-p 00015000 08:0f 1587711                    /usr/lib/jvm/oracle_jdk8/jre/lib/amd64/jli/libjli.so
7f4815f95000-7f4815fad000 r-xp 00000000 08:0f 528271                     /lib/x86_64-linux-gnu/libpthread-2.24.so
7f4815fad000-7f48161ad000 ---p 00018000 08:0f 528271                     /lib/x86_64-linux-gnu/libpthread-2.24.so
7f48161ad000-7f48161ae000 r--p 00018000 08:0f 528271                     /lib/x86_64-linux-gnu/libpthread-2.24.so
7f48161ae000-7f48161af000 rw-p 00019000 08:0f 528271                     /lib/x86_64-linux-gnu/libpthread-2.24.so
7f48161af000-7f48161b3000 rw-p 00000000 00:00 0 
7f48161b3000-7f48161d8000 r-xp 00000000 08:0f 528252                     /lib/x86_64-linux-gnu/ld-2.24.so
7f48161d8000-7f48161d9000 r--s 00000000 08:0f 134016                     /var/cache/fontconfig/0c9eb80ebd1c36541ebe2852d3bb0c49-le64.cache-6
7f48161d9000-7f48162aa000 rw-p 00000000 00:00 0 
7f48162aa000-7f48162ad000 ---p 00000000 00:00 0 
7f48162ad000-7f48163ad000 rw-p 00000000 00:00 0 
7f48163ae000-7f48163af000 rw-s 107d7c000 00:06 349                       /dev/dri/card0
7f48163af000-7f48163b7000 rw-s 00000000 00:05 1228762                    /drm mm object (deleted)
7f48163b7000-7f48163b8000 rw-s 00000000 00:05 1228759                    /drm mm object (deleted)
7f48163b8000-7f48163b9000 r--s 00000000 00:2b 62                         /run/user/1000/dconf/user
7f48163b9000-7f48163c1000 rw-s 00000000 00:05 1228757                    /drm mm object (deleted)
7f48163c1000-7f48163c8000 r--s 00000000 08:0f 1583579                    /usr/lib/x86_64-linux-gnu/gconv/gconv-modules.cache
7f48163c8000-7f48163ca000 r--s 00015000 08:0f 2240575                    /home/shahsparx/NetBeansProjects/UCET_ACCOUNTS/dist/run2050285595/UCET_ACCOUNTS.jar
7f48163ca000-7f48163d2000 rw-s 00000000 08:0f 2886647                    /tmp/hsperfdata_shahsparx/19699
7f48163d2000-7f48163d3000 rw-p 00000000 00:00 0 
7f48163d3000-7f48163d4000 r--p 00000000 00:00 0 
7f48163d4000-7f48163d7000 rw-p 00000000 00:00 0 
7f48163d7000-7f48163d8000 r--p 00024000 08:0f 528252                     /lib/x86_64-linux-gnu/ld-2.24.so
7f48163d8000-7f48163d9000 rw-p 00025000 08:0f 528252                     /lib/x86_64-linux-gnu/ld-2.24.so
7f48163d9000-7f48163da000 rw-p 00000000 00:00 0 
7ffceb5b6000-7ffceb5d7000 rw-p 00000000 00:00 0                          [stack]
7ffceb5eb000-7ffceb5ed000 r--p 00000000 00:00 0                          [vvar]
7ffceb5ed000-7ffceb5ef000 r-xp 00000000 00:00 0                          [vdso]
ffffffffff600000-ffffffffff601000 r-xp 00000000 00:00 0                  [vsyscall]

VM Arguments:
jvm_args: -Dfile.encoding=UTF-8 
java_command: /home/shahsparx/NetBeansProjects/UCET_ACCOUNTS/dist/run2050285595/UCET_ACCOUNTS.jar
java_class_path (initial): /home/shahsparx/NetBeansProjects/UCET_ACCOUNTS/dist/run2050285595/UCET_ACCOUNTS.jar
Launcher Type: SUN_STANDARD

Environment Variables:
PATH=/home/shahsparx/bin:/home/shahsparx/.local/bin:/usr/local/sbin:/usr/local/bin:/usr/sbin:/usr/bin:/sbin:/bin:/usr/games:/usr/local/games:/snap/bin
LD_LIBRARY_PATH=/usr/lib/jvm/oracle_jdk8//jre/lib/amd64:/usr/lib/jvm/oracle_jdk8//jre/lib/i386:
SHELL=/bin/bash
DISPLAY=:0

Signal Handlers:
SIGSEGV: [libjvm.so+0xabca10], sa_mask[0]=11111111011111111101111111111110, sa_flags=SA_RESTART|SA_SIGINFO
SIGBUS: [libjvm.so+0xabca10], sa_mask[0]=11111111011111111101111111111110, sa_flags=SA_RESTART|SA_SIGINFO
SIGFPE: [libjvm.so+0x919a20], sa_mask[0]=11111111011111111101111111111110, sa_flags=SA_RESTART|SA_SIGINFO
SIGPIPE: SIG_IGN, sa_mask[0]=00000000000010000000000000000000, sa_flags=SA_RESTART
SIGXFSZ: [libjvm.so+0x919a20], sa_mask[0]=11111111011111111101111111111110, sa_flags=SA_RESTART|SA_SIGINFO
SIGILL: [libjvm.so+0x919a20], sa_mask[0]=11111111011111111101111111111110, sa_flags=SA_RESTART|SA_SIGINFO
SIGUSR1: SIG_DFL, sa_mask[0]=00000000000000000000000000000000, sa_flags=none
SIGUSR2: [libjvm.so+0x91b050], sa_mask[0]=00100000000000000000000000000000, sa_flags=SA_RESTART|SA_SIGINFO
SIGHUP: [libjvm.so+0x91c450], sa_mask[0]=11111111011111111101111111111110, sa_flags=SA_RESTART|SA_SIGINFO
SIGINT: SIG_IGN, sa_mask[0]=00000000000000000000000000000000, sa_flags=none
SIGTERM: [libjvm.so+0x91c450], sa_mask[0]=11111111011111111101111111111110, sa_flags=SA_RESTART|SA_SIGINFO
SIGQUIT: [libjvm.so+0x91c450], sa_mask[0]=11111111011111111101111111111110, sa_flags=SA_RESTART|SA_SIGINFO


---------------  S Y S T E M  ---------------

OS:DISTRIB_ID=Ubuntu
DISTRIB_RELEASE=16.10
DISTRIB_CODENAME=yakkety
DISTRIB_DESCRIPTION="Ubuntu 16.10"

uname:Linux 4.8.0-51-generic #54-Ubuntu SMP Tue Apr 25 16:32:21 UTC 2017 x86_64
libc:glibc 2.24 NPTL 2.24 
rlimit: STACK 8192k, CORE 0k, NPROC 31427, NOFILE 4096, AS infinity
load average:0.51 0.70 0.82

/proc/meminfo:
MemTotal:        8088836 kB
MemFree:         1882476 kB
MemAvailable:    2560884 kB
Buffers:           85484 kB
Cached:          1172260 kB
SwapCached:          704 kB
Active:          4386272 kB
Inactive:        1434460 kB
Active(anon):    3964076 kB
Inactive(anon):  1030924 kB
Active(file):     422196 kB
Inactive(file):   403536 kB
Unevictable:         128 kB
Mlocked:             128 kB
SwapTotal:       4258808 kB
SwapFree:        4135048 kB
Dirty:              8828 kB
Writeback:             0 kB
AnonPages:       4488552 kB
Mapped:           516420 kB
Shmem:            432008 kB
Slab:             231528 kB
SReclaimable:     152188 kB
SUnreclaim:        79340 kB
KernelStack:       16224 kB
PageTables:        66268 kB
NFS_Unstable:          0 kB
Bounce:                0 kB
WritebackTmp:          0 kB
CommitLimit:     8303224 kB
Committed_AS:   10807908 kB
VmallocTotal:   34359738367 kB
VmallocUsed:           0 kB
VmallocChunk:          0 kB
HardwareCorrupted:     0 kB
AnonHugePages:   2691072 kB
ShmemHugePages:        0 kB
ShmemPmdMapped:        0 kB
CmaTotal:              0 kB
CmaFree:               0 kB
HugePages_Total:       0
HugePages_Free:        0
HugePages_Rsvd:        0
HugePages_Surp:        0
Hugepagesize:       2048 kB
DirectMap4k:      246528 kB
DirectMap2M:     8056832 kB
DirectMap1G:     1048576 kB


CPU:total 8 (4 cores per cpu, 2 threads per core) family 6 model 60 stepping 3, cmov, cx8, fxsr, mmx, sse, sse2, sse3, ssse3, sse4.1, sse4.2, popcnt, avx, avx2, aes, clmul, erms, lzcnt, ht, tsc, tscinvbit, bmi1, bmi2

/proc/cpuinfo:
processor	: 0
vendor_id	: GenuineIntel
cpu family	: 6
model		: 60
model name	: Intel(R) Core(TM) i7-4702MQ CPU @ 2.20GHz
stepping	: 3
microcode	: 0x20
cpu MHz		: 2946.850
cache size	: 6144 KB
physical id	: 0
siblings	: 8
core id		: 0
cpu cores	: 4
apicid		: 0
initial apicid	: 0
fpu		: yes
fpu_exception	: yes
cpuid level	: 13
wp		: yes
flags		: fpu vme de pse tsc msr pae mce cx8 apic sep mtrr pge mca cmov pat pse36 clflush dts acpi mmx fxsr sse sse2 ss ht tm pbe syscall nx pdpe1gb rdtscp lm constant_tsc arch_perfmon pebs bts rep_good nopl xtopology nonstop_tsc aperfmperf eagerfpu pni pclmulqdq dtes64 monitor ds_cpl vmx est tm2 ssse3 sdbg fma cx16 xtpr pdcm pcid sse4_1 sse4_2 movbe popcnt tsc_deadline_timer aes xsave avx f16c rdrand lahf_lm abm epb tpr_shadow vnmi flexpriority ept vpid fsgsbase tsc_adjust bmi1 avx2 smep bmi2 erms invpcid xsaveopt dtherm ida arat pln pts
bugs		:
bogomips	: 4389.94
clflush size	: 64
cache_alignment	: 64
address sizes	: 39 bits physical, 48 bits virtual
power management:

processor	: 1
vendor_id	: GenuineIntel
cpu family	: 6
model		: 60
model name	: Intel(R) Core(TM) i7-4702MQ CPU @ 2.20GHz
stepping	: 3
microcode	: 0x20
cpu MHz		: 2903.344
cache size	: 6144 KB
physical id	: 0
siblings	: 8
core id		: 0
cpu cores	: 4
apicid		: 1
initial apicid	: 1
fpu		: yes
fpu_exception	: yes
cpuid level	: 13
wp		: yes
flags		: fpu vme de pse tsc msr pae mce cx8 apic sep mtrr pge mca cmov pat pse36 clflush dts acpi mmx fxsr sse sse2 ss ht tm pbe syscall nx pdpe1gb rdtscp lm constant_tsc arch_perfmon pebs bts rep_good nopl xtopology nonstop_tsc aperfmperf eagerfpu pni pclmulqdq dtes64 monitor ds_cpl vmx est tm2 ssse3 sdbg fma cx16 xtpr pdcm pcid sse4_1 sse4_2 movbe popcnt tsc_deadline_timer aes xsave avx f16c rdrand lahf_lm abm epb tpr_shadow vnmi flexpriority ept vpid fsgsbase tsc_adjust bmi1 avx2 smep bmi2 erms invpcid xsaveopt dtherm ida arat pln pts
bugs		:
bogomips	: 4389.94
clflush size	: 64
cache_alignment	: 64
address sizes	: 39 bits physical, 48 bits virtual
power management:

processor	: 2
vendor_id	: GenuineIntel
cpu family	: 6
model		: 60
model name	: Intel(R) Core(TM) i7-4702MQ CPU @ 2.20GHz
stepping	: 3
microcode	: 0x20
cpu MHz		: 2958.532
cache size	: 6144 KB
physical id	: 0
siblings	: 8
core id		: 1
cpu cores	: 4
apicid		: 2
initial apicid	: 2
fpu		: yes
fpu_exception	: yes
cpuid level	: 13
wp		: yes
flags		: fpu vme de pse tsc msr pae mce cx8 apic sep mtrr pge mca cmov pat pse36 clflush dts acpi mmx fxsr sse sse2 ss ht tm pbe syscall nx pdpe1gb rdtscp lm constant_tsc arch_perfmon pebs bts rep_good nopl xtopology nonstop_tsc aperfmperf eagerfpu pni pclmulqdq dtes64 monitor ds_cpl vmx est tm2 ssse3 sdbg fma cx16 xtpr pdcm pcid sse4_1 sse4_2 movbe popcnt tsc_deadline_timer aes xsave avx f16c rdrand lahf_lm abm epb tpr_shadow vnmi flexpriority ept vpid fsgsbase tsc_adjust bmi1 avx2 smep bmi2 erms invpcid xsaveopt dtherm ida arat pln pts
bugs		:
bogomips	: 4389.94
clflush size	: 64
cache_alignment	: 64
address sizes	: 39 bits physical, 48 bits virtual
power management:

processor	: 3
vendor_id	: GenuineIntel
cpu family	: 6
model		: 60
model name	: Intel(R) Core(TM) i7-4702MQ CPU @ 2.20GHz
stepping	: 3
microcode	: 0x20
cpu MHz		: 2963.769
cache size	: 6144 KB
physical id	: 0
siblings	: 8
core id		: 1
cpu cores	: 4
apicid		: 3
initial apicid	: 3
fpu		: yes
fpu_exception	: yes
cpuid level	: 13
wp		: yes
flags		: fpu vme de pse tsc msr pae mce cx8 apic sep mtrr pge mca cmov pat pse36 clflush dts acpi mmx fxsr sse sse2 ss ht tm pbe syscall nx pdpe1gb rdtscp lm constant_tsc arch_perfmon pebs bts rep_good nopl xtopology nonstop_tsc aperfmperf eagerfpu pni pclmulqdq dtes64 monitor ds_cpl vmx est tm2 ssse3 sdbg fma cx16 xtpr pdcm pcid sse4_1 sse4_2 movbe popcnt tsc_deadline_timer aes xsave avx f16c rdrand lahf_lm abm epb tpr_shadow vnmi flexpriority ept vpid fsgsbase tsc_adjust bmi1 avx2 smep bmi2 erms invpcid xsaveopt dtherm ida arat pln pts
bugs		:
bogomips	: 4389.94
clflush size	: 64
cache_alignment	: 64
address sizes	: 39 bits physical, 48 bits virtual
power management:

processor	: 4
vendor_id	: GenuineIntel
cpu family	: 6
model		: 60
model name	: Intel(R) Core(TM) i7-4702MQ CPU @ 2.20GHz
stepping	: 3
microcode	: 0x20
cpu MHz		: 2927.111
cache size	: 6144 KB
physical id	: 0
siblings	: 8
core id		: 2
cpu cores	: 4
apicid		: 4
initial apicid	: 4
fpu		: yes
fpu_exception	: yes
cpuid level	: 13
wp		: yes
flags		: fpu vme de pse tsc msr pae mce cx8 apic sep mtrr pge mca cmov pat pse36 clflush dts acpi mmx fxsr sse sse2 ss ht tm pbe syscall nx pdpe1gb rdtscp lm constant_tsc arch_perfmon pebs bts rep_good nopl xtopology nonstop_tsc aperfmperf eagerfpu pni pclmulqdq dtes64 monitor ds_cpl vmx est tm2 ssse3 sdbg fma cx16 xtpr pdcm pcid sse4_1 sse4_2 movbe popcnt tsc_deadline_timer aes xsave avx f16c rdrand lahf_lm abm epb tpr_shadow vnmi flexpriority ept vpid fsgsbase tsc_adjust bmi1 avx2 smep bmi2 erms invpcid xsaveopt dtherm ida arat pln pts
bugs		:
bogomips	: 4389.94
clflush size	: 64
cache_alignment	: 64
address sizes	: 39 bits physical, 48 bits virtual
power management:

processor	: 5
vendor_id	: GenuineIntel
cpu family	: 6
model		: 60
model name	: Intel(R) Core(TM) i7-4702MQ CPU @ 2.20GHz
stepping	: 3
microcode	: 0x20
cpu MHz		: 2902.001
cache size	: 6144 KB
physical id	: 0
siblings	: 8
core id		: 2
cpu cores	: 4
apicid		: 5
initial apicid	: 5
fpu		: yes
fpu_exception	: yes
cpuid level	: 13
wp		: yes
flags		: fpu vme de pse tsc msr pae mce cx8 apic sep mtrr pge mca cmov pat pse36 clflush dts acpi mmx fxsr sse sse2 ss ht tm pbe syscall nx pdpe1gb rdtscp lm constant_tsc arch_perfmon pebs bts rep_good nopl xtopology nonstop_tsc aperfmperf eagerfpu pni pclmulqdq dtes64 monitor ds_cpl vmx est tm2 ssse3 sdbg fma cx16 xtpr pdcm pcid sse4_1 sse4_2 movbe popcnt tsc_deadline_timer aes xsave avx f16c rdrand lahf_lm abm epb tpr_shadow vnmi flexpriority ept vpid fsgsbase tsc_adjust bmi1 avx2 smep bmi2 erms invpcid xsaveopt dtherm ida arat pln pts
bugs		:
bogomips	: 4389.94
clflush size	: 64
cache_alignment	: 64
address sizes	: 39 bits physical, 48 bits virtual
power management:

processor	: 6
vendor_id	: GenuineIntel
cpu family	: 6
model		: 60
model name	: Intel(R) Core(TM) i7-4702MQ CPU @ 2.20GHz
stepping	: 3
microcode	: 0x20
cpu MHz		: 2909.118
cache size	: 6144 KB
physical id	: 0
siblings	: 8
core id		: 3
cpu cores	: 4
apicid		: 6
initial apicid	: 6
fpu		: yes
fpu_exception	: yes
cpuid level	: 13
wp		: yes
flags		: fpu vme de pse tsc msr pae mce cx8 apic sep mtrr pge mca cmov pat pse36 clflush dts acpi mmx fxsr sse sse2 ss ht tm pbe syscall nx pdpe1gb rdtscp lm constant_tsc arch_perfmon pebs bts rep_good nopl xtopology nonstop_tsc aperfmperf eagerfpu pni pclmulqdq dtes64 monitor ds_cpl vmx est tm2 ssse3 sdbg fma cx16 xtpr pdcm pcid sse4_1 sse4_2 movbe popcnt tsc_deadline_timer aes xsave avx f16c rdrand lahf_lm abm epb tpr_shadow vnmi flexpriority ept vpid fsgsbase tsc_adjust bmi1 avx2 smep bmi2 erms invpcid xsaveopt dtherm ida arat pln pts
bugs		:
bogomips	: 4389.94
clflush size	: 64
cache_alignment	: 64
address sizes	: 39 bits physical, 48 bits virtual
power management:

processor	: 7
vendor_id	: GenuineIntel
cpu family	: 6
model		: 60
model name	: Intel(R) Core(TM) i7-4702MQ CPU @ 2.20GHz
stepping	: 3
microcode	: 0x20
cpu MHz		: 2899.987
cache size	: 6144 KB
physical id	: 0
siblings	: 8
core id		: 3
cpu cores	: 4
apicid		: 7
initial apicid	: 7
fpu		: yes
fpu_exception	: yes
cpuid level	: 13
wp		: yes
flags		: fpu vme de pse tsc msr pae mce cx8 apic sep mtrr pge mca cmov pat pse36 clflush dts acpi mmx fxsr sse sse2 ss ht tm pbe syscall nx pdpe1gb rdtscp lm constant_tsc arch_perfmon pebs bts rep_good nopl xtopology nonstop_tsc aperfmperf eagerfpu pni pclmulqdq dtes64 monitor ds_cpl vmx est tm2 ssse3 sdbg fma cx16 xtpr pdcm pcid sse4_1 sse4_2 movbe popcnt tsc_deadline_timer aes xsave avx f16c rdrand lahf_lm abm epb tpr_shadow vnmi flexpriority ept vpid fsgsbase tsc_adjust bmi1 avx2 smep bmi2 erms invpcid xsaveopt dtherm ida arat pln pts
bugs		:
bogomips	: 4389.94
clflush size	: 64
cache_alignment	: 64
address sizes	: 39 bits physical, 48 bits virtual
power management:



Memory: 4k page, physical 8088836k(1882476k free), swap 4258808k(4135048k free)

vm_info: Java HotSpot(TM) 64-Bit Server VM (25.91-b14) for linux-amd64 JRE (1.8.0_91-b14), built on Apr  1 2016 00:57:21 by "java_re" with gcc 4.3.0 20080428 (Red Hat 4.3.0-8)

time: Tue May  9 04:53:44 2017
elapsed time: 7 seconds (0d 0h 0m 7s)

