#
# A fatal error has been detected by the Java Runtime Environment:
#
#  SIGSEGV (0xb) at pc=0x00007f5175922948, pid=7630, tid=139985870403328
#
# JRE version: Java(TM) SE Runtime Environment (8.0_91-b14) (build 1.8.0_91-b14)
# Java VM: Java HotSpot(TM) 64-Bit Server VM (25.91-b14 mixed mode linux-amd64 compressed oops)
# Problematic frame:
# V  [libjvm.so+0x6cf948]  jni_invoke_nonstatic(JNIEnv_*, JavaValue*, _jobject*, JNICallType, _jmethodID*, JNI_ArgumentPusher*, Thread*)+0x38
#
# Failed to write core dump. Core dumps have been disabled. To enable core dumping, try "ulimit -c unlimited" before starting Java again
#
# If you would like to submit a bug report, please visit:
#   http://bugreport.java.com/bugreport/crash.jsp
#

---------------  T H R E A D  ---------------

Current thread (0x00007f51703d3800):  JavaThread "JavaFX Application Thread" [_thread_in_vm, id=7658, stack(0x00007f5100043000,0x00007f5100144000)]

siginfo: si_signo: 11 (SIGSEGV), si_code: 1 (SEGV_MAPERR), si_addr: 0x0000000000000045

Registers:
RAX=0x00007f51001423c0, RBX=0x00007f51001422d0, RCX=0x0000000000000001, RDX=0x0000000000000045
RSP=0x00007f5100142120, RBP=0x00007f51001422a0, RSI=0x00007f5100142330, RDI=0x00007f51703d39f8
R8 =0x00007f517033f588, R9 =0x00007f51001422d0, R10=0x00007f50e4000ae0, R11=0x00007f5161240be0
R12=0x00007f51703d3800, R13=0x00007f517033f588, R14=0x0000000000000001, R15=0x00007f51703d39f8
RIP=0x00007f5175922948, EFLAGS=0x0000000000010202, CSGSFS=0x002b000000000033, ERR=0x0000000000000004
  TRAPNO=0x000000000000000e

Top of Stack: (sp=0x00007f5100142120)
0x00007f5100142120:   00007f5100142820 00007f5100142440
0x00007f5100142130:   00007f5100142180 00007f5100142200
0x00007f5100142140:   00007f51001422d0 00007f5100142330
0x00007f5100142150:   00007f51703d39f8 00007f5175942450
0x00007f5100142160:   00007f5128011a60 00007f5128011a70
0x00007f5100142170:   00007f5128011e48 00000000000003d8
0x00007f5100142180:   0000000000000000 00000000d6df7d80
0x00007f5100142190:   00007f510000006f 00007f510000000a
0x00007f51001421a0:   00000000d7a14c68 0000000000000000
0x00007f51001421b0:   0000000000000000 0000000000000000
0x00007f51001421c0:   00007f515f4b96f8 0000000100000100
0x00007f51001421d0:   0000000000000000 00007f5100142188
0x00007f51001421e0:   00007f51001421c9 0000000800000005
0x00007f51001421f0:   0000000000000000 00007f51703d3400
0x00007f5100142200:   00007f51761a5490 00007f5176cb0470
0x00007f5100142210:   00000000703d3290 00007f51703d3800
0x00007f5100142220:   0000000000000000 00007f5175922d1b
0x00007f5100142230:   00007f515f4c37a8 00007f51703d3800
0x00007f5100142240:   00007f515f4c37a8 00007f51703d3800
0x00007f5100142250:   00007f51001423e0 00007f515f4c37a8
0x00007f5100142260:   00007f515f4c37a8 00007f515f4c37a8
0x00007f5100142270:   00007f5128011a60 00007f51001422d0
0x00007f5100142280:   00007f51703d3800 00007f5100142310
0x00007f5100142290:   00007f517033f588 00007f51703d39f8
0x00007f51001422a0:   00007f5100142390 00007f51759270ef
0x00007f51001422b0:   00007f51703d3800 00007f510b791ff4
0x00007f51001422c0:   00007f51001423a8 0000000000000045
0x00007f51001422d0:   00007f51761a60f0 00007f5176cb0470
0x00007f51001422e0:   0000000000142350 fac9bd5500000063
0x00007f51001422f0:   0000000000000000 0000003000000018
0x00007f5100142300:   00007f5100142480 00007f51001423c0
0x00007f5100142310:   00007f51703d3800 0000000000000000 

Instructions: (pc=0x00007f5175922948)
0x00007f5175922928:   00 00 48 85 d2 48 89 bd b0 fe ff ff 48 89 b5 a8
0x00007f5175922938:   fe ff ff 4c 89 8d a0 fe ff ff 0f 84 78 09 00 00
0x00007f5175922948:   4c 8b 22 4d 85 e4 0f 84 6c 09 00 00 48 8b 45 10
0x00007f5175922958:   48 8b 98 38 01 00 00 48 83 7b 18 f7 0f 87 16 07 

Register to memory mapping:

RAX=0x00007f51001423c0 is pointing into the stack for thread: 0x00007f51703d3800
RBX=0x00007f51001422d0 is pointing into the stack for thread: 0x00007f51703d3800
RCX=0x0000000000000001 is an unknown value
RDX=0x0000000000000045 is an unknown value
RSP=0x00007f5100142120 is pointing into the stack for thread: 0x00007f51703d3800
RBP=0x00007f51001422a0 is pointing into the stack for thread: 0x00007f51703d3800
RSI=0x00007f5100142330 is pointing into the stack for thread: 0x00007f51703d3800
RDI=0x00007f51703d39f8 is an unknown value
R8 =0x00007f517033f588 is an unknown value
R9 =0x00007f51001422d0 is pointing into the stack for thread: 0x00007f51703d3800
R10=0x00007f50e4000ae0 is an unknown value
R11=0x00007f5161240be0 is at entry_point+32 in (nmethod*)0x00007f5161240a50
R12=0x00007f51703d3800 is a thread
R13=0x00007f517033f588 is an unknown value
R14=0x0000000000000001 is an unknown value
R15=0x00007f51703d39f8 is an unknown value


Stack: [0x00007f5100043000,0x00007f5100144000],  sp=0x00007f5100142120,  free space=1020k
Native frames: (J=compiled Java code, j=interpreted, Vv=VM code, C=native code)
V  [libjvm.so+0x6cf948]  jni_invoke_nonstatic(JNIEnv_*, JavaValue*, _jobject*, JNICallType, _jmethodID*, JNI_ArgumentPusher*, Thread*)+0x38
V  [libjvm.so+0x6d40ef]  jni_CallVoidMethodV+0x10f
C  [libglass.so+0x13e51]  JNIEnv_::CallVoidMethod(_jobject*, _jmethodID*, ...)+0x81
C  [libglass.so+0x1545f]  WindowContextBase::process_key(_GdkEventKey*)+0x20f
C  [libglass.so+0x19540]  WindowContextBase::im_filter_keypress(_GdkEventKey*)+0x1c0
C  [libglass.so+0x1c7cc]  process_events(_GdkEvent*, void*)+0x22c
C  [libgdk-x11-2.0.so.0+0x5acdc]

Java frames: (J=compiled Java code, j=interpreted, Vv=VM code)
j  com.sun.glass.ui.gtk.GtkApplication._runLoop(Ljava/lang/Runnable;Z)V+0
j  com.sun.glass.ui.gtk.GtkApplication.lambda$null$49(Ljava/lang/Runnable;Z)V+7
j  com.sun.glass.ui.gtk.GtkApplication$$Lambda$41.run()V+12
j  java.lang.Thread.run()V+11
v  ~StubRoutines::call_stub

---------------  P R O C E S S  ---------------

Java Threads: ( => current thread )
  0x00007f50e44ef800 JavaThread "AWT-EventQueue-0" [_thread_blocked, id=7668, stack(0x00007f50d376d000,0x00007f50d386e000)]
  0x00007f50e44ec800 JavaThread "AWT-Shutdown" [_thread_blocked, id=7667, stack(0x00007f50d386e000,0x00007f50d396f000)]
  0x00007f50e41a8000 JavaThread "Image Fetcher 0" daemon [_thread_blocked, id=7666, stack(0x00007f50f80d0000,0x00007f50f81d1000)]
  0x00007f50e4192800 JavaThread "AWT-XAWT" daemon [_thread_in_native, id=7665, stack(0x00007f50f81d1000,0x00007f50f82d2000)]
  0x00007f50e4227000 JavaThread "Java2D Disposer" daemon [_thread_blocked, id=7664, stack(0x00007f50f82d2000,0x00007f50f83d3000)]
  0x00007f50e4488000 JavaThread "Prism Font Disposer" daemon [_thread_blocked, id=7661, stack(0x00007f50f9a07000,0x00007f50f9b08000)]
  0x00007f50e4262800 JavaThread "Abandoned connection cleanup thread" daemon [_thread_blocked, id=7660, stack(0x00007f50fa5e9000,0x00007f50fa6ea000)]
  0x00007f51703d7800 JavaThread "JavaFX-Launcher" [_thread_blocked, id=7659, stack(0x00007f50faefd000,0x00007f50faffe000)]
=>0x00007f51703d3800 JavaThread "JavaFX Application Thread" [_thread_in_vm, id=7658, stack(0x00007f5100043000,0x00007f5100144000)]
  0x00007f51703cf800 JavaThread "Thread-1" daemon [_thread_blocked, id=7657, stack(0x00007f5100144000,0x00007f5100245000)]
  0x00007f517032c800 JavaThread "QuantumRenderer-0" daemon [_thread_blocked, id=7653, stack(0x00007f515c464000,0x00007f515c565000)]
  0x00007f5170224800 JavaThread "Service Thread" daemon [_thread_blocked, id=7651, stack(0x00007f515c6fb000,0x00007f515c7fc000)]
  0x00007f517020f800 JavaThread "C1 CompilerThread3" daemon [_thread_blocked, id=7650, stack(0x00007f515c7fc000,0x00007f515c8fd000)]
  0x00007f517020d000 JavaThread "C2 CompilerThread2" daemon [_thread_in_native, id=7649, stack(0x00007f515c8fd000,0x00007f515c9fe000)]
  0x00007f517020b800 JavaThread "C2 CompilerThread1" daemon [_thread_in_native, id=7648, stack(0x00007f515c9fe000,0x00007f515caff000)]
  0x00007f5170208800 JavaThread "C2 CompilerThread0" daemon [_thread_in_native, id=7647, stack(0x00007f515caff000,0x00007f515cc00000)]
  0x00007f5170207000 JavaThread "Signal Dispatcher" daemon [_thread_blocked, id=7646, stack(0x00007f515cc00000,0x00007f515cd01000)]
  0x00007f51701d3000 JavaThread "Finalizer" daemon [_thread_blocked, id=7645, stack(0x00007f515cfda000,0x00007f515d0db000)]
  0x00007f51701ce800 JavaThread "Reference Handler" daemon [_thread_blocked, id=7644, stack(0x00007f515d0db000,0x00007f515d1dc000)]
  0x00007f517000a000 JavaThread "main" [_thread_blocked, id=7634, stack(0x00007f5176d2c000,0x00007f5176e2d000)]

Other Threads:
  0x00007f51701c7000 VMThread [stack: 0x00007f515d1dc000,0x00007f515d2dd000] [id=7643]
  0x00007f5170227000 WatcherThread [stack: 0x00007f515c5fa000,0x00007f515c6fb000] [id=7652]

VM state:not at safepoint (normal execution)

VM Mutex/Monitor currently owned by a thread: None

Heap:
 PSYoungGen      total 36864K, used 19879K [0x00000000d6d80000, 0x00000000d9680000, 0x0000000100000000)
  eden space 31744K, 62% used [0x00000000d6d80000,0x00000000d80e9c60,0x00000000d8c80000)
  from space 5120K, 0% used [0x00000000d9180000,0x00000000d9180000,0x00000000d9680000)
  to   space 5120K, 0% used [0x00000000d8c80000,0x00000000d8c80000,0x00000000d9180000)
 ParOldGen       total 64512K, used 11901K [0x0000000084800000, 0x0000000088700000, 0x00000000d6d80000)
  object space 64512K, 18% used [0x0000000084800000,0x000000008539f540,0x0000000088700000)
 Metaspace       used 27963K, capacity 29018K, committed 29184K, reserved 1075200K
  class space    used 3763K, capacity 3987K, committed 4096K, reserved 1048576K

Card table byte_map: [0x00007f5160648000,0x00007f5160a25000] byte_map_base: 0x00007f5160224000

Marking Bits: (ParMarkBitMap*) 0x00007f5176209d60
 Begin Bits: [0x00007f5140240000, 0x00007f5142120000)
 End Bits:   [0x00007f5142120000, 0x00007f5144000000)

Polling page: 0x00007f5176e55000

CodeCache: size=245760Kb used=9724Kb max_used=9735Kb free=236035Kb
 bounds [0x00007f5160de5000, 0x00007f5161775000, 0x00007f516fde5000]
 total_blobs=3987 nmethods=3092 adapters=807
 compilation: enabled

Compilation events (10 events):
Event: 7.702 Thread 0x00007f517020b800 nmethod 3004 0x00007f516174d6d0 code [0x00007f516174d820, 0x00007f516174d8b8]
Event: 7.702 Thread 0x00007f517020b800 2944       4       javafx.css.CssMetaData::hashCode (28 bytes)
Event: 7.702 Thread 0x00007f5170208800 nmethod 3016 0x00007f516175ce90 code [0x00007f516175d1a0, 0x00007f516175e578]
Event: 7.702 Thread 0x00007f5170208800 2962       4       com.sun.javafx.css.StyleCacheEntry::get (37 bytes)
Event: 7.704 Thread 0x00007f517020b800 nmethod 2944 0x00007f516174ba50 code [0x00007f516174bba0, 0x00007f516174bd38]
Event: 7.704 Thread 0x00007f517020b800 3029       4       java.util.Arrays::copyOf (46 bytes)
Event: 7.704 Thread 0x00007f517020f800 nmethod 3109 0x00007f51617604d0 code [0x00007f5161760a20, 0x00007f51617642c8]
Event: 7.704 Thread 0x00007f517020f800 3113       3       javafx.scene.layout.StackPane::layoutChildren (226 bytes)
Event: 7.707 Thread 0x00007f517020b800 nmethod 3029 0x00007f516174b350 code [0x00007f516174b4c0, 0x00007f516174b838]
Event: 7.707 Thread 0x00007f517020b800 3115       4       javafx.beans.property.BooleanPropertyBase::get (29 bytes)

GC Heap History (6 events):
Event: 0.742 GC heap before
{Heap before GC invocations=1 (full 0):
 PSYoungGen      total 36864K, used 31744K [0x00000000d6d80000, 0x00000000d9680000, 0x0000000100000000)
  eden space 31744K, 100% used [0x00000000d6d80000,0x00000000d8c80000,0x00000000d8c80000)
  from space 5120K, 0% used [0x00000000d9180000,0x00000000d9180000,0x00000000d9680000)
  to   space 5120K, 0% used [0x00000000d8c80000,0x00000000d8c80000,0x00000000d9180000)
 ParOldGen       total 84992K, used 0K [0x0000000084800000, 0x0000000089b00000, 0x00000000d6d80000)
  object space 84992K, 0% used [0x0000000084800000,0x0000000084800000,0x0000000089b00000)
 Metaspace       used 15205K, capacity 15640K, committed 15744K, reserved 1062912K
  class space    used 1956K, capacity 2102K, committed 2176K, reserved 1048576K
Event: 0.750 GC heap after
Heap after GC invocations=1 (full 0):
 PSYoungGen      total 36864K, used 5088K [0x00000000d6d80000, 0x00000000d9680000, 0x0000000100000000)
  eden space 31744K, 0% used [0x00000000d6d80000,0x00000000d6d80000,0x00000000d8c80000)
  from space 5120K, 99% used [0x00000000d8c80000,0x00000000d9178080,0x00000000d9180000)
  to   space 5120K, 0% used [0x00000000d9180000,0x00000000d9180000,0x00000000d9680000)
 ParOldGen       total 84992K, used 5379K [0x0000000084800000, 0x0000000089b00000, 0x00000000d6d80000)
  object space 84992K, 6% used [0x0000000084800000,0x0000000084d40d88,0x0000000089b00000)
 Metaspace       used 15205K, capacity 15640K, committed 15744K, reserved 1062912K
  class space    used 1956K, capacity 2102K, committed 2176K, reserved 1048576K
}
Event: 6.727 GC heap before
{Heap before GC invocations=2 (full 0):
 PSYoungGen      total 36864K, used 18450K [0x00000000d6d80000, 0x00000000d9680000, 0x0000000100000000)
  eden space 31744K, 42% used [0x00000000d6d80000,0x00000000d7a8c838,0x00000000d8c80000)
  from space 5120K, 99% used [0x00000000d8c80000,0x00000000d9178080,0x00000000d9180000)
  to   space 5120K, 0% used [0x00000000d9180000,0x00000000d9180000,0x00000000d9680000)
 ParOldGen       total 84992K, used 5379K [0x0000000084800000, 0x0000000089b00000, 0x00000000d6d80000)
  object space 84992K, 6% used [0x0000000084800000,0x0000000084d40d88,0x0000000089b00000)
 Metaspace       used 20558K, capacity 21248K, committed 21296K, reserved 1067008K
  class space    used 2754K, capacity 2930K, committed 2944K, reserved 1048576K
Event: 6.735 GC heap after
Heap after GC invocations=2 (full 0):
 PSYoungGen      total 36864K, used 5104K [0x00000000d6d80000, 0x00000000d9680000, 0x0000000100000000)
  eden space 31744K, 0% used [0x00000000d6d80000,0x00000000d6d80000,0x00000000d8c80000)
  from space 5120K, 99% used [0x00000000d9180000,0x00000000d967c0a0,0x00000000d9680000)
  to   space 5120K, 0% used [0x00000000d8c80000,0x00000000d8c80000,0x00000000d9180000)
 ParOldGen       total 84992K, used 7918K [0x0000000084800000, 0x0000000089b00000, 0x00000000d6d80000)
  object space 84992K, 9% used [0x0000000084800000,0x0000000084fbbb28,0x0000000089b00000)
 Metaspace       used 20558K, capacity 21248K, committed 21296K, reserved 1067008K
  class space    used 2754K, capacity 2930K, committed 2944K, reserved 1048576K
}
Event: 6.735 GC heap before
{Heap before GC invocations=3 (full 1):
 PSYoungGen      total 36864K, used 5104K [0x00000000d6d80000, 0x00000000d9680000, 0x0000000100000000)
  eden space 31744K, 0% used [0x00000000d6d80000,0x00000000d6d80000,0x00000000d8c80000)
  from space 5120K, 99% used [0x00000000d9180000,0x00000000d967c0a0,0x00000000d9680000)
  to   space 5120K, 0% used [0x00000000d8c80000,0x00000000d8c80000,0x00000000d9180000)
 ParOldGen       total 84992K, used 7918K [0x0000000084800000, 0x0000000089b00000, 0x00000000d6d80000)
  object space 84992K, 9% used [0x0000000084800000,0x0000000084fbbb28,0x0000000089b00000)
 Metaspace       used 20558K, capacity 21248K, committed 21296K, reserved 1067008K
  class space    used 2754K, capacity 2930K, committed 2944K, reserved 1048576K
Event: 6.766 GC heap after
Heap after GC invocations=3 (full 1):
 PSYoungGen      total 36864K, used 0K [0x00000000d6d80000, 0x00000000d9680000, 0x0000000100000000)
  eden space 31744K, 0% used [0x00000000d6d80000,0x00000000d6d80000,0x00000000d8c80000)
  from space 5120K, 0% used [0x00000000d9180000,0x00000000d9180000,0x00000000d9680000)
  to   space 5120K, 0% used [0x00000000d8c80000,0x00000000d8c80000,0x00000000d9180000)
 ParOldGen       total 64512K, used 11901K [0x0000000084800000, 0x0000000088700000, 0x00000000d6d80000)
  object space 64512K, 18% used [0x0000000084800000,0x000000008539f540,0x0000000088700000)
 Metaspace       used 20558K, capacity 21248K, committed 21296K, reserved 1067008K
  class space    used 2754K, capacity 2930K, committed 2944K, reserved 1048576K
}

Deoptimization events (10 events):
Event: 7.524 Thread 0x00007f51703d3800 Uncommon trap: reason=array_check action=maybe_recompile pc=0x00007f51615d7c34 method=com.sun.javafx.css.SimpleSelector.applies(Ljavafx/css/Styleable;[Ljava/util/Set;I)Z @ 37
Event: 7.524 Thread 0x00007f51703d3800 Uncommon trap: reason=array_check action=maybe_recompile pc=0x00007f51615d7c34 method=com.sun.javafx.css.SimpleSelector.applies(Ljavafx/css/Styleable;[Ljava/util/Set;I)Z @ 37
Event: 7.524 Thread 0x00007f51703d3800 Uncommon trap: reason=array_check action=maybe_recompile pc=0x00007f51615d7c34 method=com.sun.javafx.css.SimpleSelector.applies(Ljavafx/css/Styleable;[Ljava/util/Set;I)Z @ 37
Event: 7.524 Thread 0x00007f51703d3800 Uncommon trap: reason=array_check action=maybe_recompile pc=0x00007f51615d7c34 method=com.sun.javafx.css.SimpleSelector.applies(Ljavafx/css/Styleable;[Ljava/util/Set;I)Z @ 37
Event: 7.648 Thread 0x00007f51703d3800 Uncommon trap: reason=array_check action=maybe_recompile pc=0x00007f51616deae4 method=com.sun.javafx.css.SimpleSelector.applies(Ljavafx/css/Styleable;[Ljava/util/Set;I)Z @ 37
Event: 7.670 Thread 0x00007f51703d3800 Uncommon trap: reason=array_check action=maybe_recompile pc=0x00007f5161705344 method=com.sun.javafx.css.CompoundSelector.applies(Ljavafx/css/Styleable;[Ljava/util/Set;I)Z @ 128
Event: 7.670 Thread 0x00007f51703d3800 Uncommon trap: reason=array_check action=maybe_recompile pc=0x00007f5161705344 method=com.sun.javafx.css.CompoundSelector.applies(Ljavafx/css/Styleable;[Ljava/util/Set;I)Z @ 128
Event: 7.670 Thread 0x00007f51703d3800 Uncommon trap: reason=array_check action=maybe_recompile pc=0x00007f5161705344 method=com.sun.javafx.css.CompoundSelector.applies(Ljavafx/css/Styleable;[Ljava/util/Set;I)Z @ 128
Event: 7.670 Thread 0x00007f51703d3800 Uncommon trap: reason=array_check action=maybe_recompile pc=0x00007f5161705344 method=com.sun.javafx.css.CompoundSelector.applies(Ljavafx/css/Styleable;[Ljava/util/Set;I)Z @ 128
Event: 7.691 Thread 0x00007f51703d3800 Uncommon trap: reason=unstable_if action=reinterpret pc=0x00007f51613108dc method=java.lang.Math.round(D)J @ 48

Internal exceptions (10 events):
Event: 0.389 Thread 0x00007f51703d3800 Exception <a 'java/lang/ArrayIndexOutOfBoundsException'> (0x00000000d7e8b2b8) thrown at [/HUDSON/workspace/8-2-build-linux-amd64/jdk8u91/6644/hotspot/src/share/vm/runtime/sharedRuntime.cpp, line 605]
Event: 0.500 Thread 0x00007f51703d3800 Implicit null exception at 0x00007f5160ff9ef5 to 0x00007f5160ffa245
Event: 0.717 Thread 0x00007f51703d3800 Implicit null exception at 0x00007f51610db175 to 0x00007f51610db399
Event: 0.720 Thread 0x00007f51703d3800 Implicit null exception at 0x00007f51610b74af to 0x00007f51610b7519
Event: 6.722 Thread 0x00007f51703d3800 Exception <a 'java/io/FileNotFoundException'> (0x00000000d7a2e1d8) thrown at [/HUDSON/workspace/8-2-build-linux-amd64/jdk8u91/6644/hotspot/src/share/vm/prims/jni.cpp, line 709]
Event: 6.722 Thread 0x00007f51703d3800 Exception <a 'java/io/FileNotFoundException'> (0x00000000d7a2ef70) thrown at [/HUDSON/workspace/8-2-build-linux-amd64/jdk8u91/6644/hotspot/src/share/vm/prims/jni.cpp, line 709]
Event: 6.962 Thread 0x00007f50e44ef800 Exception <a 'java/lang/UnsupportedOperationException': > (0x00000000d6fd9b30) thrown at [/HUDSON/workspace/8-2-build-linux-amd64/jdk8u91/6644/hotspot/src/share/vm/prims/jni.cpp, line 735]
Event: 7.346 Thread 0x00007f51703d3800 Exception <a 'java/lang/ArrayIndexOutOfBoundsException'> (0x00000000d713c328) thrown at [/HUDSON/workspace/8-2-build-linux-amd64/jdk8u91/6644/hotspot/src/share/vm/runtime/sharedRuntime.cpp, line 605]
Event: 7.347 Thread 0x00007f51703d3800 Exception <a 'java/lang/ArrayIndexOutOfBoundsException'> (0x00000000d713e538) thrown at [/HUDSON/workspace/8-2-build-linux-amd64/jdk8u91/6644/hotspot/src/share/vm/runtime/sharedRuntime.cpp, line 605]
Event: 7.418 Thread 0x00007f51703d3800 Exception <a 'java/lang/ArrayIndexOutOfBoundsException': 65> (0x00000000d74b9610) thrown at [/HUDSON/workspace/8-2-build-linux-amd64/jdk8u91/6644/hotspot/src/share/vm/interpreter/interpreterRuntime.cpp, line 366]

Events (10 events):
Event: 7.690 loading class com/jfoenix/skins/JFXRadioButtonSkin$1 done
Event: 7.691 Thread 0x00007f51703d3800 Uncommon trap: trap_request=0xffffff65 fr.pc=0x00007f51613108dc
Event: 7.691 Thread 0x00007f51703d3800 DEOPT PACKING pc=0x00007f51613108dc sp=0x00007f510013e730
Event: 7.691 Thread 0x00007f51703d3800 DEOPT UNPACKING pc=0x00007f5160dea229 sp=0x00007f510013e6a8 mode 2
Event: 7.692 Executing VM operation: ForceSafepoint
Event: 7.692 Executing VM operation: ForceSafepoint done
Event: 7.696 loading class com/sun/javafx/font/PrismFontUtils
Event: 7.696 loading class com/sun/javafx/font/PrismFontUtils done
Event: 7.696 loading class com/sun/javafx/tk/FontMetrics
Event: 7.696 loading class com/sun/javafx/tk/FontMetrics done


Dynamic libraries:
00400000-00401000 r-xp 00000000 08:0f 1573679                            /usr/lib/jvm/oracle_jdk8/jre/bin/java
00600000-00601000 rw-p 00000000 08:0f 1573679                            /usr/lib/jvm/oracle_jdk8/jre/bin/java
00ef4000-00f15000 rw-p 00000000 00:00 0                                  [heap]
84800000-88700000 rw-p 00000000 00:00 0 
88700000-d6d80000 ---p 00000000 00:00 0 
d6d80000-d9680000 rw-p 00000000 00:00 0 
d9680000-100000000 ---p 00000000 00:00 0 
100000000-100400000 rw-p 00000000 00:00 0 
100400000-140000000 ---p 00000000 00:00 0 
7f50c0000000-7f50c0021000 rw-p 00000000 00:00 0 
7f50c0021000-7f50c4000000 ---p 00000000 00:00 0 
7f50c8000000-7f50c8021000 rw-p 00000000 00:00 0 
7f50c8021000-7f50cc000000 ---p 00000000 00:00 0 
7f50cc000000-7f50cc021000 rw-p 00000000 00:00 0 
7f50cc021000-7f50d0000000 ---p 00000000 00:00 0 
7f50d336d000-7f50d33ed000 rw-p 00000000 00:00 0 
7f50d33ed000-7f50d356d000 ---p 00000000 00:00 0 
7f50d356d000-7f50d376d000 rw-p 00000000 00:00 0 
7f50d376d000-7f50d3770000 ---p 00000000 00:00 0 
7f50d3770000-7f50d386e000 rw-p 00000000 00:00 0 
7f50d386e000-7f50d3871000 ---p 00000000 00:00 0 
7f50d3871000-7f50d396f000 rw-p 00000000 00:00 0 
7f50d396f000-7f50d39d8000 r-xp 00000000 08:0f 1587707                    /usr/lib/jvm/oracle_jdk8/jre/lib/amd64/libt2k.so
7f50d39d8000-7f50d3bd8000 ---p 00069000 08:0f 1587707                    /usr/lib/jvm/oracle_jdk8/jre/lib/amd64/libt2k.so
7f50d3bd8000-7f50d3bdf000 rw-p 00069000 08:0f 1587707                    /usr/lib/jvm/oracle_jdk8/jre/lib/amd64/libt2k.so
7f50d3bdf000-7f50d3bef000 rw-p 00000000 00:00 0 
7f50d3bef000-7f50d3c00000 r-xp 00000000 08:0f 1587741                    /usr/lib/jvm/oracle_jdk8/jre/lib/amd64/libnio.so
7f50d3c00000-7f50d3dff000 ---p 00011000 08:0f 1587741                    /usr/lib/jvm/oracle_jdk8/jre/lib/amd64/libnio.so
7f50d3dff000-7f50d3e00000 rw-p 00010000 08:0f 1587741                    /usr/lib/jvm/oracle_jdk8/jre/lib/amd64/libnio.so
7f50d3e00000-7f50d4000000 rw-p 00000000 00:00 0 
7f50d4000000-7f50d4021000 rw-p 00000000 00:00 0 
7f50d4021000-7f50d8000000 ---p 00000000 00:00 0 
7f50d8000000-7f50d8024000 rw-p 00000000 00:00 0 
7f50d8024000-7f50dc000000 ---p 00000000 00:00 0 
7f50dc000000-7f50dc021000 rw-p 00000000 00:00 0 
7f50dc021000-7f50e0000000 ---p 00000000 00:00 0 
7f50e0000000-7f50e0021000 rw-p 00000000 00:00 0 
7f50e0021000-7f50e4000000 ---p 00000000 00:00 0 
7f50e4000000-7f50e4946000 rw-p 00000000 00:00 0 
7f50e4946000-7f50e8000000 ---p 00000000 00:00 0 
7f50e8000000-7f50e8021000 rw-p 00000000 00:00 0 
7f50e8021000-7f50ec000000 ---p 00000000 00:00 0 
7f50ec000000-7f50ec022000 rw-p 00000000 00:00 0 
7f50ec022000-7f50f0000000 ---p 00000000 00:00 0 
7f50f0000000-7f50f0021000 rw-p 00000000 00:00 0 
7f50f0021000-7f50f4000000 ---p 00000000 00:00 0 
7f50f4000000-7f50f4021000 rw-p 00000000 00:00 0 
7f50f4021000-7f50f8000000 ---p 00000000 00:00 0 
7f50f80d0000-7f50f80d3000 ---p 00000000 00:00 0 
7f50f80d3000-7f50f81d1000 rw-p 00000000 00:00 0 
7f50f81d1000-7f50f81d4000 ---p 00000000 00:00 0 
7f50f81d4000-7f50f82d2000 rw-p 00000000 00:00 0 
7f50f82d2000-7f50f82d5000 ---p 00000000 00:00 0 
7f50f82d5000-7f50f83d3000 rw-p 00000000 00:00 0 
7f50f83d3000-7f50f8438000 r-xp 00000000 08:0f 1587720                    /usr/lib/jvm/oracle_jdk8/jre/lib/amd64/libfontmanager.so
7f50f8438000-7f50f8637000 ---p 00065000 08:0f 1587720                    /usr/lib/jvm/oracle_jdk8/jre/lib/amd64/libfontmanager.so
7f50f8637000-7f50f863c000 rw-p 00064000 08:0f 1587720                    /usr/lib/jvm/oracle_jdk8/jre/lib/amd64/libfontmanager.so
7f50f863c000-7f50f884c000 rw-p 00000000 00:00 0 
7f50f884c000-7f50f88a0000 r-xp 00000000 08:0f 1587745                    /usr/lib/jvm/oracle_jdk8/jre/lib/amd64/libawt_xawt.so
7f50f88a0000-7f50f8aa0000 ---p 00054000 08:0f 1587745                    /usr/lib/jvm/oracle_jdk8/jre/lib/amd64/libawt_xawt.so
7f50f8aa0000-7f50f8aa4000 rw-p 00054000 08:0f 1587745                    /usr/lib/jvm/oracle_jdk8/jre/lib/amd64/libawt_xawt.so
7f50f8aa4000-7f50f8aa5000 rw-p 00000000 00:00 0 
7f50f8aa5000-7f50f8b47000 r-xp 00000000 08:0f 1587731                    /usr/lib/jvm/oracle_jdk8/jre/lib/amd64/libawt.so
7f50f8b47000-7f50f8d47000 ---p 000a2000 08:0f 1587731                    /usr/lib/jvm/oracle_jdk8/jre/lib/amd64/libawt.so
7f50f8d47000-7f50f8d53000 rw-p 000a2000 08:0f 1587731                    /usr/lib/jvm/oracle_jdk8/jre/lib/amd64/libawt.so
7f50f8d53000-7f50f8d77000 rw-p 00000000 00:00 0 
7f50f8d77000-7f50f8d93000 rw-s 00000000 00:05 264854                     /drm mm object (deleted)
7f50f8d93000-7f50f8f53000 rw-s 1032b6000 00:06 349                       /dev/dri/card0
7f50f8f53000-7f50f9553000 rw-s 00000000 00:05 263396                     /drm mm object (deleted)
7f50f9553000-7f50f9713000 rw-s 00000000 00:05 263391                     /drm mm object (deleted)
7f50f9713000-7f50f9723000 rw-s 00000000 00:05 263395                     /drm mm object (deleted)
7f50f9723000-7f50f972b000 rw-s 00000000 00:05 263394                     /drm mm object (deleted)
7f50f972b000-7f50f973b000 rw-s 00000000 00:05 263393                     /drm mm object (deleted)
7f50f973b000-7f50f9747000 rw-s 00000000 00:05 263339                     /drm mm object (deleted)
7f50f9747000-7f50f9947000 rw-p 00000000 00:00 0 
7f50f9947000-7f50f995a000 r--s 00344000 08:0f 1587685                    /usr/lib/jvm/oracle_jdk8/jre/lib/resources.jar
7f50f995a000-7f50f9a07000 r--p 00000000 08:0f 2225679                    /usr/share/fonts/truetype/dejavu/DejaVuSans-Bold.ttf
7f50f9a07000-7f50f9a0a000 ---p 00000000 00:00 0 
7f50f9a0a000-7f50f9b08000 rw-p 00000000 00:00 0 
7f50f9b08000-7f50f9bc1000 r--p 00000000 08:0f 2225680                    /usr/share/fonts/truetype/dejavu/DejaVuSans.ttf
7f50f9bc1000-7f50f9bd4000 r--p 00000000 08:0f 1713188                    /usr/lib/jvm/oracle_jdk8/jre/lib/fonts/LucidaBrightDemiItalic.ttf
7f50f9bd4000-7f50f9be8000 r--p 00000000 08:0f 1713183                    /usr/lib/jvm/oracle_jdk8/jre/lib/fonts/LucidaBrightItalic.ttf
7f50f9be8000-7f50f9c3d000 r--p 00000000 08:0f 1713185                    /usr/lib/jvm/oracle_jdk8/jre/lib/fonts/LucidaBrightRegular.ttf
7f50f9c3d000-7f50f9c77000 r--p 00000000 08:0f 1713190                    /usr/lib/jvm/oracle_jdk8/jre/lib/fonts/LucidaTypewriterBold.ttf
7f50f9c77000-7f50f9cc5000 r--p 00000000 08:0f 1713186                    /usr/lib/jvm/oracle_jdk8/jre/lib/fonts/LucidaSansDemiBold.ttf
7f50f9cc5000-7f50f9cd8000 r--p 00000000 08:0f 1713191                    /usr/lib/jvm/oracle_jdk8/jre/lib/fonts/LucidaBrightDemiBold.ttf
7f50f9cd8000-7f50f9d14000 r--p 00000000 08:0f 1713189                    /usr/lib/jvm/oracle_jdk8/jre/lib/fonts/LucidaTypewriterRegular.ttf
7f50f9d14000-7f50f9dbf000 r--p 00000000 08:0f 1713184                    /usr/lib/jvm/oracle_jdk8/jre/lib/fonts/LucidaSansRegular.ttf
7f50f9dbf000-7f50f9dc3000 r-xp 00000000 08:0f 1587696                    /usr/lib/jvm/oracle_jdk8/jre/lib/amd64/libjavafx_font_pango.so
7f50f9dc3000-7f50f9fc2000 ---p 00004000 08:0f 1587696                    /usr/lib/jvm/oracle_jdk8/jre/lib/amd64/libjavafx_font_pango.so
7f50f9fc2000-7f50f9fc3000 rw-p 00003000 08:0f 1587696                    /usr/lib/jvm/oracle_jdk8/jre/lib/amd64/libjavafx_font_pango.so
7f50f9fc3000-7f50fa1c3000 rw-p 00000000 00:00 0 
7f50fa1c3000-7f50fa1c8000 r--s 00084000 08:0f 1573685                    /usr/lib/jvm/oracle_jdk8/jre/lib/jfr.jar
7f50fa1c8000-7f50fa1cc000 r--s 00097000 08:0f 1587686                    /usr/lib/jvm/oracle_jdk8/jre/lib/jsse.jar
7f50fa1cc000-7f50fa3cc000 rw-p 00000000 00:00 0 
7f50fa3cc000-7f50fa3e2000 r-xp 00000000 08:0f 1587738                    /usr/lib/jvm/oracle_jdk8/jre/lib/amd64/libnet.so
7f50fa3e2000-7f50fa5e2000 ---p 00016000 08:0f 1587738                    /usr/lib/jvm/oracle_jdk8/jre/lib/amd64/libnet.so
7f50fa5e2000-7f50fa5e3000 rw-p 00016000 08:0f 1587738                    /usr/lib/jvm/oracle_jdk8/jre/lib/amd64/libnet.so
7f50fa5e3000-7f50fa5e9000 r--s 002f8000 08:0f 1587656                    /usr/lib/jvm/oracle_jdk8/jre/lib/charsets.jar
7f50fa5e9000-7f50fa5ec000 ---p 00000000 00:00 0 
7f50fa5ec000-7f50fa8ea000 rw-p 00000000 00:00 0 
7f50fa8ea000-7f50fa8f5000 r--s 00000000 08:0f 134039                     /var/cache/fontconfig/945677eb7aeaf62f1d50efc3fb3ec7d8-le64.cache-6
7f50fa8f5000-7f50fa8fa000 r-xp 00000000 08:0f 1587699                    /usr/lib/jvm/oracle_jdk8/jre/lib/amd64/libjavafx_font_freetype.so
7f50fa8fa000-7f50faaf9000 ---p 00005000 08:0f 1587699                    /usr/lib/jvm/oracle_jdk8/jre/lib/amd64/libjavafx_font_freetype.so
7f50faaf9000-7f50faafa000 rw-p 00004000 08:0f 1587699                    /usr/lib/jvm/oracle_jdk8/jre/lib/amd64/libjavafx_font_freetype.so
7f50faafa000-7f50faafd000 r-xp 00000000 08:0f 1587739                    /usr/lib/jvm/oracle_jdk8/jre/lib/amd64/libjavafx_font.so
7f50faafd000-7f50facfc000 ---p 00003000 08:0f 1587739                    /usr/lib/jvm/oracle_jdk8/jre/lib/amd64/libjavafx_font.so
7f50facfc000-7f50facfd000 rw-p 00002000 08:0f 1587739                    /usr/lib/jvm/oracle_jdk8/jre/lib/amd64/libjavafx_font.so
7f50facfd000-7f50faefd000 rw-p 00000000 00:00 0 
7f50faefd000-7f50faf00000 ---p 00000000 00:00 0 
7f50faf00000-7f50faffe000 rw-p 00000000 00:00 0 
7f50faffe000-7f50fafff000 ---p 00000000 00:00 0 
7f50fafff000-7f50fb7ff000 rw-p 00000000 00:00 0 
7f50fb7ff000-7f50fb800000 ---p 00000000 00:00 0 
7f50fb800000-7f50fc000000 rw-p 00000000 00:00 0 
7f50fc000000-7f50fc021000 rw-p 00000000 00:00 0 
7f50fc021000-7f5100000000 ---p 00000000 00:00 0 
7f5100001000-7f5100002000 rw-s 00000000 00:05 261977                     /drm mm object (deleted)
7f5100002000-7f5100003000 rw-s 00000000 00:05 261976                     /drm mm object (deleted)
7f5100003000-7f5100009000 r--s 00000000 08:0f 134020                     /var/cache/fontconfig/2cd17615ca594fa2959ae173292e504c-le64.cache-6
7f5100009000-7f510000a000 r--s 00000000 08:0f 134017                     /var/cache/fontconfig/0d8c3b2ac0904cb8a57a757ad11a4a08-le64.cache-6
7f510000a000-7f510000e000 r--s 00000000 08:0f 132419                     /var/cache/fontconfig/de156ccd2eddbdc19d37a45b8b2aac9c-le64.cache-6
7f510000e000-7f5100023000 r--s 00000000 08:0f 134013                     /var/cache/fontconfig/04aabc0a78ac019cf9454389977116d2-le64.cache-6
7f5100023000-7f5100024000 r--s 00000000 08:0f 134019                     /var/cache/fontconfig/1ac9eb803944fde146138c791f5cc56a-le64.cache-6
7f5100024000-7f5100028000 r--s 00000000 08:0f 134024                     /var/cache/fontconfig/385c0604a188198f04d133e54aba7fe7-le64.cache-6
7f5100028000-7f5100029000 r--s 00000000 08:0f 134052                     /var/cache/fontconfig/dc05db6664285cc2f12bf69c139ae4c3-le64.cache-6
7f5100029000-7f510002c000 r--s 00000000 08:0f 134035                     /var/cache/fontconfig/767a8244fc0220cfb567a839d0392e0b-le64.cache-6
7f510002c000-7f510002d000 r--s 00000000 08:0f 132299                     /var/cache/fontconfig/4794a0821666d79190d59a36cb4f44b5-le64.cache-6
7f510002d000-7f510002e000 r--s 00000000 08:0f 134015                     /var/cache/fontconfig/0bd3dc0958fa2205aaaa8ebb13e2872b-le64.cache-6
7f510002e000-7f5100033000 r--s 00000000 08:0f 134038                     /var/cache/fontconfig/8801497958630a81b71ace7c5f9b32a8-le64.cache-6
7f5100033000-7f5100037000 r--s 00000000 08:0f 132418                     /var/cache/fontconfig/c57959a16110560c8d0fcea73374aeeb-le64.cache-6
7f5100037000-7f510003d000 r--s 00000000 08:0f 134021                     /var/cache/fontconfig/3047814df9a2f067bd2d96a2b9c36e5a-le64.cache-6
7f510003d000-7f5100043000 r--s 00000000 08:0f 134043                     /var/cache/fontconfig/b47c4e1ecd0709278f4910c18777a504-le64.cache-6
7f5100043000-7f5100046000 ---p 00000000 00:00 0 
7f5100046000-7f5100144000 rw-p 00000000 00:00 0 
7f5100144000-7f5100147000 ---p 00000000 00:00 0 
7f5100147000-7f5100245000 rw-p 00000000 00:00 0 
7f5100245000-7f5100246000 ---p 00000000 00:00 0 
7f5100246000-7f5100a46000 rw-p 00000000 00:00 0 
7f5100a46000-7f5100a52000 r-xp 00000000 08:0f 1572888                    /usr/lib/x86_64-linux-gnu/gio/modules/libdconfsettings.so
7f5100a52000-7f5100c51000 ---p 0000c000 08:0f 1572888                    /usr/lib/x86_64-linux-gnu/gio/modules/libdconfsettings.so
7f5100c51000-7f5100c52000 r--p 0000b000 08:0f 1572888                    /usr/lib/x86_64-linux-gnu/gio/modules/libdconfsettings.so
7f5100c52000-7f5100c53000 rw-p 0000c000 08:0f 1572888                    /usr/lib/x86_64-linux-gnu/gio/modules/libdconfsettings.so
7f5100c53000-7f5100c9c000 r--p 00000000 08:0f 1703186                    /usr/share/glib-2.0/schemas/gschemas.compiled
7f5100c9c000-7f5100ca3000 r-xp 00000000 08:0f 1318849                    /usr/lib/x86_64-linux-gnu/libogg.so.0.8.2
7f5100ca3000-7f5100ea3000 ---p 00007000 08:0f 1318849                    /usr/lib/x86_64-linux-gnu/libogg.so.0.8.2
7f5100ea3000-7f5100ea4000 r--p 00007000 08:0f 1318849                    /usr/lib/x86_64-linux-gnu/libogg.so.0.8.2
7f5100ea4000-7f5100ea5000 rw-p 00008000 08:0f 1318849                    /usr/lib/x86_64-linux-gnu/libogg.so.0.8.2
7f5100ea5000-7f5100ecf000 r-xp 00000000 08:0f 1319282                    /usr/lib/x86_64-linux-gnu/libvorbis.so.0.4.8
7f5100ecf000-7f51010cf000 ---p 0002a000 08:0f 1319282                    /usr/lib/x86_64-linux-gnu/libvorbis.so.0.4.8
7f51010cf000-7f51010d0000 r--p 0002a000 08:0f 1319282                    /usr/lib/x86_64-linux-gnu/libvorbis.so.0.4.8
7f51010d0000-7f51010d1000 rw-p 0002b000 08:0f 1319282                    /usr/lib/x86_64-linux-gnu/libvorbis.so.0.4.8
7f51010d1000-7f51010d9000 r-xp 00000000 08:0f 1318693                    /usr/lib/x86_64-linux-gnu/libltdl.so.7.3.1
7f51010d9000-7f51012d9000 ---p 00008000 08:0f 1318693                    /usr/lib/x86_64-linux-gnu/libltdl.so.7.3.1
7f51012d9000-7f51012da000 r--p 00008000 08:0f 1318693                    /usr/lib/x86_64-linux-gnu/libltdl.so.7.3.1
7f51012da000-7f51012db000 rw-p 00009000 08:0f 1318693                    /usr/lib/x86_64-linux-gnu/libltdl.so.7.3.1
7f51012db000-7f51012ef000 r-xp 00000000 08:0f 1319115                    /usr/lib/x86_64-linux-gnu/libtdb.so.1.3.9
7f51012ef000-7f51014ee000 ---p 00014000 08:0f 1319115                    /usr/lib/x86_64-linux-gnu/libtdb.so.1.3.9
7f51014ee000-7f51014ef000 r--p 00013000 08:0f 1319115                    /usr/lib/x86_64-linux-gnu/libtdb.so.1.3.9
7f51014ef000-7f51014f0000 rw-p 00014000 08:0f 1319115                    /usr/lib/x86_64-linux-gnu/libtdb.so.1.3.9
7f51014f0000-7f51014f7000 r-xp 00000000 08:0f 1319286                    /usr/lib/x86_64-linux-gnu/libvorbisfile.so.3.3.7
7f51014f7000-7f51016f7000 ---p 00007000 08:0f 1319286                    /usr/lib/x86_64-linux-gnu/libvorbisfile.so.3.3.7
7f51016f7000-7f51016f8000 r--p 00007000 08:0f 1319286                    /usr/lib/x86_64-linux-gnu/libvorbisfile.so.3.3.7
7f51016f8000-7f51016f9000 rw-p 00008000 08:0f 1319286                    /usr/lib/x86_64-linux-gnu/libvorbisfile.so.3.3.7
7f51016f9000-7f5101709000 r-xp 00000000 08:0f 1318049                    /usr/lib/x86_64-linux-gnu/libcanberra.so.0.2.5
7f5101709000-7f5101909000 ---p 00010000 08:0f 1318049                    /usr/lib/x86_64-linux-gnu/libcanberra.so.0.2.5
7f5101909000-7f510190a000 r--p 00010000 08:0f 1318049                    /usr/lib/x86_64-linux-gnu/libcanberra.so.0.2.5
7f510190a000-7f510190b000 rw-p 00011000 08:0f 1318049                    /usr/lib/x86_64-linux-gnu/libcanberra.so.0.2.5
7f510190b000-7f510190f000 r-xp 00000000 08:0f 1318045                    /usr/lib/x86_64-linux-gnu/libcanberra-gtk.so.0.1.9
7f510190f000-7f5101b0e000 ---p 00004000 08:0f 1318045                    /usr/lib/x86_64-linux-gnu/libcanberra-gtk.so.0.1.9
7f5101b0e000-7f5101b0f000 r--p 00003000 08:0f 1318045                    /usr/lib/x86_64-linux-gnu/libcanberra-gtk.so.0.1.9
7f5101b0f000-7f5101b10000 rw-p 00004000 08:0f 1318045                    /usr/lib/x86_64-linux-gnu/libcanberra-gtk.so.0.1.9
7f5101b10000-7f5101b15000 r-xp 00000000 08:0f 1573095                    /usr/lib/x86_64-linux-gnu/gtk-2.0/modules/libcanberra-gtk-module.so
7f5101b15000-7f5101d14000 ---p 00005000 08:0f 1573095                    /usr/lib/x86_64-linux-gnu/gtk-2.0/modules/libcanberra-gtk-module.so
7f5101d14000-7f5101d15000 r--p 00004000 08:0f 1573095                    /usr/lib/x86_64-linux-gnu/gtk-2.0/modules/libcanberra-gtk-module.so
7f5101d15000-7f5101d16000 rw-p 00005000 08:0f 1573095                    /usr/lib/x86_64-linux-gnu/gtk-2.0/modules/libcanberra-gtk-module.so
7f5101d16000-7f5101d46000 r-xp 00000000 08:0f 1573077                    /usr/lib/x86_64-linux-gnu/gtk-2.0/2.10.0/engines/libmurrine.so
7f5101d46000-7f5101f46000 ---p 00030000 08:0f 1573077                    /usr/lib/x86_64-linux-gnu/gtk-2.0/2.10.0/engines/libmurrine.so
7f5101f46000-7f5101f47000 r--p 00030000 08:0f 1573077                    /usr/lib/x86_64-linux-gnu/gtk-2.0/2.10.0/engines/libmurrine.so
7f5101f47000-7f5101f48000 rw-p 00031000 08:0f 1573077                    /usr/lib/x86_64-linux-gnu/gtk-2.0/2.10.0/engines/libmurrine.so
7f5101f48000-7f5101f59000 r-xp 00000000 08:0f 1587590                    /usr/lib/x86_64-linux-gnu/gtk-2.0/modules/liboverlay-scrollbar.so
7f5101f59000-7f5102159000 ---p 00011000 08:0f 1587590                    /usr/lib/x86_64-linux-gnu/gtk-2.0/modules/liboverlay-scrollbar.so
7f5102159000-7f510215a000 r--p 00011000 08:0f 1587590                    /usr/lib/x86_64-linux-gnu/gtk-2.0/modules/liboverlay-scrollbar.so
7f510215a000-7f510215b000 rw-p 00012000 08:0f 1587590                    /usr/lib/x86_64-linux-gnu/gtk-2.0/modules/liboverlay-scrollbar.so
7f510215b000-7f5102184000 r-xp 00000000 08:0f 1587715                    /usr/lib/jvm/oracle_jdk8/jre/lib/amd64/libglass.so
7f5102184000-7f5102383000 ---p 00029000 08:0f 1587715                    /usr/lib/jvm/oracle_jdk8/jre/lib/amd64/libglass.so
7f5102383000-7f5102386000 rw-p 00028000 08:0f 1587715                    /usr/lib/jvm/oracle_jdk8/jre/lib/amd64/libglass.so
7f5102386000-7f51023bd000 r-xp 00000000 08:0f 1319162                    /usr/lib/x86_64-linux-gnu/libtxc_dxtn_s2tc.so.0.0.0
7f51023bd000-7f51025bc000 ---p 00037000 08:0f 1319162                    /usr/lib/x86_64-linux-gnu/libtxc_dxtn_s2tc.so.0.0.0
7f51025bc000-7f51025bd000 r--p 00036000 08:0f 1319162                    /usr/lib/x86_64-linux-gnu/libtxc_dxtn_s2tc.so.0.0.0
7f51025bd000-7f51025be000 rw-p 00037000 08:0f 1319162                    /usr/lib/x86_64-linux-gnu/libtxc_dxtn_s2tc.so.0.0.0
7f51025be000-7f51025c6000 r-xp 00000000 08:0f 1318896                    /usr/lib/x86_64-linux-gnu/libpciaccess.so.0.11.1
7f51025c6000-7f51027c6000 ---p 00008000 08:0f 1318896                    /usr/lib/x86_64-linux-gnu/libpciaccess.so.0.11.1
7f51027c6000-7f51027c7000 r--p 00008000 08:0f 1318896                    /usr/lib/x86_64-linux-gnu/libpciaccess.so.0.11.1
7f51027c7000-7f51027c8000 rw-p 00009000 08:0f 1318896                    /usr/lib/x86_64-linux-gnu/libpciaccess.so.0.11.1
7f51027c8000-7f51027da000 r-xp 00000000 08:0f 528094                     /lib/x86_64-linux-gnu/libgpg-error.so.0.19.1
7f51027da000-7f51029da000 ---p 00012000 08:0f 528094                     /lib/x86_64-linux-gnu/libgpg-error.so.0.19.1
7f51029da000-7f51029db000 r--p 00012000 08:0f 528094                     /lib/x86_64-linux-gnu/libgpg-error.so.0.19.1
7f51029db000-7f51029dc000 rw-p 00013000 08:0f 528094                     /lib/x86_64-linux-gnu/libgpg-error.so.0.19.1
7f51029dc000-7f51029e7000 r-xp 00000000 08:0f 1318198                    /usr/lib/x86_64-linux-gnu/libdrm_radeon.so.1.0.1
7f51029e7000-7f5102be6000 ---p 0000b000 08:0f 1318198                    /usr/lib/x86_64-linux-gnu/libdrm_radeon.so.1.0.1
7f5102be6000-7f5102be7000 r--p 0000a000 08:0f 1318198                    /usr/lib/x86_64-linux-gnu/libdrm_radeon.so.1.0.1
7f5102be7000-7f5102be8000 rw-p 0000b000 08:0f 1318198                    /usr/lib/x86_64-linux-gnu/libdrm_radeon.so.1.0.1
7f5102be8000-7f5102bef000 r-xp 00000000 08:0f 1318196                    /usr/lib/x86_64-linux-gnu/libdrm_nouveau.so.2.0.0
7f5102bef000-7f5102dee000 ---p 00007000 08:0f 1318196                    /usr/lib/x86_64-linux-gnu/libdrm_nouveau.so.2.0.0
7f5102dee000-7f5102def000 r--p 00006000 08:0f 1318196                    /usr/lib/x86_64-linux-gnu/libdrm_nouveau.so.2.0.0
7f5102def000-7f5102df0000 rw-p 00007000 08:0f 1318196                    /usr/lib/x86_64-linux-gnu/libdrm_nouveau.so.2.0.0
7f5102df0000-7f5102e10000 r-xp 00000000 08:0f 1318194                    /usr/lib/x86_64-linux-gnu/libdrm_intel.so.1.0.0
7f5102e10000-7f510300f000 ---p 00020000 08:0f 1318194                    /usr/lib/x86_64-linux-gnu/libdrm_intel.so.1.0.0
7f510300f000-7f5103010000 r--p 0001f000 08:0f 1318194                    /usr/lib/x86_64-linux-gnu/libdrm_intel.so.1.0.0
7f5103010000-7f5103011000 rw-p 00020000 08:0f 1318194                    /usr/lib/x86_64-linux-gnu/libdrm_intel.so.1.0.0
7f5103011000-7f5103118000 r-xp 00000000 08:0f 528090                     /lib/x86_64-linux-gnu/libgcrypt.so.20.1.2
7f5103118000-7f5103317000 ---p 00107000 08:0f 528090                     /lib/x86_64-linux-gnu/libgcrypt.so.20.1.2
7f5103317000-7f5103319000 r--p 00106000 08:0f 528090                     /lib/x86_64-linux-gnu/libgcrypt.so.20.1.2
7f5103319000-7f5103320000 rw-p 00108000 08:0f 528090                     /lib/x86_64-linux-gnu/libgcrypt.so.20.1.2
7f5103320000-7f51039c3000 r-xp 00000000 08:0f 1571962                    /usr/lib/x86_64-linux-gnu/dri/i965_dri.so
7f51039c3000-7f5103bc2000 ---p 006a3000 08:0f 1571962                    /usr/lib/x86_64-linux-gnu/dri/i965_dri.so
7f5103bc2000-7f5103c01000 r--p 006a2000 08:0f 1571962                    /usr/lib/x86_64-linux-gnu/dri/i965_dri.so
7f5103c01000-7f5103c09000 rw-p 006e1000 08:0f 1571962                    /usr/lib/x86_64-linux-gnu/dri/i965_dri.so
7f5103c09000-7f5103c11000 rw-p 00000000 00:00 0 
7f5103c11000-7f5103c15000 r-xp 00000000 08:0f 527948                     /lib/x86_64-linux-gnu/libuuid.so.1.3.0
7f5103c15000-7f5103e14000 ---p 00004000 08:0f 527948                     /lib/x86_64-linux-gnu/libuuid.so.1.3.0
7f5103e14000-7f5103e15000 r--p 00003000 08:0f 527948                     /lib/x86_64-linux-gnu/libuuid.so.1.3.0
7f5103e15000-7f5103e16000 rw-p 00004000 08:0f 527948                     /lib/x86_64-linux-gnu/libuuid.so.1.3.0
7f5103e16000-7f5103e1c000 r-xp 00000000 08:0f 1318139                    /usr/lib/x86_64-linux-gnu/libdatrie.so.1.3.3
7f5103e1c000-7f510401c000 ---p 00006000 08:0f 1318139                    /usr/lib/x86_64-linux-gnu/libdatrie.so.1.3.3
7f510401c000-7f510401d000 r--p 00006000 08:0f 1318139                    /usr/lib/x86_64-linux-gnu/libdatrie.so.1.3.3
7f510401d000-7f510401e000 rw-p 00007000 08:0f 1318139                    /usr/lib/x86_64-linux-gnu/libdatrie.so.1.3.3
7f510401e000-7f5104023000 r-xp 00000000 08:0f 1317884                    /usr/lib/x86_64-linux-gnu/libXdmcp.so.6.0.0
7f5104023000-7f5104222000 ---p 00005000 08:0f 1317884                    /usr/lib/x86_64-linux-gnu/libXdmcp.so.6.0.0
7f5104222000-7f5104223000 r--p 00004000 08:0f 1317884                    /usr/lib/x86_64-linux-gnu/libXdmcp.so.6.0.0
7f5104223000-7f5104224000 rw-p 00005000 08:0f 1317884                    /usr/lib/x86_64-linux-gnu/libXdmcp.so.6.0.0
7f5104224000-7f5104226000 r-xp 00000000 08:0f 1317873                    /usr/lib/x86_64-linux-gnu/libXau.so.6.0.0
7f5104226000-7f5104426000 ---p 00002000 08:0f 1317873                    /usr/lib/x86_64-linux-gnu/libXau.so.6.0.0
7f5104426000-7f5104427000 r--p 00002000 08:0f 1317873                    /usr/lib/x86_64-linux-gnu/libXau.so.6.0.0
7f5104427000-7f5104428000 rw-p 00003000 08:0f 1317873                    /usr/lib/x86_64-linux-gnu/libXau.so.6.0.0
7f5104428000-7f510444b000 r-xp 00000000 08:0f 1318451                    /usr/lib/x86_64-linux-gnu/libgraphite2.so.3.0.1
7f510444b000-7f510464a000 ---p 00023000 08:0f 1318451                    /usr/lib/x86_64-linux-gnu/libgraphite2.so.3.0.1
7f510464a000-7f510464c000 r--p 00022000 08:0f 1318451                    /usr/lib/x86_64-linux-gnu/libgraphite2.so.3.0.1
7f510464c000-7f510464d000 rw-p 00024000 08:0f 1318451                    /usr/lib/x86_64-linux-gnu/libgraphite2.so.3.0.1
7f510464d000-7f510468a000 r-xp 00000000 08:0f 527950                     /lib/x86_64-linux-gnu/libblkid.so.1.1.0
7f510468a000-7f5104889000 ---p 0003d000 08:0f 527950                     /lib/x86_64-linux-gnu/libblkid.so.1.1.0
7f5104889000-7f510488d000 r--p 0003c000 08:0f 527950                     /lib/x86_64-linux-gnu/libblkid.so.1.1.0
7f510488d000-7f510488e000 rw-p 00040000 08:0f 527950                     /lib/x86_64-linux-gnu/libblkid.so.1.1.0
7f510488e000-7f510488f000 rw-p 00000000 00:00 0 
7f510488f000-7f510489d000 r-xp 00000000 08:0f 1318190                    /usr/lib/x86_64-linux-gnu/libdrm.so.2.4.0
7f510489d000-7f5104a9c000 ---p 0000e000 08:0f 1318190                    /usr/lib/x86_64-linux-gnu/libdrm.so.2.4.0
7f5104a9c000-7f5104a9d000 r--p 0000d000 08:0f 1318190                    /usr/lib/x86_64-linux-gnu/libdrm.so.2.4.0
7f5104a9d000-7f5104a9e000 rw-p 0000e000 08:0f 1318190                    /usr/lib/x86_64-linux-gnu/libdrm.so.2.4.0
7f5104a9e000-7f5104aa2000 r-xp 00000000 08:0f 1319373                    /usr/lib/x86_64-linux-gnu/libxcb-dri2.so.0.0.0
7f5104aa2000-7f5104ca1000 ---p 00004000 08:0f 1319373                    /usr/lib/x86_64-linux-gnu/libxcb-dri2.so.0.0.0
7f5104ca1000-7f5104ca2000 r--p 00003000 08:0f 1319373                    /usr/lib/x86_64-linux-gnu/libxcb-dri2.so.0.0.0
7f5104ca2000-7f5104ca3000 rw-p 00004000 08:0f 1319373                    /usr/lib/x86_64-linux-gnu/libxcb-dri2.so.0.0.0
7f5104ca3000-7f5104cba000 r-xp 00000000 08:0f 1319377                    /usr/lib/x86_64-linux-gnu/libxcb-glx.so.0.0.0
7f5104cba000-7f5104eb9000 ---p 00017000 08:0f 1319377                    /usr/lib/x86_64-linux-gnu/libxcb-glx.so.0.0.0
7f5104eb9000-7f5104ebb000 r--p 00016000 08:0f 1319377                    /usr/lib/x86_64-linux-gnu/libxcb-glx.so.0.0.0
7f5104ebb000-7f5104ebc000 rw-p 00018000 08:0f 1319377                    /usr/lib/x86_64-linux-gnu/libxcb-glx.so.0.0.0
7f5104ebc000-7f5104ebd000 r-xp 00000000 08:0f 1317867                    /usr/lib/x86_64-linux-gnu/libX11-xcb.so.1.0.0
7f5104ebd000-7f51050bc000 ---p 00001000 08:0f 1317867                    /usr/lib/x86_64-linux-gnu/libX11-xcb.so.1.0.0
7f51050bc000-7f51050bd000 r--p 00000000 08:0f 1317867                    /usr/lib/x86_64-linux-gnu/libX11-xcb.so.1.0.0
7f51050bd000-7f51050be000 rw-p 00001000 08:0f 1317867                    /usr/lib/x86_64-linux-gnu/libX11-xcb.so.1.0.0
7f51050be000-7f51050e7000 r-xp 00000000 08:0f 1332500                    /usr/lib/x86_64-linux-gnu/libglapi.so.0.0.0
7f51050e7000-7f51052e6000 ---p 00029000 08:0f 1332500                    /usr/lib/x86_64-linux-gnu/libglapi.so.0.0.0
7f51052e6000-7f51052ea000 r--p 00028000 08:0f 1332500                    /usr/lib/x86_64-linux-gnu/libglapi.so.0.0.0
7f51052ea000-7f51052eb000 rw-p 0002c000 08:0f 1332500                    /usr/lib/x86_64-linux-gnu/libglapi.so.0.0.0
7f51052eb000-7f51052ec000 rw-p 00000000 00:00 0 
7f51052ec000-7f51052ed000 r-xp 00000000 08:0f 1319419                    /usr/lib/x86_64-linux-gnu/libxshmfence.so.1.0.0
7f51052ed000-7f51054ed000 ---p 00001000 08:0f 1319419                    /usr/lib/x86_64-linux-gnu/libxshmfence.so.1.0.0
7f51054ed000-7f51054ee000 r--p 00001000 08:0f 1319419                    /usr/lib/x86_64-linux-gnu/libxshmfence.so.1.0.0
7f51054ee000-7f51054ef000 rw-p 00002000 08:0f 1319419                    /usr/lib/x86_64-linux-gnu/libxshmfence.so.1.0.0
7f51054ef000-7f51054f4000 r-xp 00000000 08:0f 1319397                    /usr/lib/x86_64-linux-gnu/libxcb-sync.so.1.0.0
7f51054f4000-7f51056f4000 ---p 00005000 08:0f 1319397                    /usr/lib/x86_64-linux-gnu/libxcb-sync.so.1.0.0
7f51056f4000-7f51056f5000 r--p 00005000 08:0f 1319397                    /usr/lib/x86_64-linux-gnu/libxcb-sync.so.1.0.0
7f51056f5000-7f51056f6000 rw-p 00006000 08:0f 1319397                    /usr/lib/x86_64-linux-gnu/libxcb-sync.so.1.0.0
7f51056f6000-7f51056f8000 r-xp 00000000 08:0f 1319385                    /usr/lib/x86_64-linux-gnu/libxcb-present.so.0.0.0
7f51056f8000-7f51058f7000 ---p 00002000 08:0f 1319385                    /usr/lib/x86_64-linux-gnu/libxcb-present.so.0.0.0
7f51058f7000-7f51058f8000 r--p 00001000 08:0f 1319385                    /usr/lib/x86_64-linux-gnu/libxcb-present.so.0.0.0
7f51058f8000-7f51058f9000 rw-p 00002000 08:0f 1319385                    /usr/lib/x86_64-linux-gnu/libxcb-present.so.0.0.0
7f51058f9000-7f51058fb000 r-xp 00000000 08:0f 1319375                    /usr/lib/x86_64-linux-gnu/libxcb-dri3.so.0.0.0
7f51058fb000-7f5105afa000 ---p 00002000 08:0f 1319375                    /usr/lib/x86_64-linux-gnu/libxcb-dri3.so.0.0.0
7f5105afa000-7f5105afb000 r--p 00001000 08:0f 1319375                    /usr/lib/x86_64-linux-gnu/libxcb-dri3.so.0.0.0
7f5105afb000-7f5105afc000 rw-p 00002000 08:0f 1319375                    /usr/lib/x86_64-linux-gnu/libxcb-dri3.so.0.0.0
7f5105afc000-7f5105b6e000 r-xp 00000000 08:0f 528176                     /lib/x86_64-linux-gnu/libpcre.so.3.13.3
7f5105b6e000-7f5105d6d000 ---p 00072000 08:0f 528176                     /lib/x86_64-linux-gnu/libpcre.so.3.13.3
7f5105d6d000-7f5105d6e000 r--p 00071000 08:0f 528176                     /lib/x86_64-linux-gnu/libpcre.so.3.13.3
7f5105d6e000-7f5105d6f000 rw-p 00072000 08:0f 528176                     /lib/x86_64-linux-gnu/libpcre.so.3.13.3
7f5105d6f000-7f5105d76000 r-xp 00000000 08:0f 1318270                    /usr/lib/x86_64-linux-gnu/libffi.so.6.0.4
7f5105d76000-7f5105f75000 ---p 00007000 08:0f 1318270                    /usr/lib/x86_64-linux-gnu/libffi.so.6.0.4
7f5105f75000-7f5105f76000 r--p 00006000 08:0f 1318270                    /usr/lib/x86_64-linux-gnu/libffi.so.6.0.4
7f5105f76000-7f5105f77000 rw-p 00007000 08:0f 1318270                    /usr/lib/x86_64-linux-gnu/libffi.so.6.0.4
7f5105f77000-7f5105f9e000 r-xp 00000000 08:0f 528081                     /lib/x86_64-linux-gnu/libexpat.so.1.6.2
7f5105f9e000-7f510619e000 ---p 00027000 08:0f 528081                     /lib/x86_64-linux-gnu/libexpat.so.1.6.2
7f510619e000-7f51061a0000 r--p 00027000 08:0f 528081                     /lib/x86_64-linux-gnu/libexpat.so.1.6.2
7f51061a0000-7f51061a1000 rw-p 00029000 08:0f 528081                     /lib/x86_64-linux-gnu/libexpat.so.1.6.2
7f51061a1000-7f51061a9000 r-xp 00000000 08:0f 1319129                    /usr/lib/x86_64-linux-gnu/libthai.so.0.3.0
7f51061a9000-7f51063a8000 ---p 00008000 08:0f 1319129                    /usr/lib/x86_64-linux-gnu/libthai.so.0.3.0
7f51063a8000-7f51063a9000 r--p 00007000 08:0f 1319129                    /usr/lib/x86_64-linux-gnu/libthai.so.0.3.0
7f51063a9000-7f51063aa000 rw-p 00008000 08:0f 1319129                    /usr/lib/x86_64-linux-gnu/libthai.so.0.3.0
7f51063aa000-7f51063cb000 r-xp 00000000 08:0f 1319407                    /usr/lib/x86_64-linux-gnu/libxcb.so.1.1.0
7f51063cb000-7f51065ca000 ---p 00021000 08:0f 1319407                    /usr/lib/x86_64-linux-gnu/libxcb.so.1.1.0
7f51065ca000-7f51065cb000 r--p 00020000 08:0f 1319407                    /usr/lib/x86_64-linux-gnu/libxcb.so.1.1.0
7f51065cb000-7f51065cc000 rw-p 00021000 08:0f 1319407                    /usr/lib/x86_64-linux-gnu/libxcb.so.1.1.0
7f51065cc000-7f51065d4000 r-xp 00000000 08:0f 1319391                    /usr/lib/x86_64-linux-gnu/libxcb-render.so.0.0.0
7f51065d4000-7f51067d4000 ---p 00008000 08:0f 1319391                    /usr/lib/x86_64-linux-gnu/libxcb-render.so.0.0.0
7f51067d4000-7f51067d5000 r--p 00008000 08:0f 1319391                    /usr/lib/x86_64-linux-gnu/libxcb-render.so.0.0.0
7f51067d5000-7f51067d6000 rw-p 00009000 08:0f 1319391                    /usr/lib/x86_64-linux-gnu/libxcb-render.so.0.0.0
7f51067d6000-7f51067d8000 r-xp 00000000 08:0f 1319395                    /usr/lib/x86_64-linux-gnu/libxcb-shm.so.0.0.0
7f51067d8000-7f51069d8000 ---p 00002000 08:0f 1319395                    /usr/lib/x86_64-linux-gnu/libxcb-shm.so.0.0.0
7f51069d8000-7f51069d9000 r--p 00002000 08:0f 1319395                    /usr/lib/x86_64-linux-gnu/libxcb-shm.so.0.0.0
7f51069d9000-7f51069da000 rw-p 00003000 08:0f 1319395                    /usr/lib/x86_64-linux-gnu/libxcb-shm.so.0.0.0
7f51069da000-7f5106a0b000 r-xp 00000000 08:0f 1318920                    /usr/lib/x86_64-linux-gnu/libpng16.so.16.25.0
7f5106a0b000-7f5106c0a000 ---p 00031000 08:0f 1318920                    /usr/lib/x86_64-linux-gnu/libpng16.so.16.25.0
7f5106c0a000-7f5106c0b000 r--p 00030000 08:0f 1318920                    /usr/lib/x86_64-linux-gnu/libpng16.so.16.25.0
7f5106c0b000-7f5106c0c000 rw-p 00031000 08:0f 1318920                    /usr/lib/x86_64-linux-gnu/libpng16.so.16.25.0
7f5106c0c000-7f5106cab000 r-xp 00000000 08:0f 1318912                    /usr/lib/x86_64-linux-gnu/libpixman-1.so.0.33.6
7f5106cab000-7f5106eab000 ---p 0009f000 08:0f 1318912                    /usr/lib/x86_64-linux-gnu/libpixman-1.so.0.33.6
7f5106eab000-7f5106eb3000 r--p 0009f000 08:0f 1318912                    /usr/lib/x86_64-linux-gnu/libpixman-1.so.0.33.6
7f5106eb3000-7f5106eb4000 rw-p 000a7000 08:0f 1318912                    /usr/lib/x86_64-linux-gnu/libpixman-1.so.0.33.6
7f5106eb4000-7f5106f32000 r-xp 00000000 08:0f 1318541                    /usr/lib/x86_64-linux-gnu/libharfbuzz.so.0.10200.7
7f5106f32000-7f5107132000 ---p 0007e000 08:0f 1318541                    /usr/lib/x86_64-linux-gnu/libharfbuzz.so.0.10200.7
7f5107132000-7f5107133000 r--p 0007e000 08:0f 1318541                    /usr/lib/x86_64-linux-gnu/libharfbuzz.so.0.10200.7
7f5107133000-7f5107134000 rw-p 0007f000 08:0f 1318541                    /usr/lib/x86_64-linux-gnu/libharfbuzz.so.0.10200.7
7f5107134000-7f510717a000 r-xp 00000000 08:0f 527943                     /lib/x86_64-linux-gnu/libmount.so.1.1.0
7f510717a000-7f5107379000 ---p 00046000 08:0f 527943                     /lib/x86_64-linux-gnu/libmount.so.1.1.0
7f5107379000-7f510737a000 r--p 00045000 08:0f 527943                     /lib/x86_64-linux-gnu/libmount.so.1.1.0
7f510737a000-7f510737b000 rw-p 00046000 08:0f 527943                     /lib/x86_64-linux-gnu/libmount.so.1.1.0
7f510737b000-7f510737c000 rw-p 00000000 00:00 0 
7f510737c000-7f5107393000 r-xp 00000000 08:0f 528272                     /lib/x86_64-linux-gnu/libresolv-2.24.so
7f5107393000-7f5107593000 ---p 00017000 08:0f 528272                     /lib/x86_64-linux-gnu/libresolv-2.24.so
7f5107593000-7f5107594000 r--p 00017000 08:0f 528272                     /lib/x86_64-linux-gnu/libresolv-2.24.so
7f5107594000-7f5107595000 rw-p 00018000 08:0f 528272                     /lib/x86_64-linux-gnu/libresolv-2.24.so
7f5107595000-7f5107597000 rw-p 00000000 00:00 0 
7f5107597000-7f51075ba000 r-xp 00000000 08:0f 528203                     /lib/x86_64-linux-gnu/libselinux.so.1
7f51075ba000-7f51077b9000 ---p 00023000 08:0f 528203                     /lib/x86_64-linux-gnu/libselinux.so.1
7f51077b9000-7f51077ba000 r--p 00022000 08:0f 528203                     /lib/x86_64-linux-gnu/libselinux.so.1
7f51077ba000-7f51077bb000 rw-p 00023000 08:0f 528203                     /lib/x86_64-linux-gnu/libselinux.so.1
7f51077bb000-7f51077bd000 rw-p 00000000 00:00 0 
7f51077bd000-7f51077d6000 r-xp 00000000 08:0f 528232                     /lib/x86_64-linux-gnu/libz.so.1.2.8
7f51077d6000-7f51079d5000 ---p 00019000 08:0f 528232                     /lib/x86_64-linux-gnu/libz.so.1.2.8
7f51079d5000-7f51079d6000 r--p 00018000 08:0f 528232                     /lib/x86_64-linux-gnu/libz.so.1.2.8
7f51079d6000-7f51079d7000 rw-p 00019000 08:0f 528232                     /lib/x86_64-linux-gnu/libz.so.1.2.8
7f51079d7000-7f51079e8000 r-xp 00000000 08:0f 1317886                    /usr/lib/x86_64-linux-gnu/libXext.so.6.4.0
7f51079e8000-7f5107be7000 ---p 00011000 08:0f 1317886                    /usr/lib/x86_64-linux-gnu/libXext.so.6.4.0
7f5107be7000-7f5107be8000 r--p 00010000 08:0f 1317886                    /usr/lib/x86_64-linux-gnu/libXext.so.6.4.0
7f5107be8000-7f5107be9000 rw-p 00011000 08:0f 1317886                    /usr/lib/x86_64-linux-gnu/libXext.so.6.4.0
7f5107be9000-7f5107beb000 r-xp 00000000 08:0f 1317882                    /usr/lib/x86_64-linux-gnu/libXdamage.so.1.1.0
7f5107beb000-7f5107dea000 ---p 00002000 08:0f 1317882                    /usr/lib/x86_64-linux-gnu/libXdamage.so.1.1.0
7f5107dea000-7f5107deb000 r--p 00001000 08:0f 1317882                    /usr/lib/x86_64-linux-gnu/libXdamage.so.1.1.0
7f5107deb000-7f5107dec000 rw-p 00002000 08:0f 1317882                    /usr/lib/x86_64-linux-gnu/libXdamage.so.1.1.0
7f5107dec000-7f5107dee000 r-xp 00000000 08:0f 1317878                    /usr/lib/x86_64-linux-gnu/libXcomposite.so.1.0.0
7f5107dee000-7f5107fed000 ---p 00002000 08:0f 1317878                    /usr/lib/x86_64-linux-gnu/libXcomposite.so.1.0.0
7f5107fed000-7f5107fee000 r--p 00001000 08:0f 1317878                    /usr/lib/x86_64-linux-gnu/libXcomposite.so.1.0.0
7f5107fee000-7f5107fef000 rw-p 00002000 08:0f 1317878                    /usr/lib/x86_64-linux-gnu/libXcomposite.so.1.0.0
7f5107fef000-7f5107ff8000 r-xp 00000000 08:0f 1317880                    /usr/lib/x86_64-linux-gnu/libXcursor.so.1.0.2
7f5107ff8000-7f51081f7000 ---p 00009000 08:0f 1317880                    /usr/lib/x86_64-linux-gnu/libXcursor.so.1.0.2
7f51081f7000-7f51081f8000 r--p 00008000 08:0f 1317880                    /usr/lib/x86_64-linux-gnu/libXcursor.so.1.0.2
7f51081f8000-7f51081f9000 rw-p 00009000 08:0f 1317880                    /usr/lib/x86_64-linux-gnu/libXcursor.so.1.0.2
7f51081f9000-7f5108203000 r-xp 00000000 08:0f 1317904                    /usr/lib/x86_64-linux-gnu/libXrandr.so.2.2.0
7f5108203000-7f5108402000 ---p 0000a000 08:0f 1317904                    /usr/lib/x86_64-linux-gnu/libXrandr.so.2.2.0
7f5108402000-7f5108403000 r--p 00009000 08:0f 1317904                    /usr/lib/x86_64-linux-gnu/libXrandr.so.2.2.0
7f5108403000-7f5108404000 rw-p 0000a000 08:0f 1317904                    /usr/lib/x86_64-linux-gnu/libXrandr.so.2.2.0
7f5108404000-7f5108413000 r-xp 00000000 08:0f 1317894                    /usr/lib/x86_64-linux-gnu/libXi.so.6.1.0
7f5108413000-7f5108612000 ---p 0000f000 08:0f 1317894                    /usr/lib/x86_64-linux-gnu/libXi.so.6.1.0
7f5108612000-7f5108613000 r--p 0000e000 08:0f 1317894                    /usr/lib/x86_64-linux-gnu/libXi.so.6.1.0
7f5108613000-7f5108614000 rw-p 0000f000 08:0f 1317894                    /usr/lib/x86_64-linux-gnu/libXi.so.6.1.0
7f5108614000-7f5108616000 r-xp 00000000 08:0f 1317896                    /usr/lib/x86_64-linux-gnu/libXinerama.so.1.0.0
7f5108616000-7f5108815000 ---p 00002000 08:0f 1317896                    /usr/lib/x86_64-linux-gnu/libXinerama.so.1.0.0
7f5108815000-7f5108816000 r--p 00001000 08:0f 1317896                    /usr/lib/x86_64-linux-gnu/libXinerama.so.1.0.0
7f5108816000-7f5108817000 rw-p 00002000 08:0f 1317896                    /usr/lib/x86_64-linux-gnu/libXinerama.so.1.0.0
7f5108817000-7f5108820000 r-xp 00000000 08:0f 1317906                    /usr/lib/x86_64-linux-gnu/libXrender.so.1.3.0
7f5108820000-7f5108a1f000 ---p 00009000 08:0f 1317906                    /usr/lib/x86_64-linux-gnu/libXrender.so.1.3.0
7f5108a1f000-7f5108a20000 r--p 00008000 08:0f 1317906                    /usr/lib/x86_64-linux-gnu/libXrender.so.1.3.0
7f5108a20000-7f5108a21000 rw-p 00009000 08:0f 1317906                    /usr/lib/x86_64-linux-gnu/libXrender.so.1.3.0
7f5108a21000-7f5108a26000 r-xp 00000000 08:0f 1317888                    /usr/lib/x86_64-linux-gnu/libXfixes.so.3.1.0
7f5108a26000-7f5108c25000 ---p 00005000 08:0f 1317888                    /usr/lib/x86_64-linux-gnu/libXfixes.so.3.1.0
7f5108c25000-7f5108c26000 r--p 00004000 08:0f 1317888                    /usr/lib/x86_64-linux-gnu/libXfixes.so.3.1.0
7f5108c26000-7f5108c27000 rw-p 00005000 08:0f 1317888                    /usr/lib/x86_64-linux-gnu/libXfixes.so.3.1.0
7f5108c27000-7f5108c3d000 r-xp 00000000 08:0f 528088                     /lib/x86_64-linux-gnu/libgcc_s.so.1
7f5108c3d000-7f5108e3c000 ---p 00016000 08:0f 528088                     /lib/x86_64-linux-gnu/libgcc_s.so.1
7f5108e3c000-7f5108e3d000 r--p 00015000 08:0f 528088                     /lib/x86_64-linux-gnu/libgcc_s.so.1
7f5108e3d000-7f5108e3e000 rw-p 00016000 08:0f 528088                     /lib/x86_64-linux-gnu/libgcc_s.so.1
7f5108e3e000-7f5108fb6000 r-xp 00000000 08:0f 1319101                    /usr/lib/x86_64-linux-gnu/libstdc++.so.6.0.22
7f5108fb6000-7f51091b6000 ---p 00178000 08:0f 1319101                    /usr/lib/x86_64-linux-gnu/libstdc++.so.6.0.22
7f51091b6000-7f51091c0000 r--p 00178000 08:0f 1319101                    /usr/lib/x86_64-linux-gnu/libstdc++.so.6.0.22
7f51091c0000-7f51091c2000 rw-p 00182000 08:0f 1319101                    /usr/lib/x86_64-linux-gnu/libstdc++.so.6.0.22
7f51091c2000-7f51091c6000 rw-p 00000000 00:00 0 
7f51091c6000-7f5109236000 r-xp 00000000 08:0f 1571965                    /usr/lib/x86_64-linux-gnu/mesa/libGL.so.1.2.0
7f5109236000-7f5109435000 ---p 00070000 08:0f 1571965                    /usr/lib/x86_64-linux-gnu/mesa/libGL.so.1.2.0
7f5109435000-7f5109438000 r--p 0006f000 08:0f 1571965                    /usr/lib/x86_64-linux-gnu/mesa/libGL.so.1.2.0
7f5109438000-7f5109439000 rw-p 00072000 08:0f 1571965                    /usr/lib/x86_64-linux-gnu/mesa/libGL.so.1.2.0
7f5109439000-7f510943a000 rw-p 00000000 00:00 0 
7f510943a000-7f510943f000 r-xp 00000000 08:0f 1317922                    /usr/lib/x86_64-linux-gnu/libXxf86vm.so.1.0.0
7f510943f000-7f510963e000 ---p 00005000 08:0f 1317922                    /usr/lib/x86_64-linux-gnu/libXxf86vm.so.1.0.0
7f510963e000-7f510963f000 r--p 00004000 08:0f 1317922                    /usr/lib/x86_64-linux-gnu/libXxf86vm.so.1.0.0
7f510963f000-7f5109640000 rw-p 00005000 08:0f 1317922                    /usr/lib/x86_64-linux-gnu/libXxf86vm.so.1.0.0
7f5109640000-7f5109775000 r-xp 00000000 08:0f 1317869                    /usr/lib/x86_64-linux-gnu/libX11.so.6.3.0
7f5109775000-7f5109974000 ---p 00135000 08:0f 1317869                    /usr/lib/x86_64-linux-gnu/libX11.so.6.3.0
7f5109974000-7f5109975000 r--p 00134000 08:0f 1317869                    /usr/lib/x86_64-linux-gnu/libX11.so.6.3.0
7f5109975000-7f5109979000 rw-p 00135000 08:0f 1317869                    /usr/lib/x86_64-linux-gnu/libX11.so.6.3.0
7f5109979000-7f510997e000 r-xp 00000000 08:0f 1317912                    /usr/lib/x86_64-linux-gnu/libXtst.so.6.1.0
7f510997e000-7f5109b7d000 ---p 00005000 08:0f 1317912                    /usr/lib/x86_64-linux-gnu/libXtst.so.6.1.0
7f5109b7d000-7f5109b7e000 r--p 00004000 08:0f 1317912                    /usr/lib/x86_64-linux-gnu/libXtst.so.6.1.0
7f5109b7e000-7f5109b7f000 rw-p 00005000 08:0f 1317912                    /usr/lib/x86_64-linux-gnu/libXtst.so.6.1.0
7f5109b7f000-7f5109c91000 r-xp 00000000 08:0f 527958                     /lib/x86_64-linux-gnu/libglib-2.0.so.0.5000.2
7f5109c91000-7f5109e90000 ---p 00112000 08:0f 527958                     /lib/x86_64-linux-gnu/libglib-2.0.so.0.5000.2
7f5109e90000-7f5109e91000 r--p 00111000 08:0f 527958                     /lib/x86_64-linux-gnu/libglib-2.0.so.0.5000.2
7f5109e91000-7f5109e92000 rw-p 00112000 08:0f 527958                     /lib/x86_64-linux-gnu/libglib-2.0.so.0.5000.2
7f5109e92000-7f5109e93000 rw-p 00000000 00:00 0 
7f5109e93000-7f5109e94000 r-xp 00000000 08:0f 1308620                    /usr/lib/x86_64-linux-gnu/libgthread-2.0.so.0.5000.2
7f5109e94000-7f510a093000 ---p 00001000 08:0f 1308620                    /usr/lib/x86_64-linux-gnu/libgthread-2.0.so.0.5000.2
7f510a093000-7f510a094000 r--p 00000000 08:0f 1308620                    /usr/lib/x86_64-linux-gnu/libgthread-2.0.so.0.5000.2
7f510a094000-7f510a095000 rw-p 00001000 08:0f 1308620                    /usr/lib/x86_64-linux-gnu/libgthread-2.0.so.0.5000.2
7f510a095000-7f510a098000 r-xp 00000000 08:0f 1308595                    /usr/lib/x86_64-linux-gnu/libgmodule-2.0.so.0.5000.2
7f510a098000-7f510a297000 ---p 00003000 08:0f 1308595                    /usr/lib/x86_64-linux-gnu/libgmodule-2.0.so.0.5000.2
7f510a297000-7f510a298000 r--p 00002000 08:0f 1308595                    /usr/lib/x86_64-linux-gnu/libgmodule-2.0.so.0.5000.2
7f510a298000-7f510a299000 rw-p 00003000 08:0f 1308595                    /usr/lib/x86_64-linux-gnu/libgmodule-2.0.so.0.5000.2
7f510a299000-7f510a2eb000 r-xp 00000000 08:0f 1308617                    /usr/lib/x86_64-linux-gnu/libgobject-2.0.so.0.5000.2
7f510a2eb000-7f510a4ea000 ---p 00052000 08:0f 1308617                    /usr/lib/x86_64-linux-gnu/libgobject-2.0.so.0.5000.2
7f510a4ea000-7f510a4eb000 r--p 00051000 08:0f 1308617                    /usr/lib/x86_64-linux-gnu/libgobject-2.0.so.0.5000.2
7f510a4eb000-7f510a4ec000 rw-p 00052000 08:0f 1308617                    /usr/lib/x86_64-linux-gnu/libgobject-2.0.so.0.5000.2
7f510a4ec000-7f510a529000 r-xp 00000000 08:0f 1318288                    /usr/lib/x86_64-linux-gnu/libfontconfig.so.1.9.0
7f510a529000-7f510a728000 ---p 0003d000 08:0f 1318288                    /usr/lib/x86_64-linux-gnu/libfontconfig.so.1.9.0
7f510a728000-7f510a72a000 r--p 0003c000 08:0f 1318288                    /usr/lib/x86_64-linux-gnu/libfontconfig.so.1.9.0
7f510a72a000-7f510a72f000 rw-p 0003e000 08:0f 1318288                    /usr/lib/x86_64-linux-gnu/libfontconfig.so.1.9.0
7f510a72f000-7f510a7d6000 r-xp 00000000 08:0f 1309727                    /usr/lib/x86_64-linux-gnu/libfreetype.so.6.12.3
7f510a7d6000-7f510a9d5000 ---p 000a7000 08:0f 1309727                    /usr/lib/x86_64-linux-gnu/libfreetype.so.6.12.3
7f510a9d5000-7f510a9db000 r--p 000a6000 08:0f 1309727                    /usr/lib/x86_64-linux-gnu/libfreetype.so.6.12.3
7f510a9db000-7f510a9dc000 rw-p 000ac000 08:0f 1309727                    /usr/lib/x86_64-linux-gnu/libfreetype.so.6.12.3
7f510a9dc000-7f510aa25000 r-xp 00000000 08:0f 1318880                    /usr/lib/x86_64-linux-gnu/libpango-1.0.so.0.4000.1
7f510aa25000-7f510ac25000 ---p 00049000 08:0f 1318880                    /usr/lib/x86_64-linux-gnu/libpango-1.0.so.0.4000.1
7f510ac25000-7f510ac27000 r--p 00049000 08:0f 1318880                    /usr/lib/x86_64-linux-gnu/libpango-1.0.so.0.4000.1
7f510ac27000-7f510ac28000 rw-p 0004b000 08:0f 1318880                    /usr/lib/x86_64-linux-gnu/libpango-1.0.so.0.4000.1
7f510ac28000-7f510ad36000 r-xp 00000000 08:0f 1318039                    /usr/lib/x86_64-linux-gnu/libcairo.so.2.11400.6
7f510ad36000-7f510af35000 ---p 0010e000 08:0f 1318039                    /usr/lib/x86_64-linux-gnu/libcairo.so.2.11400.6
7f510af35000-7f510af38000 r--p 0010d000 08:0f 1318039                    /usr/lib/x86_64-linux-gnu/libcairo.so.2.11400.6
7f510af38000-7f510af39000 rw-p 00110000 08:0f 1318039                    /usr/lib/x86_64-linux-gnu/libcairo.so.2.11400.6
7f510af39000-7f510af3b000 rw-p 00000000 00:00 0 
7f510af3b000-7f510af47000 r-xp 00000000 08:0f 1318882                    /usr/lib/x86_64-linux-gnu/libpangocairo-1.0.so.0.4000.1
7f510af47000-7f510b146000 ---p 0000c000 08:0f 1318882                    /usr/lib/x86_64-linux-gnu/libpangocairo-1.0.so.0.4000.1
7f510b146000-7f510b147000 r--p 0000b000 08:0f 1318882                    /usr/lib/x86_64-linux-gnu/libpangocairo-1.0.so.0.4000.1
7f510b147000-7f510b148000 rw-p 0000c000 08:0f 1318882                    /usr/lib/x86_64-linux-gnu/libpangocairo-1.0.so.0.4000.1
7f510b148000-7f510b169000 r-xp 00000000 08:0f 1318363                    /usr/lib/x86_64-linux-gnu/libgdk_pixbuf-2.0.so.0.3400.0
7f510b169000-7f510b368000 ---p 00021000 08:0f 1318363                    /usr/lib/x86_64-linux-gnu/libgdk_pixbuf-2.0.so.0.3400.0
7f510b368000-7f510b369000 r--p 00020000 08:0f 1318363                    /usr/lib/x86_64-linux-gnu/libgdk_pixbuf-2.0.so.0.3400.0
7f510b369000-7f510b36a000 rw-p 00021000 08:0f 1318363                    /usr/lib/x86_64-linux-gnu/libgdk_pixbuf-2.0.so.0.3400.0
7f510b36a000-7f510b4f7000 r-xp 00000000 08:0f 1308571                    /usr/lib/x86_64-linux-gnu/libgio-2.0.so.0.5000.2
7f510b4f7000-7f510b6f6000 ---p 0018d000 08:0f 1308571                    /usr/lib/x86_64-linux-gnu/libgio-2.0.so.0.5000.2
7f510b6f6000-7f510b6fb000 r--p 0018c000 08:0f 1308571                    /usr/lib/x86_64-linux-gnu/libgio-2.0.so.0.5000.2
7f510b6fb000-7f510b6fe000 rw-p 00191000 08:0f 1308571                    /usr/lib/x86_64-linux-gnu/libgio-2.0.so.0.5000.2
7f510b6fe000-7f510b6ff000 rw-p 00000000 00:00 0 
7f510b6ff000-7f510b7af000 r-xp 00000000 08:0f 1314085                    /usr/lib/x86_64-linux-gnu/libgdk-x11-2.0.so.0.2400.30
7f510b7af000-7f510b9ae000 ---p 000b0000 08:0f 1314085                    /usr/lib/x86_64-linux-gnu/libgdk-x11-2.0.so.0.2400.30
7f510b9ae000-7f510b9b2000 r--p 000af000 08:0f 1314085                    /usr/lib/x86_64-linux-gnu/libgdk-x11-2.0.so.0.2400.30
7f510b9b2000-7f510b9b4000 rw-p 000b3000 08:0f 1314085                    /usr/lib/x86_64-linux-gnu/libgdk-x11-2.0.so.0.2400.30
7f510b9b4000-7f510bdf2000 r-xp 00000000 08:0f 1314087                    /usr/lib/x86_64-linux-gnu/libgtk-x11-2.0.so.0.2400.30
7f510bdf2000-7f510bff2000 ---p 0043e000 08:0f 1314087                    /usr/lib/x86_64-linux-gnu/libgtk-x11-2.0.so.0.2400.30
7f510bff2000-7f510bff9000 r--p 0043e000 08:0f 1314087                    /usr/lib/x86_64-linux-gnu/libgtk-x11-2.0.so.0.2400.30
7f510bff9000-7f510bffd000 rw-p 00445000 08:0f 1314087                    /usr/lib/x86_64-linux-gnu/libgtk-x11-2.0.so.0.2400.30
7f510bffd000-7f510c000000 rw-p 00000000 00:00 0 
7f510c000000-7f510c021000 rw-p 00000000 00:00 0 
7f510c021000-7f5110000000 ---p 00000000 00:00 0 
7f5110000000-7f5111f06000 rw-p 00000000 00:00 0 
7f5111f06000-7f5114000000 ---p 00000000 00:00 0 
7f5114000000-7f51148c7000 rw-p 00000000 00:00 0 
7f51148c7000-7f5118000000 ---p 00000000 00:00 0 
7f5118000000-7f5118021000 rw-p 00000000 00:00 0 
7f5118021000-7f511c000000 ---p 00000000 00:00 0 
7f511c000000-7f511c5a8000 rw-p 00000000 00:00 0 
7f511c5a8000-7f5120000000 ---p 00000000 00:00 0 
7f5120000000-7f5120545000 rw-p 00000000 00:00 0 
7f5120545000-7f5124000000 ---p 00000000 00:00 0 
7f5124000000-7f5124021000 rw-p 00000000 00:00 0 
7f5124021000-7f5128000000 ---p 00000000 00:00 0 
7f5128000000-7f5128483000 rw-p 00000000 00:00 0 
7f5128483000-7f512c000000 ---p 00000000 00:00 0 
7f512c000000-7f512c021000 rw-p 00000000 00:00 0 
7f512c021000-7f5130000000 ---p 00000000 00:00 0 
7f5130000000-7f5130021000 rw-p 00000000 00:00 0 
7f5130021000-7f5134000000 ---p 00000000 00:00 0 
7f5134000000-7f5134021000 rw-p 00000000 00:00 0 
7f5134021000-7f5138000000 ---p 00000000 00:00 0 
7f5138000000-7f5138021000 rw-p 00000000 00:00 0 
7f5138021000-7f513c000000 ---p 00000000 00:00 0 
7f513c000000-7f513c021000 rw-p 00000000 00:00 0 
7f513c021000-7f5140000000 ---p 00000000 00:00 0 
7f5140000000-7f5140013000 r--s 00000000 08:0f 134049                     /var/cache/fontconfig/d52a8644073d54c13679302ca1180695-le64.cache-6
7f5140013000-7f514001f000 r--s 00000000 08:0f 134698                     /var/cache/fontconfig/d589a48862398ed80a3d6066f4f56f4c-le64.cache-6
7f514001f000-7f514002a000 r--s 00000000 08:0f 134037                     /var/cache/fontconfig/83bf95040141907cd45bb53cf7c1c148-le64.cache-6
7f514002a000-7f514003e000 r-xp 00000000 08:0f 1318884                    /usr/lib/x86_64-linux-gnu/libpangoft2-1.0.so.0.4000.1
7f514003e000-7f514023e000 ---p 00014000 08:0f 1318884                    /usr/lib/x86_64-linux-gnu/libpangoft2-1.0.so.0.4000.1
7f514023e000-7f514023f000 r--p 00014000 08:0f 1318884                    /usr/lib/x86_64-linux-gnu/libpangoft2-1.0.so.0.4000.1
7f514023f000-7f5140240000 rw-p 00015000 08:0f 1318884                    /usr/lib/x86_64-linux-gnu/libpangoft2-1.0.so.0.4000.1
7f5140240000-7f5144000000 rw-p 00000000 00:00 0 
7f5144000000-7f5144021000 rw-p 00000000 00:00 0 
7f5144021000-7f5148000000 ---p 00000000 00:00 0 
7f5148000000-7f5148021000 rw-p 00000000 00:00 0 
7f5148021000-7f514c000000 ---p 00000000 00:00 0 
7f514c000000-7f514c021000 rw-p 00000000 00:00 0 
7f514c021000-7f5150000000 ---p 00000000 00:00 0 
7f5150000000-7f5150021000 rw-p 00000000 00:00 0 
7f5150021000-7f5154000000 ---p 00000000 00:00 0 
7f5154000000-7f5154021000 rw-p 00000000 00:00 0 
7f5154021000-7f5158000000 ---p 00000000 00:00 0 
7f5158000000-7f5158021000 rw-p 00000000 00:00 0 
7f5158021000-7f515c000000 ---p 00000000 00:00 0 
7f515c000000-7f515c001000 r--s 00000000 08:0f 134045                     /var/cache/fontconfig/bab58bb527bb656aaa9f116d68a48d89-le64.cache-6
7f515c001000-7f515c002000 r--s 00000000 08:0f 134029                     /var/cache/fontconfig/56cf4f4769d0f4abc89a4895d7bd3ae1-le64.cache-6
7f515c002000-7f515c014000 r--s 00000000 08:0f 134041                     /var/cache/fontconfig/9b89f8e3dae116d678bbf48e5f21f69b-le64.cache-6
7f515c014000-7f515c01e000 r--s 000e7000 08:0f 2241582                    /home/shahsparx/NetBeansProjects/UCET_ACCOUNTS/dist/run345173717/lib/mysql-connector-java-5.1.38-bin.jar
7f515c01e000-7f515c033000 r--s 0022c000 08:0f 2241579                    /home/shahsparx/NetBeansProjects/UCET_ACCOUNTS/dist/run345173717/lib/jfoenix.jar
7f515c033000-7f515c055000 r-xp 00000000 08:0f 1317973                    /usr/lib/x86_64-linux-gnu/libatk-1.0.so.0.22009.1
7f515c055000-7f515c254000 ---p 00022000 08:0f 1317973                    /usr/lib/x86_64-linux-gnu/libatk-1.0.so.0.22009.1
7f515c254000-7f515c257000 r--p 00021000 08:0f 1317973                    /usr/lib/x86_64-linux-gnu/libatk-1.0.so.0.22009.1
7f515c257000-7f515c258000 rw-p 00024000 08:0f 1317973                    /usr/lib/x86_64-linux-gnu/libatk-1.0.so.0.22009.1
7f515c258000-7f515c264000 r-xp 00000000 08:0f 1587742                    /usr/lib/jvm/oracle_jdk8/jre/lib/amd64/libprism_es2.so
7f515c264000-7f515c463000 ---p 0000c000 08:0f 1587742                    /usr/lib/jvm/oracle_jdk8/jre/lib/amd64/libprism_es2.so
7f515c463000-7f515c464000 rw-p 0000b000 08:0f 1587742                    /usr/lib/jvm/oracle_jdk8/jre/lib/amd64/libprism_es2.so
7f515c464000-7f515c467000 ---p 00000000 00:00 0 
7f515c467000-7f515c565000 rw-p 00000000 00:00 0 
7f515c565000-7f515c5fa000 r--s 01103000 08:0f 2243419                    /usr/lib/jvm/oracle_jdk8/jre/lib/ext/jfxrt.jar
7f515c5fa000-7f515c5fb000 ---p 00000000 00:00 0 
7f515c5fb000-7f515c6fb000 rw-p 00000000 00:00 0 
7f515c6fb000-7f515c6fe000 ---p 00000000 00:00 0 
7f515c6fe000-7f515c7fc000 rw-p 00000000 00:00 0 
7f515c7fc000-7f515c7ff000 ---p 00000000 00:00 0 
7f515c7ff000-7f515c8fd000 rw-p 00000000 00:00 0 
7f515c8fd000-7f515c900000 ---p 00000000 00:00 0 
7f515c900000-7f515c9fe000 rw-p 00000000 00:00 0 
7f515c9fe000-7f515ca01000 ---p 00000000 00:00 0 
7f515ca01000-7f515caff000 rw-p 00000000 00:00 0 
7f515caff000-7f515cb02000 ---p 00000000 00:00 0 
7f515cb02000-7f515cc00000 rw-p 00000000 00:00 0 
7f515cc00000-7f515cc03000 ---p 00000000 00:00 0 
7f515cc03000-7f515cd01000 rw-p 00000000 00:00 0 
7f515cd01000-7f515cfda000 r--p 00000000 08:0f 1317515                    /usr/lib/locale/locale-archive
7f515cfda000-7f515cfdd000 ---p 00000000 00:00 0 
7f515cfdd000-7f515d0db000 rw-p 00000000 00:00 0 
7f515d0db000-7f515d0de000 ---p 00000000 00:00 0 
7f515d0de000-7f515d1dc000 rw-p 00000000 00:00 0 
7f515d1dc000-7f515d1dd000 ---p 00000000 00:00 0 
7f515d1dd000-7f515edf8000 rw-p 00000000 00:00 0 
7f515edf8000-7f515efd1000 r--s 03d1f000 08:0f 1587658                    /usr/lib/jvm/oracle_jdk8/jre/lib/rt.jar
7f515efd1000-7f515fbad000 rw-p 00000000 00:00 0 
7f515fbad000-7f515fbae000 ---p 00000000 00:00 0 
7f515fbae000-7f515fcae000 rw-p 00000000 00:00 0 
7f515fcae000-7f515fcaf000 ---p 00000000 00:00 0 
7f515fcaf000-7f515fdaf000 rw-p 00000000 00:00 0 
7f515fdaf000-7f515fdb0000 ---p 00000000 00:00 0 
7f515fdb0000-7f515feb0000 rw-p 00000000 00:00 0 
7f515feb0000-7f515feb1000 ---p 00000000 00:00 0 
7f515feb1000-7f515ffb1000 rw-p 00000000 00:00 0 
7f515ffb1000-7f515ffb2000 ---p 00000000 00:00 0 
7f515ffb2000-7f51600b2000 rw-p 00000000 00:00 0 
7f51600b2000-7f51600b3000 ---p 00000000 00:00 0 
7f51600b3000-7f51601b3000 rw-p 00000000 00:00 0 
7f51601b3000-7f51601b4000 ---p 00000000 00:00 0 
7f51601b4000-7f51602b4000 rw-p 00000000 00:00 0 
7f51602b4000-7f51602b5000 ---p 00000000 00:00 0 
7f51602b5000-7f51603d5000 rw-p 00000000 00:00 0 
7f51603d5000-7f5160648000 ---p 00000000 00:00 0 
7f5160648000-7f5160668000 rw-p 00000000 00:00 0 
7f5160668000-7f51608da000 ---p 00000000 00:00 0 
7f51608da000-7f51608f0000 rw-p 00000000 00:00 0 
7f51608f0000-7f5160a24000 ---p 00000000 00:00 0 
7f5160a24000-7f5160a4c000 rw-p 00000000 00:00 0 
7f5160a4c000-7f5160de5000 ---p 00000000 00:00 0 
7f5160de5000-7f5161775000 rwxp 00000000 00:00 0 
7f5161775000-7f516fde5000 ---p 00000000 00:00 0 
7f516fde5000-7f516fdff000 r-xp 00000000 08:0f 1587734                    /usr/lib/jvm/oracle_jdk8/jre/lib/amd64/libzip.so
7f516fdff000-7f516ffff000 ---p 0001a000 08:0f 1587734                    /usr/lib/jvm/oracle_jdk8/jre/lib/amd64/libzip.so
7f516ffff000-7f5170000000 rw-p 0001a000 08:0f 1587734                    /usr/lib/jvm/oracle_jdk8/jre/lib/amd64/libzip.so
7f5170000000-7f5170577000 rw-p 00000000 00:00 0 
7f5170577000-7f5174000000 ---p 00000000 00:00 0 
7f5174000000-7f5174001000 r--s 00000000 08:0f 134044                     /var/cache/fontconfig/b9d506c9ac06c20b433354fa67a72993-le64.cache-6
7f5174001000-7f5174002000 r--s 00000000 08:0f 134028                     /var/cache/fontconfig/551ecf3b0e8b0bca0f25c0944f561853-le64.cache-6
7f5174002000-7f5174003000 r--s 00000000 08:0f 134025                     /var/cache/fontconfig/3f7329c5293ffd510edef78f73874cfd-le64.cache-6
7f5174003000-7f5174006000 r--s 00000000 08:0f 134034                     /var/cache/fontconfig/75114ca45c98e8a441da0ff356701271-le64.cache-6
7f5174006000-7f5174009000 r--s 00000000 08:0f 134053                     /var/cache/fontconfig/e13b20fdb08344e0e664864cc2ede53d-le64.cache-6
7f5174009000-7f5174027000 r-xp 00000000 08:0f 523353                     /lib/x86_64-linux-gnu/libudev.so.1.6.5
7f5174027000-7f5174028000 ---p 0001e000 08:0f 523353                     /lib/x86_64-linux-gnu/libudev.so.1.6.5
7f5174028000-7f5174029000 r--p 0001e000 08:0f 523353                     /lib/x86_64-linux-gnu/libudev.so.1.6.5
7f5174029000-7f517402a000 rw-p 0001f000 08:0f 523353                     /lib/x86_64-linux-gnu/libudev.so.1.6.5
7f517402a000-7f517402b000 r--s 00000000 08:0f 134022                     /var/cache/fontconfig/30829fa25452a46451e813d634d7f916-le64.cache-6
7f517402b000-7f517402f000 r--s 00000000 08:0f 132314                     /var/cache/fontconfig/7ef2298fde41cc6eeb7af42e48b7d293-le64.cache-6
7f517402f000-7f5174038000 r--s 0008c000 08:0f 2241190                    /home/shahsparx/NetBeansProjects/UCET_ACCOUNTS/dist/run345173717/lib/javax.mail.jar
7f5174038000-7f517403a000 r--s 0008a000 08:0f 2241189                    /home/shahsparx/NetBeansProjects/UCET_ACCOUNTS/dist/run345173717/lib/fontawesomefx-8.9.jar
7f517403a000-7f5174042000 rw-s 00000000 00:05 263338                     /drm mm object (deleted)
7f5174042000-7f517404a000 rw-s 00000000 00:05 263327                     /drm mm object (deleted)
7f517404a000-7f5174051000 r--p 00000000 08:0f 1986246                    /home/shahsparx/.config/dconf/user
7f5174051000-7f51740c7000 rw-p 00000000 00:00 0 
7f51740c7000-7f51740d2000 r-xp 00000000 08:0f 528266                     /lib/x86_64-linux-gnu/libnss_files-2.24.so
7f51740d2000-7f51742d1000 ---p 0000b000 08:0f 528266                     /lib/x86_64-linux-gnu/libnss_files-2.24.so
7f51742d1000-7f51742d2000 r--p 0000a000 08:0f 528266                     /lib/x86_64-linux-gnu/libnss_files-2.24.so
7f51742d2000-7f51742d3000 rw-p 0000b000 08:0f 528266                     /lib/x86_64-linux-gnu/libnss_files-2.24.so
7f51742d3000-7f51742d9000 rw-p 00000000 00:00 0 
7f51742d9000-7f51742e4000 r-xp 00000000 08:0f 528268                     /lib/x86_64-linux-gnu/libnss_nis-2.24.so
7f51742e4000-7f51744e3000 ---p 0000b000 08:0f 528268                     /lib/x86_64-linux-gnu/libnss_nis-2.24.so
7f51744e3000-7f51744e4000 r--p 0000a000 08:0f 528268                     /lib/x86_64-linux-gnu/libnss_nis-2.24.so
7f51744e4000-7f51744e5000 rw-p 0000b000 08:0f 528268                     /lib/x86_64-linux-gnu/libnss_nis-2.24.so
7f51744e5000-7f51744fb000 r-xp 00000000 08:0f 528263                     /lib/x86_64-linux-gnu/libnsl-2.24.so
7f51744fb000-7f51746fa000 ---p 00016000 08:0f 528263                     /lib/x86_64-linux-gnu/libnsl-2.24.so
7f51746fa000-7f51746fb000 r--p 00015000 08:0f 528263                     /lib/x86_64-linux-gnu/libnsl-2.24.so
7f51746fb000-7f51746fc000 rw-p 00016000 08:0f 528263                     /lib/x86_64-linux-gnu/libnsl-2.24.so
7f51746fc000-7f51746fe000 rw-p 00000000 00:00 0 
7f51746fe000-7f5174706000 r-xp 00000000 08:0f 528264                     /lib/x86_64-linux-gnu/libnss_compat-2.24.so
7f5174706000-7f5174905000 ---p 00008000 08:0f 528264                     /lib/x86_64-linux-gnu/libnss_compat-2.24.so
7f5174905000-7f5174906000 r--p 00007000 08:0f 528264                     /lib/x86_64-linux-gnu/libnss_compat-2.24.so
7f5174906000-7f5174907000 rw-p 00008000 08:0f 528264                     /lib/x86_64-linux-gnu/libnss_compat-2.24.so
7f5174907000-7f5174931000 r-xp 00000000 08:0f 1587729                    /usr/lib/jvm/oracle_jdk8/jre/lib/amd64/libjava.so
7f5174931000-7f5174b31000 ---p 0002a000 08:0f 1587729                    /usr/lib/jvm/oracle_jdk8/jre/lib/amd64/libjava.so
7f5174b31000-7f5174b33000 rw-p 0002a000 08:0f 1587729                    /usr/lib/jvm/oracle_jdk8/jre/lib/amd64/libjava.so
7f5174b33000-7f5174b40000 r-xp 00000000 08:0f 1587733                    /usr/lib/jvm/oracle_jdk8/jre/lib/amd64/libverify.so
7f5174b40000-7f5174d40000 ---p 0000d000 08:0f 1587733                    /usr/lib/jvm/oracle_jdk8/jre/lib/amd64/libverify.so
7f5174d40000-7f5174d42000 rw-p 0000d000 08:0f 1587733                    /usr/lib/jvm/oracle_jdk8/jre/lib/amd64/libverify.so
7f5174d42000-7f5174d49000 r-xp 00000000 08:0f 528273                     /lib/x86_64-linux-gnu/librt-2.24.so
7f5174d49000-7f5174f48000 ---p 00007000 08:0f 528273                     /lib/x86_64-linux-gnu/librt-2.24.so
7f5174f48000-7f5174f49000 r--p 00006000 08:0f 528273                     /lib/x86_64-linux-gnu/librt-2.24.so
7f5174f49000-7f5174f4a000 rw-p 00007000 08:0f 528273                     /lib/x86_64-linux-gnu/librt-2.24.so
7f5174f4a000-7f5175052000 r-xp 00000000 08:0f 528260                     /lib/x86_64-linux-gnu/libm-2.24.so
7f5175052000-7f5175251000 ---p 00108000 08:0f 528260                     /lib/x86_64-linux-gnu/libm-2.24.so
7f5175251000-7f5175252000 r--p 00107000 08:0f 528260                     /lib/x86_64-linux-gnu/libm-2.24.so
7f5175252000-7f5175253000 rw-p 00108000 08:0f 528260                     /lib/x86_64-linux-gnu/libm-2.24.so
7f5175253000-7f5175f13000 r-xp 00000000 08:0f 1713201                    /usr/lib/jvm/oracle_jdk8/jre/lib/amd64/server/libjvm.so
7f5175f13000-7f5176113000 ---p 00cc0000 08:0f 1713201                    /usr/lib/jvm/oracle_jdk8/jre/lib/amd64/server/libjvm.so
7f5176113000-7f51761eb000 rw-p 00cc0000 08:0f 1713201                    /usr/lib/jvm/oracle_jdk8/jre/lib/amd64/server/libjvm.so
7f51761eb000-7f5176236000 rw-p 00000000 00:00 0 
7f5176236000-7f51763f3000 r-xp 00000000 08:0f 528256                     /lib/x86_64-linux-gnu/libc-2.24.so
7f51763f3000-7f51765f3000 ---p 001bd000 08:0f 528256                     /lib/x86_64-linux-gnu/libc-2.24.so
7f51765f3000-7f51765f7000 r--p 001bd000 08:0f 528256                     /lib/x86_64-linux-gnu/libc-2.24.so
7f51765f7000-7f51765f9000 rw-p 001c1000 08:0f 528256                     /lib/x86_64-linux-gnu/libc-2.24.so
7f51765f9000-7f51765fd000 rw-p 00000000 00:00 0 
7f51765fd000-7f5176600000 r-xp 00000000 08:0f 528259                     /lib/x86_64-linux-gnu/libdl-2.24.so
7f5176600000-7f51767ff000 ---p 00003000 08:0f 528259                     /lib/x86_64-linux-gnu/libdl-2.24.so
7f51767ff000-7f5176800000 r--p 00002000 08:0f 528259                     /lib/x86_64-linux-gnu/libdl-2.24.so
7f5176800000-7f5176801000 rw-p 00003000 08:0f 528259                     /lib/x86_64-linux-gnu/libdl-2.24.so
7f5176801000-7f5176816000 r-xp 00000000 08:0f 1587711                    /usr/lib/jvm/oracle_jdk8/jre/lib/amd64/jli/libjli.so
7f5176816000-7f5176a16000 ---p 00015000 08:0f 1587711                    /usr/lib/jvm/oracle_jdk8/jre/lib/amd64/jli/libjli.so
7f5176a16000-7f5176a17000 rw-p 00015000 08:0f 1587711                    /usr/lib/jvm/oracle_jdk8/jre/lib/amd64/jli/libjli.so
7f5176a17000-7f5176a2f000 r-xp 00000000 08:0f 528271                     /lib/x86_64-linux-gnu/libpthread-2.24.so
7f5176a2f000-7f5176c2f000 ---p 00018000 08:0f 528271                     /lib/x86_64-linux-gnu/libpthread-2.24.so
7f5176c2f000-7f5176c30000 r--p 00018000 08:0f 528271                     /lib/x86_64-linux-gnu/libpthread-2.24.so
7f5176c30000-7f5176c31000 rw-p 00019000 08:0f 528271                     /lib/x86_64-linux-gnu/libpthread-2.24.so
7f5176c31000-7f5176c35000 rw-p 00000000 00:00 0 
7f5176c35000-7f5176c5a000 r-xp 00000000 08:0f 528252                     /lib/x86_64-linux-gnu/ld-2.24.so
7f5176c5a000-7f5176c5b000 r--s 00000000 08:0f 134016                     /var/cache/fontconfig/0c9eb80ebd1c36541ebe2852d3bb0c49-le64.cache-6
7f5176c5b000-7f5176d2c000 rw-p 00000000 00:00 0 
7f5176d2c000-7f5176d2f000 ---p 00000000 00:00 0 
7f5176d2f000-7f5176e2f000 rw-p 00000000 00:00 0 
7f5176e30000-7f5176e31000 rw-s 1032b5000 00:06 349                       /dev/dri/card0
7f5176e31000-7f5176e39000 rw-s 00000000 00:05 265766                     /drm mm object (deleted)
7f5176e39000-7f5176e3a000 rw-s 00000000 00:05 265763                     /drm mm object (deleted)
7f5176e3a000-7f5176e3b000 r--s 00000000 00:2e 57                         /run/user/1000/dconf/user
7f5176e3b000-7f5176e43000 rw-s 00000000 00:05 265761                     /drm mm object (deleted)
7f5176e43000-7f5176e4a000 r--s 00000000 08:0f 1583579                    /usr/lib/x86_64-linux-gnu/gconv/gconv-modules.cache
7f5176e4a000-7f5176e4c000 r--s 00018000 08:0f 2240587                    /home/shahsparx/NetBeansProjects/UCET_ACCOUNTS/dist/run345173717/UCET_ACCOUNTS.jar
7f5176e4c000-7f5176e54000 rw-s 00000000 08:0f 2878154                    /tmp/hsperfdata_shahsparx/7630
7f5176e54000-7f5176e55000 rw-p 00000000 00:00 0 
7f5176e55000-7f5176e56000 r--p 00000000 00:00 0 
7f5176e56000-7f5176e59000 rw-p 00000000 00:00 0 
7f5176e59000-7f5176e5a000 r--p 00024000 08:0f 528252                     /lib/x86_64-linux-gnu/ld-2.24.so
7f5176e5a000-7f5176e5b000 rw-p 00025000 08:0f 528252                     /lib/x86_64-linux-gnu/ld-2.24.so
7f5176e5b000-7f5176e5c000 rw-p 00000000 00:00 0 
7ffd3e3eb000-7ffd3e40c000 rw-p 00000000 00:00 0                          [stack]
7ffd3e4c9000-7ffd3e4cb000 r--p 00000000 00:00 0                          [vvar]
7ffd3e4cb000-7ffd3e4cd000 r-xp 00000000 00:00 0                          [vdso]
ffffffffff600000-ffffffffff601000 r-xp 00000000 00:00 0                  [vsyscall]

VM Arguments:
jvm_args: -Dfile.encoding=UTF-8 
java_command: /home/shahsparx/NetBeansProjects/UCET_ACCOUNTS/dist/run345173717/UCET_ACCOUNTS.jar
java_class_path (initial): /home/shahsparx/NetBeansProjects/UCET_ACCOUNTS/dist/run345173717/UCET_ACCOUNTS.jar
Launcher Type: SUN_STANDARD

Environment Variables:
PATH=/home/shahsparx/bin:/home/shahsparx/.local/bin:/usr/local/sbin:/usr/local/bin:/usr/sbin:/usr/bin:/sbin:/bin:/usr/games:/usr/local/games:/snap/bin
LD_LIBRARY_PATH=/usr/lib/jvm/oracle_jdk8//jre/lib/amd64:/usr/lib/jvm/oracle_jdk8//jre/lib/i386:
SHELL=/bin/bash
DISPLAY=:0

Signal Handlers:
SIGSEGV: [libjvm.so+0xabca10], sa_mask[0]=11111111011111111101111111111110, sa_flags=SA_RESTART|SA_SIGINFO
SIGBUS: [libjvm.so+0xabca10], sa_mask[0]=11111111011111111101111111111110, sa_flags=SA_RESTART|SA_SIGINFO
SIGFPE: [libjvm.so+0x919a20], sa_mask[0]=11111111011111111101111111111110, sa_flags=SA_RESTART|SA_SIGINFO
SIGPIPE: SIG_IGN, sa_mask[0]=00000000000010000000000000000000, sa_flags=SA_RESTART
SIGXFSZ: [libjvm.so+0x919a20], sa_mask[0]=11111111011111111101111111111110, sa_flags=SA_RESTART|SA_SIGINFO
SIGILL: [libjvm.so+0x919a20], sa_mask[0]=11111111011111111101111111111110, sa_flags=SA_RESTART|SA_SIGINFO
SIGUSR1: SIG_DFL, sa_mask[0]=00000000000000000000000000000000, sa_flags=none
SIGUSR2: [libjvm.so+0x91b050], sa_mask[0]=00100000000000000000000000000000, sa_flags=SA_RESTART|SA_SIGINFO
SIGHUP: [libjvm.so+0x91c450], sa_mask[0]=11111111011111111101111111111110, sa_flags=SA_RESTART|SA_SIGINFO
SIGINT: SIG_IGN, sa_mask[0]=00000000000000000000000000000000, sa_flags=none
SIGTERM: [libjvm.so+0x91c450], sa_mask[0]=11111111011111111101111111111110, sa_flags=SA_RESTART|SA_SIGINFO
SIGQUIT: [libjvm.so+0x91c450], sa_mask[0]=11111111011111111101111111111110, sa_flags=SA_RESTART|SA_SIGINFO


---------------  S Y S T E M  ---------------

OS:DISTRIB_ID=Ubuntu
DISTRIB_RELEASE=16.10
DISTRIB_CODENAME=yakkety
DISTRIB_DESCRIPTION="Ubuntu 16.10"

uname:Linux 4.8.0-51-generic #54-Ubuntu SMP Tue Apr 25 16:32:21 UTC 2017 x86_64
libc:glibc 2.24 NPTL 2.24 
rlimit: STACK 8192k, CORE 0k, NPROC 31427, NOFILE 4096, AS infinity
load average:0.39 0.41 0.33

/proc/meminfo:
MemTotal:        8088836 kB
MemFree:         2268716 kB
MemAvailable:    3607884 kB
Buffers:          218212 kB
Cached:          1622004 kB
SwapCached:            0 kB
Active:          4256740 kB
Inactive:        1209988 kB
Active(anon):    3580556 kB
Inactive(anon):   376536 kB
Active(file):     676184 kB
Inactive(file):   833452 kB
Unevictable:          96 kB
Mlocked:              96 kB
SwapTotal:       4258808 kB
SwapFree:        4258808 kB
Dirty:              9828 kB
Writeback:             0 kB
AnonPages:       3569936 kB
Mapped:           490448 kB
Shmem:            330576 kB
Slab:             197392 kB
SReclaimable:     105900 kB
SUnreclaim:        91492 kB
KernelStack:       15696 kB
PageTables:        65840 kB
NFS_Unstable:          0 kB
Bounce:                0 kB
WritebackTmp:          0 kB
CommitLimit:     8303224 kB
Committed_AS:    9637488 kB
VmallocTotal:   34359738367 kB
VmallocUsed:           0 kB
VmallocChunk:          0 kB
HardwareCorrupted:     0 kB
AnonHugePages:   1871872 kB
ShmemHugePages:        0 kB
ShmemPmdMapped:        0 kB
CmaTotal:              0 kB
CmaFree:               0 kB
HugePages_Total:       0
HugePages_Free:        0
HugePages_Rsvd:        0
HugePages_Surp:        0
Hugepagesize:       2048 kB
DirectMap4k:      199424 kB
DirectMap2M:     8103936 kB
DirectMap1G:     1048576 kB


CPU:total 8 (4 cores per cpu, 2 threads per core) family 6 model 60 stepping 3, cmov, cx8, fxsr, mmx, sse, sse2, sse3, ssse3, sse4.1, sse4.2, popcnt, avx, avx2, aes, clmul, erms, lzcnt, ht, tsc, tscinvbit, bmi1, bmi2

/proc/cpuinfo:
processor	: 0
vendor_id	: GenuineIntel
cpu family	: 6
model		: 60
model name	: Intel(R) Core(TM) i7-4702MQ CPU @ 2.20GHz
stepping	: 3
microcode	: 0x20
cpu MHz		: 2899.987
cache size	: 6144 KB
physical id	: 0
siblings	: 8
core id		: 0
cpu cores	: 4
apicid		: 0
initial apicid	: 0
fpu		: yes
fpu_exception	: yes
cpuid level	: 13
wp		: yes
flags		: fpu vme de pse tsc msr pae mce cx8 apic sep mtrr pge mca cmov pat pse36 clflush dts acpi mmx fxsr sse sse2 ss ht tm pbe syscall nx pdpe1gb rdtscp lm constant_tsc arch_perfmon pebs bts rep_good nopl xtopology nonstop_tsc aperfmperf eagerfpu pni pclmulqdq dtes64 monitor ds_cpl vmx est tm2 ssse3 sdbg fma cx16 xtpr pdcm pcid sse4_1 sse4_2 movbe popcnt tsc_deadline_timer aes xsave avx f16c rdrand lahf_lm abm epb tpr_shadow vnmi flexpriority ept vpid fsgsbase tsc_adjust bmi1 avx2 smep bmi2 erms invpcid xsaveopt dtherm ida arat pln pts
bugs		:
bogomips	: 4390.01
clflush size	: 64
cache_alignment	: 64
address sizes	: 39 bits physical, 48 bits virtual
power management:

processor	: 1
vendor_id	: GenuineIntel
cpu family	: 6
model		: 60
model name	: Intel(R) Core(TM) i7-4702MQ CPU @ 2.20GHz
stepping	: 3
microcode	: 0x20
cpu MHz		: 2899.987
cache size	: 6144 KB
physical id	: 0
siblings	: 8
core id		: 0
cpu cores	: 4
apicid		: 1
initial apicid	: 1
fpu		: yes
fpu_exception	: yes
cpuid level	: 13
wp		: yes
flags		: fpu vme de pse tsc msr pae mce cx8 apic sep mtrr pge mca cmov pat pse36 clflush dts acpi mmx fxsr sse sse2 ss ht tm pbe syscall nx pdpe1gb rdtscp lm constant_tsc arch_perfmon pebs bts rep_good nopl xtopology nonstop_tsc aperfmperf eagerfpu pni pclmulqdq dtes64 monitor ds_cpl vmx est tm2 ssse3 sdbg fma cx16 xtpr pdcm pcid sse4_1 sse4_2 movbe popcnt tsc_deadline_timer aes xsave avx f16c rdrand lahf_lm abm epb tpr_shadow vnmi flexpriority ept vpid fsgsbase tsc_adjust bmi1 avx2 smep bmi2 erms invpcid xsaveopt dtherm ida arat pln pts
bugs		:
bogomips	: 4390.01
clflush size	: 64
cache_alignment	: 64
address sizes	: 39 bits physical, 48 bits virtual
power management:

processor	: 2
vendor_id	: GenuineIntel
cpu family	: 6
model		: 60
model name	: Intel(R) Core(TM) i7-4702MQ CPU @ 2.20GHz
stepping	: 3
microcode	: 0x20
cpu MHz		: 2899.987
cache size	: 6144 KB
physical id	: 0
siblings	: 8
core id		: 1
cpu cores	: 4
apicid		: 2
initial apicid	: 2
fpu		: yes
fpu_exception	: yes
cpuid level	: 13
wp		: yes
flags		: fpu vme de pse tsc msr pae mce cx8 apic sep mtrr pge mca cmov pat pse36 clflush dts acpi mmx fxsr sse sse2 ss ht tm pbe syscall nx pdpe1gb rdtscp lm constant_tsc arch_perfmon pebs bts rep_good nopl xtopology nonstop_tsc aperfmperf eagerfpu pni pclmulqdq dtes64 monitor ds_cpl vmx est tm2 ssse3 sdbg fma cx16 xtpr pdcm pcid sse4_1 sse4_2 movbe popcnt tsc_deadline_timer aes xsave avx f16c rdrand lahf_lm abm epb tpr_shadow vnmi flexpriority ept vpid fsgsbase tsc_adjust bmi1 avx2 smep bmi2 erms invpcid xsaveopt dtherm ida arat pln pts
bugs		:
bogomips	: 4390.01
clflush size	: 64
cache_alignment	: 64
address sizes	: 39 bits physical, 48 bits virtual
power management:

processor	: 3
vendor_id	: GenuineIntel
cpu family	: 6
model		: 60
model name	: Intel(R) Core(TM) i7-4702MQ CPU @ 2.20GHz
stepping	: 3
microcode	: 0x20
cpu MHz		: 2899.987
cache size	: 6144 KB
physical id	: 0
siblings	: 8
core id		: 1
cpu cores	: 4
apicid		: 3
initial apicid	: 3
fpu		: yes
fpu_exception	: yes
cpuid level	: 13
wp		: yes
flags		: fpu vme de pse tsc msr pae mce cx8 apic sep mtrr pge mca cmov pat pse36 clflush dts acpi mmx fxsr sse sse2 ss ht tm pbe syscall nx pdpe1gb rdtscp lm constant_tsc arch_perfmon pebs bts rep_good nopl xtopology nonstop_tsc aperfmperf eagerfpu pni pclmulqdq dtes64 monitor ds_cpl vmx est tm2 ssse3 sdbg fma cx16 xtpr pdcm pcid sse4_1 sse4_2 movbe popcnt tsc_deadline_timer aes xsave avx f16c rdrand lahf_lm abm epb tpr_shadow vnmi flexpriority ept vpid fsgsbase tsc_adjust bmi1 avx2 smep bmi2 erms invpcid xsaveopt dtherm ida arat pln pts
bugs		:
bogomips	: 4390.01
clflush size	: 64
cache_alignment	: 64
address sizes	: 39 bits physical, 48 bits virtual
power management:

processor	: 4
vendor_id	: GenuineIntel
cpu family	: 6
model		: 60
model name	: Intel(R) Core(TM) i7-4702MQ CPU @ 2.20GHz
stepping	: 3
microcode	: 0x20
cpu MHz		: 2899.987
cache size	: 6144 KB
physical id	: 0
siblings	: 8
core id		: 2
cpu cores	: 4
apicid		: 4
initial apicid	: 4
fpu		: yes
fpu_exception	: yes
cpuid level	: 13
wp		: yes
flags		: fpu vme de pse tsc msr pae mce cx8 apic sep mtrr pge mca cmov pat pse36 clflush dts acpi mmx fxsr sse sse2 ss ht tm pbe syscall nx pdpe1gb rdtscp lm constant_tsc arch_perfmon pebs bts rep_good nopl xtopology nonstop_tsc aperfmperf eagerfpu pni pclmulqdq dtes64 monitor ds_cpl vmx est tm2 ssse3 sdbg fma cx16 xtpr pdcm pcid sse4_1 sse4_2 movbe popcnt tsc_deadline_timer aes xsave avx f16c rdrand lahf_lm abm epb tpr_shadow vnmi flexpriority ept vpid fsgsbase tsc_adjust bmi1 avx2 smep bmi2 erms invpcid xsaveopt dtherm ida arat pln pts
bugs		:
bogomips	: 4390.01
clflush size	: 64
cache_alignment	: 64
address sizes	: 39 bits physical, 48 bits virtual
power management:

processor	: 5
vendor_id	: GenuineIntel
cpu family	: 6
model		: 60
model name	: Intel(R) Core(TM) i7-4702MQ CPU @ 2.20GHz
stepping	: 3
microcode	: 0x20
cpu MHz		: 2899.987
cache size	: 6144 KB
physical id	: 0
siblings	: 8
core id		: 2
cpu cores	: 4
apicid		: 5
initial apicid	: 5
fpu		: yes
fpu_exception	: yes
cpuid level	: 13
wp		: yes
flags		: fpu vme de pse tsc msr pae mce cx8 apic sep mtrr pge mca cmov pat pse36 clflush dts acpi mmx fxsr sse sse2 ss ht tm pbe syscall nx pdpe1gb rdtscp lm constant_tsc arch_perfmon pebs bts rep_good nopl xtopology nonstop_tsc aperfmperf eagerfpu pni pclmulqdq dtes64 monitor ds_cpl vmx est tm2 ssse3 sdbg fma cx16 xtpr pdcm pcid sse4_1 sse4_2 movbe popcnt tsc_deadline_timer aes xsave avx f16c rdrand lahf_lm abm epb tpr_shadow vnmi flexpriority ept vpid fsgsbase tsc_adjust bmi1 avx2 smep bmi2 erms invpcid xsaveopt dtherm ida arat pln pts
bugs		:
bogomips	: 4390.01
clflush size	: 64
cache_alignment	: 64
address sizes	: 39 bits physical, 48 bits virtual
power management:

processor	: 6
vendor_id	: GenuineIntel
cpu family	: 6
model		: 60
model name	: Intel(R) Core(TM) i7-4702MQ CPU @ 2.20GHz
stepping	: 3
microcode	: 0x20
cpu MHz		: 2899.987
cache size	: 6144 KB
physical id	: 0
siblings	: 8
core id		: 3
cpu cores	: 4
apicid		: 6
initial apicid	: 6
fpu		: yes
fpu_exception	: yes
cpuid level	: 13
wp		: yes
flags		: fpu vme de pse tsc msr pae mce cx8 apic sep mtrr pge mca cmov pat pse36 clflush dts acpi mmx fxsr sse sse2 ss ht tm pbe syscall nx pdpe1gb rdtscp lm constant_tsc arch_perfmon pebs bts rep_good nopl xtopology nonstop_tsc aperfmperf eagerfpu pni pclmulqdq dtes64 monitor ds_cpl vmx est tm2 ssse3 sdbg fma cx16 xtpr pdcm pcid sse4_1 sse4_2 movbe popcnt tsc_deadline_timer aes xsave avx f16c rdrand lahf_lm abm epb tpr_shadow vnmi flexpriority ept vpid fsgsbase tsc_adjust bmi1 avx2 smep bmi2 erms invpcid xsaveopt dtherm ida arat pln pts
bugs		:
bogomips	: 4390.01
clflush size	: 64
cache_alignment	: 64
address sizes	: 39 bits physical, 48 bits virtual
power management:

processor	: 7
vendor_id	: GenuineIntel
cpu family	: 6
model		: 60
model name	: Intel(R) Core(TM) i7-4702MQ CPU @ 2.20GHz
stepping	: 3
microcode	: 0x20
cpu MHz		: 2899.987
cache size	: 6144 KB
physical id	: 0
siblings	: 8
core id		: 3
cpu cores	: 4
apicid		: 7
initial apicid	: 7
fpu		: yes
fpu_exception	: yes
cpuid level	: 13
wp		: yes
flags		: fpu vme de pse tsc msr pae mce cx8 apic sep mtrr pge mca cmov pat pse36 clflush dts acpi mmx fxsr sse sse2 ss ht tm pbe syscall nx pdpe1gb rdtscp lm constant_tsc arch_perfmon pebs bts rep_good nopl xtopology nonstop_tsc aperfmperf eagerfpu pni pclmulqdq dtes64 monitor ds_cpl vmx est tm2 ssse3 sdbg fma cx16 xtpr pdcm pcid sse4_1 sse4_2 movbe popcnt tsc_deadline_timer aes xsave avx f16c rdrand lahf_lm abm epb tpr_shadow vnmi flexpriority ept vpid fsgsbase tsc_adjust bmi1 avx2 smep bmi2 erms invpcid xsaveopt dtherm ida arat pln pts
bugs		:
bogomips	: 4390.01
clflush size	: 64
cache_alignment	: 64
address sizes	: 39 bits physical, 48 bits virtual
power management:



Memory: 4k page, physical 8088836k(2268716k free), swap 4258808k(4258808k free)

vm_info: Java HotSpot(TM) 64-Bit Server VM (25.91-b14) for linux-amd64 JRE (1.8.0_91-b14), built on Apr  1 2016 00:57:21 by "java_re" with gcc 4.3.0 20080428 (Red Hat 4.3.0-8)

time: Tue May  9 13:58:02 2017
elapsed time: 7 seconds (0d 0h 0m 7s)

