#
# A fatal error has been detected by the Java Runtime Environment:
#
#  SIGSEGV (0xb) at pc=0x00007f6ac0bb1948, pid=19013, tid=140094487668480
#
# JRE version: Java(TM) SE Runtime Environment (8.0_91-b14) (build 1.8.0_91-b14)
# Java VM: Java HotSpot(TM) 64-Bit Server VM (25.91-b14 mixed mode linux-amd64 compressed oops)
# Problematic frame:
# V  [libjvm.so+0x6cf948]  jni_invoke_nonstatic(JNIEnv_*, JavaValue*, _jobject*, JNICallType, _jmethodID*, JNI_ArgumentPusher*, Thread*)+0x38
#
# Failed to write core dump. Core dumps have been disabled. To enable core dumping, try "ulimit -c unlimited" before starting Java again
#
# If you would like to submit a bug report, please visit:
#   http://bugreport.java.com/bugreport/crash.jsp
#

---------------  T H R E A D  ---------------

Current thread (0x00007f6abc3dd000):  JavaThread "JavaFX Application Thread" [_thread_in_vm, id=19041, stack(0x00007f6a4a1c2000,0x00007f6a4a2c3000)]

siginfo: si_signo: 11 (SIGSEGV), si_code: 1 (SEGV_MAPERR), si_addr: 0x0000000000000025

Registers:
RAX=0x00007f6a4a2c1440, RBX=0x00007f6a4a2c1350, RCX=0x0000000000000001, RDX=0x0000000000000025
RSP=0x00007f6a4a2c11a0, RBP=0x00007f6a4a2c1320, RSI=0x00007f6a4a2c13b0, RDI=0x00007f6abc3dd1f8
R8 =0x00007f6abc34d708, R9 =0x00007f6a4a2c1350, R10=0x00007f6a38000ae0, R11=0x00007f6aac433860
R12=0x00007f6abc3dd000, R13=0x00007f6abc34d708, R14=0x0000000000000001, R15=0x00007f6abc3dd1f8
RIP=0x00007f6ac0bb1948, EFLAGS=0x0000000000010202, CSGSFS=0x002b000000000033, ERR=0x0000000000000004
  TRAPNO=0x000000000000000e

Top of Stack: (sp=0x00007f6a4a2c11a0)
0x00007f6a4a2c11a0:   00007f6a4a2c18a0 00007f6a4a2c14c0
0x00007f6a4a2c11b0:   00007f6a4a2c1200 00007f6a4a2c1280
0x00007f6a4a2c11c0:   00007f6a4a2c1350 00007f6a4a2c13b0
0x00007f6a4a2c11d0:   00007f6abc3dd1f8 00007f6ac0bd1450
0x00007f6a4a2c11e0:   00007f6a68051440 00007f6a68051450
0x00007f6a4a2c11f0:   00007f6a68051828 00000000000003d8
0x00007f6a4a2c1200:   0000000000000000 00000000d6dee780
0x00007f6a4a2c1210:   00007f6a0000006f 00007f6a0000000a
0x00007f6a4a2c1220:   00000000d79fd768 0000000000000000
0x00007f6a4a2c1230:   0000000000000000 0000000000000000
0x00007f6a4a2c1240:   00007f6aaa7376f8 0000000100000100
0x00007f6a4a2c1250:   0000000000000000 00007f6a4a2c1208
0x00007f6a4a2c1260:   00007f6a4a2c1249 0000000800000005
0x00007f6a4a2c1270:   0000000000000000 00007f6abc3dcc10
0x00007f6a4a2c1280:   00007f6ac1434490 00007f6ac1f3f470
0x00007f6a4a2c1290:   00000000bc3dcaa0 00007f6abc3dd000
0x00007f6a4a2c12a0:   0000000000000000 00007f6ac0bb1d1b
0x00007f6a4a2c12b0:   00007f6aaa7417a8 00007f6abc3dd000
0x00007f6a4a2c12c0:   00007f6aaa7417a8 00007f6abc3dd000
0x00007f6a4a2c12d0:   00007f6a4a2c1460 00007f6aaa7417a8
0x00007f6a4a2c12e0:   00007f6aaa7417a8 00007f6aaa7417a8
0x00007f6a4a2c12f0:   00007f6a68051440 00007f6a4a2c1350
0x00007f6a4a2c1300:   00007f6abc3dd000 00007f6a4a2c1390
0x00007f6a4a2c1310:   00007f6abc34d708 00007f6abc3dd1f8
0x00007f6a4a2c1320:   00007f6a4a2c1410 00007f6ac0bb60ef
0x00007f6a4a2c1330:   00007f6abc3dd000 00007f6a92e13ff4
0x00007f6a4a2c1340:   00007f6a4a2c1428 0000000000000025
0x00007f6a4a2c1350:   00007f6ac14350f0 00007f6ac1f3f470
0x00007f6a4a2c1360:   000000004a2c13d0 6c657f0f00000063
0x00007f6a4a2c1370:   0000000000000000 0000003000000018
0x00007f6a4a2c1380:   00007f6a4a2c1500 00007f6a4a2c1440
0x00007f6a4a2c1390:   00007f6abc3dd000 0000000000000000 

Instructions: (pc=0x00007f6ac0bb1948)
0x00007f6ac0bb1928:   00 00 48 85 d2 48 89 bd b0 fe ff ff 48 89 b5 a8
0x00007f6ac0bb1938:   fe ff ff 4c 89 8d a0 fe ff ff 0f 84 78 09 00 00
0x00007f6ac0bb1948:   4c 8b 22 4d 85 e4 0f 84 6c 09 00 00 48 8b 45 10
0x00007f6ac0bb1958:   48 8b 98 38 01 00 00 48 83 7b 18 f7 0f 87 16 07 

Register to memory mapping:

RAX=0x00007f6a4a2c1440 is pointing into the stack for thread: 0x00007f6abc3dd000
RBX=0x00007f6a4a2c1350 is pointing into the stack for thread: 0x00007f6abc3dd000
RCX=0x0000000000000001 is an unknown value
RDX=0x0000000000000025 is an unknown value
RSP=0x00007f6a4a2c11a0 is pointing into the stack for thread: 0x00007f6abc3dd000
RBP=0x00007f6a4a2c1320 is pointing into the stack for thread: 0x00007f6abc3dd000
RSI=0x00007f6a4a2c13b0 is pointing into the stack for thread: 0x00007f6abc3dd000
RDI=0x00007f6abc3dd1f8 is an unknown value
R8 =0x00007f6abc34d708 is an unknown value
R9 =0x00007f6a4a2c1350 is pointing into the stack for thread: 0x00007f6abc3dd000
R10=0x00007f6a38000ae0 is an unknown value
R11=0x00007f6aac433860 is at entry_point+32 in (nmethod*)0x00007f6aac4336d0
R12=0x00007f6abc3dd000 is a thread
R13=0x00007f6abc34d708 is an unknown value
R14=0x0000000000000001 is an unknown value
R15=0x00007f6abc3dd1f8 is an unknown value


Stack: [0x00007f6a4a1c2000,0x00007f6a4a2c3000],  sp=0x00007f6a4a2c11a0,  free space=1020k
Native frames: (J=compiled Java code, j=interpreted, Vv=VM code, C=native code)
V  [libjvm.so+0x6cf948]  jni_invoke_nonstatic(JNIEnv_*, JavaValue*, _jobject*, JNICallType, _jmethodID*, JNI_ArgumentPusher*, Thread*)+0x38
V  [libjvm.so+0x6d40ef]  jni_CallVoidMethodV+0x10f
C  [libglass.so+0x13e51]  JNIEnv_::CallVoidMethod(_jobject*, _jmethodID*, ...)+0x81
C  [libglass.so+0x1545f]  WindowContextBase::process_key(_GdkEventKey*)+0x20f
C  [libglass.so+0x19540]  WindowContextBase::im_filter_keypress(_GdkEventKey*)+0x1c0
C  [libglass.so+0x1c7cc]  process_events(_GdkEvent*, void*)+0x22c
C  [libgdk-x11-2.0.so.0+0x5acdc]

Java frames: (J=compiled Java code, j=interpreted, Vv=VM code)
j  com.sun.glass.ui.gtk.GtkApplication._runLoop(Ljava/lang/Runnable;Z)V+0
j  com.sun.glass.ui.gtk.GtkApplication.lambda$null$49(Ljava/lang/Runnable;Z)V+7
j  com.sun.glass.ui.gtk.GtkApplication$$Lambda$41.run()V+12
j  java.lang.Thread.run()V+11
v  ~StubRoutines::call_stub

---------------  P R O C E S S  ---------------

Java Threads: ( => current thread )
  0x00007f6a384f3800 JavaThread "AWT-EventQueue-0" [_thread_blocked, id=19050, stack(0x00007f6a2aac6000,0x00007f6a2abc7000)]
  0x00007f6a384f0800 JavaThread "AWT-Shutdown" [_thread_blocked, id=19049, stack(0x00007f6a2abc7000,0x00007f6a2acc8000)]
  0x00007f6a38476800 JavaThread "Image Fetcher 0" daemon [_thread_blocked, id=19048, stack(0x00007f6a2b359000,0x00007f6a2b45a000)]
  0x00007f6a3845d000 JavaThread "AWT-XAWT" daemon [_thread_in_native, id=19047, stack(0x00007f6a2b45a000,0x00007f6a2b55b000)]
  0x00007f6a3819f800 JavaThread "Java2D Disposer" daemon [_thread_blocked, id=19046, stack(0x00007f6a2b55b000,0x00007f6a2b65c000)]
  0x00007f6a3842c000 JavaThread "Prism Font Disposer" daemon [_thread_blocked, id=19045, stack(0x00007f6a48c82000,0x00007f6a48d83000)]
  0x00007f6a381de800 JavaThread "Abandoned connection cleanup thread" daemon [_thread_blocked, id=19044, stack(0x00007f6a497b8000,0x00007f6a498b9000)]
  0x00007f6abc3e1000 JavaThread "JavaFX-Launcher" [_thread_blocked, id=19042, stack(0x00007f6a4a0c1000,0x00007f6a4a1c2000)]
=>0x00007f6abc3dd000 JavaThread "JavaFX Application Thread" [_thread_in_vm, id=19041, stack(0x00007f6a4a1c2000,0x00007f6a4a2c3000)]
  0x00007f6abc3d9000 JavaThread "Thread-1" daemon [_thread_blocked, id=19040, stack(0x00007f6a4a2c3000,0x00007f6a4a3c4000)]
  0x00007f6abc334800 JavaThread "QuantumRenderer-0" daemon [_thread_blocked, id=19036, stack(0x00007f6a9388e000,0x00007f6a9398f000)]
  0x00007f6abc21a800 JavaThread "Service Thread" daemon [_thread_blocked, id=19034, stack(0x00007f6a93b25000,0x00007f6a93c26000)]
  0x00007f6abc20f800 JavaThread "C1 CompilerThread3" daemon [_thread_blocked, id=19033, stack(0x00007f6a93c26000,0x00007f6a93d27000)]
  0x00007f6abc20d000 JavaThread "C2 CompilerThread2" daemon [_thread_in_native, id=19032, stack(0x00007f6aa003e000,0x00007f6aa013f000)]
  0x00007f6abc20b800 JavaThread "C2 CompilerThread1" daemon [_thread_in_native, id=19031, stack(0x00007f6aa013f000,0x00007f6aa0240000)]
  0x00007f6abc208800 JavaThread "C2 CompilerThread0" daemon [_thread_in_native, id=19030, stack(0x00007f6aa8056000,0x00007f6aa8157000)]
  0x00007f6abc207000 JavaThread "Signal Dispatcher" daemon [_thread_blocked, id=19029, stack(0x00007f6aa8157000,0x00007f6aa8258000)]
  0x00007f6abc1d3000 JavaThread "Finalizer" daemon [_thread_blocked, id=19028, stack(0x00007f6aa8258000,0x00007f6aa8359000)]
  0x00007f6abc1ce800 JavaThread "Reference Handler" daemon [_thread_blocked, id=19027, stack(0x00007f6aa8359000,0x00007f6aa845a000)]
  0x00007f6abc00a000 JavaThread "main" [_thread_blocked, id=19017, stack(0x00007f6ac1fbb000,0x00007f6ac20bc000)]

Other Threads:
  0x00007f6abc1c7000 VMThread [stack: 0x00007f6aa845a000,0x00007f6aa855b000] [id=19026]
  0x00007f6abc21d000 WatcherThread [stack: 0x00007f6a93a24000,0x00007f6a93b25000] [id=19035]

VM state:not at safepoint (normal execution)

VM Mutex/Monitor currently owned by a thread:  ([mutex/lock_event])
[0x00007f6abc006b90] Compile_lock - owner thread: 0x00007f6abc20d000
[0x00007f6abc006c90] MethodCompileQueue_lock - owner thread: 0x00007f6abc20d000

Heap:
 PSYoungGen      total 36864K, used 19707K [0x00000000d6d80000, 0x00000000d9680000, 0x0000000100000000)
  eden space 31744K, 62% used [0x00000000d6d80000,0x00000000d80befa8,0x00000000d8c80000)
  from space 5120K, 0% used [0x00000000d9180000,0x00000000d9180000,0x00000000d9680000)
  to   space 5120K, 0% used [0x00000000d8c80000,0x00000000d8c80000,0x00000000d9180000)
 ParOldGen       total 50176K, used 11900K [0x0000000084800000, 0x0000000087900000, 0x00000000d6d80000)
  object space 50176K, 23% used [0x0000000084800000,0x000000008539f2a8,0x0000000087900000)
 Metaspace       used 27785K, capacity 28790K, committed 29056K, reserved 1075200K
  class space    used 3743K, capacity 3955K, committed 3968K, reserved 1048576K

Card table byte_map: [0x00007f6aab7c5000,0x00007f6aabba2000] byte_map_base: 0x00007f6aab3a1000

Marking Bits: (ParMarkBitMap*) 0x00007f6ac1498d60
 Begin Bits: [0x00007f6aa0240000, 0x00007f6aa2120000)
 End Bits:   [0x00007f6aa2120000, 0x00007f6aa4000000)

Polling page: 0x00007f6ac20e4000

CodeCache: size=245760Kb used=9592Kb max_used=9592Kb free=236167Kb
 bounds [0x00007f6aabf62000, 0x00007f6aac8d2000, 0x00007f6abaf62000]
 total_blobs=3924 nmethods=3024 adapters=809
 compilation: enabled

Compilation events (10 events):
Event: 8.437 Thread 0x00007f6abc20f800 3055       1       com.sun.javafx.font.PrismFont::getFeatures (5 bytes)
Event: 8.437 Thread 0x00007f6abc20f800 nmethod 3055 0x00007f6aac8b1f50 code [0x00007f6aac8b20a0, 0x00007f6aac8b21b0]
Event: 8.437 Thread 0x00007f6abc20f800 3056       1       com.sun.javafx.font.PrismFontFile::getFeatures (2 bytes)
Event: 8.437 Thread 0x00007f6abc20f800 nmethod 3056 0x00007f6aac8b2210 code [0x00007f6aac8b2360, 0x00007f6aac8b2470]
Event: 8.437 Thread 0x00007f6abc20f800 3060       3       com.sun.javafx.font.PrismFont::equals (52 bytes)
Event: 8.438 Thread 0x00007f6abc20f800 nmethod 3060 0x00007f6aac8b24d0 code [0x00007f6aac8b2660, 0x00007f6aac8b2ba8]
Event: 8.438 Thread 0x00007f6abc20f800 3057       1       com.sun.javafx.geom.transform.Identity::getType (2 bytes)
Event: 8.438 Thread 0x00007f6abc20f800 nmethod 3057 0x00007f6aac8b2cd0 code [0x00007f6aac8b2e20, 0x00007f6aac8b2f30]
Event: 8.438 Thread 0x00007f6abc20f800 3058       1       com.sun.javafx.font.LogicalFont::getFamilyName (5 bytes)
Event: 8.438 Thread 0x00007f6abc20f800 nmethod 3058 0x00007f6aac8b2f90 code [0x00007f6aac8b30e0, 0x00007f6aac8b31f0]

GC Heap History (6 events):
Event: 0.774 GC heap before
{Heap before GC invocations=1 (full 0):
 PSYoungGen      total 36864K, used 31744K [0x00000000d6d80000, 0x00000000d9680000, 0x0000000100000000)
  eden space 31744K, 100% used [0x00000000d6d80000,0x00000000d8c80000,0x00000000d8c80000)
  from space 5120K, 0% used [0x00000000d9180000,0x00000000d9180000,0x00000000d9680000)
  to   space 5120K, 0% used [0x00000000d8c80000,0x00000000d8c80000,0x00000000d9180000)
 ParOldGen       total 84992K, used 0K [0x0000000084800000, 0x0000000089b00000, 0x00000000d6d80000)
  object space 84992K, 0% used [0x0000000084800000,0x0000000084800000,0x0000000089b00000)
 Metaspace       used 15244K, capacity 15704K, committed 16000K, reserved 1062912K
  class space    used 1960K, capacity 2102K, committed 2176K, reserved 1048576K
Event: 0.779 GC heap after
Heap after GC invocations=1 (full 0):
 PSYoungGen      total 36864K, used 5104K [0x00000000d6d80000, 0x00000000d9680000, 0x0000000100000000)
  eden space 31744K, 0% used [0x00000000d6d80000,0x00000000d6d80000,0x00000000d8c80000)
  from space 5120K, 99% used [0x00000000d8c80000,0x00000000d917c090,0x00000000d9180000)
  to   space 5120K, 0% used [0x00000000d9180000,0x00000000d9180000,0x00000000d9680000)
 ParOldGen       total 84992K, used 5330K [0x0000000084800000, 0x0000000089b00000, 0x00000000d6d80000)
  object space 84992K, 6% used [0x0000000084800000,0x0000000084d34988,0x0000000089b00000)
 Metaspace       used 15244K, capacity 15704K, committed 16000K, reserved 1062912K
  class space    used 1960K, capacity 2102K, committed 2176K, reserved 1048576K
}
Event: 6.565 GC heap before
{Heap before GC invocations=2 (full 0):
 PSYoungGen      total 36864K, used 18311K [0x00000000d6d80000, 0x00000000d9680000, 0x0000000100000000)
  eden space 31744K, 41% used [0x00000000d6d80000,0x00000000d7a65ba8,0x00000000d8c80000)
  from space 5120K, 99% used [0x00000000d8c80000,0x00000000d917c090,0x00000000d9180000)
  to   space 5120K, 0% used [0x00000000d9180000,0x00000000d9180000,0x00000000d9680000)
 ParOldGen       total 84992K, used 5330K [0x0000000084800000, 0x0000000089b00000, 0x00000000d6d80000)
  object space 84992K, 6% used [0x0000000084800000,0x0000000084d34988,0x0000000089b00000)
 Metaspace       used 20558K, capacity 21248K, committed 21296K, reserved 1067008K
  class space    used 2754K, capacity 2930K, committed 2944K, reserved 1048576K
Event: 6.571 GC heap after
Heap after GC invocations=2 (full 0):
 PSYoungGen      total 36864K, used 5105K [0x00000000d6d80000, 0x00000000d9680000, 0x0000000100000000)
  eden space 31744K, 0% used [0x00000000d6d80000,0x00000000d6d80000,0x00000000d8c80000)
  from space 5120K, 99% used [0x00000000d9180000,0x00000000d967c5a8,0x00000000d9680000)
  to   space 5120K, 0% used [0x00000000d8c80000,0x00000000d8c80000,0x00000000d9180000)
 ParOldGen       total 84992K, used 7845K [0x0000000084800000, 0x0000000089b00000, 0x00000000d6d80000)
  object space 84992K, 9% used [0x0000000084800000,0x0000000084fa97b0,0x0000000089b00000)
 Metaspace       used 20558K, capacity 21248K, committed 21296K, reserved 1067008K
  class space    used 2754K, capacity 2930K, committed 2944K, reserved 1048576K
}
Event: 6.571 GC heap before
{Heap before GC invocations=3 (full 1):
 PSYoungGen      total 36864K, used 5105K [0x00000000d6d80000, 0x00000000d9680000, 0x0000000100000000)
  eden space 31744K, 0% used [0x00000000d6d80000,0x00000000d6d80000,0x00000000d8c80000)
  from space 5120K, 99% used [0x00000000d9180000,0x00000000d967c5a8,0x00000000d9680000)
  to   space 5120K, 0% used [0x00000000d8c80000,0x00000000d8c80000,0x00000000d9180000)
 ParOldGen       total 84992K, used 7845K [0x0000000084800000, 0x0000000089b00000, 0x00000000d6d80000)
  object space 84992K, 9% used [0x0000000084800000,0x0000000084fa97b0,0x0000000089b00000)
 Metaspace       used 20558K, capacity 21248K, committed 21296K, reserved 1067008K
  class space    used 2754K, capacity 2930K, committed 2944K, reserved 1048576K
Event: 6.600 GC heap after
Heap after GC invocations=3 (full 1):
 PSYoungGen      total 36864K, used 0K [0x00000000d6d80000, 0x00000000d9680000, 0x0000000100000000)
  eden space 31744K, 0% used [0x00000000d6d80000,0x00000000d6d80000,0x00000000d8c80000)
  from space 5120K, 0% used [0x00000000d9180000,0x00000000d9180000,0x00000000d9680000)
  to   space 5120K, 0% used [0x00000000d8c80000,0x00000000d8c80000,0x00000000d9180000)
 ParOldGen       total 50176K, used 11900K [0x0000000084800000, 0x0000000087900000, 0x00000000d6d80000)
  object space 50176K, 23% used [0x0000000084800000,0x000000008539f2a8,0x0000000087900000)
 Metaspace       used 20558K, capacity 21248K, committed 21296K, reserved 1067008K
  class space    used 2754K, capacity 2930K, committed 2944K, reserved 1048576K
}

Deoptimization events (10 events):
Event: 8.182 Thread 0x00007f6abc3dd000 Uncommon trap: reason=unstable_if action=reinterpret pc=0x00007f6aac478a34 method=java.lang.StrictMath.floorOrCeil(DDDD)D @ 38
Event: 8.339 Thread 0x00007f6abc3dd000 Uncommon trap: reason=array_check action=maybe_recompile pc=0x00007f6aac7d95fc method=com.sun.javafx.css.SimpleSelector.applies(Ljavafx/css/Styleable;[Ljava/util/Set;I)Z @ 37
Event: 8.340 Thread 0x00007f6abc3dd000 Uncommon trap: reason=array_check action=maybe_recompile pc=0x00007f6aac7d95fc method=com.sun.javafx.css.SimpleSelector.applies(Ljavafx/css/Styleable;[Ljava/util/Set;I)Z @ 37
Event: 8.340 Thread 0x00007f6abc3dd000 Uncommon trap: reason=array_check action=maybe_recompile pc=0x00007f6aac7d95fc method=com.sun.javafx.css.SimpleSelector.applies(Ljavafx/css/Styleable;[Ljava/util/Set;I)Z @ 37
Event: 8.340 Thread 0x00007f6abc3dd000 Uncommon trap: reason=array_check action=maybe_recompile pc=0x00007f6aac7d95fc method=com.sun.javafx.css.SimpleSelector.applies(Ljavafx/css/Styleable;[Ljava/util/Set;I)Z @ 37
Event: 8.406 Thread 0x00007f6abc3dd000 Uncommon trap: reason=array_check action=maybe_recompile pc=0x00007f6aac868d7c method=com.sun.javafx.css.CompoundSelector.applies(Ljavafx/css/Styleable;[Ljava/util/Set;I)Z @ 128
Event: 8.406 Thread 0x00007f6abc3dd000 Uncommon trap: reason=array_check action=maybe_recompile pc=0x00007f6aac868d7c method=com.sun.javafx.css.CompoundSelector.applies(Ljavafx/css/Styleable;[Ljava/util/Set;I)Z @ 128
Event: 8.406 Thread 0x00007f6abc3dd000 Uncommon trap: reason=array_check action=maybe_recompile pc=0x00007f6aac868d7c method=com.sun.javafx.css.CompoundSelector.applies(Ljavafx/css/Styleable;[Ljava/util/Set;I)Z @ 128
Event: 8.406 Thread 0x00007f6abc3dd000 Uncommon trap: reason=array_check action=maybe_recompile pc=0x00007f6aac868d7c method=com.sun.javafx.css.CompoundSelector.applies(Ljavafx/css/Styleable;[Ljava/util/Set;I)Z @ 128
Event: 8.426 Thread 0x00007f6abc3dd000 Uncommon trap: reason=unstable_if action=reinterpret pc=0x00007f6aac4b34dc method=java.lang.Math.round(D)J @ 48

Internal exceptions (10 events):
Event: 0.401 Thread 0x00007f6abc3dd000 Exception <a 'java/lang/ArrayIndexOutOfBoundsException'> (0x00000000d7e87568) thrown at [/HUDSON/workspace/8-2-build-linux-amd64/jdk8u91/6644/hotspot/src/share/vm/runtime/sharedRuntime.cpp, line 605]
Event: 0.523 Thread 0x00007f6abc3dd000 Implicit null exception at 0x00007f6aac177875 to 0x00007f6aac177bc5
Event: 0.747 Thread 0x00007f6abc3dd000 Implicit null exception at 0x00007f6aac2568b5 to 0x00007f6aac256add
Event: 0.750 Thread 0x00007f6abc3dd000 Implicit null exception at 0x00007f6aac1d3e6f to 0x00007f6aac1d3ed9
Event: 6.559 Thread 0x00007f6abc3dd000 Exception <a 'java/io/FileNotFoundException'> (0x00000000d7a16bd0) thrown at [/HUDSON/workspace/8-2-build-linux-amd64/jdk8u91/6644/hotspot/src/share/vm/prims/jni.cpp, line 709]
Event: 6.559 Thread 0x00007f6abc3dd000 Exception <a 'java/io/FileNotFoundException'> (0x00000000d7a17968) thrown at [/HUDSON/workspace/8-2-build-linux-amd64/jdk8u91/6644/hotspot/src/share/vm/prims/jni.cpp, line 709]
Event: 6.794 Thread 0x00007f6a384f3800 Exception <a 'java/lang/UnsupportedOperationException': > (0x00000000d6fd5240) thrown at [/HUDSON/workspace/8-2-build-linux-amd64/jdk8u91/6644/hotspot/src/share/vm/prims/jni.cpp, line 735]
Event: 8.065 Thread 0x00007f6abc3dd000 Exception <a 'java/lang/ArrayIndexOutOfBoundsException'> (0x00000000d70e9420) thrown at [/HUDSON/workspace/8-2-build-linux-amd64/jdk8u91/6644/hotspot/src/share/vm/runtime/sharedRuntime.cpp, line 605]
Event: 8.066 Thread 0x00007f6abc3dd000 Exception <a 'java/lang/ArrayIndexOutOfBoundsException'> (0x00000000d70eb630) thrown at [/HUDSON/workspace/8-2-build-linux-amd64/jdk8u91/6644/hotspot/src/share/vm/runtime/sharedRuntime.cpp, line 605]
Event: 8.156 Thread 0x00007f6abc3dd000 Exception <a 'java/lang/ArrayIndexOutOfBoundsException': 65> (0x00000000d74639e0) thrown at [/HUDSON/workspace/8-2-build-linux-amd64/jdk8u91/6644/hotspot/src/share/vm/interpreter/interpreterRuntime.cpp, line 366]

Events (10 events):
Event: 8.406 Thread 0x00007f6abc3dd000 DEOPT UNPACKING pc=0x00007f6aabf67229 sp=0x00007f6a4a2bd050 mode 2
Event: 8.425 loading class com/jfoenix/skins/JFXRadioButtonSkin$1
Event: 8.425 loading class com/jfoenix/skins/JFXRadioButtonSkin$1 done
Event: 8.426 Thread 0x00007f6abc3dd000 Uncommon trap: trap_request=0xffffff65 fr.pc=0x00007f6aac4b34dc
Event: 8.426 Thread 0x00007f6abc3dd000 DEOPT PACKING pc=0x00007f6aac4b34dc sp=0x00007f6a4a2bd7b0
Event: 8.426 Thread 0x00007f6abc3dd000 DEOPT UNPACKING pc=0x00007f6aabf67229 sp=0x00007f6a4a2bd728 mode 2
Event: 8.430 loading class com/sun/javafx/font/PrismFontUtils
Event: 8.430 loading class com/sun/javafx/font/PrismFontUtils done
Event: 8.430 loading class com/sun/javafx/tk/FontMetrics
Event: 8.430 loading class com/sun/javafx/tk/FontMetrics done


Dynamic libraries:
00400000-00401000 r-xp 00000000 08:0f 1573679                            /usr/lib/jvm/oracle_jdk8/jre/bin/java
00600000-00601000 rw-p 00000000 08:0f 1573679                            /usr/lib/jvm/oracle_jdk8/jre/bin/java
025a5000-025c6000 rw-p 00000000 00:00 0                                  [heap]
84800000-87900000 rw-p 00000000 00:00 0 
87900000-d6d80000 ---p 00000000 00:00 0 
d6d80000-d9680000 rw-p 00000000 00:00 0 
d9680000-100000000 ---p 00000000 00:00 0 
100000000-1003e0000 rw-p 00000000 00:00 0 
1003e0000-140000000 ---p 00000000 00:00 0 
7f6a10000000-7f6a10021000 rw-p 00000000 00:00 0 
7f6a10021000-7f6a14000000 ---p 00000000 00:00 0 
7f6a14000000-7f6a142a0000 rw-p 00000000 00:00 0 
7f6a142a0000-7f6a18000000 ---p 00000000 00:00 0 
7f6a18000000-7f6a18024000 rw-p 00000000 00:00 0 
7f6a18024000-7f6a1c000000 ---p 00000000 00:00 0 
7f6a1c000000-7f6a1c021000 rw-p 00000000 00:00 0 
7f6a1c021000-7f6a20000000 ---p 00000000 00:00 0 
7f6a20000000-7f6a20021000 rw-p 00000000 00:00 0 
7f6a20021000-7f6a24000000 ---p 00000000 00:00 0 
7f6a24000000-7f6a24021000 rw-p 00000000 00:00 0 
7f6a24021000-7f6a28000000 ---p 00000000 00:00 0 
7f6a2a6c6000-7f6a2a746000 rw-p 00000000 00:00 0 
7f6a2a746000-7f6a2a8c6000 ---p 00000000 00:00 0 
7f6a2a8c6000-7f6a2aac6000 rw-p 00000000 00:00 0 
7f6a2aac6000-7f6a2aac9000 ---p 00000000 00:00 0 
7f6a2aac9000-7f6a2abc7000 rw-p 00000000 00:00 0 
7f6a2abc7000-7f6a2abca000 ---p 00000000 00:00 0 
7f6a2abca000-7f6a2acc8000 rw-p 00000000 00:00 0 
7f6a2acc8000-7f6a2ad31000 r-xp 00000000 08:0f 1587707                    /usr/lib/jvm/oracle_jdk8/jre/lib/amd64/libt2k.so
7f6a2ad31000-7f6a2af31000 ---p 00069000 08:0f 1587707                    /usr/lib/jvm/oracle_jdk8/jre/lib/amd64/libt2k.so
7f6a2af31000-7f6a2af38000 rw-p 00069000 08:0f 1587707                    /usr/lib/jvm/oracle_jdk8/jre/lib/amd64/libt2k.so
7f6a2af38000-7f6a2af48000 rw-p 00000000 00:00 0 
7f6a2af48000-7f6a2af59000 r-xp 00000000 08:0f 1587741                    /usr/lib/jvm/oracle_jdk8/jre/lib/amd64/libnio.so
7f6a2af59000-7f6a2b158000 ---p 00011000 08:0f 1587741                    /usr/lib/jvm/oracle_jdk8/jre/lib/amd64/libnio.so
7f6a2b158000-7f6a2b159000 rw-p 00010000 08:0f 1587741                    /usr/lib/jvm/oracle_jdk8/jre/lib/amd64/libnio.so
7f6a2b159000-7f6a2b359000 rw-p 00000000 00:00 0 
7f6a2b359000-7f6a2b35c000 ---p 00000000 00:00 0 
7f6a2b35c000-7f6a2b45a000 rw-p 00000000 00:00 0 
7f6a2b45a000-7f6a2b45d000 ---p 00000000 00:00 0 
7f6a2b45d000-7f6a2b55b000 rw-p 00000000 00:00 0 
7f6a2b55b000-7f6a2b55e000 ---p 00000000 00:00 0 
7f6a2b55e000-7f6a2b65c000 rw-p 00000000 00:00 0 
7f6a2b65c000-7f6a2b6c1000 r-xp 00000000 08:0f 1587720                    /usr/lib/jvm/oracle_jdk8/jre/lib/amd64/libfontmanager.so
7f6a2b6c1000-7f6a2b8c0000 ---p 00065000 08:0f 1587720                    /usr/lib/jvm/oracle_jdk8/jre/lib/amd64/libfontmanager.so
7f6a2b8c0000-7f6a2b8c5000 rw-p 00064000 08:0f 1587720                    /usr/lib/jvm/oracle_jdk8/jre/lib/amd64/libfontmanager.so
7f6a2b8c5000-7f6a2bad5000 rw-p 00000000 00:00 0 
7f6a2bad5000-7f6a2bb29000 r-xp 00000000 08:0f 1587745                    /usr/lib/jvm/oracle_jdk8/jre/lib/amd64/libawt_xawt.so
7f6a2bb29000-7f6a2bd29000 ---p 00054000 08:0f 1587745                    /usr/lib/jvm/oracle_jdk8/jre/lib/amd64/libawt_xawt.so
7f6a2bd29000-7f6a2bd2d000 rw-p 00054000 08:0f 1587745                    /usr/lib/jvm/oracle_jdk8/jre/lib/amd64/libawt_xawt.so
7f6a2bd2d000-7f6a2bd2e000 rw-p 00000000 00:00 0 
7f6a2bd2e000-7f6a2bdd0000 r-xp 00000000 08:0f 1587731                    /usr/lib/jvm/oracle_jdk8/jre/lib/amd64/libawt.so
7f6a2bdd0000-7f6a2bfd0000 ---p 000a2000 08:0f 1587731                    /usr/lib/jvm/oracle_jdk8/jre/lib/amd64/libawt.so
7f6a2bfd0000-7f6a2bfdc000 rw-p 000a2000 08:0f 1587731                    /usr/lib/jvm/oracle_jdk8/jre/lib/amd64/libawt.so
7f6a2bfdc000-7f6a2c000000 rw-p 00000000 00:00 0 
7f6a2c000000-7f6a2c021000 rw-p 00000000 00:00 0 
7f6a2c021000-7f6a30000000 ---p 00000000 00:00 0 
7f6a30000000-7f6a30021000 rw-p 00000000 00:00 0 
7f6a30021000-7f6a34000000 ---p 00000000 00:00 0 
7f6a34000000-7f6a34021000 rw-p 00000000 00:00 0 
7f6a34021000-7f6a38000000 ---p 00000000 00:00 0 
7f6a38000000-7f6a38941000 rw-p 00000000 00:00 0 
7f6a38941000-7f6a3c000000 ---p 00000000 00:00 0 
7f6a3c000000-7f6a3c021000 rw-p 00000000 00:00 0 
7f6a3c021000-7f6a40000000 ---p 00000000 00:00 0 
7f6a40000000-7f6a40022000 rw-p 00000000 00:00 0 
7f6a40022000-7f6a44000000 ---p 00000000 00:00 0 
7f6a44000000-7f6a44021000 rw-p 00000000 00:00 0 
7f6a44021000-7f6a48000000 ---p 00000000 00:00 0 
7f6a48006000-7f6a48022000 rw-s 00000000 00:05 1189443                    /drm mm object (deleted)
7f6a48022000-7f6a481e2000 rw-s 1072d6000 00:06 349                       /dev/dri/card0
7f6a481e2000-7f6a487e2000 rw-s 00000000 00:05 1189441                    /drm mm object (deleted)
7f6a487e2000-7f6a489a2000 rw-s 00000000 00:05 1189436                    /drm mm object (deleted)
7f6a489a2000-7f6a489b2000 rw-s 00000000 00:05 1189440                    /drm mm object (deleted)
7f6a489b2000-7f6a489c2000 rw-s 00000000 00:05 1189438                    /drm mm object (deleted)
7f6a489c2000-7f6a48bc2000 rw-p 00000000 00:00 0 
7f6a48bc2000-7f6a48bd5000 r--s 00344000 08:0f 1587685                    /usr/lib/jvm/oracle_jdk8/jre/lib/resources.jar
7f6a48bd5000-7f6a48c82000 r--p 00000000 08:0f 2225679                    /usr/share/fonts/truetype/dejavu/DejaVuSans-Bold.ttf
7f6a48c82000-7f6a48c85000 ---p 00000000 00:00 0 
7f6a48c85000-7f6a48d83000 rw-p 00000000 00:00 0 
7f6a48d83000-7f6a48e3c000 r--p 00000000 08:0f 2225680                    /usr/share/fonts/truetype/dejavu/DejaVuSans.ttf
7f6a48e3c000-7f6a48e4f000 r--p 00000000 08:0f 1713188                    /usr/lib/jvm/oracle_jdk8/jre/lib/fonts/LucidaBrightDemiItalic.ttf
7f6a48e4f000-7f6a48ea4000 r--p 00000000 08:0f 1713185                    /usr/lib/jvm/oracle_jdk8/jre/lib/fonts/LucidaBrightRegular.ttf
7f6a48ea4000-7f6a48ef2000 r--p 00000000 08:0f 1713186                    /usr/lib/jvm/oracle_jdk8/jre/lib/fonts/LucidaSansDemiBold.ttf
7f6a48ef2000-7f6a48f9d000 r--p 00000000 08:0f 1713184                    /usr/lib/jvm/oracle_jdk8/jre/lib/fonts/LucidaSansRegular.ttf
7f6a48f9d000-7f6a48fa1000 r-xp 00000000 08:0f 1587696                    /usr/lib/jvm/oracle_jdk8/jre/lib/amd64/libjavafx_font_pango.so
7f6a48fa1000-7f6a491a0000 ---p 00004000 08:0f 1587696                    /usr/lib/jvm/oracle_jdk8/jre/lib/amd64/libjavafx_font_pango.so
7f6a491a0000-7f6a491a1000 rw-p 00003000 08:0f 1587696                    /usr/lib/jvm/oracle_jdk8/jre/lib/amd64/libjavafx_font_pango.so
7f6a491a1000-7f6a493a1000 rw-p 00000000 00:00 0 
7f6a493a1000-7f6a495a1000 rw-p 00000000 00:00 0 
7f6a495a1000-7f6a495b7000 r-xp 00000000 08:0f 1587738                    /usr/lib/jvm/oracle_jdk8/jre/lib/amd64/libnet.so
7f6a495b7000-7f6a497b7000 ---p 00016000 08:0f 1587738                    /usr/lib/jvm/oracle_jdk8/jre/lib/amd64/libnet.so
7f6a497b7000-7f6a497b8000 rw-p 00016000 08:0f 1587738                    /usr/lib/jvm/oracle_jdk8/jre/lib/amd64/libnet.so
7f6a497b8000-7f6a497bb000 ---p 00000000 00:00 0 
7f6a497bb000-7f6a49ab9000 rw-p 00000000 00:00 0 
7f6a49ab9000-7f6a49abe000 r-xp 00000000 08:0f 1587699                    /usr/lib/jvm/oracle_jdk8/jre/lib/amd64/libjavafx_font_freetype.so
7f6a49abe000-7f6a49cbd000 ---p 00005000 08:0f 1587699                    /usr/lib/jvm/oracle_jdk8/jre/lib/amd64/libjavafx_font_freetype.so
7f6a49cbd000-7f6a49cbe000 rw-p 00004000 08:0f 1587699                    /usr/lib/jvm/oracle_jdk8/jre/lib/amd64/libjavafx_font_freetype.so
7f6a49cbe000-7f6a49cc1000 r-xp 00000000 08:0f 1587739                    /usr/lib/jvm/oracle_jdk8/jre/lib/amd64/libjavafx_font.so
7f6a49cc1000-7f6a49ec0000 ---p 00003000 08:0f 1587739                    /usr/lib/jvm/oracle_jdk8/jre/lib/amd64/libjavafx_font.so
7f6a49ec0000-7f6a49ec1000 rw-p 00002000 08:0f 1587739                    /usr/lib/jvm/oracle_jdk8/jre/lib/amd64/libjavafx_font.so
7f6a49ec1000-7f6a4a0c1000 rw-p 00000000 00:00 0 
7f6a4a0c1000-7f6a4a0c4000 ---p 00000000 00:00 0 
7f6a4a0c4000-7f6a4a1c2000 rw-p 00000000 00:00 0 
7f6a4a1c2000-7f6a4a1c5000 ---p 00000000 00:00 0 
7f6a4a1c5000-7f6a4a2c3000 rw-p 00000000 00:00 0 
7f6a4a2c3000-7f6a4a2c6000 ---p 00000000 00:00 0 
7f6a4a2c6000-7f6a4a3c4000 rw-p 00000000 00:00 0 
7f6a4a3c4000-7f6a4a3c5000 ---p 00000000 00:00 0 
7f6a4a3c5000-7f6a4abc5000 rw-p 00000000 00:00 0 
7f6a4abc5000-7f6a4abc6000 ---p 00000000 00:00 0 
7f6a4abc6000-7f6a4b3c6000 rw-p 00000000 00:00 0 
7f6a4b3c6000-7f6a4b3c7000 ---p 00000000 00:00 0 
7f6a4b3c7000-7f6a4bbc7000 rw-p 00000000 00:00 0 
7f6a4bbc7000-7f6a4bbd3000 r-xp 00000000 08:0f 1572888                    /usr/lib/x86_64-linux-gnu/gio/modules/libdconfsettings.so
7f6a4bbd3000-7f6a4bdd2000 ---p 0000c000 08:0f 1572888                    /usr/lib/x86_64-linux-gnu/gio/modules/libdconfsettings.so
7f6a4bdd2000-7f6a4bdd3000 r--p 0000b000 08:0f 1572888                    /usr/lib/x86_64-linux-gnu/gio/modules/libdconfsettings.so
7f6a4bdd3000-7f6a4bdd4000 rw-p 0000c000 08:0f 1572888                    /usr/lib/x86_64-linux-gnu/gio/modules/libdconfsettings.so
7f6a4bdd4000-7f6a4bdfe000 r-xp 00000000 08:0f 1319282                    /usr/lib/x86_64-linux-gnu/libvorbis.so.0.4.8
7f6a4bdfe000-7f6a4bffe000 ---p 0002a000 08:0f 1319282                    /usr/lib/x86_64-linux-gnu/libvorbis.so.0.4.8
7f6a4bffe000-7f6a4bfff000 r--p 0002a000 08:0f 1319282                    /usr/lib/x86_64-linux-gnu/libvorbis.so.0.4.8
7f6a4bfff000-7f6a4c000000 rw-p 0002b000 08:0f 1319282                    /usr/lib/x86_64-linux-gnu/libvorbis.so.0.4.8
7f6a4c000000-7f6a4def8000 rw-p 00000000 00:00 0 
7f6a4def8000-7f6a50000000 ---p 00000000 00:00 0 
7f6a5000a000-7f6a5000b000 rw-s 00000000 00:05 1191460                    /drm mm object (deleted)
7f6a5000b000-7f6a5000c000 rw-s 00000000 00:05 1191459                    /drm mm object (deleted)
7f6a5000c000-7f6a50013000 r-xp 00000000 08:0f 1318849                    /usr/lib/x86_64-linux-gnu/libogg.so.0.8.2
7f6a50013000-7f6a50213000 ---p 00007000 08:0f 1318849                    /usr/lib/x86_64-linux-gnu/libogg.so.0.8.2
7f6a50213000-7f6a50214000 r--p 00007000 08:0f 1318849                    /usr/lib/x86_64-linux-gnu/libogg.so.0.8.2
7f6a50214000-7f6a50215000 rw-p 00008000 08:0f 1318849                    /usr/lib/x86_64-linux-gnu/libogg.so.0.8.2
7f6a50215000-7f6a5021d000 r-xp 00000000 08:0f 1318693                    /usr/lib/x86_64-linux-gnu/libltdl.so.7.3.1
7f6a5021d000-7f6a5041d000 ---p 00008000 08:0f 1318693                    /usr/lib/x86_64-linux-gnu/libltdl.so.7.3.1
7f6a5041d000-7f6a5041e000 r--p 00008000 08:0f 1318693                    /usr/lib/x86_64-linux-gnu/libltdl.so.7.3.1
7f6a5041e000-7f6a5041f000 rw-p 00009000 08:0f 1318693                    /usr/lib/x86_64-linux-gnu/libltdl.so.7.3.1
7f6a5041f000-7f6a50433000 r-xp 00000000 08:0f 1319115                    /usr/lib/x86_64-linux-gnu/libtdb.so.1.3.9
7f6a50433000-7f6a50632000 ---p 00014000 08:0f 1319115                    /usr/lib/x86_64-linux-gnu/libtdb.so.1.3.9
7f6a50632000-7f6a50633000 r--p 00013000 08:0f 1319115                    /usr/lib/x86_64-linux-gnu/libtdb.so.1.3.9
7f6a50633000-7f6a50634000 rw-p 00014000 08:0f 1319115                    /usr/lib/x86_64-linux-gnu/libtdb.so.1.3.9
7f6a50634000-7f6a5063b000 r-xp 00000000 08:0f 1319286                    /usr/lib/x86_64-linux-gnu/libvorbisfile.so.3.3.7
7f6a5063b000-7f6a5083b000 ---p 00007000 08:0f 1319286                    /usr/lib/x86_64-linux-gnu/libvorbisfile.so.3.3.7
7f6a5083b000-7f6a5083c000 r--p 00007000 08:0f 1319286                    /usr/lib/x86_64-linux-gnu/libvorbisfile.so.3.3.7
7f6a5083c000-7f6a5083d000 rw-p 00008000 08:0f 1319286                    /usr/lib/x86_64-linux-gnu/libvorbisfile.so.3.3.7
7f6a5083d000-7f6a5084d000 r-xp 00000000 08:0f 1318049                    /usr/lib/x86_64-linux-gnu/libcanberra.so.0.2.5
7f6a5084d000-7f6a50a4d000 ---p 00010000 08:0f 1318049                    /usr/lib/x86_64-linux-gnu/libcanberra.so.0.2.5
7f6a50a4d000-7f6a50a4e000 r--p 00010000 08:0f 1318049                    /usr/lib/x86_64-linux-gnu/libcanberra.so.0.2.5
7f6a50a4e000-7f6a50a4f000 rw-p 00011000 08:0f 1318049                    /usr/lib/x86_64-linux-gnu/libcanberra.so.0.2.5
7f6a50a4f000-7f6a50a53000 r-xp 00000000 08:0f 1318045                    /usr/lib/x86_64-linux-gnu/libcanberra-gtk.so.0.1.9
7f6a50a53000-7f6a50c52000 ---p 00004000 08:0f 1318045                    /usr/lib/x86_64-linux-gnu/libcanberra-gtk.so.0.1.9
7f6a50c52000-7f6a50c53000 r--p 00003000 08:0f 1318045                    /usr/lib/x86_64-linux-gnu/libcanberra-gtk.so.0.1.9
7f6a50c53000-7f6a50c54000 rw-p 00004000 08:0f 1318045                    /usr/lib/x86_64-linux-gnu/libcanberra-gtk.so.0.1.9
7f6a50c54000-7f6a50c59000 r-xp 00000000 08:0f 1573095                    /usr/lib/x86_64-linux-gnu/gtk-2.0/modules/libcanberra-gtk-module.so
7f6a50c59000-7f6a50e58000 ---p 00005000 08:0f 1573095                    /usr/lib/x86_64-linux-gnu/gtk-2.0/modules/libcanberra-gtk-module.so
7f6a50e58000-7f6a50e59000 r--p 00004000 08:0f 1573095                    /usr/lib/x86_64-linux-gnu/gtk-2.0/modules/libcanberra-gtk-module.so
7f6a50e59000-7f6a50e5a000 rw-p 00005000 08:0f 1573095                    /usr/lib/x86_64-linux-gnu/gtk-2.0/modules/libcanberra-gtk-module.so
7f6a50e5a000-7f6a50e8a000 r-xp 00000000 08:0f 1573077                    /usr/lib/x86_64-linux-gnu/gtk-2.0/2.10.0/engines/libmurrine.so
7f6a50e8a000-7f6a5108a000 ---p 00030000 08:0f 1573077                    /usr/lib/x86_64-linux-gnu/gtk-2.0/2.10.0/engines/libmurrine.so
7f6a5108a000-7f6a5108b000 r--p 00030000 08:0f 1573077                    /usr/lib/x86_64-linux-gnu/gtk-2.0/2.10.0/engines/libmurrine.so
7f6a5108b000-7f6a5108c000 rw-p 00031000 08:0f 1573077                    /usr/lib/x86_64-linux-gnu/gtk-2.0/2.10.0/engines/libmurrine.so
7f6a5108c000-7f6a5109d000 r-xp 00000000 08:0f 1587590                    /usr/lib/x86_64-linux-gnu/gtk-2.0/modules/liboverlay-scrollbar.so
7f6a5109d000-7f6a5129d000 ---p 00011000 08:0f 1587590                    /usr/lib/x86_64-linux-gnu/gtk-2.0/modules/liboverlay-scrollbar.so
7f6a5129d000-7f6a5129e000 r--p 00011000 08:0f 1587590                    /usr/lib/x86_64-linux-gnu/gtk-2.0/modules/liboverlay-scrollbar.so
7f6a5129e000-7f6a5129f000 rw-p 00012000 08:0f 1587590                    /usr/lib/x86_64-linux-gnu/gtk-2.0/modules/liboverlay-scrollbar.so
7f6a5129f000-7f6a512c8000 r-xp 00000000 08:0f 1587715                    /usr/lib/jvm/oracle_jdk8/jre/lib/amd64/libglass.so
7f6a512c8000-7f6a514c7000 ---p 00029000 08:0f 1587715                    /usr/lib/jvm/oracle_jdk8/jre/lib/amd64/libglass.so
7f6a514c7000-7f6a514ca000 rw-p 00028000 08:0f 1587715                    /usr/lib/jvm/oracle_jdk8/jre/lib/amd64/libglass.so
7f6a514ca000-7f6a51501000 r-xp 00000000 08:0f 1319162                    /usr/lib/x86_64-linux-gnu/libtxc_dxtn_s2tc.so.0.0.0
7f6a51501000-7f6a51700000 ---p 00037000 08:0f 1319162                    /usr/lib/x86_64-linux-gnu/libtxc_dxtn_s2tc.so.0.0.0
7f6a51700000-7f6a51701000 r--p 00036000 08:0f 1319162                    /usr/lib/x86_64-linux-gnu/libtxc_dxtn_s2tc.so.0.0.0
7f6a51701000-7f6a51702000 rw-p 00037000 08:0f 1319162                    /usr/lib/x86_64-linux-gnu/libtxc_dxtn_s2tc.so.0.0.0
7f6a51702000-7f6a5170a000 r-xp 00000000 08:0f 1318896                    /usr/lib/x86_64-linux-gnu/libpciaccess.so.0.11.1
7f6a5170a000-7f6a5190a000 ---p 00008000 08:0f 1318896                    /usr/lib/x86_64-linux-gnu/libpciaccess.so.0.11.1
7f6a5190a000-7f6a5190b000 r--p 00008000 08:0f 1318896                    /usr/lib/x86_64-linux-gnu/libpciaccess.so.0.11.1
7f6a5190b000-7f6a5190c000 rw-p 00009000 08:0f 1318896                    /usr/lib/x86_64-linux-gnu/libpciaccess.so.0.11.1
7f6a5190c000-7f6a5191e000 r-xp 00000000 08:0f 528094                     /lib/x86_64-linux-gnu/libgpg-error.so.0.19.1
7f6a5191e000-7f6a51b1e000 ---p 00012000 08:0f 528094                     /lib/x86_64-linux-gnu/libgpg-error.so.0.19.1
7f6a51b1e000-7f6a51b1f000 r--p 00012000 08:0f 528094                     /lib/x86_64-linux-gnu/libgpg-error.so.0.19.1
7f6a51b1f000-7f6a51b20000 rw-p 00013000 08:0f 528094                     /lib/x86_64-linux-gnu/libgpg-error.so.0.19.1
7f6a51b20000-7f6a51b2b000 r-xp 00000000 08:0f 1318198                    /usr/lib/x86_64-linux-gnu/libdrm_radeon.so.1.0.1
7f6a51b2b000-7f6a51d2a000 ---p 0000b000 08:0f 1318198                    /usr/lib/x86_64-linux-gnu/libdrm_radeon.so.1.0.1
7f6a51d2a000-7f6a51d2b000 r--p 0000a000 08:0f 1318198                    /usr/lib/x86_64-linux-gnu/libdrm_radeon.so.1.0.1
7f6a51d2b000-7f6a51d2c000 rw-p 0000b000 08:0f 1318198                    /usr/lib/x86_64-linux-gnu/libdrm_radeon.so.1.0.1
7f6a51d2c000-7f6a51d33000 r-xp 00000000 08:0f 1318196                    /usr/lib/x86_64-linux-gnu/libdrm_nouveau.so.2.0.0
7f6a51d33000-7f6a51f32000 ---p 00007000 08:0f 1318196                    /usr/lib/x86_64-linux-gnu/libdrm_nouveau.so.2.0.0
7f6a51f32000-7f6a51f33000 r--p 00006000 08:0f 1318196                    /usr/lib/x86_64-linux-gnu/libdrm_nouveau.so.2.0.0
7f6a51f33000-7f6a51f34000 rw-p 00007000 08:0f 1318196                    /usr/lib/x86_64-linux-gnu/libdrm_nouveau.so.2.0.0
7f6a51f34000-7f6a51f54000 r-xp 00000000 08:0f 1318194                    /usr/lib/x86_64-linux-gnu/libdrm_intel.so.1.0.0
7f6a51f54000-7f6a52153000 ---p 00020000 08:0f 1318194                    /usr/lib/x86_64-linux-gnu/libdrm_intel.so.1.0.0
7f6a52153000-7f6a52154000 r--p 0001f000 08:0f 1318194                    /usr/lib/x86_64-linux-gnu/libdrm_intel.so.1.0.0
7f6a52154000-7f6a52155000 rw-p 00020000 08:0f 1318194                    /usr/lib/x86_64-linux-gnu/libdrm_intel.so.1.0.0
7f6a52155000-7f6a5225c000 r-xp 00000000 08:0f 528090                     /lib/x86_64-linux-gnu/libgcrypt.so.20.1.2
7f6a5225c000-7f6a5245b000 ---p 00107000 08:0f 528090                     /lib/x86_64-linux-gnu/libgcrypt.so.20.1.2
7f6a5245b000-7f6a5245d000 r--p 00106000 08:0f 528090                     /lib/x86_64-linux-gnu/libgcrypt.so.20.1.2
7f6a5245d000-7f6a52464000 rw-p 00108000 08:0f 528090                     /lib/x86_64-linux-gnu/libgcrypt.so.20.1.2
7f6a52464000-7f6a52b07000 r-xp 00000000 08:0f 1571962                    /usr/lib/x86_64-linux-gnu/dri/i965_dri.so
7f6a52b07000-7f6a52d06000 ---p 006a3000 08:0f 1571962                    /usr/lib/x86_64-linux-gnu/dri/i965_dri.so
7f6a52d06000-7f6a52d45000 r--p 006a2000 08:0f 1571962                    /usr/lib/x86_64-linux-gnu/dri/i965_dri.so
7f6a52d45000-7f6a52d4d000 rw-p 006e1000 08:0f 1571962                    /usr/lib/x86_64-linux-gnu/dri/i965_dri.so
7f6a52d4d000-7f6a52d55000 rw-p 00000000 00:00 0 
7f6a52d55000-7f6a52d59000 r-xp 00000000 08:0f 527948                     /lib/x86_64-linux-gnu/libuuid.so.1.3.0
7f6a52d59000-7f6a52f58000 ---p 00004000 08:0f 527948                     /lib/x86_64-linux-gnu/libuuid.so.1.3.0
7f6a52f58000-7f6a52f59000 r--p 00003000 08:0f 527948                     /lib/x86_64-linux-gnu/libuuid.so.1.3.0
7f6a52f59000-7f6a52f5a000 rw-p 00004000 08:0f 527948                     /lib/x86_64-linux-gnu/libuuid.so.1.3.0
7f6a52f5a000-7f6a52f60000 r-xp 00000000 08:0f 1318139                    /usr/lib/x86_64-linux-gnu/libdatrie.so.1.3.3
7f6a52f60000-7f6a53160000 ---p 00006000 08:0f 1318139                    /usr/lib/x86_64-linux-gnu/libdatrie.so.1.3.3
7f6a53160000-7f6a53161000 r--p 00006000 08:0f 1318139                    /usr/lib/x86_64-linux-gnu/libdatrie.so.1.3.3
7f6a53161000-7f6a53162000 rw-p 00007000 08:0f 1318139                    /usr/lib/x86_64-linux-gnu/libdatrie.so.1.3.3
7f6a53162000-7f6a53167000 r-xp 00000000 08:0f 1317884                    /usr/lib/x86_64-linux-gnu/libXdmcp.so.6.0.0
7f6a53167000-7f6a53366000 ---p 00005000 08:0f 1317884                    /usr/lib/x86_64-linux-gnu/libXdmcp.so.6.0.0
7f6a53366000-7f6a53367000 r--p 00004000 08:0f 1317884                    /usr/lib/x86_64-linux-gnu/libXdmcp.so.6.0.0
7f6a53367000-7f6a53368000 rw-p 00005000 08:0f 1317884                    /usr/lib/x86_64-linux-gnu/libXdmcp.so.6.0.0
7f6a53368000-7f6a5336a000 r-xp 00000000 08:0f 1317873                    /usr/lib/x86_64-linux-gnu/libXau.so.6.0.0
7f6a5336a000-7f6a5356a000 ---p 00002000 08:0f 1317873                    /usr/lib/x86_64-linux-gnu/libXau.so.6.0.0
7f6a5356a000-7f6a5356b000 r--p 00002000 08:0f 1317873                    /usr/lib/x86_64-linux-gnu/libXau.so.6.0.0
7f6a5356b000-7f6a5356c000 rw-p 00003000 08:0f 1317873                    /usr/lib/x86_64-linux-gnu/libXau.so.6.0.0
7f6a5356c000-7f6a5358f000 r-xp 00000000 08:0f 1318451                    /usr/lib/x86_64-linux-gnu/libgraphite2.so.3.0.1
7f6a5358f000-7f6a5378e000 ---p 00023000 08:0f 1318451                    /usr/lib/x86_64-linux-gnu/libgraphite2.so.3.0.1
7f6a5378e000-7f6a53790000 r--p 00022000 08:0f 1318451                    /usr/lib/x86_64-linux-gnu/libgraphite2.so.3.0.1
7f6a53790000-7f6a53791000 rw-p 00024000 08:0f 1318451                    /usr/lib/x86_64-linux-gnu/libgraphite2.so.3.0.1
7f6a53791000-7f6a537ce000 r-xp 00000000 08:0f 527950                     /lib/x86_64-linux-gnu/libblkid.so.1.1.0
7f6a537ce000-7f6a539cd000 ---p 0003d000 08:0f 527950                     /lib/x86_64-linux-gnu/libblkid.so.1.1.0
7f6a539cd000-7f6a539d1000 r--p 0003c000 08:0f 527950                     /lib/x86_64-linux-gnu/libblkid.so.1.1.0
7f6a539d1000-7f6a539d2000 rw-p 00040000 08:0f 527950                     /lib/x86_64-linux-gnu/libblkid.so.1.1.0
7f6a539d2000-7f6a539d3000 rw-p 00000000 00:00 0 
7f6a539d3000-7f6a539e1000 r-xp 00000000 08:0f 1318190                    /usr/lib/x86_64-linux-gnu/libdrm.so.2.4.0
7f6a539e1000-7f6a53be0000 ---p 0000e000 08:0f 1318190                    /usr/lib/x86_64-linux-gnu/libdrm.so.2.4.0
7f6a53be0000-7f6a53be1000 r--p 0000d000 08:0f 1318190                    /usr/lib/x86_64-linux-gnu/libdrm.so.2.4.0
7f6a53be1000-7f6a53be2000 rw-p 0000e000 08:0f 1318190                    /usr/lib/x86_64-linux-gnu/libdrm.so.2.4.0
7f6a53be2000-7f6a53be6000 r-xp 00000000 08:0f 1319373                    /usr/lib/x86_64-linux-gnu/libxcb-dri2.so.0.0.0
7f6a53be6000-7f6a53de5000 ---p 00004000 08:0f 1319373                    /usr/lib/x86_64-linux-gnu/libxcb-dri2.so.0.0.0
7f6a53de5000-7f6a53de6000 r--p 00003000 08:0f 1319373                    /usr/lib/x86_64-linux-gnu/libxcb-dri2.so.0.0.0
7f6a53de6000-7f6a53de7000 rw-p 00004000 08:0f 1319373                    /usr/lib/x86_64-linux-gnu/libxcb-dri2.so.0.0.0
7f6a53de7000-7f6a53dfe000 r-xp 00000000 08:0f 1319377                    /usr/lib/x86_64-linux-gnu/libxcb-glx.so.0.0.0
7f6a53dfe000-7f6a53ffd000 ---p 00017000 08:0f 1319377                    /usr/lib/x86_64-linux-gnu/libxcb-glx.so.0.0.0
7f6a53ffd000-7f6a53fff000 r--p 00016000 08:0f 1319377                    /usr/lib/x86_64-linux-gnu/libxcb-glx.so.0.0.0
7f6a53fff000-7f6a54000000 rw-p 00018000 08:0f 1319377                    /usr/lib/x86_64-linux-gnu/libxcb-glx.so.0.0.0
7f6a54000000-7f6a54021000 rw-p 00000000 00:00 0 
7f6a54021000-7f6a58000000 ---p 00000000 00:00 0 
7f6a58000000-7f6a58021000 rw-p 00000000 00:00 0 
7f6a58021000-7f6a5c000000 ---p 00000000 00:00 0 
7f6a5c000000-7f6a5c686000 rw-p 00000000 00:00 0 
7f6a5c686000-7f6a60000000 ---p 00000000 00:00 0 
7f6a60000000-7f6a6080c000 rw-p 00000000 00:00 0 
7f6a6080c000-7f6a64000000 ---p 00000000 00:00 0 
7f6a64000000-7f6a64546000 rw-p 00000000 00:00 0 
7f6a64546000-7f6a68000000 ---p 00000000 00:00 0 
7f6a68000000-7f6a68629000 rw-p 00000000 00:00 0 
7f6a68629000-7f6a6c000000 ---p 00000000 00:00 0 
7f6a6c000000-7f6a6c021000 rw-p 00000000 00:00 0 
7f6a6c021000-7f6a70000000 ---p 00000000 00:00 0 
7f6a70000000-7f6a70021000 rw-p 00000000 00:00 0 
7f6a70021000-7f6a74000000 ---p 00000000 00:00 0 
7f6a74000000-7f6a74021000 rw-p 00000000 00:00 0 
7f6a74021000-7f6a78000000 ---p 00000000 00:00 0 
7f6a78000000-7f6a78021000 rw-p 00000000 00:00 0 
7f6a78021000-7f6a7c000000 ---p 00000000 00:00 0 
7f6a7c000000-7f6a7c021000 rw-p 00000000 00:00 0 
7f6a7c021000-7f6a80000000 ---p 00000000 00:00 0 
7f6a80000000-7f6a80008000 rw-s 00000000 00:05 1189439                    /drm mm object (deleted)
7f6a80008000-7f6a80042000 r--p 00000000 08:0f 1713190                    /usr/lib/jvm/oracle_jdk8/jre/lib/fonts/LucidaTypewriterBold.ttf
7f6a80042000-7f6a8007e000 r--p 00000000 08:0f 1713189                    /usr/lib/jvm/oracle_jdk8/jre/lib/fonts/LucidaTypewriterRegular.ttf
7f6a8007e000-7f6a8007f000 r-xp 00000000 08:0f 1317867                    /usr/lib/x86_64-linux-gnu/libX11-xcb.so.1.0.0
7f6a8007f000-7f6a8027e000 ---p 00001000 08:0f 1317867                    /usr/lib/x86_64-linux-gnu/libX11-xcb.so.1.0.0
7f6a8027e000-7f6a8027f000 r--p 00000000 08:0f 1317867                    /usr/lib/x86_64-linux-gnu/libX11-xcb.so.1.0.0
7f6a8027f000-7f6a80280000 rw-p 00001000 08:0f 1317867                    /usr/lib/x86_64-linux-gnu/libX11-xcb.so.1.0.0
7f6a80280000-7f6a802a9000 r-xp 00000000 08:0f 1332500                    /usr/lib/x86_64-linux-gnu/libglapi.so.0.0.0
7f6a802a9000-7f6a804a8000 ---p 00029000 08:0f 1332500                    /usr/lib/x86_64-linux-gnu/libglapi.so.0.0.0
7f6a804a8000-7f6a804ac000 r--p 00028000 08:0f 1332500                    /usr/lib/x86_64-linux-gnu/libglapi.so.0.0.0
7f6a804ac000-7f6a804ad000 rw-p 0002c000 08:0f 1332500                    /usr/lib/x86_64-linux-gnu/libglapi.so.0.0.0
7f6a804ad000-7f6a804ae000 rw-p 00000000 00:00 0 
7f6a804ae000-7f6a804af000 r-xp 00000000 08:0f 1319419                    /usr/lib/x86_64-linux-gnu/libxshmfence.so.1.0.0
7f6a804af000-7f6a806af000 ---p 00001000 08:0f 1319419                    /usr/lib/x86_64-linux-gnu/libxshmfence.so.1.0.0
7f6a806af000-7f6a806b0000 r--p 00001000 08:0f 1319419                    /usr/lib/x86_64-linux-gnu/libxshmfence.so.1.0.0
7f6a806b0000-7f6a806b1000 rw-p 00002000 08:0f 1319419                    /usr/lib/x86_64-linux-gnu/libxshmfence.so.1.0.0
7f6a806b1000-7f6a806b6000 r-xp 00000000 08:0f 1319397                    /usr/lib/x86_64-linux-gnu/libxcb-sync.so.1.0.0
7f6a806b6000-7f6a808b6000 ---p 00005000 08:0f 1319397                    /usr/lib/x86_64-linux-gnu/libxcb-sync.so.1.0.0
7f6a808b6000-7f6a808b7000 r--p 00005000 08:0f 1319397                    /usr/lib/x86_64-linux-gnu/libxcb-sync.so.1.0.0
7f6a808b7000-7f6a808b8000 rw-p 00006000 08:0f 1319397                    /usr/lib/x86_64-linux-gnu/libxcb-sync.so.1.0.0
7f6a808b8000-7f6a808ba000 r-xp 00000000 08:0f 1319385                    /usr/lib/x86_64-linux-gnu/libxcb-present.so.0.0.0
7f6a808ba000-7f6a80ab9000 ---p 00002000 08:0f 1319385                    /usr/lib/x86_64-linux-gnu/libxcb-present.so.0.0.0
7f6a80ab9000-7f6a80aba000 r--p 00001000 08:0f 1319385                    /usr/lib/x86_64-linux-gnu/libxcb-present.so.0.0.0
7f6a80aba000-7f6a80abb000 rw-p 00002000 08:0f 1319385                    /usr/lib/x86_64-linux-gnu/libxcb-present.so.0.0.0
7f6a80abb000-7f6a80abd000 r-xp 00000000 08:0f 1319375                    /usr/lib/x86_64-linux-gnu/libxcb-dri3.so.0.0.0
7f6a80abd000-7f6a80cbc000 ---p 00002000 08:0f 1319375                    /usr/lib/x86_64-linux-gnu/libxcb-dri3.so.0.0.0
7f6a80cbc000-7f6a80cbd000 r--p 00001000 08:0f 1319375                    /usr/lib/x86_64-linux-gnu/libxcb-dri3.so.0.0.0
7f6a80cbd000-7f6a80cbe000 rw-p 00002000 08:0f 1319375                    /usr/lib/x86_64-linux-gnu/libxcb-dri3.so.0.0.0
7f6a80cbe000-7f6a80d30000 r-xp 00000000 08:0f 528176                     /lib/x86_64-linux-gnu/libpcre.so.3.13.3
7f6a80d30000-7f6a80f2f000 ---p 00072000 08:0f 528176                     /lib/x86_64-linux-gnu/libpcre.so.3.13.3
7f6a80f2f000-7f6a80f30000 r--p 00071000 08:0f 528176                     /lib/x86_64-linux-gnu/libpcre.so.3.13.3
7f6a80f30000-7f6a80f31000 rw-p 00072000 08:0f 528176                     /lib/x86_64-linux-gnu/libpcre.so.3.13.3
7f6a80f31000-7f6a80f38000 r-xp 00000000 08:0f 1318270                    /usr/lib/x86_64-linux-gnu/libffi.so.6.0.4
7f6a80f38000-7f6a81137000 ---p 00007000 08:0f 1318270                    /usr/lib/x86_64-linux-gnu/libffi.so.6.0.4
7f6a81137000-7f6a81138000 r--p 00006000 08:0f 1318270                    /usr/lib/x86_64-linux-gnu/libffi.so.6.0.4
7f6a81138000-7f6a81139000 rw-p 00007000 08:0f 1318270                    /usr/lib/x86_64-linux-gnu/libffi.so.6.0.4
7f6a81139000-7f6a81160000 r-xp 00000000 08:0f 528081                     /lib/x86_64-linux-gnu/libexpat.so.1.6.2
7f6a81160000-7f6a81360000 ---p 00027000 08:0f 528081                     /lib/x86_64-linux-gnu/libexpat.so.1.6.2
7f6a81360000-7f6a81362000 r--p 00027000 08:0f 528081                     /lib/x86_64-linux-gnu/libexpat.so.1.6.2
7f6a81362000-7f6a81363000 rw-p 00029000 08:0f 528081                     /lib/x86_64-linux-gnu/libexpat.so.1.6.2
7f6a81363000-7f6a8136b000 r-xp 00000000 08:0f 1319129                    /usr/lib/x86_64-linux-gnu/libthai.so.0.3.0
7f6a8136b000-7f6a8156a000 ---p 00008000 08:0f 1319129                    /usr/lib/x86_64-linux-gnu/libthai.so.0.3.0
7f6a8156a000-7f6a8156b000 r--p 00007000 08:0f 1319129                    /usr/lib/x86_64-linux-gnu/libthai.so.0.3.0
7f6a8156b000-7f6a8156c000 rw-p 00008000 08:0f 1319129                    /usr/lib/x86_64-linux-gnu/libthai.so.0.3.0
7f6a8156c000-7f6a8158d000 r-xp 00000000 08:0f 1319407                    /usr/lib/x86_64-linux-gnu/libxcb.so.1.1.0
7f6a8158d000-7f6a8178c000 ---p 00021000 08:0f 1319407                    /usr/lib/x86_64-linux-gnu/libxcb.so.1.1.0
7f6a8178c000-7f6a8178d000 r--p 00020000 08:0f 1319407                    /usr/lib/x86_64-linux-gnu/libxcb.so.1.1.0
7f6a8178d000-7f6a8178e000 rw-p 00021000 08:0f 1319407                    /usr/lib/x86_64-linux-gnu/libxcb.so.1.1.0
7f6a8178e000-7f6a81796000 r-xp 00000000 08:0f 1319391                    /usr/lib/x86_64-linux-gnu/libxcb-render.so.0.0.0
7f6a81796000-7f6a81996000 ---p 00008000 08:0f 1319391                    /usr/lib/x86_64-linux-gnu/libxcb-render.so.0.0.0
7f6a81996000-7f6a81997000 r--p 00008000 08:0f 1319391                    /usr/lib/x86_64-linux-gnu/libxcb-render.so.0.0.0
7f6a81997000-7f6a81998000 rw-p 00009000 08:0f 1319391                    /usr/lib/x86_64-linux-gnu/libxcb-render.so.0.0.0
7f6a81998000-7f6a8199a000 r-xp 00000000 08:0f 1319395                    /usr/lib/x86_64-linux-gnu/libxcb-shm.so.0.0.0
7f6a8199a000-7f6a81b9a000 ---p 00002000 08:0f 1319395                    /usr/lib/x86_64-linux-gnu/libxcb-shm.so.0.0.0
7f6a81b9a000-7f6a81b9b000 r--p 00002000 08:0f 1319395                    /usr/lib/x86_64-linux-gnu/libxcb-shm.so.0.0.0
7f6a81b9b000-7f6a81b9c000 rw-p 00003000 08:0f 1319395                    /usr/lib/x86_64-linux-gnu/libxcb-shm.so.0.0.0
7f6a81b9c000-7f6a81bcd000 r-xp 00000000 08:0f 1318920                    /usr/lib/x86_64-linux-gnu/libpng16.so.16.25.0
7f6a81bcd000-7f6a81dcc000 ---p 00031000 08:0f 1318920                    /usr/lib/x86_64-linux-gnu/libpng16.so.16.25.0
7f6a81dcc000-7f6a81dcd000 r--p 00030000 08:0f 1318920                    /usr/lib/x86_64-linux-gnu/libpng16.so.16.25.0
7f6a81dcd000-7f6a81dce000 rw-p 00031000 08:0f 1318920                    /usr/lib/x86_64-linux-gnu/libpng16.so.16.25.0
7f6a81dce000-7f6a81e6d000 r-xp 00000000 08:0f 1318912                    /usr/lib/x86_64-linux-gnu/libpixman-1.so.0.33.6
7f6a81e6d000-7f6a8206d000 ---p 0009f000 08:0f 1318912                    /usr/lib/x86_64-linux-gnu/libpixman-1.so.0.33.6
7f6a8206d000-7f6a82075000 r--p 0009f000 08:0f 1318912                    /usr/lib/x86_64-linux-gnu/libpixman-1.so.0.33.6
7f6a82075000-7f6a82076000 rw-p 000a7000 08:0f 1318912                    /usr/lib/x86_64-linux-gnu/libpixman-1.so.0.33.6
7f6a82076000-7f6a820f4000 r-xp 00000000 08:0f 1318541                    /usr/lib/x86_64-linux-gnu/libharfbuzz.so.0.10200.7
7f6a820f4000-7f6a822f4000 ---p 0007e000 08:0f 1318541                    /usr/lib/x86_64-linux-gnu/libharfbuzz.so.0.10200.7
7f6a822f4000-7f6a822f5000 r--p 0007e000 08:0f 1318541                    /usr/lib/x86_64-linux-gnu/libharfbuzz.so.0.10200.7
7f6a822f5000-7f6a822f6000 rw-p 0007f000 08:0f 1318541                    /usr/lib/x86_64-linux-gnu/libharfbuzz.so.0.10200.7
7f6a822f6000-7f6a8233c000 r-xp 00000000 08:0f 527943                     /lib/x86_64-linux-gnu/libmount.so.1.1.0
7f6a8233c000-7f6a8253b000 ---p 00046000 08:0f 527943                     /lib/x86_64-linux-gnu/libmount.so.1.1.0
7f6a8253b000-7f6a8253c000 r--p 00045000 08:0f 527943                     /lib/x86_64-linux-gnu/libmount.so.1.1.0
7f6a8253c000-7f6a8253d000 rw-p 00046000 08:0f 527943                     /lib/x86_64-linux-gnu/libmount.so.1.1.0
7f6a8253d000-7f6a8253e000 rw-p 00000000 00:00 0 
7f6a8253e000-7f6a82555000 r-xp 00000000 08:0f 528272                     /lib/x86_64-linux-gnu/libresolv-2.24.so
7f6a82555000-7f6a82755000 ---p 00017000 08:0f 528272                     /lib/x86_64-linux-gnu/libresolv-2.24.so
7f6a82755000-7f6a82756000 r--p 00017000 08:0f 528272                     /lib/x86_64-linux-gnu/libresolv-2.24.so
7f6a82756000-7f6a82757000 rw-p 00018000 08:0f 528272                     /lib/x86_64-linux-gnu/libresolv-2.24.so
7f6a82757000-7f6a82759000 rw-p 00000000 00:00 0 
7f6a82759000-7f6a8277c000 r-xp 00000000 08:0f 528203                     /lib/x86_64-linux-gnu/libselinux.so.1
7f6a8277c000-7f6a8297b000 ---p 00023000 08:0f 528203                     /lib/x86_64-linux-gnu/libselinux.so.1
7f6a8297b000-7f6a8297c000 r--p 00022000 08:0f 528203                     /lib/x86_64-linux-gnu/libselinux.so.1
7f6a8297c000-7f6a8297d000 rw-p 00023000 08:0f 528203                     /lib/x86_64-linux-gnu/libselinux.so.1
7f6a8297d000-7f6a8297f000 rw-p 00000000 00:00 0 
7f6a8297f000-7f6a82998000 r-xp 00000000 08:0f 528232                     /lib/x86_64-linux-gnu/libz.so.1.2.8
7f6a82998000-7f6a82b97000 ---p 00019000 08:0f 528232                     /lib/x86_64-linux-gnu/libz.so.1.2.8
7f6a82b97000-7f6a82b98000 r--p 00018000 08:0f 528232                     /lib/x86_64-linux-gnu/libz.so.1.2.8
7f6a82b98000-7f6a82b99000 rw-p 00019000 08:0f 528232                     /lib/x86_64-linux-gnu/libz.so.1.2.8
7f6a82b99000-7f6a82baa000 r-xp 00000000 08:0f 1317886                    /usr/lib/x86_64-linux-gnu/libXext.so.6.4.0
7f6a82baa000-7f6a82da9000 ---p 00011000 08:0f 1317886                    /usr/lib/x86_64-linux-gnu/libXext.so.6.4.0
7f6a82da9000-7f6a82daa000 r--p 00010000 08:0f 1317886                    /usr/lib/x86_64-linux-gnu/libXext.so.6.4.0
7f6a82daa000-7f6a82dab000 rw-p 00011000 08:0f 1317886                    /usr/lib/x86_64-linux-gnu/libXext.so.6.4.0
7f6a82dab000-7f6a82dad000 r-xp 00000000 08:0f 1317882                    /usr/lib/x86_64-linux-gnu/libXdamage.so.1.1.0
7f6a82dad000-7f6a82fac000 ---p 00002000 08:0f 1317882                    /usr/lib/x86_64-linux-gnu/libXdamage.so.1.1.0
7f6a82fac000-7f6a82fad000 r--p 00001000 08:0f 1317882                    /usr/lib/x86_64-linux-gnu/libXdamage.so.1.1.0
7f6a82fad000-7f6a82fae000 rw-p 00002000 08:0f 1317882                    /usr/lib/x86_64-linux-gnu/libXdamage.so.1.1.0
7f6a82fae000-7f6a82fb0000 r-xp 00000000 08:0f 1317878                    /usr/lib/x86_64-linux-gnu/libXcomposite.so.1.0.0
7f6a82fb0000-7f6a831af000 ---p 00002000 08:0f 1317878                    /usr/lib/x86_64-linux-gnu/libXcomposite.so.1.0.0
7f6a831af000-7f6a831b0000 r--p 00001000 08:0f 1317878                    /usr/lib/x86_64-linux-gnu/libXcomposite.so.1.0.0
7f6a831b0000-7f6a831b1000 rw-p 00002000 08:0f 1317878                    /usr/lib/x86_64-linux-gnu/libXcomposite.so.1.0.0
7f6a831b1000-7f6a831ba000 r-xp 00000000 08:0f 1317880                    /usr/lib/x86_64-linux-gnu/libXcursor.so.1.0.2
7f6a831ba000-7f6a833b9000 ---p 00009000 08:0f 1317880                    /usr/lib/x86_64-linux-gnu/libXcursor.so.1.0.2
7f6a833b9000-7f6a833ba000 r--p 00008000 08:0f 1317880                    /usr/lib/x86_64-linux-gnu/libXcursor.so.1.0.2
7f6a833ba000-7f6a833bb000 rw-p 00009000 08:0f 1317880                    /usr/lib/x86_64-linux-gnu/libXcursor.so.1.0.2
7f6a833bb000-7f6a833c5000 r-xp 00000000 08:0f 1317904                    /usr/lib/x86_64-linux-gnu/libXrandr.so.2.2.0
7f6a833c5000-7f6a835c4000 ---p 0000a000 08:0f 1317904                    /usr/lib/x86_64-linux-gnu/libXrandr.so.2.2.0
7f6a835c4000-7f6a835c5000 r--p 00009000 08:0f 1317904                    /usr/lib/x86_64-linux-gnu/libXrandr.so.2.2.0
7f6a835c5000-7f6a835c6000 rw-p 0000a000 08:0f 1317904                    /usr/lib/x86_64-linux-gnu/libXrandr.so.2.2.0
7f6a835c6000-7f6a835d5000 r-xp 00000000 08:0f 1317894                    /usr/lib/x86_64-linux-gnu/libXi.so.6.1.0
7f6a835d5000-7f6a837d4000 ---p 0000f000 08:0f 1317894                    /usr/lib/x86_64-linux-gnu/libXi.so.6.1.0
7f6a837d4000-7f6a837d5000 r--p 0000e000 08:0f 1317894                    /usr/lib/x86_64-linux-gnu/libXi.so.6.1.0
7f6a837d5000-7f6a837d6000 rw-p 0000f000 08:0f 1317894                    /usr/lib/x86_64-linux-gnu/libXi.so.6.1.0
7f6a837d6000-7f6a837d8000 r-xp 00000000 08:0f 1317896                    /usr/lib/x86_64-linux-gnu/libXinerama.so.1.0.0
7f6a837d8000-7f6a839d7000 ---p 00002000 08:0f 1317896                    /usr/lib/x86_64-linux-gnu/libXinerama.so.1.0.0
7f6a839d7000-7f6a839d8000 r--p 00001000 08:0f 1317896                    /usr/lib/x86_64-linux-gnu/libXinerama.so.1.0.0
7f6a839d8000-7f6a839d9000 rw-p 00002000 08:0f 1317896                    /usr/lib/x86_64-linux-gnu/libXinerama.so.1.0.0
7f6a839d9000-7f6a839e2000 r-xp 00000000 08:0f 1317906                    /usr/lib/x86_64-linux-gnu/libXrender.so.1.3.0
7f6a839e2000-7f6a83be1000 ---p 00009000 08:0f 1317906                    /usr/lib/x86_64-linux-gnu/libXrender.so.1.3.0
7f6a83be1000-7f6a83be2000 r--p 00008000 08:0f 1317906                    /usr/lib/x86_64-linux-gnu/libXrender.so.1.3.0
7f6a83be2000-7f6a83be3000 rw-p 00009000 08:0f 1317906                    /usr/lib/x86_64-linux-gnu/libXrender.so.1.3.0
7f6a83be3000-7f6a83be8000 r-xp 00000000 08:0f 1317888                    /usr/lib/x86_64-linux-gnu/libXfixes.so.3.1.0
7f6a83be8000-7f6a83de7000 ---p 00005000 08:0f 1317888                    /usr/lib/x86_64-linux-gnu/libXfixes.so.3.1.0
7f6a83de7000-7f6a83de8000 r--p 00004000 08:0f 1317888                    /usr/lib/x86_64-linux-gnu/libXfixes.so.3.1.0
7f6a83de8000-7f6a83de9000 rw-p 00005000 08:0f 1317888                    /usr/lib/x86_64-linux-gnu/libXfixes.so.3.1.0
7f6a83de9000-7f6a83dff000 r-xp 00000000 08:0f 528088                     /lib/x86_64-linux-gnu/libgcc_s.so.1
7f6a83dff000-7f6a83ffe000 ---p 00016000 08:0f 528088                     /lib/x86_64-linux-gnu/libgcc_s.so.1
7f6a83ffe000-7f6a83fff000 r--p 00015000 08:0f 528088                     /lib/x86_64-linux-gnu/libgcc_s.so.1
7f6a83fff000-7f6a84000000 rw-p 00016000 08:0f 528088                     /lib/x86_64-linux-gnu/libgcc_s.so.1
7f6a84000000-7f6a84021000 rw-p 00000000 00:00 0 
7f6a84021000-7f6a88000000 ---p 00000000 00:00 0 
7f6a88000000-7f6a88021000 rw-p 00000000 00:00 0 
7f6a88021000-7f6a8c000000 ---p 00000000 00:00 0 
7f6a8c000000-7f6a8c021000 rw-p 00000000 00:00 0 
7f6a8c021000-7f6a90000000 ---p 00000000 00:00 0 
7f6a90000000-7f6a9000c000 rw-s 00000000 00:05 1189380                    /drm mm object (deleted)
7f6a9000c000-7f6a90020000 r--p 00000000 08:0f 1713183                    /usr/lib/jvm/oracle_jdk8/jre/lib/fonts/LucidaBrightItalic.ttf
7f6a90020000-7f6a90033000 r--p 00000000 08:0f 1713191                    /usr/lib/jvm/oracle_jdk8/jre/lib/fonts/LucidaBrightDemiBold.ttf
7f6a90033000-7f6a90038000 r--s 00084000 08:0f 1573685                    /usr/lib/jvm/oracle_jdk8/jre/lib/jfr.jar
7f6a90038000-7f6a9003c000 r--s 00097000 08:0f 1587686                    /usr/lib/jvm/oracle_jdk8/jre/lib/jsse.jar
7f6a9003c000-7f6a90042000 r--s 002f8000 08:0f 1587656                    /usr/lib/jvm/oracle_jdk8/jre/lib/charsets.jar
7f6a90042000-7f6a9004d000 r--s 00000000 08:0f 134039                     /var/cache/fontconfig/945677eb7aeaf62f1d50efc3fb3ec7d8-le64.cache-6
7f6a9004d000-7f6a90053000 r--s 00000000 08:0f 134020                     /var/cache/fontconfig/2cd17615ca594fa2959ae173292e504c-le64.cache-6
7f6a90053000-7f6a90054000 r--s 00000000 08:0f 134017                     /var/cache/fontconfig/0d8c3b2ac0904cb8a57a757ad11a4a08-le64.cache-6
7f6a90054000-7f6a90058000 r--s 00000000 08:0f 132419                     /var/cache/fontconfig/de156ccd2eddbdc19d37a45b8b2aac9c-le64.cache-6
7f6a90058000-7f6a9006d000 r--s 00000000 08:0f 134013                     /var/cache/fontconfig/04aabc0a78ac019cf9454389977116d2-le64.cache-6
7f6a9006d000-7f6a9006e000 r--s 00000000 08:0f 134019                     /var/cache/fontconfig/1ac9eb803944fde146138c791f5cc56a-le64.cache-6
7f6a9006e000-7f6a90072000 r--s 00000000 08:0f 134024                     /var/cache/fontconfig/385c0604a188198f04d133e54aba7fe7-le64.cache-6
7f6a90072000-7f6a90073000 r--s 00000000 08:0f 134052                     /var/cache/fontconfig/dc05db6664285cc2f12bf69c139ae4c3-le64.cache-6
7f6a90073000-7f6a90076000 r--s 00000000 08:0f 134035                     /var/cache/fontconfig/767a8244fc0220cfb567a839d0392e0b-le64.cache-6
7f6a90076000-7f6a9007b000 r--s 00000000 08:0f 134038                     /var/cache/fontconfig/8801497958630a81b71ace7c5f9b32a8-le64.cache-6
7f6a9007b000-7f6a9007f000 r--s 00000000 08:0f 132418                     /var/cache/fontconfig/c57959a16110560c8d0fcea73374aeeb-le64.cache-6
7f6a9007f000-7f6a90085000 r--s 00000000 08:0f 134021                     /var/cache/fontconfig/3047814df9a2f067bd2d96a2b9c36e5a-le64.cache-6
7f6a90085000-7f6a901fd000 r-xp 00000000 08:0f 1319101                    /usr/lib/x86_64-linux-gnu/libstdc++.so.6.0.22
7f6a901fd000-7f6a903fd000 ---p 00178000 08:0f 1319101                    /usr/lib/x86_64-linux-gnu/libstdc++.so.6.0.22
7f6a903fd000-7f6a90407000 r--p 00178000 08:0f 1319101                    /usr/lib/x86_64-linux-gnu/libstdc++.so.6.0.22
7f6a90407000-7f6a90409000 rw-p 00182000 08:0f 1319101                    /usr/lib/x86_64-linux-gnu/libstdc++.so.6.0.22
7f6a90409000-7f6a9040d000 rw-p 00000000 00:00 0 
7f6a9040d000-7f6a9047d000 r-xp 00000000 08:0f 1571965                    /usr/lib/x86_64-linux-gnu/mesa/libGL.so.1.2.0
7f6a9047d000-7f6a9067c000 ---p 00070000 08:0f 1571965                    /usr/lib/x86_64-linux-gnu/mesa/libGL.so.1.2.0
7f6a9067c000-7f6a9067f000 r--p 0006f000 08:0f 1571965                    /usr/lib/x86_64-linux-gnu/mesa/libGL.so.1.2.0
7f6a9067f000-7f6a90680000 rw-p 00072000 08:0f 1571965                    /usr/lib/x86_64-linux-gnu/mesa/libGL.so.1.2.0
7f6a90680000-7f6a90681000 rw-p 00000000 00:00 0 
7f6a90681000-7f6a90686000 r-xp 00000000 08:0f 1317922                    /usr/lib/x86_64-linux-gnu/libXxf86vm.so.1.0.0
7f6a90686000-7f6a90885000 ---p 00005000 08:0f 1317922                    /usr/lib/x86_64-linux-gnu/libXxf86vm.so.1.0.0
7f6a90885000-7f6a90886000 r--p 00004000 08:0f 1317922                    /usr/lib/x86_64-linux-gnu/libXxf86vm.so.1.0.0
7f6a90886000-7f6a90887000 rw-p 00005000 08:0f 1317922                    /usr/lib/x86_64-linux-gnu/libXxf86vm.so.1.0.0
7f6a90887000-7f6a909bc000 r-xp 00000000 08:0f 1317869                    /usr/lib/x86_64-linux-gnu/libX11.so.6.3.0
7f6a909bc000-7f6a90bbb000 ---p 00135000 08:0f 1317869                    /usr/lib/x86_64-linux-gnu/libX11.so.6.3.0
7f6a90bbb000-7f6a90bbc000 r--p 00134000 08:0f 1317869                    /usr/lib/x86_64-linux-gnu/libX11.so.6.3.0
7f6a90bbc000-7f6a90bc0000 rw-p 00135000 08:0f 1317869                    /usr/lib/x86_64-linux-gnu/libX11.so.6.3.0
7f6a90bc0000-7f6a90bc5000 r-xp 00000000 08:0f 1317912                    /usr/lib/x86_64-linux-gnu/libXtst.so.6.1.0
7f6a90bc5000-7f6a90dc4000 ---p 00005000 08:0f 1317912                    /usr/lib/x86_64-linux-gnu/libXtst.so.6.1.0
7f6a90dc4000-7f6a90dc5000 r--p 00004000 08:0f 1317912                    /usr/lib/x86_64-linux-gnu/libXtst.so.6.1.0
7f6a90dc5000-7f6a90dc6000 rw-p 00005000 08:0f 1317912                    /usr/lib/x86_64-linux-gnu/libXtst.so.6.1.0
7f6a90dc6000-7f6a90ed8000 r-xp 00000000 08:0f 527958                     /lib/x86_64-linux-gnu/libglib-2.0.so.0.5000.2
7f6a90ed8000-7f6a910d7000 ---p 00112000 08:0f 527958                     /lib/x86_64-linux-gnu/libglib-2.0.so.0.5000.2
7f6a910d7000-7f6a910d8000 r--p 00111000 08:0f 527958                     /lib/x86_64-linux-gnu/libglib-2.0.so.0.5000.2
7f6a910d8000-7f6a910d9000 rw-p 00112000 08:0f 527958                     /lib/x86_64-linux-gnu/libglib-2.0.so.0.5000.2
7f6a910d9000-7f6a910da000 rw-p 00000000 00:00 0 
7f6a910da000-7f6a910db000 r-xp 00000000 08:0f 1308620                    /usr/lib/x86_64-linux-gnu/libgthread-2.0.so.0.5000.2
7f6a910db000-7f6a912da000 ---p 00001000 08:0f 1308620                    /usr/lib/x86_64-linux-gnu/libgthread-2.0.so.0.5000.2
7f6a912da000-7f6a912db000 r--p 00000000 08:0f 1308620                    /usr/lib/x86_64-linux-gnu/libgthread-2.0.so.0.5000.2
7f6a912db000-7f6a912dc000 rw-p 00001000 08:0f 1308620                    /usr/lib/x86_64-linux-gnu/libgthread-2.0.so.0.5000.2
7f6a912dc000-7f6a912df000 r-xp 00000000 08:0f 1308595                    /usr/lib/x86_64-linux-gnu/libgmodule-2.0.so.0.5000.2
7f6a912df000-7f6a914de000 ---p 00003000 08:0f 1308595                    /usr/lib/x86_64-linux-gnu/libgmodule-2.0.so.0.5000.2
7f6a914de000-7f6a914df000 r--p 00002000 08:0f 1308595                    /usr/lib/x86_64-linux-gnu/libgmodule-2.0.so.0.5000.2
7f6a914df000-7f6a914e0000 rw-p 00003000 08:0f 1308595                    /usr/lib/x86_64-linux-gnu/libgmodule-2.0.so.0.5000.2
7f6a914e0000-7f6a91532000 r-xp 00000000 08:0f 1308617                    /usr/lib/x86_64-linux-gnu/libgobject-2.0.so.0.5000.2
7f6a91532000-7f6a91731000 ---p 00052000 08:0f 1308617                    /usr/lib/x86_64-linux-gnu/libgobject-2.0.so.0.5000.2
7f6a91731000-7f6a91732000 r--p 00051000 08:0f 1308617                    /usr/lib/x86_64-linux-gnu/libgobject-2.0.so.0.5000.2
7f6a91732000-7f6a91733000 rw-p 00052000 08:0f 1308617                    /usr/lib/x86_64-linux-gnu/libgobject-2.0.so.0.5000.2
7f6a91733000-7f6a91770000 r-xp 00000000 08:0f 1318288                    /usr/lib/x86_64-linux-gnu/libfontconfig.so.1.9.0
7f6a91770000-7f6a9196f000 ---p 0003d000 08:0f 1318288                    /usr/lib/x86_64-linux-gnu/libfontconfig.so.1.9.0
7f6a9196f000-7f6a91971000 r--p 0003c000 08:0f 1318288                    /usr/lib/x86_64-linux-gnu/libfontconfig.so.1.9.0
7f6a91971000-7f6a91976000 rw-p 0003e000 08:0f 1318288                    /usr/lib/x86_64-linux-gnu/libfontconfig.so.1.9.0
7f6a91976000-7f6a91a1d000 r-xp 00000000 08:0f 1309727                    /usr/lib/x86_64-linux-gnu/libfreetype.so.6.12.3
7f6a91a1d000-7f6a91c1c000 ---p 000a7000 08:0f 1309727                    /usr/lib/x86_64-linux-gnu/libfreetype.so.6.12.3
7f6a91c1c000-7f6a91c22000 r--p 000a6000 08:0f 1309727                    /usr/lib/x86_64-linux-gnu/libfreetype.so.6.12.3
7f6a91c22000-7f6a91c23000 rw-p 000ac000 08:0f 1309727                    /usr/lib/x86_64-linux-gnu/libfreetype.so.6.12.3
7f6a91c23000-7f6a91c6c000 r-xp 00000000 08:0f 1318880                    /usr/lib/x86_64-linux-gnu/libpango-1.0.so.0.4000.1
7f6a91c6c000-7f6a91e6c000 ---p 00049000 08:0f 1318880                    /usr/lib/x86_64-linux-gnu/libpango-1.0.so.0.4000.1
7f6a91e6c000-7f6a91e6e000 r--p 00049000 08:0f 1318880                    /usr/lib/x86_64-linux-gnu/libpango-1.0.so.0.4000.1
7f6a91e6e000-7f6a91e6f000 rw-p 0004b000 08:0f 1318880                    /usr/lib/x86_64-linux-gnu/libpango-1.0.so.0.4000.1
7f6a91e6f000-7f6a91f7d000 r-xp 00000000 08:0f 1318039                    /usr/lib/x86_64-linux-gnu/libcairo.so.2.11400.6
7f6a91f7d000-7f6a9217c000 ---p 0010e000 08:0f 1318039                    /usr/lib/x86_64-linux-gnu/libcairo.so.2.11400.6
7f6a9217c000-7f6a9217f000 r--p 0010d000 08:0f 1318039                    /usr/lib/x86_64-linux-gnu/libcairo.so.2.11400.6
7f6a9217f000-7f6a92180000 rw-p 00110000 08:0f 1318039                    /usr/lib/x86_64-linux-gnu/libcairo.so.2.11400.6
7f6a92180000-7f6a92182000 rw-p 00000000 00:00 0 
7f6a92182000-7f6a9218e000 r-xp 00000000 08:0f 1318882                    /usr/lib/x86_64-linux-gnu/libpangocairo-1.0.so.0.4000.1
7f6a9218e000-7f6a9238d000 ---p 0000c000 08:0f 1318882                    /usr/lib/x86_64-linux-gnu/libpangocairo-1.0.so.0.4000.1
7f6a9238d000-7f6a9238e000 r--p 0000b000 08:0f 1318882                    /usr/lib/x86_64-linux-gnu/libpangocairo-1.0.so.0.4000.1
7f6a9238e000-7f6a9238f000 rw-p 0000c000 08:0f 1318882                    /usr/lib/x86_64-linux-gnu/libpangocairo-1.0.so.0.4000.1
7f6a9238f000-7f6a923b0000 r-xp 00000000 08:0f 1318363                    /usr/lib/x86_64-linux-gnu/libgdk_pixbuf-2.0.so.0.3400.0
7f6a923b0000-7f6a925af000 ---p 00021000 08:0f 1318363                    /usr/lib/x86_64-linux-gnu/libgdk_pixbuf-2.0.so.0.3400.0
7f6a925af000-7f6a925b0000 r--p 00020000 08:0f 1318363                    /usr/lib/x86_64-linux-gnu/libgdk_pixbuf-2.0.so.0.3400.0
7f6a925b0000-7f6a925b1000 rw-p 00021000 08:0f 1318363                    /usr/lib/x86_64-linux-gnu/libgdk_pixbuf-2.0.so.0.3400.0
7f6a925b1000-7f6a925c5000 r-xp 00000000 08:0f 1318884                    /usr/lib/x86_64-linux-gnu/libpangoft2-1.0.so.0.4000.1
7f6a925c5000-7f6a927c5000 ---p 00014000 08:0f 1318884                    /usr/lib/x86_64-linux-gnu/libpangoft2-1.0.so.0.4000.1
7f6a927c5000-7f6a927c6000 r--p 00014000 08:0f 1318884                    /usr/lib/x86_64-linux-gnu/libpangoft2-1.0.so.0.4000.1
7f6a927c6000-7f6a927c7000 rw-p 00015000 08:0f 1318884                    /usr/lib/x86_64-linux-gnu/libpangoft2-1.0.so.0.4000.1
7f6a927c7000-7f6a92954000 r-xp 00000000 08:0f 1308571                    /usr/lib/x86_64-linux-gnu/libgio-2.0.so.0.5000.2
7f6a92954000-7f6a92b53000 ---p 0018d000 08:0f 1308571                    /usr/lib/x86_64-linux-gnu/libgio-2.0.so.0.5000.2
7f6a92b53000-7f6a92b58000 r--p 0018c000 08:0f 1308571                    /usr/lib/x86_64-linux-gnu/libgio-2.0.so.0.5000.2
7f6a92b58000-7f6a92b5b000 rw-p 00191000 08:0f 1308571                    /usr/lib/x86_64-linux-gnu/libgio-2.0.so.0.5000.2
7f6a92b5b000-7f6a92b5c000 rw-p 00000000 00:00 0 
7f6a92b5c000-7f6a92b7e000 r-xp 00000000 08:0f 1317973                    /usr/lib/x86_64-linux-gnu/libatk-1.0.so.0.22009.1
7f6a92b7e000-7f6a92d7d000 ---p 00022000 08:0f 1317973                    /usr/lib/x86_64-linux-gnu/libatk-1.0.so.0.22009.1
7f6a92d7d000-7f6a92d80000 r--p 00021000 08:0f 1317973                    /usr/lib/x86_64-linux-gnu/libatk-1.0.so.0.22009.1
7f6a92d80000-7f6a92d81000 rw-p 00024000 08:0f 1317973                    /usr/lib/x86_64-linux-gnu/libatk-1.0.so.0.22009.1
7f6a92d81000-7f6a92e31000 r-xp 00000000 08:0f 1314085                    /usr/lib/x86_64-linux-gnu/libgdk-x11-2.0.so.0.2400.30
7f6a92e31000-7f6a93030000 ---p 000b0000 08:0f 1314085                    /usr/lib/x86_64-linux-gnu/libgdk-x11-2.0.so.0.2400.30
7f6a93030000-7f6a93034000 r--p 000af000 08:0f 1314085                    /usr/lib/x86_64-linux-gnu/libgdk-x11-2.0.so.0.2400.30
7f6a93034000-7f6a93036000 rw-p 000b3000 08:0f 1314085                    /usr/lib/x86_64-linux-gnu/libgdk-x11-2.0.so.0.2400.30
7f6a93036000-7f6a93474000 r-xp 00000000 08:0f 1314087                    /usr/lib/x86_64-linux-gnu/libgtk-x11-2.0.so.0.2400.30
7f6a93474000-7f6a93674000 ---p 0043e000 08:0f 1314087                    /usr/lib/x86_64-linux-gnu/libgtk-x11-2.0.so.0.2400.30
7f6a93674000-7f6a9367b000 r--p 0043e000 08:0f 1314087                    /usr/lib/x86_64-linux-gnu/libgtk-x11-2.0.so.0.2400.30
7f6a9367b000-7f6a9367f000 rw-p 00445000 08:0f 1314087                    /usr/lib/x86_64-linux-gnu/libgtk-x11-2.0.so.0.2400.30
7f6a9367f000-7f6a93682000 rw-p 00000000 00:00 0 
7f6a93682000-7f6a9368e000 r-xp 00000000 08:0f 1587742                    /usr/lib/jvm/oracle_jdk8/jre/lib/amd64/libprism_es2.so
7f6a9368e000-7f6a9388d000 ---p 0000c000 08:0f 1587742                    /usr/lib/jvm/oracle_jdk8/jre/lib/amd64/libprism_es2.so
7f6a9388d000-7f6a9388e000 rw-p 0000b000 08:0f 1587742                    /usr/lib/jvm/oracle_jdk8/jre/lib/amd64/libprism_es2.so
7f6a9388e000-7f6a93891000 ---p 00000000 00:00 0 
7f6a93891000-7f6a9398f000 rw-p 00000000 00:00 0 
7f6a9398f000-7f6a93a24000 r--s 01103000 08:0f 2243419                    /usr/lib/jvm/oracle_jdk8/jre/lib/ext/jfxrt.jar
7f6a93a24000-7f6a93a25000 ---p 00000000 00:00 0 
7f6a93a25000-7f6a93b25000 rw-p 00000000 00:00 0 
7f6a93b25000-7f6a93b28000 ---p 00000000 00:00 0 
7f6a93b28000-7f6a93c26000 rw-p 00000000 00:00 0 
7f6a93c26000-7f6a93c29000 ---p 00000000 00:00 0 
7f6a93c29000-7f6a93d27000 rw-p 00000000 00:00 0 
7f6a93d27000-7f6a94000000 r--p 00000000 08:0f 1317515                    /usr/lib/locale/locale-archive
7f6a94000000-7f6a94021000 rw-p 00000000 00:00 0 
7f6a94021000-7f6a98000000 ---p 00000000 00:00 0 
7f6a98000000-7f6a98021000 rw-p 00000000 00:00 0 
7f6a98021000-7f6a9c000000 ---p 00000000 00:00 0 
7f6a9c000000-7f6a9c021000 rw-p 00000000 00:00 0 
7f6a9c021000-7f6aa0000000 ---p 00000000 00:00 0 
7f6aa0000000-7f6aa0001000 r--s 00000000 08:0f 132299                     /var/cache/fontconfig/4794a0821666d79190d59a36cb4f44b5-le64.cache-6
7f6aa0001000-7f6aa0002000 r--s 00000000 08:0f 134015                     /var/cache/fontconfig/0bd3dc0958fa2205aaaa8ebb13e2872b-le64.cache-6
7f6aa0002000-7f6aa0003000 r--s 00000000 08:0f 134045                     /var/cache/fontconfig/bab58bb527bb656aaa9f116d68a48d89-le64.cache-6
7f6aa0003000-7f6aa0004000 r--s 00000000 08:0f 134029                     /var/cache/fontconfig/56cf4f4769d0f4abc89a4895d7bd3ae1-le64.cache-6
7f6aa0004000-7f6aa000a000 r--s 00000000 08:0f 134043                     /var/cache/fontconfig/b47c4e1ecd0709278f4910c18777a504-le64.cache-6
7f6aa000a000-7f6aa001d000 r--s 00000000 08:0f 134049                     /var/cache/fontconfig/d52a8644073d54c13679302ca1180695-le64.cache-6
7f6aa001d000-7f6aa0029000 r--s 00000000 08:0f 134698                     /var/cache/fontconfig/d589a48862398ed80a3d6066f4f56f4c-le64.cache-6
7f6aa0029000-7f6aa002c000 r--s 00000000 08:0f 134034                     /var/cache/fontconfig/75114ca45c98e8a441da0ff356701271-le64.cache-6
7f6aa002c000-7f6aa003e000 r--s 00000000 08:0f 134041                     /var/cache/fontconfig/9b89f8e3dae116d678bbf48e5f21f69b-le64.cache-6
7f6aa003e000-7f6aa0041000 ---p 00000000 00:00 0 
7f6aa0041000-7f6aa013f000 rw-p 00000000 00:00 0 
7f6aa013f000-7f6aa0142000 ---p 00000000 00:00 0 
7f6aa0142000-7f6aa4000000 rw-p 00000000 00:00 0 
7f6aa4000000-7f6aa4021000 rw-p 00000000 00:00 0 
7f6aa4021000-7f6aa8000000 ---p 00000000 00:00 0 
7f6aa8000000-7f6aa8001000 r--s 00000000 08:0f 134044                     /var/cache/fontconfig/b9d506c9ac06c20b433354fa67a72993-le64.cache-6
7f6aa8001000-7f6aa8002000 r--s 00000000 08:0f 134028                     /var/cache/fontconfig/551ecf3b0e8b0bca0f25c0944f561853-le64.cache-6
7f6aa8002000-7f6aa800d000 r--s 00000000 08:0f 134037                     /var/cache/fontconfig/83bf95040141907cd45bb53cf7c1c148-le64.cache-6
7f6aa800d000-7f6aa8056000 r--p 00000000 08:0f 1703186                    /usr/share/glib-2.0/schemas/gschemas.compiled
7f6aa8056000-7f6aa8059000 ---p 00000000 00:00 0 
7f6aa8059000-7f6aa8157000 rw-p 00000000 00:00 0 
7f6aa8157000-7f6aa815a000 ---p 00000000 00:00 0 
7f6aa815a000-7f6aa8258000 rw-p 00000000 00:00 0 
7f6aa8258000-7f6aa825b000 ---p 00000000 00:00 0 
7f6aa825b000-7f6aa8359000 rw-p 00000000 00:00 0 
7f6aa8359000-7f6aa835c000 ---p 00000000 00:00 0 
7f6aa835c000-7f6aa845a000 rw-p 00000000 00:00 0 
7f6aa845a000-7f6aa845b000 ---p 00000000 00:00 0 
7f6aa845b000-7f6aaa076000 rw-p 00000000 00:00 0 
7f6aaa076000-7f6aaa24f000 r--s 03d1f000 08:0f 1587658                    /usr/lib/jvm/oracle_jdk8/jre/lib/rt.jar
7f6aaa24f000-7f6aaae2b000 rw-p 00000000 00:00 0 
7f6aaae2b000-7f6aaae2c000 ---p 00000000 00:00 0 
7f6aaae2c000-7f6aaaf2c000 rw-p 00000000 00:00 0 
7f6aaaf2c000-7f6aaaf2d000 ---p 00000000 00:00 0 
7f6aaaf2d000-7f6aab02d000 rw-p 00000000 00:00 0 
7f6aab02d000-7f6aab02e000 ---p 00000000 00:00 0 
7f6aab02e000-7f6aab12e000 rw-p 00000000 00:00 0 
7f6aab12e000-7f6aab12f000 ---p 00000000 00:00 0 
7f6aab12f000-7f6aab22f000 rw-p 00000000 00:00 0 
7f6aab22f000-7f6aab230000 ---p 00000000 00:00 0 
7f6aab230000-7f6aab330000 rw-p 00000000 00:00 0 
7f6aab330000-7f6aab331000 ---p 00000000 00:00 0 
7f6aab331000-7f6aab431000 rw-p 00000000 00:00 0 
7f6aab431000-7f6aab432000 ---p 00000000 00:00 0 
7f6aab432000-7f6aab54b000 rw-p 00000000 00:00 0 
7f6aab54b000-7f6aab7c5000 ---p 00000000 00:00 0 
7f6aab7c5000-7f6aab7de000 rw-p 00000000 00:00 0 
7f6aab7de000-7f6aaba57000 ---p 00000000 00:00 0 
7f6aaba57000-7f6aaba6d000 rw-p 00000000 00:00 0 
7f6aaba6d000-7f6aabba1000 ---p 00000000 00:00 0 
7f6aabba1000-7f6aabbc8000 rw-p 00000000 00:00 0 
7f6aabbc8000-7f6aabf62000 ---p 00000000 00:00 0 
7f6aabf62000-7f6aac8d2000 rwxp 00000000 00:00 0 
7f6aac8d2000-7f6abaf62000 ---p 00000000 00:00 0 
7f6abaf62000-7f6abaf7c000 r-xp 00000000 08:0f 1587734                    /usr/lib/jvm/oracle_jdk8/jre/lib/amd64/libzip.so
7f6abaf7c000-7f6abb17c000 ---p 0001a000 08:0f 1587734                    /usr/lib/jvm/oracle_jdk8/jre/lib/amd64/libzip.so
7f6abb17c000-7f6abb17d000 rw-p 0001a000 08:0f 1587734                    /usr/lib/jvm/oracle_jdk8/jre/lib/amd64/libzip.so
7f6abb17d000-7f6abb188000 r-xp 00000000 08:0f 528266                     /lib/x86_64-linux-gnu/libnss_files-2.24.so
7f6abb188000-7f6abb387000 ---p 0000b000 08:0f 528266                     /lib/x86_64-linux-gnu/libnss_files-2.24.so
7f6abb387000-7f6abb388000 r--p 0000a000 08:0f 528266                     /lib/x86_64-linux-gnu/libnss_files-2.24.so
7f6abb388000-7f6abb389000 rw-p 0000b000 08:0f 528266                     /lib/x86_64-linux-gnu/libnss_files-2.24.so
7f6abb389000-7f6abb38f000 rw-p 00000000 00:00 0 
7f6abb38f000-7f6abb39a000 r-xp 00000000 08:0f 528268                     /lib/x86_64-linux-gnu/libnss_nis-2.24.so
7f6abb39a000-7f6abb599000 ---p 0000b000 08:0f 528268                     /lib/x86_64-linux-gnu/libnss_nis-2.24.so
7f6abb599000-7f6abb59a000 r--p 0000a000 08:0f 528268                     /lib/x86_64-linux-gnu/libnss_nis-2.24.so
7f6abb59a000-7f6abb59b000 rw-p 0000b000 08:0f 528268                     /lib/x86_64-linux-gnu/libnss_nis-2.24.so
7f6abb59b000-7f6abb5b1000 r-xp 00000000 08:0f 528263                     /lib/x86_64-linux-gnu/libnsl-2.24.so
7f6abb5b1000-7f6abb7b0000 ---p 00016000 08:0f 528263                     /lib/x86_64-linux-gnu/libnsl-2.24.so
7f6abb7b0000-7f6abb7b1000 r--p 00015000 08:0f 528263                     /lib/x86_64-linux-gnu/libnsl-2.24.so
7f6abb7b1000-7f6abb7b2000 rw-p 00016000 08:0f 528263                     /lib/x86_64-linux-gnu/libnsl-2.24.so
7f6abb7b2000-7f6abb7b4000 rw-p 00000000 00:00 0 
7f6abb7b4000-7f6abb7bc000 r-xp 00000000 08:0f 528264                     /lib/x86_64-linux-gnu/libnss_compat-2.24.so
7f6abb7bc000-7f6abb9bb000 ---p 00008000 08:0f 528264                     /lib/x86_64-linux-gnu/libnss_compat-2.24.so
7f6abb9bb000-7f6abb9bc000 r--p 00007000 08:0f 528264                     /lib/x86_64-linux-gnu/libnss_compat-2.24.so
7f6abb9bc000-7f6abb9bd000 rw-p 00008000 08:0f 528264                     /lib/x86_64-linux-gnu/libnss_compat-2.24.so
7f6abb9bd000-7f6abb9e7000 r-xp 00000000 08:0f 1587729                    /usr/lib/jvm/oracle_jdk8/jre/lib/amd64/libjava.so
7f6abb9e7000-7f6abbbe7000 ---p 0002a000 08:0f 1587729                    /usr/lib/jvm/oracle_jdk8/jre/lib/amd64/libjava.so
7f6abbbe7000-7f6abbbe9000 rw-p 0002a000 08:0f 1587729                    /usr/lib/jvm/oracle_jdk8/jre/lib/amd64/libjava.so
7f6abbbe9000-7f6abbbf6000 r-xp 00000000 08:0f 1587733                    /usr/lib/jvm/oracle_jdk8/jre/lib/amd64/libverify.so
7f6abbbf6000-7f6abbdf6000 ---p 0000d000 08:0f 1587733                    /usr/lib/jvm/oracle_jdk8/jre/lib/amd64/libverify.so
7f6abbdf6000-7f6abbdf8000 rw-p 0000d000 08:0f 1587733                    /usr/lib/jvm/oracle_jdk8/jre/lib/amd64/libverify.so
7f6abbdf8000-7f6abbdff000 r-xp 00000000 08:0f 528273                     /lib/x86_64-linux-gnu/librt-2.24.so
7f6abbdff000-7f6abbffe000 ---p 00007000 08:0f 528273                     /lib/x86_64-linux-gnu/librt-2.24.so
7f6abbffe000-7f6abbfff000 r--p 00006000 08:0f 528273                     /lib/x86_64-linux-gnu/librt-2.24.so
7f6abbfff000-7f6abc000000 rw-p 00007000 08:0f 528273                     /lib/x86_64-linux-gnu/librt-2.24.so
7f6abc000000-7f6abc57f000 rw-p 00000000 00:00 0 
7f6abc57f000-7f6ac0000000 ---p 00000000 00:00 0 
7f6ac0000000-7f6ac0001000 r--s 00000000 08:0f 134025                     /var/cache/fontconfig/3f7329c5293ffd510edef78f73874cfd-le64.cache-6
7f6ac0001000-7f6ac0002000 r--s 00000000 08:0f 134022                     /var/cache/fontconfig/30829fa25452a46451e813d634d7f916-le64.cache-6
7f6ac0002000-7f6ac0005000 r--s 00000000 08:0f 134053                     /var/cache/fontconfig/e13b20fdb08344e0e664864cc2ede53d-le64.cache-6
7f6ac0005000-7f6ac001a000 r--s 0022c000 08:0f 2240578                    /home/shahsparx/NetBeansProjects/UCET_ACCOUNTS/dist/run1149596942/lib/jfoenix.jar
7f6ac001a000-7f6ac0038000 r-xp 00000000 08:0f 523353                     /lib/x86_64-linux-gnu/libudev.so.1.6.5
7f6ac0038000-7f6ac0039000 ---p 0001e000 08:0f 523353                     /lib/x86_64-linux-gnu/libudev.so.1.6.5
7f6ac0039000-7f6ac003a000 r--p 0001e000 08:0f 523353                     /lib/x86_64-linux-gnu/libudev.so.1.6.5
7f6ac003a000-7f6ac003b000 rw-p 0001f000 08:0f 523353                     /lib/x86_64-linux-gnu/libudev.so.1.6.5
7f6ac003b000-7f6ac003f000 r--s 00000000 08:0f 132314                     /var/cache/fontconfig/7ef2298fde41cc6eeb7af42e48b7d293-le64.cache-6
7f6ac003f000-7f6ac0049000 r--s 000e7000 08:0f 2240579                    /home/shahsparx/NetBeansProjects/UCET_ACCOUNTS/dist/run1149596942/lib/mysql-connector-java-5.1.38-bin.jar
7f6ac0049000-7f6ac004b000 r--s 0008a000 08:0f 2240577                    /home/shahsparx/NetBeansProjects/UCET_ACCOUNTS/dist/run1149596942/lib/fontawesomefx-8.9.jar
7f6ac004b000-7f6ac0053000 rw-s 00000000 00:05 1189379                    /drm mm object (deleted)
7f6ac0053000-7f6ac005b000 rw-s 00000000 00:05 1189368                    /drm mm object (deleted)
7f6ac005b000-7f6ac0062000 r--p 00000000 08:0f 1972006                    /home/shahsparx/.config/dconf/user
7f6ac0062000-7f6ac00d8000 rw-p 00000000 00:00 0 
7f6ac00d8000-7f6ac00d9000 ---p 00000000 00:00 0 
7f6ac00d9000-7f6ac01d9000 rw-p 00000000 00:00 0 
7f6ac01d9000-7f6ac02e1000 r-xp 00000000 08:0f 528260                     /lib/x86_64-linux-gnu/libm-2.24.so
7f6ac02e1000-7f6ac04e0000 ---p 00108000 08:0f 528260                     /lib/x86_64-linux-gnu/libm-2.24.so
7f6ac04e0000-7f6ac04e1000 r--p 00107000 08:0f 528260                     /lib/x86_64-linux-gnu/libm-2.24.so
7f6ac04e1000-7f6ac04e2000 rw-p 00108000 08:0f 528260                     /lib/x86_64-linux-gnu/libm-2.24.so
7f6ac04e2000-7f6ac11a2000 r-xp 00000000 08:0f 1713201                    /usr/lib/jvm/oracle_jdk8/jre/lib/amd64/server/libjvm.so
7f6ac11a2000-7f6ac13a2000 ---p 00cc0000 08:0f 1713201                    /usr/lib/jvm/oracle_jdk8/jre/lib/amd64/server/libjvm.so
7f6ac13a2000-7f6ac147a000 rw-p 00cc0000 08:0f 1713201                    /usr/lib/jvm/oracle_jdk8/jre/lib/amd64/server/libjvm.so
7f6ac147a000-7f6ac14c5000 rw-p 00000000 00:00 0 
7f6ac14c5000-7f6ac1682000 r-xp 00000000 08:0f 528256                     /lib/x86_64-linux-gnu/libc-2.24.so
7f6ac1682000-7f6ac1882000 ---p 001bd000 08:0f 528256                     /lib/x86_64-linux-gnu/libc-2.24.so
7f6ac1882000-7f6ac1886000 r--p 001bd000 08:0f 528256                     /lib/x86_64-linux-gnu/libc-2.24.so
7f6ac1886000-7f6ac1888000 rw-p 001c1000 08:0f 528256                     /lib/x86_64-linux-gnu/libc-2.24.so
7f6ac1888000-7f6ac188c000 rw-p 00000000 00:00 0 
7f6ac188c000-7f6ac188f000 r-xp 00000000 08:0f 528259                     /lib/x86_64-linux-gnu/libdl-2.24.so
7f6ac188f000-7f6ac1a8e000 ---p 00003000 08:0f 528259                     /lib/x86_64-linux-gnu/libdl-2.24.so
7f6ac1a8e000-7f6ac1a8f000 r--p 00002000 08:0f 528259                     /lib/x86_64-linux-gnu/libdl-2.24.so
7f6ac1a8f000-7f6ac1a90000 rw-p 00003000 08:0f 528259                     /lib/x86_64-linux-gnu/libdl-2.24.so
7f6ac1a90000-7f6ac1aa5000 r-xp 00000000 08:0f 1587711                    /usr/lib/jvm/oracle_jdk8/jre/lib/amd64/jli/libjli.so
7f6ac1aa5000-7f6ac1ca5000 ---p 00015000 08:0f 1587711                    /usr/lib/jvm/oracle_jdk8/jre/lib/amd64/jli/libjli.so
7f6ac1ca5000-7f6ac1ca6000 rw-p 00015000 08:0f 1587711                    /usr/lib/jvm/oracle_jdk8/jre/lib/amd64/jli/libjli.so
7f6ac1ca6000-7f6ac1cbe000 r-xp 00000000 08:0f 528271                     /lib/x86_64-linux-gnu/libpthread-2.24.so
7f6ac1cbe000-7f6ac1ebe000 ---p 00018000 08:0f 528271                     /lib/x86_64-linux-gnu/libpthread-2.24.so
7f6ac1ebe000-7f6ac1ebf000 r--p 00018000 08:0f 528271                     /lib/x86_64-linux-gnu/libpthread-2.24.so
7f6ac1ebf000-7f6ac1ec0000 rw-p 00019000 08:0f 528271                     /lib/x86_64-linux-gnu/libpthread-2.24.so
7f6ac1ec0000-7f6ac1ec4000 rw-p 00000000 00:00 0 
7f6ac1ec4000-7f6ac1ee9000 r-xp 00000000 08:0f 528252                     /lib/x86_64-linux-gnu/ld-2.24.so
7f6ac1ee9000-7f6ac1eea000 r--s 00000000 08:0f 134016                     /var/cache/fontconfig/0c9eb80ebd1c36541ebe2852d3bb0c49-le64.cache-6
7f6ac1eea000-7f6ac1fbb000 rw-p 00000000 00:00 0 
7f6ac1fbb000-7f6ac1fbe000 ---p 00000000 00:00 0 
7f6ac1fbe000-7f6ac20be000 rw-p 00000000 00:00 0 
7f6ac20bf000-7f6ac20c0000 rw-s 1072d5000 00:06 349                       /dev/dri/card0
7f6ac20c0000-7f6ac20c8000 rw-s 00000000 00:05 1189355                    /drm mm object (deleted)
7f6ac20c8000-7f6ac20c9000 rw-s 00000000 00:05 1189352                    /drm mm object (deleted)
7f6ac20c9000-7f6ac20ca000 r--s 00000000 00:2b 62                         /run/user/1000/dconf/user
7f6ac20ca000-7f6ac20d2000 rw-s 00000000 00:05 1189350                    /drm mm object (deleted)
7f6ac20d2000-7f6ac20d9000 r--s 00000000 08:0f 1583579                    /usr/lib/x86_64-linux-gnu/gconv/gconv-modules.cache
7f6ac20d9000-7f6ac20db000 r--s 00015000 08:0f 2240575                    /home/shahsparx/NetBeansProjects/UCET_ACCOUNTS/dist/run1149596942/UCET_ACCOUNTS.jar
7f6ac20db000-7f6ac20e3000 rw-s 00000000 08:0f 2886647                    /tmp/hsperfdata_shahsparx/19013
7f6ac20e3000-7f6ac20e4000 rw-p 00000000 00:00 0 
7f6ac20e4000-7f6ac20e5000 r--p 00000000 00:00 0 
7f6ac20e5000-7f6ac20e8000 rw-p 00000000 00:00 0 
7f6ac20e8000-7f6ac20e9000 r--p 00024000 08:0f 528252                     /lib/x86_64-linux-gnu/ld-2.24.so
7f6ac20e9000-7f6ac20ea000 rw-p 00025000 08:0f 528252                     /lib/x86_64-linux-gnu/ld-2.24.so
7f6ac20ea000-7f6ac20eb000 rw-p 00000000 00:00 0 
7fff13713000-7fff13734000 rw-p 00000000 00:00 0                          [stack]
7fff13747000-7fff13749000 r--p 00000000 00:00 0                          [vvar]
7fff13749000-7fff1374b000 r-xp 00000000 00:00 0                          [vdso]
ffffffffff600000-ffffffffff601000 r-xp 00000000 00:00 0                  [vsyscall]

VM Arguments:
jvm_args: -Dfile.encoding=UTF-8 
java_command: /home/shahsparx/NetBeansProjects/UCET_ACCOUNTS/dist/run1149596942/UCET_ACCOUNTS.jar
java_class_path (initial): /home/shahsparx/NetBeansProjects/UCET_ACCOUNTS/dist/run1149596942/UCET_ACCOUNTS.jar
Launcher Type: SUN_STANDARD

Environment Variables:
PATH=/home/shahsparx/bin:/home/shahsparx/.local/bin:/usr/local/sbin:/usr/local/bin:/usr/sbin:/usr/bin:/sbin:/bin:/usr/games:/usr/local/games:/snap/bin
LD_LIBRARY_PATH=/usr/lib/jvm/oracle_jdk8//jre/lib/amd64:/usr/lib/jvm/oracle_jdk8//jre/lib/i386:
SHELL=/bin/bash
DISPLAY=:0

Signal Handlers:
SIGSEGV: [libjvm.so+0xabca10], sa_mask[0]=11111111011111111101111111111110, sa_flags=SA_RESTART|SA_SIGINFO
SIGBUS: [libjvm.so+0xabca10], sa_mask[0]=11111111011111111101111111111110, sa_flags=SA_RESTART|SA_SIGINFO
SIGFPE: [libjvm.so+0x919a20], sa_mask[0]=11111111011111111101111111111110, sa_flags=SA_RESTART|SA_SIGINFO
SIGPIPE: SIG_IGN, sa_mask[0]=00000000000010000000000000000000, sa_flags=SA_RESTART
SIGXFSZ: [libjvm.so+0x919a20], sa_mask[0]=11111111011111111101111111111110, sa_flags=SA_RESTART|SA_SIGINFO
SIGILL: [libjvm.so+0x919a20], sa_mask[0]=11111111011111111101111111111110, sa_flags=SA_RESTART|SA_SIGINFO
SIGUSR1: SIG_DFL, sa_mask[0]=00000000000000000000000000000000, sa_flags=none
SIGUSR2: [libjvm.so+0x91b050], sa_mask[0]=00100000000000000000000000000000, sa_flags=SA_RESTART|SA_SIGINFO
SIGHUP: [libjvm.so+0x91c450], sa_mask[0]=11111111011111111101111111111110, sa_flags=SA_RESTART|SA_SIGINFO
SIGINT: SIG_IGN, sa_mask[0]=00000000000000000000000000000000, sa_flags=none
SIGTERM: [libjvm.so+0x91c450], sa_mask[0]=11111111011111111101111111111110, sa_flags=SA_RESTART|SA_SIGINFO
SIGQUIT: [libjvm.so+0x91c450], sa_mask[0]=11111111011111111101111111111110, sa_flags=SA_RESTART|SA_SIGINFO


---------------  S Y S T E M  ---------------

OS:DISTRIB_ID=Ubuntu
DISTRIB_RELEASE=16.10
DISTRIB_CODENAME=yakkety
DISTRIB_DESCRIPTION="Ubuntu 16.10"

uname:Linux 4.8.0-51-generic #54-Ubuntu SMP Tue Apr 25 16:32:21 UTC 2017 x86_64
libc:glibc 2.24 NPTL 2.24 
rlimit: STACK 8192k, CORE 0k, NPROC 31427, NOFILE 4096, AS infinity
load average:1.09 2.13 1.20

/proc/meminfo:
MemTotal:        8088836 kB
MemFree:         1881620 kB
MemAvailable:    2531852 kB
Buffers:           83508 kB
Cached:          1150508 kB
SwapCached:          716 kB
Active:          4407652 kB
Inactive:        1414300 kB
Active(anon):    3989064 kB
Inactive(anon):  1035316 kB
Active(file):     418588 kB
Inactive(file):   378984 kB
Unevictable:         128 kB
Mlocked:             128 kB
SwapTotal:       4258808 kB
SwapFree:        4135036 kB
Dirty:              8592 kB
Writeback:             0 kB
AnonPages:       4514772 kB
Mapped:           516816 kB
Shmem:            436436 kB
Slab:             231572 kB
SReclaimable:     152156 kB
SUnreclaim:        79416 kB
KernelStack:       16176 kB
PageTables:        66348 kB
NFS_Unstable:          0 kB
Bounce:                0 kB
WritebackTmp:          0 kB
CommitLimit:     8303224 kB
Committed_AS:   10839696 kB
VmallocTotal:   34359738367 kB
VmallocUsed:           0 kB
VmallocChunk:          0 kB
HardwareCorrupted:     0 kB
AnonHugePages:   2668544 kB
ShmemHugePages:        0 kB
ShmemPmdMapped:        0 kB
CmaTotal:              0 kB
CmaFree:               0 kB
HugePages_Total:       0
HugePages_Free:        0
HugePages_Rsvd:        0
HugePages_Surp:        0
Hugepagesize:       2048 kB
DirectMap4k:      246528 kB
DirectMap2M:     8056832 kB
DirectMap1G:     1048576 kB


CPU:total 8 (4 cores per cpu, 2 threads per core) family 6 model 60 stepping 3, cmov, cx8, fxsr, mmx, sse, sse2, sse3, ssse3, sse4.1, sse4.2, popcnt, avx, avx2, aes, clmul, erms, lzcnt, ht, tsc, tscinvbit, bmi1, bmi2

/proc/cpuinfo:
processor	: 0
vendor_id	: GenuineIntel
cpu family	: 6
model		: 60
model name	: Intel(R) Core(TM) i7-4702MQ CPU @ 2.20GHz
stepping	: 3
microcode	: 0x20
cpu MHz		: 2899.987
cache size	: 6144 KB
physical id	: 0
siblings	: 8
core id		: 0
cpu cores	: 4
apicid		: 0
initial apicid	: 0
fpu		: yes
fpu_exception	: yes
cpuid level	: 13
wp		: yes
flags		: fpu vme de pse tsc msr pae mce cx8 apic sep mtrr pge mca cmov pat pse36 clflush dts acpi mmx fxsr sse sse2 ss ht tm pbe syscall nx pdpe1gb rdtscp lm constant_tsc arch_perfmon pebs bts rep_good nopl xtopology nonstop_tsc aperfmperf eagerfpu pni pclmulqdq dtes64 monitor ds_cpl vmx est tm2 ssse3 sdbg fma cx16 xtpr pdcm pcid sse4_1 sse4_2 movbe popcnt tsc_deadline_timer aes xsave avx f16c rdrand lahf_lm abm epb tpr_shadow vnmi flexpriority ept vpid fsgsbase tsc_adjust bmi1 avx2 smep bmi2 erms invpcid xsaveopt dtherm ida arat pln pts
bugs		:
bogomips	: 4389.94
clflush size	: 64
cache_alignment	: 64
address sizes	: 39 bits physical, 48 bits virtual
power management:

processor	: 1
vendor_id	: GenuineIntel
cpu family	: 6
model		: 60
model name	: Intel(R) Core(TM) i7-4702MQ CPU @ 2.20GHz
stepping	: 3
microcode	: 0x20
cpu MHz		: 2899.987
cache size	: 6144 KB
physical id	: 0
siblings	: 8
core id		: 0
cpu cores	: 4
apicid		: 1
initial apicid	: 1
fpu		: yes
fpu_exception	: yes
cpuid level	: 13
wp		: yes
flags		: fpu vme de pse tsc msr pae mce cx8 apic sep mtrr pge mca cmov pat pse36 clflush dts acpi mmx fxsr sse sse2 ss ht tm pbe syscall nx pdpe1gb rdtscp lm constant_tsc arch_perfmon pebs bts rep_good nopl xtopology nonstop_tsc aperfmperf eagerfpu pni pclmulqdq dtes64 monitor ds_cpl vmx est tm2 ssse3 sdbg fma cx16 xtpr pdcm pcid sse4_1 sse4_2 movbe popcnt tsc_deadline_timer aes xsave avx f16c rdrand lahf_lm abm epb tpr_shadow vnmi flexpriority ept vpid fsgsbase tsc_adjust bmi1 avx2 smep bmi2 erms invpcid xsaveopt dtherm ida arat pln pts
bugs		:
bogomips	: 4389.94
clflush size	: 64
cache_alignment	: 64
address sizes	: 39 bits physical, 48 bits virtual
power management:

processor	: 2
vendor_id	: GenuineIntel
cpu family	: 6
model		: 60
model name	: Intel(R) Core(TM) i7-4702MQ CPU @ 2.20GHz
stepping	: 3
microcode	: 0x20
cpu MHz		: 2899.987
cache size	: 6144 KB
physical id	: 0
siblings	: 8
core id		: 1
cpu cores	: 4
apicid		: 2
initial apicid	: 2
fpu		: yes
fpu_exception	: yes
cpuid level	: 13
wp		: yes
flags		: fpu vme de pse tsc msr pae mce cx8 apic sep mtrr pge mca cmov pat pse36 clflush dts acpi mmx fxsr sse sse2 ss ht tm pbe syscall nx pdpe1gb rdtscp lm constant_tsc arch_perfmon pebs bts rep_good nopl xtopology nonstop_tsc aperfmperf eagerfpu pni pclmulqdq dtes64 monitor ds_cpl vmx est tm2 ssse3 sdbg fma cx16 xtpr pdcm pcid sse4_1 sse4_2 movbe popcnt tsc_deadline_timer aes xsave avx f16c rdrand lahf_lm abm epb tpr_shadow vnmi flexpriority ept vpid fsgsbase tsc_adjust bmi1 avx2 smep bmi2 erms invpcid xsaveopt dtherm ida arat pln pts
bugs		:
bogomips	: 4389.94
clflush size	: 64
cache_alignment	: 64
address sizes	: 39 bits physical, 48 bits virtual
power management:

processor	: 3
vendor_id	: GenuineIntel
cpu family	: 6
model		: 60
model name	: Intel(R) Core(TM) i7-4702MQ CPU @ 2.20GHz
stepping	: 3
microcode	: 0x20
cpu MHz		: 2899.853
cache size	: 6144 KB
physical id	: 0
siblings	: 8
core id		: 1
cpu cores	: 4
apicid		: 3
initial apicid	: 3
fpu		: yes
fpu_exception	: yes
cpuid level	: 13
wp		: yes
flags		: fpu vme de pse tsc msr pae mce cx8 apic sep mtrr pge mca cmov pat pse36 clflush dts acpi mmx fxsr sse sse2 ss ht tm pbe syscall nx pdpe1gb rdtscp lm constant_tsc arch_perfmon pebs bts rep_good nopl xtopology nonstop_tsc aperfmperf eagerfpu pni pclmulqdq dtes64 monitor ds_cpl vmx est tm2 ssse3 sdbg fma cx16 xtpr pdcm pcid sse4_1 sse4_2 movbe popcnt tsc_deadline_timer aes xsave avx f16c rdrand lahf_lm abm epb tpr_shadow vnmi flexpriority ept vpid fsgsbase tsc_adjust bmi1 avx2 smep bmi2 erms invpcid xsaveopt dtherm ida arat pln pts
bugs		:
bogomips	: 4389.94
clflush size	: 64
cache_alignment	: 64
address sizes	: 39 bits physical, 48 bits virtual
power management:

processor	: 4
vendor_id	: GenuineIntel
cpu family	: 6
model		: 60
model name	: Intel(R) Core(TM) i7-4702MQ CPU @ 2.20GHz
stepping	: 3
microcode	: 0x20
cpu MHz		: 2899.987
cache size	: 6144 KB
physical id	: 0
siblings	: 8
core id		: 2
cpu cores	: 4
apicid		: 4
initial apicid	: 4
fpu		: yes
fpu_exception	: yes
cpuid level	: 13
wp		: yes
flags		: fpu vme de pse tsc msr pae mce cx8 apic sep mtrr pge mca cmov pat pse36 clflush dts acpi mmx fxsr sse sse2 ss ht tm pbe syscall nx pdpe1gb rdtscp lm constant_tsc arch_perfmon pebs bts rep_good nopl xtopology nonstop_tsc aperfmperf eagerfpu pni pclmulqdq dtes64 monitor ds_cpl vmx est tm2 ssse3 sdbg fma cx16 xtpr pdcm pcid sse4_1 sse4_2 movbe popcnt tsc_deadline_timer aes xsave avx f16c rdrand lahf_lm abm epb tpr_shadow vnmi flexpriority ept vpid fsgsbase tsc_adjust bmi1 avx2 smep bmi2 erms invpcid xsaveopt dtherm ida arat pln pts
bugs		:
bogomips	: 4389.94
clflush size	: 64
cache_alignment	: 64
address sizes	: 39 bits physical, 48 bits virtual
power management:

processor	: 5
vendor_id	: GenuineIntel
cpu family	: 6
model		: 60
model name	: Intel(R) Core(TM) i7-4702MQ CPU @ 2.20GHz
stepping	: 3
microcode	: 0x20
cpu MHz		: 2899.987
cache size	: 6144 KB
physical id	: 0
siblings	: 8
core id		: 2
cpu cores	: 4
apicid		: 5
initial apicid	: 5
fpu		: yes
fpu_exception	: yes
cpuid level	: 13
wp		: yes
flags		: fpu vme de pse tsc msr pae mce cx8 apic sep mtrr pge mca cmov pat pse36 clflush dts acpi mmx fxsr sse sse2 ss ht tm pbe syscall nx pdpe1gb rdtscp lm constant_tsc arch_perfmon pebs bts rep_good nopl xtopology nonstop_tsc aperfmperf eagerfpu pni pclmulqdq dtes64 monitor ds_cpl vmx est tm2 ssse3 sdbg fma cx16 xtpr pdcm pcid sse4_1 sse4_2 movbe popcnt tsc_deadline_timer aes xsave avx f16c rdrand lahf_lm abm epb tpr_shadow vnmi flexpriority ept vpid fsgsbase tsc_adjust bmi1 avx2 smep bmi2 erms invpcid xsaveopt dtherm ida arat pln pts
bugs		:
bogomips	: 4389.94
clflush size	: 64
cache_alignment	: 64
address sizes	: 39 bits physical, 48 bits virtual
power management:

processor	: 6
vendor_id	: GenuineIntel
cpu family	: 6
model		: 60
model name	: Intel(R) Core(TM) i7-4702MQ CPU @ 2.20GHz
stepping	: 3
microcode	: 0x20
cpu MHz		: 2899.987
cache size	: 6144 KB
physical id	: 0
siblings	: 8
core id		: 3
cpu cores	: 4
apicid		: 6
initial apicid	: 6
fpu		: yes
fpu_exception	: yes
cpuid level	: 13
wp		: yes
flags		: fpu vme de pse tsc msr pae mce cx8 apic sep mtrr pge mca cmov pat pse36 clflush dts acpi mmx fxsr sse sse2 ss ht tm pbe syscall nx pdpe1gb rdtscp lm constant_tsc arch_perfmon pebs bts rep_good nopl xtopology nonstop_tsc aperfmperf eagerfpu pni pclmulqdq dtes64 monitor ds_cpl vmx est tm2 ssse3 sdbg fma cx16 xtpr pdcm pcid sse4_1 sse4_2 movbe popcnt tsc_deadline_timer aes xsave avx f16c rdrand lahf_lm abm epb tpr_shadow vnmi flexpriority ept vpid fsgsbase tsc_adjust bmi1 avx2 smep bmi2 erms invpcid xsaveopt dtherm ida arat pln pts
bugs		:
bogomips	: 4389.94
clflush size	: 64
cache_alignment	: 64
address sizes	: 39 bits physical, 48 bits virtual
power management:

processor	: 7
vendor_id	: GenuineIntel
cpu family	: 6
model		: 60
model name	: Intel(R) Core(TM) i7-4702MQ CPU @ 2.20GHz
stepping	: 3
microcode	: 0x20
cpu MHz		: 2899.987
cache size	: 6144 KB
physical id	: 0
siblings	: 8
core id		: 3
cpu cores	: 4
apicid		: 7
initial apicid	: 7
fpu		: yes
fpu_exception	: yes
cpuid level	: 13
wp		: yes
flags		: fpu vme de pse tsc msr pae mce cx8 apic sep mtrr pge mca cmov pat pse36 clflush dts acpi mmx fxsr sse sse2 ss ht tm pbe syscall nx pdpe1gb rdtscp lm constant_tsc arch_perfmon pebs bts rep_good nopl xtopology nonstop_tsc aperfmperf eagerfpu pni pclmulqdq dtes64 monitor ds_cpl vmx est tm2 ssse3 sdbg fma cx16 xtpr pdcm pcid sse4_1 sse4_2 movbe popcnt tsc_deadline_timer aes xsave avx f16c rdrand lahf_lm abm epb tpr_shadow vnmi flexpriority ept vpid fsgsbase tsc_adjust bmi1 avx2 smep bmi2 erms invpcid xsaveopt dtherm ida arat pln pts
bugs		:
bogomips	: 4389.94
clflush size	: 64
cache_alignment	: 64
address sizes	: 39 bits physical, 48 bits virtual
power management:



Memory: 4k page, physical 8088836k(1881620k free), swap 4258808k(4135036k free)

vm_info: Java HotSpot(TM) 64-Bit Server VM (25.91-b14) for linux-amd64 JRE (1.8.0_91-b14), built on Apr  1 2016 00:57:21 by "java_re" with gcc 4.3.0 20080428 (Red Hat 4.3.0-8)

time: Tue May  9 04:46:34 2017
elapsed time: 8 seconds (0d 0h 0m 8s)

