#
# A fatal error has been detected by the Java Runtime Environment:
#
#  SIGSEGV (0xb) at pc=0x00007f06e9cba948, pid=19606, tid=139665896109824
#
# JRE version: Java(TM) SE Runtime Environment (8.0_91-b14) (build 1.8.0_91-b14)
# Java VM: Java HotSpot(TM) 64-Bit Server VM (25.91-b14 mixed mode linux-amd64 compressed oops)
# Problematic frame:
# V  [libjvm.so+0x6cf948]  jni_invoke_nonstatic(JNIEnv_*, JavaValue*, _jobject*, JNICallType, _jmethodID*, JNI_ArgumentPusher*, Thread*)+0x38
#
# Failed to write core dump. Core dumps have been disabled. To enable core dumping, try "ulimit -c unlimited" before starting Java again
#
# If you would like to submit a bug report, please visit:
#   http://bugreport.java.com/bugreport/crash.jsp
#

---------------  T H R E A D  ---------------

Current thread (0x00007f06e43dd000):  JavaThread "JavaFX Application Thread" [_thread_in_vm, id=19634, stack(0x00007f06800ff000,0x00007f0680200000)]

siginfo: si_signo: 11 (SIGSEGV), si_code: 128 (SI_KERNEL), si_addr: 0x0000000000000000

Registers:
RAX=0x00007f06801fe3c0, RBX=0x00007f06801fe2d0, RCX=0x0000000000000001, RDX=0x666a2f6d6f634c28
RSP=0x00007f06801fe120, RBP=0x00007f06801fe2a0, RSI=0x00007f06801fe330, RDI=0x00007f06e43dd1f8
R8 =0x00007f06e434c3d8, R9 =0x00007f06801fe2d0, R10=0x00007f0658000ae0, R11=0x00007f06d54607e0
R12=0x00007f06e43dd000, R13=0x00007f06e434c3d8, R14=0x0000000000000001, R15=0x00007f06e43dd1f8
RIP=0x00007f06e9cba948, EFLAGS=0x0000000000010206, CSGSFS=0x002b000000000033, ERR=0x0000000000000000
  TRAPNO=0x000000000000000d

Top of Stack: (sp=0x00007f06801fe120)
0x00007f06801fe120:   00007f06801fe820 00007f06801fe440
0x00007f06801fe130:   00007f06801fe180 00007f06801fe200
0x00007f06801fe140:   00007f06801fe2d0 00007f06801fe330
0x00007f06801fe150:   00007f06e43dd1f8 00007f06e9cda450
0x00007f06801fe160:   00007f0694000e60 00007f0694000e70
0x00007f06801fe170:   00007f0694001248 00000000000003d8
0x00007f06801fe180:   0000000000000000 00000000d6deddf0
0x00007f06801fe190:   00007f060000006f 00007f060000000a
0x00007f06801fe1a0:   00000000d7a156a0 0000000000000000
0x00007f06801fe1b0:   0000000000000000 0000000000000000
0x00007f06801fe1c0:   00007f06bb90c6f8 0000000100000100
0x00007f06801fe1d0:   0000000000000000 00007f06801fe188
0x00007f06801fe1e0:   00007f06801fe1c9 0000000800000005
0x00007f06801fe1f0:   0000000000000000 00007f06e43dc840
0x00007f06801fe200:   00007f06ea53d490 00007f06eb048470
0x00007f06801fe210:   00000000e43dc6d0 00007f06e43dd000
0x00007f06801fe220:   0000000000000000 00007f06e9cbad1b
0x00007f06801fe230:   00007f06bb9167a8 00007f06e43dd000
0x00007f06801fe240:   00007f06bb9167a8 00007f06e43dd000
0x00007f06801fe250:   00007f06801fe3e0 00007f06bb9167a8
0x00007f06801fe260:   00007f06bb9167a8 00007f06bb9167a8
0x00007f06801fe270:   00007f0694000e60 00007f06801fe2d0
0x00007f06801fe280:   00007f06e43dd000 00007f06801fe310
0x00007f06801fe290:   00007f06e434c3d8 00007f06e43dd1f8
0x00007f06801fe2a0:   00007f06801fe390 00007f06e9cbf0ef
0x00007f06801fe2b0:   00007f06e43dd000 00007f0683dddff4
0x00007f06801fe2c0:   00007f06801fe3a8 666a2f6d6f634c28
0x00007f06801fe2d0:   00007f06ea53e0f0 00007f06eb048470
0x00007f06801fe2e0:   00000000801fe350 0fe2e8b500000063
0x00007f06801fe2f0:   0000000000000000 0000003000000018
0x00007f06801fe300:   00007f06801fe480 00007f06801fe3c0
0x00007f06801fe310:   00007f06e43dd000 0000000000000000 

Instructions: (pc=0x00007f06e9cba948)
0x00007f06e9cba928:   00 00 48 85 d2 48 89 bd b0 fe ff ff 48 89 b5 a8
0x00007f06e9cba938:   fe ff ff 4c 89 8d a0 fe ff ff 0f 84 78 09 00 00
0x00007f06e9cba948:   4c 8b 22 4d 85 e4 0f 84 6c 09 00 00 48 8b 45 10
0x00007f06e9cba958:   48 8b 98 38 01 00 00 48 83 7b 18 f7 0f 87 16 07 

Register to memory mapping:

RAX=0x00007f06801fe3c0 is pointing into the stack for thread: 0x00007f06e43dd000
RBX=0x00007f06801fe2d0 is pointing into the stack for thread: 0x00007f06e43dd000
RCX=0x0000000000000001 is an unknown value
RDX=0x666a2f6d6f634c28 is an unknown value
RSP=0x00007f06801fe120 is pointing into the stack for thread: 0x00007f06e43dd000
RBP=0x00007f06801fe2a0 is pointing into the stack for thread: 0x00007f06e43dd000
RSI=0x00007f06801fe330 is pointing into the stack for thread: 0x00007f06e43dd000
RDI=0x00007f06e43dd1f8 is an unknown value
R8 =0x00007f06e434c3d8 is an unknown value
R9 =0x00007f06801fe2d0 is pointing into the stack for thread: 0x00007f06e43dd000
R10=0x00007f0658000ae0 is an unknown value
R11=0x00007f06d54607e0 is at entry_point+32 in (nmethod*)0x00007f06d5460650
R12=0x00007f06e43dd000 is a thread
R13=0x00007f06e434c3d8 is an unknown value
R14=0x0000000000000001 is an unknown value
R15=0x00007f06e43dd1f8 is an unknown value


Stack: [0x00007f06800ff000,0x00007f0680200000],  sp=0x00007f06801fe120,  free space=1020k
Native frames: (J=compiled Java code, j=interpreted, Vv=VM code, C=native code)
V  [libjvm.so+0x6cf948]  jni_invoke_nonstatic(JNIEnv_*, JavaValue*, _jobject*, JNICallType, _jmethodID*, JNI_ArgumentPusher*, Thread*)+0x38
V  [libjvm.so+0x6d40ef]  jni_CallVoidMethodV+0x10f
C  [libglass.so+0x13e51]  JNIEnv_::CallVoidMethod(_jobject*, _jmethodID*, ...)+0x81
C  [libglass.so+0x1545f]  WindowContextBase::process_key(_GdkEventKey*)+0x20f
C  [libglass.so+0x19540]  WindowContextBase::im_filter_keypress(_GdkEventKey*)+0x1c0
C  [libglass.so+0x1c7cc]  process_events(_GdkEvent*, void*)+0x22c
C  [libgdk-x11-2.0.so.0+0x5acdc]

Java frames: (J=compiled Java code, j=interpreted, Vv=VM code)
j  com.sun.glass.ui.gtk.GtkApplication._runLoop(Ljava/lang/Runnable;Z)V+0
j  com.sun.glass.ui.gtk.GtkApplication.lambda$null$49(Ljava/lang/Runnable;Z)V+7
j  com.sun.glass.ui.gtk.GtkApplication$$Lambda$41.run()V+12
j  java.lang.Thread.run()V+11
v  ~StubRoutines::call_stub

---------------  P R O C E S S  ---------------

Java Threads: ( => current thread )
  0x00007f06584e3800 JavaThread "AWT-EventQueue-0" [_thread_blocked, id=19644, stack(0x00007f0647b7e000,0x00007f0647c7f000)]
  0x00007f06584e0800 JavaThread "AWT-Shutdown" [_thread_blocked, id=19643, stack(0x00007f0647c7f000,0x00007f0647d80000)]
  0x00007f0658466000 JavaThread "Image Fetcher 0" daemon [_thread_blocked, id=19642, stack(0x00007f066c46e000,0x00007f066c56f000)]
  0x00007f065844d000 JavaThread "AWT-XAWT" daemon [_thread_in_native, id=19641, stack(0x00007f066c56f000,0x00007f066c670000)]
  0x00007f06581ab000 JavaThread "Java2D Disposer" daemon [_thread_blocked, id=19640, stack(0x00007f066c670000,0x00007f066c771000)]
  0x00007f0658413800 JavaThread "Prism Font Disposer" daemon [_thread_blocked, id=19637, stack(0x00007f066dda5000,0x00007f066dea6000)]
  0x00007f065820e800 JavaThread "Abandoned connection cleanup thread" daemon [_thread_blocked, id=19636, stack(0x00007f067409d000,0x00007f067419e000)]
  0x00007f06e43e0800 JavaThread "JavaFX-Launcher" [_thread_blocked, id=19635, stack(0x00007f067419e000,0x00007f067429f000)]
=>0x00007f06e43dd000 JavaThread "JavaFX Application Thread" [_thread_in_vm, id=19634, stack(0x00007f06800ff000,0x00007f0680200000)]
  0x00007f06e43d9000 JavaThread "Thread-1" daemon [_thread_blocked, id=19633, stack(0x00007f06b805f000,0x00007f06b8160000)]
  0x00007f06e4334000 JavaThread "QuantumRenderer-0" daemon [_thread_blocked, id=19629, stack(0x00007f06b89b8000,0x00007f06b8ab9000)]
  0x00007f06e4222000 JavaThread "Service Thread" daemon [_thread_blocked, id=19627, stack(0x00007f06b8c4f000,0x00007f06b8d50000)]
  0x00007f06e420f000 JavaThread "C1 CompilerThread3" daemon [_thread_blocked, id=19626, stack(0x00007f06b8d50000,0x00007f06b8e51000)]
  0x00007f06e420d000 JavaThread "C2 CompilerThread2" daemon [_thread_in_native, id=19625, stack(0x00007f06b8e51000,0x00007f06b8f52000)]
  0x00007f06e420b800 JavaThread "C2 CompilerThread1" daemon [_thread_in_native, id=19624, stack(0x00007f06b8f52000,0x00007f06b9053000)]
  0x00007f06e4208800 JavaThread "C2 CompilerThread0" daemon [_thread_in_native, id=19623, stack(0x00007f06b9053000,0x00007f06b9154000)]
  0x00007f06e4207000 JavaThread "Signal Dispatcher" daemon [_thread_blocked, id=19622, stack(0x00007f06b9154000,0x00007f06b9255000)]
  0x00007f06e41d3000 JavaThread "Finalizer" daemon [_thread_blocked, id=19621, stack(0x00007f06b952e000,0x00007f06b962f000)]
  0x00007f06e41ce800 JavaThread "Reference Handler" daemon [_thread_blocked, id=19620, stack(0x00007f06b962f000,0x00007f06b9730000)]
  0x00007f06e400a000 JavaThread "main" [_thread_blocked, id=19609, stack(0x00007f06eb0c4000,0x00007f06eb1c5000)]

Other Threads:
  0x00007f06e41c7000 VMThread [stack: 0x00007f06b9730000,0x00007f06b9831000] [id=19619]
  0x00007f06e4225000 WatcherThread [stack: 0x00007f06b8b4e000,0x00007f06b8c4f000] [id=19628]

VM state:not at safepoint (normal execution)

VM Mutex/Monitor currently owned by a thread: None

Heap:
 PSYoungGen      total 36864K, used 19834K [0x00000000d6d80000, 0x00000000d9680000, 0x0000000100000000)
  eden space 31744K, 62% used [0x00000000d6d80000,0x00000000d80deac0,0x00000000d8c80000)
  from space 5120K, 0% used [0x00000000d9180000,0x00000000d9180000,0x00000000d9680000)
  to   space 5120K, 0% used [0x00000000d8c80000,0x00000000d8c80000,0x00000000d9180000)
 ParOldGen       total 50176K, used 11902K [0x0000000084800000, 0x0000000087900000, 0x00000000d6d80000)
  object space 50176K, 23% used [0x0000000084800000,0x000000008539f8f8,0x0000000087900000)
 Metaspace       used 27747K, capacity 28718K, committed 28800K, reserved 1075200K
  class space    used 3744K, capacity 3955K, committed 3968K, reserved 1048576K

Card table byte_map: [0x00007f06d4863000,0x00007f06d4c40000] byte_map_base: 0x00007f06d443f000

Marking Bits: (ParMarkBitMap*) 0x00007f06ea5a1d60
 Begin Bits: [0x00007f06d020a000, 0x00007f06d20ea000)
 End Bits:   [0x00007f06d20ea000, 0x00007f06d3fca000)

Polling page: 0x00007f06eb1ed000

CodeCache: size=245760Kb used=9180Kb max_used=9180Kb free=236579Kb
 bounds [0x00007f06d5000000, 0x00007f06d5900000, 0x00007f06e4000000]
 total_blobs=3889 nmethods=2993 adapters=809
 compilation: enabled

Compilation events (10 events):
Event: 8.561 Thread 0x00007f06e420f000 nmethod 3014 0x00007f06d58f5150 code [0x00007f06d58f5320, 0x00007f06d58f5dd8]
Event: 8.561 Thread 0x00007f06e420f000 3018   !   3       java.util.Collections$SynchronizedMap::get (25 bytes)
Event: 8.561 Thread 0x00007f06e420f000 nmethod 3018 0x00007f06d58f6090 code [0x00007f06d58f6200, 0x00007f06d58f65a8]
Event: 8.561 Thread 0x00007f06e420f000 3016       3       javafx.collections.ListChangeListener$Change::wasPermutated (14 bytes)
Event: 8.561 Thread 0x00007f06e420f000 nmethod 3016 0x00007f06d58f6710 code [0x00007f06d58f6880, 0x00007f06d58f6ae8]
Event: 8.561 Thread 0x00007f06e420f000 3027       3       com.sun.javafx.text.TextRun::getWidth (93 bytes)
Event: 8.561 Thread 0x00007f06e420f000 nmethod 3027 0x00007f06d58f6b90 code [0x00007f06d58f6d40, 0x00007f06d58f70b0]
Event: 8.561 Thread 0x00007f06e420f000 3017       3       javafx.collections.ListChangeBuilder$SingleChange::getPermutation (12 bytes)
Event: 8.562 Thread 0x00007f06e420f000 nmethod 3017 0x00007f06d58f7250 code [0x00007f06d58f73e0, 0x00007f06d58f76a8]
Event: 8.562 Thread 0x00007f06e420f000 3015       3       javafx.beans.property.IntegerPropertyBase::set (110 bytes)

GC Heap History (6 events):
Event: 0.762 GC heap before
{Heap before GC invocations=1 (full 0):
 PSYoungGen      total 36864K, used 31744K [0x00000000d6d80000, 0x00000000d9680000, 0x0000000100000000)
  eden space 31744K, 100% used [0x00000000d6d80000,0x00000000d8c80000,0x00000000d8c80000)
  from space 5120K, 0% used [0x00000000d9180000,0x00000000d9180000,0x00000000d9680000)
  to   space 5120K, 0% used [0x00000000d8c80000,0x00000000d8c80000,0x00000000d9180000)
 ParOldGen       total 84992K, used 0K [0x0000000084800000, 0x0000000089b00000, 0x00000000d6d80000)
  object space 84992K, 0% used [0x0000000084800000,0x0000000084800000,0x0000000089b00000)
 Metaspace       used 15251K, capacity 15704K, committed 16000K, reserved 1062912K
  class space    used 1960K, capacity 2102K, committed 2176K, reserved 1048576K
Event: 0.769 GC heap after
Heap after GC invocations=1 (full 0):
 PSYoungGen      total 36864K, used 5088K [0x00000000d6d80000, 0x00000000d9680000, 0x0000000100000000)
  eden space 31744K, 0% used [0x00000000d6d80000,0x00000000d6d80000,0x00000000d8c80000)
  from space 5120K, 99% used [0x00000000d8c80000,0x00000000d9178090,0x00000000d9180000)
  to   space 5120K, 0% used [0x00000000d9180000,0x00000000d9180000,0x00000000d9680000)
 ParOldGen       total 84992K, used 5327K [0x0000000084800000, 0x0000000089b00000, 0x00000000d6d80000)
  object space 84992K, 6% used [0x0000000084800000,0x0000000084d33d28,0x0000000089b00000)
 Metaspace       used 15251K, capacity 15704K, committed 16000K, reserved 1062912K
  class space    used 1960K, capacity 2102K, committed 2176K, reserved 1048576K
}
Event: 6.933 GC heap before
{Heap before GC invocations=2 (full 0):
 PSYoungGen      total 36864K, used 18409K [0x00000000d6d80000, 0x00000000d9680000, 0x0000000100000000)
  eden space 31744K, 41% used [0x00000000d6d80000,0x00000000d7a826e0,0x00000000d8c80000)
  from space 5120K, 99% used [0x00000000d8c80000,0x00000000d9178090,0x00000000d9180000)
  to   space 5120K, 0% used [0x00000000d9180000,0x00000000d9180000,0x00000000d9680000)
 ParOldGen       total 84992K, used 5327K [0x0000000084800000, 0x0000000089b00000, 0x00000000d6d80000)
  object space 84992K, 6% used [0x0000000084800000,0x0000000084d33d28,0x0000000089b00000)
 Metaspace       used 20552K, capacity 21248K, committed 21296K, reserved 1067008K
  class space    used 2754K, capacity 2930K, committed 2944K, reserved 1048576K
Event: 6.939 GC heap after
Heap after GC invocations=2 (full 0):
 PSYoungGen      total 36864K, used 5088K [0x00000000d6d80000, 0x00000000d9680000, 0x0000000100000000)
  eden space 31744K, 0% used [0x00000000d6d80000,0x00000000d6d80000,0x00000000d8c80000)
  from space 5120K, 99% used [0x00000000d9180000,0x00000000d9678070,0x00000000d9680000)
  to   space 5120K, 0% used [0x00000000d8c80000,0x00000000d8c80000,0x00000000d9180000)
 ParOldGen       total 84992K, used 7891K [0x0000000084800000, 0x0000000089b00000, 0x00000000d6d80000)
  object space 84992K, 9% used [0x0000000084800000,0x0000000084fb4d30,0x0000000089b00000)
 Metaspace       used 20552K, capacity 21248K, committed 21296K, reserved 1067008K
  class space    used 2754K, capacity 2930K, committed 2944K, reserved 1048576K
}
Event: 6.939 GC heap before
{Heap before GC invocations=3 (full 1):
 PSYoungGen      total 36864K, used 5088K [0x00000000d6d80000, 0x00000000d9680000, 0x0000000100000000)
  eden space 31744K, 0% used [0x00000000d6d80000,0x00000000d6d80000,0x00000000d8c80000)
  from space 5120K, 99% used [0x00000000d9180000,0x00000000d9678070,0x00000000d9680000)
  to   space 5120K, 0% used [0x00000000d8c80000,0x00000000d8c80000,0x00000000d9180000)
 ParOldGen       total 84992K, used 7891K [0x0000000084800000, 0x0000000089b00000, 0x00000000d6d80000)
  object space 84992K, 9% used [0x0000000084800000,0x0000000084fb4d30,0x0000000089b00000)
 Metaspace       used 20552K, capacity 21248K, committed 21296K, reserved 1067008K
  class space    used 2754K, capacity 2930K, committed 2944K, reserved 1048576K
Event: 6.968 GC heap after
Heap after GC invocations=3 (full 1):
 PSYoungGen      total 36864K, used 0K [0x00000000d6d80000, 0x00000000d9680000, 0x0000000100000000)
  eden space 31744K, 0% used [0x00000000d6d80000,0x00000000d6d80000,0x00000000d8c80000)
  from space 5120K, 0% used [0x00000000d9180000,0x00000000d9180000,0x00000000d9680000)
  to   space 5120K, 0% used [0x00000000d8c80000,0x00000000d8c80000,0x00000000d9180000)
 ParOldGen       total 50176K, used 11902K [0x0000000084800000, 0x0000000087900000, 0x00000000d6d80000)
  object space 50176K, 23% used [0x0000000084800000,0x000000008539f8f8,0x0000000087900000)
 Metaspace       used 20552K, capacity 21248K, committed 21296K, reserved 1067008K
  class space    used 2754K, capacity 2930K, committed 2944K, reserved 1048576K
}

Deoptimization events (10 events):
Event: 8.303 Thread 0x00007f06e43dd000 Uncommon trap: reason=unstable_if action=reinterpret pc=0x00007f06d54fb774 method=java.lang.StrictMath.floorOrCeil(DDDD)D @ 38
Event: 8.421 Thread 0x00007f06e43dd000 Uncommon trap: reason=array_check action=maybe_recompile pc=0x00007f06d58110c0 method=com.sun.javafx.css.SimpleSelector.applies(Ljavafx/css/Styleable;[Ljava/util/Set;I)Z @ 37
Event: 8.421 Thread 0x00007f06e43dd000 Uncommon trap: reason=array_check action=maybe_recompile pc=0x00007f06d58110c0 method=com.sun.javafx.css.SimpleSelector.applies(Ljavafx/css/Styleable;[Ljava/util/Set;I)Z @ 37
Event: 8.422 Thread 0x00007f06e43dd000 Uncommon trap: reason=array_check action=maybe_recompile pc=0x00007f06d58110c0 method=com.sun.javafx.css.SimpleSelector.applies(Ljavafx/css/Styleable;[Ljava/util/Set;I)Z @ 37
Event: 8.422 Thread 0x00007f06e43dd000 Uncommon trap: reason=array_check action=maybe_recompile pc=0x00007f06d58110c0 method=com.sun.javafx.css.SimpleSelector.applies(Ljavafx/css/Styleable;[Ljava/util/Set;I)Z @ 37
Event: 8.517 Thread 0x00007f06e43dd000 Uncommon trap: reason=array_check action=maybe_recompile pc=0x00007f06d58ab96c method=com.sun.javafx.css.CompoundSelector.applies(Ljavafx/css/Styleable;[Ljava/util/Set;I)Z @ 128
Event: 8.519 Thread 0x00007f06e43dd000 Uncommon trap: reason=array_check action=maybe_recompile pc=0x00007f06d58ab96c method=com.sun.javafx.css.CompoundSelector.applies(Ljavafx/css/Styleable;[Ljava/util/Set;I)Z @ 128
Event: 8.533 Thread 0x00007f06e43dd000 Uncommon trap: reason=array_check action=maybe_recompile pc=0x00007f06d58ab96c method=com.sun.javafx.css.CompoundSelector.applies(Ljavafx/css/Styleable;[Ljava/util/Set;I)Z @ 128
Event: 8.533 Thread 0x00007f06e43dd000 Uncommon trap: reason=array_check action=maybe_recompile pc=0x00007f06d58ab96c method=com.sun.javafx.css.CompoundSelector.applies(Ljavafx/css/Styleable;[Ljava/util/Set;I)Z @ 128
Event: 8.552 Thread 0x00007f06e43dd000 Uncommon trap: reason=unstable_if action=reinterpret pc=0x00007f06d552521c method=java.lang.Math.round(D)J @ 48

Internal exceptions (10 events):
Event: 0.516 Thread 0x00007f06e43dd000 Implicit null exception at 0x00007f06d527a735 to 0x00007f06d527aa91
Event: 0.736 Thread 0x00007f06e43dd000 Implicit null exception at 0x00007f06d530afb5 to 0x00007f06d530b1dd
Event: 0.736 Thread 0x00007f06e43dd000 Implicit null exception at 0x00007f06d5310658 to 0x00007f06d53106e6
Event: 0.740 Thread 0x00007f06e43dd000 Implicit null exception at 0x00007f06d52dc1ef to 0x00007f06d52dc259
Event: 6.926 Thread 0x00007f06e43dd000 Exception <a 'java/io/FileNotFoundException'> (0x00000000d7a2eb08) thrown at [/HUDSON/workspace/8-2-build-linux-amd64/jdk8u91/6644/hotspot/src/share/vm/prims/jni.cpp, line 709]
Event: 6.926 Thread 0x00007f06e43dd000 Exception <a 'java/io/FileNotFoundException'> (0x00000000d7a2f8a0) thrown at [/HUDSON/workspace/8-2-build-linux-amd64/jdk8u91/6644/hotspot/src/share/vm/prims/jni.cpp, line 709]
Event: 7.153 Thread 0x00007f06584e3800 Exception <a 'java/lang/UnsupportedOperationException': > (0x00000000d6fdaf00) thrown at [/HUDSON/workspace/8-2-build-linux-amd64/jdk8u91/6644/hotspot/src/share/vm/prims/jni.cpp, line 735]
Event: 8.209 Thread 0x00007f06e43dd000 Exception <a 'java/lang/ArrayIndexOutOfBoundsException'> (0x00000000d70ea250) thrown at [/HUDSON/workspace/8-2-build-linux-amd64/jdk8u91/6644/hotspot/src/share/vm/runtime/sharedRuntime.cpp, line 605]
Event: 8.209 Thread 0x00007f06e43dd000 Exception <a 'java/lang/ArrayIndexOutOfBoundsException'> (0x00000000d70ec460) thrown at [/HUDSON/workspace/8-2-build-linux-amd64/jdk8u91/6644/hotspot/src/share/vm/runtime/sharedRuntime.cpp, line 605]
Event: 8.284 Thread 0x00007f06e43dd000 Exception <a 'java/lang/ArrayIndexOutOfBoundsException': 65> (0x00000000d7462ee8) thrown at [/HUDSON/workspace/8-2-build-linux-amd64/jdk8u91/6644/hotspot/src/share/vm/interpreter/interpreterRuntime.cpp, line 366]

Events (10 events):
Event: 8.533 Thread 0x00007f06e43dd000 DEOPT UNPACKING pc=0x00007f06d5005229 sp=0x00007f06801fa010 mode 2
Event: 8.551 loading class com/jfoenix/skins/JFXRadioButtonSkin$1
Event: 8.551 loading class com/jfoenix/skins/JFXRadioButtonSkin$1 done
Event: 8.552 Thread 0x00007f06e43dd000 Uncommon trap: trap_request=0xffffff65 fr.pc=0x00007f06d552521c
Event: 8.552 Thread 0x00007f06e43dd000 DEOPT PACKING pc=0x00007f06d552521c sp=0x00007f06801fa730
Event: 8.552 Thread 0x00007f06e43dd000 DEOPT UNPACKING pc=0x00007f06d5005229 sp=0x00007f06801fa6a8 mode 2
Event: 8.555 loading class com/sun/javafx/font/PrismFontUtils
Event: 8.555 loading class com/sun/javafx/font/PrismFontUtils done
Event: 8.556 loading class com/sun/javafx/tk/FontMetrics
Event: 8.556 loading class com/sun/javafx/tk/FontMetrics done


Dynamic libraries:
00400000-00401000 r-xp 00000000 08:0f 1573679                            /usr/lib/jvm/oracle_jdk8/jre/bin/java
00600000-00601000 rw-p 00000000 08:0f 1573679                            /usr/lib/jvm/oracle_jdk8/jre/bin/java
021df000-02200000 rw-p 00000000 00:00 0                                  [heap]
84800000-87900000 rw-p 00000000 00:00 0 
87900000-d6d80000 ---p 00000000 00:00 0 
d6d80000-d9680000 rw-p 00000000 00:00 0 
d9680000-100000000 ---p 00000000 00:00 0 
100000000-1003e0000 rw-p 00000000 00:00 0 
1003e0000-140000000 ---p 00000000 00:00 0 
7f0634000000-7f0634021000 rw-p 00000000 00:00 0 
7f0634021000-7f0638000000 ---p 00000000 00:00 0 
7f063c000000-7f063c021000 rw-p 00000000 00:00 0 
7f063c021000-7f0640000000 ---p 00000000 00:00 0 
7f0640000000-7f0640021000 rw-p 00000000 00:00 0 
7f0640021000-7f0644000000 ---p 00000000 00:00 0 
7f064777e000-7f06477be000 rw-p 00000000 00:00 0 
7f06477be000-7f064797e000 ---p 00000000 00:00 0 
7f064797e000-7f0647b7e000 rw-p 00000000 00:00 0 
7f0647b7e000-7f0647b81000 ---p 00000000 00:00 0 
7f0647b81000-7f0647c7f000 rw-p 00000000 00:00 0 
7f0647c7f000-7f0647c82000 ---p 00000000 00:00 0 
7f0647c82000-7f0647d80000 rw-p 00000000 00:00 0 
7f0647d80000-7f0647de9000 r-xp 00000000 08:0f 1587707                    /usr/lib/jvm/oracle_jdk8/jre/lib/amd64/libt2k.so
7f0647de9000-7f0647fe9000 ---p 00069000 08:0f 1587707                    /usr/lib/jvm/oracle_jdk8/jre/lib/amd64/libt2k.so
7f0647fe9000-7f0647ff0000 rw-p 00069000 08:0f 1587707                    /usr/lib/jvm/oracle_jdk8/jre/lib/amd64/libt2k.so
7f0647ff0000-7f0648000000 rw-p 00000000 00:00 0 
7f0648000000-7f0648021000 rw-p 00000000 00:00 0 
7f0648021000-7f064c000000 ---p 00000000 00:00 0 
7f064c000000-7f064c024000 rw-p 00000000 00:00 0 
7f064c024000-7f0650000000 ---p 00000000 00:00 0 
7f0650000000-7f0650021000 rw-p 00000000 00:00 0 
7f0650021000-7f0654000000 ---p 00000000 00:00 0 
7f0654000000-7f0654021000 rw-p 00000000 00:00 0 
7f0654021000-7f0658000000 ---p 00000000 00:00 0 
7f0658000000-7f0658910000 rw-p 00000000 00:00 0 
7f0658910000-7f065c000000 ---p 00000000 00:00 0 
7f065c000000-7f065c021000 rw-p 00000000 00:00 0 
7f065c021000-7f0660000000 ---p 00000000 00:00 0 
7f0660000000-7f0660022000 rw-p 00000000 00:00 0 
7f0660022000-7f0664000000 ---p 00000000 00:00 0 
7f0664000000-7f0664021000 rw-p 00000000 00:00 0 
7f0664021000-7f0668000000 ---p 00000000 00:00 0 
7f0668000000-7f0668021000 rw-p 00000000 00:00 0 
7f0668021000-7f066c000000 ---p 00000000 00:00 0 
7f066c05d000-7f066c06e000 r-xp 00000000 08:0f 1587741                    /usr/lib/jvm/oracle_jdk8/jre/lib/amd64/libnio.so
7f066c06e000-7f066c26d000 ---p 00011000 08:0f 1587741                    /usr/lib/jvm/oracle_jdk8/jre/lib/amd64/libnio.so
7f066c26d000-7f066c26e000 rw-p 00010000 08:0f 1587741                    /usr/lib/jvm/oracle_jdk8/jre/lib/amd64/libnio.so
7f066c26e000-7f066c46e000 rw-p 00000000 00:00 0 
7f066c46e000-7f066c471000 ---p 00000000 00:00 0 
7f066c471000-7f066c56f000 rw-p 00000000 00:00 0 
7f066c56f000-7f066c572000 ---p 00000000 00:00 0 
7f066c572000-7f066c670000 rw-p 00000000 00:00 0 
7f066c670000-7f066c673000 ---p 00000000 00:00 0 
7f066c673000-7f066c771000 rw-p 00000000 00:00 0 
7f066c771000-7f066c7d6000 r-xp 00000000 08:0f 1587720                    /usr/lib/jvm/oracle_jdk8/jre/lib/amd64/libfontmanager.so
7f066c7d6000-7f066c9d5000 ---p 00065000 08:0f 1587720                    /usr/lib/jvm/oracle_jdk8/jre/lib/amd64/libfontmanager.so
7f066c9d5000-7f066c9da000 rw-p 00064000 08:0f 1587720                    /usr/lib/jvm/oracle_jdk8/jre/lib/amd64/libfontmanager.so
7f066c9da000-7f066cbea000 rw-p 00000000 00:00 0 
7f066cbea000-7f066cc3e000 r-xp 00000000 08:0f 1587745                    /usr/lib/jvm/oracle_jdk8/jre/lib/amd64/libawt_xawt.so
7f066cc3e000-7f066ce3e000 ---p 00054000 08:0f 1587745                    /usr/lib/jvm/oracle_jdk8/jre/lib/amd64/libawt_xawt.so
7f066ce3e000-7f066ce42000 rw-p 00054000 08:0f 1587745                    /usr/lib/jvm/oracle_jdk8/jre/lib/amd64/libawt_xawt.so
7f066ce42000-7f066ce43000 rw-p 00000000 00:00 0 
7f066ce43000-7f066cee5000 r-xp 00000000 08:0f 1587731                    /usr/lib/jvm/oracle_jdk8/jre/lib/amd64/libawt.so
7f066cee5000-7f066d0e5000 ---p 000a2000 08:0f 1587731                    /usr/lib/jvm/oracle_jdk8/jre/lib/amd64/libawt.so
7f066d0e5000-7f066d0f1000 rw-p 000a2000 08:0f 1587731                    /usr/lib/jvm/oracle_jdk8/jre/lib/amd64/libawt.so
7f066d0f1000-7f066d115000 rw-p 00000000 00:00 0 
7f066d115000-7f066d131000 rw-s 00000000 00:05 1232608                    /drm mm object (deleted)
7f066d131000-7f066d2f1000 rw-s 107ba6000 00:06 349                       /dev/dri/card0
7f066d2f1000-7f066d8f1000 rw-s 00000000 00:05 1227636                    /drm mm object (deleted)
7f066d8f1000-7f066dab1000 rw-s 00000000 00:05 1227631                    /drm mm object (deleted)
7f066dab1000-7f066dac1000 rw-s 00000000 00:05 1227635                    /drm mm object (deleted)
7f066dac1000-7f066dac9000 rw-s 00000000 00:05 1227634                    /drm mm object (deleted)
7f066dac9000-7f066dad9000 rw-s 00000000 00:05 1227633                    /drm mm object (deleted)
7f066dad9000-7f066dae5000 rw-s 00000000 00:05 1227604                    /drm mm object (deleted)
7f066dae5000-7f066dce5000 rw-p 00000000 00:00 0 
7f066dce5000-7f066dcf8000 r--s 00344000 08:0f 1587685                    /usr/lib/jvm/oracle_jdk8/jre/lib/resources.jar
7f066dcf8000-7f066dda5000 r--p 00000000 08:0f 2225679                    /usr/share/fonts/truetype/dejavu/DejaVuSans-Bold.ttf
7f066dda5000-7f066dda8000 ---p 00000000 00:00 0 
7f066dda8000-7f066dea6000 rw-p 00000000 00:00 0 
7f066dea6000-7f066df5f000 r--p 00000000 08:0f 2225680                    /usr/share/fonts/truetype/dejavu/DejaVuSans.ttf
7f066df5f000-7f066df72000 r--p 00000000 08:0f 1713188                    /usr/lib/jvm/oracle_jdk8/jre/lib/fonts/LucidaBrightDemiItalic.ttf
7f066df72000-7f066df86000 r--p 00000000 08:0f 1713183                    /usr/lib/jvm/oracle_jdk8/jre/lib/fonts/LucidaBrightItalic.ttf
7f066df86000-7f066dfdb000 r--p 00000000 08:0f 1713185                    /usr/lib/jvm/oracle_jdk8/jre/lib/fonts/LucidaBrightRegular.ttf
7f066dfdb000-7f066dfdf000 r-xp 00000000 08:0f 1587696                    /usr/lib/jvm/oracle_jdk8/jre/lib/amd64/libjavafx_font_pango.so
7f066dfdf000-7f066e1de000 ---p 00004000 08:0f 1587696                    /usr/lib/jvm/oracle_jdk8/jre/lib/amd64/libjavafx_font_pango.so
7f066e1de000-7f066e1df000 rw-p 00003000 08:0f 1587696                    /usr/lib/jvm/oracle_jdk8/jre/lib/amd64/libjavafx_font_pango.so
7f066e1df000-7f066e3df000 rw-p 00000000 00:00 0 
7f066e3df000-7f066e5df000 rw-p 00000000 00:00 0 
7f066e5df000-7f066e5f5000 r-xp 00000000 08:0f 1587738                    /usr/lib/jvm/oracle_jdk8/jre/lib/amd64/libnet.so
7f066e5f5000-7f066e7f5000 ---p 00016000 08:0f 1587738                    /usr/lib/jvm/oracle_jdk8/jre/lib/amd64/libnet.so
7f066e7f5000-7f066e7f6000 rw-p 00016000 08:0f 1587738                    /usr/lib/jvm/oracle_jdk8/jre/lib/amd64/libnet.so
7f066e7f6000-7f066e9f6000 rw-p 00000000 00:00 0 
7f066e9f6000-7f066e9fb000 r-xp 00000000 08:0f 1587699                    /usr/lib/jvm/oracle_jdk8/jre/lib/amd64/libjavafx_font_freetype.so
7f066e9fb000-7f066ebfa000 ---p 00005000 08:0f 1587699                    /usr/lib/jvm/oracle_jdk8/jre/lib/amd64/libjavafx_font_freetype.so
7f066ebfa000-7f066ebfb000 rw-p 00004000 08:0f 1587699                    /usr/lib/jvm/oracle_jdk8/jre/lib/amd64/libjavafx_font_freetype.so
7f066ebfb000-7f066ebfe000 r-xp 00000000 08:0f 1587739                    /usr/lib/jvm/oracle_jdk8/jre/lib/amd64/libjavafx_font.so
7f066ebfe000-7f066edfd000 ---p 00003000 08:0f 1587739                    /usr/lib/jvm/oracle_jdk8/jre/lib/amd64/libjavafx_font.so
7f066edfd000-7f066edfe000 rw-p 00002000 08:0f 1587739                    /usr/lib/jvm/oracle_jdk8/jre/lib/amd64/libjavafx_font.so
7f066edfe000-7f066effe000 rw-p 00000000 00:00 0 
7f066effe000-7f066efff000 ---p 00000000 00:00 0 
7f066efff000-7f066f7ff000 rw-p 00000000 00:00 0 
7f066f7ff000-7f066f800000 ---p 00000000 00:00 0 
7f066f800000-7f0670000000 rw-p 00000000 00:00 0 
7f0670000000-7f0670021000 rw-p 00000000 00:00 0 
7f0670021000-7f0674000000 ---p 00000000 00:00 0 
7f0674002000-7f067403c000 r--p 00000000 08:0f 1713190                    /usr/lib/jvm/oracle_jdk8/jre/lib/fonts/LucidaTypewriterBold.ttf
7f067403c000-7f067408a000 r--p 00000000 08:0f 1713186                    /usr/lib/jvm/oracle_jdk8/jre/lib/fonts/LucidaSansDemiBold.ttf
7f067408a000-7f067409d000 r--p 00000000 08:0f 1713191                    /usr/lib/jvm/oracle_jdk8/jre/lib/fonts/LucidaBrightDemiBold.ttf
7f067409d000-7f06740a0000 ---p 00000000 00:00 0 
7f06740a0000-7f067419e000 rw-p 00000000 00:00 0 
7f067419e000-7f06741a1000 ---p 00000000 00:00 0 
7f06741a1000-7f067429f000 rw-p 00000000 00:00 0 
7f067429f000-7f06742a0000 ---p 00000000 00:00 0 
7f06742a0000-7f0674aa0000 rw-p 00000000 00:00 0 
7f0674aa0000-7f0674aac000 r-xp 00000000 08:0f 1572888                    /usr/lib/x86_64-linux-gnu/gio/modules/libdconfsettings.so
7f0674aac000-7f0674cab000 ---p 0000c000 08:0f 1572888                    /usr/lib/x86_64-linux-gnu/gio/modules/libdconfsettings.so
7f0674cab000-7f0674cac000 r--p 0000b000 08:0f 1572888                    /usr/lib/x86_64-linux-gnu/gio/modules/libdconfsettings.so
7f0674cac000-7f0674cad000 rw-p 0000c000 08:0f 1572888                    /usr/lib/x86_64-linux-gnu/gio/modules/libdconfsettings.so
7f0674cad000-7f0674cb4000 r-xp 00000000 08:0f 1318849                    /usr/lib/x86_64-linux-gnu/libogg.so.0.8.2
7f0674cb4000-7f0674eb4000 ---p 00007000 08:0f 1318849                    /usr/lib/x86_64-linux-gnu/libogg.so.0.8.2
7f0674eb4000-7f0674eb5000 r--p 00007000 08:0f 1318849                    /usr/lib/x86_64-linux-gnu/libogg.so.0.8.2
7f0674eb5000-7f0674eb6000 rw-p 00008000 08:0f 1318849                    /usr/lib/x86_64-linux-gnu/libogg.so.0.8.2
7f0674eb6000-7f0674ee0000 r-xp 00000000 08:0f 1319282                    /usr/lib/x86_64-linux-gnu/libvorbis.so.0.4.8
7f0674ee0000-7f06750e0000 ---p 0002a000 08:0f 1319282                    /usr/lib/x86_64-linux-gnu/libvorbis.so.0.4.8
7f06750e0000-7f06750e1000 r--p 0002a000 08:0f 1319282                    /usr/lib/x86_64-linux-gnu/libvorbis.so.0.4.8
7f06750e1000-7f06750e2000 rw-p 0002b000 08:0f 1319282                    /usr/lib/x86_64-linux-gnu/libvorbis.so.0.4.8
7f06750e2000-7f06750ea000 r-xp 00000000 08:0f 1318693                    /usr/lib/x86_64-linux-gnu/libltdl.so.7.3.1
7f06750ea000-7f06752ea000 ---p 00008000 08:0f 1318693                    /usr/lib/x86_64-linux-gnu/libltdl.so.7.3.1
7f06752ea000-7f06752eb000 r--p 00008000 08:0f 1318693                    /usr/lib/x86_64-linux-gnu/libltdl.so.7.3.1
7f06752eb000-7f06752ec000 rw-p 00009000 08:0f 1318693                    /usr/lib/x86_64-linux-gnu/libltdl.so.7.3.1
7f06752ec000-7f0675300000 r-xp 00000000 08:0f 1319115                    /usr/lib/x86_64-linux-gnu/libtdb.so.1.3.9
7f0675300000-7f06754ff000 ---p 00014000 08:0f 1319115                    /usr/lib/x86_64-linux-gnu/libtdb.so.1.3.9
7f06754ff000-7f0675500000 r--p 00013000 08:0f 1319115                    /usr/lib/x86_64-linux-gnu/libtdb.so.1.3.9
7f0675500000-7f0675501000 rw-p 00014000 08:0f 1319115                    /usr/lib/x86_64-linux-gnu/libtdb.so.1.3.9
7f0675501000-7f0675508000 r-xp 00000000 08:0f 1319286                    /usr/lib/x86_64-linux-gnu/libvorbisfile.so.3.3.7
7f0675508000-7f0675708000 ---p 00007000 08:0f 1319286                    /usr/lib/x86_64-linux-gnu/libvorbisfile.so.3.3.7
7f0675708000-7f0675709000 r--p 00007000 08:0f 1319286                    /usr/lib/x86_64-linux-gnu/libvorbisfile.so.3.3.7
7f0675709000-7f067570a000 rw-p 00008000 08:0f 1319286                    /usr/lib/x86_64-linux-gnu/libvorbisfile.so.3.3.7
7f067570a000-7f067571a000 r-xp 00000000 08:0f 1318049                    /usr/lib/x86_64-linux-gnu/libcanberra.so.0.2.5
7f067571a000-7f067591a000 ---p 00010000 08:0f 1318049                    /usr/lib/x86_64-linux-gnu/libcanberra.so.0.2.5
7f067591a000-7f067591b000 r--p 00010000 08:0f 1318049                    /usr/lib/x86_64-linux-gnu/libcanberra.so.0.2.5
7f067591b000-7f067591c000 rw-p 00011000 08:0f 1318049                    /usr/lib/x86_64-linux-gnu/libcanberra.so.0.2.5
7f067591c000-7f0675920000 r-xp 00000000 08:0f 1318045                    /usr/lib/x86_64-linux-gnu/libcanberra-gtk.so.0.1.9
7f0675920000-7f0675b1f000 ---p 00004000 08:0f 1318045                    /usr/lib/x86_64-linux-gnu/libcanberra-gtk.so.0.1.9
7f0675b1f000-7f0675b20000 r--p 00003000 08:0f 1318045                    /usr/lib/x86_64-linux-gnu/libcanberra-gtk.so.0.1.9
7f0675b20000-7f0675b21000 rw-p 00004000 08:0f 1318045                    /usr/lib/x86_64-linux-gnu/libcanberra-gtk.so.0.1.9
7f0675b21000-7f0675b26000 r-xp 00000000 08:0f 1573095                    /usr/lib/x86_64-linux-gnu/gtk-2.0/modules/libcanberra-gtk-module.so
7f0675b26000-7f0675d25000 ---p 00005000 08:0f 1573095                    /usr/lib/x86_64-linux-gnu/gtk-2.0/modules/libcanberra-gtk-module.so
7f0675d25000-7f0675d26000 r--p 00004000 08:0f 1573095                    /usr/lib/x86_64-linux-gnu/gtk-2.0/modules/libcanberra-gtk-module.so
7f0675d26000-7f0675d27000 rw-p 00005000 08:0f 1573095                    /usr/lib/x86_64-linux-gnu/gtk-2.0/modules/libcanberra-gtk-module.so
7f0675d27000-7f0675d57000 r-xp 00000000 08:0f 1573077                    /usr/lib/x86_64-linux-gnu/gtk-2.0/2.10.0/engines/libmurrine.so
7f0675d57000-7f0675f57000 ---p 00030000 08:0f 1573077                    /usr/lib/x86_64-linux-gnu/gtk-2.0/2.10.0/engines/libmurrine.so
7f0675f57000-7f0675f58000 r--p 00030000 08:0f 1573077                    /usr/lib/x86_64-linux-gnu/gtk-2.0/2.10.0/engines/libmurrine.so
7f0675f58000-7f0675f59000 rw-p 00031000 08:0f 1573077                    /usr/lib/x86_64-linux-gnu/gtk-2.0/2.10.0/engines/libmurrine.so
7f0675f59000-7f0675f6a000 r-xp 00000000 08:0f 1587590                    /usr/lib/x86_64-linux-gnu/gtk-2.0/modules/liboverlay-scrollbar.so
7f0675f6a000-7f067616a000 ---p 00011000 08:0f 1587590                    /usr/lib/x86_64-linux-gnu/gtk-2.0/modules/liboverlay-scrollbar.so
7f067616a000-7f067616b000 r--p 00011000 08:0f 1587590                    /usr/lib/x86_64-linux-gnu/gtk-2.0/modules/liboverlay-scrollbar.so
7f067616b000-7f067616c000 rw-p 00012000 08:0f 1587590                    /usr/lib/x86_64-linux-gnu/gtk-2.0/modules/liboverlay-scrollbar.so
7f067616c000-7f0676195000 r-xp 00000000 08:0f 1587715                    /usr/lib/jvm/oracle_jdk8/jre/lib/amd64/libglass.so
7f0676195000-7f0676394000 ---p 00029000 08:0f 1587715                    /usr/lib/jvm/oracle_jdk8/jre/lib/amd64/libglass.so
7f0676394000-7f0676397000 rw-p 00028000 08:0f 1587715                    /usr/lib/jvm/oracle_jdk8/jre/lib/amd64/libglass.so
7f0676397000-7f06763ce000 r-xp 00000000 08:0f 1319162                    /usr/lib/x86_64-linux-gnu/libtxc_dxtn_s2tc.so.0.0.0
7f06763ce000-7f06765cd000 ---p 00037000 08:0f 1319162                    /usr/lib/x86_64-linux-gnu/libtxc_dxtn_s2tc.so.0.0.0
7f06765cd000-7f06765ce000 r--p 00036000 08:0f 1319162                    /usr/lib/x86_64-linux-gnu/libtxc_dxtn_s2tc.so.0.0.0
7f06765ce000-7f06765cf000 rw-p 00037000 08:0f 1319162                    /usr/lib/x86_64-linux-gnu/libtxc_dxtn_s2tc.so.0.0.0
7f06765cf000-7f06765d7000 r-xp 00000000 08:0f 1318896                    /usr/lib/x86_64-linux-gnu/libpciaccess.so.0.11.1
7f06765d7000-7f06767d7000 ---p 00008000 08:0f 1318896                    /usr/lib/x86_64-linux-gnu/libpciaccess.so.0.11.1
7f06767d7000-7f06767d8000 r--p 00008000 08:0f 1318896                    /usr/lib/x86_64-linux-gnu/libpciaccess.so.0.11.1
7f06767d8000-7f06767d9000 rw-p 00009000 08:0f 1318896                    /usr/lib/x86_64-linux-gnu/libpciaccess.so.0.11.1
7f06767d9000-7f06767eb000 r-xp 00000000 08:0f 528094                     /lib/x86_64-linux-gnu/libgpg-error.so.0.19.1
7f06767eb000-7f06769eb000 ---p 00012000 08:0f 528094                     /lib/x86_64-linux-gnu/libgpg-error.so.0.19.1
7f06769eb000-7f06769ec000 r--p 00012000 08:0f 528094                     /lib/x86_64-linux-gnu/libgpg-error.so.0.19.1
7f06769ec000-7f06769ed000 rw-p 00013000 08:0f 528094                     /lib/x86_64-linux-gnu/libgpg-error.so.0.19.1
7f06769ed000-7f06769f8000 r-xp 00000000 08:0f 1318198                    /usr/lib/x86_64-linux-gnu/libdrm_radeon.so.1.0.1
7f06769f8000-7f0676bf7000 ---p 0000b000 08:0f 1318198                    /usr/lib/x86_64-linux-gnu/libdrm_radeon.so.1.0.1
7f0676bf7000-7f0676bf8000 r--p 0000a000 08:0f 1318198                    /usr/lib/x86_64-linux-gnu/libdrm_radeon.so.1.0.1
7f0676bf8000-7f0676bf9000 rw-p 0000b000 08:0f 1318198                    /usr/lib/x86_64-linux-gnu/libdrm_radeon.so.1.0.1
7f0676bf9000-7f0676c00000 r-xp 00000000 08:0f 1318196                    /usr/lib/x86_64-linux-gnu/libdrm_nouveau.so.2.0.0
7f0676c00000-7f0676dff000 ---p 00007000 08:0f 1318196                    /usr/lib/x86_64-linux-gnu/libdrm_nouveau.so.2.0.0
7f0676dff000-7f0676e00000 r--p 00006000 08:0f 1318196                    /usr/lib/x86_64-linux-gnu/libdrm_nouveau.so.2.0.0
7f0676e00000-7f0676e01000 rw-p 00007000 08:0f 1318196                    /usr/lib/x86_64-linux-gnu/libdrm_nouveau.so.2.0.0
7f0676e01000-7f0676e21000 r-xp 00000000 08:0f 1318194                    /usr/lib/x86_64-linux-gnu/libdrm_intel.so.1.0.0
7f0676e21000-7f0677020000 ---p 00020000 08:0f 1318194                    /usr/lib/x86_64-linux-gnu/libdrm_intel.so.1.0.0
7f0677020000-7f0677021000 r--p 0001f000 08:0f 1318194                    /usr/lib/x86_64-linux-gnu/libdrm_intel.so.1.0.0
7f0677021000-7f0677022000 rw-p 00020000 08:0f 1318194                    /usr/lib/x86_64-linux-gnu/libdrm_intel.so.1.0.0
7f0677022000-7f0677129000 r-xp 00000000 08:0f 528090                     /lib/x86_64-linux-gnu/libgcrypt.so.20.1.2
7f0677129000-7f0677328000 ---p 00107000 08:0f 528090                     /lib/x86_64-linux-gnu/libgcrypt.so.20.1.2
7f0677328000-7f067732a000 r--p 00106000 08:0f 528090                     /lib/x86_64-linux-gnu/libgcrypt.so.20.1.2
7f067732a000-7f0677331000 rw-p 00108000 08:0f 528090                     /lib/x86_64-linux-gnu/libgcrypt.so.20.1.2
7f0677331000-7f06779d4000 r-xp 00000000 08:0f 1571962                    /usr/lib/x86_64-linux-gnu/dri/i965_dri.so
7f06779d4000-7f0677bd3000 ---p 006a3000 08:0f 1571962                    /usr/lib/x86_64-linux-gnu/dri/i965_dri.so
7f0677bd3000-7f0677c12000 r--p 006a2000 08:0f 1571962                    /usr/lib/x86_64-linux-gnu/dri/i965_dri.so
7f0677c12000-7f0677c1a000 rw-p 006e1000 08:0f 1571962                    /usr/lib/x86_64-linux-gnu/dri/i965_dri.so
7f0677c1a000-7f0677c22000 rw-p 00000000 00:00 0 
7f0677c22000-7f0677c26000 r-xp 00000000 08:0f 527948                     /lib/x86_64-linux-gnu/libuuid.so.1.3.0
7f0677c26000-7f0677e25000 ---p 00004000 08:0f 527948                     /lib/x86_64-linux-gnu/libuuid.so.1.3.0
7f0677e25000-7f0677e26000 r--p 00003000 08:0f 527948                     /lib/x86_64-linux-gnu/libuuid.so.1.3.0
7f0677e26000-7f0677e27000 rw-p 00004000 08:0f 527948                     /lib/x86_64-linux-gnu/libuuid.so.1.3.0
7f0677e27000-7f0677e2d000 r-xp 00000000 08:0f 1318139                    /usr/lib/x86_64-linux-gnu/libdatrie.so.1.3.3
7f0677e2d000-7f067802d000 ---p 00006000 08:0f 1318139                    /usr/lib/x86_64-linux-gnu/libdatrie.so.1.3.3
7f067802d000-7f067802e000 r--p 00006000 08:0f 1318139                    /usr/lib/x86_64-linux-gnu/libdatrie.so.1.3.3
7f067802e000-7f067802f000 rw-p 00007000 08:0f 1318139                    /usr/lib/x86_64-linux-gnu/libdatrie.so.1.3.3
7f067802f000-7f0678034000 r-xp 00000000 08:0f 1317884                    /usr/lib/x86_64-linux-gnu/libXdmcp.so.6.0.0
7f0678034000-7f0678233000 ---p 00005000 08:0f 1317884                    /usr/lib/x86_64-linux-gnu/libXdmcp.so.6.0.0
7f0678233000-7f0678234000 r--p 00004000 08:0f 1317884                    /usr/lib/x86_64-linux-gnu/libXdmcp.so.6.0.0
7f0678234000-7f0678235000 rw-p 00005000 08:0f 1317884                    /usr/lib/x86_64-linux-gnu/libXdmcp.so.6.0.0
7f0678235000-7f0678237000 r-xp 00000000 08:0f 1317873                    /usr/lib/x86_64-linux-gnu/libXau.so.6.0.0
7f0678237000-7f0678437000 ---p 00002000 08:0f 1317873                    /usr/lib/x86_64-linux-gnu/libXau.so.6.0.0
7f0678437000-7f0678438000 r--p 00002000 08:0f 1317873                    /usr/lib/x86_64-linux-gnu/libXau.so.6.0.0
7f0678438000-7f0678439000 rw-p 00003000 08:0f 1317873                    /usr/lib/x86_64-linux-gnu/libXau.so.6.0.0
7f0678439000-7f067845c000 r-xp 00000000 08:0f 1318451                    /usr/lib/x86_64-linux-gnu/libgraphite2.so.3.0.1
7f067845c000-7f067865b000 ---p 00023000 08:0f 1318451                    /usr/lib/x86_64-linux-gnu/libgraphite2.so.3.0.1
7f067865b000-7f067865d000 r--p 00022000 08:0f 1318451                    /usr/lib/x86_64-linux-gnu/libgraphite2.so.3.0.1
7f067865d000-7f067865e000 rw-p 00024000 08:0f 1318451                    /usr/lib/x86_64-linux-gnu/libgraphite2.so.3.0.1
7f067865e000-7f067869b000 r-xp 00000000 08:0f 527950                     /lib/x86_64-linux-gnu/libblkid.so.1.1.0
7f067869b000-7f067889a000 ---p 0003d000 08:0f 527950                     /lib/x86_64-linux-gnu/libblkid.so.1.1.0
7f067889a000-7f067889e000 r--p 0003c000 08:0f 527950                     /lib/x86_64-linux-gnu/libblkid.so.1.1.0
7f067889e000-7f067889f000 rw-p 00040000 08:0f 527950                     /lib/x86_64-linux-gnu/libblkid.so.1.1.0
7f067889f000-7f06788a0000 rw-p 00000000 00:00 0 
7f06788a0000-7f06788ae000 r-xp 00000000 08:0f 1318190                    /usr/lib/x86_64-linux-gnu/libdrm.so.2.4.0
7f06788ae000-7f0678aad000 ---p 0000e000 08:0f 1318190                    /usr/lib/x86_64-linux-gnu/libdrm.so.2.4.0
7f0678aad000-7f0678aae000 r--p 0000d000 08:0f 1318190                    /usr/lib/x86_64-linux-gnu/libdrm.so.2.4.0
7f0678aae000-7f0678aaf000 rw-p 0000e000 08:0f 1318190                    /usr/lib/x86_64-linux-gnu/libdrm.so.2.4.0
7f0678aaf000-7f0678ab3000 r-xp 00000000 08:0f 1319373                    /usr/lib/x86_64-linux-gnu/libxcb-dri2.so.0.0.0
7f0678ab3000-7f0678cb2000 ---p 00004000 08:0f 1319373                    /usr/lib/x86_64-linux-gnu/libxcb-dri2.so.0.0.0
7f0678cb2000-7f0678cb3000 r--p 00003000 08:0f 1319373                    /usr/lib/x86_64-linux-gnu/libxcb-dri2.so.0.0.0
7f0678cb3000-7f0678cb4000 rw-p 00004000 08:0f 1319373                    /usr/lib/x86_64-linux-gnu/libxcb-dri2.so.0.0.0
7f0678cb4000-7f0678ccb000 r-xp 00000000 08:0f 1319377                    /usr/lib/x86_64-linux-gnu/libxcb-glx.so.0.0.0
7f0678ccb000-7f0678eca000 ---p 00017000 08:0f 1319377                    /usr/lib/x86_64-linux-gnu/libxcb-glx.so.0.0.0
7f0678eca000-7f0678ecc000 r--p 00016000 08:0f 1319377                    /usr/lib/x86_64-linux-gnu/libxcb-glx.so.0.0.0
7f0678ecc000-7f0678ecd000 rw-p 00018000 08:0f 1319377                    /usr/lib/x86_64-linux-gnu/libxcb-glx.so.0.0.0
7f0678ecd000-7f0678ece000 r-xp 00000000 08:0f 1317867                    /usr/lib/x86_64-linux-gnu/libX11-xcb.so.1.0.0
7f0678ece000-7f06790cd000 ---p 00001000 08:0f 1317867                    /usr/lib/x86_64-linux-gnu/libX11-xcb.so.1.0.0
7f06790cd000-7f06790ce000 r--p 00000000 08:0f 1317867                    /usr/lib/x86_64-linux-gnu/libX11-xcb.so.1.0.0
7f06790ce000-7f06790cf000 rw-p 00001000 08:0f 1317867                    /usr/lib/x86_64-linux-gnu/libX11-xcb.so.1.0.0
7f06790cf000-7f06790f8000 r-xp 00000000 08:0f 1332500                    /usr/lib/x86_64-linux-gnu/libglapi.so.0.0.0
7f06790f8000-7f06792f7000 ---p 00029000 08:0f 1332500                    /usr/lib/x86_64-linux-gnu/libglapi.so.0.0.0
7f06792f7000-7f06792fb000 r--p 00028000 08:0f 1332500                    /usr/lib/x86_64-linux-gnu/libglapi.so.0.0.0
7f06792fb000-7f06792fc000 rw-p 0002c000 08:0f 1332500                    /usr/lib/x86_64-linux-gnu/libglapi.so.0.0.0
7f06792fc000-7f06792fd000 rw-p 00000000 00:00 0 
7f06792fd000-7f06792fe000 r-xp 00000000 08:0f 1319419                    /usr/lib/x86_64-linux-gnu/libxshmfence.so.1.0.0
7f06792fe000-7f06794fe000 ---p 00001000 08:0f 1319419                    /usr/lib/x86_64-linux-gnu/libxshmfence.so.1.0.0
7f06794fe000-7f06794ff000 r--p 00001000 08:0f 1319419                    /usr/lib/x86_64-linux-gnu/libxshmfence.so.1.0.0
7f06794ff000-7f0679500000 rw-p 00002000 08:0f 1319419                    /usr/lib/x86_64-linux-gnu/libxshmfence.so.1.0.0
7f0679500000-7f0679505000 r-xp 00000000 08:0f 1319397                    /usr/lib/x86_64-linux-gnu/libxcb-sync.so.1.0.0
7f0679505000-7f0679705000 ---p 00005000 08:0f 1319397                    /usr/lib/x86_64-linux-gnu/libxcb-sync.so.1.0.0
7f0679705000-7f0679706000 r--p 00005000 08:0f 1319397                    /usr/lib/x86_64-linux-gnu/libxcb-sync.so.1.0.0
7f0679706000-7f0679707000 rw-p 00006000 08:0f 1319397                    /usr/lib/x86_64-linux-gnu/libxcb-sync.so.1.0.0
7f0679707000-7f0679709000 r-xp 00000000 08:0f 1319385                    /usr/lib/x86_64-linux-gnu/libxcb-present.so.0.0.0
7f0679709000-7f0679908000 ---p 00002000 08:0f 1319385                    /usr/lib/x86_64-linux-gnu/libxcb-present.so.0.0.0
7f0679908000-7f0679909000 r--p 00001000 08:0f 1319385                    /usr/lib/x86_64-linux-gnu/libxcb-present.so.0.0.0
7f0679909000-7f067990a000 rw-p 00002000 08:0f 1319385                    /usr/lib/x86_64-linux-gnu/libxcb-present.so.0.0.0
7f067990a000-7f067990c000 r-xp 00000000 08:0f 1319375                    /usr/lib/x86_64-linux-gnu/libxcb-dri3.so.0.0.0
7f067990c000-7f0679b0b000 ---p 00002000 08:0f 1319375                    /usr/lib/x86_64-linux-gnu/libxcb-dri3.so.0.0.0
7f0679b0b000-7f0679b0c000 r--p 00001000 08:0f 1319375                    /usr/lib/x86_64-linux-gnu/libxcb-dri3.so.0.0.0
7f0679b0c000-7f0679b0d000 rw-p 00002000 08:0f 1319375                    /usr/lib/x86_64-linux-gnu/libxcb-dri3.so.0.0.0
7f0679b0d000-7f0679b7f000 r-xp 00000000 08:0f 528176                     /lib/x86_64-linux-gnu/libpcre.so.3.13.3
7f0679b7f000-7f0679d7e000 ---p 00072000 08:0f 528176                     /lib/x86_64-linux-gnu/libpcre.so.3.13.3
7f0679d7e000-7f0679d7f000 r--p 00071000 08:0f 528176                     /lib/x86_64-linux-gnu/libpcre.so.3.13.3
7f0679d7f000-7f0679d80000 rw-p 00072000 08:0f 528176                     /lib/x86_64-linux-gnu/libpcre.so.3.13.3
7f0679d80000-7f0679d87000 r-xp 00000000 08:0f 1318270                    /usr/lib/x86_64-linux-gnu/libffi.so.6.0.4
7f0679d87000-7f0679f86000 ---p 00007000 08:0f 1318270                    /usr/lib/x86_64-linux-gnu/libffi.so.6.0.4
7f0679f86000-7f0679f87000 r--p 00006000 08:0f 1318270                    /usr/lib/x86_64-linux-gnu/libffi.so.6.0.4
7f0679f87000-7f0679f88000 rw-p 00007000 08:0f 1318270                    /usr/lib/x86_64-linux-gnu/libffi.so.6.0.4
7f0679f88000-7f0679faf000 r-xp 00000000 08:0f 528081                     /lib/x86_64-linux-gnu/libexpat.so.1.6.2
7f0679faf000-7f067a1af000 ---p 00027000 08:0f 528081                     /lib/x86_64-linux-gnu/libexpat.so.1.6.2
7f067a1af000-7f067a1b1000 r--p 00027000 08:0f 528081                     /lib/x86_64-linux-gnu/libexpat.so.1.6.2
7f067a1b1000-7f067a1b2000 rw-p 00029000 08:0f 528081                     /lib/x86_64-linux-gnu/libexpat.so.1.6.2
7f067a1b2000-7f067a1ba000 r-xp 00000000 08:0f 1319129                    /usr/lib/x86_64-linux-gnu/libthai.so.0.3.0
7f067a1ba000-7f067a3b9000 ---p 00008000 08:0f 1319129                    /usr/lib/x86_64-linux-gnu/libthai.so.0.3.0
7f067a3b9000-7f067a3ba000 r--p 00007000 08:0f 1319129                    /usr/lib/x86_64-linux-gnu/libthai.so.0.3.0
7f067a3ba000-7f067a3bb000 rw-p 00008000 08:0f 1319129                    /usr/lib/x86_64-linux-gnu/libthai.so.0.3.0
7f067a3bb000-7f067a3dc000 r-xp 00000000 08:0f 1319407                    /usr/lib/x86_64-linux-gnu/libxcb.so.1.1.0
7f067a3dc000-7f067a5db000 ---p 00021000 08:0f 1319407                    /usr/lib/x86_64-linux-gnu/libxcb.so.1.1.0
7f067a5db000-7f067a5dc000 r--p 00020000 08:0f 1319407                    /usr/lib/x86_64-linux-gnu/libxcb.so.1.1.0
7f067a5dc000-7f067a5dd000 rw-p 00021000 08:0f 1319407                    /usr/lib/x86_64-linux-gnu/libxcb.so.1.1.0
7f067a5dd000-7f067a5e5000 r-xp 00000000 08:0f 1319391                    /usr/lib/x86_64-linux-gnu/libxcb-render.so.0.0.0
7f067a5e5000-7f067a7e5000 ---p 00008000 08:0f 1319391                    /usr/lib/x86_64-linux-gnu/libxcb-render.so.0.0.0
7f067a7e5000-7f067a7e6000 r--p 00008000 08:0f 1319391                    /usr/lib/x86_64-linux-gnu/libxcb-render.so.0.0.0
7f067a7e6000-7f067a7e7000 rw-p 00009000 08:0f 1319391                    /usr/lib/x86_64-linux-gnu/libxcb-render.so.0.0.0
7f067a7e7000-7f067a7e9000 r-xp 00000000 08:0f 1319395                    /usr/lib/x86_64-linux-gnu/libxcb-shm.so.0.0.0
7f067a7e9000-7f067a9e9000 ---p 00002000 08:0f 1319395                    /usr/lib/x86_64-linux-gnu/libxcb-shm.so.0.0.0
7f067a9e9000-7f067a9ea000 r--p 00002000 08:0f 1319395                    /usr/lib/x86_64-linux-gnu/libxcb-shm.so.0.0.0
7f067a9ea000-7f067a9eb000 rw-p 00003000 08:0f 1319395                    /usr/lib/x86_64-linux-gnu/libxcb-shm.so.0.0.0
7f067a9eb000-7f067aa1c000 r-xp 00000000 08:0f 1318920                    /usr/lib/x86_64-linux-gnu/libpng16.so.16.25.0
7f067aa1c000-7f067ac1b000 ---p 00031000 08:0f 1318920                    /usr/lib/x86_64-linux-gnu/libpng16.so.16.25.0
7f067ac1b000-7f067ac1c000 r--p 00030000 08:0f 1318920                    /usr/lib/x86_64-linux-gnu/libpng16.so.16.25.0
7f067ac1c000-7f067ac1d000 rw-p 00031000 08:0f 1318920                    /usr/lib/x86_64-linux-gnu/libpng16.so.16.25.0
7f067ac1d000-7f067acbc000 r-xp 00000000 08:0f 1318912                    /usr/lib/x86_64-linux-gnu/libpixman-1.so.0.33.6
7f067acbc000-7f067aebc000 ---p 0009f000 08:0f 1318912                    /usr/lib/x86_64-linux-gnu/libpixman-1.so.0.33.6
7f067aebc000-7f067aec4000 r--p 0009f000 08:0f 1318912                    /usr/lib/x86_64-linux-gnu/libpixman-1.so.0.33.6
7f067aec4000-7f067aec5000 rw-p 000a7000 08:0f 1318912                    /usr/lib/x86_64-linux-gnu/libpixman-1.so.0.33.6
7f067aec5000-7f067af43000 r-xp 00000000 08:0f 1318541                    /usr/lib/x86_64-linux-gnu/libharfbuzz.so.0.10200.7
7f067af43000-7f067b143000 ---p 0007e000 08:0f 1318541                    /usr/lib/x86_64-linux-gnu/libharfbuzz.so.0.10200.7
7f067b143000-7f067b144000 r--p 0007e000 08:0f 1318541                    /usr/lib/x86_64-linux-gnu/libharfbuzz.so.0.10200.7
7f067b144000-7f067b145000 rw-p 0007f000 08:0f 1318541                    /usr/lib/x86_64-linux-gnu/libharfbuzz.so.0.10200.7
7f067b145000-7f067b18b000 r-xp 00000000 08:0f 527943                     /lib/x86_64-linux-gnu/libmount.so.1.1.0
7f067b18b000-7f067b38a000 ---p 00046000 08:0f 527943                     /lib/x86_64-linux-gnu/libmount.so.1.1.0
7f067b38a000-7f067b38b000 r--p 00045000 08:0f 527943                     /lib/x86_64-linux-gnu/libmount.so.1.1.0
7f067b38b000-7f067b38c000 rw-p 00046000 08:0f 527943                     /lib/x86_64-linux-gnu/libmount.so.1.1.0
7f067b38c000-7f067b38d000 rw-p 00000000 00:00 0 
7f067b38d000-7f067b3a4000 r-xp 00000000 08:0f 528272                     /lib/x86_64-linux-gnu/libresolv-2.24.so
7f067b3a4000-7f067b5a4000 ---p 00017000 08:0f 528272                     /lib/x86_64-linux-gnu/libresolv-2.24.so
7f067b5a4000-7f067b5a5000 r--p 00017000 08:0f 528272                     /lib/x86_64-linux-gnu/libresolv-2.24.so
7f067b5a5000-7f067b5a6000 rw-p 00018000 08:0f 528272                     /lib/x86_64-linux-gnu/libresolv-2.24.so
7f067b5a6000-7f067b5a8000 rw-p 00000000 00:00 0 
7f067b5a8000-7f067b5cb000 r-xp 00000000 08:0f 528203                     /lib/x86_64-linux-gnu/libselinux.so.1
7f067b5cb000-7f067b7ca000 ---p 00023000 08:0f 528203                     /lib/x86_64-linux-gnu/libselinux.so.1
7f067b7ca000-7f067b7cb000 r--p 00022000 08:0f 528203                     /lib/x86_64-linux-gnu/libselinux.so.1
7f067b7cb000-7f067b7cc000 rw-p 00023000 08:0f 528203                     /lib/x86_64-linux-gnu/libselinux.so.1
7f067b7cc000-7f067b7ce000 rw-p 00000000 00:00 0 
7f067b7ce000-7f067b7e7000 r-xp 00000000 08:0f 528232                     /lib/x86_64-linux-gnu/libz.so.1.2.8
7f067b7e7000-7f067b9e6000 ---p 00019000 08:0f 528232                     /lib/x86_64-linux-gnu/libz.so.1.2.8
7f067b9e6000-7f067b9e7000 r--p 00018000 08:0f 528232                     /lib/x86_64-linux-gnu/libz.so.1.2.8
7f067b9e7000-7f067b9e8000 rw-p 00019000 08:0f 528232                     /lib/x86_64-linux-gnu/libz.so.1.2.8
7f067b9e8000-7f067b9f9000 r-xp 00000000 08:0f 1317886                    /usr/lib/x86_64-linux-gnu/libXext.so.6.4.0
7f067b9f9000-7f067bbf8000 ---p 00011000 08:0f 1317886                    /usr/lib/x86_64-linux-gnu/libXext.so.6.4.0
7f067bbf8000-7f067bbf9000 r--p 00010000 08:0f 1317886                    /usr/lib/x86_64-linux-gnu/libXext.so.6.4.0
7f067bbf9000-7f067bbfa000 rw-p 00011000 08:0f 1317886                    /usr/lib/x86_64-linux-gnu/libXext.so.6.4.0
7f067bbfa000-7f067bbfc000 r-xp 00000000 08:0f 1317882                    /usr/lib/x86_64-linux-gnu/libXdamage.so.1.1.0
7f067bbfc000-7f067bdfb000 ---p 00002000 08:0f 1317882                    /usr/lib/x86_64-linux-gnu/libXdamage.so.1.1.0
7f067bdfb000-7f067bdfc000 r--p 00001000 08:0f 1317882                    /usr/lib/x86_64-linux-gnu/libXdamage.so.1.1.0
7f067bdfc000-7f067bdfd000 rw-p 00002000 08:0f 1317882                    /usr/lib/x86_64-linux-gnu/libXdamage.so.1.1.0
7f067bdfd000-7f067bdff000 r-xp 00000000 08:0f 1317878                    /usr/lib/x86_64-linux-gnu/libXcomposite.so.1.0.0
7f067bdff000-7f067bffe000 ---p 00002000 08:0f 1317878                    /usr/lib/x86_64-linux-gnu/libXcomposite.so.1.0.0
7f067bffe000-7f067bfff000 r--p 00001000 08:0f 1317878                    /usr/lib/x86_64-linux-gnu/libXcomposite.so.1.0.0
7f067bfff000-7f067c000000 rw-p 00002000 08:0f 1317878                    /usr/lib/x86_64-linux-gnu/libXcomposite.so.1.0.0
7f067c000000-7f067dedc000 rw-p 00000000 00:00 0 
7f067dedc000-7f0680000000 ---p 00000000 00:00 0 
7f0680002000-7f0680003000 rw-s 00000000 00:05 1231657                    /drm mm object (deleted)
7f0680003000-7f0680004000 rw-s 00000000 00:05 1231656                    /drm mm object (deleted)
7f0680004000-7f0680040000 r--p 00000000 08:0f 1713189                    /usr/lib/jvm/oracle_jdk8/jre/lib/fonts/LucidaTypewriterRegular.ttf
7f0680040000-7f06800eb000 r--p 00000000 08:0f 1713184                    /usr/lib/jvm/oracle_jdk8/jre/lib/fonts/LucidaSansRegular.ttf
7f06800eb000-7f06800f0000 r--s 00084000 08:0f 1573685                    /usr/lib/jvm/oracle_jdk8/jre/lib/jfr.jar
7f06800f0000-7f06800f4000 r--s 00097000 08:0f 1587686                    /usr/lib/jvm/oracle_jdk8/jre/lib/jsse.jar
7f06800f4000-7f06800ff000 r--s 00000000 08:0f 134039                     /var/cache/fontconfig/945677eb7aeaf62f1d50efc3fb3ec7d8-le64.cache-6
7f06800ff000-7f0680102000 ---p 00000000 00:00 0 
7f0680102000-7f0680200000 rw-p 00000000 00:00 0 
7f0680200000-7f0680209000 r-xp 00000000 08:0f 1317880                    /usr/lib/x86_64-linux-gnu/libXcursor.so.1.0.2
7f0680209000-7f0680408000 ---p 00009000 08:0f 1317880                    /usr/lib/x86_64-linux-gnu/libXcursor.so.1.0.2
7f0680408000-7f0680409000 r--p 00008000 08:0f 1317880                    /usr/lib/x86_64-linux-gnu/libXcursor.so.1.0.2
7f0680409000-7f068040a000 rw-p 00009000 08:0f 1317880                    /usr/lib/x86_64-linux-gnu/libXcursor.so.1.0.2
7f068040a000-7f0680414000 r-xp 00000000 08:0f 1317904                    /usr/lib/x86_64-linux-gnu/libXrandr.so.2.2.0
7f0680414000-7f0680613000 ---p 0000a000 08:0f 1317904                    /usr/lib/x86_64-linux-gnu/libXrandr.so.2.2.0
7f0680613000-7f0680614000 r--p 00009000 08:0f 1317904                    /usr/lib/x86_64-linux-gnu/libXrandr.so.2.2.0
7f0680614000-7f0680615000 rw-p 0000a000 08:0f 1317904                    /usr/lib/x86_64-linux-gnu/libXrandr.so.2.2.0
7f0680615000-7f0680624000 r-xp 00000000 08:0f 1317894                    /usr/lib/x86_64-linux-gnu/libXi.so.6.1.0
7f0680624000-7f0680823000 ---p 0000f000 08:0f 1317894                    /usr/lib/x86_64-linux-gnu/libXi.so.6.1.0
7f0680823000-7f0680824000 r--p 0000e000 08:0f 1317894                    /usr/lib/x86_64-linux-gnu/libXi.so.6.1.0
7f0680824000-7f0680825000 rw-p 0000f000 08:0f 1317894                    /usr/lib/x86_64-linux-gnu/libXi.so.6.1.0
7f0680825000-7f0680827000 r-xp 00000000 08:0f 1317896                    /usr/lib/x86_64-linux-gnu/libXinerama.so.1.0.0
7f0680827000-7f0680a26000 ---p 00002000 08:0f 1317896                    /usr/lib/x86_64-linux-gnu/libXinerama.so.1.0.0
7f0680a26000-7f0680a27000 r--p 00001000 08:0f 1317896                    /usr/lib/x86_64-linux-gnu/libXinerama.so.1.0.0
7f0680a27000-7f0680a28000 rw-p 00002000 08:0f 1317896                    /usr/lib/x86_64-linux-gnu/libXinerama.so.1.0.0
7f0680a28000-7f0680a31000 r-xp 00000000 08:0f 1317906                    /usr/lib/x86_64-linux-gnu/libXrender.so.1.3.0
7f0680a31000-7f0680c30000 ---p 00009000 08:0f 1317906                    /usr/lib/x86_64-linux-gnu/libXrender.so.1.3.0
7f0680c30000-7f0680c31000 r--p 00008000 08:0f 1317906                    /usr/lib/x86_64-linux-gnu/libXrender.so.1.3.0
7f0680c31000-7f0680c32000 rw-p 00009000 08:0f 1317906                    /usr/lib/x86_64-linux-gnu/libXrender.so.1.3.0
7f0680c32000-7f0680c37000 r-xp 00000000 08:0f 1317888                    /usr/lib/x86_64-linux-gnu/libXfixes.so.3.1.0
7f0680c37000-7f0680e36000 ---p 00005000 08:0f 1317888                    /usr/lib/x86_64-linux-gnu/libXfixes.so.3.1.0
7f0680e36000-7f0680e37000 r--p 00004000 08:0f 1317888                    /usr/lib/x86_64-linux-gnu/libXfixes.so.3.1.0
7f0680e37000-7f0680e38000 rw-p 00005000 08:0f 1317888                    /usr/lib/x86_64-linux-gnu/libXfixes.so.3.1.0
7f0680e38000-7f0680e4e000 r-xp 00000000 08:0f 528088                     /lib/x86_64-linux-gnu/libgcc_s.so.1
7f0680e4e000-7f068104d000 ---p 00016000 08:0f 528088                     /lib/x86_64-linux-gnu/libgcc_s.so.1
7f068104d000-7f068104e000 r--p 00015000 08:0f 528088                     /lib/x86_64-linux-gnu/libgcc_s.so.1
7f068104e000-7f068104f000 rw-p 00016000 08:0f 528088                     /lib/x86_64-linux-gnu/libgcc_s.so.1
7f068104f000-7f06811c7000 r-xp 00000000 08:0f 1319101                    /usr/lib/x86_64-linux-gnu/libstdc++.so.6.0.22
7f06811c7000-7f06813c7000 ---p 00178000 08:0f 1319101                    /usr/lib/x86_64-linux-gnu/libstdc++.so.6.0.22
7f06813c7000-7f06813d1000 r--p 00178000 08:0f 1319101                    /usr/lib/x86_64-linux-gnu/libstdc++.so.6.0.22
7f06813d1000-7f06813d3000 rw-p 00182000 08:0f 1319101                    /usr/lib/x86_64-linux-gnu/libstdc++.so.6.0.22
7f06813d3000-7f06813d7000 rw-p 00000000 00:00 0 
7f06813d7000-7f0681447000 r-xp 00000000 08:0f 1571965                    /usr/lib/x86_64-linux-gnu/mesa/libGL.so.1.2.0
7f0681447000-7f0681646000 ---p 00070000 08:0f 1571965                    /usr/lib/x86_64-linux-gnu/mesa/libGL.so.1.2.0
7f0681646000-7f0681649000 r--p 0006f000 08:0f 1571965                    /usr/lib/x86_64-linux-gnu/mesa/libGL.so.1.2.0
7f0681649000-7f068164a000 rw-p 00072000 08:0f 1571965                    /usr/lib/x86_64-linux-gnu/mesa/libGL.so.1.2.0
7f068164a000-7f068164b000 rw-p 00000000 00:00 0 
7f068164b000-7f0681650000 r-xp 00000000 08:0f 1317922                    /usr/lib/x86_64-linux-gnu/libXxf86vm.so.1.0.0
7f0681650000-7f068184f000 ---p 00005000 08:0f 1317922                    /usr/lib/x86_64-linux-gnu/libXxf86vm.so.1.0.0
7f068184f000-7f0681850000 r--p 00004000 08:0f 1317922                    /usr/lib/x86_64-linux-gnu/libXxf86vm.so.1.0.0
7f0681850000-7f0681851000 rw-p 00005000 08:0f 1317922                    /usr/lib/x86_64-linux-gnu/libXxf86vm.so.1.0.0
7f0681851000-7f0681986000 r-xp 00000000 08:0f 1317869                    /usr/lib/x86_64-linux-gnu/libX11.so.6.3.0
7f0681986000-7f0681b85000 ---p 00135000 08:0f 1317869                    /usr/lib/x86_64-linux-gnu/libX11.so.6.3.0
7f0681b85000-7f0681b86000 r--p 00134000 08:0f 1317869                    /usr/lib/x86_64-linux-gnu/libX11.so.6.3.0
7f0681b86000-7f0681b8a000 rw-p 00135000 08:0f 1317869                    /usr/lib/x86_64-linux-gnu/libX11.so.6.3.0
7f0681b8a000-7f0681b8f000 r-xp 00000000 08:0f 1317912                    /usr/lib/x86_64-linux-gnu/libXtst.so.6.1.0
7f0681b8f000-7f0681d8e000 ---p 00005000 08:0f 1317912                    /usr/lib/x86_64-linux-gnu/libXtst.so.6.1.0
7f0681d8e000-7f0681d8f000 r--p 00004000 08:0f 1317912                    /usr/lib/x86_64-linux-gnu/libXtst.so.6.1.0
7f0681d8f000-7f0681d90000 rw-p 00005000 08:0f 1317912                    /usr/lib/x86_64-linux-gnu/libXtst.so.6.1.0
7f0681d90000-7f0681ea2000 r-xp 00000000 08:0f 527958                     /lib/x86_64-linux-gnu/libglib-2.0.so.0.5000.2
7f0681ea2000-7f06820a1000 ---p 00112000 08:0f 527958                     /lib/x86_64-linux-gnu/libglib-2.0.so.0.5000.2
7f06820a1000-7f06820a2000 r--p 00111000 08:0f 527958                     /lib/x86_64-linux-gnu/libglib-2.0.so.0.5000.2
7f06820a2000-7f06820a3000 rw-p 00112000 08:0f 527958                     /lib/x86_64-linux-gnu/libglib-2.0.so.0.5000.2
7f06820a3000-7f06820a4000 rw-p 00000000 00:00 0 
7f06820a4000-7f06820a5000 r-xp 00000000 08:0f 1308620                    /usr/lib/x86_64-linux-gnu/libgthread-2.0.so.0.5000.2
7f06820a5000-7f06822a4000 ---p 00001000 08:0f 1308620                    /usr/lib/x86_64-linux-gnu/libgthread-2.0.so.0.5000.2
7f06822a4000-7f06822a5000 r--p 00000000 08:0f 1308620                    /usr/lib/x86_64-linux-gnu/libgthread-2.0.so.0.5000.2
7f06822a5000-7f06822a6000 rw-p 00001000 08:0f 1308620                    /usr/lib/x86_64-linux-gnu/libgthread-2.0.so.0.5000.2
7f06822a6000-7f06822a9000 r-xp 00000000 08:0f 1308595                    /usr/lib/x86_64-linux-gnu/libgmodule-2.0.so.0.5000.2
7f06822a9000-7f06824a8000 ---p 00003000 08:0f 1308595                    /usr/lib/x86_64-linux-gnu/libgmodule-2.0.so.0.5000.2
7f06824a8000-7f06824a9000 r--p 00002000 08:0f 1308595                    /usr/lib/x86_64-linux-gnu/libgmodule-2.0.so.0.5000.2
7f06824a9000-7f06824aa000 rw-p 00003000 08:0f 1308595                    /usr/lib/x86_64-linux-gnu/libgmodule-2.0.so.0.5000.2
7f06824aa000-7f06824fc000 r-xp 00000000 08:0f 1308617                    /usr/lib/x86_64-linux-gnu/libgobject-2.0.so.0.5000.2
7f06824fc000-7f06826fb000 ---p 00052000 08:0f 1308617                    /usr/lib/x86_64-linux-gnu/libgobject-2.0.so.0.5000.2
7f06826fb000-7f06826fc000 r--p 00051000 08:0f 1308617                    /usr/lib/x86_64-linux-gnu/libgobject-2.0.so.0.5000.2
7f06826fc000-7f06826fd000 rw-p 00052000 08:0f 1308617                    /usr/lib/x86_64-linux-gnu/libgobject-2.0.so.0.5000.2
7f06826fd000-7f068273a000 r-xp 00000000 08:0f 1318288                    /usr/lib/x86_64-linux-gnu/libfontconfig.so.1.9.0
7f068273a000-7f0682939000 ---p 0003d000 08:0f 1318288                    /usr/lib/x86_64-linux-gnu/libfontconfig.so.1.9.0
7f0682939000-7f068293b000 r--p 0003c000 08:0f 1318288                    /usr/lib/x86_64-linux-gnu/libfontconfig.so.1.9.0
7f068293b000-7f0682940000 rw-p 0003e000 08:0f 1318288                    /usr/lib/x86_64-linux-gnu/libfontconfig.so.1.9.0
7f0682940000-7f06829e7000 r-xp 00000000 08:0f 1309727                    /usr/lib/x86_64-linux-gnu/libfreetype.so.6.12.3
7f06829e7000-7f0682be6000 ---p 000a7000 08:0f 1309727                    /usr/lib/x86_64-linux-gnu/libfreetype.so.6.12.3
7f0682be6000-7f0682bec000 r--p 000a6000 08:0f 1309727                    /usr/lib/x86_64-linux-gnu/libfreetype.so.6.12.3
7f0682bec000-7f0682bed000 rw-p 000ac000 08:0f 1309727                    /usr/lib/x86_64-linux-gnu/libfreetype.so.6.12.3
7f0682bed000-7f0682c36000 r-xp 00000000 08:0f 1318880                    /usr/lib/x86_64-linux-gnu/libpango-1.0.so.0.4000.1
7f0682c36000-7f0682e36000 ---p 00049000 08:0f 1318880                    /usr/lib/x86_64-linux-gnu/libpango-1.0.so.0.4000.1
7f0682e36000-7f0682e38000 r--p 00049000 08:0f 1318880                    /usr/lib/x86_64-linux-gnu/libpango-1.0.so.0.4000.1
7f0682e38000-7f0682e39000 rw-p 0004b000 08:0f 1318880                    /usr/lib/x86_64-linux-gnu/libpango-1.0.so.0.4000.1
7f0682e39000-7f0682f47000 r-xp 00000000 08:0f 1318039                    /usr/lib/x86_64-linux-gnu/libcairo.so.2.11400.6
7f0682f47000-7f0683146000 ---p 0010e000 08:0f 1318039                    /usr/lib/x86_64-linux-gnu/libcairo.so.2.11400.6
7f0683146000-7f0683149000 r--p 0010d000 08:0f 1318039                    /usr/lib/x86_64-linux-gnu/libcairo.so.2.11400.6
7f0683149000-7f068314a000 rw-p 00110000 08:0f 1318039                    /usr/lib/x86_64-linux-gnu/libcairo.so.2.11400.6
7f068314a000-7f068314c000 rw-p 00000000 00:00 0 
7f068314c000-7f0683158000 r-xp 00000000 08:0f 1318882                    /usr/lib/x86_64-linux-gnu/libpangocairo-1.0.so.0.4000.1
7f0683158000-7f0683357000 ---p 0000c000 08:0f 1318882                    /usr/lib/x86_64-linux-gnu/libpangocairo-1.0.so.0.4000.1
7f0683357000-7f0683358000 r--p 0000b000 08:0f 1318882                    /usr/lib/x86_64-linux-gnu/libpangocairo-1.0.so.0.4000.1
7f0683358000-7f0683359000 rw-p 0000c000 08:0f 1318882                    /usr/lib/x86_64-linux-gnu/libpangocairo-1.0.so.0.4000.1
7f0683359000-7f068337a000 r-xp 00000000 08:0f 1318363                    /usr/lib/x86_64-linux-gnu/libgdk_pixbuf-2.0.so.0.3400.0
7f068337a000-7f0683579000 ---p 00021000 08:0f 1318363                    /usr/lib/x86_64-linux-gnu/libgdk_pixbuf-2.0.so.0.3400.0
7f0683579000-7f068357a000 r--p 00020000 08:0f 1318363                    /usr/lib/x86_64-linux-gnu/libgdk_pixbuf-2.0.so.0.3400.0
7f068357a000-7f068357b000 rw-p 00021000 08:0f 1318363                    /usr/lib/x86_64-linux-gnu/libgdk_pixbuf-2.0.so.0.3400.0
7f068357b000-7f068358f000 r-xp 00000000 08:0f 1318884                    /usr/lib/x86_64-linux-gnu/libpangoft2-1.0.so.0.4000.1
7f068358f000-7f068378f000 ---p 00014000 08:0f 1318884                    /usr/lib/x86_64-linux-gnu/libpangoft2-1.0.so.0.4000.1
7f068378f000-7f0683790000 r--p 00014000 08:0f 1318884                    /usr/lib/x86_64-linux-gnu/libpangoft2-1.0.so.0.4000.1
7f0683790000-7f0683791000 rw-p 00015000 08:0f 1318884                    /usr/lib/x86_64-linux-gnu/libpangoft2-1.0.so.0.4000.1
7f0683791000-7f068391e000 r-xp 00000000 08:0f 1308571                    /usr/lib/x86_64-linux-gnu/libgio-2.0.so.0.5000.2
7f068391e000-7f0683b1d000 ---p 0018d000 08:0f 1308571                    /usr/lib/x86_64-linux-gnu/libgio-2.0.so.0.5000.2
7f0683b1d000-7f0683b22000 r--p 0018c000 08:0f 1308571                    /usr/lib/x86_64-linux-gnu/libgio-2.0.so.0.5000.2
7f0683b22000-7f0683b25000 rw-p 00191000 08:0f 1308571                    /usr/lib/x86_64-linux-gnu/libgio-2.0.so.0.5000.2
7f0683b25000-7f0683b26000 rw-p 00000000 00:00 0 
7f0683b26000-7f0683b48000 r-xp 00000000 08:0f 1317973                    /usr/lib/x86_64-linux-gnu/libatk-1.0.so.0.22009.1
7f0683b48000-7f0683d47000 ---p 00022000 08:0f 1317973                    /usr/lib/x86_64-linux-gnu/libatk-1.0.so.0.22009.1
7f0683d47000-7f0683d4a000 r--p 00021000 08:0f 1317973                    /usr/lib/x86_64-linux-gnu/libatk-1.0.so.0.22009.1
7f0683d4a000-7f0683d4b000 rw-p 00024000 08:0f 1317973                    /usr/lib/x86_64-linux-gnu/libatk-1.0.so.0.22009.1
7f0683d4b000-7f0683dfb000 r-xp 00000000 08:0f 1314085                    /usr/lib/x86_64-linux-gnu/libgdk-x11-2.0.so.0.2400.30
7f0683dfb000-7f0683ffa000 ---p 000b0000 08:0f 1314085                    /usr/lib/x86_64-linux-gnu/libgdk-x11-2.0.so.0.2400.30
7f0683ffa000-7f0683ffe000 r--p 000af000 08:0f 1314085                    /usr/lib/x86_64-linux-gnu/libgdk-x11-2.0.so.0.2400.30
7f0683ffe000-7f0684000000 rw-p 000b3000 08:0f 1314085                    /usr/lib/x86_64-linux-gnu/libgdk-x11-2.0.so.0.2400.30
7f0684000000-7f0684021000 rw-p 00000000 00:00 0 
7f0684021000-7f0688000000 ---p 00000000 00:00 0 
7f0688000000-7f0688021000 rw-p 00000000 00:00 0 
7f0688021000-7f068c000000 ---p 00000000 00:00 0 
7f068c000000-7f068c66e000 rw-p 00000000 00:00 0 
7f068c66e000-7f0690000000 ---p 00000000 00:00 0 
7f0690000000-7f0690859000 rw-p 00000000 00:00 0 
7f0690859000-7f0694000000 ---p 00000000 00:00 0 
7f0694000000-7f0694c3f000 rw-p 00000000 00:00 0 
7f0694c3f000-7f0698000000 ---p 00000000 00:00 0 
7f0698000000-7f06986b5000 rw-p 00000000 00:00 0 
7f06986b5000-7f069c000000 ---p 00000000 00:00 0 
7f069c000000-7f069c021000 rw-p 00000000 00:00 0 
7f069c021000-7f06a0000000 ---p 00000000 00:00 0 
7f06a0000000-7f06a0021000 rw-p 00000000 00:00 0 
7f06a0021000-7f06a4000000 ---p 00000000 00:00 0 
7f06a4000000-7f06a4021000 rw-p 00000000 00:00 0 
7f06a4021000-7f06a8000000 ---p 00000000 00:00 0 
7f06a8000000-7f06a8021000 rw-p 00000000 00:00 0 
7f06a8021000-7f06ac000000 ---p 00000000 00:00 0 
7f06ac000000-7f06ac021000 rw-p 00000000 00:00 0 
7f06ac021000-7f06b0000000 ---p 00000000 00:00 0 
7f06b0000000-7f06b0021000 rw-p 00000000 00:00 0 
7f06b0021000-7f06b4000000 ---p 00000000 00:00 0 
7f06b4000000-7f06b4021000 rw-p 00000000 00:00 0 
7f06b4021000-7f06b8000000 ---p 00000000 00:00 0 
7f06b8000000-7f06b8006000 r--s 002f8000 08:0f 1587656                    /usr/lib/jvm/oracle_jdk8/jre/lib/charsets.jar
7f06b8006000-7f06b800c000 r--s 00000000 08:0f 134020                     /var/cache/fontconfig/2cd17615ca594fa2959ae173292e504c-le64.cache-6
7f06b800c000-7f06b800d000 r--s 00000000 08:0f 134017                     /var/cache/fontconfig/0d8c3b2ac0904cb8a57a757ad11a4a08-le64.cache-6
7f06b800d000-7f06b8011000 r--s 00000000 08:0f 132419                     /var/cache/fontconfig/de156ccd2eddbdc19d37a45b8b2aac9c-le64.cache-6
7f06b8011000-7f06b8026000 r--s 00000000 08:0f 134013                     /var/cache/fontconfig/04aabc0a78ac019cf9454389977116d2-le64.cache-6
7f06b8026000-7f06b8027000 r--s 00000000 08:0f 134019                     /var/cache/fontconfig/1ac9eb803944fde146138c791f5cc56a-le64.cache-6
7f06b8027000-7f06b802b000 r--s 00000000 08:0f 134024                     /var/cache/fontconfig/385c0604a188198f04d133e54aba7fe7-le64.cache-6
7f06b802b000-7f06b802c000 r--s 00000000 08:0f 134052                     /var/cache/fontconfig/dc05db6664285cc2f12bf69c139ae4c3-le64.cache-6
7f06b802c000-7f06b802f000 r--s 00000000 08:0f 134035                     /var/cache/fontconfig/767a8244fc0220cfb567a839d0392e0b-le64.cache-6
7f06b802f000-7f06b8030000 r--s 00000000 08:0f 132299                     /var/cache/fontconfig/4794a0821666d79190d59a36cb4f44b5-le64.cache-6
7f06b8030000-7f06b8031000 r--s 00000000 08:0f 134015                     /var/cache/fontconfig/0bd3dc0958fa2205aaaa8ebb13e2872b-le64.cache-6
7f06b8031000-7f06b8036000 r--s 00000000 08:0f 134038                     /var/cache/fontconfig/8801497958630a81b71ace7c5f9b32a8-le64.cache-6
7f06b8036000-7f06b803a000 r--s 00000000 08:0f 132418                     /var/cache/fontconfig/c57959a16110560c8d0fcea73374aeeb-le64.cache-6
7f06b803a000-7f06b8040000 r--s 00000000 08:0f 134021                     /var/cache/fontconfig/3047814df9a2f067bd2d96a2b9c36e5a-le64.cache-6
7f06b8040000-7f06b8053000 r--s 00000000 08:0f 134049                     /var/cache/fontconfig/d52a8644073d54c13679302ca1180695-le64.cache-6
7f06b8053000-7f06b805f000 r--s 00000000 08:0f 134698                     /var/cache/fontconfig/d589a48862398ed80a3d6066f4f56f4c-le64.cache-6
7f06b805f000-7f06b8062000 ---p 00000000 00:00 0 
7f06b8062000-7f06b8160000 rw-p 00000000 00:00 0 
7f06b8160000-7f06b859e000 r-xp 00000000 08:0f 1314087                    /usr/lib/x86_64-linux-gnu/libgtk-x11-2.0.so.0.2400.30
7f06b859e000-7f06b879e000 ---p 0043e000 08:0f 1314087                    /usr/lib/x86_64-linux-gnu/libgtk-x11-2.0.so.0.2400.30
7f06b879e000-7f06b87a5000 r--p 0043e000 08:0f 1314087                    /usr/lib/x86_64-linux-gnu/libgtk-x11-2.0.so.0.2400.30
7f06b87a5000-7f06b87a9000 rw-p 00445000 08:0f 1314087                    /usr/lib/x86_64-linux-gnu/libgtk-x11-2.0.so.0.2400.30
7f06b87a9000-7f06b87ac000 rw-p 00000000 00:00 0 
7f06b87ac000-7f06b87b8000 r-xp 00000000 08:0f 1587742                    /usr/lib/jvm/oracle_jdk8/jre/lib/amd64/libprism_es2.so
7f06b87b8000-7f06b89b7000 ---p 0000c000 08:0f 1587742                    /usr/lib/jvm/oracle_jdk8/jre/lib/amd64/libprism_es2.so
7f06b89b7000-7f06b89b8000 rw-p 0000b000 08:0f 1587742                    /usr/lib/jvm/oracle_jdk8/jre/lib/amd64/libprism_es2.so
7f06b89b8000-7f06b89bb000 ---p 00000000 00:00 0 
7f06b89bb000-7f06b8ab9000 rw-p 00000000 00:00 0 
7f06b8ab9000-7f06b8b4e000 r--s 01103000 08:0f 2243419                    /usr/lib/jvm/oracle_jdk8/jre/lib/ext/jfxrt.jar
7f06b8b4e000-7f06b8b4f000 ---p 00000000 00:00 0 
7f06b8b4f000-7f06b8c4f000 rw-p 00000000 00:00 0 
7f06b8c4f000-7f06b8c52000 ---p 00000000 00:00 0 
7f06b8c52000-7f06b8d50000 rw-p 00000000 00:00 0 
7f06b8d50000-7f06b8d53000 ---p 00000000 00:00 0 
7f06b8d53000-7f06b8e51000 rw-p 00000000 00:00 0 
7f06b8e51000-7f06b8e54000 ---p 00000000 00:00 0 
7f06b8e54000-7f06b8f52000 rw-p 00000000 00:00 0 
7f06b8f52000-7f06b8f55000 ---p 00000000 00:00 0 
7f06b8f55000-7f06b9053000 rw-p 00000000 00:00 0 
7f06b9053000-7f06b9056000 ---p 00000000 00:00 0 
7f06b9056000-7f06b9154000 rw-p 00000000 00:00 0 
7f06b9154000-7f06b9157000 ---p 00000000 00:00 0 
7f06b9157000-7f06b9255000 rw-p 00000000 00:00 0 
7f06b9255000-7f06b952e000 r--p 00000000 08:0f 1317515                    /usr/lib/locale/locale-archive
7f06b952e000-7f06b9531000 ---p 00000000 00:00 0 
7f06b9531000-7f06b962f000 rw-p 00000000 00:00 0 
7f06b962f000-7f06b9632000 ---p 00000000 00:00 0 
7f06b9632000-7f06b9730000 rw-p 00000000 00:00 0 
7f06b9730000-7f06b9731000 ---p 00000000 00:00 0 
7f06b9731000-7f06bb24b000 rw-p 00000000 00:00 0 
7f06bb24b000-7f06bb424000 r--s 03d1f000 08:0f 1587658                    /usr/lib/jvm/oracle_jdk8/jre/lib/rt.jar
7f06bb424000-7f06bc000000 rw-p 00000000 00:00 0 
7f06bc000000-7f06bc021000 rw-p 00000000 00:00 0 
7f06bc021000-7f06c0000000 ---p 00000000 00:00 0 
7f06c0000000-7f06c0021000 rw-p 00000000 00:00 0 
7f06c0021000-7f06c4000000 ---p 00000000 00:00 0 
7f06c4000000-7f06c4021000 rw-p 00000000 00:00 0 
7f06c4021000-7f06c8000000 ---p 00000000 00:00 0 
7f06c8000000-7f06c8021000 rw-p 00000000 00:00 0 
7f06c8021000-7f06cc000000 ---p 00000000 00:00 0 
7f06cc000000-7f06cc021000 rw-p 00000000 00:00 0 
7f06cc021000-7f06d0000000 ---p 00000000 00:00 0 
7f06d0000000-7f06d0001000 r--s 00000000 08:0f 134045                     /var/cache/fontconfig/bab58bb527bb656aaa9f116d68a48d89-le64.cache-6
7f06d0001000-7f06d0002000 r--s 00000000 08:0f 134029                     /var/cache/fontconfig/56cf4f4769d0f4abc89a4895d7bd3ae1-le64.cache-6
7f06d0002000-7f06d0003000 r--s 00000000 08:0f 134044                     /var/cache/fontconfig/b9d506c9ac06c20b433354fa67a72993-le64.cache-6
7f06d0003000-7f06d0009000 r--s 00000000 08:0f 134043                     /var/cache/fontconfig/b47c4e1ecd0709278f4910c18777a504-le64.cache-6
7f06d0009000-7f06d000a000 r--s 00000000 08:0f 134028                     /var/cache/fontconfig/551ecf3b0e8b0bca0f25c0944f561853-le64.cache-6
7f06d000a000-7f06d000b000 r--s 00000000 08:0f 134025                     /var/cache/fontconfig/3f7329c5293ffd510edef78f73874cfd-le64.cache-6
7f06d000b000-7f06d000c000 r--s 00000000 08:0f 134022                     /var/cache/fontconfig/30829fa25452a46451e813d634d7f916-le64.cache-6
7f06d000c000-7f06d0017000 r--s 00000000 08:0f 134037                     /var/cache/fontconfig/83bf95040141907cd45bb53cf7c1c148-le64.cache-6
7f06d0017000-7f06d0029000 r--s 00000000 08:0f 134041                     /var/cache/fontconfig/9b89f8e3dae116d678bbf48e5f21f69b-le64.cache-6
7f06d0029000-7f06d0072000 r--p 00000000 08:0f 1703186                    /usr/share/glib-2.0/schemas/gschemas.compiled
7f06d0072000-7f06d0090000 r-xp 00000000 08:0f 523353                     /lib/x86_64-linux-gnu/libudev.so.1.6.5
7f06d0090000-7f06d0091000 ---p 0001e000 08:0f 523353                     /lib/x86_64-linux-gnu/libudev.so.1.6.5
7f06d0091000-7f06d0092000 r--p 0001e000 08:0f 523353                     /lib/x86_64-linux-gnu/libudev.so.1.6.5
7f06d0092000-7f06d0093000 rw-p 0001f000 08:0f 523353                     /lib/x86_64-linux-gnu/libudev.so.1.6.5
7f06d0093000-7f06d3fca000 rw-p 00000000 00:00 0 
7f06d3fca000-7f06d3fcb000 ---p 00000000 00:00 0 
7f06d3fcb000-7f06d40cb000 rw-p 00000000 00:00 0 
7f06d40cb000-7f06d40cc000 ---p 00000000 00:00 0 
7f06d40cc000-7f06d41cc000 rw-p 00000000 00:00 0 
7f06d41cc000-7f06d41cd000 ---p 00000000 00:00 0 
7f06d41cd000-7f06d42cd000 rw-p 00000000 00:00 0 
7f06d42cd000-7f06d42ce000 ---p 00000000 00:00 0 
7f06d42ce000-7f06d43ce000 rw-p 00000000 00:00 0 
7f06d43ce000-7f06d43cf000 ---p 00000000 00:00 0 
7f06d43cf000-7f06d44cf000 rw-p 00000000 00:00 0 
7f06d44cf000-7f06d44d0000 ---p 00000000 00:00 0 
7f06d44d0000-7f06d45e9000 rw-p 00000000 00:00 0 
7f06d45e9000-7f06d4863000 ---p 00000000 00:00 0 
7f06d4863000-7f06d487c000 rw-p 00000000 00:00 0 
7f06d487c000-7f06d4af5000 ---p 00000000 00:00 0 
7f06d4af5000-7f06d4b0b000 rw-p 00000000 00:00 0 
7f06d4b0b000-7f06d4c3f000 ---p 00000000 00:00 0 
7f06d4c3f000-7f06d4c65000 rw-p 00000000 00:00 0 
7f06d4c65000-7f06d5000000 ---p 00000000 00:00 0 
7f06d5000000-7f06d5910000 rwxp 00000000 00:00 0 
7f06d5910000-7f06e4000000 ---p 00000000 00:00 0 
7f06e4000000-7f06e457f000 rw-p 00000000 00:00 0 
7f06e457f000-7f06e8000000 ---p 00000000 00:00 0 
7f06e8000000-7f06e8003000 r--s 00000000 08:0f 134034                     /var/cache/fontconfig/75114ca45c98e8a441da0ff356701271-le64.cache-6
7f06e8003000-7f06e8006000 r--s 00000000 08:0f 134053                     /var/cache/fontconfig/e13b20fdb08344e0e664864cc2ede53d-le64.cache-6
7f06e8006000-7f06e800a000 r--s 00000000 08:0f 132314                     /var/cache/fontconfig/7ef2298fde41cc6eeb7af42e48b7d293-le64.cache-6
7f06e800a000-7f06e8014000 r--s 000e7000 08:0f 2240579                    /home/shahsparx/NetBeansProjects/UCET_ACCOUNTS/dist/run1635154438/lib/mysql-connector-java-5.1.38-bin.jar
7f06e8014000-7f06e8029000 r--s 0022c000 08:0f 2240578                    /home/shahsparx/NetBeansProjects/UCET_ACCOUNTS/dist/run1635154438/lib/jfoenix.jar
7f06e8029000-7f06e802b000 r--s 0008a000 08:0f 2240577                    /home/shahsparx/NetBeansProjects/UCET_ACCOUNTS/dist/run1635154438/lib/fontawesomefx-8.9.jar
7f06e802b000-7f06e8033000 rw-s 00000000 00:05 1227603                    /drm mm object (deleted)
7f06e8033000-7f06e803b000 rw-s 00000000 00:05 1227592                    /drm mm object (deleted)
7f06e803b000-7f06e8042000 r--p 00000000 08:0f 1972006                    /home/shahsparx/.config/dconf/user
7f06e8042000-7f06e8043000 ---p 00000000 00:00 0 
7f06e8043000-7f06e8143000 rw-p 00000000 00:00 0 
7f06e8143000-7f06e8144000 ---p 00000000 00:00 0 
7f06e8144000-7f06e8244000 rw-p 00000000 00:00 0 
7f06e8244000-7f06e825e000 r-xp 00000000 08:0f 1587734                    /usr/lib/jvm/oracle_jdk8/jre/lib/amd64/libzip.so
7f06e825e000-7f06e845e000 ---p 0001a000 08:0f 1587734                    /usr/lib/jvm/oracle_jdk8/jre/lib/amd64/libzip.so
7f06e845e000-7f06e845f000 rw-p 0001a000 08:0f 1587734                    /usr/lib/jvm/oracle_jdk8/jre/lib/amd64/libzip.so
7f06e845f000-7f06e846a000 r-xp 00000000 08:0f 528266                     /lib/x86_64-linux-gnu/libnss_files-2.24.so
7f06e846a000-7f06e8669000 ---p 0000b000 08:0f 528266                     /lib/x86_64-linux-gnu/libnss_files-2.24.so
7f06e8669000-7f06e866a000 r--p 0000a000 08:0f 528266                     /lib/x86_64-linux-gnu/libnss_files-2.24.so
7f06e866a000-7f06e866b000 rw-p 0000b000 08:0f 528266                     /lib/x86_64-linux-gnu/libnss_files-2.24.so
7f06e866b000-7f06e8671000 rw-p 00000000 00:00 0 
7f06e8671000-7f06e867c000 r-xp 00000000 08:0f 528268                     /lib/x86_64-linux-gnu/libnss_nis-2.24.so
7f06e867c000-7f06e887b000 ---p 0000b000 08:0f 528268                     /lib/x86_64-linux-gnu/libnss_nis-2.24.so
7f06e887b000-7f06e887c000 r--p 0000a000 08:0f 528268                     /lib/x86_64-linux-gnu/libnss_nis-2.24.so
7f06e887c000-7f06e887d000 rw-p 0000b000 08:0f 528268                     /lib/x86_64-linux-gnu/libnss_nis-2.24.so
7f06e887d000-7f06e8893000 r-xp 00000000 08:0f 528263                     /lib/x86_64-linux-gnu/libnsl-2.24.so
7f06e8893000-7f06e8a92000 ---p 00016000 08:0f 528263                     /lib/x86_64-linux-gnu/libnsl-2.24.so
7f06e8a92000-7f06e8a93000 r--p 00015000 08:0f 528263                     /lib/x86_64-linux-gnu/libnsl-2.24.so
7f06e8a93000-7f06e8a94000 rw-p 00016000 08:0f 528263                     /lib/x86_64-linux-gnu/libnsl-2.24.so
7f06e8a94000-7f06e8a96000 rw-p 00000000 00:00 0 
7f06e8a96000-7f06e8a9e000 r-xp 00000000 08:0f 528264                     /lib/x86_64-linux-gnu/libnss_compat-2.24.so
7f06e8a9e000-7f06e8c9d000 ---p 00008000 08:0f 528264                     /lib/x86_64-linux-gnu/libnss_compat-2.24.so
7f06e8c9d000-7f06e8c9e000 r--p 00007000 08:0f 528264                     /lib/x86_64-linux-gnu/libnss_compat-2.24.so
7f06e8c9e000-7f06e8c9f000 rw-p 00008000 08:0f 528264                     /lib/x86_64-linux-gnu/libnss_compat-2.24.so
7f06e8c9f000-7f06e8cc9000 r-xp 00000000 08:0f 1587729                    /usr/lib/jvm/oracle_jdk8/jre/lib/amd64/libjava.so
7f06e8cc9000-7f06e8ec9000 ---p 0002a000 08:0f 1587729                    /usr/lib/jvm/oracle_jdk8/jre/lib/amd64/libjava.so
7f06e8ec9000-7f06e8ecb000 rw-p 0002a000 08:0f 1587729                    /usr/lib/jvm/oracle_jdk8/jre/lib/amd64/libjava.so
7f06e8ecb000-7f06e8ed8000 r-xp 00000000 08:0f 1587733                    /usr/lib/jvm/oracle_jdk8/jre/lib/amd64/libverify.so
7f06e8ed8000-7f06e90d8000 ---p 0000d000 08:0f 1587733                    /usr/lib/jvm/oracle_jdk8/jre/lib/amd64/libverify.so
7f06e90d8000-7f06e90da000 rw-p 0000d000 08:0f 1587733                    /usr/lib/jvm/oracle_jdk8/jre/lib/amd64/libverify.so
7f06e90da000-7f06e90e1000 r-xp 00000000 08:0f 528273                     /lib/x86_64-linux-gnu/librt-2.24.so
7f06e90e1000-7f06e92e0000 ---p 00007000 08:0f 528273                     /lib/x86_64-linux-gnu/librt-2.24.so
7f06e92e0000-7f06e92e1000 r--p 00006000 08:0f 528273                     /lib/x86_64-linux-gnu/librt-2.24.so
7f06e92e1000-7f06e92e2000 rw-p 00007000 08:0f 528273                     /lib/x86_64-linux-gnu/librt-2.24.so
7f06e92e2000-7f06e93ea000 r-xp 00000000 08:0f 528260                     /lib/x86_64-linux-gnu/libm-2.24.so
7f06e93ea000-7f06e95e9000 ---p 00108000 08:0f 528260                     /lib/x86_64-linux-gnu/libm-2.24.so
7f06e95e9000-7f06e95ea000 r--p 00107000 08:0f 528260                     /lib/x86_64-linux-gnu/libm-2.24.so
7f06e95ea000-7f06e95eb000 rw-p 00108000 08:0f 528260                     /lib/x86_64-linux-gnu/libm-2.24.so
7f06e95eb000-7f06ea2ab000 r-xp 00000000 08:0f 1713201                    /usr/lib/jvm/oracle_jdk8/jre/lib/amd64/server/libjvm.so
7f06ea2ab000-7f06ea4ab000 ---p 00cc0000 08:0f 1713201                    /usr/lib/jvm/oracle_jdk8/jre/lib/amd64/server/libjvm.so
7f06ea4ab000-7f06ea583000 rw-p 00cc0000 08:0f 1713201                    /usr/lib/jvm/oracle_jdk8/jre/lib/amd64/server/libjvm.so
7f06ea583000-7f06ea5ce000 rw-p 00000000 00:00 0 
7f06ea5ce000-7f06ea78b000 r-xp 00000000 08:0f 528256                     /lib/x86_64-linux-gnu/libc-2.24.so
7f06ea78b000-7f06ea98b000 ---p 001bd000 08:0f 528256                     /lib/x86_64-linux-gnu/libc-2.24.so
7f06ea98b000-7f06ea98f000 r--p 001bd000 08:0f 528256                     /lib/x86_64-linux-gnu/libc-2.24.so
7f06ea98f000-7f06ea991000 rw-p 001c1000 08:0f 528256                     /lib/x86_64-linux-gnu/libc-2.24.so
7f06ea991000-7f06ea995000 rw-p 00000000 00:00 0 
7f06ea995000-7f06ea998000 r-xp 00000000 08:0f 528259                     /lib/x86_64-linux-gnu/libdl-2.24.so
7f06ea998000-7f06eab97000 ---p 00003000 08:0f 528259                     /lib/x86_64-linux-gnu/libdl-2.24.so
7f06eab97000-7f06eab98000 r--p 00002000 08:0f 528259                     /lib/x86_64-linux-gnu/libdl-2.24.so
7f06eab98000-7f06eab99000 rw-p 00003000 08:0f 528259                     /lib/x86_64-linux-gnu/libdl-2.24.so
7f06eab99000-7f06eabae000 r-xp 00000000 08:0f 1587711                    /usr/lib/jvm/oracle_jdk8/jre/lib/amd64/jli/libjli.so
7f06eabae000-7f06eadae000 ---p 00015000 08:0f 1587711                    /usr/lib/jvm/oracle_jdk8/jre/lib/amd64/jli/libjli.so
7f06eadae000-7f06eadaf000 rw-p 00015000 08:0f 1587711                    /usr/lib/jvm/oracle_jdk8/jre/lib/amd64/jli/libjli.so
7f06eadaf000-7f06eadc7000 r-xp 00000000 08:0f 528271                     /lib/x86_64-linux-gnu/libpthread-2.24.so
7f06eadc7000-7f06eafc7000 ---p 00018000 08:0f 528271                     /lib/x86_64-linux-gnu/libpthread-2.24.so
7f06eafc7000-7f06eafc8000 r--p 00018000 08:0f 528271                     /lib/x86_64-linux-gnu/libpthread-2.24.so
7f06eafc8000-7f06eafc9000 rw-p 00019000 08:0f 528271                     /lib/x86_64-linux-gnu/libpthread-2.24.so
7f06eafc9000-7f06eafcd000 rw-p 00000000 00:00 0 
7f06eafcd000-7f06eaff2000 r-xp 00000000 08:0f 528252                     /lib/x86_64-linux-gnu/ld-2.24.so
7f06eaff2000-7f06eaff3000 r--s 00000000 08:0f 134016                     /var/cache/fontconfig/0c9eb80ebd1c36541ebe2852d3bb0c49-le64.cache-6
7f06eaff3000-7f06eb0c4000 rw-p 00000000 00:00 0 
7f06eb0c4000-7f06eb0c7000 ---p 00000000 00:00 0 
7f06eb0c7000-7f06eb1c7000 rw-p 00000000 00:00 0 
7f06eb1c8000-7f06eb1c9000 rw-s 107ba5000 00:06 349                       /dev/dri/card0
7f06eb1c9000-7f06eb1d1000 rw-s 00000000 00:05 1231467                    /drm mm object (deleted)
7f06eb1d1000-7f06eb1d2000 rw-s 00000000 00:05 1231464                    /drm mm object (deleted)
7f06eb1d2000-7f06eb1d3000 r--s 00000000 00:2b 62                         /run/user/1000/dconf/user
7f06eb1d3000-7f06eb1db000 rw-s 00000000 00:05 1231462                    /drm mm object (deleted)
7f06eb1db000-7f06eb1e2000 r--s 00000000 08:0f 1583579                    /usr/lib/x86_64-linux-gnu/gconv/gconv-modules.cache
7f06eb1e2000-7f06eb1e4000 r--s 00015000 08:0f 2240575                    /home/shahsparx/NetBeansProjects/UCET_ACCOUNTS/dist/run1635154438/UCET_ACCOUNTS.jar
7f06eb1e4000-7f06eb1ec000 rw-s 00000000 08:0f 2886647                    /tmp/hsperfdata_shahsparx/19606
7f06eb1ec000-7f06eb1ed000 rw-p 00000000 00:00 0 
7f06eb1ed000-7f06eb1ee000 r--p 00000000 00:00 0 
7f06eb1ee000-7f06eb1f1000 rw-p 00000000 00:00 0 
7f06eb1f1000-7f06eb1f2000 r--p 00024000 08:0f 528252                     /lib/x86_64-linux-gnu/ld-2.24.so
7f06eb1f2000-7f06eb1f3000 rw-p 00025000 08:0f 528252                     /lib/x86_64-linux-gnu/ld-2.24.so
7f06eb1f3000-7f06eb1f4000 rw-p 00000000 00:00 0 
7ffd45996000-7ffd459b7000 rw-p 00000000 00:00 0                          [stack]
7ffd459f9000-7ffd459fb000 r--p 00000000 00:00 0                          [vvar]
7ffd459fb000-7ffd459fd000 r-xp 00000000 00:00 0                          [vdso]
ffffffffff600000-ffffffffff601000 r-xp 00000000 00:00 0                  [vsyscall]

VM Arguments:
jvm_args: -Dfile.encoding=UTF-8 
java_command: /home/shahsparx/NetBeansProjects/UCET_ACCOUNTS/dist/run1635154438/UCET_ACCOUNTS.jar
java_class_path (initial): /home/shahsparx/NetBeansProjects/UCET_ACCOUNTS/dist/run1635154438/UCET_ACCOUNTS.jar
Launcher Type: SUN_STANDARD

Environment Variables:
PATH=/home/shahsparx/bin:/home/shahsparx/.local/bin:/usr/local/sbin:/usr/local/bin:/usr/sbin:/usr/bin:/sbin:/bin:/usr/games:/usr/local/games:/snap/bin
LD_LIBRARY_PATH=/usr/lib/jvm/oracle_jdk8//jre/lib/amd64:/usr/lib/jvm/oracle_jdk8//jre/lib/i386:
SHELL=/bin/bash
DISPLAY=:0

Signal Handlers:
SIGSEGV: [libjvm.so+0xabca10], sa_mask[0]=11111111011111111101111111111110, sa_flags=SA_RESTART|SA_SIGINFO
SIGBUS: [libjvm.so+0xabca10], sa_mask[0]=11111111011111111101111111111110, sa_flags=SA_RESTART|SA_SIGINFO
SIGFPE: [libjvm.so+0x919a20], sa_mask[0]=11111111011111111101111111111110, sa_flags=SA_RESTART|SA_SIGINFO
SIGPIPE: SIG_IGN, sa_mask[0]=00000000000010000000000000000000, sa_flags=SA_RESTART
SIGXFSZ: [libjvm.so+0x919a20], sa_mask[0]=11111111011111111101111111111110, sa_flags=SA_RESTART|SA_SIGINFO
SIGILL: [libjvm.so+0x919a20], sa_mask[0]=11111111011111111101111111111110, sa_flags=SA_RESTART|SA_SIGINFO
SIGUSR1: SIG_DFL, sa_mask[0]=00000000000000000000000000000000, sa_flags=none
SIGUSR2: [libjvm.so+0x91b050], sa_mask[0]=00100000000000000000000000000000, sa_flags=SA_RESTART|SA_SIGINFO
SIGHUP: [libjvm.so+0x91c450], sa_mask[0]=11111111011111111101111111111110, sa_flags=SA_RESTART|SA_SIGINFO
SIGINT: SIG_IGN, sa_mask[0]=00000000000000000000000000000000, sa_flags=none
SIGTERM: [libjvm.so+0x91c450], sa_mask[0]=11111111011111111101111111111110, sa_flags=SA_RESTART|SA_SIGINFO
SIGQUIT: [libjvm.so+0x91c450], sa_mask[0]=11111111011111111101111111111110, sa_flags=SA_RESTART|SA_SIGINFO


---------------  S Y S T E M  ---------------

OS:DISTRIB_ID=Ubuntu
DISTRIB_RELEASE=16.10
DISTRIB_CODENAME=yakkety
DISTRIB_DESCRIPTION="Ubuntu 16.10"

uname:Linux 4.8.0-51-generic #54-Ubuntu SMP Tue Apr 25 16:32:21 UTC 2017 x86_64
libc:glibc 2.24 NPTL 2.24 
rlimit: STACK 8192k, CORE 0k, NPROC 31427, NOFILE 4096, AS infinity
load average:0.28 0.66 0.81

/proc/meminfo:
MemTotal:        8088836 kB
MemFree:         1871796 kB
MemAvailable:    2550080 kB
Buffers:           85392 kB
Cached:          1177616 kB
SwapCached:          704 kB
Active:          4391908 kB
Inactive:        1439708 kB
Active(anon):    3969744 kB
Inactive(anon):  1036272 kB
Active(file):     422164 kB
Inactive(file):   403436 kB
Unevictable:         128 kB
Mlocked:             128 kB
SwapTotal:       4258808 kB
SwapFree:        4135048 kB
Dirty:              8772 kB
Writeback:             0 kB
AnonPages:       4495452 kB
Mapped:           517328 kB
Shmem:            437400 kB
Slab:             231704 kB
SReclaimable:     152204 kB
SUnreclaim:        79500 kB
KernelStack:       16224 kB
PageTables:        66288 kB
NFS_Unstable:          0 kB
Bounce:                0 kB
WritebackTmp:          0 kB
CommitLimit:     8303224 kB
Committed_AS:   10801748 kB
VmallocTotal:   34359738367 kB
VmallocUsed:           0 kB
VmallocChunk:          0 kB
HardwareCorrupted:     0 kB
AnonHugePages:   2693120 kB
ShmemHugePages:        0 kB
ShmemPmdMapped:        0 kB
CmaTotal:              0 kB
CmaFree:               0 kB
HugePages_Total:       0
HugePages_Free:        0
HugePages_Rsvd:        0
HugePages_Surp:        0
Hugepagesize:       2048 kB
DirectMap4k:      246528 kB
DirectMap2M:     8056832 kB
DirectMap1G:     1048576 kB


CPU:total 8 (4 cores per cpu, 2 threads per core) family 6 model 60 stepping 3, cmov, cx8, fxsr, mmx, sse, sse2, sse3, ssse3, sse4.1, sse4.2, popcnt, avx, avx2, aes, clmul, erms, lzcnt, ht, tsc, tscinvbit, bmi1, bmi2

/proc/cpuinfo:
processor	: 0
vendor_id	: GenuineIntel
cpu family	: 6
model		: 60
model name	: Intel(R) Core(TM) i7-4702MQ CPU @ 2.20GHz
stepping	: 3
microcode	: 0x20
cpu MHz		: 2899.987
cache size	: 6144 KB
physical id	: 0
siblings	: 8
core id		: 0
cpu cores	: 4
apicid		: 0
initial apicid	: 0
fpu		: yes
fpu_exception	: yes
cpuid level	: 13
wp		: yes
flags		: fpu vme de pse tsc msr pae mce cx8 apic sep mtrr pge mca cmov pat pse36 clflush dts acpi mmx fxsr sse sse2 ss ht tm pbe syscall nx pdpe1gb rdtscp lm constant_tsc arch_perfmon pebs bts rep_good nopl xtopology nonstop_tsc aperfmperf eagerfpu pni pclmulqdq dtes64 monitor ds_cpl vmx est tm2 ssse3 sdbg fma cx16 xtpr pdcm pcid sse4_1 sse4_2 movbe popcnt tsc_deadline_timer aes xsave avx f16c rdrand lahf_lm abm epb tpr_shadow vnmi flexpriority ept vpid fsgsbase tsc_adjust bmi1 avx2 smep bmi2 erms invpcid xsaveopt dtherm ida arat pln pts
bugs		:
bogomips	: 4389.94
clflush size	: 64
cache_alignment	: 64
address sizes	: 39 bits physical, 48 bits virtual
power management:

processor	: 1
vendor_id	: GenuineIntel
cpu family	: 6
model		: 60
model name	: Intel(R) Core(TM) i7-4702MQ CPU @ 2.20GHz
stepping	: 3
microcode	: 0x20
cpu MHz		: 2899.853
cache size	: 6144 KB
physical id	: 0
siblings	: 8
core id		: 0
cpu cores	: 4
apicid		: 1
initial apicid	: 1
fpu		: yes
fpu_exception	: yes
cpuid level	: 13
wp		: yes
flags		: fpu vme de pse tsc msr pae mce cx8 apic sep mtrr pge mca cmov pat pse36 clflush dts acpi mmx fxsr sse sse2 ss ht tm pbe syscall nx pdpe1gb rdtscp lm constant_tsc arch_perfmon pebs bts rep_good nopl xtopology nonstop_tsc aperfmperf eagerfpu pni pclmulqdq dtes64 monitor ds_cpl vmx est tm2 ssse3 sdbg fma cx16 xtpr pdcm pcid sse4_1 sse4_2 movbe popcnt tsc_deadline_timer aes xsave avx f16c rdrand lahf_lm abm epb tpr_shadow vnmi flexpriority ept vpid fsgsbase tsc_adjust bmi1 avx2 smep bmi2 erms invpcid xsaveopt dtherm ida arat pln pts
bugs		:
bogomips	: 4389.94
clflush size	: 64
cache_alignment	: 64
address sizes	: 39 bits physical, 48 bits virtual
power management:

processor	: 2
vendor_id	: GenuineIntel
cpu family	: 6
model		: 60
model name	: Intel(R) Core(TM) i7-4702MQ CPU @ 2.20GHz
stepping	: 3
microcode	: 0x20
cpu MHz		: 2899.987
cache size	: 6144 KB
physical id	: 0
siblings	: 8
core id		: 1
cpu cores	: 4
apicid		: 2
initial apicid	: 2
fpu		: yes
fpu_exception	: yes
cpuid level	: 13
wp		: yes
flags		: fpu vme de pse tsc msr pae mce cx8 apic sep mtrr pge mca cmov pat pse36 clflush dts acpi mmx fxsr sse sse2 ss ht tm pbe syscall nx pdpe1gb rdtscp lm constant_tsc arch_perfmon pebs bts rep_good nopl xtopology nonstop_tsc aperfmperf eagerfpu pni pclmulqdq dtes64 monitor ds_cpl vmx est tm2 ssse3 sdbg fma cx16 xtpr pdcm pcid sse4_1 sse4_2 movbe popcnt tsc_deadline_timer aes xsave avx f16c rdrand lahf_lm abm epb tpr_shadow vnmi flexpriority ept vpid fsgsbase tsc_adjust bmi1 avx2 smep bmi2 erms invpcid xsaveopt dtherm ida arat pln pts
bugs		:
bogomips	: 4389.94
clflush size	: 64
cache_alignment	: 64
address sizes	: 39 bits physical, 48 bits virtual
power management:

processor	: 3
vendor_id	: GenuineIntel
cpu family	: 6
model		: 60
model name	: Intel(R) Core(TM) i7-4702MQ CPU @ 2.20GHz
stepping	: 3
microcode	: 0x20
cpu MHz		: 2899.987
cache size	: 6144 KB
physical id	: 0
siblings	: 8
core id		: 1
cpu cores	: 4
apicid		: 3
initial apicid	: 3
fpu		: yes
fpu_exception	: yes
cpuid level	: 13
wp		: yes
flags		: fpu vme de pse tsc msr pae mce cx8 apic sep mtrr pge mca cmov pat pse36 clflush dts acpi mmx fxsr sse sse2 ss ht tm pbe syscall nx pdpe1gb rdtscp lm constant_tsc arch_perfmon pebs bts rep_good nopl xtopology nonstop_tsc aperfmperf eagerfpu pni pclmulqdq dtes64 monitor ds_cpl vmx est tm2 ssse3 sdbg fma cx16 xtpr pdcm pcid sse4_1 sse4_2 movbe popcnt tsc_deadline_timer aes xsave avx f16c rdrand lahf_lm abm epb tpr_shadow vnmi flexpriority ept vpid fsgsbase tsc_adjust bmi1 avx2 smep bmi2 erms invpcid xsaveopt dtherm ida arat pln pts
bugs		:
bogomips	: 4389.94
clflush size	: 64
cache_alignment	: 64
address sizes	: 39 bits physical, 48 bits virtual
power management:

processor	: 4
vendor_id	: GenuineIntel
cpu family	: 6
model		: 60
model name	: Intel(R) Core(TM) i7-4702MQ CPU @ 2.20GHz
stepping	: 3
microcode	: 0x20
cpu MHz		: 2899.987
cache size	: 6144 KB
physical id	: 0
siblings	: 8
core id		: 2
cpu cores	: 4
apicid		: 4
initial apicid	: 4
fpu		: yes
fpu_exception	: yes
cpuid level	: 13
wp		: yes
flags		: fpu vme de pse tsc msr pae mce cx8 apic sep mtrr pge mca cmov pat pse36 clflush dts acpi mmx fxsr sse sse2 ss ht tm pbe syscall nx pdpe1gb rdtscp lm constant_tsc arch_perfmon pebs bts rep_good nopl xtopology nonstop_tsc aperfmperf eagerfpu pni pclmulqdq dtes64 monitor ds_cpl vmx est tm2 ssse3 sdbg fma cx16 xtpr pdcm pcid sse4_1 sse4_2 movbe popcnt tsc_deadline_timer aes xsave avx f16c rdrand lahf_lm abm epb tpr_shadow vnmi flexpriority ept vpid fsgsbase tsc_adjust bmi1 avx2 smep bmi2 erms invpcid xsaveopt dtherm ida arat pln pts
bugs		:
bogomips	: 4389.94
clflush size	: 64
cache_alignment	: 64
address sizes	: 39 bits physical, 48 bits virtual
power management:

processor	: 5
vendor_id	: GenuineIntel
cpu family	: 6
model		: 60
model name	: Intel(R) Core(TM) i7-4702MQ CPU @ 2.20GHz
stepping	: 3
microcode	: 0x20
cpu MHz		: 2899.853
cache size	: 6144 KB
physical id	: 0
siblings	: 8
core id		: 2
cpu cores	: 4
apicid		: 5
initial apicid	: 5
fpu		: yes
fpu_exception	: yes
cpuid level	: 13
wp		: yes
flags		: fpu vme de pse tsc msr pae mce cx8 apic sep mtrr pge mca cmov pat pse36 clflush dts acpi mmx fxsr sse sse2 ss ht tm pbe syscall nx pdpe1gb rdtscp lm constant_tsc arch_perfmon pebs bts rep_good nopl xtopology nonstop_tsc aperfmperf eagerfpu pni pclmulqdq dtes64 monitor ds_cpl vmx est tm2 ssse3 sdbg fma cx16 xtpr pdcm pcid sse4_1 sse4_2 movbe popcnt tsc_deadline_timer aes xsave avx f16c rdrand lahf_lm abm epb tpr_shadow vnmi flexpriority ept vpid fsgsbase tsc_adjust bmi1 avx2 smep bmi2 erms invpcid xsaveopt dtherm ida arat pln pts
bugs		:
bogomips	: 4389.94
clflush size	: 64
cache_alignment	: 64
address sizes	: 39 bits physical, 48 bits virtual
power management:

processor	: 6
vendor_id	: GenuineIntel
cpu family	: 6
model		: 60
model name	: Intel(R) Core(TM) i7-4702MQ CPU @ 2.20GHz
stepping	: 3
microcode	: 0x20
cpu MHz		: 2899.987
cache size	: 6144 KB
physical id	: 0
siblings	: 8
core id		: 3
cpu cores	: 4
apicid		: 6
initial apicid	: 6
fpu		: yes
fpu_exception	: yes
cpuid level	: 13
wp		: yes
flags		: fpu vme de pse tsc msr pae mce cx8 apic sep mtrr pge mca cmov pat pse36 clflush dts acpi mmx fxsr sse sse2 ss ht tm pbe syscall nx pdpe1gb rdtscp lm constant_tsc arch_perfmon pebs bts rep_good nopl xtopology nonstop_tsc aperfmperf eagerfpu pni pclmulqdq dtes64 monitor ds_cpl vmx est tm2 ssse3 sdbg fma cx16 xtpr pdcm pcid sse4_1 sse4_2 movbe popcnt tsc_deadline_timer aes xsave avx f16c rdrand lahf_lm abm epb tpr_shadow vnmi flexpriority ept vpid fsgsbase tsc_adjust bmi1 avx2 smep bmi2 erms invpcid xsaveopt dtherm ida arat pln pts
bugs		:
bogomips	: 4389.94
clflush size	: 64
cache_alignment	: 64
address sizes	: 39 bits physical, 48 bits virtual
power management:

processor	: 7
vendor_id	: GenuineIntel
cpu family	: 6
model		: 60
model name	: Intel(R) Core(TM) i7-4702MQ CPU @ 2.20GHz
stepping	: 3
microcode	: 0x20
cpu MHz		: 2896.899
cache size	: 6144 KB
physical id	: 0
siblings	: 8
core id		: 3
cpu cores	: 4
apicid		: 7
initial apicid	: 7
fpu		: yes
fpu_exception	: yes
cpuid level	: 13
wp		: yes
flags		: fpu vme de pse tsc msr pae mce cx8 apic sep mtrr pge mca cmov pat pse36 clflush dts acpi mmx fxsr sse sse2 ss ht tm pbe syscall nx pdpe1gb rdtscp lm constant_tsc arch_perfmon pebs bts rep_good nopl xtopology nonstop_tsc aperfmperf eagerfpu pni pclmulqdq dtes64 monitor ds_cpl vmx est tm2 ssse3 sdbg fma cx16 xtpr pdcm pcid sse4_1 sse4_2 movbe popcnt tsc_deadline_timer aes xsave avx f16c rdrand lahf_lm abm epb tpr_shadow vnmi flexpriority ept vpid fsgsbase tsc_adjust bmi1 avx2 smep bmi2 erms invpcid xsaveopt dtherm ida arat pln pts
bugs		:
bogomips	: 4389.94
clflush size	: 64
cache_alignment	: 64
address sizes	: 39 bits physical, 48 bits virtual
power management:



Memory: 4k page, physical 8088836k(1871796k free), swap 4258808k(4135048k free)

vm_info: Java HotSpot(TM) 64-Bit Server VM (25.91-b14) for linux-amd64 JRE (1.8.0_91-b14), built on Apr  1 2016 00:57:21 by "java_re" with gcc 4.3.0 20080428 (Red Hat 4.3.0-8)

time: Tue May  9 04:53:30 2017
elapsed time: 8 seconds (0d 0h 0m 8s)

