#
# A fatal error has been detected by the Java Runtime Environment:
#
#  SIGSEGV (0xb) at pc=0x00007fc80df27948, pid=18768, tid=140495231985408
#
# JRE version: Java(TM) SE Runtime Environment (8.0_91-b14) (build 1.8.0_91-b14)
# Java VM: Java HotSpot(TM) 64-Bit Server VM (25.91-b14 mixed mode linux-amd64 compressed oops)
# Problematic frame:
# V  [libjvm.so+0x6cf948]  jni_invoke_nonstatic(JNIEnv_*, JavaValue*, _jobject*, JNICallType, _jmethodID*, JNI_ArgumentPusher*, Thread*)+0x38
#
# Failed to write core dump. Core dumps have been disabled. To enable core dumping, try "ulimit -c unlimited" before starting Java again
#
# If you would like to submit a bug report, please visit:
#   http://bugreport.java.com/bugreport/crash.jsp
#

---------------  T H R E A D  ---------------

Current thread (0x00007fc8083d5000):  JavaThread "JavaFX Application Thread" [_thread_in_vm, id=18797, stack(0x00007fc798552000,0x00007fc798653000)]

siginfo: si_signo: 11 (SIGSEGV), si_code: 1 (SEGV_MAPERR), si_addr: 0x0000000000000025

Registers:
RAX=0x00007fc7986512c0, RBX=0x00007fc7986511d0, RCX=0x0000000000000001, RDX=0x0000000000000025
RSP=0x00007fc798651020, RBP=0x00007fc7986511a0, RSI=0x00007fc798651230, RDI=0x00007fc8083d51f8
R8 =0x00007fc808344758, R9 =0x00007fc7986511d0, R10=0x00007fc77c000ae0, R11=0x00007fc7f9471960
R12=0x00007fc8083d5000, R13=0x00007fc808344758, R14=0x0000000000000001, R15=0x00007fc8083d51f8
RIP=0x00007fc80df27948, EFLAGS=0x0000000000010202, CSGSFS=0x002b000000000033, ERR=0x0000000000000004
  TRAPNO=0x000000000000000e

Top of Stack: (sp=0x00007fc798651020)
0x00007fc798651020:   00007fc798651720 00007fc798651340
0x00007fc798651030:   00007fc798651080 00007fc798651100
0x00007fc798651040:   00007fc7986511d0 00007fc798651230
0x00007fc798651050:   00007fc8083d51f8 00007fc80df47450
0x00007fc798651060:   00007fc7c0011670 00007fc7c0011680
0x00007fc798651070:   00007fc7c0011a58 00000000000003d8
0x00007fc798651080:   0000000000000000 00000000d6dedc18
0x00007fc798651090:   00007fc70000006f 00007fc80000000a
0x00007fc7986510a0:   00000000d793eb80 0000000000000000
0x00007fc7986510b0:   0000000000000000 0000000000000000
0x00007fc7986510c0:   00007fc7d3b4c6f8 0000000100000100
0x00007fc7986510d0:   0000000000000000 00007fc798651088
0x00007fc7986510e0:   00007fc7986510c9 0000000800000005
0x00007fc7986510f0:   0000000000000000 00007fc8083d4b60
0x00007fc798651100:   00007fc80e7aa490 00007fc80f2b5470
0x00007fc798651110:   00000000083d49f0 00007fc8083d5000
0x00007fc798651120:   0000000000000000 00007fc80df27d1b
0x00007fc798651130:   00007fc7d3b567a8 00007fc8083d5000
0x00007fc798651140:   00007fc7d3b567a8 00007fc8083d5000
0x00007fc798651150:   00007fc7986512e0 00007fc7d3b567a8
0x00007fc798651160:   00007fc7d3b567a8 00007fc7d3b567a8
0x00007fc798651170:   00007fc7c0011670 00007fc7986511d0
0x00007fc798651180:   00007fc8083d5000 00007fc798651210
0x00007fc798651190:   00007fc808344758 00007fc8083d51f8
0x00007fc7986511a0:   00007fc798651290 00007fc80df2c0ef
0x00007fc7986511b0:   00007fc8083d5000 00007fc7d017dff4
0x00007fc7986511c0:   00007fc7986512a8 0000000000000025
0x00007fc7986511d0:   00007fc80e7ab0f0 00007fc80f2b5470
0x00007fc7986511e0:   0000000098651250 a0e4da2000000063
0x00007fc7986511f0:   0000000000000000 0000003000000018
0x00007fc798651200:   00007fc798651380 00007fc7986512c0
0x00007fc798651210:   00007fc8083d5000 0000000000000000 

Instructions: (pc=0x00007fc80df27948)
0x00007fc80df27928:   00 00 48 85 d2 48 89 bd b0 fe ff ff 48 89 b5 a8
0x00007fc80df27938:   fe ff ff 4c 89 8d a0 fe ff ff 0f 84 78 09 00 00
0x00007fc80df27948:   4c 8b 22 4d 85 e4 0f 84 6c 09 00 00 48 8b 45 10
0x00007fc80df27958:   48 8b 98 38 01 00 00 48 83 7b 18 f7 0f 87 16 07 

Register to memory mapping:

RAX=0x00007fc7986512c0 is pointing into the stack for thread: 0x00007fc8083d5000
RBX=0x00007fc7986511d0 is pointing into the stack for thread: 0x00007fc8083d5000
RCX=0x0000000000000001 is an unknown value
RDX=0x0000000000000025 is an unknown value
RSP=0x00007fc798651020 is pointing into the stack for thread: 0x00007fc8083d5000
RBP=0x00007fc7986511a0 is pointing into the stack for thread: 0x00007fc8083d5000
RSI=0x00007fc798651230 is pointing into the stack for thread: 0x00007fc8083d5000
RDI=0x00007fc8083d51f8 is an unknown value
R8 =0x00007fc808344758 is an unknown value
R9 =0x00007fc7986511d0 is pointing into the stack for thread: 0x00007fc8083d5000
R10=0x00007fc77c000ae0 is an unknown value
R11=0x00007fc7f9471960 is at entry_point+32 in (nmethod*)0x00007fc7f94717d0
R12=0x00007fc8083d5000 is a thread
R13=0x00007fc808344758 is an unknown value
R14=0x0000000000000001 is an unknown value
R15=0x00007fc8083d51f8 is an unknown value


Stack: [0x00007fc798552000,0x00007fc798653000],  sp=0x00007fc798651020,  free space=1020k
Native frames: (J=compiled Java code, j=interpreted, Vv=VM code, C=native code)
V  [libjvm.so+0x6cf948]  jni_invoke_nonstatic(JNIEnv_*, JavaValue*, _jobject*, JNICallType, _jmethodID*, JNI_ArgumentPusher*, Thread*)+0x38
V  [libjvm.so+0x6d40ef]  jni_CallVoidMethodV+0x10f
C  [libglass.so+0x13e51]  JNIEnv_::CallVoidMethod(_jobject*, _jmethodID*, ...)+0x81
C  [libglass.so+0x1545f]  WindowContextBase::process_key(_GdkEventKey*)+0x20f
C  [libglass.so+0x19540]  WindowContextBase::im_filter_keypress(_GdkEventKey*)+0x1c0
C  [libglass.so+0x1c7cc]  process_events(_GdkEvent*, void*)+0x22c
C  [libgdk-x11-2.0.so.0+0x5acdc]

Java frames: (J=compiled Java code, j=interpreted, Vv=VM code)
j  com.sun.glass.ui.gtk.GtkApplication._runLoop(Ljava/lang/Runnable;Z)V+0
j  com.sun.glass.ui.gtk.GtkApplication.lambda$null$49(Ljava/lang/Runnable;Z)V+7
j  com.sun.glass.ui.gtk.GtkApplication$$Lambda$41.run()V+12
j  java.lang.Thread.run()V+11
v  ~StubRoutines::call_stub

---------------  P R O C E S S  ---------------

Java Threads: ( => current thread )
  0x00007fc77c4a7000 JavaThread "AWT-EventQueue-0" [_thread_blocked, id=18806, stack(0x00007fc76bdfe000,0x00007fc76beff000)]
  0x00007fc77c4a4000 JavaThread "AWT-Shutdown" [_thread_blocked, id=18805, stack(0x00007fc76beff000,0x00007fc76c000000)]
  0x00007fc77c459800 JavaThread "Image Fetcher 0" daemon [_thread_blocked, id=18804, stack(0x00007fc7906df000,0x00007fc7907e0000)]
  0x00007fc77c440800 JavaThread "AWT-XAWT" daemon [_thread_in_native, id=18803, stack(0x00007fc7907e0000,0x00007fc7908e1000)]
  0x00007fc77c42e800 JavaThread "Java2D Disposer" daemon [_thread_blocked, id=18802, stack(0x00007fc7908e1000,0x00007fc7909e2000)]
  0x00007fc77c359000 JavaThread "Prism Font Disposer" daemon [_thread_blocked, id=18800, stack(0x00007fc792010000,0x00007fc792111000)]
  0x00007fc77c1e2800 JavaThread "Abandoned connection cleanup thread" daemon [_thread_blocked, id=18799, stack(0x00007fc792af8000,0x00007fc792bf9000)]
  0x00007fc8083d8800 JavaThread "JavaFX-Launcher" [_thread_blocked, id=18798, stack(0x00007fc798451000,0x00007fc798552000)]
=>0x00007fc8083d5000 JavaThread "JavaFX Application Thread" [_thread_in_vm, id=18797, stack(0x00007fc798552000,0x00007fc798653000)]
  0x00007fc8083d1000 JavaThread "Thread-1" daemon [_thread_blocked, id=18796, stack(0x00007fc798653000,0x00007fc798754000)]
  0x00007fc80832c800 JavaThread "QuantumRenderer-0" daemon [_thread_blocked, id=18792, stack(0x00007fc7d0bf8000,0x00007fc7d0cf9000)]
  0x00007fc808212800 JavaThread "Service Thread" daemon [_thread_blocked, id=18789, stack(0x00007fc7d0e8f000,0x00007fc7d0f90000)]
  0x00007fc80820f800 JavaThread "C1 CompilerThread3" daemon [_thread_blocked, id=18788, stack(0x00007fc7d0f90000,0x00007fc7d1091000)]
  0x00007fc80820d000 JavaThread "C2 CompilerThread2" daemon [_thread_blocked, id=18787, stack(0x00007fc7d1091000,0x00007fc7d1192000)]
  0x00007fc80820b800 JavaThread "C2 CompilerThread1" daemon [_thread_blocked, id=18786, stack(0x00007fc7d1192000,0x00007fc7d1293000)]
  0x00007fc808208800 JavaThread "C2 CompilerThread0" daemon [_thread_in_native, id=18785, stack(0x00007fc7d1293000,0x00007fc7d1394000)]
  0x00007fc808207000 JavaThread "Signal Dispatcher" daemon [_thread_blocked, id=18784, stack(0x00007fc7d1394000,0x00007fc7d1495000)]
  0x00007fc8081d3000 JavaThread "Finalizer" daemon [_thread_blocked, id=18783, stack(0x00007fc7d176e000,0x00007fc7d186f000)]
  0x00007fc8081ce800 JavaThread "Reference Handler" daemon [_thread_blocked, id=18782, stack(0x00007fc7d186f000,0x00007fc7d1970000)]
  0x00007fc80800a000 JavaThread "main" [_thread_blocked, id=18772, stack(0x00007fc80f331000,0x00007fc80f432000)]

Other Threads:
  0x00007fc8081c7000 VMThread [stack: 0x00007fc7d1970000,0x00007fc7d1a71000] [id=18781]
  0x00007fc808215000 WatcherThread [stack: 0x00007fc7d0d8e000,0x00007fc7d0e8f000] [id=18790]

VM state:not at safepoint (normal execution)

VM Mutex/Monitor currently owned by a thread: None

Heap:
 PSYoungGen      total 36864K, used 19869K [0x00000000d6d80000, 0x00000000d9680000, 0x0000000100000000)
  eden space 31744K, 62% used [0x00000000d6d80000,0x00000000d80e7570,0x00000000d8c80000)
  from space 5120K, 0% used [0x00000000d9180000,0x00000000d9180000,0x00000000d9680000)
  to   space 5120K, 0% used [0x00000000d8c80000,0x00000000d8c80000,0x00000000d9180000)
 ParOldGen       total 50176K, used 11882K [0x0000000084800000, 0x0000000087900000, 0x00000000d6d80000)
  object space 50176K, 23% used [0x0000000084800000,0x000000008539abb0,0x0000000087900000)
 Metaspace       used 27771K, capacity 28720K, committed 28800K, reserved 1075200K
  class space    used 3742K, capacity 3954K, committed 3968K, reserved 1048576K

Card table byte_map: [0x00007fc7f8c23000,0x00007fc7f9000000] byte_map_base: 0x00007fc7f87ff000

Marking Bits: (ParMarkBitMap*) 0x00007fc80e80ed60
 Begin Bits: [0x00007fc7d4240000, 0x00007fc7d6120000)
 End Bits:   [0x00007fc7d6120000, 0x00007fc7d8000000)

Polling page: 0x00007fc80f45a000

CodeCache: size=245760Kb used=9472Kb max_used=9476Kb free=236287Kb
 bounds [0x00007fc7f9000000, 0x00007fc7f9950000, 0x00007fc808000000]
 total_blobs=3885 nmethods=2994 adapters=803
 compilation: enabled

Compilation events (10 events):
Event: 9.533 Thread 0x00007fc80820b800 nmethod 3015 0x00007fc7f99292d0 code [0x00007fc7f9929420, 0x00007fc7f99294f8]
Event: 9.533 Thread 0x00007fc80820b800 3017       4       javafx.scene.Node::isVisible (19 bytes)
Event: 9.533 Thread 0x00007fc80820f800 3005       3       com.sun.javafx.collections.ListListenerHelper$Generic::<init> (7 bytes)
Event: 9.533 Thread 0x00007fc80820f800 nmethod 3005 0x00007fc7f992fe90 code [0x00007fc7f9930020, 0x00007fc7f99305f0]
Event: 9.533 Thread 0x00007fc80820f800 2995       3       javafx.animation.Timeline::impl_start (14 bytes)
Event: 9.533 Thread 0x00007fc80820d000 nmethod 2985 0x00007fc7f9945990 code [0x00007fc7f9945b00, 0x00007fc7f9945d18]
Event: 9.533 Thread 0x00007fc80820d000 2748       4       java.lang.ref.SoftReference::get (29 bytes)
Event: 9.534 Thread 0x00007fc80820f800 nmethod 2995 0x00007fc7f9944590 code [0x00007fc7f9944740, 0x00007fc7f9944ba8]
Event: 9.534 Thread 0x00007fc80820f800 2996       3       javafx.animation.Timeline::impl_setCurrentRate (13 bytes)
Event: 9.534 Thread 0x00007fc80820d000 nmethod 2748 0x00007fc7f9936610 code [0x00007fc7f9936760, 0x00007fc7f99367f8]

GC Heap History (6 events):
Event: 1.540 GC heap before
{Heap before GC invocations=1 (full 0):
 PSYoungGen      total 36864K, used 31744K [0x00000000d6d80000, 0x00000000d9680000, 0x0000000100000000)
  eden space 31744K, 100% used [0x00000000d6d80000,0x00000000d8c80000,0x00000000d8c80000)
  from space 5120K, 0% used [0x00000000d9180000,0x00000000d9180000,0x00000000d9680000)
  to   space 5120K, 0% used [0x00000000d8c80000,0x00000000d8c80000,0x00000000d9180000)
 ParOldGen       total 84992K, used 0K [0x0000000084800000, 0x0000000089b00000, 0x00000000d6d80000)
  object space 84992K, 0% used [0x0000000084800000,0x0000000084800000,0x0000000089b00000)
 Metaspace       used 15249K, capacity 15704K, committed 16000K, reserved 1062912K
  class space    used 1960K, capacity 2102K, committed 2176K, reserved 1048576K
Event: 1.546 GC heap after
Heap after GC invocations=1 (full 0):
 PSYoungGen      total 36864K, used 5088K [0x00000000d6d80000, 0x00000000d9680000, 0x0000000100000000)
  eden space 31744K, 0% used [0x00000000d6d80000,0x00000000d6d80000,0x00000000d8c80000)
  from space 5120K, 99% used [0x00000000d8c80000,0x00000000d91780a0,0x00000000d9180000)
  to   space 5120K, 0% used [0x00000000d9180000,0x00000000d9180000,0x00000000d9680000)
 ParOldGen       total 84992K, used 5341K [0x0000000084800000, 0x0000000089b00000, 0x00000000d6d80000)
  object space 84992K, 6% used [0x0000000084800000,0x0000000084d37770,0x0000000089b00000)
 Metaspace       used 15249K, capacity 15704K, committed 16000K, reserved 1062912K
  class space    used 1960K, capacity 2102K, committed 2176K, reserved 1048576K
}
Event: 7.399 GC heap before
{Heap before GC invocations=2 (full 0):
 PSYoungGen      total 36864K, used 18369K [0x00000000d6d80000, 0x00000000d9680000, 0x0000000100000000)
  eden space 31744K, 41% used [0x00000000d6d80000,0x00000000d7a784c0,0x00000000d8c80000)
  from space 5120K, 99% used [0x00000000d8c80000,0x00000000d91780a0,0x00000000d9180000)
  to   space 5120K, 0% used [0x00000000d9180000,0x00000000d9180000,0x00000000d9680000)
 ParOldGen       total 84992K, used 5341K [0x0000000084800000, 0x0000000089b00000, 0x00000000d6d80000)
  object space 84992K, 6% used [0x0000000084800000,0x0000000084d37770,0x0000000089b00000)
 Metaspace       used 20500K, capacity 21178K, committed 21296K, reserved 1067008K
  class space    used 2752K, capacity 2929K, committed 2944K, reserved 1048576K
Event: 7.406 GC heap after
Heap after GC invocations=2 (full 0):
 PSYoungGen      total 36864K, used 5089K [0x00000000d6d80000, 0x00000000d9680000, 0x0000000100000000)
  eden space 31744K, 0% used [0x00000000d6d80000,0x00000000d6d80000,0x00000000d8c80000)
  from space 5120K, 99% used [0x00000000d9180000,0x00000000d96785d8,0x00000000d9680000)
  to   space 5120K, 0% used [0x00000000d8c80000,0x00000000d8c80000,0x00000000d9180000)
 ParOldGen       total 84992K, used 7857K [0x0000000084800000, 0x0000000089b00000, 0x00000000d6d80000)
  object space 84992K, 9% used [0x0000000084800000,0x0000000084fac558,0x0000000089b00000)
 Metaspace       used 20500K, capacity 21178K, committed 21296K, reserved 1067008K
  class space    used 2752K, capacity 2929K, committed 2944K, reserved 1048576K
}
Event: 7.406 GC heap before
{Heap before GC invocations=3 (full 1):
 PSYoungGen      total 36864K, used 5089K [0x00000000d6d80000, 0x00000000d9680000, 0x0000000100000000)
  eden space 31744K, 0% used [0x00000000d6d80000,0x00000000d6d80000,0x00000000d8c80000)
  from space 5120K, 99% used [0x00000000d9180000,0x00000000d96785d8,0x00000000d9680000)
  to   space 5120K, 0% used [0x00000000d8c80000,0x00000000d8c80000,0x00000000d9180000)
 ParOldGen       total 84992K, used 7857K [0x0000000084800000, 0x0000000089b00000, 0x00000000d6d80000)
  object space 84992K, 9% used [0x0000000084800000,0x0000000084fac558,0x0000000089b00000)
 Metaspace       used 20500K, capacity 21178K, committed 21296K, reserved 1067008K
  class space    used 2752K, capacity 2929K, committed 2944K, reserved 1048576K
Event: 7.434 GC heap after
Heap after GC invocations=3 (full 1):
 PSYoungGen      total 36864K, used 0K [0x00000000d6d80000, 0x00000000d9680000, 0x0000000100000000)
  eden space 31744K, 0% used [0x00000000d6d80000,0x00000000d6d80000,0x00000000d8c80000)
  from space 5120K, 0% used [0x00000000d9180000,0x00000000d9180000,0x00000000d9680000)
  to   space 5120K, 0% used [0x00000000d8c80000,0x00000000d8c80000,0x00000000d9180000)
 ParOldGen       total 50176K, used 11882K [0x0000000084800000, 0x0000000087900000, 0x00000000d6d80000)
  object space 50176K, 23% used [0x0000000084800000,0x000000008539abb0,0x0000000087900000)
 Metaspace       used 20500K, capacity 21178K, committed 21296K, reserved 1067008K
  class space    used 2752K, capacity 2929K, committed 2944K, reserved 1048576K
}

Deoptimization events (10 events):
Event: 9.196 Thread 0x00007fc8083d5000 Uncommon trap: reason=bimorphic action=maybe_recompile pc=0x00007fc7f95e6e68 method=com.sun.javafx.collections.VetoableListDecorator.size()I @ 4
Event: 9.199 Thread 0x00007fc8083d5000 Uncommon trap: reason=bimorphic action=maybe_recompile pc=0x00007fc7f95e6e68 method=com.sun.javafx.collections.VetoableListDecorator.size()I @ 4
Event: 9.224 Thread 0x00007fc8083d5000 Uncommon trap: reason=range_check action=make_not_entrant pc=0x00007fc7f9680f80 method=sun.reflect.generics.parser.SignatureParser.current()C @ 34
Event: 9.247 Thread 0x00007fc8083d5000 Uncommon trap: reason=unstable_if action=reinterpret pc=0x00007fc7f94dc0b4 method=java.lang.StrictMath.floorOrCeil(DDDD)D @ 38
Event: 9.393 Thread 0x00007fc8083d5000 Uncommon trap: reason=array_check action=maybe_recompile pc=0x00007fc7f9827f48 method=com.sun.javafx.css.SimpleSelector.applies(Ljavafx/css/Styleable;[Ljava/util/Set;I)Z @ 37
Event: 9.393 Thread 0x00007fc8083d5000 Uncommon trap: reason=array_check action=maybe_recompile pc=0x00007fc7f9827f48 method=com.sun.javafx.css.SimpleSelector.applies(Ljavafx/css/Styleable;[Ljava/util/Set;I)Z @ 37
Event: 9.393 Thread 0x00007fc8083d5000 Uncommon trap: reason=array_check action=maybe_recompile pc=0x00007fc7f9827f48 method=com.sun.javafx.css.SimpleSelector.applies(Ljavafx/css/Styleable;[Ljava/util/Set;I)Z @ 37
Event: 9.393 Thread 0x00007fc8083d5000 Uncommon trap: reason=array_check action=maybe_recompile pc=0x00007fc7f9827f48 method=com.sun.javafx.css.SimpleSelector.applies(Ljavafx/css/Styleable;[Ljava/util/Set;I)Z @ 37
Event: 9.490 Thread 0x00007fc8083d5000 Uncommon trap: reason=array_check action=maybe_recompile pc=0x00007fc7f98d2f88 method=com.sun.javafx.css.SimpleSelector.applies(Ljavafx/css/Styleable;[Ljava/util/Set;I)Z @ 37
Event: 9.523 Thread 0x00007fc8083d5000 Uncommon trap: reason=unstable_if action=reinterpret pc=0x00007fc7f954559c method=java.lang.Math.round(D)J @ 48

Internal exceptions (10 events):
Event: 1.103 Thread 0x00007fc8083d5000 Implicit null exception at 0x00007fc7f92215b5 to 0x00007fc7f9221905
Event: 1.510 Thread 0x00007fc8083d5000 Implicit null exception at 0x00007fc7f9313a75 to 0x00007fc7f9313c9d
Event: 1.510 Thread 0x00007fc8083d5000 Implicit null exception at 0x00007fc7f9314c98 to 0x00007fc7f9314d26
Event: 1.514 Thread 0x00007fc8083d5000 Implicit null exception at 0x00007fc7f92e15ef to 0x00007fc7f92e1659
Event: 7.362 Thread 0x00007fc8083d5000 Exception <a 'java/io/FileNotFoundException'> (0x00000000d79ff238) thrown at [/HUDSON/workspace/8-2-build-linux-amd64/jdk8u91/6644/hotspot/src/share/vm/prims/jni.cpp, line 709]
Event: 7.362 Thread 0x00007fc8083d5000 Exception <a 'java/io/FileNotFoundException'> (0x00000000d79fffd0) thrown at [/HUDSON/workspace/8-2-build-linux-amd64/jdk8u91/6644/hotspot/src/share/vm/prims/jni.cpp, line 709]
Event: 8.043 Thread 0x00007fc77c4a7000 Exception <a 'java/lang/UnsupportedOperationException': > (0x00000000d6f85c98) thrown at [/HUDSON/workspace/8-2-build-linux-amd64/jdk8u91/6644/hotspot/src/share/vm/prims/jni.cpp, line 735]
Event: 9.121 Thread 0x00007fc8083d5000 Exception <a 'java/lang/ArrayIndexOutOfBoundsException'> (0x00000000d7110de0) thrown at [/HUDSON/workspace/8-2-build-linux-amd64/jdk8u91/6644/hotspot/src/share/vm/runtime/sharedRuntime.cpp, line 605]
Event: 9.121 Thread 0x00007fc8083d5000 Exception <a 'java/lang/ArrayIndexOutOfBoundsException'> (0x00000000d7112ff0) thrown at [/HUDSON/workspace/8-2-build-linux-amd64/jdk8u91/6644/hotspot/src/share/vm/runtime/sharedRuntime.cpp, line 605]
Event: 9.224 Thread 0x00007fc8083d5000 Exception <a 'java/lang/ArrayIndexOutOfBoundsException': 65> (0x00000000d748b7e8) thrown at [/HUDSON/workspace/8-2-build-linux-amd64/jdk8u91/6644/hotspot/src/share/vm/interpreter/interpreterRuntime.cpp, line 366]

Events (10 events):
Event: 9.522 loading class com/jfoenix/skins/JFXRadioButtonSkin$1 done
Event: 9.523 Thread 0x00007fc8083d5000 Uncommon trap: trap_request=0xffffff65 fr.pc=0x00007fc7f954559c
Event: 9.523 Thread 0x00007fc8083d5000 DEOPT PACKING pc=0x00007fc7f954559c sp=0x00007fc79864d6b0
Event: 9.523 Thread 0x00007fc8083d5000 DEOPT UNPACKING pc=0x00007fc7f9005229 sp=0x00007fc79864d628 mode 2
Event: 9.526 loading class com/sun/javafx/font/PrismFontUtils
Event: 9.526 loading class com/sun/javafx/font/PrismFontUtils done
Event: 9.526 loading class com/sun/javafx/tk/FontMetrics
Event: 9.526 loading class com/sun/javafx/tk/FontMetrics done
Event: 9.533 Executing VM operation: ForceSafepoint
Event: 9.533 Executing VM operation: ForceSafepoint done


Dynamic libraries:
00400000-00401000 r-xp 00000000 08:0f 1573679                            /usr/lib/jvm/oracle_jdk8/jre/bin/java
00600000-00601000 rw-p 00000000 08:0f 1573679                            /usr/lib/jvm/oracle_jdk8/jre/bin/java
01e25000-01e46000 rw-p 00000000 00:00 0                                  [heap]
84800000-87900000 rw-p 00000000 00:00 0 
87900000-d6d80000 ---p 00000000 00:00 0 
d6d80000-d9680000 rw-p 00000000 00:00 0 
d9680000-100000000 ---p 00000000 00:00 0 
100000000-1003e0000 rw-p 00000000 00:00 0 
1003e0000-140000000 ---p 00000000 00:00 0 
7fc758000000-7fc758021000 rw-p 00000000 00:00 0 
7fc758021000-7fc75c000000 ---p 00000000 00:00 0 
7fc760000000-7fc760021000 rw-p 00000000 00:00 0 
7fc760021000-7fc764000000 ---p 00000000 00:00 0 
7fc764000000-7fc764021000 rw-p 00000000 00:00 0 
7fc764021000-7fc768000000 ---p 00000000 00:00 0 
7fc76b9fe000-7fc76ba3e000 rw-p 00000000 00:00 0 
7fc76ba3e000-7fc76bbfe000 ---p 00000000 00:00 0 
7fc76bbfe000-7fc76bdfe000 rw-p 00000000 00:00 0 
7fc76bdfe000-7fc76be01000 ---p 00000000 00:00 0 
7fc76be01000-7fc76beff000 rw-p 00000000 00:00 0 
7fc76beff000-7fc76bf02000 ---p 00000000 00:00 0 
7fc76bf02000-7fc76c000000 rw-p 00000000 00:00 0 
7fc76c000000-7fc76c021000 rw-p 00000000 00:00 0 
7fc76c021000-7fc770000000 ---p 00000000 00:00 0 
7fc770000000-7fc770024000 rw-p 00000000 00:00 0 
7fc770024000-7fc774000000 ---p 00000000 00:00 0 
7fc774000000-7fc774021000 rw-p 00000000 00:00 0 
7fc774021000-7fc778000000 ---p 00000000 00:00 0 
7fc778000000-7fc778021000 rw-p 00000000 00:00 0 
7fc778021000-7fc77c000000 ---p 00000000 00:00 0 
7fc77c000000-7fc77c91b000 rw-p 00000000 00:00 0 
7fc77c91b000-7fc780000000 ---p 00000000 00:00 0 
7fc780000000-7fc780021000 rw-p 00000000 00:00 0 
7fc780021000-7fc784000000 ---p 00000000 00:00 0 
7fc784000000-7fc784022000 rw-p 00000000 00:00 0 
7fc784022000-7fc788000000 ---p 00000000 00:00 0 
7fc788000000-7fc788021000 rw-p 00000000 00:00 0 
7fc788021000-7fc78c000000 ---p 00000000 00:00 0 
7fc78c000000-7fc78c021000 rw-p 00000000 00:00 0 
7fc78c021000-7fc790000000 ---p 00000000 00:00 0 
7fc79004e000-7fc7900b7000 r-xp 00000000 08:0f 1587707                    /usr/lib/jvm/oracle_jdk8/jre/lib/amd64/libt2k.so
7fc7900b7000-7fc7902b7000 ---p 00069000 08:0f 1587707                    /usr/lib/jvm/oracle_jdk8/jre/lib/amd64/libt2k.so
7fc7902b7000-7fc7902be000 rw-p 00069000 08:0f 1587707                    /usr/lib/jvm/oracle_jdk8/jre/lib/amd64/libt2k.so
7fc7902be000-7fc7902ce000 rw-p 00000000 00:00 0 
7fc7902ce000-7fc7902df000 r-xp 00000000 08:0f 1587741                    /usr/lib/jvm/oracle_jdk8/jre/lib/amd64/libnio.so
7fc7902df000-7fc7904de000 ---p 00011000 08:0f 1587741                    /usr/lib/jvm/oracle_jdk8/jre/lib/amd64/libnio.so
7fc7904de000-7fc7904df000 rw-p 00010000 08:0f 1587741                    /usr/lib/jvm/oracle_jdk8/jre/lib/amd64/libnio.so
7fc7904df000-7fc7906df000 rw-p 00000000 00:00 0 
7fc7906df000-7fc7906e2000 ---p 00000000 00:00 0 
7fc7906e2000-7fc7907e0000 rw-p 00000000 00:00 0 
7fc7907e0000-7fc7907e3000 ---p 00000000 00:00 0 
7fc7907e3000-7fc7908e1000 rw-p 00000000 00:00 0 
7fc7908e1000-7fc7908e4000 ---p 00000000 00:00 0 
7fc7908e4000-7fc7909e2000 rw-p 00000000 00:00 0 
7fc7909e2000-7fc790a47000 r-xp 00000000 08:0f 1587720                    /usr/lib/jvm/oracle_jdk8/jre/lib/amd64/libfontmanager.so
7fc790a47000-7fc790c46000 ---p 00065000 08:0f 1587720                    /usr/lib/jvm/oracle_jdk8/jre/lib/amd64/libfontmanager.so
7fc790c46000-7fc790c4b000 rw-p 00064000 08:0f 1587720                    /usr/lib/jvm/oracle_jdk8/jre/lib/amd64/libfontmanager.so
7fc790c4b000-7fc790e5b000 rw-p 00000000 00:00 0 
7fc790e5b000-7fc790eaf000 r-xp 00000000 08:0f 1587745                    /usr/lib/jvm/oracle_jdk8/jre/lib/amd64/libawt_xawt.so
7fc790eaf000-7fc7910af000 ---p 00054000 08:0f 1587745                    /usr/lib/jvm/oracle_jdk8/jre/lib/amd64/libawt_xawt.so
7fc7910af000-7fc7910b3000 rw-p 00054000 08:0f 1587745                    /usr/lib/jvm/oracle_jdk8/jre/lib/amd64/libawt_xawt.so
7fc7910b3000-7fc7910b4000 rw-p 00000000 00:00 0 
7fc7910b4000-7fc791156000 r-xp 00000000 08:0f 1587731                    /usr/lib/jvm/oracle_jdk8/jre/lib/amd64/libawt.so
7fc791156000-7fc791356000 ---p 000a2000 08:0f 1587731                    /usr/lib/jvm/oracle_jdk8/jre/lib/amd64/libawt.so
7fc791356000-7fc791362000 rw-p 000a2000 08:0f 1587731                    /usr/lib/jvm/oracle_jdk8/jre/lib/amd64/libawt.so
7fc791362000-7fc791386000 rw-p 00000000 00:00 0 
7fc791386000-7fc791387000 rw-s 00000000 00:05 1173226                    /drm mm object (deleted)
7fc791387000-7fc791388000 rw-s 00000000 00:05 1173225                    /drm mm object (deleted)
7fc791388000-7fc7913a4000 rw-s 00000000 00:05 1179258                    /drm mm object (deleted)
7fc7913a4000-7fc791564000 rw-s 1068ca000 00:06 349                       /dev/dri/card0
7fc791564000-7fc791b64000 rw-s 00000000 00:05 1177845                    /drm mm object (deleted)
7fc791b64000-7fc791d24000 rw-s 00000000 00:05 1177840                    /drm mm object (deleted)
7fc791d24000-7fc791d34000 rw-s 00000000 00:05 1177844                    /drm mm object (deleted)
7fc791d34000-7fc791d44000 rw-s 00000000 00:05 1177842                    /drm mm object (deleted)
7fc791d44000-7fc791d50000 rw-s 00000000 00:05 1177815                    /drm mm object (deleted)
7fc791d50000-7fc791f50000 rw-p 00000000 00:00 0 
7fc791f50000-7fc791f63000 r--s 00344000 08:0f 1587685                    /usr/lib/jvm/oracle_jdk8/jre/lib/resources.jar
7fc791f63000-7fc792010000 r--p 00000000 08:0f 2225679                    /usr/share/fonts/truetype/dejavu/DejaVuSans-Bold.ttf
7fc792010000-7fc792013000 ---p 00000000 00:00 0 
7fc792013000-7fc792111000 rw-p 00000000 00:00 0 
7fc792111000-7fc7921ca000 r--p 00000000 08:0f 2225680                    /usr/share/fonts/truetype/dejavu/DejaVuSans.ttf
7fc7921ca000-7fc7921dd000 r--p 00000000 08:0f 1713188                    /usr/lib/jvm/oracle_jdk8/jre/lib/fonts/LucidaBrightDemiItalic.ttf
7fc7921dd000-7fc792232000 r--p 00000000 08:0f 1713185                    /usr/lib/jvm/oracle_jdk8/jre/lib/fonts/LucidaBrightRegular.ttf
7fc792232000-7fc7922dd000 r--p 00000000 08:0f 1713184                    /usr/lib/jvm/oracle_jdk8/jre/lib/fonts/LucidaSansRegular.ttf
7fc7922dd000-7fc7922e1000 r-xp 00000000 08:0f 1587696                    /usr/lib/jvm/oracle_jdk8/jre/lib/amd64/libjavafx_font_pango.so
7fc7922e1000-7fc7924e0000 ---p 00004000 08:0f 1587696                    /usr/lib/jvm/oracle_jdk8/jre/lib/amd64/libjavafx_font_pango.so
7fc7924e0000-7fc7924e1000 rw-p 00003000 08:0f 1587696                    /usr/lib/jvm/oracle_jdk8/jre/lib/amd64/libjavafx_font_pango.so
7fc7924e1000-7fc7926e1000 rw-p 00000000 00:00 0 
7fc7926e1000-7fc7928e1000 rw-p 00000000 00:00 0 
7fc7928e1000-7fc7928f7000 r-xp 00000000 08:0f 1587738                    /usr/lib/jvm/oracle_jdk8/jre/lib/amd64/libnet.so
7fc7928f7000-7fc792af7000 ---p 00016000 08:0f 1587738                    /usr/lib/jvm/oracle_jdk8/jre/lib/amd64/libnet.so
7fc792af7000-7fc792af8000 rw-p 00016000 08:0f 1587738                    /usr/lib/jvm/oracle_jdk8/jre/lib/amd64/libnet.so
7fc792af8000-7fc792afb000 ---p 00000000 00:00 0 
7fc792afb000-7fc792df9000 rw-p 00000000 00:00 0 
7fc792df9000-7fc792dfe000 r-xp 00000000 08:0f 1587699                    /usr/lib/jvm/oracle_jdk8/jre/lib/amd64/libjavafx_font_freetype.so
7fc792dfe000-7fc792ffd000 ---p 00005000 08:0f 1587699                    /usr/lib/jvm/oracle_jdk8/jre/lib/amd64/libjavafx_font_freetype.so
7fc792ffd000-7fc792ffe000 rw-p 00004000 08:0f 1587699                    /usr/lib/jvm/oracle_jdk8/jre/lib/amd64/libjavafx_font_freetype.so
7fc792ffe000-7fc792fff000 ---p 00000000 00:00 0 
7fc792fff000-7fc7937ff000 rw-p 00000000 00:00 0 
7fc7937ff000-7fc793800000 ---p 00000000 00:00 0 
7fc793800000-7fc794000000 rw-p 00000000 00:00 0 
7fc794000000-7fc794021000 rw-p 00000000 00:00 0 
7fc794021000-7fc798000000 ---p 00000000 00:00 0 
7fc798000000-7fc798014000 r--p 00000000 08:0f 1713183                    /usr/lib/jvm/oracle_jdk8/jre/lib/fonts/LucidaBrightItalic.ttf
7fc798014000-7fc79804e000 r--p 00000000 08:0f 1713190                    /usr/lib/jvm/oracle_jdk8/jre/lib/fonts/LucidaTypewriterBold.ttf
7fc79804e000-7fc798051000 r-xp 00000000 08:0f 1587739                    /usr/lib/jvm/oracle_jdk8/jre/lib/amd64/libjavafx_font.so
7fc798051000-7fc798250000 ---p 00003000 08:0f 1587739                    /usr/lib/jvm/oracle_jdk8/jre/lib/amd64/libjavafx_font.so
7fc798250000-7fc798251000 rw-p 00002000 08:0f 1587739                    /usr/lib/jvm/oracle_jdk8/jre/lib/amd64/libjavafx_font.so
7fc798251000-7fc798451000 rw-p 00000000 00:00 0 
7fc798451000-7fc798454000 ---p 00000000 00:00 0 
7fc798454000-7fc798552000 rw-p 00000000 00:00 0 
7fc798552000-7fc798555000 ---p 00000000 00:00 0 
7fc798555000-7fc798653000 rw-p 00000000 00:00 0 
7fc798653000-7fc798656000 ---p 00000000 00:00 0 
7fc798656000-7fc798754000 rw-p 00000000 00:00 0 
7fc798754000-7fc798755000 ---p 00000000 00:00 0 
7fc798755000-7fc798f55000 rw-p 00000000 00:00 0 
7fc798f55000-7fc798f61000 r-xp 00000000 08:0f 1572888                    /usr/lib/x86_64-linux-gnu/gio/modules/libdconfsettings.so
7fc798f61000-7fc799160000 ---p 0000c000 08:0f 1572888                    /usr/lib/x86_64-linux-gnu/gio/modules/libdconfsettings.so
7fc799160000-7fc799161000 r--p 0000b000 08:0f 1572888                    /usr/lib/x86_64-linux-gnu/gio/modules/libdconfsettings.so
7fc799161000-7fc799162000 rw-p 0000c000 08:0f 1572888                    /usr/lib/x86_64-linux-gnu/gio/modules/libdconfsettings.so
7fc799162000-7fc799169000 r-xp 00000000 08:0f 1318849                    /usr/lib/x86_64-linux-gnu/libogg.so.0.8.2
7fc799169000-7fc799369000 ---p 00007000 08:0f 1318849                    /usr/lib/x86_64-linux-gnu/libogg.so.0.8.2
7fc799369000-7fc79936a000 r--p 00007000 08:0f 1318849                    /usr/lib/x86_64-linux-gnu/libogg.so.0.8.2
7fc79936a000-7fc79936b000 rw-p 00008000 08:0f 1318849                    /usr/lib/x86_64-linux-gnu/libogg.so.0.8.2
7fc79936b000-7fc799395000 r-xp 00000000 08:0f 1319282                    /usr/lib/x86_64-linux-gnu/libvorbis.so.0.4.8
7fc799395000-7fc799595000 ---p 0002a000 08:0f 1319282                    /usr/lib/x86_64-linux-gnu/libvorbis.so.0.4.8
7fc799595000-7fc799596000 r--p 0002a000 08:0f 1319282                    /usr/lib/x86_64-linux-gnu/libvorbis.so.0.4.8
7fc799596000-7fc799597000 rw-p 0002b000 08:0f 1319282                    /usr/lib/x86_64-linux-gnu/libvorbis.so.0.4.8
7fc799597000-7fc79959f000 r-xp 00000000 08:0f 1318693                    /usr/lib/x86_64-linux-gnu/libltdl.so.7.3.1
7fc79959f000-7fc79979f000 ---p 00008000 08:0f 1318693                    /usr/lib/x86_64-linux-gnu/libltdl.so.7.3.1
7fc79979f000-7fc7997a0000 r--p 00008000 08:0f 1318693                    /usr/lib/x86_64-linux-gnu/libltdl.so.7.3.1
7fc7997a0000-7fc7997a1000 rw-p 00009000 08:0f 1318693                    /usr/lib/x86_64-linux-gnu/libltdl.so.7.3.1
7fc7997a1000-7fc7997b5000 r-xp 00000000 08:0f 1319115                    /usr/lib/x86_64-linux-gnu/libtdb.so.1.3.9
7fc7997b5000-7fc7999b4000 ---p 00014000 08:0f 1319115                    /usr/lib/x86_64-linux-gnu/libtdb.so.1.3.9
7fc7999b4000-7fc7999b5000 r--p 00013000 08:0f 1319115                    /usr/lib/x86_64-linux-gnu/libtdb.so.1.3.9
7fc7999b5000-7fc7999b6000 rw-p 00014000 08:0f 1319115                    /usr/lib/x86_64-linux-gnu/libtdb.so.1.3.9
7fc7999b6000-7fc7999bd000 r-xp 00000000 08:0f 1319286                    /usr/lib/x86_64-linux-gnu/libvorbisfile.so.3.3.7
7fc7999bd000-7fc799bbd000 ---p 00007000 08:0f 1319286                    /usr/lib/x86_64-linux-gnu/libvorbisfile.so.3.3.7
7fc799bbd000-7fc799bbe000 r--p 00007000 08:0f 1319286                    /usr/lib/x86_64-linux-gnu/libvorbisfile.so.3.3.7
7fc799bbe000-7fc799bbf000 rw-p 00008000 08:0f 1319286                    /usr/lib/x86_64-linux-gnu/libvorbisfile.so.3.3.7
7fc799bbf000-7fc799bcf000 r-xp 00000000 08:0f 1318049                    /usr/lib/x86_64-linux-gnu/libcanberra.so.0.2.5
7fc799bcf000-7fc799dcf000 ---p 00010000 08:0f 1318049                    /usr/lib/x86_64-linux-gnu/libcanberra.so.0.2.5
7fc799dcf000-7fc799dd0000 r--p 00010000 08:0f 1318049                    /usr/lib/x86_64-linux-gnu/libcanberra.so.0.2.5
7fc799dd0000-7fc799dd1000 rw-p 00011000 08:0f 1318049                    /usr/lib/x86_64-linux-gnu/libcanberra.so.0.2.5
7fc799dd1000-7fc799dd5000 r-xp 00000000 08:0f 1318045                    /usr/lib/x86_64-linux-gnu/libcanberra-gtk.so.0.1.9
7fc799dd5000-7fc799fd4000 ---p 00004000 08:0f 1318045                    /usr/lib/x86_64-linux-gnu/libcanberra-gtk.so.0.1.9
7fc799fd4000-7fc799fd5000 r--p 00003000 08:0f 1318045                    /usr/lib/x86_64-linux-gnu/libcanberra-gtk.so.0.1.9
7fc799fd5000-7fc799fd6000 rw-p 00004000 08:0f 1318045                    /usr/lib/x86_64-linux-gnu/libcanberra-gtk.so.0.1.9
7fc799fd6000-7fc799fdb000 r-xp 00000000 08:0f 1573095                    /usr/lib/x86_64-linux-gnu/gtk-2.0/modules/libcanberra-gtk-module.so
7fc799fdb000-7fc79a1da000 ---p 00005000 08:0f 1573095                    /usr/lib/x86_64-linux-gnu/gtk-2.0/modules/libcanberra-gtk-module.so
7fc79a1da000-7fc79a1db000 r--p 00004000 08:0f 1573095                    /usr/lib/x86_64-linux-gnu/gtk-2.0/modules/libcanberra-gtk-module.so
7fc79a1db000-7fc79a1dc000 rw-p 00005000 08:0f 1573095                    /usr/lib/x86_64-linux-gnu/gtk-2.0/modules/libcanberra-gtk-module.so
7fc79a1dc000-7fc79a20c000 r-xp 00000000 08:0f 1573077                    /usr/lib/x86_64-linux-gnu/gtk-2.0/2.10.0/engines/libmurrine.so
7fc79a20c000-7fc79a40c000 ---p 00030000 08:0f 1573077                    /usr/lib/x86_64-linux-gnu/gtk-2.0/2.10.0/engines/libmurrine.so
7fc79a40c000-7fc79a40d000 r--p 00030000 08:0f 1573077                    /usr/lib/x86_64-linux-gnu/gtk-2.0/2.10.0/engines/libmurrine.so
7fc79a40d000-7fc79a40e000 rw-p 00031000 08:0f 1573077                    /usr/lib/x86_64-linux-gnu/gtk-2.0/2.10.0/engines/libmurrine.so
7fc79a40e000-7fc79a41f000 r-xp 00000000 08:0f 1587590                    /usr/lib/x86_64-linux-gnu/gtk-2.0/modules/liboverlay-scrollbar.so
7fc79a41f000-7fc79a61f000 ---p 00011000 08:0f 1587590                    /usr/lib/x86_64-linux-gnu/gtk-2.0/modules/liboverlay-scrollbar.so
7fc79a61f000-7fc79a620000 r--p 00011000 08:0f 1587590                    /usr/lib/x86_64-linux-gnu/gtk-2.0/modules/liboverlay-scrollbar.so
7fc79a620000-7fc79a621000 rw-p 00012000 08:0f 1587590                    /usr/lib/x86_64-linux-gnu/gtk-2.0/modules/liboverlay-scrollbar.so
7fc79a621000-7fc79a64a000 r-xp 00000000 08:0f 1587715                    /usr/lib/jvm/oracle_jdk8/jre/lib/amd64/libglass.so
7fc79a64a000-7fc79a849000 ---p 00029000 08:0f 1587715                    /usr/lib/jvm/oracle_jdk8/jre/lib/amd64/libglass.so
7fc79a849000-7fc79a84c000 rw-p 00028000 08:0f 1587715                    /usr/lib/jvm/oracle_jdk8/jre/lib/amd64/libglass.so
7fc79a84c000-7fc79a883000 r-xp 00000000 08:0f 1319162                    /usr/lib/x86_64-linux-gnu/libtxc_dxtn_s2tc.so.0.0.0
7fc79a883000-7fc79aa82000 ---p 00037000 08:0f 1319162                    /usr/lib/x86_64-linux-gnu/libtxc_dxtn_s2tc.so.0.0.0
7fc79aa82000-7fc79aa83000 r--p 00036000 08:0f 1319162                    /usr/lib/x86_64-linux-gnu/libtxc_dxtn_s2tc.so.0.0.0
7fc79aa83000-7fc79aa84000 rw-p 00037000 08:0f 1319162                    /usr/lib/x86_64-linux-gnu/libtxc_dxtn_s2tc.so.0.0.0
7fc79aa84000-7fc79aa8c000 r-xp 00000000 08:0f 1318896                    /usr/lib/x86_64-linux-gnu/libpciaccess.so.0.11.1
7fc79aa8c000-7fc79ac8c000 ---p 00008000 08:0f 1318896                    /usr/lib/x86_64-linux-gnu/libpciaccess.so.0.11.1
7fc79ac8c000-7fc79ac8d000 r--p 00008000 08:0f 1318896                    /usr/lib/x86_64-linux-gnu/libpciaccess.so.0.11.1
7fc79ac8d000-7fc79ac8e000 rw-p 00009000 08:0f 1318896                    /usr/lib/x86_64-linux-gnu/libpciaccess.so.0.11.1
7fc79ac8e000-7fc79aca0000 r-xp 00000000 08:0f 528094                     /lib/x86_64-linux-gnu/libgpg-error.so.0.19.1
7fc79aca0000-7fc79aea0000 ---p 00012000 08:0f 528094                     /lib/x86_64-linux-gnu/libgpg-error.so.0.19.1
7fc79aea0000-7fc79aea1000 r--p 00012000 08:0f 528094                     /lib/x86_64-linux-gnu/libgpg-error.so.0.19.1
7fc79aea1000-7fc79aea2000 rw-p 00013000 08:0f 528094                     /lib/x86_64-linux-gnu/libgpg-error.so.0.19.1
7fc79aea2000-7fc79aead000 r-xp 00000000 08:0f 1318198                    /usr/lib/x86_64-linux-gnu/libdrm_radeon.so.1.0.1
7fc79aead000-7fc79b0ac000 ---p 0000b000 08:0f 1318198                    /usr/lib/x86_64-linux-gnu/libdrm_radeon.so.1.0.1
7fc79b0ac000-7fc79b0ad000 r--p 0000a000 08:0f 1318198                    /usr/lib/x86_64-linux-gnu/libdrm_radeon.so.1.0.1
7fc79b0ad000-7fc79b0ae000 rw-p 0000b000 08:0f 1318198                    /usr/lib/x86_64-linux-gnu/libdrm_radeon.so.1.0.1
7fc79b0ae000-7fc79b0b5000 r-xp 00000000 08:0f 1318196                    /usr/lib/x86_64-linux-gnu/libdrm_nouveau.so.2.0.0
7fc79b0b5000-7fc79b2b4000 ---p 00007000 08:0f 1318196                    /usr/lib/x86_64-linux-gnu/libdrm_nouveau.so.2.0.0
7fc79b2b4000-7fc79b2b5000 r--p 00006000 08:0f 1318196                    /usr/lib/x86_64-linux-gnu/libdrm_nouveau.so.2.0.0
7fc79b2b5000-7fc79b2b6000 rw-p 00007000 08:0f 1318196                    /usr/lib/x86_64-linux-gnu/libdrm_nouveau.so.2.0.0
7fc79b2b6000-7fc79b2d6000 r-xp 00000000 08:0f 1318194                    /usr/lib/x86_64-linux-gnu/libdrm_intel.so.1.0.0
7fc79b2d6000-7fc79b4d5000 ---p 00020000 08:0f 1318194                    /usr/lib/x86_64-linux-gnu/libdrm_intel.so.1.0.0
7fc79b4d5000-7fc79b4d6000 r--p 0001f000 08:0f 1318194                    /usr/lib/x86_64-linux-gnu/libdrm_intel.so.1.0.0
7fc79b4d6000-7fc79b4d7000 rw-p 00020000 08:0f 1318194                    /usr/lib/x86_64-linux-gnu/libdrm_intel.so.1.0.0
7fc79b4d7000-7fc79b5de000 r-xp 00000000 08:0f 528090                     /lib/x86_64-linux-gnu/libgcrypt.so.20.1.2
7fc79b5de000-7fc79b7dd000 ---p 00107000 08:0f 528090                     /lib/x86_64-linux-gnu/libgcrypt.so.20.1.2
7fc79b7dd000-7fc79b7df000 r--p 00106000 08:0f 528090                     /lib/x86_64-linux-gnu/libgcrypt.so.20.1.2
7fc79b7df000-7fc79b7e6000 rw-p 00108000 08:0f 528090                     /lib/x86_64-linux-gnu/libgcrypt.so.20.1.2
7fc79b7e6000-7fc79be89000 r-xp 00000000 08:0f 1571962                    /usr/lib/x86_64-linux-gnu/dri/i965_dri.so
7fc79be89000-7fc79c088000 ---p 006a3000 08:0f 1571962                    /usr/lib/x86_64-linux-gnu/dri/i965_dri.so
7fc79c088000-7fc79c0c7000 r--p 006a2000 08:0f 1571962                    /usr/lib/x86_64-linux-gnu/dri/i965_dri.so
7fc79c0c7000-7fc79c0cf000 rw-p 006e1000 08:0f 1571962                    /usr/lib/x86_64-linux-gnu/dri/i965_dri.so
7fc79c0cf000-7fc79c0d7000 rw-p 00000000 00:00 0 
7fc79c0d7000-7fc79c0db000 r-xp 00000000 08:0f 527948                     /lib/x86_64-linux-gnu/libuuid.so.1.3.0
7fc79c0db000-7fc79c2da000 ---p 00004000 08:0f 527948                     /lib/x86_64-linux-gnu/libuuid.so.1.3.0
7fc79c2da000-7fc79c2db000 r--p 00003000 08:0f 527948                     /lib/x86_64-linux-gnu/libuuid.so.1.3.0
7fc79c2db000-7fc79c2dc000 rw-p 00004000 08:0f 527948                     /lib/x86_64-linux-gnu/libuuid.so.1.3.0
7fc79c2dc000-7fc79c2e2000 r-xp 00000000 08:0f 1318139                    /usr/lib/x86_64-linux-gnu/libdatrie.so.1.3.3
7fc79c2e2000-7fc79c4e2000 ---p 00006000 08:0f 1318139                    /usr/lib/x86_64-linux-gnu/libdatrie.so.1.3.3
7fc79c4e2000-7fc79c4e3000 r--p 00006000 08:0f 1318139                    /usr/lib/x86_64-linux-gnu/libdatrie.so.1.3.3
7fc79c4e3000-7fc79c4e4000 rw-p 00007000 08:0f 1318139                    /usr/lib/x86_64-linux-gnu/libdatrie.so.1.3.3
7fc79c4e4000-7fc79c4e9000 r-xp 00000000 08:0f 1317884                    /usr/lib/x86_64-linux-gnu/libXdmcp.so.6.0.0
7fc79c4e9000-7fc79c6e8000 ---p 00005000 08:0f 1317884                    /usr/lib/x86_64-linux-gnu/libXdmcp.so.6.0.0
7fc79c6e8000-7fc79c6e9000 r--p 00004000 08:0f 1317884                    /usr/lib/x86_64-linux-gnu/libXdmcp.so.6.0.0
7fc79c6e9000-7fc79c6ea000 rw-p 00005000 08:0f 1317884                    /usr/lib/x86_64-linux-gnu/libXdmcp.so.6.0.0
7fc79c6ea000-7fc79c6ec000 r-xp 00000000 08:0f 1317873                    /usr/lib/x86_64-linux-gnu/libXau.so.6.0.0
7fc79c6ec000-7fc79c8ec000 ---p 00002000 08:0f 1317873                    /usr/lib/x86_64-linux-gnu/libXau.so.6.0.0
7fc79c8ec000-7fc79c8ed000 r--p 00002000 08:0f 1317873                    /usr/lib/x86_64-linux-gnu/libXau.so.6.0.0
7fc79c8ed000-7fc79c8ee000 rw-p 00003000 08:0f 1317873                    /usr/lib/x86_64-linux-gnu/libXau.so.6.0.0
7fc79c8ee000-7fc79c911000 r-xp 00000000 08:0f 1318451                    /usr/lib/x86_64-linux-gnu/libgraphite2.so.3.0.1
7fc79c911000-7fc79cb10000 ---p 00023000 08:0f 1318451                    /usr/lib/x86_64-linux-gnu/libgraphite2.so.3.0.1
7fc79cb10000-7fc79cb12000 r--p 00022000 08:0f 1318451                    /usr/lib/x86_64-linux-gnu/libgraphite2.so.3.0.1
7fc79cb12000-7fc79cb13000 rw-p 00024000 08:0f 1318451                    /usr/lib/x86_64-linux-gnu/libgraphite2.so.3.0.1
7fc79cb13000-7fc79cb50000 r-xp 00000000 08:0f 527950                     /lib/x86_64-linux-gnu/libblkid.so.1.1.0
7fc79cb50000-7fc79cd4f000 ---p 0003d000 08:0f 527950                     /lib/x86_64-linux-gnu/libblkid.so.1.1.0
7fc79cd4f000-7fc79cd53000 r--p 0003c000 08:0f 527950                     /lib/x86_64-linux-gnu/libblkid.so.1.1.0
7fc79cd53000-7fc79cd54000 rw-p 00040000 08:0f 527950                     /lib/x86_64-linux-gnu/libblkid.so.1.1.0
7fc79cd54000-7fc79cd55000 rw-p 00000000 00:00 0 
7fc79cd55000-7fc79cd63000 r-xp 00000000 08:0f 1318190                    /usr/lib/x86_64-linux-gnu/libdrm.so.2.4.0
7fc79cd63000-7fc79cf62000 ---p 0000e000 08:0f 1318190                    /usr/lib/x86_64-linux-gnu/libdrm.so.2.4.0
7fc79cf62000-7fc79cf63000 r--p 0000d000 08:0f 1318190                    /usr/lib/x86_64-linux-gnu/libdrm.so.2.4.0
7fc79cf63000-7fc79cf64000 rw-p 0000e000 08:0f 1318190                    /usr/lib/x86_64-linux-gnu/libdrm.so.2.4.0
7fc79cf64000-7fc79cf68000 r-xp 00000000 08:0f 1319373                    /usr/lib/x86_64-linux-gnu/libxcb-dri2.so.0.0.0
7fc79cf68000-7fc79d167000 ---p 00004000 08:0f 1319373                    /usr/lib/x86_64-linux-gnu/libxcb-dri2.so.0.0.0
7fc79d167000-7fc79d168000 r--p 00003000 08:0f 1319373                    /usr/lib/x86_64-linux-gnu/libxcb-dri2.so.0.0.0
7fc79d168000-7fc79d169000 rw-p 00004000 08:0f 1319373                    /usr/lib/x86_64-linux-gnu/libxcb-dri2.so.0.0.0
7fc79d169000-7fc79d180000 r-xp 00000000 08:0f 1319377                    /usr/lib/x86_64-linux-gnu/libxcb-glx.so.0.0.0
7fc79d180000-7fc79d37f000 ---p 00017000 08:0f 1319377                    /usr/lib/x86_64-linux-gnu/libxcb-glx.so.0.0.0
7fc79d37f000-7fc79d381000 r--p 00016000 08:0f 1319377                    /usr/lib/x86_64-linux-gnu/libxcb-glx.so.0.0.0
7fc79d381000-7fc79d382000 rw-p 00018000 08:0f 1319377                    /usr/lib/x86_64-linux-gnu/libxcb-glx.so.0.0.0
7fc79d382000-7fc79d383000 r-xp 00000000 08:0f 1317867                    /usr/lib/x86_64-linux-gnu/libX11-xcb.so.1.0.0
7fc79d383000-7fc79d582000 ---p 00001000 08:0f 1317867                    /usr/lib/x86_64-linux-gnu/libX11-xcb.so.1.0.0
7fc79d582000-7fc79d583000 r--p 00000000 08:0f 1317867                    /usr/lib/x86_64-linux-gnu/libX11-xcb.so.1.0.0
7fc79d583000-7fc79d584000 rw-p 00001000 08:0f 1317867                    /usr/lib/x86_64-linux-gnu/libX11-xcb.so.1.0.0
7fc79d584000-7fc79d5ad000 r-xp 00000000 08:0f 1332500                    /usr/lib/x86_64-linux-gnu/libglapi.so.0.0.0
7fc79d5ad000-7fc79d7ac000 ---p 00029000 08:0f 1332500                    /usr/lib/x86_64-linux-gnu/libglapi.so.0.0.0
7fc79d7ac000-7fc79d7b0000 r--p 00028000 08:0f 1332500                    /usr/lib/x86_64-linux-gnu/libglapi.so.0.0.0
7fc79d7b0000-7fc79d7b1000 rw-p 0002c000 08:0f 1332500                    /usr/lib/x86_64-linux-gnu/libglapi.so.0.0.0
7fc79d7b1000-7fc79d7b2000 rw-p 00000000 00:00 0 
7fc79d7b2000-7fc79d7b3000 r-xp 00000000 08:0f 1319419                    /usr/lib/x86_64-linux-gnu/libxshmfence.so.1.0.0
7fc79d7b3000-7fc79d9b3000 ---p 00001000 08:0f 1319419                    /usr/lib/x86_64-linux-gnu/libxshmfence.so.1.0.0
7fc79d9b3000-7fc79d9b4000 r--p 00001000 08:0f 1319419                    /usr/lib/x86_64-linux-gnu/libxshmfence.so.1.0.0
7fc79d9b4000-7fc79d9b5000 rw-p 00002000 08:0f 1319419                    /usr/lib/x86_64-linux-gnu/libxshmfence.so.1.0.0
7fc79d9b5000-7fc79d9ba000 r-xp 00000000 08:0f 1319397                    /usr/lib/x86_64-linux-gnu/libxcb-sync.so.1.0.0
7fc79d9ba000-7fc79dbba000 ---p 00005000 08:0f 1319397                    /usr/lib/x86_64-linux-gnu/libxcb-sync.so.1.0.0
7fc79dbba000-7fc79dbbb000 r--p 00005000 08:0f 1319397                    /usr/lib/x86_64-linux-gnu/libxcb-sync.so.1.0.0
7fc79dbbb000-7fc79dbbc000 rw-p 00006000 08:0f 1319397                    /usr/lib/x86_64-linux-gnu/libxcb-sync.so.1.0.0
7fc79dbbc000-7fc79dbbe000 r-xp 00000000 08:0f 1319385                    /usr/lib/x86_64-linux-gnu/libxcb-present.so.0.0.0
7fc79dbbe000-7fc79ddbd000 ---p 00002000 08:0f 1319385                    /usr/lib/x86_64-linux-gnu/libxcb-present.so.0.0.0
7fc79ddbd000-7fc79ddbe000 r--p 00001000 08:0f 1319385                    /usr/lib/x86_64-linux-gnu/libxcb-present.so.0.0.0
7fc79ddbe000-7fc79ddbf000 rw-p 00002000 08:0f 1319385                    /usr/lib/x86_64-linux-gnu/libxcb-present.so.0.0.0
7fc79ddbf000-7fc79ddc1000 r-xp 00000000 08:0f 1319375                    /usr/lib/x86_64-linux-gnu/libxcb-dri3.so.0.0.0
7fc79ddc1000-7fc79dfc0000 ---p 00002000 08:0f 1319375                    /usr/lib/x86_64-linux-gnu/libxcb-dri3.so.0.0.0
7fc79dfc0000-7fc79dfc1000 r--p 00001000 08:0f 1319375                    /usr/lib/x86_64-linux-gnu/libxcb-dri3.so.0.0.0
7fc79dfc1000-7fc79dfc2000 rw-p 00002000 08:0f 1319375                    /usr/lib/x86_64-linux-gnu/libxcb-dri3.so.0.0.0
7fc79dfc2000-7fc79e034000 r-xp 00000000 08:0f 528176                     /lib/x86_64-linux-gnu/libpcre.so.3.13.3
7fc79e034000-7fc79e233000 ---p 00072000 08:0f 528176                     /lib/x86_64-linux-gnu/libpcre.so.3.13.3
7fc79e233000-7fc79e234000 r--p 00071000 08:0f 528176                     /lib/x86_64-linux-gnu/libpcre.so.3.13.3
7fc79e234000-7fc79e235000 rw-p 00072000 08:0f 528176                     /lib/x86_64-linux-gnu/libpcre.so.3.13.3
7fc79e235000-7fc79e23c000 r-xp 00000000 08:0f 1318270                    /usr/lib/x86_64-linux-gnu/libffi.so.6.0.4
7fc79e23c000-7fc79e43b000 ---p 00007000 08:0f 1318270                    /usr/lib/x86_64-linux-gnu/libffi.so.6.0.4
7fc79e43b000-7fc79e43c000 r--p 00006000 08:0f 1318270                    /usr/lib/x86_64-linux-gnu/libffi.so.6.0.4
7fc79e43c000-7fc79e43d000 rw-p 00007000 08:0f 1318270                    /usr/lib/x86_64-linux-gnu/libffi.so.6.0.4
7fc79e43d000-7fc79e464000 r-xp 00000000 08:0f 528081                     /lib/x86_64-linux-gnu/libexpat.so.1.6.2
7fc79e464000-7fc79e664000 ---p 00027000 08:0f 528081                     /lib/x86_64-linux-gnu/libexpat.so.1.6.2
7fc79e664000-7fc79e666000 r--p 00027000 08:0f 528081                     /lib/x86_64-linux-gnu/libexpat.so.1.6.2
7fc79e666000-7fc79e667000 rw-p 00029000 08:0f 528081                     /lib/x86_64-linux-gnu/libexpat.so.1.6.2
7fc79e667000-7fc79e66f000 r-xp 00000000 08:0f 1319129                    /usr/lib/x86_64-linux-gnu/libthai.so.0.3.0
7fc79e66f000-7fc79e86e000 ---p 00008000 08:0f 1319129                    /usr/lib/x86_64-linux-gnu/libthai.so.0.3.0
7fc79e86e000-7fc79e86f000 r--p 00007000 08:0f 1319129                    /usr/lib/x86_64-linux-gnu/libthai.so.0.3.0
7fc79e86f000-7fc79e870000 rw-p 00008000 08:0f 1319129                    /usr/lib/x86_64-linux-gnu/libthai.so.0.3.0
7fc79e870000-7fc79e891000 r-xp 00000000 08:0f 1319407                    /usr/lib/x86_64-linux-gnu/libxcb.so.1.1.0
7fc79e891000-7fc79ea90000 ---p 00021000 08:0f 1319407                    /usr/lib/x86_64-linux-gnu/libxcb.so.1.1.0
7fc79ea90000-7fc79ea91000 r--p 00020000 08:0f 1319407                    /usr/lib/x86_64-linux-gnu/libxcb.so.1.1.0
7fc79ea91000-7fc79ea92000 rw-p 00021000 08:0f 1319407                    /usr/lib/x86_64-linux-gnu/libxcb.so.1.1.0
7fc79ea92000-7fc79ea9a000 r-xp 00000000 08:0f 1319391                    /usr/lib/x86_64-linux-gnu/libxcb-render.so.0.0.0
7fc79ea9a000-7fc79ec9a000 ---p 00008000 08:0f 1319391                    /usr/lib/x86_64-linux-gnu/libxcb-render.so.0.0.0
7fc79ec9a000-7fc79ec9b000 r--p 00008000 08:0f 1319391                    /usr/lib/x86_64-linux-gnu/libxcb-render.so.0.0.0
7fc79ec9b000-7fc79ec9c000 rw-p 00009000 08:0f 1319391                    /usr/lib/x86_64-linux-gnu/libxcb-render.so.0.0.0
7fc79ec9c000-7fc79ec9e000 r-xp 00000000 08:0f 1319395                    /usr/lib/x86_64-linux-gnu/libxcb-shm.so.0.0.0
7fc79ec9e000-7fc79ee9e000 ---p 00002000 08:0f 1319395                    /usr/lib/x86_64-linux-gnu/libxcb-shm.so.0.0.0
7fc79ee9e000-7fc79ee9f000 r--p 00002000 08:0f 1319395                    /usr/lib/x86_64-linux-gnu/libxcb-shm.so.0.0.0
7fc79ee9f000-7fc79eea0000 rw-p 00003000 08:0f 1319395                    /usr/lib/x86_64-linux-gnu/libxcb-shm.so.0.0.0
7fc79eea0000-7fc79eed1000 r-xp 00000000 08:0f 1318920                    /usr/lib/x86_64-linux-gnu/libpng16.so.16.25.0
7fc79eed1000-7fc79f0d0000 ---p 00031000 08:0f 1318920                    /usr/lib/x86_64-linux-gnu/libpng16.so.16.25.0
7fc79f0d0000-7fc79f0d1000 r--p 00030000 08:0f 1318920                    /usr/lib/x86_64-linux-gnu/libpng16.so.16.25.0
7fc79f0d1000-7fc79f0d2000 rw-p 00031000 08:0f 1318920                    /usr/lib/x86_64-linux-gnu/libpng16.so.16.25.0
7fc79f0d2000-7fc79f171000 r-xp 00000000 08:0f 1318912                    /usr/lib/x86_64-linux-gnu/libpixman-1.so.0.33.6
7fc79f171000-7fc79f371000 ---p 0009f000 08:0f 1318912                    /usr/lib/x86_64-linux-gnu/libpixman-1.so.0.33.6
7fc79f371000-7fc79f379000 r--p 0009f000 08:0f 1318912                    /usr/lib/x86_64-linux-gnu/libpixman-1.so.0.33.6
7fc79f379000-7fc79f37a000 rw-p 000a7000 08:0f 1318912                    /usr/lib/x86_64-linux-gnu/libpixman-1.so.0.33.6
7fc79f37a000-7fc79f3f8000 r-xp 00000000 08:0f 1318541                    /usr/lib/x86_64-linux-gnu/libharfbuzz.so.0.10200.7
7fc79f3f8000-7fc79f5f8000 ---p 0007e000 08:0f 1318541                    /usr/lib/x86_64-linux-gnu/libharfbuzz.so.0.10200.7
7fc79f5f8000-7fc79f5f9000 r--p 0007e000 08:0f 1318541                    /usr/lib/x86_64-linux-gnu/libharfbuzz.so.0.10200.7
7fc79f5f9000-7fc79f5fa000 rw-p 0007f000 08:0f 1318541                    /usr/lib/x86_64-linux-gnu/libharfbuzz.so.0.10200.7
7fc79f5fa000-7fc79f640000 r-xp 00000000 08:0f 527943                     /lib/x86_64-linux-gnu/libmount.so.1.1.0
7fc79f640000-7fc79f83f000 ---p 00046000 08:0f 527943                     /lib/x86_64-linux-gnu/libmount.so.1.1.0
7fc79f83f000-7fc79f840000 r--p 00045000 08:0f 527943                     /lib/x86_64-linux-gnu/libmount.so.1.1.0
7fc79f840000-7fc79f841000 rw-p 00046000 08:0f 527943                     /lib/x86_64-linux-gnu/libmount.so.1.1.0
7fc79f841000-7fc79f842000 rw-p 00000000 00:00 0 
7fc79f842000-7fc79f859000 r-xp 00000000 08:0f 528272                     /lib/x86_64-linux-gnu/libresolv-2.24.so
7fc79f859000-7fc79fa59000 ---p 00017000 08:0f 528272                     /lib/x86_64-linux-gnu/libresolv-2.24.so
7fc79fa59000-7fc79fa5a000 r--p 00017000 08:0f 528272                     /lib/x86_64-linux-gnu/libresolv-2.24.so
7fc79fa5a000-7fc79fa5b000 rw-p 00018000 08:0f 528272                     /lib/x86_64-linux-gnu/libresolv-2.24.so
7fc79fa5b000-7fc79fa5d000 rw-p 00000000 00:00 0 
7fc79fa5d000-7fc79fa80000 r-xp 00000000 08:0f 528203                     /lib/x86_64-linux-gnu/libselinux.so.1
7fc79fa80000-7fc79fc7f000 ---p 00023000 08:0f 528203                     /lib/x86_64-linux-gnu/libselinux.so.1
7fc79fc7f000-7fc79fc80000 r--p 00022000 08:0f 528203                     /lib/x86_64-linux-gnu/libselinux.so.1
7fc79fc80000-7fc79fc81000 rw-p 00023000 08:0f 528203                     /lib/x86_64-linux-gnu/libselinux.so.1
7fc79fc81000-7fc79fc83000 rw-p 00000000 00:00 0 
7fc79fc83000-7fc79fc9c000 r-xp 00000000 08:0f 528232                     /lib/x86_64-linux-gnu/libz.so.1.2.8
7fc79fc9c000-7fc79fe9b000 ---p 00019000 08:0f 528232                     /lib/x86_64-linux-gnu/libz.so.1.2.8
7fc79fe9b000-7fc79fe9c000 r--p 00018000 08:0f 528232                     /lib/x86_64-linux-gnu/libz.so.1.2.8
7fc79fe9c000-7fc79fe9d000 rw-p 00019000 08:0f 528232                     /lib/x86_64-linux-gnu/libz.so.1.2.8
7fc79fe9d000-7fc79feae000 r-xp 00000000 08:0f 1317886                    /usr/lib/x86_64-linux-gnu/libXext.so.6.4.0
7fc79feae000-7fc7a00ad000 ---p 00011000 08:0f 1317886                    /usr/lib/x86_64-linux-gnu/libXext.so.6.4.0
7fc7a00ad000-7fc7a00ae000 r--p 00010000 08:0f 1317886                    /usr/lib/x86_64-linux-gnu/libXext.so.6.4.0
7fc7a00ae000-7fc7a00af000 rw-p 00011000 08:0f 1317886                    /usr/lib/x86_64-linux-gnu/libXext.so.6.4.0
7fc7a00af000-7fc7a00b1000 r-xp 00000000 08:0f 1317882                    /usr/lib/x86_64-linux-gnu/libXdamage.so.1.1.0
7fc7a00b1000-7fc7a02b0000 ---p 00002000 08:0f 1317882                    /usr/lib/x86_64-linux-gnu/libXdamage.so.1.1.0
7fc7a02b0000-7fc7a02b1000 r--p 00001000 08:0f 1317882                    /usr/lib/x86_64-linux-gnu/libXdamage.so.1.1.0
7fc7a02b1000-7fc7a02b2000 rw-p 00002000 08:0f 1317882                    /usr/lib/x86_64-linux-gnu/libXdamage.so.1.1.0
7fc7a02b2000-7fc7a02b4000 r-xp 00000000 08:0f 1317878                    /usr/lib/x86_64-linux-gnu/libXcomposite.so.1.0.0
7fc7a02b4000-7fc7a04b3000 ---p 00002000 08:0f 1317878                    /usr/lib/x86_64-linux-gnu/libXcomposite.so.1.0.0
7fc7a04b3000-7fc7a04b4000 r--p 00001000 08:0f 1317878                    /usr/lib/x86_64-linux-gnu/libXcomposite.so.1.0.0
7fc7a04b4000-7fc7a04b5000 rw-p 00002000 08:0f 1317878                    /usr/lib/x86_64-linux-gnu/libXcomposite.so.1.0.0
7fc7a04b5000-7fc7a04be000 r-xp 00000000 08:0f 1317880                    /usr/lib/x86_64-linux-gnu/libXcursor.so.1.0.2
7fc7a04be000-7fc7a06bd000 ---p 00009000 08:0f 1317880                    /usr/lib/x86_64-linux-gnu/libXcursor.so.1.0.2
7fc7a06bd000-7fc7a06be000 r--p 00008000 08:0f 1317880                    /usr/lib/x86_64-linux-gnu/libXcursor.so.1.0.2
7fc7a06be000-7fc7a06bf000 rw-p 00009000 08:0f 1317880                    /usr/lib/x86_64-linux-gnu/libXcursor.so.1.0.2
7fc7a06bf000-7fc7a06c9000 r-xp 00000000 08:0f 1317904                    /usr/lib/x86_64-linux-gnu/libXrandr.so.2.2.0
7fc7a06c9000-7fc7a08c8000 ---p 0000a000 08:0f 1317904                    /usr/lib/x86_64-linux-gnu/libXrandr.so.2.2.0
7fc7a08c8000-7fc7a08c9000 r--p 00009000 08:0f 1317904                    /usr/lib/x86_64-linux-gnu/libXrandr.so.2.2.0
7fc7a08c9000-7fc7a08ca000 rw-p 0000a000 08:0f 1317904                    /usr/lib/x86_64-linux-gnu/libXrandr.so.2.2.0
7fc7a08ca000-7fc7a08d9000 r-xp 00000000 08:0f 1317894                    /usr/lib/x86_64-linux-gnu/libXi.so.6.1.0
7fc7a08d9000-7fc7a0ad8000 ---p 0000f000 08:0f 1317894                    /usr/lib/x86_64-linux-gnu/libXi.so.6.1.0
7fc7a0ad8000-7fc7a0ad9000 r--p 0000e000 08:0f 1317894                    /usr/lib/x86_64-linux-gnu/libXi.so.6.1.0
7fc7a0ad9000-7fc7a0ada000 rw-p 0000f000 08:0f 1317894                    /usr/lib/x86_64-linux-gnu/libXi.so.6.1.0
7fc7a0ada000-7fc7a0adc000 r-xp 00000000 08:0f 1317896                    /usr/lib/x86_64-linux-gnu/libXinerama.so.1.0.0
7fc7a0adc000-7fc7a0cdb000 ---p 00002000 08:0f 1317896                    /usr/lib/x86_64-linux-gnu/libXinerama.so.1.0.0
7fc7a0cdb000-7fc7a0cdc000 r--p 00001000 08:0f 1317896                    /usr/lib/x86_64-linux-gnu/libXinerama.so.1.0.0
7fc7a0cdc000-7fc7a0cdd000 rw-p 00002000 08:0f 1317896                    /usr/lib/x86_64-linux-gnu/libXinerama.so.1.0.0
7fc7a0cdd000-7fc7a0ce6000 r-xp 00000000 08:0f 1317906                    /usr/lib/x86_64-linux-gnu/libXrender.so.1.3.0
7fc7a0ce6000-7fc7a0ee5000 ---p 00009000 08:0f 1317906                    /usr/lib/x86_64-linux-gnu/libXrender.so.1.3.0
7fc7a0ee5000-7fc7a0ee6000 r--p 00008000 08:0f 1317906                    /usr/lib/x86_64-linux-gnu/libXrender.so.1.3.0
7fc7a0ee6000-7fc7a0ee7000 rw-p 00009000 08:0f 1317906                    /usr/lib/x86_64-linux-gnu/libXrender.so.1.3.0
7fc7a0ee7000-7fc7a0eec000 r-xp 00000000 08:0f 1317888                    /usr/lib/x86_64-linux-gnu/libXfixes.so.3.1.0
7fc7a0eec000-7fc7a10eb000 ---p 00005000 08:0f 1317888                    /usr/lib/x86_64-linux-gnu/libXfixes.so.3.1.0
7fc7a10eb000-7fc7a10ec000 r--p 00004000 08:0f 1317888                    /usr/lib/x86_64-linux-gnu/libXfixes.so.3.1.0
7fc7a10ec000-7fc7a10ed000 rw-p 00005000 08:0f 1317888                    /usr/lib/x86_64-linux-gnu/libXfixes.so.3.1.0
7fc7a10ed000-7fc7a1103000 r-xp 00000000 08:0f 528088                     /lib/x86_64-linux-gnu/libgcc_s.so.1
7fc7a1103000-7fc7a1302000 ---p 00016000 08:0f 528088                     /lib/x86_64-linux-gnu/libgcc_s.so.1
7fc7a1302000-7fc7a1303000 r--p 00015000 08:0f 528088                     /lib/x86_64-linux-gnu/libgcc_s.so.1
7fc7a1303000-7fc7a1304000 rw-p 00016000 08:0f 528088                     /lib/x86_64-linux-gnu/libgcc_s.so.1
7fc7a1304000-7fc7a147c000 r-xp 00000000 08:0f 1319101                    /usr/lib/x86_64-linux-gnu/libstdc++.so.6.0.22
7fc7a147c000-7fc7a167c000 ---p 00178000 08:0f 1319101                    /usr/lib/x86_64-linux-gnu/libstdc++.so.6.0.22
7fc7a167c000-7fc7a1686000 r--p 00178000 08:0f 1319101                    /usr/lib/x86_64-linux-gnu/libstdc++.so.6.0.22
7fc7a1686000-7fc7a1688000 rw-p 00182000 08:0f 1319101                    /usr/lib/x86_64-linux-gnu/libstdc++.so.6.0.22
7fc7a1688000-7fc7a168c000 rw-p 00000000 00:00 0 
7fc7a168c000-7fc7a16fc000 r-xp 00000000 08:0f 1571965                    /usr/lib/x86_64-linux-gnu/mesa/libGL.so.1.2.0
7fc7a16fc000-7fc7a18fb000 ---p 00070000 08:0f 1571965                    /usr/lib/x86_64-linux-gnu/mesa/libGL.so.1.2.0
7fc7a18fb000-7fc7a18fe000 r--p 0006f000 08:0f 1571965                    /usr/lib/x86_64-linux-gnu/mesa/libGL.so.1.2.0
7fc7a18fe000-7fc7a18ff000 rw-p 00072000 08:0f 1571965                    /usr/lib/x86_64-linux-gnu/mesa/libGL.so.1.2.0
7fc7a18ff000-7fc7a1900000 rw-p 00000000 00:00 0 
7fc7a1900000-7fc7a1905000 r-xp 00000000 08:0f 1317922                    /usr/lib/x86_64-linux-gnu/libXxf86vm.so.1.0.0
7fc7a1905000-7fc7a1b04000 ---p 00005000 08:0f 1317922                    /usr/lib/x86_64-linux-gnu/libXxf86vm.so.1.0.0
7fc7a1b04000-7fc7a1b05000 r--p 00004000 08:0f 1317922                    /usr/lib/x86_64-linux-gnu/libXxf86vm.so.1.0.0
7fc7a1b05000-7fc7a1b06000 rw-p 00005000 08:0f 1317922                    /usr/lib/x86_64-linux-gnu/libXxf86vm.so.1.0.0
7fc7a1b06000-7fc7a1c3b000 r-xp 00000000 08:0f 1317869                    /usr/lib/x86_64-linux-gnu/libX11.so.6.3.0
7fc7a1c3b000-7fc7a1e3a000 ---p 00135000 08:0f 1317869                    /usr/lib/x86_64-linux-gnu/libX11.so.6.3.0
7fc7a1e3a000-7fc7a1e3b000 r--p 00134000 08:0f 1317869                    /usr/lib/x86_64-linux-gnu/libX11.so.6.3.0
7fc7a1e3b000-7fc7a1e3f000 rw-p 00135000 08:0f 1317869                    /usr/lib/x86_64-linux-gnu/libX11.so.6.3.0
7fc7a1e3f000-7fc7a1e44000 r-xp 00000000 08:0f 1317912                    /usr/lib/x86_64-linux-gnu/libXtst.so.6.1.0
7fc7a1e44000-7fc7a2043000 ---p 00005000 08:0f 1317912                    /usr/lib/x86_64-linux-gnu/libXtst.so.6.1.0
7fc7a2043000-7fc7a2044000 r--p 00004000 08:0f 1317912                    /usr/lib/x86_64-linux-gnu/libXtst.so.6.1.0
7fc7a2044000-7fc7a2045000 rw-p 00005000 08:0f 1317912                    /usr/lib/x86_64-linux-gnu/libXtst.so.6.1.0
7fc7a2045000-7fc7a2157000 r-xp 00000000 08:0f 527958                     /lib/x86_64-linux-gnu/libglib-2.0.so.0.5000.2
7fc7a2157000-7fc7a2356000 ---p 00112000 08:0f 527958                     /lib/x86_64-linux-gnu/libglib-2.0.so.0.5000.2
7fc7a2356000-7fc7a2357000 r--p 00111000 08:0f 527958                     /lib/x86_64-linux-gnu/libglib-2.0.so.0.5000.2
7fc7a2357000-7fc7a2358000 rw-p 00112000 08:0f 527958                     /lib/x86_64-linux-gnu/libglib-2.0.so.0.5000.2
7fc7a2358000-7fc7a2359000 rw-p 00000000 00:00 0 
7fc7a2359000-7fc7a235a000 r-xp 00000000 08:0f 1308620                    /usr/lib/x86_64-linux-gnu/libgthread-2.0.so.0.5000.2
7fc7a235a000-7fc7a2559000 ---p 00001000 08:0f 1308620                    /usr/lib/x86_64-linux-gnu/libgthread-2.0.so.0.5000.2
7fc7a2559000-7fc7a255a000 r--p 00000000 08:0f 1308620                    /usr/lib/x86_64-linux-gnu/libgthread-2.0.so.0.5000.2
7fc7a255a000-7fc7a255b000 rw-p 00001000 08:0f 1308620                    /usr/lib/x86_64-linux-gnu/libgthread-2.0.so.0.5000.2
7fc7a255b000-7fc7a255e000 r-xp 00000000 08:0f 1308595                    /usr/lib/x86_64-linux-gnu/libgmodule-2.0.so.0.5000.2
7fc7a255e000-7fc7a275d000 ---p 00003000 08:0f 1308595                    /usr/lib/x86_64-linux-gnu/libgmodule-2.0.so.0.5000.2
7fc7a275d000-7fc7a275e000 r--p 00002000 08:0f 1308595                    /usr/lib/x86_64-linux-gnu/libgmodule-2.0.so.0.5000.2
7fc7a275e000-7fc7a275f000 rw-p 00003000 08:0f 1308595                    /usr/lib/x86_64-linux-gnu/libgmodule-2.0.so.0.5000.2
7fc7a275f000-7fc7a27b1000 r-xp 00000000 08:0f 1308617                    /usr/lib/x86_64-linux-gnu/libgobject-2.0.so.0.5000.2
7fc7a27b1000-7fc7a29b0000 ---p 00052000 08:0f 1308617                    /usr/lib/x86_64-linux-gnu/libgobject-2.0.so.0.5000.2
7fc7a29b0000-7fc7a29b1000 r--p 00051000 08:0f 1308617                    /usr/lib/x86_64-linux-gnu/libgobject-2.0.so.0.5000.2
7fc7a29b1000-7fc7a29b2000 rw-p 00052000 08:0f 1308617                    /usr/lib/x86_64-linux-gnu/libgobject-2.0.so.0.5000.2
7fc7a29b2000-7fc7a29ef000 r-xp 00000000 08:0f 1318288                    /usr/lib/x86_64-linux-gnu/libfontconfig.so.1.9.0
7fc7a29ef000-7fc7a2bee000 ---p 0003d000 08:0f 1318288                    /usr/lib/x86_64-linux-gnu/libfontconfig.so.1.9.0
7fc7a2bee000-7fc7a2bf0000 r--p 0003c000 08:0f 1318288                    /usr/lib/x86_64-linux-gnu/libfontconfig.so.1.9.0
7fc7a2bf0000-7fc7a2bf5000 rw-p 0003e000 08:0f 1318288                    /usr/lib/x86_64-linux-gnu/libfontconfig.so.1.9.0
7fc7a2bf5000-7fc7a2c9c000 r-xp 00000000 08:0f 1309727                    /usr/lib/x86_64-linux-gnu/libfreetype.so.6.12.3
7fc7a2c9c000-7fc7a2e9b000 ---p 000a7000 08:0f 1309727                    /usr/lib/x86_64-linux-gnu/libfreetype.so.6.12.3
7fc7a2e9b000-7fc7a2ea1000 r--p 000a6000 08:0f 1309727                    /usr/lib/x86_64-linux-gnu/libfreetype.so.6.12.3
7fc7a2ea1000-7fc7a2ea2000 rw-p 000ac000 08:0f 1309727                    /usr/lib/x86_64-linux-gnu/libfreetype.so.6.12.3
7fc7a2ea2000-7fc7a2eeb000 r-xp 00000000 08:0f 1318880                    /usr/lib/x86_64-linux-gnu/libpango-1.0.so.0.4000.1
7fc7a2eeb000-7fc7a30eb000 ---p 00049000 08:0f 1318880                    /usr/lib/x86_64-linux-gnu/libpango-1.0.so.0.4000.1
7fc7a30eb000-7fc7a30ed000 r--p 00049000 08:0f 1318880                    /usr/lib/x86_64-linux-gnu/libpango-1.0.so.0.4000.1
7fc7a30ed000-7fc7a30ee000 rw-p 0004b000 08:0f 1318880                    /usr/lib/x86_64-linux-gnu/libpango-1.0.so.0.4000.1
7fc7a30ee000-7fc7a31fc000 r-xp 00000000 08:0f 1318039                    /usr/lib/x86_64-linux-gnu/libcairo.so.2.11400.6
7fc7a31fc000-7fc7a33fb000 ---p 0010e000 08:0f 1318039                    /usr/lib/x86_64-linux-gnu/libcairo.so.2.11400.6
7fc7a33fb000-7fc7a33fe000 r--p 0010d000 08:0f 1318039                    /usr/lib/x86_64-linux-gnu/libcairo.so.2.11400.6
7fc7a33fe000-7fc7a33ff000 rw-p 00110000 08:0f 1318039                    /usr/lib/x86_64-linux-gnu/libcairo.so.2.11400.6
7fc7a33ff000-7fc7a3401000 rw-p 00000000 00:00 0 
7fc7a3401000-7fc7a340d000 r-xp 00000000 08:0f 1318882                    /usr/lib/x86_64-linux-gnu/libpangocairo-1.0.so.0.4000.1
7fc7a340d000-7fc7a360c000 ---p 0000c000 08:0f 1318882                    /usr/lib/x86_64-linux-gnu/libpangocairo-1.0.so.0.4000.1
7fc7a360c000-7fc7a360d000 r--p 0000b000 08:0f 1318882                    /usr/lib/x86_64-linux-gnu/libpangocairo-1.0.so.0.4000.1
7fc7a360d000-7fc7a360e000 rw-p 0000c000 08:0f 1318882                    /usr/lib/x86_64-linux-gnu/libpangocairo-1.0.so.0.4000.1
7fc7a360e000-7fc7a362f000 r-xp 00000000 08:0f 1318363                    /usr/lib/x86_64-linux-gnu/libgdk_pixbuf-2.0.so.0.3400.0
7fc7a362f000-7fc7a382e000 ---p 00021000 08:0f 1318363                    /usr/lib/x86_64-linux-gnu/libgdk_pixbuf-2.0.so.0.3400.0
7fc7a382e000-7fc7a382f000 r--p 00020000 08:0f 1318363                    /usr/lib/x86_64-linux-gnu/libgdk_pixbuf-2.0.so.0.3400.0
7fc7a382f000-7fc7a3830000 rw-p 00021000 08:0f 1318363                    /usr/lib/x86_64-linux-gnu/libgdk_pixbuf-2.0.so.0.3400.0
7fc7a3830000-7fc7a3844000 r-xp 00000000 08:0f 1318884                    /usr/lib/x86_64-linux-gnu/libpangoft2-1.0.so.0.4000.1
7fc7a3844000-7fc7a3a44000 ---p 00014000 08:0f 1318884                    /usr/lib/x86_64-linux-gnu/libpangoft2-1.0.so.0.4000.1
7fc7a3a44000-7fc7a3a45000 r--p 00014000 08:0f 1318884                    /usr/lib/x86_64-linux-gnu/libpangoft2-1.0.so.0.4000.1
7fc7a3a45000-7fc7a3a46000 rw-p 00015000 08:0f 1318884                    /usr/lib/x86_64-linux-gnu/libpangoft2-1.0.so.0.4000.1
7fc7a3a46000-7fc7a3bd3000 r-xp 00000000 08:0f 1308571                    /usr/lib/x86_64-linux-gnu/libgio-2.0.so.0.5000.2
7fc7a3bd3000-7fc7a3dd2000 ---p 0018d000 08:0f 1308571                    /usr/lib/x86_64-linux-gnu/libgio-2.0.so.0.5000.2
7fc7a3dd2000-7fc7a3dd7000 r--p 0018c000 08:0f 1308571                    /usr/lib/x86_64-linux-gnu/libgio-2.0.so.0.5000.2
7fc7a3dd7000-7fc7a3dda000 rw-p 00191000 08:0f 1308571                    /usr/lib/x86_64-linux-gnu/libgio-2.0.so.0.5000.2
7fc7a3dda000-7fc7a3ddb000 rw-p 00000000 00:00 0 
7fc7a3ddb000-7fc7a3dfd000 r-xp 00000000 08:0f 1317973                    /usr/lib/x86_64-linux-gnu/libatk-1.0.so.0.22009.1
7fc7a3dfd000-7fc7a3ffc000 ---p 00022000 08:0f 1317973                    /usr/lib/x86_64-linux-gnu/libatk-1.0.so.0.22009.1
7fc7a3ffc000-7fc7a3fff000 r--p 00021000 08:0f 1317973                    /usr/lib/x86_64-linux-gnu/libatk-1.0.so.0.22009.1
7fc7a3fff000-7fc7a4000000 rw-p 00024000 08:0f 1317973                    /usr/lib/x86_64-linux-gnu/libatk-1.0.so.0.22009.1
7fc7a4000000-7fc7a4021000 rw-p 00000000 00:00 0 
7fc7a4021000-7fc7a8000000 ---p 00000000 00:00 0 
7fc7a8000000-7fc7a9eb0000 rw-p 00000000 00:00 0 
7fc7a9eb0000-7fc7ac000000 ---p 00000000 00:00 0 
7fc7ac000000-7fc7ac926000 rw-p 00000000 00:00 0 
7fc7ac926000-7fc7b0000000 ---p 00000000 00:00 0 
7fc7b0000000-7fc7b0021000 rw-p 00000000 00:00 0 
7fc7b0021000-7fc7b4000000 ---p 00000000 00:00 0 
7fc7b4000000-7fc7b44dc000 rw-p 00000000 00:00 0 
7fc7b44dc000-7fc7b8000000 ---p 00000000 00:00 0 
7fc7b8000000-7fc7b858b000 rw-p 00000000 00:00 0 
7fc7b858b000-7fc7bc000000 ---p 00000000 00:00 0 
7fc7bc000000-7fc7bc021000 rw-p 00000000 00:00 0 
7fc7bc021000-7fc7c0000000 ---p 00000000 00:00 0 
7fc7c0000000-7fc7c04f3000 rw-p 00000000 00:00 0 
7fc7c04f3000-7fc7c4000000 ---p 00000000 00:00 0 
7fc7c4000000-7fc7c4021000 rw-p 00000000 00:00 0 
7fc7c4021000-7fc7c8000000 ---p 00000000 00:00 0 
7fc7c8000000-7fc7c8021000 rw-p 00000000 00:00 0 
7fc7c8021000-7fc7cc000000 ---p 00000000 00:00 0 
7fc7cc000000-7fc7cc021000 rw-p 00000000 00:00 0 
7fc7cc021000-7fc7d0000000 ---p 00000000 00:00 0 
7fc7d0000000-7fc7d0008000 rw-s 00000000 00:05 1177843                    /drm mm object (deleted)
7fc7d0008000-7fc7d0056000 r--p 00000000 08:0f 1713186                    /usr/lib/jvm/oracle_jdk8/jre/lib/fonts/LucidaSansDemiBold.ttf
7fc7d0056000-7fc7d0069000 r--p 00000000 08:0f 1713191                    /usr/lib/jvm/oracle_jdk8/jre/lib/fonts/LucidaBrightDemiBold.ttf
7fc7d0069000-7fc7d00a5000 r--p 00000000 08:0f 1713189                    /usr/lib/jvm/oracle_jdk8/jre/lib/fonts/LucidaTypewriterRegular.ttf
7fc7d00a5000-7fc7d00aa000 r--s 00084000 08:0f 1573685                    /usr/lib/jvm/oracle_jdk8/jre/lib/jfr.jar
7fc7d00aa000-7fc7d00ae000 r--s 00097000 08:0f 1587686                    /usr/lib/jvm/oracle_jdk8/jre/lib/jsse.jar
7fc7d00ae000-7fc7d00b4000 r--s 002f8000 08:0f 1587656                    /usr/lib/jvm/oracle_jdk8/jre/lib/charsets.jar
7fc7d00b4000-7fc7d00bf000 r--s 00000000 08:0f 134039                     /var/cache/fontconfig/945677eb7aeaf62f1d50efc3fb3ec7d8-le64.cache-6
7fc7d00bf000-7fc7d00c5000 r--s 00000000 08:0f 134020                     /var/cache/fontconfig/2cd17615ca594fa2959ae173292e504c-le64.cache-6
7fc7d00c5000-7fc7d00c6000 r--s 00000000 08:0f 134017                     /var/cache/fontconfig/0d8c3b2ac0904cb8a57a757ad11a4a08-le64.cache-6
7fc7d00c6000-7fc7d00ca000 r--s 00000000 08:0f 132419                     /var/cache/fontconfig/de156ccd2eddbdc19d37a45b8b2aac9c-le64.cache-6
7fc7d00ca000-7fc7d00df000 r--s 00000000 08:0f 134013                     /var/cache/fontconfig/04aabc0a78ac019cf9454389977116d2-le64.cache-6
7fc7d00df000-7fc7d00e3000 r--s 00000000 08:0f 134024                     /var/cache/fontconfig/385c0604a188198f04d133e54aba7fe7-le64.cache-6
7fc7d00e3000-7fc7d00e6000 r--s 00000000 08:0f 134035                     /var/cache/fontconfig/767a8244fc0220cfb567a839d0392e0b-le64.cache-6
7fc7d00e6000-7fc7d00eb000 r--s 00000000 08:0f 134038                     /var/cache/fontconfig/8801497958630a81b71ace7c5f9b32a8-le64.cache-6
7fc7d00eb000-7fc7d019b000 r-xp 00000000 08:0f 1314085                    /usr/lib/x86_64-linux-gnu/libgdk-x11-2.0.so.0.2400.30
7fc7d019b000-7fc7d039a000 ---p 000b0000 08:0f 1314085                    /usr/lib/x86_64-linux-gnu/libgdk-x11-2.0.so.0.2400.30
7fc7d039a000-7fc7d039e000 r--p 000af000 08:0f 1314085                    /usr/lib/x86_64-linux-gnu/libgdk-x11-2.0.so.0.2400.30
7fc7d039e000-7fc7d03a0000 rw-p 000b3000 08:0f 1314085                    /usr/lib/x86_64-linux-gnu/libgdk-x11-2.0.so.0.2400.30
7fc7d03a0000-7fc7d07de000 r-xp 00000000 08:0f 1314087                    /usr/lib/x86_64-linux-gnu/libgtk-x11-2.0.so.0.2400.30
7fc7d07de000-7fc7d09de000 ---p 0043e000 08:0f 1314087                    /usr/lib/x86_64-linux-gnu/libgtk-x11-2.0.so.0.2400.30
7fc7d09de000-7fc7d09e5000 r--p 0043e000 08:0f 1314087                    /usr/lib/x86_64-linux-gnu/libgtk-x11-2.0.so.0.2400.30
7fc7d09e5000-7fc7d09e9000 rw-p 00445000 08:0f 1314087                    /usr/lib/x86_64-linux-gnu/libgtk-x11-2.0.so.0.2400.30
7fc7d09e9000-7fc7d09ec000 rw-p 00000000 00:00 0 
7fc7d09ec000-7fc7d09f8000 r-xp 00000000 08:0f 1587742                    /usr/lib/jvm/oracle_jdk8/jre/lib/amd64/libprism_es2.so
7fc7d09f8000-7fc7d0bf7000 ---p 0000c000 08:0f 1587742                    /usr/lib/jvm/oracle_jdk8/jre/lib/amd64/libprism_es2.so
7fc7d0bf7000-7fc7d0bf8000 rw-p 0000b000 08:0f 1587742                    /usr/lib/jvm/oracle_jdk8/jre/lib/amd64/libprism_es2.so
7fc7d0bf8000-7fc7d0bfb000 ---p 00000000 00:00 0 
7fc7d0bfb000-7fc7d0cf9000 rw-p 00000000 00:00 0 
7fc7d0cf9000-7fc7d0d8e000 r--s 01103000 08:0f 2243419                    /usr/lib/jvm/oracle_jdk8/jre/lib/ext/jfxrt.jar
7fc7d0d8e000-7fc7d0d8f000 ---p 00000000 00:00 0 
7fc7d0d8f000-7fc7d0e8f000 rw-p 00000000 00:00 0 
7fc7d0e8f000-7fc7d0e92000 ---p 00000000 00:00 0 
7fc7d0e92000-7fc7d0f90000 rw-p 00000000 00:00 0 
7fc7d0f90000-7fc7d0f93000 ---p 00000000 00:00 0 
7fc7d0f93000-7fc7d1091000 rw-p 00000000 00:00 0 
7fc7d1091000-7fc7d1094000 ---p 00000000 00:00 0 
7fc7d1094000-7fc7d1192000 rw-p 00000000 00:00 0 
7fc7d1192000-7fc7d1195000 ---p 00000000 00:00 0 
7fc7d1195000-7fc7d1293000 rw-p 00000000 00:00 0 
7fc7d1293000-7fc7d1296000 ---p 00000000 00:00 0 
7fc7d1296000-7fc7d1394000 rw-p 00000000 00:00 0 
7fc7d1394000-7fc7d1397000 ---p 00000000 00:00 0 
7fc7d1397000-7fc7d1495000 rw-p 00000000 00:00 0 
7fc7d1495000-7fc7d176e000 r--p 00000000 08:0f 1317515                    /usr/lib/locale/locale-archive
7fc7d176e000-7fc7d1771000 ---p 00000000 00:00 0 
7fc7d1771000-7fc7d186f000 rw-p 00000000 00:00 0 
7fc7d186f000-7fc7d1872000 ---p 00000000 00:00 0 
7fc7d1872000-7fc7d1970000 rw-p 00000000 00:00 0 
7fc7d1970000-7fc7d1971000 ---p 00000000 00:00 0 
7fc7d1971000-7fc7d348b000 rw-p 00000000 00:00 0 
7fc7d348b000-7fc7d3664000 r--s 03d1f000 08:0f 1587658                    /usr/lib/jvm/oracle_jdk8/jre/lib/rt.jar
7fc7d3664000-7fc7d8000000 rw-p 00000000 00:00 0 
7fc7d8000000-7fc7d8021000 rw-p 00000000 00:00 0 
7fc7d8021000-7fc7dc000000 ---p 00000000 00:00 0 
7fc7dc000000-7fc7dc021000 rw-p 00000000 00:00 0 
7fc7dc021000-7fc7e0000000 ---p 00000000 00:00 0 
7fc7e0000000-7fc7e0021000 rw-p 00000000 00:00 0 
7fc7e0021000-7fc7e4000000 ---p 00000000 00:00 0 
7fc7e4000000-7fc7e4021000 rw-p 00000000 00:00 0 
7fc7e4021000-7fc7e8000000 ---p 00000000 00:00 0 
7fc7e8000000-7fc7e8021000 rw-p 00000000 00:00 0 
7fc7e8021000-7fc7ec000000 ---p 00000000 00:00 0 
7fc7ec000000-7fc7ec021000 rw-p 00000000 00:00 0 
7fc7ec021000-7fc7f0000000 ---p 00000000 00:00 0 
7fc7f0000000-7fc7f0021000 rw-p 00000000 00:00 0 
7fc7f0021000-7fc7f4000000 ---p 00000000 00:00 0 
7fc7f4000000-7fc7f4021000 rw-p 00000000 00:00 0 
7fc7f4021000-7fc7f8000000 ---p 00000000 00:00 0 
7fc7f8000000-7fc7f8001000 r--s 00000000 08:0f 134019                     /var/cache/fontconfig/1ac9eb803944fde146138c791f5cc56a-le64.cache-6
7fc7f8001000-7fc7f8002000 r--s 00000000 08:0f 134052                     /var/cache/fontconfig/dc05db6664285cc2f12bf69c139ae4c3-le64.cache-6
7fc7f8002000-7fc7f8003000 r--s 00000000 08:0f 132299                     /var/cache/fontconfig/4794a0821666d79190d59a36cb4f44b5-le64.cache-6
7fc7f8003000-7fc7f8004000 r--s 00000000 08:0f 134015                     /var/cache/fontconfig/0bd3dc0958fa2205aaaa8ebb13e2872b-le64.cache-6
7fc7f8004000-7fc7f8008000 r--s 00000000 08:0f 132418                     /var/cache/fontconfig/c57959a16110560c8d0fcea73374aeeb-le64.cache-6
7fc7f8008000-7fc7f800e000 r--s 00000000 08:0f 134021                     /var/cache/fontconfig/3047814df9a2f067bd2d96a2b9c36e5a-le64.cache-6
7fc7f800e000-7fc7f8014000 r--s 00000000 08:0f 134043                     /var/cache/fontconfig/b47c4e1ecd0709278f4910c18777a504-le64.cache-6
7fc7f8014000-7fc7f8027000 r--s 00000000 08:0f 134049                     /var/cache/fontconfig/d52a8644073d54c13679302ca1180695-le64.cache-6
7fc7f8027000-7fc7f8033000 r--s 00000000 08:0f 134698                     /var/cache/fontconfig/d589a48862398ed80a3d6066f4f56f4c-le64.cache-6
7fc7f8033000-7fc7f803e000 r--s 00000000 08:0f 134037                     /var/cache/fontconfig/83bf95040141907cd45bb53cf7c1c148-le64.cache-6
7fc7f803e000-7fc7f8087000 r--p 00000000 08:0f 1703186                    /usr/share/glib-2.0/schemas/gschemas.compiled
7fc7f8087000-7fc7f8188000 rw-p 00000000 00:00 0 
7fc7f8188000-7fc7f8189000 ---p 00000000 00:00 0 
7fc7f8189000-7fc7f8289000 rw-p 00000000 00:00 0 
7fc7f8289000-7fc7f828a000 ---p 00000000 00:00 0 
7fc7f828a000-7fc7f838a000 rw-p 00000000 00:00 0 
7fc7f838a000-7fc7f838b000 ---p 00000000 00:00 0 
7fc7f838b000-7fc7f848b000 rw-p 00000000 00:00 0 
7fc7f848b000-7fc7f848c000 ---p 00000000 00:00 0 
7fc7f848c000-7fc7f858c000 rw-p 00000000 00:00 0 
7fc7f858c000-7fc7f858d000 ---p 00000000 00:00 0 
7fc7f858d000-7fc7f868d000 rw-p 00000000 00:00 0 
7fc7f868d000-7fc7f868e000 ---p 00000000 00:00 0 
7fc7f868e000-7fc7f878e000 rw-p 00000000 00:00 0 
7fc7f878e000-7fc7f878f000 ---p 00000000 00:00 0 
7fc7f878f000-7fc7f888f000 rw-p 00000000 00:00 0 
7fc7f888f000-7fc7f8890000 ---p 00000000 00:00 0 
7fc7f8890000-7fc7f89a9000 rw-p 00000000 00:00 0 
7fc7f89a9000-7fc7f8c23000 ---p 00000000 00:00 0 
7fc7f8c23000-7fc7f8c3c000 rw-p 00000000 00:00 0 
7fc7f8c3c000-7fc7f8eb5000 ---p 00000000 00:00 0 
7fc7f8eb5000-7fc7f8ecb000 rw-p 00000000 00:00 0 
7fc7f8ecb000-7fc7f8fff000 ---p 00000000 00:00 0 
7fc7f8fff000-7fc7f9000000 rw-p 00000000 00:00 0 
7fc7f9000000-7fc7f9950000 rwxp 00000000 00:00 0 
7fc7f9950000-7fc808000000 ---p 00000000 00:00 0 
7fc808000000-7fc808577000 rw-p 00000000 00:00 0 
7fc808577000-7fc80c000000 ---p 00000000 00:00 0 
7fc80c000000-7fc80c001000 r--s 00000000 08:0f 134045                     /var/cache/fontconfig/bab58bb527bb656aaa9f116d68a48d89-le64.cache-6
7fc80c001000-7fc80c002000 r--s 00000000 08:0f 134029                     /var/cache/fontconfig/56cf4f4769d0f4abc89a4895d7bd3ae1-le64.cache-6
7fc80c002000-7fc80c003000 r--s 00000000 08:0f 134044                     /var/cache/fontconfig/b9d506c9ac06c20b433354fa67a72993-le64.cache-6
7fc80c003000-7fc80c004000 r--s 00000000 08:0f 134028                     /var/cache/fontconfig/551ecf3b0e8b0bca0f25c0944f561853-le64.cache-6
7fc80c004000-7fc80c005000 r--s 00000000 08:0f 134025                     /var/cache/fontconfig/3f7329c5293ffd510edef78f73874cfd-le64.cache-6
7fc80c005000-7fc80c006000 r--s 00000000 08:0f 134022                     /var/cache/fontconfig/30829fa25452a46451e813d634d7f916-le64.cache-6
7fc80c006000-7fc80c009000 r--s 00000000 08:0f 134034                     /var/cache/fontconfig/75114ca45c98e8a441da0ff356701271-le64.cache-6
7fc80c009000-7fc80c01b000 r--s 00000000 08:0f 134041                     /var/cache/fontconfig/9b89f8e3dae116d678bbf48e5f21f69b-le64.cache-6
7fc80c01b000-7fc80c01e000 r--s 00000000 08:0f 134053                     /var/cache/fontconfig/e13b20fdb08344e0e664864cc2ede53d-le64.cache-6
7fc80c01e000-7fc80c033000 r--s 0022c000 08:0f 2240578                    /home/shahsparx/NetBeansProjects/UCET_ACCOUNTS/dist/run1108342267/lib/jfoenix.jar
7fc80c033000-7fc80c051000 r-xp 00000000 08:0f 523353                     /lib/x86_64-linux-gnu/libudev.so.1.6.5
7fc80c051000-7fc80c052000 ---p 0001e000 08:0f 523353                     /lib/x86_64-linux-gnu/libudev.so.1.6.5
7fc80c052000-7fc80c053000 r--p 0001e000 08:0f 523353                     /lib/x86_64-linux-gnu/libudev.so.1.6.5
7fc80c053000-7fc80c054000 rw-p 0001f000 08:0f 523353                     /lib/x86_64-linux-gnu/libudev.so.1.6.5
7fc80c054000-7fc80c058000 r--s 00000000 08:0f 132314                     /var/cache/fontconfig/7ef2298fde41cc6eeb7af42e48b7d293-le64.cache-6
7fc80c058000-7fc80c062000 r--s 000e7000 08:0f 2240579                    /home/shahsparx/NetBeansProjects/UCET_ACCOUNTS/dist/run1108342267/lib/mysql-connector-java-5.1.38-bin.jar
7fc80c062000-7fc80c064000 r--s 0008a000 08:0f 2240577                    /home/shahsparx/NetBeansProjects/UCET_ACCOUNTS/dist/run1108342267/lib/fontawesomefx-8.9.jar
7fc80c064000-7fc80c06c000 rw-s 00000000 00:05 1177814                    /drm mm object (deleted)
7fc80c06c000-7fc80c074000 rw-s 00000000 00:05 1176379                    /drm mm object (deleted)
7fc80c074000-7fc80c07b000 r--p 00000000 08:0f 1972006                    /home/shahsparx/.config/dconf/user
7fc80c07b000-7fc80c117000 rw-p 00000000 00:00 0 
7fc80c117000-7fc80c4b1000 ---p 00000000 00:00 0 
7fc80c4b1000-7fc80c4cb000 r-xp 00000000 08:0f 1587734                    /usr/lib/jvm/oracle_jdk8/jre/lib/amd64/libzip.so
7fc80c4cb000-7fc80c6cb000 ---p 0001a000 08:0f 1587734                    /usr/lib/jvm/oracle_jdk8/jre/lib/amd64/libzip.so
7fc80c6cb000-7fc80c6cc000 rw-p 0001a000 08:0f 1587734                    /usr/lib/jvm/oracle_jdk8/jre/lib/amd64/libzip.so
7fc80c6cc000-7fc80c6d7000 r-xp 00000000 08:0f 528266                     /lib/x86_64-linux-gnu/libnss_files-2.24.so
7fc80c6d7000-7fc80c8d6000 ---p 0000b000 08:0f 528266                     /lib/x86_64-linux-gnu/libnss_files-2.24.so
7fc80c8d6000-7fc80c8d7000 r--p 0000a000 08:0f 528266                     /lib/x86_64-linux-gnu/libnss_files-2.24.so
7fc80c8d7000-7fc80c8d8000 rw-p 0000b000 08:0f 528266                     /lib/x86_64-linux-gnu/libnss_files-2.24.so
7fc80c8d8000-7fc80c8de000 rw-p 00000000 00:00 0 
7fc80c8de000-7fc80c8e9000 r-xp 00000000 08:0f 528268                     /lib/x86_64-linux-gnu/libnss_nis-2.24.so
7fc80c8e9000-7fc80cae8000 ---p 0000b000 08:0f 528268                     /lib/x86_64-linux-gnu/libnss_nis-2.24.so
7fc80cae8000-7fc80cae9000 r--p 0000a000 08:0f 528268                     /lib/x86_64-linux-gnu/libnss_nis-2.24.so
7fc80cae9000-7fc80caea000 rw-p 0000b000 08:0f 528268                     /lib/x86_64-linux-gnu/libnss_nis-2.24.so
7fc80caea000-7fc80cb00000 r-xp 00000000 08:0f 528263                     /lib/x86_64-linux-gnu/libnsl-2.24.so
7fc80cb00000-7fc80ccff000 ---p 00016000 08:0f 528263                     /lib/x86_64-linux-gnu/libnsl-2.24.so
7fc80ccff000-7fc80cd00000 r--p 00015000 08:0f 528263                     /lib/x86_64-linux-gnu/libnsl-2.24.so
7fc80cd00000-7fc80cd01000 rw-p 00016000 08:0f 528263                     /lib/x86_64-linux-gnu/libnsl-2.24.so
7fc80cd01000-7fc80cd03000 rw-p 00000000 00:00 0 
7fc80cd03000-7fc80cd0b000 r-xp 00000000 08:0f 528264                     /lib/x86_64-linux-gnu/libnss_compat-2.24.so
7fc80cd0b000-7fc80cf0a000 ---p 00008000 08:0f 528264                     /lib/x86_64-linux-gnu/libnss_compat-2.24.so
7fc80cf0a000-7fc80cf0b000 r--p 00007000 08:0f 528264                     /lib/x86_64-linux-gnu/libnss_compat-2.24.so
7fc80cf0b000-7fc80cf0c000 rw-p 00008000 08:0f 528264                     /lib/x86_64-linux-gnu/libnss_compat-2.24.so
7fc80cf0c000-7fc80cf36000 r-xp 00000000 08:0f 1587729                    /usr/lib/jvm/oracle_jdk8/jre/lib/amd64/libjava.so
7fc80cf36000-7fc80d136000 ---p 0002a000 08:0f 1587729                    /usr/lib/jvm/oracle_jdk8/jre/lib/amd64/libjava.so
7fc80d136000-7fc80d138000 rw-p 0002a000 08:0f 1587729                    /usr/lib/jvm/oracle_jdk8/jre/lib/amd64/libjava.so
7fc80d138000-7fc80d145000 r-xp 00000000 08:0f 1587733                    /usr/lib/jvm/oracle_jdk8/jre/lib/amd64/libverify.so
7fc80d145000-7fc80d345000 ---p 0000d000 08:0f 1587733                    /usr/lib/jvm/oracle_jdk8/jre/lib/amd64/libverify.so
7fc80d345000-7fc80d347000 rw-p 0000d000 08:0f 1587733                    /usr/lib/jvm/oracle_jdk8/jre/lib/amd64/libverify.so
7fc80d347000-7fc80d34e000 r-xp 00000000 08:0f 528273                     /lib/x86_64-linux-gnu/librt-2.24.so
7fc80d34e000-7fc80d54d000 ---p 00007000 08:0f 528273                     /lib/x86_64-linux-gnu/librt-2.24.so
7fc80d54d000-7fc80d54e000 r--p 00006000 08:0f 528273                     /lib/x86_64-linux-gnu/librt-2.24.so
7fc80d54e000-7fc80d54f000 rw-p 00007000 08:0f 528273                     /lib/x86_64-linux-gnu/librt-2.24.so
7fc80d54f000-7fc80d657000 r-xp 00000000 08:0f 528260                     /lib/x86_64-linux-gnu/libm-2.24.so
7fc80d657000-7fc80d856000 ---p 00108000 08:0f 528260                     /lib/x86_64-linux-gnu/libm-2.24.so
7fc80d856000-7fc80d857000 r--p 00107000 08:0f 528260                     /lib/x86_64-linux-gnu/libm-2.24.so
7fc80d857000-7fc80d858000 rw-p 00108000 08:0f 528260                     /lib/x86_64-linux-gnu/libm-2.24.so
7fc80d858000-7fc80e518000 r-xp 00000000 08:0f 1713201                    /usr/lib/jvm/oracle_jdk8/jre/lib/amd64/server/libjvm.so
7fc80e518000-7fc80e718000 ---p 00cc0000 08:0f 1713201                    /usr/lib/jvm/oracle_jdk8/jre/lib/amd64/server/libjvm.so
7fc80e718000-7fc80e7f0000 rw-p 00cc0000 08:0f 1713201                    /usr/lib/jvm/oracle_jdk8/jre/lib/amd64/server/libjvm.so
7fc80e7f0000-7fc80e83b000 rw-p 00000000 00:00 0 
7fc80e83b000-7fc80e9f8000 r-xp 00000000 08:0f 528256                     /lib/x86_64-linux-gnu/libc-2.24.so
7fc80e9f8000-7fc80ebf8000 ---p 001bd000 08:0f 528256                     /lib/x86_64-linux-gnu/libc-2.24.so
7fc80ebf8000-7fc80ebfc000 r--p 001bd000 08:0f 528256                     /lib/x86_64-linux-gnu/libc-2.24.so
7fc80ebfc000-7fc80ebfe000 rw-p 001c1000 08:0f 528256                     /lib/x86_64-linux-gnu/libc-2.24.so
7fc80ebfe000-7fc80ec02000 rw-p 00000000 00:00 0 
7fc80ec02000-7fc80ec05000 r-xp 00000000 08:0f 528259                     /lib/x86_64-linux-gnu/libdl-2.24.so
7fc80ec05000-7fc80ee04000 ---p 00003000 08:0f 528259                     /lib/x86_64-linux-gnu/libdl-2.24.so
7fc80ee04000-7fc80ee05000 r--p 00002000 08:0f 528259                     /lib/x86_64-linux-gnu/libdl-2.24.so
7fc80ee05000-7fc80ee06000 rw-p 00003000 08:0f 528259                     /lib/x86_64-linux-gnu/libdl-2.24.so
7fc80ee06000-7fc80ee1b000 r-xp 00000000 08:0f 1587711                    /usr/lib/jvm/oracle_jdk8/jre/lib/amd64/jli/libjli.so
7fc80ee1b000-7fc80f01b000 ---p 00015000 08:0f 1587711                    /usr/lib/jvm/oracle_jdk8/jre/lib/amd64/jli/libjli.so
7fc80f01b000-7fc80f01c000 rw-p 00015000 08:0f 1587711                    /usr/lib/jvm/oracle_jdk8/jre/lib/amd64/jli/libjli.so
7fc80f01c000-7fc80f034000 r-xp 00000000 08:0f 528271                     /lib/x86_64-linux-gnu/libpthread-2.24.so
7fc80f034000-7fc80f234000 ---p 00018000 08:0f 528271                     /lib/x86_64-linux-gnu/libpthread-2.24.so
7fc80f234000-7fc80f235000 r--p 00018000 08:0f 528271                     /lib/x86_64-linux-gnu/libpthread-2.24.so
7fc80f235000-7fc80f236000 rw-p 00019000 08:0f 528271                     /lib/x86_64-linux-gnu/libpthread-2.24.so
7fc80f236000-7fc80f23a000 rw-p 00000000 00:00 0 
7fc80f23a000-7fc80f25f000 r-xp 00000000 08:0f 528252                     /lib/x86_64-linux-gnu/ld-2.24.so
7fc80f25f000-7fc80f260000 r--s 00000000 08:0f 134016                     /var/cache/fontconfig/0c9eb80ebd1c36541ebe2852d3bb0c49-le64.cache-6
7fc80f260000-7fc80f331000 rw-p 00000000 00:00 0 
7fc80f331000-7fc80f334000 ---p 00000000 00:00 0 
7fc80f334000-7fc80f434000 rw-p 00000000 00:00 0 
7fc80f435000-7fc80f436000 rw-s 1068c9000 00:06 349                       /dev/dri/card0
7fc80f436000-7fc80f43e000 rw-s 00000000 00:05 1176352                    /drm mm object (deleted)
7fc80f43e000-7fc80f43f000 rw-s 00000000 00:05 1176349                    /drm mm object (deleted)
7fc80f43f000-7fc80f440000 r--s 00000000 00:2b 62                         /run/user/1000/dconf/user
7fc80f440000-7fc80f448000 rw-s 00000000 00:05 1176347                    /drm mm object (deleted)
7fc80f448000-7fc80f44f000 r--s 00000000 08:0f 1583579                    /usr/lib/x86_64-linux-gnu/gconv/gconv-modules.cache
7fc80f44f000-7fc80f451000 r--s 00015000 08:0f 2240575                    /home/shahsparx/NetBeansProjects/UCET_ACCOUNTS/dist/run1108342267/UCET_ACCOUNTS.jar
7fc80f451000-7fc80f459000 rw-s 00000000 08:0f 2886647                    /tmp/hsperfdata_shahsparx/18768
7fc80f459000-7fc80f45a000 rw-p 00000000 00:00 0 
7fc80f45a000-7fc80f45b000 r--p 00000000 00:00 0 
7fc80f45b000-7fc80f45e000 rw-p 00000000 00:00 0 
7fc80f45e000-7fc80f45f000 r--p 00024000 08:0f 528252                     /lib/x86_64-linux-gnu/ld-2.24.so
7fc80f45f000-7fc80f460000 rw-p 00025000 08:0f 528252                     /lib/x86_64-linux-gnu/ld-2.24.so
7fc80f460000-7fc80f461000 rw-p 00000000 00:00 0 
7ffde5477000-7ffde5498000 rw-p 00000000 00:00 0                          [stack]
7ffde54ae000-7ffde54b0000 r--p 00000000 00:00 0                          [vvar]
7ffde54b0000-7ffde54b2000 r-xp 00000000 00:00 0                          [vdso]
ffffffffff600000-ffffffffff601000 r-xp 00000000 00:00 0                  [vsyscall]

VM Arguments:
jvm_args: -Dfile.encoding=UTF-8 
java_command: /home/shahsparx/NetBeansProjects/UCET_ACCOUNTS/dist/run1108342267/UCET_ACCOUNTS.jar
java_class_path (initial): /home/shahsparx/NetBeansProjects/UCET_ACCOUNTS/dist/run1108342267/UCET_ACCOUNTS.jar
Launcher Type: SUN_STANDARD

Environment Variables:
PATH=/home/shahsparx/bin:/home/shahsparx/.local/bin:/usr/local/sbin:/usr/local/bin:/usr/sbin:/usr/bin:/sbin:/bin:/usr/games:/usr/local/games:/snap/bin
LD_LIBRARY_PATH=/usr/lib/jvm/oracle_jdk8//jre/lib/amd64:/usr/lib/jvm/oracle_jdk8//jre/lib/i386:
SHELL=/bin/bash
DISPLAY=:0

Signal Handlers:
SIGSEGV: [libjvm.so+0xabca10], sa_mask[0]=11111111011111111101111111111110, sa_flags=SA_RESTART|SA_SIGINFO
SIGBUS: [libjvm.so+0xabca10], sa_mask[0]=11111111011111111101111111111110, sa_flags=SA_RESTART|SA_SIGINFO
SIGFPE: [libjvm.so+0x919a20], sa_mask[0]=11111111011111111101111111111110, sa_flags=SA_RESTART|SA_SIGINFO
SIGPIPE: SIG_IGN, sa_mask[0]=00000000000010000000000000000000, sa_flags=SA_RESTART
SIGXFSZ: [libjvm.so+0x919a20], sa_mask[0]=11111111011111111101111111111110, sa_flags=SA_RESTART|SA_SIGINFO
SIGILL: [libjvm.so+0x919a20], sa_mask[0]=11111111011111111101111111111110, sa_flags=SA_RESTART|SA_SIGINFO
SIGUSR1: SIG_DFL, sa_mask[0]=00000000000000000000000000000000, sa_flags=none
SIGUSR2: [libjvm.so+0x91b050], sa_mask[0]=00100000000000000000000000000000, sa_flags=SA_RESTART|SA_SIGINFO
SIGHUP: [libjvm.so+0x91c450], sa_mask[0]=11111111011111111101111111111110, sa_flags=SA_RESTART|SA_SIGINFO
SIGINT: SIG_IGN, sa_mask[0]=00000000000000000000000000000000, sa_flags=none
SIGTERM: [libjvm.so+0x91c450], sa_mask[0]=11111111011111111101111111111110, sa_flags=SA_RESTART|SA_SIGINFO
SIGQUIT: [libjvm.so+0x91c450], sa_mask[0]=11111111011111111101111111111110, sa_flags=SA_RESTART|SA_SIGINFO


---------------  S Y S T E M  ---------------

OS:DISTRIB_ID=Ubuntu
DISTRIB_RELEASE=16.10
DISTRIB_CODENAME=yakkety
DISTRIB_DESCRIPTION="Ubuntu 16.10"

uname:Linux 4.8.0-51-generic #54-Ubuntu SMP Tue Apr 25 16:32:21 UTC 2017 x86_64
libc:glibc 2.24 NPTL 2.24 
rlimit: STACK 8192k, CORE 0k, NPROC 31427, NOFILE 4096, AS infinity
load average:0.30 0.24 0.28

/proc/meminfo:
MemTotal:        8088836 kB
MemFree:         1941760 kB
MemAvailable:    2580212 kB
Buffers:           84868 kB
Cached:          1134164 kB
SwapCached:          800 kB
Active:          4343740 kB
Inactive:        1411984 kB
Active(anon):    3936692 kB
Inactive(anon):  1034364 kB
Active(file):     407048 kB
Inactive(file):   377620 kB
Unevictable:         128 kB
Mlocked:             128 kB
SwapTotal:       4258808 kB
SwapFree:        4135016 kB
Dirty:              8472 kB
Writeback:             4 kB
AnonPages:       4463372 kB
Mapped:           511840 kB
Shmem:            434192 kB
Slab:             233756 kB
SReclaimable:     154408 kB
SUnreclaim:        79348 kB
KernelStack:       16176 kB
PageTables:        65612 kB
NFS_Unstable:          0 kB
Bounce:                0 kB
WritebackTmp:          0 kB
CommitLimit:     8303224 kB
Committed_AS:   10780488 kB
VmallocTotal:   34359738367 kB
VmallocUsed:           0 kB
VmallocChunk:          0 kB
HardwareCorrupted:     0 kB
AnonHugePages:   2660352 kB
ShmemHugePages:        0 kB
ShmemPmdMapped:        0 kB
CmaTotal:              0 kB
CmaFree:               0 kB
HugePages_Total:       0
HugePages_Free:        0
HugePages_Rsvd:        0
HugePages_Surp:        0
Hugepagesize:       2048 kB
DirectMap4k:      246528 kB
DirectMap2M:     8056832 kB
DirectMap1G:     1048576 kB


CPU:total 8 (4 cores per cpu, 2 threads per core) family 6 model 60 stepping 3, cmov, cx8, fxsr, mmx, sse, sse2, sse3, ssse3, sse4.1, sse4.2, popcnt, avx, avx2, aes, clmul, erms, lzcnt, ht, tsc, tscinvbit, bmi1, bmi2

/proc/cpuinfo:
processor	: 0
vendor_id	: GenuineIntel
cpu family	: 6
model		: 60
model name	: Intel(R) Core(TM) i7-4702MQ CPU @ 2.20GHz
stepping	: 3
microcode	: 0x20
cpu MHz		: 2899.987
cache size	: 6144 KB
physical id	: 0
siblings	: 8
core id		: 0
cpu cores	: 4
apicid		: 0
initial apicid	: 0
fpu		: yes
fpu_exception	: yes
cpuid level	: 13
wp		: yes
flags		: fpu vme de pse tsc msr pae mce cx8 apic sep mtrr pge mca cmov pat pse36 clflush dts acpi mmx fxsr sse sse2 ss ht tm pbe syscall nx pdpe1gb rdtscp lm constant_tsc arch_perfmon pebs bts rep_good nopl xtopology nonstop_tsc aperfmperf eagerfpu pni pclmulqdq dtes64 monitor ds_cpl vmx est tm2 ssse3 sdbg fma cx16 xtpr pdcm pcid sse4_1 sse4_2 movbe popcnt tsc_deadline_timer aes xsave avx f16c rdrand lahf_lm abm epb tpr_shadow vnmi flexpriority ept vpid fsgsbase tsc_adjust bmi1 avx2 smep bmi2 erms invpcid xsaveopt dtherm ida arat pln pts
bugs		:
bogomips	: 4389.94
clflush size	: 64
cache_alignment	: 64
address sizes	: 39 bits physical, 48 bits virtual
power management:

processor	: 1
vendor_id	: GenuineIntel
cpu family	: 6
model		: 60
model name	: Intel(R) Core(TM) i7-4702MQ CPU @ 2.20GHz
stepping	: 3
microcode	: 0x20
cpu MHz		: 2899.987
cache size	: 6144 KB
physical id	: 0
siblings	: 8
core id		: 0
cpu cores	: 4
apicid		: 1
initial apicid	: 1
fpu		: yes
fpu_exception	: yes
cpuid level	: 13
wp		: yes
flags		: fpu vme de pse tsc msr pae mce cx8 apic sep mtrr pge mca cmov pat pse36 clflush dts acpi mmx fxsr sse sse2 ss ht tm pbe syscall nx pdpe1gb rdtscp lm constant_tsc arch_perfmon pebs bts rep_good nopl xtopology nonstop_tsc aperfmperf eagerfpu pni pclmulqdq dtes64 monitor ds_cpl vmx est tm2 ssse3 sdbg fma cx16 xtpr pdcm pcid sse4_1 sse4_2 movbe popcnt tsc_deadline_timer aes xsave avx f16c rdrand lahf_lm abm epb tpr_shadow vnmi flexpriority ept vpid fsgsbase tsc_adjust bmi1 avx2 smep bmi2 erms invpcid xsaveopt dtherm ida arat pln pts
bugs		:
bogomips	: 4389.94
clflush size	: 64
cache_alignment	: 64
address sizes	: 39 bits physical, 48 bits virtual
power management:

processor	: 2
vendor_id	: GenuineIntel
cpu family	: 6
model		: 60
model name	: Intel(R) Core(TM) i7-4702MQ CPU @ 2.20GHz
stepping	: 3
microcode	: 0x20
cpu MHz		: 2899.987
cache size	: 6144 KB
physical id	: 0
siblings	: 8
core id		: 1
cpu cores	: 4
apicid		: 2
initial apicid	: 2
fpu		: yes
fpu_exception	: yes
cpuid level	: 13
wp		: yes
flags		: fpu vme de pse tsc msr pae mce cx8 apic sep mtrr pge mca cmov pat pse36 clflush dts acpi mmx fxsr sse sse2 ss ht tm pbe syscall nx pdpe1gb rdtscp lm constant_tsc arch_perfmon pebs bts rep_good nopl xtopology nonstop_tsc aperfmperf eagerfpu pni pclmulqdq dtes64 monitor ds_cpl vmx est tm2 ssse3 sdbg fma cx16 xtpr pdcm pcid sse4_1 sse4_2 movbe popcnt tsc_deadline_timer aes xsave avx f16c rdrand lahf_lm abm epb tpr_shadow vnmi flexpriority ept vpid fsgsbase tsc_adjust bmi1 avx2 smep bmi2 erms invpcid xsaveopt dtherm ida arat pln pts
bugs		:
bogomips	: 4389.94
clflush size	: 64
cache_alignment	: 64
address sizes	: 39 bits physical, 48 bits virtual
power management:

processor	: 3
vendor_id	: GenuineIntel
cpu family	: 6
model		: 60
model name	: Intel(R) Core(TM) i7-4702MQ CPU @ 2.20GHz
stepping	: 3
microcode	: 0x20
cpu MHz		: 2899.987
cache size	: 6144 KB
physical id	: 0
siblings	: 8
core id		: 1
cpu cores	: 4
apicid		: 3
initial apicid	: 3
fpu		: yes
fpu_exception	: yes
cpuid level	: 13
wp		: yes
flags		: fpu vme de pse tsc msr pae mce cx8 apic sep mtrr pge mca cmov pat pse36 clflush dts acpi mmx fxsr sse sse2 ss ht tm pbe syscall nx pdpe1gb rdtscp lm constant_tsc arch_perfmon pebs bts rep_good nopl xtopology nonstop_tsc aperfmperf eagerfpu pni pclmulqdq dtes64 monitor ds_cpl vmx est tm2 ssse3 sdbg fma cx16 xtpr pdcm pcid sse4_1 sse4_2 movbe popcnt tsc_deadline_timer aes xsave avx f16c rdrand lahf_lm abm epb tpr_shadow vnmi flexpriority ept vpid fsgsbase tsc_adjust bmi1 avx2 smep bmi2 erms invpcid xsaveopt dtherm ida arat pln pts
bugs		:
bogomips	: 4389.94
clflush size	: 64
cache_alignment	: 64
address sizes	: 39 bits physical, 48 bits virtual
power management:

processor	: 4
vendor_id	: GenuineIntel
cpu family	: 6
model		: 60
model name	: Intel(R) Core(TM) i7-4702MQ CPU @ 2.20GHz
stepping	: 3
microcode	: 0x20
cpu MHz		: 2899.987
cache size	: 6144 KB
physical id	: 0
siblings	: 8
core id		: 2
cpu cores	: 4
apicid		: 4
initial apicid	: 4
fpu		: yes
fpu_exception	: yes
cpuid level	: 13
wp		: yes
flags		: fpu vme de pse tsc msr pae mce cx8 apic sep mtrr pge mca cmov pat pse36 clflush dts acpi mmx fxsr sse sse2 ss ht tm pbe syscall nx pdpe1gb rdtscp lm constant_tsc arch_perfmon pebs bts rep_good nopl xtopology nonstop_tsc aperfmperf eagerfpu pni pclmulqdq dtes64 monitor ds_cpl vmx est tm2 ssse3 sdbg fma cx16 xtpr pdcm pcid sse4_1 sse4_2 movbe popcnt tsc_deadline_timer aes xsave avx f16c rdrand lahf_lm abm epb tpr_shadow vnmi flexpriority ept vpid fsgsbase tsc_adjust bmi1 avx2 smep bmi2 erms invpcid xsaveopt dtherm ida arat pln pts
bugs		:
bogomips	: 4389.94
clflush size	: 64
cache_alignment	: 64
address sizes	: 39 bits physical, 48 bits virtual
power management:

processor	: 5
vendor_id	: GenuineIntel
cpu family	: 6
model		: 60
model name	: Intel(R) Core(TM) i7-4702MQ CPU @ 2.20GHz
stepping	: 3
microcode	: 0x20
cpu MHz		: 2899.987
cache size	: 6144 KB
physical id	: 0
siblings	: 8
core id		: 2
cpu cores	: 4
apicid		: 5
initial apicid	: 5
fpu		: yes
fpu_exception	: yes
cpuid level	: 13
wp		: yes
flags		: fpu vme de pse tsc msr pae mce cx8 apic sep mtrr pge mca cmov pat pse36 clflush dts acpi mmx fxsr sse sse2 ss ht tm pbe syscall nx pdpe1gb rdtscp lm constant_tsc arch_perfmon pebs bts rep_good nopl xtopology nonstop_tsc aperfmperf eagerfpu pni pclmulqdq dtes64 monitor ds_cpl vmx est tm2 ssse3 sdbg fma cx16 xtpr pdcm pcid sse4_1 sse4_2 movbe popcnt tsc_deadline_timer aes xsave avx f16c rdrand lahf_lm abm epb tpr_shadow vnmi flexpriority ept vpid fsgsbase tsc_adjust bmi1 avx2 smep bmi2 erms invpcid xsaveopt dtherm ida arat pln pts
bugs		:
bogomips	: 4389.94
clflush size	: 64
cache_alignment	: 64
address sizes	: 39 bits physical, 48 bits virtual
power management:

processor	: 6
vendor_id	: GenuineIntel
cpu family	: 6
model		: 60
model name	: Intel(R) Core(TM) i7-4702MQ CPU @ 2.20GHz
stepping	: 3
microcode	: 0x20
cpu MHz		: 2899.987
cache size	: 6144 KB
physical id	: 0
siblings	: 8
core id		: 3
cpu cores	: 4
apicid		: 6
initial apicid	: 6
fpu		: yes
fpu_exception	: yes
cpuid level	: 13
wp		: yes
flags		: fpu vme de pse tsc msr pae mce cx8 apic sep mtrr pge mca cmov pat pse36 clflush dts acpi mmx fxsr sse sse2 ss ht tm pbe syscall nx pdpe1gb rdtscp lm constant_tsc arch_perfmon pebs bts rep_good nopl xtopology nonstop_tsc aperfmperf eagerfpu pni pclmulqdq dtes64 monitor ds_cpl vmx est tm2 ssse3 sdbg fma cx16 xtpr pdcm pcid sse4_1 sse4_2 movbe popcnt tsc_deadline_timer aes xsave avx f16c rdrand lahf_lm abm epb tpr_shadow vnmi flexpriority ept vpid fsgsbase tsc_adjust bmi1 avx2 smep bmi2 erms invpcid xsaveopt dtherm ida arat pln pts
bugs		:
bogomips	: 4389.94
clflush size	: 64
cache_alignment	: 64
address sizes	: 39 bits physical, 48 bits virtual
power management:

processor	: 7
vendor_id	: GenuineIntel
cpu family	: 6
model		: 60
model name	: Intel(R) Core(TM) i7-4702MQ CPU @ 2.20GHz
stepping	: 3
microcode	: 0x20
cpu MHz		: 2899.987
cache size	: 6144 KB
physical id	: 0
siblings	: 8
core id		: 3
cpu cores	: 4
apicid		: 7
initial apicid	: 7
fpu		: yes
fpu_exception	: yes
cpuid level	: 13
wp		: yes
flags		: fpu vme de pse tsc msr pae mce cx8 apic sep mtrr pge mca cmov pat pse36 clflush dts acpi mmx fxsr sse sse2 ss ht tm pbe syscall nx pdpe1gb rdtscp lm constant_tsc arch_perfmon pebs bts rep_good nopl xtopology nonstop_tsc aperfmperf eagerfpu pni pclmulqdq dtes64 monitor ds_cpl vmx est tm2 ssse3 sdbg fma cx16 xtpr pdcm pcid sse4_1 sse4_2 movbe popcnt tsc_deadline_timer aes xsave avx f16c rdrand lahf_lm abm epb tpr_shadow vnmi flexpriority ept vpid fsgsbase tsc_adjust bmi1 avx2 smep bmi2 erms invpcid xsaveopt dtherm ida arat pln pts
bugs		:
bogomips	: 4389.94
clflush size	: 64
cache_alignment	: 64
address sizes	: 39 bits physical, 48 bits virtual
power management:



Memory: 4k page, physical 8088836k(1941760k free), swap 4258808k(4135016k free)

vm_info: Java HotSpot(TM) 64-Bit Server VM (25.91-b14) for linux-amd64 JRE (1.8.0_91-b14), built on Apr  1 2016 00:57:21 by "java_re" with gcc 4.3.0 20080428 (Red Hat 4.3.0-8)

time: Tue May  9 04:43:03 2017
elapsed time: 9 seconds (0d 0h 0m 9s)

