#
# A fatal error has been detected by the Java Runtime Environment:
#
#  SIGSEGV (0xb) at pc=0x00007f46fd13f948, pid=23097, tid=139940882196224
#
# JRE version: Java(TM) SE Runtime Environment (8.0_91-b14) (build 1.8.0_91-b14)
# Java VM: Java HotSpot(TM) 64-Bit Server VM (25.91-b14 mixed mode linux-amd64 compressed oops)
# Problematic frame:
# V  [libjvm.so+0x6cf948]  jni_invoke_nonstatic(JNIEnv_*, JavaValue*, _jobject*, JNICallType, _jmethodID*, JNI_ArgumentPusher*, Thread*)+0x38
#
# Failed to write core dump. Core dumps have been disabled. To enable core dumping, try "ulimit -c unlimited" before starting Java again
#
# If you would like to submit a bug report, please visit:
#   http://bugreport.java.com/bugreport/crash.jsp
#

---------------  T H R E A D  ---------------

Current thread (0x00007f46f83c3000):  JavaThread "JavaFX Application Thread" [_thread_in_vm, id=23126, stack(0x00007f468682a000,0x00007f468692b000)]

siginfo: si_signo: 11 (SIGSEGV), si_code: 128 (SI_KERNEL), si_addr: 0x0000000000000000

Registers:
RAX=0x00007f4686929240, RBX=0x00007f4686929150, RCX=0x0000000000000001, RDX=0x666176616a4c2928
RSP=0x00007f4686928fa0, RBP=0x00007f4686929120, RSI=0x00007f46869291b0, RDI=0x00007f46f83c31f8
R8 =0x00007f46f83348e8, R9 =0x00007f4686929150, R10=0x00007f4674000ae0, R11=0x00007f46e8a13260
R12=0x00007f46f83c3000, R13=0x00007f46f83348e8, R14=0x0000000000000001, R15=0x00007f46f83c31f8
RIP=0x00007f46fd13f948, EFLAGS=0x0000000000010206, CSGSFS=0x002b000000000033, ERR=0x0000000000000000
  TRAPNO=0x000000000000000d

Top of Stack: (sp=0x00007f4686928fa0)
0x00007f4686928fa0:   00007f46869296a0 00007f46869292c0
0x00007f4686928fb0:   00007f4686929000 00007f4686929080
0x00007f4686928fc0:   00007f4686929150 00007f46869291b0
0x00007f4686928fd0:   00007f46f83c31f8 00007f46fd15f450
0x00007f4686928fe0:   00007f46a8008f50 00007f46a8008f60
0x00007f4686928ff0:   00007f46a8009338 00000000000003d8
0x00007f4686929000:   0000000000000000 00000000d6e005c8
0x00007f4686929010:   00007f460000006f 00007f460000000a
0x00007f4686929020:   00000000d7a03cc0 0000000000000000
0x00007f4686929030:   0000000000000000 0000000000000000
0x00007f4686929040:   00007f46e6d7a6f8 0000000100000100
0x00007f4686929050:   0000000000000000 00007f4686929008
0x00007f4686929060:   00007f4686929049 0000000800000005
0x00007f4686929070:   0000000000000000 00007f46f83c2b00
0x00007f4686929080:   00007f46fd9c2490 00007f46fe4cd470
0x00007f4686929090:   00000000f83c2990 00007f46f83c3000
0x00007f46869290a0:   0000000000000000 00007f46fd13fd1b
0x00007f46869290b0:   00007f46e6d847a8 00007f46f83c3000
0x00007f46869290c0:   00007f46e6d847a8 00007f46f83c3000
0x00007f46869290d0:   00007f4686929260 00007f46e6d847a8
0x00007f46869290e0:   00007f46e6d847a8 00007f46e6d847a8
0x00007f46869290f0:   00007f46a8008f50 00007f4686929150
0x00007f4686929100:   00007f46f83c3000 00007f4686929190
0x00007f4686929110:   00007f46f83348e8 00007f46f83c31f8
0x00007f4686929120:   00007f4686929210 00007f46fd1440ef
0x00007f4686929130:   00007f46f83c3000 00007f469b3efff4
0x00007f4686929140:   00007f4686929228 666176616a4c2928
0x00007f4686929150:   00007f46fd9c30f0 00007f46fe4cd470
0x00007f4686929160:   00000000869291d0 bc8daea100000063
0x00007f4686929170:   0000000000000000 0000003000000018
0x00007f4686929180:   00007f4686929300 00007f4686929240
0x00007f4686929190:   00007f46f83c3000 0000000000000000 

Instructions: (pc=0x00007f46fd13f948)
0x00007f46fd13f928:   00 00 48 85 d2 48 89 bd b0 fe ff ff 48 89 b5 a8
0x00007f46fd13f938:   fe ff ff 4c 89 8d a0 fe ff ff 0f 84 78 09 00 00
0x00007f46fd13f948:   4c 8b 22 4d 85 e4 0f 84 6c 09 00 00 48 8b 45 10
0x00007f46fd13f958:   48 8b 98 38 01 00 00 48 83 7b 18 f7 0f 87 16 07 

Register to memory mapping:

RAX=0x00007f4686929240 is pointing into the stack for thread: 0x00007f46f83c3000
RBX=0x00007f4686929150 is pointing into the stack for thread: 0x00007f46f83c3000
RCX=0x0000000000000001 is an unknown value
RDX=0x666176616a4c2928 is an unknown value
RSP=0x00007f4686928fa0 is pointing into the stack for thread: 0x00007f46f83c3000
RBP=0x00007f4686929120 is pointing into the stack for thread: 0x00007f46f83c3000
RSI=0x00007f46869291b0 is pointing into the stack for thread: 0x00007f46f83c3000
RDI=0x00007f46f83c31f8 is an unknown value
R8 =0x00007f46f83348e8 is an unknown value
R9 =0x00007f4686929150 is pointing into the stack for thread: 0x00007f46f83c3000
R10=0x00007f4674000ae0 is an unknown value
R11=0x00007f46e8a13260 is at entry_point+32 in (nmethod*)0x00007f46e8a130d0
R12=0x00007f46f83c3000 is a thread
R13=0x00007f46f83348e8 is an unknown value
R14=0x0000000000000001 is an unknown value
R15=0x00007f46f83c31f8 is an unknown value


Stack: [0x00007f468682a000,0x00007f468692b000],  sp=0x00007f4686928fa0,  free space=1019k
Native frames: (J=compiled Java code, j=interpreted, Vv=VM code, C=native code)
V  [libjvm.so+0x6cf948]  jni_invoke_nonstatic(JNIEnv_*, JavaValue*, _jobject*, JNICallType, _jmethodID*, JNI_ArgumentPusher*, Thread*)+0x38
V  [libjvm.so+0x6d40ef]  jni_CallVoidMethodV+0x10f
C  [libglass.so+0x13e51]  JNIEnv_::CallVoidMethod(_jobject*, _jmethodID*, ...)+0x81
C  [libglass.so+0x1545f]  WindowContextBase::process_key(_GdkEventKey*)+0x20f
C  [libglass.so+0x19540]  WindowContextBase::im_filter_keypress(_GdkEventKey*)+0x1c0
C  [libglass.so+0x1c7cc]  process_events(_GdkEvent*, void*)+0x22c
C  [libgdk-x11-2.0.so.0+0x5acdc]

Java frames: (J=compiled Java code, j=interpreted, Vv=VM code)
j  com.sun.glass.ui.gtk.GtkApplication._runLoop(Ljava/lang/Runnable;Z)V+0
j  com.sun.glass.ui.gtk.GtkApplication.lambda$null$49(Ljava/lang/Runnable;Z)V+7
j  com.sun.glass.ui.gtk.GtkApplication$$Lambda$41.run()V+12
j  java.lang.Thread.run()V+11
v  ~StubRoutines::call_stub

---------------  P R O C E S S  ---------------

Java Threads: ( => current thread )
  0x00007f46744cf000 JavaThread "AWT-EventQueue-0" [_thread_blocked, id=23134, stack(0x00007f4666ff1000,0x00007f46670f2000)]
  0x00007f46744cc000 JavaThread "AWT-Shutdown" [_thread_blocked, id=23133, stack(0x00007f46670f2000,0x00007f46671f3000)]
  0x00007f4674207800 JavaThread "Image Fetcher 0" daemon [_thread_blocked, id=23132, stack(0x00007f4667884000,0x00007f4667985000)]
  0x00007f46741c5000 JavaThread "AWT-XAWT" daemon [_thread_in_native, id=23131, stack(0x00007f4667985000,0x00007f4667a86000)]
  0x00007f46741b3000 JavaThread "Java2D Disposer" daemon [_thread_blocked, id=23130, stack(0x00007f4667a86000,0x00007f4667b87000)]
  0x00007f46743cf000 JavaThread "Prism Font Disposer" daemon [_thread_blocked, id=23129, stack(0x00007f4685224000,0x00007f4685325000)]
  0x00007f4674218000 JavaThread "Abandoned connection cleanup thread" daemon [_thread_blocked, id=23128, stack(0x00007f4685e00000,0x00007f4685f01000)]
  0x00007f46f83c6800 JavaThread "JavaFX-Launcher" [_thread_blocked, id=23127, stack(0x00007f4686729000,0x00007f468682a000)]
=>0x00007f46f83c3000 JavaThread "JavaFX Application Thread" [_thread_in_vm, id=23126, stack(0x00007f468682a000,0x00007f468692b000)]
  0x00007f46f83bf000 JavaThread "Thread-1" daemon [_thread_blocked, id=23125, stack(0x00007f468692b000,0x00007f4686a2c000)]
  0x00007f46f831c000 JavaThread "QuantumRenderer-0" daemon [_thread_blocked, id=23121, stack(0x00007f469be6a000,0x00007f469bf6b000)]
  0x00007f46f8212000 JavaThread "Service Thread" daemon [_thread_blocked, id=23118, stack(0x00007f46c013f000,0x00007f46c0240000)]
  0x00007f46f820f000 JavaThread "C1 CompilerThread3" daemon [_thread_blocked, id=23117, stack(0x00007f46e4047000,0x00007f46e4148000)]
  0x00007f46f820d000 JavaThread "C2 CompilerThread2" daemon [_thread_in_native, id=23116, stack(0x00007f46e4148000,0x00007f46e4249000)]
  0x00007f46f820b800 JavaThread "C2 CompilerThread1" daemon [_thread_in_native, id=23115, stack(0x00007f46e4249000,0x00007f46e434a000)]
  0x00007f46f8208800 JavaThread "C2 CompilerThread0" daemon [_thread_in_native, id=23114, stack(0x00007f46e434a000,0x00007f46e444b000)]
  0x00007f46f8207000 JavaThread "Signal Dispatcher" daemon [_thread_blocked, id=23113, stack(0x00007f46e444b000,0x00007f46e454c000)]
  0x00007f46f81d3000 JavaThread "Finalizer" daemon [_thread_blocked, id=23112, stack(0x00007f46e4825000,0x00007f46e4926000)]
  0x00007f46f81ce800 JavaThread "Reference Handler" daemon [_thread_blocked, id=23111, stack(0x00007f46e4926000,0x00007f46e4a27000)]
  0x00007f46f800a000 JavaThread "main" [_thread_blocked, id=23101, stack(0x00007f46fe549000,0x00007f46fe64a000)]

Other Threads:
  0x00007f46f81c7000 VMThread [stack: 0x00007f46e4a27000,0x00007f46e4b28000] [id=23110]
  0x00007f46f8214800 WatcherThread [stack: 0x00007f46c003e000,0x00007f46c013f000] [id=23119]

VM state:not at safepoint (normal execution)

VM Mutex/Monitor currently owned by a thread: None

Heap:
 PSYoungGen      total 36864K, used 20006K [0x00000000d6d80000, 0x00000000d9680000, 0x0000000100000000)
  eden space 31744K, 63% used [0x00000000d6d80000,0x00000000d8109ab8,0x00000000d8c80000)
  from space 5120K, 0% used [0x00000000d9180000,0x00000000d9180000,0x00000000d9680000)
  to   space 5120K, 0% used [0x00000000d8c80000,0x00000000d8c80000,0x00000000d9180000)
 ParOldGen       total 49664K, used 11893K [0x0000000084800000, 0x0000000087880000, 0x00000000d6d80000)
  object space 49664K, 23% used [0x0000000084800000,0x000000008539d6c0,0x0000000087880000)
 Metaspace       used 27797K, capacity 28814K, committed 28928K, reserved 1075200K
  class space    used 3757K, capacity 3987K, committed 4096K, reserved 1048576K

Card table byte_map: [0x00007f46e7e08000,0x00007f46e81e5000] byte_map_base: 0x00007f46e79e4000

Marking Bits: (ParMarkBitMap*) 0x00007f46fda26d60
 Begin Bits: [0x00007f46c0240000, 0x00007f46c2120000)
 End Bits:   [0x00007f46c2120000, 0x00007f46c4000000)

Polling page: 0x00007f46fe672000

CodeCache: size=245760Kb used=8954Kb max_used=8954Kb free=236805Kb
 bounds [0x00007f46e85a5000, 0x00007f46e8e75000, 0x00007f46f75a5000]
 total_blobs=3823 nmethods=2928 adapters=807
 compilation: enabled

Compilation events (10 events):
Event: 7.316 Thread 0x00007f46f820f000 nmethod 2932 0x00007f46e8e65e10 code [0x00007f46e8e65f60, 0x00007f46e8e66050]
Event: 7.316 Thread 0x00007f46f820f000 2935       1       com.sun.javafx.text.TextLine::getStart (5 bytes)
Event: 7.316 Thread 0x00007f46f820f000 nmethod 2935 0x00007f46e8e660d0 code [0x00007f46e8e66220, 0x00007f46e8e66330]
Event: 7.316 Thread 0x00007f46f820f000 2951       1       com.sun.javafx.text.PrismTextLayout::getTextSpans (5 bytes)
Event: 7.316 Thread 0x00007f46f820f000 nmethod 2951 0x00007f46e8e66390 code [0x00007f46e8e664e0, 0x00007f46e8e665f0]
Event: 7.316 Thread 0x00007f46f820f000 2952       1       com.sun.javafx.text.PrismTextLayout::getFont (5 bytes)
Event: 7.316 Thread 0x00007f46f820f000 nmethod 2952 0x00007f46e8e66650 code [0x00007f46e8e667a0, 0x00007f46e8e668b0]
Event: 7.316 Thread 0x00007f46f820f000 2953       1       com.sun.javafx.font.PrismFont::getFontResource (5 bytes)
Event: 7.316 Thread 0x00007f46f820f000 nmethod 2953 0x00007f46e8e66910 code [0x00007f46e8e66a60, 0x00007f46e8e66b70]
Event: 7.316 Thread 0x00007f46f820f000 2954       1       com.sun.javafx.font.PrismFont::getFeatures (5 bytes)

GC Heap History (6 events):
Event: 0.831 GC heap before
{Heap before GC invocations=1 (full 0):
 PSYoungGen      total 36864K, used 31744K [0x00000000d6d80000, 0x00000000d9680000, 0x0000000100000000)
  eden space 31744K, 100% used [0x00000000d6d80000,0x00000000d8c80000,0x00000000d8c80000)
  from space 5120K, 0% used [0x00000000d9180000,0x00000000d9180000,0x00000000d9680000)
  to   space 5120K, 0% used [0x00000000d8c80000,0x00000000d8c80000,0x00000000d9180000)
 ParOldGen       total 84992K, used 0K [0x0000000084800000, 0x0000000089b00000, 0x00000000d6d80000)
  object space 84992K, 0% used [0x0000000084800000,0x0000000084800000,0x0000000089b00000)
 Metaspace       used 15199K, capacity 15640K, committed 15744K, reserved 1062912K
  class space    used 1956K, capacity 2102K, committed 2176K, reserved 1048576K
Event: 0.836 GC heap after
Heap after GC invocations=1 (full 0):
 PSYoungGen      total 36864K, used 5104K [0x00000000d6d80000, 0x00000000d9680000, 0x0000000100000000)
  eden space 31744K, 0% used [0x00000000d6d80000,0x00000000d6d80000,0x00000000d8c80000)
  from space 5120K, 99% used [0x00000000d8c80000,0x00000000d917c070,0x00000000d9180000)
  to   space 5120K, 0% used [0x00000000d9180000,0x00000000d9180000,0x00000000d9680000)
 ParOldGen       total 84992K, used 5333K [0x0000000084800000, 0x0000000089b00000, 0x00000000d6d80000)
  object space 84992K, 6% used [0x0000000084800000,0x0000000084d354d0,0x0000000089b00000)
 Metaspace       used 15199K, capacity 15640K, committed 15744K, reserved 1062912K
  class space    used 1956K, capacity 2102K, committed 2176K, reserved 1048576K
}
Event: 5.785 GC heap before
{Heap before GC invocations=2 (full 0):
 PSYoungGen      total 36864K, used 18187K [0x00000000d6d80000, 0x00000000d9680000, 0x0000000100000000)
  eden space 31744K, 41% used [0x00000000d6d80000,0x00000000d7a46f60,0x00000000d8c80000)
  from space 5120K, 99% used [0x00000000d8c80000,0x00000000d917c070,0x00000000d9180000)
  to   space 5120K, 0% used [0x00000000d9180000,0x00000000d9180000,0x00000000d9680000)
 ParOldGen       total 84992K, used 5333K [0x0000000084800000, 0x0000000089b00000, 0x00000000d6d80000)
  object space 84992K, 6% used [0x0000000084800000,0x0000000084d354d0,0x0000000089b00000)
 Metaspace       used 20550K, capacity 21184K, committed 21296K, reserved 1067008K
  class space    used 2754K, capacity 2930K, committed 2944K, reserved 1048576K
Event: 5.791 GC heap after
Heap after GC invocations=2 (full 0):
 PSYoungGen      total 36864K, used 5088K [0x00000000d6d80000, 0x00000000d9680000, 0x0000000100000000)
  eden space 31744K, 0% used [0x00000000d6d80000,0x00000000d6d80000,0x00000000d8c80000)
  from space 5120K, 99% used [0x00000000d9180000,0x00000000d96780b0,0x00000000d9680000)
  to   space 5120K, 0% used [0x00000000d8c80000,0x00000000d8c80000,0x00000000d9180000)
 ParOldGen       total 84992K, used 7916K [0x0000000084800000, 0x0000000089b00000, 0x00000000d6d80000)
  object space 84992K, 9% used [0x0000000084800000,0x0000000084fbb260,0x0000000089b00000)
 Metaspace       used 20550K, capacity 21184K, committed 21296K, reserved 1067008K
  class space    used 2754K, capacity 2930K, committed 2944K, reserved 1048576K
}
Event: 5.791 GC heap before
{Heap before GC invocations=3 (full 1):
 PSYoungGen      total 36864K, used 5088K [0x00000000d6d80000, 0x00000000d9680000, 0x0000000100000000)
  eden space 31744K, 0% used [0x00000000d6d80000,0x00000000d6d80000,0x00000000d8c80000)
  from space 5120K, 99% used [0x00000000d9180000,0x00000000d96780b0,0x00000000d9680000)
  to   space 5120K, 0% used [0x00000000d8c80000,0x00000000d8c80000,0x00000000d9180000)
 ParOldGen       total 84992K, used 7916K [0x0000000084800000, 0x0000000089b00000, 0x00000000d6d80000)
  object space 84992K, 9% used [0x0000000084800000,0x0000000084fbb260,0x0000000089b00000)
 Metaspace       used 20550K, capacity 21184K, committed 21296K, reserved 1067008K
  class space    used 2754K, capacity 2930K, committed 2944K, reserved 1048576K
Event: 5.820 GC heap after
Heap after GC invocations=3 (full 1):
 PSYoungGen      total 36864K, used 0K [0x00000000d6d80000, 0x00000000d9680000, 0x0000000100000000)
  eden space 31744K, 0% used [0x00000000d6d80000,0x00000000d6d80000,0x00000000d8c80000)
  from space 5120K, 0% used [0x00000000d9180000,0x00000000d9180000,0x00000000d9680000)
  to   space 5120K, 0% used [0x00000000d8c80000,0x00000000d8c80000,0x00000000d9180000)
 ParOldGen       total 49664K, used 11893K [0x0000000084800000, 0x0000000087880000, 0x00000000d6d80000)
  object space 49664K, 23% used [0x0000000084800000,0x000000008539d6c0,0x0000000087880000)
 Metaspace       used 20550K, capacity 21184K, committed 21296K, reserved 1067008K
  class space    used 2754K, capacity 2930K, committed 2944K, reserved 1048576K
}

Deoptimization events (10 events):
Event: 7.033 Thread 0x00007f46f83c3000 Uncommon trap: reason=bimorphic action=maybe_recompile pc=0x00007f46e8ba73e8 method=com.sun.javafx.collections.VetoableListDecorator.size()I @ 4
Event: 7.033 Thread 0x00007f46f83c3000 Uncommon trap: reason=bimorphic action=maybe_recompile pc=0x00007f46e8ba73e8 method=com.sun.javafx.collections.VetoableListDecorator.size()I @ 4
Event: 7.036 Thread 0x00007f46f83c3000 Uncommon trap: reason=bimorphic action=maybe_recompile pc=0x00007f46e8ba73e8 method=com.sun.javafx.collections.VetoableListDecorator.size()I @ 4
Event: 7.061 Thread 0x00007f46f83c3000 Uncommon trap: reason=range_check action=make_not_entrant pc=0x00007f46e8c6d1c0 method=sun.reflect.generics.parser.SignatureParser.current()C @ 34
Event: 7.080 Thread 0x00007f46f83c3000 Uncommon trap: reason=unstable_if action=reinterpret pc=0x00007f46e8a9cdb4 method=java.lang.StrictMath.floorOrCeil(DDDD)D @ 38
Event: 7.183 Thread 0x00007f46f83c3000 Uncommon trap: reason=array_check action=maybe_recompile pc=0x00007f46e8db69c0 method=com.sun.javafx.css.SimpleSelector.applies(Ljavafx/css/Styleable;[Ljava/util/Set;I)Z @ 37
Event: 7.183 Thread 0x00007f46f83c3000 Uncommon trap: reason=array_check action=maybe_recompile pc=0x00007f46e8db69c0 method=com.sun.javafx.css.SimpleSelector.applies(Ljavafx/css/Styleable;[Ljava/util/Set;I)Z @ 37
Event: 7.184 Thread 0x00007f46f83c3000 Uncommon trap: reason=array_check action=maybe_recompile pc=0x00007f46e8db69c0 method=com.sun.javafx.css.SimpleSelector.applies(Ljavafx/css/Styleable;[Ljava/util/Set;I)Z @ 37
Event: 7.184 Thread 0x00007f46f83c3000 Uncommon trap: reason=array_check action=maybe_recompile pc=0x00007f46e8db69c0 method=com.sun.javafx.css.SimpleSelector.applies(Ljavafx/css/Styleable;[Ljava/util/Set;I)Z @ 37
Event: 7.305 Thread 0x00007f46f83c3000 Uncommon trap: reason=unstable_if action=reinterpret pc=0x00007f46e8afe59c method=java.lang.Math.round(D)J @ 48

Internal exceptions (10 events):
Event: 0.440 Thread 0x00007f46f83c3000 Exception <a 'java/lang/ArrayIndexOutOfBoundsException'> (0x00000000d7e8b2d0) thrown at [/HUDSON/workspace/8-2-build-linux-amd64/jdk8u91/6644/hotspot/src/share/vm/runtime/sharedRuntime.cpp, line 605]
Event: 0.575 Thread 0x00007f46f83c3000 Implicit null exception at 0x00007f46e87b75b5 to 0x00007f46e87b7905
Event: 0.807 Thread 0x00007f46f83c3000 Implicit null exception at 0x00007f46e889f535 to 0x00007f46e889f75d
Event: 0.807 Thread 0x00007f46f83c3000 Implicit null exception at 0x00007f46e88b0a98 to 0x00007f46e88b0b26
Event: 5.780 Thread 0x00007f46f83c3000 Exception <a 'java/io/FileNotFoundException'> (0x00000000d7a1d238) thrown at [/HUDSON/workspace/8-2-build-linux-amd64/jdk8u91/6644/hotspot/src/share/vm/prims/jni.cpp, line 709]
Event: 5.780 Thread 0x00007f46f83c3000 Exception <a 'java/io/FileNotFoundException'> (0x00000000d7a1dfd0) thrown at [/HUDSON/workspace/8-2-build-linux-amd64/jdk8u91/6644/hotspot/src/share/vm/prims/jni.cpp, line 709]
Event: 6.015 Thread 0x00007f46744cf000 Exception <a 'java/lang/UnsupportedOperationException': > (0x00000000d6f81130) thrown at [/HUDSON/workspace/8-2-build-linux-amd64/jdk8u91/6644/hotspot/src/share/vm/prims/jni.cpp, line 735]
Event: 6.992 Thread 0x00007f46f83c3000 Exception <a 'java/lang/ArrayIndexOutOfBoundsException'> (0x00000000d70eb790) thrown at [/HUDSON/workspace/8-2-build-linux-amd64/jdk8u91/6644/hotspot/src/share/vm/runtime/sharedRuntime.cpp, line 605]
Event: 6.993 Thread 0x00007f46f83c3000 Exception <a 'java/lang/ArrayIndexOutOfBoundsException'> (0x00000000d70ed9a0) thrown at [/HUDSON/workspace/8-2-build-linux-amd64/jdk8u91/6644/hotspot/src/share/vm/runtime/sharedRuntime.cpp, line 605]
Event: 7.061 Thread 0x00007f46f83c3000 Exception <a 'java/lang/ArrayIndexOutOfBoundsException': 65> (0x00000000d74651a8) thrown at [/HUDSON/workspace/8-2-build-linux-amd64/jdk8u91/6644/hotspot/src/share/vm/interpreter/interpreterRuntime.cpp, line 366]

Events (10 events):
Event: 7.280 loading class com/sun/javafx/scene/control/skin/TabPaneSkin$3 done
Event: 7.304 loading class com/jfoenix/skins/JFXRadioButtonSkin$1
Event: 7.304 loading class com/jfoenix/skins/JFXRadioButtonSkin$1 done
Event: 7.305 Thread 0x00007f46f83c3000 Uncommon trap: trap_request=0xffffff65 fr.pc=0x00007f46e8afe59c
Event: 7.305 Thread 0x00007f46f83c3000 DEOPT PACKING pc=0x00007f46e8afe59c sp=0x00007f4686925630
Event: 7.305 Thread 0x00007f46f83c3000 DEOPT UNPACKING pc=0x00007f46e85aa229 sp=0x00007f46869255a8 mode 2
Event: 7.308 loading class com/sun/javafx/font/PrismFontUtils
Event: 7.308 loading class com/sun/javafx/font/PrismFontUtils done
Event: 7.309 loading class com/sun/javafx/tk/FontMetrics
Event: 7.309 loading class com/sun/javafx/tk/FontMetrics done


Dynamic libraries:
00400000-00401000 r-xp 00000000 08:0f 1573679                            /usr/lib/jvm/oracle_jdk8/jre/bin/java
00600000-00601000 rw-p 00000000 08:0f 1573679                            /usr/lib/jvm/oracle_jdk8/jre/bin/java
017cb000-017ec000 rw-p 00000000 00:00 0                                  [heap]
84800000-87880000 rw-p 00000000 00:00 0 
87880000-d6d80000 ---p 00000000 00:00 0 
d6d80000-d9680000 rw-p 00000000 00:00 0 
d9680000-100000000 ---p 00000000 00:00 0 
100000000-100400000 rw-p 00000000 00:00 0 
100400000-140000000 ---p 00000000 00:00 0 
7f464c000000-7f464c021000 rw-p 00000000 00:00 0 
7f464c021000-7f4650000000 ---p 00000000 00:00 0 
7f4650000000-7f4650021000 rw-p 00000000 00:00 0 
7f4650021000-7f4654000000 ---p 00000000 00:00 0 
7f4654000000-7f4654027000 rw-p 00000000 00:00 0 
7f4654027000-7f4658000000 ---p 00000000 00:00 0 
7f4658000000-7f4658021000 rw-p 00000000 00:00 0 
7f4658021000-7f465c000000 ---p 00000000 00:00 0 
7f465c000000-7f465c021000 rw-p 00000000 00:00 0 
7f465c021000-7f4660000000 ---p 00000000 00:00 0 
7f4660000000-7f4660021000 rw-p 00000000 00:00 0 
7f4660021000-7f4664000000 ---p 00000000 00:00 0 
7f4666bf1000-7f4666c31000 rw-p 00000000 00:00 0 
7f4666c31000-7f4666df1000 ---p 00000000 00:00 0 
7f4666df1000-7f4666ff1000 rw-p 00000000 00:00 0 
7f4666ff1000-7f4666ff4000 ---p 00000000 00:00 0 
7f4666ff4000-7f46670f2000 rw-p 00000000 00:00 0 
7f46670f2000-7f46670f5000 ---p 00000000 00:00 0 
7f46670f5000-7f46671f3000 rw-p 00000000 00:00 0 
7f46671f3000-7f466725c000 r-xp 00000000 08:0f 1587707                    /usr/lib/jvm/oracle_jdk8/jre/lib/amd64/libt2k.so
7f466725c000-7f466745c000 ---p 00069000 08:0f 1587707                    /usr/lib/jvm/oracle_jdk8/jre/lib/amd64/libt2k.so
7f466745c000-7f4667463000 rw-p 00069000 08:0f 1587707                    /usr/lib/jvm/oracle_jdk8/jre/lib/amd64/libt2k.so
7f4667463000-7f4667473000 rw-p 00000000 00:00 0 
7f4667473000-7f4667484000 r-xp 00000000 08:0f 1587741                    /usr/lib/jvm/oracle_jdk8/jre/lib/amd64/libnio.so
7f4667484000-7f4667683000 ---p 00011000 08:0f 1587741                    /usr/lib/jvm/oracle_jdk8/jre/lib/amd64/libnio.so
7f4667683000-7f4667684000 rw-p 00010000 08:0f 1587741                    /usr/lib/jvm/oracle_jdk8/jre/lib/amd64/libnio.so
7f4667684000-7f4667884000 rw-p 00000000 00:00 0 
7f4667884000-7f4667887000 ---p 00000000 00:00 0 
7f4667887000-7f4667985000 rw-p 00000000 00:00 0 
7f4667985000-7f4667988000 ---p 00000000 00:00 0 
7f4667988000-7f4667a86000 rw-p 00000000 00:00 0 
7f4667a86000-7f4667a89000 ---p 00000000 00:00 0 
7f4667a89000-7f4667b87000 rw-p 00000000 00:00 0 
7f4667b87000-7f4667bec000 r-xp 00000000 08:0f 1587720                    /usr/lib/jvm/oracle_jdk8/jre/lib/amd64/libfontmanager.so
7f4667bec000-7f4667deb000 ---p 00065000 08:0f 1587720                    /usr/lib/jvm/oracle_jdk8/jre/lib/amd64/libfontmanager.so
7f4667deb000-7f4667df0000 rw-p 00064000 08:0f 1587720                    /usr/lib/jvm/oracle_jdk8/jre/lib/amd64/libfontmanager.so
7f4667df0000-7f4668000000 rw-p 00000000 00:00 0 
7f4668000000-7f4668021000 rw-p 00000000 00:00 0 
7f4668021000-7f466c000000 ---p 00000000 00:00 0 
7f466c000000-7f466c021000 rw-p 00000000 00:00 0 
7f466c021000-7f4670000000 ---p 00000000 00:00 0 
7f4670000000-7f4670021000 rw-p 00000000 00:00 0 
7f4670021000-7f4674000000 ---p 00000000 00:00 0 
7f4674000000-7f467496b000 rw-p 00000000 00:00 0 
7f467496b000-7f4678000000 ---p 00000000 00:00 0 
7f4678000000-7f4678021000 rw-p 00000000 00:00 0 
7f4678021000-7f467c000000 ---p 00000000 00:00 0 
7f467c000000-7f467c022000 rw-p 00000000 00:00 0 
7f467c022000-7f4680000000 ---p 00000000 00:00 0 
7f4680000000-7f4680021000 rw-p 00000000 00:00 0 
7f4680021000-7f4684000000 ---p 00000000 00:00 0 
7f4684069000-7f46840bd000 r-xp 00000000 08:0f 1587745                    /usr/lib/jvm/oracle_jdk8/jre/lib/amd64/libawt_xawt.so
7f46840bd000-7f46842bd000 ---p 00054000 08:0f 1587745                    /usr/lib/jvm/oracle_jdk8/jre/lib/amd64/libawt_xawt.so
7f46842bd000-7f46842c1000 rw-p 00054000 08:0f 1587745                    /usr/lib/jvm/oracle_jdk8/jre/lib/amd64/libawt_xawt.so
7f46842c1000-7f46842c2000 rw-p 00000000 00:00 0 
7f46842c2000-7f4684364000 r-xp 00000000 08:0f 1587731                    /usr/lib/jvm/oracle_jdk8/jre/lib/amd64/libawt.so
7f4684364000-7f4684564000 ---p 000a2000 08:0f 1587731                    /usr/lib/jvm/oracle_jdk8/jre/lib/amd64/libawt.so
7f4684564000-7f4684570000 rw-p 000a2000 08:0f 1587731                    /usr/lib/jvm/oracle_jdk8/jre/lib/amd64/libawt.so
7f4684570000-7f4684594000 rw-p 00000000 00:00 0 
7f4684594000-7f46845b0000 rw-s 00000000 00:05 1471646                    /drm mm object (deleted)
7f46845b0000-7f4684770000 rw-s 10685a000 00:06 349                       /dev/dri/card0
7f4684770000-7f4684d70000 rw-s 00000000 00:05 1472741                    /drm mm object (deleted)
7f4684d70000-7f4684f30000 rw-s 00000000 00:05 1472736                    /drm mm object (deleted)
7f4684f30000-7f4684f40000 rw-s 00000000 00:05 1472740                    /drm mm object (deleted)
7f4684f40000-7f4684f48000 rw-s 00000000 00:05 1472739                    /drm mm object (deleted)
7f4684f48000-7f4684f58000 rw-s 00000000 00:05 1472738                    /drm mm object (deleted)
7f4684f58000-7f4684f64000 rw-s 00000000 00:05 1472676                    /drm mm object (deleted)
7f4684f64000-7f4685164000 rw-p 00000000 00:00 0 
7f4685164000-7f4685177000 r--s 00344000 08:0f 1587685                    /usr/lib/jvm/oracle_jdk8/jre/lib/resources.jar
7f4685177000-7f4685224000 r--p 00000000 08:0f 2225679                    /usr/share/fonts/truetype/dejavu/DejaVuSans-Bold.ttf
7f4685224000-7f4685227000 ---p 00000000 00:00 0 
7f4685227000-7f4685325000 rw-p 00000000 00:00 0 
7f4685325000-7f46853de000 r--p 00000000 08:0f 2225680                    /usr/share/fonts/truetype/dejavu/DejaVuSans.ttf
7f46853de000-7f46853f1000 r--p 00000000 08:0f 1713188                    /usr/lib/jvm/oracle_jdk8/jre/lib/fonts/LucidaBrightDemiItalic.ttf
7f46853f1000-7f4685405000 r--p 00000000 08:0f 1713183                    /usr/lib/jvm/oracle_jdk8/jre/lib/fonts/LucidaBrightItalic.ttf
7f4685405000-7f468545a000 r--p 00000000 08:0f 1713185                    /usr/lib/jvm/oracle_jdk8/jre/lib/fonts/LucidaBrightRegular.ttf
7f468545a000-7f4685494000 r--p 00000000 08:0f 1713190                    /usr/lib/jvm/oracle_jdk8/jre/lib/fonts/LucidaTypewriterBold.ttf
7f4685494000-7f46854e2000 r--p 00000000 08:0f 1713186                    /usr/lib/jvm/oracle_jdk8/jre/lib/fonts/LucidaSansDemiBold.ttf
7f46854e2000-7f46854f5000 r--p 00000000 08:0f 1713191                    /usr/lib/jvm/oracle_jdk8/jre/lib/fonts/LucidaBrightDemiBold.ttf
7f46854f5000-7f4685531000 r--p 00000000 08:0f 1713189                    /usr/lib/jvm/oracle_jdk8/jre/lib/fonts/LucidaTypewriterRegular.ttf
7f4685531000-7f46855dc000 r--p 00000000 08:0f 1713184                    /usr/lib/jvm/oracle_jdk8/jre/lib/fonts/LucidaSansRegular.ttf
7f46855dc000-7f46855e0000 r-xp 00000000 08:0f 1587696                    /usr/lib/jvm/oracle_jdk8/jre/lib/amd64/libjavafx_font_pango.so
7f46855e0000-7f46857df000 ---p 00004000 08:0f 1587696                    /usr/lib/jvm/oracle_jdk8/jre/lib/amd64/libjavafx_font_pango.so
7f46857df000-7f46857e0000 rw-p 00003000 08:0f 1587696                    /usr/lib/jvm/oracle_jdk8/jre/lib/amd64/libjavafx_font_pango.so
7f46857e0000-7f46859e0000 rw-p 00000000 00:00 0 
7f46859e0000-7f46859e5000 r--s 00084000 08:0f 1573685                    /usr/lib/jvm/oracle_jdk8/jre/lib/jfr.jar
7f46859e5000-7f46859e9000 r--s 00097000 08:0f 1587686                    /usr/lib/jvm/oracle_jdk8/jre/lib/jsse.jar
7f46859e9000-7f4685be9000 rw-p 00000000 00:00 0 
7f4685be9000-7f4685bff000 r-xp 00000000 08:0f 1587738                    /usr/lib/jvm/oracle_jdk8/jre/lib/amd64/libnet.so
7f4685bff000-7f4685dff000 ---p 00016000 08:0f 1587738                    /usr/lib/jvm/oracle_jdk8/jre/lib/amd64/libnet.so
7f4685dff000-7f4685e00000 rw-p 00016000 08:0f 1587738                    /usr/lib/jvm/oracle_jdk8/jre/lib/amd64/libnet.so
7f4685e00000-7f4685e03000 ---p 00000000 00:00 0 
7f4685e03000-7f4686101000 rw-p 00000000 00:00 0 
7f4686101000-7f468610c000 r--s 00000000 08:0f 134039                     /var/cache/fontconfig/945677eb7aeaf62f1d50efc3fb3ec7d8-le64.cache-6
7f468610c000-7f4686121000 r--s 00000000 08:0f 134013                     /var/cache/fontconfig/04aabc0a78ac019cf9454389977116d2-le64.cache-6
7f4686121000-7f4686126000 r-xp 00000000 08:0f 1587699                    /usr/lib/jvm/oracle_jdk8/jre/lib/amd64/libjavafx_font_freetype.so
7f4686126000-7f4686325000 ---p 00005000 08:0f 1587699                    /usr/lib/jvm/oracle_jdk8/jre/lib/amd64/libjavafx_font_freetype.so
7f4686325000-7f4686326000 rw-p 00004000 08:0f 1587699                    /usr/lib/jvm/oracle_jdk8/jre/lib/amd64/libjavafx_font_freetype.so
7f4686326000-7f4686329000 r-xp 00000000 08:0f 1587739                    /usr/lib/jvm/oracle_jdk8/jre/lib/amd64/libjavafx_font.so
7f4686329000-7f4686528000 ---p 00003000 08:0f 1587739                    /usr/lib/jvm/oracle_jdk8/jre/lib/amd64/libjavafx_font.so
7f4686528000-7f4686529000 rw-p 00002000 08:0f 1587739                    /usr/lib/jvm/oracle_jdk8/jre/lib/amd64/libjavafx_font.so
7f4686529000-7f4686729000 rw-p 00000000 00:00 0 
7f4686729000-7f468672c000 ---p 00000000 00:00 0 
7f468672c000-7f468682a000 rw-p 00000000 00:00 0 
7f468682a000-7f468682d000 ---p 00000000 00:00 0 
7f468682d000-7f468692b000 rw-p 00000000 00:00 0 
7f468692b000-7f468692e000 ---p 00000000 00:00 0 
7f468692e000-7f4686a2c000 rw-p 00000000 00:00 0 
7f4686a2c000-7f4686a2d000 ---p 00000000 00:00 0 
7f4686a2d000-7f468722d000 rw-p 00000000 00:00 0 
7f468722d000-7f468722e000 ---p 00000000 00:00 0 
7f468722e000-7f4687a2e000 rw-p 00000000 00:00 0 
7f4687a2e000-7f4687a2f000 ---p 00000000 00:00 0 
7f4687a2f000-7f468822f000 rw-p 00000000 00:00 0 
7f468822f000-7f468823b000 r-xp 00000000 08:0f 1572888                    /usr/lib/x86_64-linux-gnu/gio/modules/libdconfsettings.so
7f468823b000-7f468843a000 ---p 0000c000 08:0f 1572888                    /usr/lib/x86_64-linux-gnu/gio/modules/libdconfsettings.so
7f468843a000-7f468843b000 r--p 0000b000 08:0f 1572888                    /usr/lib/x86_64-linux-gnu/gio/modules/libdconfsettings.so
7f468843b000-7f468843c000 rw-p 0000c000 08:0f 1572888                    /usr/lib/x86_64-linux-gnu/gio/modules/libdconfsettings.so
7f468843c000-7f4688485000 r--p 00000000 08:0f 1703186                    /usr/share/glib-2.0/schemas/gschemas.compiled
7f4688485000-7f468848c000 r-xp 00000000 08:0f 1318849                    /usr/lib/x86_64-linux-gnu/libogg.so.0.8.2
7f468848c000-7f468868c000 ---p 00007000 08:0f 1318849                    /usr/lib/x86_64-linux-gnu/libogg.so.0.8.2
7f468868c000-7f468868d000 r--p 00007000 08:0f 1318849                    /usr/lib/x86_64-linux-gnu/libogg.so.0.8.2
7f468868d000-7f468868e000 rw-p 00008000 08:0f 1318849                    /usr/lib/x86_64-linux-gnu/libogg.so.0.8.2
7f468868e000-7f46886b8000 r-xp 00000000 08:0f 1319282                    /usr/lib/x86_64-linux-gnu/libvorbis.so.0.4.8
7f46886b8000-7f46888b8000 ---p 0002a000 08:0f 1319282                    /usr/lib/x86_64-linux-gnu/libvorbis.so.0.4.8
7f46888b8000-7f46888b9000 r--p 0002a000 08:0f 1319282                    /usr/lib/x86_64-linux-gnu/libvorbis.so.0.4.8
7f46888b9000-7f46888ba000 rw-p 0002b000 08:0f 1319282                    /usr/lib/x86_64-linux-gnu/libvorbis.so.0.4.8
7f46888ba000-7f46888c2000 r-xp 00000000 08:0f 1318693                    /usr/lib/x86_64-linux-gnu/libltdl.so.7.3.1
7f46888c2000-7f4688ac2000 ---p 00008000 08:0f 1318693                    /usr/lib/x86_64-linux-gnu/libltdl.so.7.3.1
7f4688ac2000-7f4688ac3000 r--p 00008000 08:0f 1318693                    /usr/lib/x86_64-linux-gnu/libltdl.so.7.3.1
7f4688ac3000-7f4688ac4000 rw-p 00009000 08:0f 1318693                    /usr/lib/x86_64-linux-gnu/libltdl.so.7.3.1
7f4688ac4000-7f4688ad8000 r-xp 00000000 08:0f 1319115                    /usr/lib/x86_64-linux-gnu/libtdb.so.1.3.9
7f4688ad8000-7f4688cd7000 ---p 00014000 08:0f 1319115                    /usr/lib/x86_64-linux-gnu/libtdb.so.1.3.9
7f4688cd7000-7f4688cd8000 r--p 00013000 08:0f 1319115                    /usr/lib/x86_64-linux-gnu/libtdb.so.1.3.9
7f4688cd8000-7f4688cd9000 rw-p 00014000 08:0f 1319115                    /usr/lib/x86_64-linux-gnu/libtdb.so.1.3.9
7f4688cd9000-7f4688ce0000 r-xp 00000000 08:0f 1319286                    /usr/lib/x86_64-linux-gnu/libvorbisfile.so.3.3.7
7f4688ce0000-7f4688ee0000 ---p 00007000 08:0f 1319286                    /usr/lib/x86_64-linux-gnu/libvorbisfile.so.3.3.7
7f4688ee0000-7f4688ee1000 r--p 00007000 08:0f 1319286                    /usr/lib/x86_64-linux-gnu/libvorbisfile.so.3.3.7
7f4688ee1000-7f4688ee2000 rw-p 00008000 08:0f 1319286                    /usr/lib/x86_64-linux-gnu/libvorbisfile.so.3.3.7
7f4688ee2000-7f4688ef2000 r-xp 00000000 08:0f 1318049                    /usr/lib/x86_64-linux-gnu/libcanberra.so.0.2.5
7f4688ef2000-7f46890f2000 ---p 00010000 08:0f 1318049                    /usr/lib/x86_64-linux-gnu/libcanberra.so.0.2.5
7f46890f2000-7f46890f3000 r--p 00010000 08:0f 1318049                    /usr/lib/x86_64-linux-gnu/libcanberra.so.0.2.5
7f46890f3000-7f46890f4000 rw-p 00011000 08:0f 1318049                    /usr/lib/x86_64-linux-gnu/libcanberra.so.0.2.5
7f46890f4000-7f46890f8000 r-xp 00000000 08:0f 1318045                    /usr/lib/x86_64-linux-gnu/libcanberra-gtk.so.0.1.9
7f46890f8000-7f46892f7000 ---p 00004000 08:0f 1318045                    /usr/lib/x86_64-linux-gnu/libcanberra-gtk.so.0.1.9
7f46892f7000-7f46892f8000 r--p 00003000 08:0f 1318045                    /usr/lib/x86_64-linux-gnu/libcanberra-gtk.so.0.1.9
7f46892f8000-7f46892f9000 rw-p 00004000 08:0f 1318045                    /usr/lib/x86_64-linux-gnu/libcanberra-gtk.so.0.1.9
7f46892f9000-7f46892fe000 r-xp 00000000 08:0f 1573095                    /usr/lib/x86_64-linux-gnu/gtk-2.0/modules/libcanberra-gtk-module.so
7f46892fe000-7f46894fd000 ---p 00005000 08:0f 1573095                    /usr/lib/x86_64-linux-gnu/gtk-2.0/modules/libcanberra-gtk-module.so
7f46894fd000-7f46894fe000 r--p 00004000 08:0f 1573095                    /usr/lib/x86_64-linux-gnu/gtk-2.0/modules/libcanberra-gtk-module.so
7f46894fe000-7f46894ff000 rw-p 00005000 08:0f 1573095                    /usr/lib/x86_64-linux-gnu/gtk-2.0/modules/libcanberra-gtk-module.so
7f46894ff000-7f468952f000 r-xp 00000000 08:0f 1573077                    /usr/lib/x86_64-linux-gnu/gtk-2.0/2.10.0/engines/libmurrine.so
7f468952f000-7f468972f000 ---p 00030000 08:0f 1573077                    /usr/lib/x86_64-linux-gnu/gtk-2.0/2.10.0/engines/libmurrine.so
7f468972f000-7f4689730000 r--p 00030000 08:0f 1573077                    /usr/lib/x86_64-linux-gnu/gtk-2.0/2.10.0/engines/libmurrine.so
7f4689730000-7f4689731000 rw-p 00031000 08:0f 1573077                    /usr/lib/x86_64-linux-gnu/gtk-2.0/2.10.0/engines/libmurrine.so
7f4689731000-7f4689742000 r-xp 00000000 08:0f 1587590                    /usr/lib/x86_64-linux-gnu/gtk-2.0/modules/liboverlay-scrollbar.so
7f4689742000-7f4689942000 ---p 00011000 08:0f 1587590                    /usr/lib/x86_64-linux-gnu/gtk-2.0/modules/liboverlay-scrollbar.so
7f4689942000-7f4689943000 r--p 00011000 08:0f 1587590                    /usr/lib/x86_64-linux-gnu/gtk-2.0/modules/liboverlay-scrollbar.so
7f4689943000-7f4689944000 rw-p 00012000 08:0f 1587590                    /usr/lib/x86_64-linux-gnu/gtk-2.0/modules/liboverlay-scrollbar.so
7f4689944000-7f468996d000 r-xp 00000000 08:0f 1587715                    /usr/lib/jvm/oracle_jdk8/jre/lib/amd64/libglass.so
7f468996d000-7f4689b6c000 ---p 00029000 08:0f 1587715                    /usr/lib/jvm/oracle_jdk8/jre/lib/amd64/libglass.so
7f4689b6c000-7f4689b6f000 rw-p 00028000 08:0f 1587715                    /usr/lib/jvm/oracle_jdk8/jre/lib/amd64/libglass.so
7f4689b6f000-7f4689ba6000 r-xp 00000000 08:0f 1319162                    /usr/lib/x86_64-linux-gnu/libtxc_dxtn_s2tc.so.0.0.0
7f4689ba6000-7f4689da5000 ---p 00037000 08:0f 1319162                    /usr/lib/x86_64-linux-gnu/libtxc_dxtn_s2tc.so.0.0.0
7f4689da5000-7f4689da6000 r--p 00036000 08:0f 1319162                    /usr/lib/x86_64-linux-gnu/libtxc_dxtn_s2tc.so.0.0.0
7f4689da6000-7f4689da7000 rw-p 00037000 08:0f 1319162                    /usr/lib/x86_64-linux-gnu/libtxc_dxtn_s2tc.so.0.0.0
7f4689da7000-7f4689daf000 r-xp 00000000 08:0f 1318896                    /usr/lib/x86_64-linux-gnu/libpciaccess.so.0.11.1
7f4689daf000-7f4689faf000 ---p 00008000 08:0f 1318896                    /usr/lib/x86_64-linux-gnu/libpciaccess.so.0.11.1
7f4689faf000-7f4689fb0000 r--p 00008000 08:0f 1318896                    /usr/lib/x86_64-linux-gnu/libpciaccess.so.0.11.1
7f4689fb0000-7f4689fb1000 rw-p 00009000 08:0f 1318896                    /usr/lib/x86_64-linux-gnu/libpciaccess.so.0.11.1
7f4689fb1000-7f4689fc3000 r-xp 00000000 08:0f 528094                     /lib/x86_64-linux-gnu/libgpg-error.so.0.19.1
7f4689fc3000-7f468a1c3000 ---p 00012000 08:0f 528094                     /lib/x86_64-linux-gnu/libgpg-error.so.0.19.1
7f468a1c3000-7f468a1c4000 r--p 00012000 08:0f 528094                     /lib/x86_64-linux-gnu/libgpg-error.so.0.19.1
7f468a1c4000-7f468a1c5000 rw-p 00013000 08:0f 528094                     /lib/x86_64-linux-gnu/libgpg-error.so.0.19.1
7f468a1c5000-7f468a1d0000 r-xp 00000000 08:0f 1318198                    /usr/lib/x86_64-linux-gnu/libdrm_radeon.so.1.0.1
7f468a1d0000-7f468a3cf000 ---p 0000b000 08:0f 1318198                    /usr/lib/x86_64-linux-gnu/libdrm_radeon.so.1.0.1
7f468a3cf000-7f468a3d0000 r--p 0000a000 08:0f 1318198                    /usr/lib/x86_64-linux-gnu/libdrm_radeon.so.1.0.1
7f468a3d0000-7f468a3d1000 rw-p 0000b000 08:0f 1318198                    /usr/lib/x86_64-linux-gnu/libdrm_radeon.so.1.0.1
7f468a3d1000-7f468a3d8000 r-xp 00000000 08:0f 1318196                    /usr/lib/x86_64-linux-gnu/libdrm_nouveau.so.2.0.0
7f468a3d8000-7f468a5d7000 ---p 00007000 08:0f 1318196                    /usr/lib/x86_64-linux-gnu/libdrm_nouveau.so.2.0.0
7f468a5d7000-7f468a5d8000 r--p 00006000 08:0f 1318196                    /usr/lib/x86_64-linux-gnu/libdrm_nouveau.so.2.0.0
7f468a5d8000-7f468a5d9000 rw-p 00007000 08:0f 1318196                    /usr/lib/x86_64-linux-gnu/libdrm_nouveau.so.2.0.0
7f468a5d9000-7f468a5f9000 r-xp 00000000 08:0f 1318194                    /usr/lib/x86_64-linux-gnu/libdrm_intel.so.1.0.0
7f468a5f9000-7f468a7f8000 ---p 00020000 08:0f 1318194                    /usr/lib/x86_64-linux-gnu/libdrm_intel.so.1.0.0
7f468a7f8000-7f468a7f9000 r--p 0001f000 08:0f 1318194                    /usr/lib/x86_64-linux-gnu/libdrm_intel.so.1.0.0
7f468a7f9000-7f468a7fa000 rw-p 00020000 08:0f 1318194                    /usr/lib/x86_64-linux-gnu/libdrm_intel.so.1.0.0
7f468a7fa000-7f468a901000 r-xp 00000000 08:0f 528090                     /lib/x86_64-linux-gnu/libgcrypt.so.20.1.2
7f468a901000-7f468ab00000 ---p 00107000 08:0f 528090                     /lib/x86_64-linux-gnu/libgcrypt.so.20.1.2
7f468ab00000-7f468ab02000 r--p 00106000 08:0f 528090                     /lib/x86_64-linux-gnu/libgcrypt.so.20.1.2
7f468ab02000-7f468ab09000 rw-p 00108000 08:0f 528090                     /lib/x86_64-linux-gnu/libgcrypt.so.20.1.2
7f468ab09000-7f468b1ac000 r-xp 00000000 08:0f 1571962                    /usr/lib/x86_64-linux-gnu/dri/i965_dri.so
7f468b1ac000-7f468b3ab000 ---p 006a3000 08:0f 1571962                    /usr/lib/x86_64-linux-gnu/dri/i965_dri.so
7f468b3ab000-7f468b3ea000 r--p 006a2000 08:0f 1571962                    /usr/lib/x86_64-linux-gnu/dri/i965_dri.so
7f468b3ea000-7f468b3f2000 rw-p 006e1000 08:0f 1571962                    /usr/lib/x86_64-linux-gnu/dri/i965_dri.so
7f468b3f2000-7f468b3fa000 rw-p 00000000 00:00 0 
7f468b3fa000-7f468b3fe000 r-xp 00000000 08:0f 527948                     /lib/x86_64-linux-gnu/libuuid.so.1.3.0
7f468b3fe000-7f468b5fd000 ---p 00004000 08:0f 527948                     /lib/x86_64-linux-gnu/libuuid.so.1.3.0
7f468b5fd000-7f468b5fe000 r--p 00003000 08:0f 527948                     /lib/x86_64-linux-gnu/libuuid.so.1.3.0
7f468b5fe000-7f468b5ff000 rw-p 00004000 08:0f 527948                     /lib/x86_64-linux-gnu/libuuid.so.1.3.0
7f468b5ff000-7f468b605000 r-xp 00000000 08:0f 1318139                    /usr/lib/x86_64-linux-gnu/libdatrie.so.1.3.3
7f468b605000-7f468b805000 ---p 00006000 08:0f 1318139                    /usr/lib/x86_64-linux-gnu/libdatrie.so.1.3.3
7f468b805000-7f468b806000 r--p 00006000 08:0f 1318139                    /usr/lib/x86_64-linux-gnu/libdatrie.so.1.3.3
7f468b806000-7f468b807000 rw-p 00007000 08:0f 1318139                    /usr/lib/x86_64-linux-gnu/libdatrie.so.1.3.3
7f468b807000-7f468b80c000 r-xp 00000000 08:0f 1317884                    /usr/lib/x86_64-linux-gnu/libXdmcp.so.6.0.0
7f468b80c000-7f468ba0b000 ---p 00005000 08:0f 1317884                    /usr/lib/x86_64-linux-gnu/libXdmcp.so.6.0.0
7f468ba0b000-7f468ba0c000 r--p 00004000 08:0f 1317884                    /usr/lib/x86_64-linux-gnu/libXdmcp.so.6.0.0
7f468ba0c000-7f468ba0d000 rw-p 00005000 08:0f 1317884                    /usr/lib/x86_64-linux-gnu/libXdmcp.so.6.0.0
7f468ba0d000-7f468ba0f000 r-xp 00000000 08:0f 1317873                    /usr/lib/x86_64-linux-gnu/libXau.so.6.0.0
7f468ba0f000-7f468bc0f000 ---p 00002000 08:0f 1317873                    /usr/lib/x86_64-linux-gnu/libXau.so.6.0.0
7f468bc0f000-7f468bc10000 r--p 00002000 08:0f 1317873                    /usr/lib/x86_64-linux-gnu/libXau.so.6.0.0
7f468bc10000-7f468bc11000 rw-p 00003000 08:0f 1317873                    /usr/lib/x86_64-linux-gnu/libXau.so.6.0.0
7f468bc11000-7f468bc34000 r-xp 00000000 08:0f 1318451                    /usr/lib/x86_64-linux-gnu/libgraphite2.so.3.0.1
7f468bc34000-7f468be33000 ---p 00023000 08:0f 1318451                    /usr/lib/x86_64-linux-gnu/libgraphite2.so.3.0.1
7f468be33000-7f468be35000 r--p 00022000 08:0f 1318451                    /usr/lib/x86_64-linux-gnu/libgraphite2.so.3.0.1
7f468be35000-7f468be36000 rw-p 00024000 08:0f 1318451                    /usr/lib/x86_64-linux-gnu/libgraphite2.so.3.0.1
7f468be36000-7f468be73000 r-xp 00000000 08:0f 527950                     /lib/x86_64-linux-gnu/libblkid.so.1.1.0
7f468be73000-7f468c072000 ---p 0003d000 08:0f 527950                     /lib/x86_64-linux-gnu/libblkid.so.1.1.0
7f468c072000-7f468c076000 r--p 0003c000 08:0f 527950                     /lib/x86_64-linux-gnu/libblkid.so.1.1.0
7f468c076000-7f468c077000 rw-p 00040000 08:0f 527950                     /lib/x86_64-linux-gnu/libblkid.so.1.1.0
7f468c077000-7f468c078000 rw-p 00000000 00:00 0 
7f468c078000-7f468c086000 r-xp 00000000 08:0f 1318190                    /usr/lib/x86_64-linux-gnu/libdrm.so.2.4.0
7f468c086000-7f468c285000 ---p 0000e000 08:0f 1318190                    /usr/lib/x86_64-linux-gnu/libdrm.so.2.4.0
7f468c285000-7f468c286000 r--p 0000d000 08:0f 1318190                    /usr/lib/x86_64-linux-gnu/libdrm.so.2.4.0
7f468c286000-7f468c287000 rw-p 0000e000 08:0f 1318190                    /usr/lib/x86_64-linux-gnu/libdrm.so.2.4.0
7f468c287000-7f468c28b000 r-xp 00000000 08:0f 1319373                    /usr/lib/x86_64-linux-gnu/libxcb-dri2.so.0.0.0
7f468c28b000-7f468c48a000 ---p 00004000 08:0f 1319373                    /usr/lib/x86_64-linux-gnu/libxcb-dri2.so.0.0.0
7f468c48a000-7f468c48b000 r--p 00003000 08:0f 1319373                    /usr/lib/x86_64-linux-gnu/libxcb-dri2.so.0.0.0
7f468c48b000-7f468c48c000 rw-p 00004000 08:0f 1319373                    /usr/lib/x86_64-linux-gnu/libxcb-dri2.so.0.0.0
7f468c48c000-7f468c4a3000 r-xp 00000000 08:0f 1319377                    /usr/lib/x86_64-linux-gnu/libxcb-glx.so.0.0.0
7f468c4a3000-7f468c6a2000 ---p 00017000 08:0f 1319377                    /usr/lib/x86_64-linux-gnu/libxcb-glx.so.0.0.0
7f468c6a2000-7f468c6a4000 r--p 00016000 08:0f 1319377                    /usr/lib/x86_64-linux-gnu/libxcb-glx.so.0.0.0
7f468c6a4000-7f468c6a5000 rw-p 00018000 08:0f 1319377                    /usr/lib/x86_64-linux-gnu/libxcb-glx.so.0.0.0
7f468c6a5000-7f468c6a6000 r-xp 00000000 08:0f 1317867                    /usr/lib/x86_64-linux-gnu/libX11-xcb.so.1.0.0
7f468c6a6000-7f468c8a5000 ---p 00001000 08:0f 1317867                    /usr/lib/x86_64-linux-gnu/libX11-xcb.so.1.0.0
7f468c8a5000-7f468c8a6000 r--p 00000000 08:0f 1317867                    /usr/lib/x86_64-linux-gnu/libX11-xcb.so.1.0.0
7f468c8a6000-7f468c8a7000 rw-p 00001000 08:0f 1317867                    /usr/lib/x86_64-linux-gnu/libX11-xcb.so.1.0.0
7f468c8a7000-7f468c8d0000 r-xp 00000000 08:0f 1332500                    /usr/lib/x86_64-linux-gnu/libglapi.so.0.0.0
7f468c8d0000-7f468cacf000 ---p 00029000 08:0f 1332500                    /usr/lib/x86_64-linux-gnu/libglapi.so.0.0.0
7f468cacf000-7f468cad3000 r--p 00028000 08:0f 1332500                    /usr/lib/x86_64-linux-gnu/libglapi.so.0.0.0
7f468cad3000-7f468cad4000 rw-p 0002c000 08:0f 1332500                    /usr/lib/x86_64-linux-gnu/libglapi.so.0.0.0
7f468cad4000-7f468cad5000 rw-p 00000000 00:00 0 
7f468cad5000-7f468cad6000 r-xp 00000000 08:0f 1319419                    /usr/lib/x86_64-linux-gnu/libxshmfence.so.1.0.0
7f468cad6000-7f468ccd6000 ---p 00001000 08:0f 1319419                    /usr/lib/x86_64-linux-gnu/libxshmfence.so.1.0.0
7f468ccd6000-7f468ccd7000 r--p 00001000 08:0f 1319419                    /usr/lib/x86_64-linux-gnu/libxshmfence.so.1.0.0
7f468ccd7000-7f468ccd8000 rw-p 00002000 08:0f 1319419                    /usr/lib/x86_64-linux-gnu/libxshmfence.so.1.0.0
7f468ccd8000-7f468ccdd000 r-xp 00000000 08:0f 1319397                    /usr/lib/x86_64-linux-gnu/libxcb-sync.so.1.0.0
7f468ccdd000-7f468cedd000 ---p 00005000 08:0f 1319397                    /usr/lib/x86_64-linux-gnu/libxcb-sync.so.1.0.0
7f468cedd000-7f468cede000 r--p 00005000 08:0f 1319397                    /usr/lib/x86_64-linux-gnu/libxcb-sync.so.1.0.0
7f468cede000-7f468cedf000 rw-p 00006000 08:0f 1319397                    /usr/lib/x86_64-linux-gnu/libxcb-sync.so.1.0.0
7f468cedf000-7f468cee1000 r-xp 00000000 08:0f 1319385                    /usr/lib/x86_64-linux-gnu/libxcb-present.so.0.0.0
7f468cee1000-7f468d0e0000 ---p 00002000 08:0f 1319385                    /usr/lib/x86_64-linux-gnu/libxcb-present.so.0.0.0
7f468d0e0000-7f468d0e1000 r--p 00001000 08:0f 1319385                    /usr/lib/x86_64-linux-gnu/libxcb-present.so.0.0.0
7f468d0e1000-7f468d0e2000 rw-p 00002000 08:0f 1319385                    /usr/lib/x86_64-linux-gnu/libxcb-present.so.0.0.0
7f468d0e2000-7f468d0e4000 r-xp 00000000 08:0f 1319375                    /usr/lib/x86_64-linux-gnu/libxcb-dri3.so.0.0.0
7f468d0e4000-7f468d2e3000 ---p 00002000 08:0f 1319375                    /usr/lib/x86_64-linux-gnu/libxcb-dri3.so.0.0.0
7f468d2e3000-7f468d2e4000 r--p 00001000 08:0f 1319375                    /usr/lib/x86_64-linux-gnu/libxcb-dri3.so.0.0.0
7f468d2e4000-7f468d2e5000 rw-p 00002000 08:0f 1319375                    /usr/lib/x86_64-linux-gnu/libxcb-dri3.so.0.0.0
7f468d2e5000-7f468d357000 r-xp 00000000 08:0f 528176                     /lib/x86_64-linux-gnu/libpcre.so.3.13.3
7f468d357000-7f468d556000 ---p 00072000 08:0f 528176                     /lib/x86_64-linux-gnu/libpcre.so.3.13.3
7f468d556000-7f468d557000 r--p 00071000 08:0f 528176                     /lib/x86_64-linux-gnu/libpcre.so.3.13.3
7f468d557000-7f468d558000 rw-p 00072000 08:0f 528176                     /lib/x86_64-linux-gnu/libpcre.so.3.13.3
7f468d558000-7f468d55f000 r-xp 00000000 08:0f 1318270                    /usr/lib/x86_64-linux-gnu/libffi.so.6.0.4
7f468d55f000-7f468d75e000 ---p 00007000 08:0f 1318270                    /usr/lib/x86_64-linux-gnu/libffi.so.6.0.4
7f468d75e000-7f468d75f000 r--p 00006000 08:0f 1318270                    /usr/lib/x86_64-linux-gnu/libffi.so.6.0.4
7f468d75f000-7f468d760000 rw-p 00007000 08:0f 1318270                    /usr/lib/x86_64-linux-gnu/libffi.so.6.0.4
7f468d760000-7f468d787000 r-xp 00000000 08:0f 528081                     /lib/x86_64-linux-gnu/libexpat.so.1.6.2
7f468d787000-7f468d987000 ---p 00027000 08:0f 528081                     /lib/x86_64-linux-gnu/libexpat.so.1.6.2
7f468d987000-7f468d989000 r--p 00027000 08:0f 528081                     /lib/x86_64-linux-gnu/libexpat.so.1.6.2
7f468d989000-7f468d98a000 rw-p 00029000 08:0f 528081                     /lib/x86_64-linux-gnu/libexpat.so.1.6.2
7f468d98a000-7f468d992000 r-xp 00000000 08:0f 1319129                    /usr/lib/x86_64-linux-gnu/libthai.so.0.3.0
7f468d992000-7f468db91000 ---p 00008000 08:0f 1319129                    /usr/lib/x86_64-linux-gnu/libthai.so.0.3.0
7f468db91000-7f468db92000 r--p 00007000 08:0f 1319129                    /usr/lib/x86_64-linux-gnu/libthai.so.0.3.0
7f468db92000-7f468db93000 rw-p 00008000 08:0f 1319129                    /usr/lib/x86_64-linux-gnu/libthai.so.0.3.0
7f468db93000-7f468dbb4000 r-xp 00000000 08:0f 1319407                    /usr/lib/x86_64-linux-gnu/libxcb.so.1.1.0
7f468dbb4000-7f468ddb3000 ---p 00021000 08:0f 1319407                    /usr/lib/x86_64-linux-gnu/libxcb.so.1.1.0
7f468ddb3000-7f468ddb4000 r--p 00020000 08:0f 1319407                    /usr/lib/x86_64-linux-gnu/libxcb.so.1.1.0
7f468ddb4000-7f468ddb5000 rw-p 00021000 08:0f 1319407                    /usr/lib/x86_64-linux-gnu/libxcb.so.1.1.0
7f468ddb5000-7f468ddbd000 r-xp 00000000 08:0f 1319391                    /usr/lib/x86_64-linux-gnu/libxcb-render.so.0.0.0
7f468ddbd000-7f468dfbd000 ---p 00008000 08:0f 1319391                    /usr/lib/x86_64-linux-gnu/libxcb-render.so.0.0.0
7f468dfbd000-7f468dfbe000 r--p 00008000 08:0f 1319391                    /usr/lib/x86_64-linux-gnu/libxcb-render.so.0.0.0
7f468dfbe000-7f468dfbf000 rw-p 00009000 08:0f 1319391                    /usr/lib/x86_64-linux-gnu/libxcb-render.so.0.0.0
7f468dfbf000-7f468dfc1000 r-xp 00000000 08:0f 1319395                    /usr/lib/x86_64-linux-gnu/libxcb-shm.so.0.0.0
7f468dfc1000-7f468e1c1000 ---p 00002000 08:0f 1319395                    /usr/lib/x86_64-linux-gnu/libxcb-shm.so.0.0.0
7f468e1c1000-7f468e1c2000 r--p 00002000 08:0f 1319395                    /usr/lib/x86_64-linux-gnu/libxcb-shm.so.0.0.0
7f468e1c2000-7f468e1c3000 rw-p 00003000 08:0f 1319395                    /usr/lib/x86_64-linux-gnu/libxcb-shm.so.0.0.0
7f468e1c3000-7f468e1f4000 r-xp 00000000 08:0f 1318920                    /usr/lib/x86_64-linux-gnu/libpng16.so.16.25.0
7f468e1f4000-7f468e3f3000 ---p 00031000 08:0f 1318920                    /usr/lib/x86_64-linux-gnu/libpng16.so.16.25.0
7f468e3f3000-7f468e3f4000 r--p 00030000 08:0f 1318920                    /usr/lib/x86_64-linux-gnu/libpng16.so.16.25.0
7f468e3f4000-7f468e3f5000 rw-p 00031000 08:0f 1318920                    /usr/lib/x86_64-linux-gnu/libpng16.so.16.25.0
7f468e3f5000-7f468e494000 r-xp 00000000 08:0f 1318912                    /usr/lib/x86_64-linux-gnu/libpixman-1.so.0.33.6
7f468e494000-7f468e694000 ---p 0009f000 08:0f 1318912                    /usr/lib/x86_64-linux-gnu/libpixman-1.so.0.33.6
7f468e694000-7f468e69c000 r--p 0009f000 08:0f 1318912                    /usr/lib/x86_64-linux-gnu/libpixman-1.so.0.33.6
7f468e69c000-7f468e69d000 rw-p 000a7000 08:0f 1318912                    /usr/lib/x86_64-linux-gnu/libpixman-1.so.0.33.6
7f468e69d000-7f468e71b000 r-xp 00000000 08:0f 1318541                    /usr/lib/x86_64-linux-gnu/libharfbuzz.so.0.10200.7
7f468e71b000-7f468e91b000 ---p 0007e000 08:0f 1318541                    /usr/lib/x86_64-linux-gnu/libharfbuzz.so.0.10200.7
7f468e91b000-7f468e91c000 r--p 0007e000 08:0f 1318541                    /usr/lib/x86_64-linux-gnu/libharfbuzz.so.0.10200.7
7f468e91c000-7f468e91d000 rw-p 0007f000 08:0f 1318541                    /usr/lib/x86_64-linux-gnu/libharfbuzz.so.0.10200.7
7f468e91d000-7f468e963000 r-xp 00000000 08:0f 527943                     /lib/x86_64-linux-gnu/libmount.so.1.1.0
7f468e963000-7f468eb62000 ---p 00046000 08:0f 527943                     /lib/x86_64-linux-gnu/libmount.so.1.1.0
7f468eb62000-7f468eb63000 r--p 00045000 08:0f 527943                     /lib/x86_64-linux-gnu/libmount.so.1.1.0
7f468eb63000-7f468eb64000 rw-p 00046000 08:0f 527943                     /lib/x86_64-linux-gnu/libmount.so.1.1.0
7f468eb64000-7f468eb65000 rw-p 00000000 00:00 0 
7f468eb65000-7f468eb7c000 r-xp 00000000 08:0f 528272                     /lib/x86_64-linux-gnu/libresolv-2.24.so
7f468eb7c000-7f468ed7c000 ---p 00017000 08:0f 528272                     /lib/x86_64-linux-gnu/libresolv-2.24.so
7f468ed7c000-7f468ed7d000 r--p 00017000 08:0f 528272                     /lib/x86_64-linux-gnu/libresolv-2.24.so
7f468ed7d000-7f468ed7e000 rw-p 00018000 08:0f 528272                     /lib/x86_64-linux-gnu/libresolv-2.24.so
7f468ed7e000-7f468ed80000 rw-p 00000000 00:00 0 
7f468ed80000-7f468eda3000 r-xp 00000000 08:0f 528203                     /lib/x86_64-linux-gnu/libselinux.so.1
7f468eda3000-7f468efa2000 ---p 00023000 08:0f 528203                     /lib/x86_64-linux-gnu/libselinux.so.1
7f468efa2000-7f468efa3000 r--p 00022000 08:0f 528203                     /lib/x86_64-linux-gnu/libselinux.so.1
7f468efa3000-7f468efa4000 rw-p 00023000 08:0f 528203                     /lib/x86_64-linux-gnu/libselinux.so.1
7f468efa4000-7f468efa6000 rw-p 00000000 00:00 0 
7f468efa6000-7f468efbf000 r-xp 00000000 08:0f 528232                     /lib/x86_64-linux-gnu/libz.so.1.2.8
7f468efbf000-7f468f1be000 ---p 00019000 08:0f 528232                     /lib/x86_64-linux-gnu/libz.so.1.2.8
7f468f1be000-7f468f1bf000 r--p 00018000 08:0f 528232                     /lib/x86_64-linux-gnu/libz.so.1.2.8
7f468f1bf000-7f468f1c0000 rw-p 00019000 08:0f 528232                     /lib/x86_64-linux-gnu/libz.so.1.2.8
7f468f1c0000-7f468f1d1000 r-xp 00000000 08:0f 1317886                    /usr/lib/x86_64-linux-gnu/libXext.so.6.4.0
7f468f1d1000-7f468f3d0000 ---p 00011000 08:0f 1317886                    /usr/lib/x86_64-linux-gnu/libXext.so.6.4.0
7f468f3d0000-7f468f3d1000 r--p 00010000 08:0f 1317886                    /usr/lib/x86_64-linux-gnu/libXext.so.6.4.0
7f468f3d1000-7f468f3d2000 rw-p 00011000 08:0f 1317886                    /usr/lib/x86_64-linux-gnu/libXext.so.6.4.0
7f468f3d2000-7f468f3d4000 r-xp 00000000 08:0f 1317882                    /usr/lib/x86_64-linux-gnu/libXdamage.so.1.1.0
7f468f3d4000-7f468f5d3000 ---p 00002000 08:0f 1317882                    /usr/lib/x86_64-linux-gnu/libXdamage.so.1.1.0
7f468f5d3000-7f468f5d4000 r--p 00001000 08:0f 1317882                    /usr/lib/x86_64-linux-gnu/libXdamage.so.1.1.0
7f468f5d4000-7f468f5d5000 rw-p 00002000 08:0f 1317882                    /usr/lib/x86_64-linux-gnu/libXdamage.so.1.1.0
7f468f5d5000-7f468f5d7000 r-xp 00000000 08:0f 1317878                    /usr/lib/x86_64-linux-gnu/libXcomposite.so.1.0.0
7f468f5d7000-7f468f7d6000 ---p 00002000 08:0f 1317878                    /usr/lib/x86_64-linux-gnu/libXcomposite.so.1.0.0
7f468f7d6000-7f468f7d7000 r--p 00001000 08:0f 1317878                    /usr/lib/x86_64-linux-gnu/libXcomposite.so.1.0.0
7f468f7d7000-7f468f7d8000 rw-p 00002000 08:0f 1317878                    /usr/lib/x86_64-linux-gnu/libXcomposite.so.1.0.0
7f468f7d8000-7f468f7e1000 r-xp 00000000 08:0f 1317880                    /usr/lib/x86_64-linux-gnu/libXcursor.so.1.0.2
7f468f7e1000-7f468f9e0000 ---p 00009000 08:0f 1317880                    /usr/lib/x86_64-linux-gnu/libXcursor.so.1.0.2
7f468f9e0000-7f468f9e1000 r--p 00008000 08:0f 1317880                    /usr/lib/x86_64-linux-gnu/libXcursor.so.1.0.2
7f468f9e1000-7f468f9e2000 rw-p 00009000 08:0f 1317880                    /usr/lib/x86_64-linux-gnu/libXcursor.so.1.0.2
7f468f9e2000-7f468f9ec000 r-xp 00000000 08:0f 1317904                    /usr/lib/x86_64-linux-gnu/libXrandr.so.2.2.0
7f468f9ec000-7f468fbeb000 ---p 0000a000 08:0f 1317904                    /usr/lib/x86_64-linux-gnu/libXrandr.so.2.2.0
7f468fbeb000-7f468fbec000 r--p 00009000 08:0f 1317904                    /usr/lib/x86_64-linux-gnu/libXrandr.so.2.2.0
7f468fbec000-7f468fbed000 rw-p 0000a000 08:0f 1317904                    /usr/lib/x86_64-linux-gnu/libXrandr.so.2.2.0
7f468fbed000-7f468fbfc000 r-xp 00000000 08:0f 1317894                    /usr/lib/x86_64-linux-gnu/libXi.so.6.1.0
7f468fbfc000-7f468fdfb000 ---p 0000f000 08:0f 1317894                    /usr/lib/x86_64-linux-gnu/libXi.so.6.1.0
7f468fdfb000-7f468fdfc000 r--p 0000e000 08:0f 1317894                    /usr/lib/x86_64-linux-gnu/libXi.so.6.1.0
7f468fdfc000-7f468fdfd000 rw-p 0000f000 08:0f 1317894                    /usr/lib/x86_64-linux-gnu/libXi.so.6.1.0
7f468fdfd000-7f468fdff000 r-xp 00000000 08:0f 1317896                    /usr/lib/x86_64-linux-gnu/libXinerama.so.1.0.0
7f468fdff000-7f468fffe000 ---p 00002000 08:0f 1317896                    /usr/lib/x86_64-linux-gnu/libXinerama.so.1.0.0
7f468fffe000-7f468ffff000 r--p 00001000 08:0f 1317896                    /usr/lib/x86_64-linux-gnu/libXinerama.so.1.0.0
7f468ffff000-7f4690000000 rw-p 00002000 08:0f 1317896                    /usr/lib/x86_64-linux-gnu/libXinerama.so.1.0.0
7f4690000000-7f4691ea4000 rw-p 00000000 00:00 0 
7f4691ea4000-7f4694000000 ---p 00000000 00:00 0 
7f4694000000-7f4694021000 rw-p 00000000 00:00 0 
7f4694021000-7f4698000000 ---p 00000000 00:00 0 
7f4698001000-7f4698002000 rw-s 00000000 00:05 1467034                    /drm mm object (deleted)
7f4698002000-7f4698003000 rw-s 00000000 00:05 1467033                    /drm mm object (deleted)
7f4698003000-7f4698009000 r--s 002f8000 08:0f 1587656                    /usr/lib/jvm/oracle_jdk8/jre/lib/charsets.jar
7f4698009000-7f469800f000 r--s 00000000 08:0f 134020                     /var/cache/fontconfig/2cd17615ca594fa2959ae173292e504c-le64.cache-6
7f469800f000-7f4698010000 r--s 00000000 08:0f 134017                     /var/cache/fontconfig/0d8c3b2ac0904cb8a57a757ad11a4a08-le64.cache-6
7f4698010000-7f4698014000 r--s 00000000 08:0f 132419                     /var/cache/fontconfig/de156ccd2eddbdc19d37a45b8b2aac9c-le64.cache-6
7f4698014000-7f4698015000 r--s 00000000 08:0f 134019                     /var/cache/fontconfig/1ac9eb803944fde146138c791f5cc56a-le64.cache-6
7f4698015000-7f4698019000 r--s 00000000 08:0f 134024                     /var/cache/fontconfig/385c0604a188198f04d133e54aba7fe7-le64.cache-6
7f4698019000-7f469801a000 r--s 00000000 08:0f 134052                     /var/cache/fontconfig/dc05db6664285cc2f12bf69c139ae4c3-le64.cache-6
7f469801a000-7f469801d000 r--s 00000000 08:0f 134035                     /var/cache/fontconfig/767a8244fc0220cfb567a839d0392e0b-le64.cache-6
7f469801d000-7f469801e000 r--s 00000000 08:0f 132299                     /var/cache/fontconfig/4794a0821666d79190d59a36cb4f44b5-le64.cache-6
7f469801e000-7f4698023000 r--s 00000000 08:0f 134038                     /var/cache/fontconfig/8801497958630a81b71ace7c5f9b32a8-le64.cache-6
7f4698023000-7f4698027000 r--s 00000000 08:0f 132418                     /var/cache/fontconfig/c57959a16110560c8d0fcea73374aeeb-le64.cache-6
7f4698027000-7f469803a000 r--s 00000000 08:0f 134049                     /var/cache/fontconfig/d52a8644073d54c13679302ca1180695-le64.cache-6
7f469803a000-7f4698043000 r-xp 00000000 08:0f 1317906                    /usr/lib/x86_64-linux-gnu/libXrender.so.1.3.0
7f4698043000-7f4698242000 ---p 00009000 08:0f 1317906                    /usr/lib/x86_64-linux-gnu/libXrender.so.1.3.0
7f4698242000-7f4698243000 r--p 00008000 08:0f 1317906                    /usr/lib/x86_64-linux-gnu/libXrender.so.1.3.0
7f4698243000-7f4698244000 rw-p 00009000 08:0f 1317906                    /usr/lib/x86_64-linux-gnu/libXrender.so.1.3.0
7f4698244000-7f4698249000 r-xp 00000000 08:0f 1317888                    /usr/lib/x86_64-linux-gnu/libXfixes.so.3.1.0
7f4698249000-7f4698448000 ---p 00005000 08:0f 1317888                    /usr/lib/x86_64-linux-gnu/libXfixes.so.3.1.0
7f4698448000-7f4698449000 r--p 00004000 08:0f 1317888                    /usr/lib/x86_64-linux-gnu/libXfixes.so.3.1.0
7f4698449000-7f469844a000 rw-p 00005000 08:0f 1317888                    /usr/lib/x86_64-linux-gnu/libXfixes.so.3.1.0
7f469844a000-7f4698460000 r-xp 00000000 08:0f 528088                     /lib/x86_64-linux-gnu/libgcc_s.so.1
7f4698460000-7f469865f000 ---p 00016000 08:0f 528088                     /lib/x86_64-linux-gnu/libgcc_s.so.1
7f469865f000-7f4698660000 r--p 00015000 08:0f 528088                     /lib/x86_64-linux-gnu/libgcc_s.so.1
7f4698660000-7f4698661000 rw-p 00016000 08:0f 528088                     /lib/x86_64-linux-gnu/libgcc_s.so.1
7f4698661000-7f46987d9000 r-xp 00000000 08:0f 1319101                    /usr/lib/x86_64-linux-gnu/libstdc++.so.6.0.22
7f46987d9000-7f46989d9000 ---p 00178000 08:0f 1319101                    /usr/lib/x86_64-linux-gnu/libstdc++.so.6.0.22
7f46989d9000-7f46989e3000 r--p 00178000 08:0f 1319101                    /usr/lib/x86_64-linux-gnu/libstdc++.so.6.0.22
7f46989e3000-7f46989e5000 rw-p 00182000 08:0f 1319101                    /usr/lib/x86_64-linux-gnu/libstdc++.so.6.0.22
7f46989e5000-7f46989e9000 rw-p 00000000 00:00 0 
7f46989e9000-7f4698a59000 r-xp 00000000 08:0f 1571965                    /usr/lib/x86_64-linux-gnu/mesa/libGL.so.1.2.0
7f4698a59000-7f4698c58000 ---p 00070000 08:0f 1571965                    /usr/lib/x86_64-linux-gnu/mesa/libGL.so.1.2.0
7f4698c58000-7f4698c5b000 r--p 0006f000 08:0f 1571965                    /usr/lib/x86_64-linux-gnu/mesa/libGL.so.1.2.0
7f4698c5b000-7f4698c5c000 rw-p 00072000 08:0f 1571965                    /usr/lib/x86_64-linux-gnu/mesa/libGL.so.1.2.0
7f4698c5c000-7f4698c5d000 rw-p 00000000 00:00 0 
7f4698c5d000-7f4698c62000 r-xp 00000000 08:0f 1317922                    /usr/lib/x86_64-linux-gnu/libXxf86vm.so.1.0.0
7f4698c62000-7f4698e61000 ---p 00005000 08:0f 1317922                    /usr/lib/x86_64-linux-gnu/libXxf86vm.so.1.0.0
7f4698e61000-7f4698e62000 r--p 00004000 08:0f 1317922                    /usr/lib/x86_64-linux-gnu/libXxf86vm.so.1.0.0
7f4698e62000-7f4698e63000 rw-p 00005000 08:0f 1317922                    /usr/lib/x86_64-linux-gnu/libXxf86vm.so.1.0.0
7f4698e63000-7f4698f98000 r-xp 00000000 08:0f 1317869                    /usr/lib/x86_64-linux-gnu/libX11.so.6.3.0
7f4698f98000-7f4699197000 ---p 00135000 08:0f 1317869                    /usr/lib/x86_64-linux-gnu/libX11.so.6.3.0
7f4699197000-7f4699198000 r--p 00134000 08:0f 1317869                    /usr/lib/x86_64-linux-gnu/libX11.so.6.3.0
7f4699198000-7f469919c000 rw-p 00135000 08:0f 1317869                    /usr/lib/x86_64-linux-gnu/libX11.so.6.3.0
7f469919c000-7f46991a1000 r-xp 00000000 08:0f 1317912                    /usr/lib/x86_64-linux-gnu/libXtst.so.6.1.0
7f46991a1000-7f46993a0000 ---p 00005000 08:0f 1317912                    /usr/lib/x86_64-linux-gnu/libXtst.so.6.1.0
7f46993a0000-7f46993a1000 r--p 00004000 08:0f 1317912                    /usr/lib/x86_64-linux-gnu/libXtst.so.6.1.0
7f46993a1000-7f46993a2000 rw-p 00005000 08:0f 1317912                    /usr/lib/x86_64-linux-gnu/libXtst.so.6.1.0
7f46993a2000-7f46994b4000 r-xp 00000000 08:0f 527958                     /lib/x86_64-linux-gnu/libglib-2.0.so.0.5000.2
7f46994b4000-7f46996b3000 ---p 00112000 08:0f 527958                     /lib/x86_64-linux-gnu/libglib-2.0.so.0.5000.2
7f46996b3000-7f46996b4000 r--p 00111000 08:0f 527958                     /lib/x86_64-linux-gnu/libglib-2.0.so.0.5000.2
7f46996b4000-7f46996b5000 rw-p 00112000 08:0f 527958                     /lib/x86_64-linux-gnu/libglib-2.0.so.0.5000.2
7f46996b5000-7f46996b6000 rw-p 00000000 00:00 0 
7f46996b6000-7f46996b7000 r-xp 00000000 08:0f 1308620                    /usr/lib/x86_64-linux-gnu/libgthread-2.0.so.0.5000.2
7f46996b7000-7f46998b6000 ---p 00001000 08:0f 1308620                    /usr/lib/x86_64-linux-gnu/libgthread-2.0.so.0.5000.2
7f46998b6000-7f46998b7000 r--p 00000000 08:0f 1308620                    /usr/lib/x86_64-linux-gnu/libgthread-2.0.so.0.5000.2
7f46998b7000-7f46998b8000 rw-p 00001000 08:0f 1308620                    /usr/lib/x86_64-linux-gnu/libgthread-2.0.so.0.5000.2
7f46998b8000-7f46998bb000 r-xp 00000000 08:0f 1308595                    /usr/lib/x86_64-linux-gnu/libgmodule-2.0.so.0.5000.2
7f46998bb000-7f4699aba000 ---p 00003000 08:0f 1308595                    /usr/lib/x86_64-linux-gnu/libgmodule-2.0.so.0.5000.2
7f4699aba000-7f4699abb000 r--p 00002000 08:0f 1308595                    /usr/lib/x86_64-linux-gnu/libgmodule-2.0.so.0.5000.2
7f4699abb000-7f4699abc000 rw-p 00003000 08:0f 1308595                    /usr/lib/x86_64-linux-gnu/libgmodule-2.0.so.0.5000.2
7f4699abc000-7f4699b0e000 r-xp 00000000 08:0f 1308617                    /usr/lib/x86_64-linux-gnu/libgobject-2.0.so.0.5000.2
7f4699b0e000-7f4699d0d000 ---p 00052000 08:0f 1308617                    /usr/lib/x86_64-linux-gnu/libgobject-2.0.so.0.5000.2
7f4699d0d000-7f4699d0e000 r--p 00051000 08:0f 1308617                    /usr/lib/x86_64-linux-gnu/libgobject-2.0.so.0.5000.2
7f4699d0e000-7f4699d0f000 rw-p 00052000 08:0f 1308617                    /usr/lib/x86_64-linux-gnu/libgobject-2.0.so.0.5000.2
7f4699d0f000-7f4699d4c000 r-xp 00000000 08:0f 1318288                    /usr/lib/x86_64-linux-gnu/libfontconfig.so.1.9.0
7f4699d4c000-7f4699f4b000 ---p 0003d000 08:0f 1318288                    /usr/lib/x86_64-linux-gnu/libfontconfig.so.1.9.0
7f4699f4b000-7f4699f4d000 r--p 0003c000 08:0f 1318288                    /usr/lib/x86_64-linux-gnu/libfontconfig.so.1.9.0
7f4699f4d000-7f4699f52000 rw-p 0003e000 08:0f 1318288                    /usr/lib/x86_64-linux-gnu/libfontconfig.so.1.9.0
7f4699f52000-7f4699ff9000 r-xp 00000000 08:0f 1309727                    /usr/lib/x86_64-linux-gnu/libfreetype.so.6.12.3
7f4699ff9000-7f469a1f8000 ---p 000a7000 08:0f 1309727                    /usr/lib/x86_64-linux-gnu/libfreetype.so.6.12.3
7f469a1f8000-7f469a1fe000 r--p 000a6000 08:0f 1309727                    /usr/lib/x86_64-linux-gnu/libfreetype.so.6.12.3
7f469a1fe000-7f469a1ff000 rw-p 000ac000 08:0f 1309727                    /usr/lib/x86_64-linux-gnu/libfreetype.so.6.12.3
7f469a1ff000-7f469a248000 r-xp 00000000 08:0f 1318880                    /usr/lib/x86_64-linux-gnu/libpango-1.0.so.0.4000.1
7f469a248000-7f469a448000 ---p 00049000 08:0f 1318880                    /usr/lib/x86_64-linux-gnu/libpango-1.0.so.0.4000.1
7f469a448000-7f469a44a000 r--p 00049000 08:0f 1318880                    /usr/lib/x86_64-linux-gnu/libpango-1.0.so.0.4000.1
7f469a44a000-7f469a44b000 rw-p 0004b000 08:0f 1318880                    /usr/lib/x86_64-linux-gnu/libpango-1.0.so.0.4000.1
7f469a44b000-7f469a559000 r-xp 00000000 08:0f 1318039                    /usr/lib/x86_64-linux-gnu/libcairo.so.2.11400.6
7f469a559000-7f469a758000 ---p 0010e000 08:0f 1318039                    /usr/lib/x86_64-linux-gnu/libcairo.so.2.11400.6
7f469a758000-7f469a75b000 r--p 0010d000 08:0f 1318039                    /usr/lib/x86_64-linux-gnu/libcairo.so.2.11400.6
7f469a75b000-7f469a75c000 rw-p 00110000 08:0f 1318039                    /usr/lib/x86_64-linux-gnu/libcairo.so.2.11400.6
7f469a75c000-7f469a75e000 rw-p 00000000 00:00 0 
7f469a75e000-7f469a76a000 r-xp 00000000 08:0f 1318882                    /usr/lib/x86_64-linux-gnu/libpangocairo-1.0.so.0.4000.1
7f469a76a000-7f469a969000 ---p 0000c000 08:0f 1318882                    /usr/lib/x86_64-linux-gnu/libpangocairo-1.0.so.0.4000.1
7f469a969000-7f469a96a000 r--p 0000b000 08:0f 1318882                    /usr/lib/x86_64-linux-gnu/libpangocairo-1.0.so.0.4000.1
7f469a96a000-7f469a96b000 rw-p 0000c000 08:0f 1318882                    /usr/lib/x86_64-linux-gnu/libpangocairo-1.0.so.0.4000.1
7f469a96b000-7f469a98c000 r-xp 00000000 08:0f 1318363                    /usr/lib/x86_64-linux-gnu/libgdk_pixbuf-2.0.so.0.3400.0
7f469a98c000-7f469ab8b000 ---p 00021000 08:0f 1318363                    /usr/lib/x86_64-linux-gnu/libgdk_pixbuf-2.0.so.0.3400.0
7f469ab8b000-7f469ab8c000 r--p 00020000 08:0f 1318363                    /usr/lib/x86_64-linux-gnu/libgdk_pixbuf-2.0.so.0.3400.0
7f469ab8c000-7f469ab8d000 rw-p 00021000 08:0f 1318363                    /usr/lib/x86_64-linux-gnu/libgdk_pixbuf-2.0.so.0.3400.0
7f469ab8d000-7f469aba1000 r-xp 00000000 08:0f 1318884                    /usr/lib/x86_64-linux-gnu/libpangoft2-1.0.so.0.4000.1
7f469aba1000-7f469ada1000 ---p 00014000 08:0f 1318884                    /usr/lib/x86_64-linux-gnu/libpangoft2-1.0.so.0.4000.1
7f469ada1000-7f469ada2000 r--p 00014000 08:0f 1318884                    /usr/lib/x86_64-linux-gnu/libpangoft2-1.0.so.0.4000.1
7f469ada2000-7f469ada3000 rw-p 00015000 08:0f 1318884                    /usr/lib/x86_64-linux-gnu/libpangoft2-1.0.so.0.4000.1
7f469ada3000-7f469af30000 r-xp 00000000 08:0f 1308571                    /usr/lib/x86_64-linux-gnu/libgio-2.0.so.0.5000.2
7f469af30000-7f469b12f000 ---p 0018d000 08:0f 1308571                    /usr/lib/x86_64-linux-gnu/libgio-2.0.so.0.5000.2
7f469b12f000-7f469b134000 r--p 0018c000 08:0f 1308571                    /usr/lib/x86_64-linux-gnu/libgio-2.0.so.0.5000.2
7f469b134000-7f469b137000 rw-p 00191000 08:0f 1308571                    /usr/lib/x86_64-linux-gnu/libgio-2.0.so.0.5000.2
7f469b137000-7f469b138000 rw-p 00000000 00:00 0 
7f469b138000-7f469b15a000 r-xp 00000000 08:0f 1317973                    /usr/lib/x86_64-linux-gnu/libatk-1.0.so.0.22009.1
7f469b15a000-7f469b359000 ---p 00022000 08:0f 1317973                    /usr/lib/x86_64-linux-gnu/libatk-1.0.so.0.22009.1
7f469b359000-7f469b35c000 r--p 00021000 08:0f 1317973                    /usr/lib/x86_64-linux-gnu/libatk-1.0.so.0.22009.1
7f469b35c000-7f469b35d000 rw-p 00024000 08:0f 1317973                    /usr/lib/x86_64-linux-gnu/libatk-1.0.so.0.22009.1
7f469b35d000-7f469b40d000 r-xp 00000000 08:0f 1314085                    /usr/lib/x86_64-linux-gnu/libgdk-x11-2.0.so.0.2400.30
7f469b40d000-7f469b60c000 ---p 000b0000 08:0f 1314085                    /usr/lib/x86_64-linux-gnu/libgdk-x11-2.0.so.0.2400.30
7f469b60c000-7f469b610000 r--p 000af000 08:0f 1314085                    /usr/lib/x86_64-linux-gnu/libgdk-x11-2.0.so.0.2400.30
7f469b610000-7f469b612000 rw-p 000b3000 08:0f 1314085                    /usr/lib/x86_64-linux-gnu/libgdk-x11-2.0.so.0.2400.30
7f469b612000-7f469ba50000 r-xp 00000000 08:0f 1314087                    /usr/lib/x86_64-linux-gnu/libgtk-x11-2.0.so.0.2400.30
7f469ba50000-7f469bc50000 ---p 0043e000 08:0f 1314087                    /usr/lib/x86_64-linux-gnu/libgtk-x11-2.0.so.0.2400.30
7f469bc50000-7f469bc57000 r--p 0043e000 08:0f 1314087                    /usr/lib/x86_64-linux-gnu/libgtk-x11-2.0.so.0.2400.30
7f469bc57000-7f469bc5b000 rw-p 00445000 08:0f 1314087                    /usr/lib/x86_64-linux-gnu/libgtk-x11-2.0.so.0.2400.30
7f469bc5b000-7f469bc5e000 rw-p 00000000 00:00 0 
7f469bc5e000-7f469bc6a000 r-xp 00000000 08:0f 1587742                    /usr/lib/jvm/oracle_jdk8/jre/lib/amd64/libprism_es2.so
7f469bc6a000-7f469be69000 ---p 0000c000 08:0f 1587742                    /usr/lib/jvm/oracle_jdk8/jre/lib/amd64/libprism_es2.so
7f469be69000-7f469be6a000 rw-p 0000b000 08:0f 1587742                    /usr/lib/jvm/oracle_jdk8/jre/lib/amd64/libprism_es2.so
7f469be6a000-7f469be6d000 ---p 00000000 00:00 0 
7f469be6d000-7f469bf6b000 rw-p 00000000 00:00 0 
7f469bf6b000-7f469c000000 r--s 01103000 08:0f 2243419                    /usr/lib/jvm/oracle_jdk8/jre/lib/ext/jfxrt.jar
7f469c000000-7f469c840000 rw-p 00000000 00:00 0 
7f469c840000-7f46a0000000 ---p 00000000 00:00 0 
7f46a0000000-7f46a0021000 rw-p 00000000 00:00 0 
7f46a0021000-7f46a4000000 ---p 00000000 00:00 0 
7f46a4000000-7f46a45b4000 rw-p 00000000 00:00 0 
7f46a45b4000-7f46a8000000 ---p 00000000 00:00 0 
7f46a8000000-7f46a868e000 rw-p 00000000 00:00 0 
7f46a868e000-7f46ac000000 ---p 00000000 00:00 0 
7f46ac000000-7f46ac021000 rw-p 00000000 00:00 0 
7f46ac021000-7f46b0000000 ---p 00000000 00:00 0 
7f46b0000000-7f46b0500000 rw-p 00000000 00:00 0 
7f46b0500000-7f46b4000000 ---p 00000000 00:00 0 
7f46b4000000-7f46b4021000 rw-p 00000000 00:00 0 
7f46b4021000-7f46b8000000 ---p 00000000 00:00 0 
7f46b8000000-7f46b8021000 rw-p 00000000 00:00 0 
7f46b8021000-7f46bc000000 ---p 00000000 00:00 0 
7f46bc000000-7f46bc021000 rw-p 00000000 00:00 0 
7f46bc021000-7f46c0000000 ---p 00000000 00:00 0 
7f46c0000000-7f46c0001000 r--s 00000000 08:0f 134015                     /var/cache/fontconfig/0bd3dc0958fa2205aaaa8ebb13e2872b-le64.cache-6
7f46c0001000-7f46c0002000 r--s 00000000 08:0f 134045                     /var/cache/fontconfig/bab58bb527bb656aaa9f116d68a48d89-le64.cache-6
7f46c0002000-7f46c0008000 r--s 00000000 08:0f 134021                     /var/cache/fontconfig/3047814df9a2f067bd2d96a2b9c36e5a-le64.cache-6
7f46c0008000-7f46c0009000 r--s 00000000 08:0f 134029                     /var/cache/fontconfig/56cf4f4769d0f4abc89a4895d7bd3ae1-le64.cache-6
7f46c0009000-7f46c000a000 r--s 00000000 08:0f 134044                     /var/cache/fontconfig/b9d506c9ac06c20b433354fa67a72993-le64.cache-6
7f46c000a000-7f46c0010000 r--s 00000000 08:0f 134043                     /var/cache/fontconfig/b47c4e1ecd0709278f4910c18777a504-le64.cache-6
7f46c0010000-7f46c0011000 r--s 00000000 08:0f 134028                     /var/cache/fontconfig/551ecf3b0e8b0bca0f25c0944f561853-le64.cache-6
7f46c0011000-7f46c0012000 r--s 00000000 08:0f 134025                     /var/cache/fontconfig/3f7329c5293ffd510edef78f73874cfd-le64.cache-6
7f46c0012000-7f46c001e000 r--s 00000000 08:0f 134698                     /var/cache/fontconfig/d589a48862398ed80a3d6066f4f56f4c-le64.cache-6
7f46c001e000-7f46c0021000 r--s 00000000 08:0f 134034                     /var/cache/fontconfig/75114ca45c98e8a441da0ff356701271-le64.cache-6
7f46c0021000-7f46c002c000 r--s 00000000 08:0f 134037                     /var/cache/fontconfig/83bf95040141907cd45bb53cf7c1c148-le64.cache-6
7f46c002c000-7f46c003e000 r--s 00000000 08:0f 134041                     /var/cache/fontconfig/9b89f8e3dae116d678bbf48e5f21f69b-le64.cache-6
7f46c003e000-7f46c003f000 ---p 00000000 00:00 0 
7f46c003f000-7f46c013f000 rw-p 00000000 00:00 0 
7f46c013f000-7f46c0142000 ---p 00000000 00:00 0 
7f46c0142000-7f46c4000000 rw-p 00000000 00:00 0 
7f46c4000000-7f46c4021000 rw-p 00000000 00:00 0 
7f46c4021000-7f46c8000000 ---p 00000000 00:00 0 
7f46c8000000-7f46c8021000 rw-p 00000000 00:00 0 
7f46c8021000-7f46cc000000 ---p 00000000 00:00 0 
7f46cc000000-7f46cc021000 rw-p 00000000 00:00 0 
7f46cc021000-7f46d0000000 ---p 00000000 00:00 0 
7f46d0000000-7f46d0021000 rw-p 00000000 00:00 0 
7f46d0021000-7f46d4000000 ---p 00000000 00:00 0 
7f46d4000000-7f46d4021000 rw-p 00000000 00:00 0 
7f46d4021000-7f46d8000000 ---p 00000000 00:00 0 
7f46d8000000-7f46d8021000 rw-p 00000000 00:00 0 
7f46d8021000-7f46dc000000 ---p 00000000 00:00 0 
7f46dc000000-7f46dc021000 rw-p 00000000 00:00 0 
7f46dc021000-7f46e0000000 ---p 00000000 00:00 0 
7f46e0000000-7f46e0021000 rw-p 00000000 00:00 0 
7f46e0021000-7f46e4000000 ---p 00000000 00:00 0 
7f46e4000000-7f46e4001000 r--s 00000000 08:0f 134022                     /var/cache/fontconfig/30829fa25452a46451e813d634d7f916-le64.cache-6
7f46e4001000-7f46e4004000 r--s 00000000 08:0f 134053                     /var/cache/fontconfig/e13b20fdb08344e0e664864cc2ede53d-le64.cache-6
7f46e4004000-7f46e4008000 r--s 00000000 08:0f 132314                     /var/cache/fontconfig/7ef2298fde41cc6eeb7af42e48b7d293-le64.cache-6
7f46e4008000-7f46e4012000 r--s 000e7000 08:0f 2241190                    /home/shahsparx/NetBeansProjects/UCET_ACCOUNTS/dist/run1440179959/lib/mysql-connector-java-5.1.38-bin.jar
7f46e4012000-7f46e4027000 r--s 0022c000 08:0f 2241189                    /home/shahsparx/NetBeansProjects/UCET_ACCOUNTS/dist/run1440179959/lib/jfoenix.jar
7f46e4027000-7f46e4030000 r--s 0008c000 08:0f 2240684                    /home/shahsparx/NetBeansProjects/UCET_ACCOUNTS/dist/run1440179959/lib/javax.mail.jar
7f46e4030000-7f46e4038000 rw-s 00000000 00:05 1472675                    /drm mm object (deleted)
7f46e4038000-7f46e4040000 rw-s 00000000 00:05 1472664                    /drm mm object (deleted)
7f46e4040000-7f46e4047000 r--p 00000000 08:0f 2069351                    /home/shahsparx/.config/dconf/user
7f46e4047000-7f46e404a000 ---p 00000000 00:00 0 
7f46e404a000-7f46e4148000 rw-p 00000000 00:00 0 
7f46e4148000-7f46e414b000 ---p 00000000 00:00 0 
7f46e414b000-7f46e4249000 rw-p 00000000 00:00 0 
7f46e4249000-7f46e424c000 ---p 00000000 00:00 0 
7f46e424c000-7f46e434a000 rw-p 00000000 00:00 0 
7f46e434a000-7f46e434d000 ---p 00000000 00:00 0 
7f46e434d000-7f46e444b000 rw-p 00000000 00:00 0 
7f46e444b000-7f46e444e000 ---p 00000000 00:00 0 
7f46e444e000-7f46e454c000 rw-p 00000000 00:00 0 
7f46e454c000-7f46e4825000 r--p 00000000 08:0f 1317515                    /usr/lib/locale/locale-archive
7f46e4825000-7f46e4828000 ---p 00000000 00:00 0 
7f46e4828000-7f46e4926000 rw-p 00000000 00:00 0 
7f46e4926000-7f46e4929000 ---p 00000000 00:00 0 
7f46e4929000-7f46e4a27000 rw-p 00000000 00:00 0 
7f46e4a27000-7f46e4a28000 ---p 00000000 00:00 0 
7f46e4a28000-7f46e6643000 rw-p 00000000 00:00 0 
7f46e6643000-7f46e681c000 r--s 03d1f000 08:0f 1587658                    /usr/lib/jvm/oracle_jdk8/jre/lib/rt.jar
7f46e681c000-7f46e746e000 rw-p 00000000 00:00 0 
7f46e746e000-7f46e746f000 ---p 00000000 00:00 0 
7f46e746f000-7f46e756f000 rw-p 00000000 00:00 0 
7f46e756f000-7f46e7570000 ---p 00000000 00:00 0 
7f46e7570000-7f46e7670000 rw-p 00000000 00:00 0 
7f46e7670000-7f46e7671000 ---p 00000000 00:00 0 
7f46e7671000-7f46e7771000 rw-p 00000000 00:00 0 
7f46e7771000-7f46e7772000 ---p 00000000 00:00 0 
7f46e7772000-7f46e7872000 rw-p 00000000 00:00 0 
7f46e7872000-7f46e7873000 ---p 00000000 00:00 0 
7f46e7873000-7f46e7973000 rw-p 00000000 00:00 0 
7f46e7973000-7f46e7974000 ---p 00000000 00:00 0 
7f46e7974000-7f46e7a74000 rw-p 00000000 00:00 0 
7f46e7a74000-7f46e7a75000 ---p 00000000 00:00 0 
7f46e7a75000-7f46e7b8e000 rw-p 00000000 00:00 0 
7f46e7b8e000-7f46e7e08000 ---p 00000000 00:00 0 
7f46e7e08000-7f46e7e21000 rw-p 00000000 00:00 0 
7f46e7e21000-7f46e809a000 ---p 00000000 00:00 0 
7f46e809a000-7f46e80b0000 rw-p 00000000 00:00 0 
7f46e80b0000-7f46e81e4000 ---p 00000000 00:00 0 
7f46e81e4000-7f46e8209000 rw-p 00000000 00:00 0 
7f46e8209000-7f46e85a5000 ---p 00000000 00:00 0 
7f46e85a5000-7f46e8e75000 rwxp 00000000 00:00 0 
7f46e8e75000-7f46f75a5000 ---p 00000000 00:00 0 
7f46f75a5000-7f46f75bf000 r-xp 00000000 08:0f 1587734                    /usr/lib/jvm/oracle_jdk8/jre/lib/amd64/libzip.so
7f46f75bf000-7f46f77bf000 ---p 0001a000 08:0f 1587734                    /usr/lib/jvm/oracle_jdk8/jre/lib/amd64/libzip.so
7f46f77bf000-7f46f77c0000 rw-p 0001a000 08:0f 1587734                    /usr/lib/jvm/oracle_jdk8/jre/lib/amd64/libzip.so
7f46f77c0000-7f46f77cb000 r-xp 00000000 08:0f 528266                     /lib/x86_64-linux-gnu/libnss_files-2.24.so
7f46f77cb000-7f46f79ca000 ---p 0000b000 08:0f 528266                     /lib/x86_64-linux-gnu/libnss_files-2.24.so
7f46f79ca000-7f46f79cb000 r--p 0000a000 08:0f 528266                     /lib/x86_64-linux-gnu/libnss_files-2.24.so
7f46f79cb000-7f46f79cc000 rw-p 0000b000 08:0f 528266                     /lib/x86_64-linux-gnu/libnss_files-2.24.so
7f46f79cc000-7f46f79d2000 rw-p 00000000 00:00 0 
7f46f79d2000-7f46f79dd000 r-xp 00000000 08:0f 528268                     /lib/x86_64-linux-gnu/libnss_nis-2.24.so
7f46f79dd000-7f46f7bdc000 ---p 0000b000 08:0f 528268                     /lib/x86_64-linux-gnu/libnss_nis-2.24.so
7f46f7bdc000-7f46f7bdd000 r--p 0000a000 08:0f 528268                     /lib/x86_64-linux-gnu/libnss_nis-2.24.so
7f46f7bdd000-7f46f7bde000 rw-p 0000b000 08:0f 528268                     /lib/x86_64-linux-gnu/libnss_nis-2.24.so
7f46f7bde000-7f46f7bf4000 r-xp 00000000 08:0f 528263                     /lib/x86_64-linux-gnu/libnsl-2.24.so
7f46f7bf4000-7f46f7df3000 ---p 00016000 08:0f 528263                     /lib/x86_64-linux-gnu/libnsl-2.24.so
7f46f7df3000-7f46f7df4000 r--p 00015000 08:0f 528263                     /lib/x86_64-linux-gnu/libnsl-2.24.so
7f46f7df4000-7f46f7df5000 rw-p 00016000 08:0f 528263                     /lib/x86_64-linux-gnu/libnsl-2.24.so
7f46f7df5000-7f46f7df7000 rw-p 00000000 00:00 0 
7f46f7df7000-7f46f7dff000 r-xp 00000000 08:0f 528264                     /lib/x86_64-linux-gnu/libnss_compat-2.24.so
7f46f7dff000-7f46f7ffe000 ---p 00008000 08:0f 528264                     /lib/x86_64-linux-gnu/libnss_compat-2.24.so
7f46f7ffe000-7f46f7fff000 r--p 00007000 08:0f 528264                     /lib/x86_64-linux-gnu/libnss_compat-2.24.so
7f46f7fff000-7f46f8000000 rw-p 00008000 08:0f 528264                     /lib/x86_64-linux-gnu/libnss_compat-2.24.so
7f46f8000000-7f46f8566000 rw-p 00000000 00:00 0 
7f46f8566000-7f46fc000000 ---p 00000000 00:00 0 
7f46fc000000-7f46fc002000 r--s 0008a000 08:0f 2240587                    /home/shahsparx/NetBeansProjects/UCET_ACCOUNTS/dist/run1440179959/lib/fontawesomefx-8.9.jar
7f46fc002000-7f46fc020000 r-xp 00000000 08:0f 523353                     /lib/x86_64-linux-gnu/libudev.so.1.6.5
7f46fc020000-7f46fc021000 ---p 0001e000 08:0f 523353                     /lib/x86_64-linux-gnu/libudev.so.1.6.5
7f46fc021000-7f46fc022000 r--p 0001e000 08:0f 523353                     /lib/x86_64-linux-gnu/libudev.so.1.6.5
7f46fc022000-7f46fc023000 rw-p 0001f000 08:0f 523353                     /lib/x86_64-linux-gnu/libudev.so.1.6.5
7f46fc023000-7f46fc024000 ---p 00000000 00:00 0 
7f46fc024000-7f46fc124000 rw-p 00000000 00:00 0 
7f46fc124000-7f46fc14e000 r-xp 00000000 08:0f 1587729                    /usr/lib/jvm/oracle_jdk8/jre/lib/amd64/libjava.so
7f46fc14e000-7f46fc34e000 ---p 0002a000 08:0f 1587729                    /usr/lib/jvm/oracle_jdk8/jre/lib/amd64/libjava.so
7f46fc34e000-7f46fc350000 rw-p 0002a000 08:0f 1587729                    /usr/lib/jvm/oracle_jdk8/jre/lib/amd64/libjava.so
7f46fc350000-7f46fc35d000 r-xp 00000000 08:0f 1587733                    /usr/lib/jvm/oracle_jdk8/jre/lib/amd64/libverify.so
7f46fc35d000-7f46fc55d000 ---p 0000d000 08:0f 1587733                    /usr/lib/jvm/oracle_jdk8/jre/lib/amd64/libverify.so
7f46fc55d000-7f46fc55f000 rw-p 0000d000 08:0f 1587733                    /usr/lib/jvm/oracle_jdk8/jre/lib/amd64/libverify.so
7f46fc55f000-7f46fc566000 r-xp 00000000 08:0f 528273                     /lib/x86_64-linux-gnu/librt-2.24.so
7f46fc566000-7f46fc765000 ---p 00007000 08:0f 528273                     /lib/x86_64-linux-gnu/librt-2.24.so
7f46fc765000-7f46fc766000 r--p 00006000 08:0f 528273                     /lib/x86_64-linux-gnu/librt-2.24.so
7f46fc766000-7f46fc767000 rw-p 00007000 08:0f 528273                     /lib/x86_64-linux-gnu/librt-2.24.so
7f46fc767000-7f46fc86f000 r-xp 00000000 08:0f 528260                     /lib/x86_64-linux-gnu/libm-2.24.so
7f46fc86f000-7f46fca6e000 ---p 00108000 08:0f 528260                     /lib/x86_64-linux-gnu/libm-2.24.so
7f46fca6e000-7f46fca6f000 r--p 00107000 08:0f 528260                     /lib/x86_64-linux-gnu/libm-2.24.so
7f46fca6f000-7f46fca70000 rw-p 00108000 08:0f 528260                     /lib/x86_64-linux-gnu/libm-2.24.so
7f46fca70000-7f46fd730000 r-xp 00000000 08:0f 1713201                    /usr/lib/jvm/oracle_jdk8/jre/lib/amd64/server/libjvm.so
7f46fd730000-7f46fd930000 ---p 00cc0000 08:0f 1713201                    /usr/lib/jvm/oracle_jdk8/jre/lib/amd64/server/libjvm.so
7f46fd930000-7f46fda08000 rw-p 00cc0000 08:0f 1713201                    /usr/lib/jvm/oracle_jdk8/jre/lib/amd64/server/libjvm.so
7f46fda08000-7f46fda53000 rw-p 00000000 00:00 0 
7f46fda53000-7f46fdc10000 r-xp 00000000 08:0f 528256                     /lib/x86_64-linux-gnu/libc-2.24.so
7f46fdc10000-7f46fde10000 ---p 001bd000 08:0f 528256                     /lib/x86_64-linux-gnu/libc-2.24.so
7f46fde10000-7f46fde14000 r--p 001bd000 08:0f 528256                     /lib/x86_64-linux-gnu/libc-2.24.so
7f46fde14000-7f46fde16000 rw-p 001c1000 08:0f 528256                     /lib/x86_64-linux-gnu/libc-2.24.so
7f46fde16000-7f46fde1a000 rw-p 00000000 00:00 0 
7f46fde1a000-7f46fde1d000 r-xp 00000000 08:0f 528259                     /lib/x86_64-linux-gnu/libdl-2.24.so
7f46fde1d000-7f46fe01c000 ---p 00003000 08:0f 528259                     /lib/x86_64-linux-gnu/libdl-2.24.so
7f46fe01c000-7f46fe01d000 r--p 00002000 08:0f 528259                     /lib/x86_64-linux-gnu/libdl-2.24.so
7f46fe01d000-7f46fe01e000 rw-p 00003000 08:0f 528259                     /lib/x86_64-linux-gnu/libdl-2.24.so
7f46fe01e000-7f46fe033000 r-xp 00000000 08:0f 1587711                    /usr/lib/jvm/oracle_jdk8/jre/lib/amd64/jli/libjli.so
7f46fe033000-7f46fe233000 ---p 00015000 08:0f 1587711                    /usr/lib/jvm/oracle_jdk8/jre/lib/amd64/jli/libjli.so
7f46fe233000-7f46fe234000 rw-p 00015000 08:0f 1587711                    /usr/lib/jvm/oracle_jdk8/jre/lib/amd64/jli/libjli.so
7f46fe234000-7f46fe24c000 r-xp 00000000 08:0f 528271                     /lib/x86_64-linux-gnu/libpthread-2.24.so
7f46fe24c000-7f46fe44c000 ---p 00018000 08:0f 528271                     /lib/x86_64-linux-gnu/libpthread-2.24.so
7f46fe44c000-7f46fe44d000 r--p 00018000 08:0f 528271                     /lib/x86_64-linux-gnu/libpthread-2.24.so
7f46fe44d000-7f46fe44e000 rw-p 00019000 08:0f 528271                     /lib/x86_64-linux-gnu/libpthread-2.24.so
7f46fe44e000-7f46fe452000 rw-p 00000000 00:00 0 
7f46fe452000-7f46fe477000 r-xp 00000000 08:0f 528252                     /lib/x86_64-linux-gnu/ld-2.24.so
7f46fe477000-7f46fe478000 r--s 00000000 08:0f 134016                     /var/cache/fontconfig/0c9eb80ebd1c36541ebe2852d3bb0c49-le64.cache-6
7f46fe478000-7f46fe549000 rw-p 00000000 00:00 0 
7f46fe549000-7f46fe54c000 ---p 00000000 00:00 0 
7f46fe54c000-7f46fe64c000 rw-p 00000000 00:00 0 
7f46fe64d000-7f46fe64e000 rw-s 10153e000 00:06 349                       /dev/dri/card0
7f46fe64e000-7f46fe656000 rw-s 00000000 00:05 1471623                    /drm mm object (deleted)
7f46fe656000-7f46fe657000 rw-s 00000000 00:05 1471620                    /drm mm object (deleted)
7f46fe657000-7f46fe658000 r--s 00000000 00:2b 66                         /run/user/1000/dconf/user
7f46fe658000-7f46fe660000 rw-s 00000000 00:05 1471618                    /drm mm object (deleted)
7f46fe660000-7f46fe667000 r--s 00000000 08:0f 1583579                    /usr/lib/x86_64-linux-gnu/gconv/gconv-modules.cache
7f46fe667000-7f46fe669000 r--s 00015000 08:0f 2240584                    /home/shahsparx/NetBeansProjects/UCET_ACCOUNTS/dist/run1440179959/UCET_ACCOUNTS.jar
7f46fe669000-7f46fe671000 rw-s 00000000 08:0f 2886652                    /tmp/hsperfdata_shahsparx/23097
7f46fe671000-7f46fe672000 rw-p 00000000 00:00 0 
7f46fe672000-7f46fe673000 r--p 00000000 00:00 0 
7f46fe673000-7f46fe676000 rw-p 00000000 00:00 0 
7f46fe676000-7f46fe677000 r--p 00024000 08:0f 528252                     /lib/x86_64-linux-gnu/ld-2.24.so
7f46fe677000-7f46fe678000 rw-p 00025000 08:0f 528252                     /lib/x86_64-linux-gnu/ld-2.24.so
7f46fe678000-7f46fe679000 rw-p 00000000 00:00 0 
7fff165f3000-7fff16614000 rw-p 00000000 00:00 0                          [stack]
7fff167c3000-7fff167c5000 r--p 00000000 00:00 0                          [vvar]
7fff167c5000-7fff167c7000 r-xp 00000000 00:00 0                          [vdso]
ffffffffff600000-ffffffffff601000 r-xp 00000000 00:00 0                  [vsyscall]

VM Arguments:
jvm_args: -Dfile.encoding=UTF-8 
java_command: /home/shahsparx/NetBeansProjects/UCET_ACCOUNTS/dist/run1440179959/UCET_ACCOUNTS.jar
java_class_path (initial): /home/shahsparx/NetBeansProjects/UCET_ACCOUNTS/dist/run1440179959/UCET_ACCOUNTS.jar
Launcher Type: SUN_STANDARD

Environment Variables:
PATH=/home/shahsparx/bin:/home/shahsparx/.local/bin:/usr/local/sbin:/usr/local/bin:/usr/sbin:/usr/bin:/sbin:/bin:/usr/games:/usr/local/games:/snap/bin
LD_LIBRARY_PATH=/usr/lib/jvm/oracle_jdk8//jre/lib/amd64:/usr/lib/jvm/oracle_jdk8//jre/lib/i386:
SHELL=/bin/bash
DISPLAY=:0

Signal Handlers:
SIGSEGV: [libjvm.so+0xabca10], sa_mask[0]=11111111011111111101111111111110, sa_flags=SA_RESTART|SA_SIGINFO
SIGBUS: [libjvm.so+0xabca10], sa_mask[0]=11111111011111111101111111111110, sa_flags=SA_RESTART|SA_SIGINFO
SIGFPE: [libjvm.so+0x919a20], sa_mask[0]=11111111011111111101111111111110, sa_flags=SA_RESTART|SA_SIGINFO
SIGPIPE: SIG_IGN, sa_mask[0]=00000000000010000000000000000000, sa_flags=SA_RESTART
SIGXFSZ: [libjvm.so+0x919a20], sa_mask[0]=11111111011111111101111111111110, sa_flags=SA_RESTART|SA_SIGINFO
SIGILL: [libjvm.so+0x919a20], sa_mask[0]=11111111011111111101111111111110, sa_flags=SA_RESTART|SA_SIGINFO
SIGUSR1: SIG_DFL, sa_mask[0]=00000000000000000000000000000000, sa_flags=none
SIGUSR2: [libjvm.so+0x91b050], sa_mask[0]=00100000000000000000000000000000, sa_flags=SA_RESTART|SA_SIGINFO
SIGHUP: [libjvm.so+0x91c450], sa_mask[0]=11111111011111111101111111111110, sa_flags=SA_RESTART|SA_SIGINFO
SIGINT: SIG_IGN, sa_mask[0]=00000000000000000000000000000000, sa_flags=none
SIGTERM: [libjvm.so+0x91c450], sa_mask[0]=11111111011111111101111111111110, sa_flags=SA_RESTART|SA_SIGINFO
SIGQUIT: [libjvm.so+0x91c450], sa_mask[0]=11111111011111111101111111111110, sa_flags=SA_RESTART|SA_SIGINFO


---------------  S Y S T E M  ---------------

OS:DISTRIB_ID=Ubuntu
DISTRIB_RELEASE=16.10
DISTRIB_CODENAME=yakkety
DISTRIB_DESCRIPTION="Ubuntu 16.10"

uname:Linux 4.8.0-51-generic #54-Ubuntu SMP Tue Apr 25 16:32:21 UTC 2017 x86_64
libc:glibc 2.24 NPTL 2.24 
rlimit: STACK 8192k, CORE 0k, NPROC 31427, NOFILE 4096, AS infinity
load average:0.80 0.50 0.34

/proc/meminfo:
MemTotal:        8088836 kB
MemFree:          530172 kB
MemAvailable:    1564408 kB
Buffers:          236920 kB
Cached:          1604876 kB
SwapCached:         1268 kB
Active:          5319284 kB
Inactive:        1802036 kB
Active(anon):    4673720 kB
Inactive(anon):  1269728 kB
Active(file):     645564 kB
Inactive(file):   532308 kB
Unevictable:         128 kB
Mlocked:             128 kB
SwapTotal:       4258808 kB
SwapFree:        4187968 kB
Dirty:             10288 kB
Writeback:             0 kB
AnonPages:       5204228 kB
Mapped:           573124 kB
Shmem:            663912 kB
Slab:             269748 kB
SReclaimable:     159564 kB
SUnreclaim:       110184 kB
KernelStack:       17456 kB
PageTables:        72908 kB
NFS_Unstable:          0 kB
Bounce:                0 kB
WritebackTmp:          0 kB
CommitLimit:     8303224 kB
Committed_AS:   11930424 kB
VmallocTotal:   34359738367 kB
VmallocUsed:           0 kB
VmallocChunk:          0 kB
HardwareCorrupted:     0 kB
AnonHugePages:   3026944 kB
ShmemHugePages:        0 kB
ShmemPmdMapped:        0 kB
CmaTotal:              0 kB
CmaFree:               0 kB
HugePages_Total:       0
HugePages_Free:        0
HugePages_Rsvd:        0
HugePages_Surp:        0
Hugepagesize:       2048 kB
DirectMap4k:      252672 kB
DirectMap2M:     8050688 kB
DirectMap1G:     1048576 kB


CPU:total 8 (4 cores per cpu, 2 threads per core) family 6 model 60 stepping 3, cmov, cx8, fxsr, mmx, sse, sse2, sse3, ssse3, sse4.1, sse4.2, popcnt, avx, avx2, aes, clmul, erms, lzcnt, ht, tsc, tscinvbit, bmi1, bmi2

/proc/cpuinfo:
processor	: 0
vendor_id	: GenuineIntel
cpu family	: 6
model		: 60
model name	: Intel(R) Core(TM) i7-4702MQ CPU @ 2.20GHz
stepping	: 3
microcode	: 0x20
cpu MHz		: 2899.987
cache size	: 6144 KB
physical id	: 0
siblings	: 8
core id		: 0
cpu cores	: 4
apicid		: 0
initial apicid	: 0
fpu		: yes
fpu_exception	: yes
cpuid level	: 13
wp		: yes
flags		: fpu vme de pse tsc msr pae mce cx8 apic sep mtrr pge mca cmov pat pse36 clflush dts acpi mmx fxsr sse sse2 ss ht tm pbe syscall nx pdpe1gb rdtscp lm constant_tsc arch_perfmon pebs bts rep_good nopl xtopology nonstop_tsc aperfmperf eagerfpu pni pclmulqdq dtes64 monitor ds_cpl vmx est tm2 ssse3 sdbg fma cx16 xtpr pdcm pcid sse4_1 sse4_2 movbe popcnt tsc_deadline_timer aes xsave avx f16c rdrand lahf_lm abm epb tpr_shadow vnmi flexpriority ept vpid fsgsbase tsc_adjust bmi1 avx2 smep bmi2 erms invpcid xsaveopt dtherm ida arat pln pts
bugs		:
bogomips	: 4389.94
clflush size	: 64
cache_alignment	: 64
address sizes	: 39 bits physical, 48 bits virtual
power management:

processor	: 1
vendor_id	: GenuineIntel
cpu family	: 6
model		: 60
model name	: Intel(R) Core(TM) i7-4702MQ CPU @ 2.20GHz
stepping	: 3
microcode	: 0x20
cpu MHz		: 2900.122
cache size	: 6144 KB
physical id	: 0
siblings	: 8
core id		: 0
cpu cores	: 4
apicid		: 1
initial apicid	: 1
fpu		: yes
fpu_exception	: yes
cpuid level	: 13
wp		: yes
flags		: fpu vme de pse tsc msr pae mce cx8 apic sep mtrr pge mca cmov pat pse36 clflush dts acpi mmx fxsr sse sse2 ss ht tm pbe syscall nx pdpe1gb rdtscp lm constant_tsc arch_perfmon pebs bts rep_good nopl xtopology nonstop_tsc aperfmperf eagerfpu pni pclmulqdq dtes64 monitor ds_cpl vmx est tm2 ssse3 sdbg fma cx16 xtpr pdcm pcid sse4_1 sse4_2 movbe popcnt tsc_deadline_timer aes xsave avx f16c rdrand lahf_lm abm epb tpr_shadow vnmi flexpriority ept vpid fsgsbase tsc_adjust bmi1 avx2 smep bmi2 erms invpcid xsaveopt dtherm ida arat pln pts
bugs		:
bogomips	: 4389.94
clflush size	: 64
cache_alignment	: 64
address sizes	: 39 bits physical, 48 bits virtual
power management:

processor	: 2
vendor_id	: GenuineIntel
cpu family	: 6
model		: 60
model name	: Intel(R) Core(TM) i7-4702MQ CPU @ 2.20GHz
stepping	: 3
microcode	: 0x20
cpu MHz		: 2899.987
cache size	: 6144 KB
physical id	: 0
siblings	: 8
core id		: 1
cpu cores	: 4
apicid		: 2
initial apicid	: 2
fpu		: yes
fpu_exception	: yes
cpuid level	: 13
wp		: yes
flags		: fpu vme de pse tsc msr pae mce cx8 apic sep mtrr pge mca cmov pat pse36 clflush dts acpi mmx fxsr sse sse2 ss ht tm pbe syscall nx pdpe1gb rdtscp lm constant_tsc arch_perfmon pebs bts rep_good nopl xtopology nonstop_tsc aperfmperf eagerfpu pni pclmulqdq dtes64 monitor ds_cpl vmx est tm2 ssse3 sdbg fma cx16 xtpr pdcm pcid sse4_1 sse4_2 movbe popcnt tsc_deadline_timer aes xsave avx f16c rdrand lahf_lm abm epb tpr_shadow vnmi flexpriority ept vpid fsgsbase tsc_adjust bmi1 avx2 smep bmi2 erms invpcid xsaveopt dtherm ida arat pln pts
bugs		:
bogomips	: 4389.94
clflush size	: 64
cache_alignment	: 64
address sizes	: 39 bits physical, 48 bits virtual
power management:

processor	: 3
vendor_id	: GenuineIntel
cpu family	: 6
model		: 60
model name	: Intel(R) Core(TM) i7-4702MQ CPU @ 2.20GHz
stepping	: 3
microcode	: 0x20
cpu MHz		: 2899.987
cache size	: 6144 KB
physical id	: 0
siblings	: 8
core id		: 1
cpu cores	: 4
apicid		: 3
initial apicid	: 3
fpu		: yes
fpu_exception	: yes
cpuid level	: 13
wp		: yes
flags		: fpu vme de pse tsc msr pae mce cx8 apic sep mtrr pge mca cmov pat pse36 clflush dts acpi mmx fxsr sse sse2 ss ht tm pbe syscall nx pdpe1gb rdtscp lm constant_tsc arch_perfmon pebs bts rep_good nopl xtopology nonstop_tsc aperfmperf eagerfpu pni pclmulqdq dtes64 monitor ds_cpl vmx est tm2 ssse3 sdbg fma cx16 xtpr pdcm pcid sse4_1 sse4_2 movbe popcnt tsc_deadline_timer aes xsave avx f16c rdrand lahf_lm abm epb tpr_shadow vnmi flexpriority ept vpid fsgsbase tsc_adjust bmi1 avx2 smep bmi2 erms invpcid xsaveopt dtherm ida arat pln pts
bugs		:
bogomips	: 4389.94
clflush size	: 64
cache_alignment	: 64
address sizes	: 39 bits physical, 48 bits virtual
power management:

processor	: 4
vendor_id	: GenuineIntel
cpu family	: 6
model		: 60
model name	: Intel(R) Core(TM) i7-4702MQ CPU @ 2.20GHz
stepping	: 3
microcode	: 0x20
cpu MHz		: 2899.987
cache size	: 6144 KB
physical id	: 0
siblings	: 8
core id		: 2
cpu cores	: 4
apicid		: 4
initial apicid	: 4
fpu		: yes
fpu_exception	: yes
cpuid level	: 13
wp		: yes
flags		: fpu vme de pse tsc msr pae mce cx8 apic sep mtrr pge mca cmov pat pse36 clflush dts acpi mmx fxsr sse sse2 ss ht tm pbe syscall nx pdpe1gb rdtscp lm constant_tsc arch_perfmon pebs bts rep_good nopl xtopology nonstop_tsc aperfmperf eagerfpu pni pclmulqdq dtes64 monitor ds_cpl vmx est tm2 ssse3 sdbg fma cx16 xtpr pdcm pcid sse4_1 sse4_2 movbe popcnt tsc_deadline_timer aes xsave avx f16c rdrand lahf_lm abm epb tpr_shadow vnmi flexpriority ept vpid fsgsbase tsc_adjust bmi1 avx2 smep bmi2 erms invpcid xsaveopt dtherm ida arat pln pts
bugs		:
bogomips	: 4389.94
clflush size	: 64
cache_alignment	: 64
address sizes	: 39 bits physical, 48 bits virtual
power management:

processor	: 5
vendor_id	: GenuineIntel
cpu family	: 6
model		: 60
model name	: Intel(R) Core(TM) i7-4702MQ CPU @ 2.20GHz
stepping	: 3
microcode	: 0x20
cpu MHz		: 2899.987
cache size	: 6144 KB
physical id	: 0
siblings	: 8
core id		: 2
cpu cores	: 4
apicid		: 5
initial apicid	: 5
fpu		: yes
fpu_exception	: yes
cpuid level	: 13
wp		: yes
flags		: fpu vme de pse tsc msr pae mce cx8 apic sep mtrr pge mca cmov pat pse36 clflush dts acpi mmx fxsr sse sse2 ss ht tm pbe syscall nx pdpe1gb rdtscp lm constant_tsc arch_perfmon pebs bts rep_good nopl xtopology nonstop_tsc aperfmperf eagerfpu pni pclmulqdq dtes64 monitor ds_cpl vmx est tm2 ssse3 sdbg fma cx16 xtpr pdcm pcid sse4_1 sse4_2 movbe popcnt tsc_deadline_timer aes xsave avx f16c rdrand lahf_lm abm epb tpr_shadow vnmi flexpriority ept vpid fsgsbase tsc_adjust bmi1 avx2 smep bmi2 erms invpcid xsaveopt dtherm ida arat pln pts
bugs		:
bogomips	: 4389.94
clflush size	: 64
cache_alignment	: 64
address sizes	: 39 bits physical, 48 bits virtual
power management:

processor	: 6
vendor_id	: GenuineIntel
cpu family	: 6
model		: 60
model name	: Intel(R) Core(TM) i7-4702MQ CPU @ 2.20GHz
stepping	: 3
microcode	: 0x20
cpu MHz		: 2899.987
cache size	: 6144 KB
physical id	: 0
siblings	: 8
core id		: 3
cpu cores	: 4
apicid		: 6
initial apicid	: 6
fpu		: yes
fpu_exception	: yes
cpuid level	: 13
wp		: yes
flags		: fpu vme de pse tsc msr pae mce cx8 apic sep mtrr pge mca cmov pat pse36 clflush dts acpi mmx fxsr sse sse2 ss ht tm pbe syscall nx pdpe1gb rdtscp lm constant_tsc arch_perfmon pebs bts rep_good nopl xtopology nonstop_tsc aperfmperf eagerfpu pni pclmulqdq dtes64 monitor ds_cpl vmx est tm2 ssse3 sdbg fma cx16 xtpr pdcm pcid sse4_1 sse4_2 movbe popcnt tsc_deadline_timer aes xsave avx f16c rdrand lahf_lm abm epb tpr_shadow vnmi flexpriority ept vpid fsgsbase tsc_adjust bmi1 avx2 smep bmi2 erms invpcid xsaveopt dtherm ida arat pln pts
bugs		:
bogomips	: 4389.94
clflush size	: 64
cache_alignment	: 64
address sizes	: 39 bits physical, 48 bits virtual
power management:

processor	: 7
vendor_id	: GenuineIntel
cpu family	: 6
model		: 60
model name	: Intel(R) Core(TM) i7-4702MQ CPU @ 2.20GHz
stepping	: 3
microcode	: 0x20
cpu MHz		: 2899.987
cache size	: 6144 KB
physical id	: 0
siblings	: 8
core id		: 3
cpu cores	: 4
apicid		: 7
initial apicid	: 7
fpu		: yes
fpu_exception	: yes
cpuid level	: 13
wp		: yes
flags		: fpu vme de pse tsc msr pae mce cx8 apic sep mtrr pge mca cmov pat pse36 clflush dts acpi mmx fxsr sse sse2 ss ht tm pbe syscall nx pdpe1gb rdtscp lm constant_tsc arch_perfmon pebs bts rep_good nopl xtopology nonstop_tsc aperfmperf eagerfpu pni pclmulqdq dtes64 monitor ds_cpl vmx est tm2 ssse3 sdbg fma cx16 xtpr pdcm pcid sse4_1 sse4_2 movbe popcnt tsc_deadline_timer aes xsave avx f16c rdrand lahf_lm abm epb tpr_shadow vnmi flexpriority ept vpid fsgsbase tsc_adjust bmi1 avx2 smep bmi2 erms invpcid xsaveopt dtherm ida arat pln pts
bugs		:
bogomips	: 4389.94
clflush size	: 64
cache_alignment	: 64
address sizes	: 39 bits physical, 48 bits virtual
power management:



Memory: 4k page, physical 8088836k(530172k free), swap 4258808k(4187968k free)

vm_info: Java HotSpot(TM) 64-Bit Server VM (25.91-b14) for linux-amd64 JRE (1.8.0_91-b14), built on Apr  1 2016 00:57:21 by "java_re" with gcc 4.3.0 20080428 (Red Hat 4.3.0-8)

time: Tue May  9 05:50:44 2017
elapsed time: 7 seconds (0d 0h 0m 7s)

