#
# A fatal error has been detected by the Java Runtime Environment:
#
#  SIGSEGV (0xb) at pc=0x00007fcf47ad6948, pid=25769, tid=140526247675648
#
# JRE version: Java(TM) SE Runtime Environment (8.0_91-b14) (build 1.8.0_91-b14)
# Java VM: Java HotSpot(TM) 64-Bit Server VM (25.91-b14 mixed mode linux-amd64 compressed oops)
# Problematic frame:
# V  [libjvm.so+0x6cf948]  jni_invoke_nonstatic(JNIEnv_*, JavaValue*, _jobject*, JNICallType, _jmethodID*, JNI_ArgumentPusher*, Thread*)+0x38
#
# Failed to write core dump. Core dumps have been disabled. To enable core dumping, try "ulimit -c unlimited" before starting Java again
#
# If you would like to submit a bug report, please visit:
#   http://bugreport.java.com/bugreport/crash.jsp
#

---------------  T H R E A D  ---------------

Current thread (0x00007fcf403cb800):  JavaThread "JavaFX Application Thread" [_thread_in_vm, id=25797, stack(0x00007fced1030000,0x00007fced1131000)]

siginfo: si_signo: 11 (SIGSEGV), si_code: 1 (SEGV_MAPERR), si_addr: 0x0000000000000025

Registers:
RAX=0x00007fced112f240, RBX=0x00007fced112f150, RCX=0x0000000000000001, RDX=0x0000000000000025
RSP=0x00007fced112efa0, RBP=0x00007fced112f120, RSI=0x00007fced112f1b0, RDI=0x00007fcf403cb9f8
R8 =0x00007fcf40337168, R9 =0x00007fced112f150, R10=0x00007fcec0000ae0, R11=0x00007fcf3141b5e0
R12=0x00007fcf403cb800, R13=0x00007fcf40337168, R14=0x0000000000000001, R15=0x00007fcf403cb9f8
RIP=0x00007fcf47ad6948, EFLAGS=0x0000000000010202, CSGSFS=0x002b000000000033, ERR=0x0000000000000004
  TRAPNO=0x000000000000000e

Top of Stack: (sp=0x00007fced112efa0)
0x00007fced112efa0:   00007fced112f6a0 00007fced112f2c0
0x00007fced112efb0:   00007fced112f000 00007fced112f080
0x00007fced112efc0:   00007fced112f150 00007fced112f1b0
0x00007fced112efd0:   00007fcf403cb9f8 00007fcf47af6450
0x00007fced112efe0:   00007fcee8048fe0 00007fcee8048ff0
0x00007fced112eff0:   00007fcee80493c8 00000000000003d8
0x00007fced112f000:   0000000000000000 00000000d6dfa408
0x00007fced112f010:   00007fcf0000006f 00007fcf0000000a
0x00007fced112f020:   00000000d79b5c00 0000000000000000
0x00007fced112f030:   0000000000000000 0000000000000000
0x00007fced112f040:   00007fcf447346f8 0000000100000100
0x00007fced112f050:   0000000000000000 00007fced112f008
0x00007fced112f060:   00007fced112f049 0000000800000005
0x00007fced112f070:   0000000000000000 00007fcf403caec0
0x00007fced112f080:   00007fcf48359490 00007fcf48e64470
0x00007fced112f090:   00000000403cad50 00007fcf403cb800
0x00007fced112f0a0:   0000000000000000 00007fcf47ad6d1b
0x00007fced112f0b0:   00007fcf4473e7a8 00007fcf403cb800
0x00007fced112f0c0:   00007fcf4473e7a8 00007fcf403cb800
0x00007fced112f0d0:   00007fced112f260 00007fcf4473e7a8
0x00007fced112f0e0:   00007fcf4473e7a8 00007fcf4473e7a8
0x00007fced112f0f0:   00007fcee8048fe0 00007fced112f150
0x00007fced112f100:   00007fcf403cb800 00007fced112f190
0x00007fced112f110:   00007fcf40337168 00007fcf403cb9f8
0x00007fced112f120:   00007fced112f210 00007fcf47adb0ef
0x00007fced112f130:   00007fcf403cb800 00007fcf21d97ff4
0x00007fced112f140:   00007fced112f228 0000000000000025
0x00007fced112f150:   00007fcf4835a0f0 00007fcf48e64470
0x00007fced112f160:   00000000d112f1d0 c22e45ca00000063
0x00007fced112f170:   0000000000000000 0000003000000018
0x00007fced112f180:   00007fced112f300 00007fced112f240
0x00007fced112f190:   00007fcf403cb800 0000000000000000 

Instructions: (pc=0x00007fcf47ad6948)
0x00007fcf47ad6928:   00 00 48 85 d2 48 89 bd b0 fe ff ff 48 89 b5 a8
0x00007fcf47ad6938:   fe ff ff 4c 89 8d a0 fe ff ff 0f 84 78 09 00 00
0x00007fcf47ad6948:   4c 8b 22 4d 85 e4 0f 84 6c 09 00 00 48 8b 45 10
0x00007fcf47ad6958:   48 8b 98 38 01 00 00 48 83 7b 18 f7 0f 87 16 07 

Register to memory mapping:

RAX=0x00007fced112f240 is pointing into the stack for thread: 0x00007fcf403cb800
RBX=0x00007fced112f150 is pointing into the stack for thread: 0x00007fcf403cb800
RCX=0x0000000000000001 is an unknown value
RDX=0x0000000000000025 is an unknown value
RSP=0x00007fced112efa0 is pointing into the stack for thread: 0x00007fcf403cb800
RBP=0x00007fced112f120 is pointing into the stack for thread: 0x00007fcf403cb800
RSI=0x00007fced112f1b0 is pointing into the stack for thread: 0x00007fcf403cb800
RDI=0x00007fcf403cb9f8 is an unknown value
R8 =0x00007fcf40337168 is an unknown value
R9 =0x00007fced112f150 is pointing into the stack for thread: 0x00007fcf403cb800
R10=0x00007fcec0000ae0 is an unknown value
R11=0x00007fcf3141b5e0 is at entry_point+32 in (nmethod*)0x00007fcf3141b450
R12=0x00007fcf403cb800 is a thread
R13=0x00007fcf40337168 is an unknown value
R14=0x0000000000000001 is an unknown value
R15=0x00007fcf403cb9f8 is an unknown value


Stack: [0x00007fced1030000,0x00007fced1131000],  sp=0x00007fced112efa0,  free space=1019k
Native frames: (J=compiled Java code, j=interpreted, Vv=VM code, C=native code)
V  [libjvm.so+0x6cf948]  jni_invoke_nonstatic(JNIEnv_*, JavaValue*, _jobject*, JNICallType, _jmethodID*, JNI_ArgumentPusher*, Thread*)+0x38
V  [libjvm.so+0x6d40ef]  jni_CallVoidMethodV+0x10f
C  [libglass.so+0x13e51]  JNIEnv_::CallVoidMethod(_jobject*, _jmethodID*, ...)+0x81
C  [libglass.so+0x1545f]  WindowContextBase::process_key(_GdkEventKey*)+0x20f
C  [libglass.so+0x19540]  WindowContextBase::im_filter_keypress(_GdkEventKey*)+0x1c0
C  [libglass.so+0x1c7cc]  process_events(_GdkEvent*, void*)+0x22c
C  [libgdk-x11-2.0.so.0+0x5acdc]

Java frames: (J=compiled Java code, j=interpreted, Vv=VM code)
j  com.sun.glass.ui.gtk.GtkApplication._runLoop(Ljava/lang/Runnable;Z)V+0
j  com.sun.glass.ui.gtk.GtkApplication.lambda$null$49(Ljava/lang/Runnable;Z)V+7
j  com.sun.glass.ui.gtk.GtkApplication$$Lambda$41.run()V+12
j  java.lang.Thread.run()V+11
v  ~StubRoutines::call_stub

---------------  P R O C E S S  ---------------

Java Threads: ( => current thread )
  0x00007fcec04cf800 JavaThread "AWT-EventQueue-0" [_thread_blocked, id=25807, stack(0x00007fceb19d2000,0x00007fceb1ad3000)]
  0x00007fcec04cc800 JavaThread "AWT-Shutdown" [_thread_blocked, id=25806, stack(0x00007fceb1ad3000,0x00007fceb1bd4000)]
  0x00007fcec0482000 JavaThread "Image Fetcher 0" daemon [_thread_blocked, id=25805, stack(0x00007fceb2265000,0x00007fceb2366000)]
  0x00007fcec0467000 JavaThread "AWT-XAWT" daemon [_thread_in_native, id=25804, stack(0x00007fceb2366000,0x00007fceb2467000)]
  0x00007fcec0455000 JavaThread "Java2D Disposer" daemon [_thread_blocked, id=25803, stack(0x00007fceb2467000,0x00007fceb2568000)]
  0x00007fcec03ce800 JavaThread "Prism Font Disposer" daemon [_thread_blocked, id=25800, stack(0x00007fceb3b65000,0x00007fceb3c66000)]
  0x00007fcec01ce800 JavaThread "Abandoned connection cleanup thread" daemon [_thread_blocked, id=25799, stack(0x00007fced0626000,0x00007fced0727000)]
  0x00007fcf403cf000 JavaThread "JavaFX-Launcher" [_thread_blocked, id=25798, stack(0x00007fced0f2f000,0x00007fced1030000)]
=>0x00007fcf403cb800 JavaThread "JavaFX Application Thread" [_thread_in_vm, id=25797, stack(0x00007fced1030000,0x00007fced1131000)]
  0x00007fcf403c7800 JavaThread "Thread-1" daemon [_thread_blocked, id=25796, stack(0x00007fcf080e3000,0x00007fcf081e4000)]
  0x00007fcf40324000 JavaThread "QuantumRenderer-0" daemon [_thread_blocked, id=25792, stack(0x00007fcf22812000,0x00007fcf22913000)]
  0x00007fcf4021a000 JavaThread "Service Thread" daemon [_thread_blocked, id=25790, stack(0x00007fcf22a14000,0x00007fcf22b15000)]
  0x00007fcf4020f800 JavaThread "C1 CompilerThread3" daemon [_thread_blocked, id=25789, stack(0x00007fcf22b15000,0x00007fcf22c16000)]
  0x00007fcf4020d000 JavaThread "C2 CompilerThread2" daemon [_thread_in_native, id=25788, stack(0x00007fcf22c16000,0x00007fcf22d17000)]
  0x00007fcf4020b800 JavaThread "C2 CompilerThread1" daemon [_thread_in_native, id=25787, stack(0x00007fcf22d17000,0x00007fcf22e18000)]
  0x00007fcf40208800 JavaThread "C2 CompilerThread0" daemon [_thread_in_native, id=25786, stack(0x00007fcf22e18000,0x00007fcf22f19000)]
  0x00007fcf40207000 JavaThread "Signal Dispatcher" daemon [_thread_blocked, id=25785, stack(0x00007fcf22f19000,0x00007fcf2301a000)]
  0x00007fcf401d3000 JavaThread "Finalizer" daemon [_thread_blocked, id=25784, stack(0x00007fcf232f3000,0x00007fcf233f4000)]
  0x00007fcf401ce800 JavaThread "Reference Handler" daemon [_thread_blocked, id=25783, stack(0x00007fcf233f4000,0x00007fcf234f5000)]
  0x00007fcf4000a000 JavaThread "main" [_thread_blocked, id=25772, stack(0x00007fcf48ee0000,0x00007fcf48fe1000)]

Other Threads:
  0x00007fcf401c7000 VMThread [stack: 0x00007fcf234f5000,0x00007fcf235f6000] [id=25782]
  0x00007fcf4021d000 WatcherThread [stack: 0x00007fcf22913000,0x00007fcf22a14000] [id=25791]

VM state:not at safepoint (normal execution)

VM Mutex/Monitor currently owned by a thread: None

Heap:
 PSYoungGen      total 36864K, used 19842K [0x00000000d6d80000, 0x00000000d9680000, 0x0000000100000000)
  eden space 31744K, 62% used [0x00000000d6d80000,0x00000000d80e0bf8,0x00000000d8c80000)
  from space 5120K, 0% used [0x00000000d9180000,0x00000000d9180000,0x00000000d9680000)
  to   space 5120K, 0% used [0x00000000d8c80000,0x00000000d8c80000,0x00000000d9180000)
 ParOldGen       total 49664K, used 11865K [0x0000000084800000, 0x0000000087880000, 0x00000000d6d80000)
  object space 49664K, 23% used [0x0000000084800000,0x0000000085396550,0x0000000087880000)
 Metaspace       used 27763K, capacity 28822K, committed 29184K, reserved 1075200K
  class space    used 3763K, capacity 3987K, committed 4096K, reserved 1048576K

Card table byte_map: [0x00007fcf458c3000,0x00007fcf45ca0000] byte_map_base: 0x00007fcf4549f000

Marking Bits: (ParMarkBitMap*) 0x00007fcf483bdd60
 Begin Bits: [0x00007fcf28240000, 0x00007fcf2a120000)
 End Bits:   [0x00007fcf2a120000, 0x00007fcf2c000000)

Polling page: 0x00007fcf49009000

CodeCache: size=245760Kb used=8666Kb max_used=8680Kb free=237094Kb
 bounds [0x00007fcf31000000, 0x00007fcf31880000, 0x00007fcf40000000]
 total_blobs=3703 nmethods=2807 adapters=807
 compilation: enabled

Compilation events (10 events):
Event: 14.130 Thread 0x00007fcf4020f800 nmethod 2836 0x00007fcf31871d10 code [0x00007fcf31872160, 0x00007fcf31873fc8]
Event: 14.130 Thread 0x00007fcf4020f800 2839       3       javafx.animation.Animation$AnimationReadOnlyProperty::<init> (8 bytes)
Event: 14.131 Thread 0x00007fcf4020f800 nmethod 2839 0x00007fcf31874f10 code [0x00007fcf318750a0, 0x00007fcf31875410]
Event: 14.131 Thread 0x00007fcf4020f800 2840       3       javafx.animation.Animation$AnimationReadOnlyProperty::<init> (20 bytes)
Event: 14.131 Thread 0x00007fcf4020f800 nmethod 2840 0x00007fcf31875650 code [0x00007fcf318757c0, 0x00007fcf31875ad0]
Event: 14.131 Thread 0x00007fcf4020f800 2837       3       com.sun.javafx.text.PrismTextLayout::setLineSpacing (22 bytes)
Event: 14.131 Thread 0x00007fcf4020f800 nmethod 2837 0x00007fcf31875c50 code [0x00007fcf31875dc0, 0x00007fcf31875fc8]
Event: 14.131 Thread 0x00007fcf4020f800 2841       3       java.util.ArrayList::contains (14 bytes)
Event: 14.131 Thread 0x00007fcf4020f800 nmethod 2841 0x00007fcf31876090 code [0x00007fcf31876200, 0x00007fcf31876468]
Event: 14.131 Thread 0x00007fcf4020f800 2801       1       javafx.scene.text.Text::access$2300 (5 bytes)

GC Heap History (6 events):
Event: 4.391 GC heap before
{Heap before GC invocations=1 (full 0):
 PSYoungGen      total 36864K, used 31744K [0x00000000d6d80000, 0x00000000d9680000, 0x0000000100000000)
  eden space 31744K, 100% used [0x00000000d6d80000,0x00000000d8c80000,0x00000000d8c80000)
  from space 5120K, 0% used [0x00000000d9180000,0x00000000d9180000,0x00000000d9680000)
  to   space 5120K, 0% used [0x00000000d8c80000,0x00000000d8c80000,0x00000000d9180000)
 ParOldGen       total 84992K, used 0K [0x0000000084800000, 0x0000000089b00000, 0x00000000d6d80000)
  object space 84992K, 0% used [0x0000000084800000,0x0000000084800000,0x0000000089b00000)
 Metaspace       used 15225K, capacity 15640K, committed 15744K, reserved 1062912K
  class space    used 1956K, capacity 2102K, committed 2176K, reserved 1048576K
Event: 4.399 GC heap after
Heap after GC invocations=1 (full 0):
 PSYoungGen      total 36864K, used 5104K [0x00000000d6d80000, 0x00000000d9680000, 0x0000000100000000)
  eden space 31744K, 0% used [0x00000000d6d80000,0x00000000d6d80000,0x00000000d8c80000)
  from space 5120K, 99% used [0x00000000d8c80000,0x00000000d917c070,0x00000000d9180000)
  to   space 5120K, 0% used [0x00000000d9180000,0x00000000d9180000,0x00000000d9680000)
 ParOldGen       total 84992K, used 5336K [0x0000000084800000, 0x0000000089b00000, 0x00000000d6d80000)
  object space 84992K, 6% used [0x0000000084800000,0x0000000084d360c8,0x0000000089b00000)
 Metaspace       used 15225K, capacity 15640K, committed 15744K, reserved 1062912K
  class space    used 1956K, capacity 2102K, committed 2176K, reserved 1048576K
}
Event: 11.608 GC heap before
{Heap before GC invocations=2 (full 0):
 PSYoungGen      total 36864K, used 18463K [0x00000000d6d80000, 0x00000000d9680000, 0x0000000100000000)
  eden space 31744K, 42% used [0x00000000d6d80000,0x00000000d7a8bcf8,0x00000000d8c80000)
  from space 5120K, 99% used [0x00000000d8c80000,0x00000000d917c070,0x00000000d9180000)
  to   space 5120K, 0% used [0x00000000d9180000,0x00000000d9180000,0x00000000d9680000)
 ParOldGen       total 84992K, used 5336K [0x0000000084800000, 0x0000000089b00000, 0x00000000d6d80000)
  object space 84992K, 6% used [0x0000000084800000,0x0000000084d360c8,0x0000000089b00000)
 Metaspace       used 20447K, capacity 21120K, committed 21296K, reserved 1067008K
  class space    used 2754K, capacity 2930K, committed 2944K, reserved 1048576K
Event: 11.616 GC heap after
Heap after GC invocations=2 (full 0):
 PSYoungGen      total 36864K, used 5088K [0x00000000d6d80000, 0x00000000d9680000, 0x0000000100000000)
  eden space 31744K, 0% used [0x00000000d6d80000,0x00000000d6d80000,0x00000000d8c80000)
  from space 5120K, 99% used [0x00000000d9180000,0x00000000d9678090,0x00000000d9680000)
  to   space 5120K, 0% used [0x00000000d8c80000,0x00000000d8c80000,0x00000000d9180000)
 ParOldGen       total 84992K, used 7864K [0x0000000084800000, 0x0000000089b00000, 0x00000000d6d80000)
  object space 84992K, 9% used [0x0000000084800000,0x0000000084fae3c8,0x0000000089b00000)
 Metaspace       used 20447K, capacity 21120K, committed 21296K, reserved 1067008K
  class space    used 2754K, capacity 2930K, committed 2944K, reserved 1048576K
}
Event: 11.616 GC heap before
{Heap before GC invocations=3 (full 1):
 PSYoungGen      total 36864K, used 5088K [0x00000000d6d80000, 0x00000000d9680000, 0x0000000100000000)
  eden space 31744K, 0% used [0x00000000d6d80000,0x00000000d6d80000,0x00000000d8c80000)
  from space 5120K, 99% used [0x00000000d9180000,0x00000000d9678090,0x00000000d9680000)
  to   space 5120K, 0% used [0x00000000d8c80000,0x00000000d8c80000,0x00000000d9180000)
 ParOldGen       total 84992K, used 7864K [0x0000000084800000, 0x0000000089b00000, 0x00000000d6d80000)
  object space 84992K, 9% used [0x0000000084800000,0x0000000084fae3c8,0x0000000089b00000)
 Metaspace       used 20447K, capacity 21120K, committed 21296K, reserved 1067008K
  class space    used 2754K, capacity 2930K, committed 2944K, reserved 1048576K
Event: 11.647 GC heap after
Heap after GC invocations=3 (full 1):
 PSYoungGen      total 36864K, used 0K [0x00000000d6d80000, 0x00000000d9680000, 0x0000000100000000)
  eden space 31744K, 0% used [0x00000000d6d80000,0x00000000d6d80000,0x00000000d8c80000)
  from space 5120K, 0% used [0x00000000d9180000,0x00000000d9180000,0x00000000d9680000)
  to   space 5120K, 0% used [0x00000000d8c80000,0x00000000d8c80000,0x00000000d9180000)
 ParOldGen       total 49664K, used 11865K [0x0000000084800000, 0x0000000087880000, 0x00000000d6d80000)
  object space 49664K, 23% used [0x0000000084800000,0x0000000085396550,0x0000000087880000)
 Metaspace       used 20447K, capacity 21120K, committed 21296K, reserved 1067008K
  class space    used 2754K, capacity 2930K, committed 2944K, reserved 1048576K
}

Deoptimization events (10 events):
Event: 13.293 Thread 0x00007fcf403cb800 Uncommon trap: reason=class_check action=maybe_recompile pc=0x00007fcf313c378c method=java.io.FilterInputStream.read()I @ 4
Event: 13.293 Thread 0x00007fcf403cb800 Uncommon trap: reason=class_check action=maybe_recompile pc=0x00007fcf313c378c method=java.io.FilterInputStream.read()I @ 4
Event: 13.824 Thread 0x00007fcf403cb800 Uncommon trap: reason=range_check action=make_not_entrant pc=0x00007fcf3166f940 method=sun.reflect.generics.parser.SignatureParser.current()C @ 34
Event: 13.842 Thread 0x00007fcf403cb800 Uncommon trap: reason=unstable_if action=reinterpret pc=0x00007fcf3146c074 method=java.lang.StrictMath.floorOrCeil(DDDD)D @ 38
Event: 13.951 Thread 0x00007fcf403cb800 Uncommon trap: reason=array_check action=maybe_recompile pc=0x00007fcf31760864 method=com.sun.javafx.css.SimpleSelector.applies(Ljavafx/css/Styleable;[Ljava/util/Set;I)Z @ 37
Event: 13.951 Thread 0x00007fcf403cb800 Uncommon trap: reason=array_check action=maybe_recompile pc=0x00007fcf31760864 method=com.sun.javafx.css.SimpleSelector.applies(Ljavafx/css/Styleable;[Ljava/util/Set;I)Z @ 37
Event: 13.951 Thread 0x00007fcf403cb800 Uncommon trap: reason=array_check action=maybe_recompile pc=0x00007fcf31760864 method=com.sun.javafx.css.SimpleSelector.applies(Ljavafx/css/Styleable;[Ljava/util/Set;I)Z @ 37
Event: 13.951 Thread 0x00007fcf403cb800 Uncommon trap: reason=array_check action=maybe_recompile pc=0x00007fcf31760864 method=com.sun.javafx.css.SimpleSelector.applies(Ljavafx/css/Styleable;[Ljava/util/Set;I)Z @ 37
Event: 14.093 Thread 0x00007fcf403cb800 Uncommon trap: reason=array_check action=maybe_recompile pc=0x00007fcf31831f64 method=com.sun.javafx.css.SimpleSelector.applies(Ljavafx/css/Styleable;[Ljava/util/Set;I)Z @ 37
Event: 14.119 Thread 0x00007fcf403cb800 Uncommon trap: reason=unstable_if action=reinterpret pc=0x00007fcf3150529c method=java.lang.Math.round(D)J @ 48

Internal exceptions (10 events):
Event: 1.567 Thread 0x00007fcf403cb800 Exception <a 'java/lang/ArrayIndexOutOfBoundsException'> (0x00000000d7e8ed70) thrown at [/HUDSON/workspace/8-2-build-linux-amd64/jdk8u91/6644/hotspot/src/share/vm/runtime/sharedRuntime.cpp, line 605]
Event: 1.748 Thread 0x00007fcf403cb800 Implicit null exception at 0x00007fcf31262075 to 0x00007fcf312623d1
Event: 4.345 Thread 0x00007fcf403cb800 Implicit null exception at 0x00007fcf3130a275 to 0x00007fcf3130a49d
Event: 4.351 Thread 0x00007fcf403cb800 Implicit null exception at 0x00007fcf312d9aef to 0x00007fcf312d9b59
Event: 11.580 Thread 0x00007fcf403cb800 Exception <a 'java/io/FileNotFoundException'> (0x00000000d79cf170) thrown at [/HUDSON/workspace/8-2-build-linux-amd64/jdk8u91/6644/hotspot/src/share/vm/prims/jni.cpp, line 709]
Event: 11.580 Thread 0x00007fcf403cb800 Exception <a 'java/io/FileNotFoundException'> (0x00000000d79cff08) thrown at [/HUDSON/workspace/8-2-build-linux-amd64/jdk8u91/6644/hotspot/src/share/vm/prims/jni.cpp, line 709]
Event: 12.542 Thread 0x00007fcec04cf800 Exception <a 'java/lang/UnsupportedOperationException': > (0x00000000d6f8a248) thrown at [/HUDSON/workspace/8-2-build-linux-amd64/jdk8u91/6644/hotspot/src/share/vm/prims/jni.cpp, line 735]
Event: 13.289 Thread 0x00007fcf403cb800 Exception <a 'java/lang/ArrayIndexOutOfBoundsException'> (0x00000000d713aef0) thrown at [/HUDSON/workspace/8-2-build-linux-amd64/jdk8u91/6644/hotspot/src/share/vm/runtime/sharedRuntime.cpp, line 605]
Event: 13.289 Thread 0x00007fcf403cb800 Exception <a 'java/lang/ArrayIndexOutOfBoundsException'> (0x00000000d713d100) thrown at [/HUDSON/workspace/8-2-build-linux-amd64/jdk8u91/6644/hotspot/src/share/vm/runtime/sharedRuntime.cpp, line 605]
Event: 13.824 Thread 0x00007fcf403cb800 Exception <a 'java/lang/ArrayIndexOutOfBoundsException': 65> (0x00000000d74b5f40) thrown at [/HUDSON/workspace/8-2-build-linux-amd64/jdk8u91/6644/hotspot/src/share/vm/interpreter/interpreterRuntime.cpp, line 366]

Events (10 events):
Event: 14.094 Thread 0x00007fcf403cb800 DEOPT UNPACKING pc=0x00007fcf31005229 sp=0x00007fced112ada0 mode 2
Event: 14.118 loading class com/jfoenix/skins/JFXRadioButtonSkin$1
Event: 14.118 loading class com/jfoenix/skins/JFXRadioButtonSkin$1 done
Event: 14.119 Thread 0x00007fcf403cb800 Uncommon trap: trap_request=0xffffff65 fr.pc=0x00007fcf3150529c
Event: 14.119 Thread 0x00007fcf403cb800 DEOPT PACKING pc=0x00007fcf3150529c sp=0x00007fced112b5b0
Event: 14.119 Thread 0x00007fcf403cb800 DEOPT UNPACKING pc=0x00007fcf31005229 sp=0x00007fced112b528 mode 2
Event: 14.123 loading class com/sun/javafx/font/PrismFontUtils
Event: 14.123 loading class com/sun/javafx/font/PrismFontUtils done
Event: 14.123 loading class com/sun/javafx/tk/FontMetrics
Event: 14.123 loading class com/sun/javafx/tk/FontMetrics done


Dynamic libraries:
00400000-00401000 r-xp 00000000 08:0f 1573679                            /usr/lib/jvm/oracle_jdk8/jre/bin/java
00600000-00601000 rw-p 00000000 08:0f 1573679                            /usr/lib/jvm/oracle_jdk8/jre/bin/java
018eb000-0190c000 rw-p 00000000 00:00 0                                  [heap]
84800000-87880000 rw-p 00000000 00:00 0 
87880000-d6d80000 ---p 00000000 00:00 0 
d6d80000-d9680000 rw-p 00000000 00:00 0 
d9680000-100000000 ---p 00000000 00:00 0 
100000000-100400000 rw-p 00000000 00:00 0 
100400000-140000000 ---p 00000000 00:00 0 
7fce94000000-7fce94021000 rw-p 00000000 00:00 0 
7fce94021000-7fce98000000 ---p 00000000 00:00 0 
7fce9c000000-7fce9c021000 rw-p 00000000 00:00 0 
7fce9c021000-7fcea0000000 ---p 00000000 00:00 0 
7fcea0000000-7fcea0021000 rw-p 00000000 00:00 0 
7fcea0021000-7fcea4000000 ---p 00000000 00:00 0 
7fcea4000000-7fcea4021000 rw-p 00000000 00:00 0 
7fcea4021000-7fcea8000000 ---p 00000000 00:00 0 
7fcea8000000-7fcea8024000 rw-p 00000000 00:00 0 
7fcea8024000-7fceac000000 ---p 00000000 00:00 0 
7fceac000000-7fceac021000 rw-p 00000000 00:00 0 
7fceac021000-7fceb0000000 ---p 00000000 00:00 0 
7fceb15d2000-7fceb1652000 rw-p 00000000 00:00 0 
7fceb1652000-7fceb17d2000 ---p 00000000 00:00 0 
7fceb17d2000-7fceb19d2000 rw-p 00000000 00:00 0 
7fceb19d2000-7fceb19d5000 ---p 00000000 00:00 0 
7fceb19d5000-7fceb1ad3000 rw-p 00000000 00:00 0 
7fceb1ad3000-7fceb1ad6000 ---p 00000000 00:00 0 
7fceb1ad6000-7fceb1bd4000 rw-p 00000000 00:00 0 
7fceb1bd4000-7fceb1c3d000 r-xp 00000000 08:0f 1587707                    /usr/lib/jvm/oracle_jdk8/jre/lib/amd64/libt2k.so
7fceb1c3d000-7fceb1e3d000 ---p 00069000 08:0f 1587707                    /usr/lib/jvm/oracle_jdk8/jre/lib/amd64/libt2k.so
7fceb1e3d000-7fceb1e44000 rw-p 00069000 08:0f 1587707                    /usr/lib/jvm/oracle_jdk8/jre/lib/amd64/libt2k.so
7fceb1e44000-7fceb1e54000 rw-p 00000000 00:00 0 
7fceb1e54000-7fceb1e65000 r-xp 00000000 08:0f 1587741                    /usr/lib/jvm/oracle_jdk8/jre/lib/amd64/libnio.so
7fceb1e65000-7fceb2064000 ---p 00011000 08:0f 1587741                    /usr/lib/jvm/oracle_jdk8/jre/lib/amd64/libnio.so
7fceb2064000-7fceb2065000 rw-p 00010000 08:0f 1587741                    /usr/lib/jvm/oracle_jdk8/jre/lib/amd64/libnio.so
7fceb2065000-7fceb2265000 rw-p 00000000 00:00 0 
7fceb2265000-7fceb2268000 ---p 00000000 00:00 0 
7fceb2268000-7fceb2366000 rw-p 00000000 00:00 0 
7fceb2366000-7fceb2369000 ---p 00000000 00:00 0 
7fceb2369000-7fceb2467000 rw-p 00000000 00:00 0 
7fceb2467000-7fceb246a000 ---p 00000000 00:00 0 
7fceb246a000-7fceb2568000 rw-p 00000000 00:00 0 
7fceb2568000-7fceb25cd000 r-xp 00000000 08:0f 1587720                    /usr/lib/jvm/oracle_jdk8/jre/lib/amd64/libfontmanager.so
7fceb25cd000-7fceb27cc000 ---p 00065000 08:0f 1587720                    /usr/lib/jvm/oracle_jdk8/jre/lib/amd64/libfontmanager.so
7fceb27cc000-7fceb27d1000 rw-p 00064000 08:0f 1587720                    /usr/lib/jvm/oracle_jdk8/jre/lib/amd64/libfontmanager.so
7fceb27d1000-7fceb29e1000 rw-p 00000000 00:00 0 
7fceb29e1000-7fceb2a35000 r-xp 00000000 08:0f 1587745                    /usr/lib/jvm/oracle_jdk8/jre/lib/amd64/libawt_xawt.so
7fceb2a35000-7fceb2c35000 ---p 00054000 08:0f 1587745                    /usr/lib/jvm/oracle_jdk8/jre/lib/amd64/libawt_xawt.so
7fceb2c35000-7fceb2c39000 rw-p 00054000 08:0f 1587745                    /usr/lib/jvm/oracle_jdk8/jre/lib/amd64/libawt_xawt.so
7fceb2c39000-7fceb2c3a000 rw-p 00000000 00:00 0 
7fceb2c3a000-7fceb2cdc000 r-xp 00000000 08:0f 1587731                    /usr/lib/jvm/oracle_jdk8/jre/lib/amd64/libawt.so
7fceb2cdc000-7fceb2edc000 ---p 000a2000 08:0f 1587731                    /usr/lib/jvm/oracle_jdk8/jre/lib/amd64/libawt.so
7fceb2edc000-7fceb2ee8000 rw-p 000a2000 08:0f 1587731                    /usr/lib/jvm/oracle_jdk8/jre/lib/amd64/libawt.so
7fceb2ee8000-7fceb2f0c000 rw-p 00000000 00:00 0 
7fceb2f0c000-7fceb2f28000 rw-s 00000000 00:05 1767901                    /drm mm object (deleted)
7fceb2f28000-7fceb30e8000 rw-s 10c384000 00:06 349                       /dev/dri/card0
7fceb30e8000-7fceb36e8000 rw-s 00000000 00:05 1758002                    /drm mm object (deleted)
7fceb36e8000-7fceb38a8000 rw-s 00000000 00:05 1757997                    /drm mm object (deleted)
7fceb38a8000-7fceb38b8000 rw-s 00000000 00:05 1758001                    /drm mm object (deleted)
7fceb38b8000-7fceb3ab8000 rw-p 00000000 00:00 0 
7fceb3ab8000-7fceb3b65000 r--p 00000000 08:0f 2225679                    /usr/share/fonts/truetype/dejavu/DejaVuSans-Bold.ttf
7fceb3b65000-7fceb3b68000 ---p 00000000 00:00 0 
7fceb3b68000-7fceb3c66000 rw-p 00000000 00:00 0 
7fceb3c66000-7fceb3d1f000 r--p 00000000 08:0f 2225680                    /usr/share/fonts/truetype/dejavu/DejaVuSans.ttf
7fceb3d1f000-7fceb3d74000 r--p 00000000 08:0f 1713185                    /usr/lib/jvm/oracle_jdk8/jre/lib/fonts/LucidaBrightRegular.ttf
7fceb3d74000-7fceb3dae000 r--p 00000000 08:0f 1713190                    /usr/lib/jvm/oracle_jdk8/jre/lib/fonts/LucidaTypewriterBold.ttf
7fceb3dae000-7fceb3dfc000 r--p 00000000 08:0f 1713186                    /usr/lib/jvm/oracle_jdk8/jre/lib/fonts/LucidaSansDemiBold.ttf
7fceb3dfc000-7fceb3e00000 r-xp 00000000 08:0f 1587696                    /usr/lib/jvm/oracle_jdk8/jre/lib/amd64/libjavafx_font_pango.so
7fceb3e00000-7fceb3fff000 ---p 00004000 08:0f 1587696                    /usr/lib/jvm/oracle_jdk8/jre/lib/amd64/libjavafx_font_pango.so
7fceb3fff000-7fceb4000000 rw-p 00003000 08:0f 1587696                    /usr/lib/jvm/oracle_jdk8/jre/lib/amd64/libjavafx_font_pango.so
7fceb4000000-7fceb4021000 rw-p 00000000 00:00 0 
7fceb4021000-7fceb8000000 ---p 00000000 00:00 0 
7fceb8000000-7fceb8021000 rw-p 00000000 00:00 0 
7fceb8021000-7fcebc000000 ---p 00000000 00:00 0 
7fcebc000000-7fcebc021000 rw-p 00000000 00:00 0 
7fcebc021000-7fcec0000000 ---p 00000000 00:00 0 
7fcec0000000-7fcec0931000 rw-p 00000000 00:00 0 
7fcec0931000-7fcec4000000 ---p 00000000 00:00 0 
7fcec4000000-7fcec4021000 rw-p 00000000 00:00 0 
7fcec4021000-7fcec8000000 ---p 00000000 00:00 0 
7fcec8000000-7fcec8022000 rw-p 00000000 00:00 0 
7fcec8022000-7fcecc000000 ---p 00000000 00:00 0 
7fcecc000000-7fcecc021000 rw-p 00000000 00:00 0 
7fcecc021000-7fced0000000 ---p 00000000 00:00 0 
7fced000f000-7fced020f000 rw-p 00000000 00:00 0 
7fced020f000-7fced040f000 rw-p 00000000 00:00 0 
7fced040f000-7fced0425000 r-xp 00000000 08:0f 1587738                    /usr/lib/jvm/oracle_jdk8/jre/lib/amd64/libnet.so
7fced0425000-7fced0625000 ---p 00016000 08:0f 1587738                    /usr/lib/jvm/oracle_jdk8/jre/lib/amd64/libnet.so
7fced0625000-7fced0626000 rw-p 00016000 08:0f 1587738                    /usr/lib/jvm/oracle_jdk8/jre/lib/amd64/libnet.so
7fced0626000-7fced0629000 ---p 00000000 00:00 0 
7fced0629000-7fced0927000 rw-p 00000000 00:00 0 
7fced0927000-7fced092c000 r-xp 00000000 08:0f 1587699                    /usr/lib/jvm/oracle_jdk8/jre/lib/amd64/libjavafx_font_freetype.so
7fced092c000-7fced0b2b000 ---p 00005000 08:0f 1587699                    /usr/lib/jvm/oracle_jdk8/jre/lib/amd64/libjavafx_font_freetype.so
7fced0b2b000-7fced0b2c000 rw-p 00004000 08:0f 1587699                    /usr/lib/jvm/oracle_jdk8/jre/lib/amd64/libjavafx_font_freetype.so
7fced0b2c000-7fced0b2f000 r-xp 00000000 08:0f 1587739                    /usr/lib/jvm/oracle_jdk8/jre/lib/amd64/libjavafx_font.so
7fced0b2f000-7fced0d2e000 ---p 00003000 08:0f 1587739                    /usr/lib/jvm/oracle_jdk8/jre/lib/amd64/libjavafx_font.so
7fced0d2e000-7fced0d2f000 rw-p 00002000 08:0f 1587739                    /usr/lib/jvm/oracle_jdk8/jre/lib/amd64/libjavafx_font.so
7fced0d2f000-7fced0f2f000 rw-p 00000000 00:00 0 
7fced0f2f000-7fced0f32000 ---p 00000000 00:00 0 
7fced0f32000-7fced1030000 rw-p 00000000 00:00 0 
7fced1030000-7fced1033000 ---p 00000000 00:00 0 
7fced1033000-7fced1131000 rw-p 00000000 00:00 0 
7fced1131000-7fced1132000 ---p 00000000 00:00 0 
7fced1132000-7fced1932000 rw-p 00000000 00:00 0 
7fced1932000-7fced1933000 ---p 00000000 00:00 0 
7fced1933000-7fced2133000 rw-p 00000000 00:00 0 
7fced2133000-7fced2134000 ---p 00000000 00:00 0 
7fced2134000-7fced2934000 rw-p 00000000 00:00 0 
7fced2934000-7fced2940000 r-xp 00000000 08:0f 1572888                    /usr/lib/x86_64-linux-gnu/gio/modules/libdconfsettings.so
7fced2940000-7fced2b3f000 ---p 0000c000 08:0f 1572888                    /usr/lib/x86_64-linux-gnu/gio/modules/libdconfsettings.so
7fced2b3f000-7fced2b40000 r--p 0000b000 08:0f 1572888                    /usr/lib/x86_64-linux-gnu/gio/modules/libdconfsettings.so
7fced2b40000-7fced2b41000 rw-p 0000c000 08:0f 1572888                    /usr/lib/x86_64-linux-gnu/gio/modules/libdconfsettings.so
7fced2b41000-7fced2b48000 r-xp 00000000 08:0f 1318849                    /usr/lib/x86_64-linux-gnu/libogg.so.0.8.2
7fced2b48000-7fced2d48000 ---p 00007000 08:0f 1318849                    /usr/lib/x86_64-linux-gnu/libogg.so.0.8.2
7fced2d48000-7fced2d49000 r--p 00007000 08:0f 1318849                    /usr/lib/x86_64-linux-gnu/libogg.so.0.8.2
7fced2d49000-7fced2d4a000 rw-p 00008000 08:0f 1318849                    /usr/lib/x86_64-linux-gnu/libogg.so.0.8.2
7fced2d4a000-7fced2d74000 r-xp 00000000 08:0f 1319282                    /usr/lib/x86_64-linux-gnu/libvorbis.so.0.4.8
7fced2d74000-7fced2f74000 ---p 0002a000 08:0f 1319282                    /usr/lib/x86_64-linux-gnu/libvorbis.so.0.4.8
7fced2f74000-7fced2f75000 r--p 0002a000 08:0f 1319282                    /usr/lib/x86_64-linux-gnu/libvorbis.so.0.4.8
7fced2f75000-7fced2f76000 rw-p 0002b000 08:0f 1319282                    /usr/lib/x86_64-linux-gnu/libvorbis.so.0.4.8
7fced2f76000-7fced2f7e000 r-xp 00000000 08:0f 1318693                    /usr/lib/x86_64-linux-gnu/libltdl.so.7.3.1
7fced2f7e000-7fced317e000 ---p 00008000 08:0f 1318693                    /usr/lib/x86_64-linux-gnu/libltdl.so.7.3.1
7fced317e000-7fced317f000 r--p 00008000 08:0f 1318693                    /usr/lib/x86_64-linux-gnu/libltdl.so.7.3.1
7fced317f000-7fced3180000 rw-p 00009000 08:0f 1318693                    /usr/lib/x86_64-linux-gnu/libltdl.so.7.3.1
7fced3180000-7fced3194000 r-xp 00000000 08:0f 1319115                    /usr/lib/x86_64-linux-gnu/libtdb.so.1.3.9
7fced3194000-7fced3393000 ---p 00014000 08:0f 1319115                    /usr/lib/x86_64-linux-gnu/libtdb.so.1.3.9
7fced3393000-7fced3394000 r--p 00013000 08:0f 1319115                    /usr/lib/x86_64-linux-gnu/libtdb.so.1.3.9
7fced3394000-7fced3395000 rw-p 00014000 08:0f 1319115                    /usr/lib/x86_64-linux-gnu/libtdb.so.1.3.9
7fced3395000-7fced339c000 r-xp 00000000 08:0f 1319286                    /usr/lib/x86_64-linux-gnu/libvorbisfile.so.3.3.7
7fced339c000-7fced359c000 ---p 00007000 08:0f 1319286                    /usr/lib/x86_64-linux-gnu/libvorbisfile.so.3.3.7
7fced359c000-7fced359d000 r--p 00007000 08:0f 1319286                    /usr/lib/x86_64-linux-gnu/libvorbisfile.so.3.3.7
7fced359d000-7fced359e000 rw-p 00008000 08:0f 1319286                    /usr/lib/x86_64-linux-gnu/libvorbisfile.so.3.3.7
7fced359e000-7fced35ae000 r-xp 00000000 08:0f 1318049                    /usr/lib/x86_64-linux-gnu/libcanberra.so.0.2.5
7fced35ae000-7fced37ae000 ---p 00010000 08:0f 1318049                    /usr/lib/x86_64-linux-gnu/libcanberra.so.0.2.5
7fced37ae000-7fced37af000 r--p 00010000 08:0f 1318049                    /usr/lib/x86_64-linux-gnu/libcanberra.so.0.2.5
7fced37af000-7fced37b0000 rw-p 00011000 08:0f 1318049                    /usr/lib/x86_64-linux-gnu/libcanberra.so.0.2.5
7fced37b0000-7fced37b4000 r-xp 00000000 08:0f 1318045                    /usr/lib/x86_64-linux-gnu/libcanberra-gtk.so.0.1.9
7fced37b4000-7fced39b3000 ---p 00004000 08:0f 1318045                    /usr/lib/x86_64-linux-gnu/libcanberra-gtk.so.0.1.9
7fced39b3000-7fced39b4000 r--p 00003000 08:0f 1318045                    /usr/lib/x86_64-linux-gnu/libcanberra-gtk.so.0.1.9
7fced39b4000-7fced39b5000 rw-p 00004000 08:0f 1318045                    /usr/lib/x86_64-linux-gnu/libcanberra-gtk.so.0.1.9
7fced39b5000-7fced39ba000 r-xp 00000000 08:0f 1573095                    /usr/lib/x86_64-linux-gnu/gtk-2.0/modules/libcanberra-gtk-module.so
7fced39ba000-7fced3bb9000 ---p 00005000 08:0f 1573095                    /usr/lib/x86_64-linux-gnu/gtk-2.0/modules/libcanberra-gtk-module.so
7fced3bb9000-7fced3bba000 r--p 00004000 08:0f 1573095                    /usr/lib/x86_64-linux-gnu/gtk-2.0/modules/libcanberra-gtk-module.so
7fced3bba000-7fced3bbb000 rw-p 00005000 08:0f 1573095                    /usr/lib/x86_64-linux-gnu/gtk-2.0/modules/libcanberra-gtk-module.so
7fced3bbb000-7fced3beb000 r-xp 00000000 08:0f 1573077                    /usr/lib/x86_64-linux-gnu/gtk-2.0/2.10.0/engines/libmurrine.so
7fced3beb000-7fced3deb000 ---p 00030000 08:0f 1573077                    /usr/lib/x86_64-linux-gnu/gtk-2.0/2.10.0/engines/libmurrine.so
7fced3deb000-7fced3dec000 r--p 00030000 08:0f 1573077                    /usr/lib/x86_64-linux-gnu/gtk-2.0/2.10.0/engines/libmurrine.so
7fced3dec000-7fced3ded000 rw-p 00031000 08:0f 1573077                    /usr/lib/x86_64-linux-gnu/gtk-2.0/2.10.0/engines/libmurrine.so
7fced3ded000-7fced3dfe000 r-xp 00000000 08:0f 1587590                    /usr/lib/x86_64-linux-gnu/gtk-2.0/modules/liboverlay-scrollbar.so
7fced3dfe000-7fced3ffe000 ---p 00011000 08:0f 1587590                    /usr/lib/x86_64-linux-gnu/gtk-2.0/modules/liboverlay-scrollbar.so
7fced3ffe000-7fced3fff000 r--p 00011000 08:0f 1587590                    /usr/lib/x86_64-linux-gnu/gtk-2.0/modules/liboverlay-scrollbar.so
7fced3fff000-7fced4000000 rw-p 00012000 08:0f 1587590                    /usr/lib/x86_64-linux-gnu/gtk-2.0/modules/liboverlay-scrollbar.so
7fced4000000-7fced4021000 rw-p 00000000 00:00 0 
7fced4021000-7fced8000000 ---p 00000000 00:00 0 
7fced8000000-7fced9dc8000 rw-p 00000000 00:00 0 
7fced9dc8000-7fcedc000000 ---p 00000000 00:00 0 
7fcedc000000-7fcedc832000 rw-p 00000000 00:00 0 
7fcedc832000-7fcee0000000 ---p 00000000 00:00 0 
7fcee0000000-7fcee0021000 rw-p 00000000 00:00 0 
7fcee0021000-7fcee4000000 ---p 00000000 00:00 0 
7fcee4000000-7fcee45d1000 rw-p 00000000 00:00 0 
7fcee45d1000-7fcee8000000 ---p 00000000 00:00 0 
7fcee8000000-7fcee8652000 rw-p 00000000 00:00 0 
7fcee8652000-7fceec000000 ---p 00000000 00:00 0 
7fceec000000-7fceec021000 rw-p 00000000 00:00 0 
7fceec021000-7fcef0000000 ---p 00000000 00:00 0 
7fcef0000000-7fcef057a000 rw-p 00000000 00:00 0 
7fcef057a000-7fcef4000000 ---p 00000000 00:00 0 
7fcef4000000-7fcef4021000 rw-p 00000000 00:00 0 
7fcef4021000-7fcef8000000 ---p 00000000 00:00 0 
7fcef8000000-7fcef8021000 rw-p 00000000 00:00 0 
7fcef8021000-7fcefc000000 ---p 00000000 00:00 0 
7fcefc000000-7fcefc021000 rw-p 00000000 00:00 0 
7fcefc021000-7fcf00000000 ---p 00000000 00:00 0 
7fcf00000000-7fcf00021000 rw-p 00000000 00:00 0 
7fcf00021000-7fcf04000000 ---p 00000000 00:00 0 
7fcf04000000-7fcf04021000 rw-p 00000000 00:00 0 
7fcf04021000-7fcf08000000 ---p 00000000 00:00 0 
7fcf0800d000-7fcf08015000 rw-s 00000000 00:05 1758000                    /drm mm object (deleted)
7fcf08015000-7fcf08025000 rw-s 00000000 00:05 1757999                    /drm mm object (deleted)
7fcf08025000-7fcf08038000 r--s 00344000 08:0f 1587685                    /usr/lib/jvm/oracle_jdk8/jre/lib/resources.jar
7fcf08038000-7fcf080e3000 r--p 00000000 08:0f 1713184                    /usr/lib/jvm/oracle_jdk8/jre/lib/fonts/LucidaSansRegular.ttf
7fcf080e3000-7fcf080e6000 ---p 00000000 00:00 0 
7fcf080e6000-7fcf081e4000 rw-p 00000000 00:00 0 
7fcf081e4000-7fcf0820d000 r-xp 00000000 08:0f 1587715                    /usr/lib/jvm/oracle_jdk8/jre/lib/amd64/libglass.so
7fcf0820d000-7fcf0840c000 ---p 00029000 08:0f 1587715                    /usr/lib/jvm/oracle_jdk8/jre/lib/amd64/libglass.so
7fcf0840c000-7fcf0840f000 rw-p 00028000 08:0f 1587715                    /usr/lib/jvm/oracle_jdk8/jre/lib/amd64/libglass.so
7fcf0840f000-7fcf08446000 r-xp 00000000 08:0f 1319162                    /usr/lib/x86_64-linux-gnu/libtxc_dxtn_s2tc.so.0.0.0
7fcf08446000-7fcf08645000 ---p 00037000 08:0f 1319162                    /usr/lib/x86_64-linux-gnu/libtxc_dxtn_s2tc.so.0.0.0
7fcf08645000-7fcf08646000 r--p 00036000 08:0f 1319162                    /usr/lib/x86_64-linux-gnu/libtxc_dxtn_s2tc.so.0.0.0
7fcf08646000-7fcf08647000 rw-p 00037000 08:0f 1319162                    /usr/lib/x86_64-linux-gnu/libtxc_dxtn_s2tc.so.0.0.0
7fcf08647000-7fcf0864f000 r-xp 00000000 08:0f 1318896                    /usr/lib/x86_64-linux-gnu/libpciaccess.so.0.11.1
7fcf0864f000-7fcf0884f000 ---p 00008000 08:0f 1318896                    /usr/lib/x86_64-linux-gnu/libpciaccess.so.0.11.1
7fcf0884f000-7fcf08850000 r--p 00008000 08:0f 1318896                    /usr/lib/x86_64-linux-gnu/libpciaccess.so.0.11.1
7fcf08850000-7fcf08851000 rw-p 00009000 08:0f 1318896                    /usr/lib/x86_64-linux-gnu/libpciaccess.so.0.11.1
7fcf08851000-7fcf08863000 r-xp 00000000 08:0f 528094                     /lib/x86_64-linux-gnu/libgpg-error.so.0.19.1
7fcf08863000-7fcf08a63000 ---p 00012000 08:0f 528094                     /lib/x86_64-linux-gnu/libgpg-error.so.0.19.1
7fcf08a63000-7fcf08a64000 r--p 00012000 08:0f 528094                     /lib/x86_64-linux-gnu/libgpg-error.so.0.19.1
7fcf08a64000-7fcf08a65000 rw-p 00013000 08:0f 528094                     /lib/x86_64-linux-gnu/libgpg-error.so.0.19.1
7fcf08a65000-7fcf08a70000 r-xp 00000000 08:0f 1318198                    /usr/lib/x86_64-linux-gnu/libdrm_radeon.so.1.0.1
7fcf08a70000-7fcf08c6f000 ---p 0000b000 08:0f 1318198                    /usr/lib/x86_64-linux-gnu/libdrm_radeon.so.1.0.1
7fcf08c6f000-7fcf08c70000 r--p 0000a000 08:0f 1318198                    /usr/lib/x86_64-linux-gnu/libdrm_radeon.so.1.0.1
7fcf08c70000-7fcf08c71000 rw-p 0000b000 08:0f 1318198                    /usr/lib/x86_64-linux-gnu/libdrm_radeon.so.1.0.1
7fcf08c71000-7fcf08c78000 r-xp 00000000 08:0f 1318196                    /usr/lib/x86_64-linux-gnu/libdrm_nouveau.so.2.0.0
7fcf08c78000-7fcf08e77000 ---p 00007000 08:0f 1318196                    /usr/lib/x86_64-linux-gnu/libdrm_nouveau.so.2.0.0
7fcf08e77000-7fcf08e78000 r--p 00006000 08:0f 1318196                    /usr/lib/x86_64-linux-gnu/libdrm_nouveau.so.2.0.0
7fcf08e78000-7fcf08e79000 rw-p 00007000 08:0f 1318196                    /usr/lib/x86_64-linux-gnu/libdrm_nouveau.so.2.0.0
7fcf08e79000-7fcf08e99000 r-xp 00000000 08:0f 1318194                    /usr/lib/x86_64-linux-gnu/libdrm_intel.so.1.0.0
7fcf08e99000-7fcf09098000 ---p 00020000 08:0f 1318194                    /usr/lib/x86_64-linux-gnu/libdrm_intel.so.1.0.0
7fcf09098000-7fcf09099000 r--p 0001f000 08:0f 1318194                    /usr/lib/x86_64-linux-gnu/libdrm_intel.so.1.0.0
7fcf09099000-7fcf0909a000 rw-p 00020000 08:0f 1318194                    /usr/lib/x86_64-linux-gnu/libdrm_intel.so.1.0.0
7fcf0909a000-7fcf091a1000 r-xp 00000000 08:0f 528090                     /lib/x86_64-linux-gnu/libgcrypt.so.20.1.2
7fcf091a1000-7fcf093a0000 ---p 00107000 08:0f 528090                     /lib/x86_64-linux-gnu/libgcrypt.so.20.1.2
7fcf093a0000-7fcf093a2000 r--p 00106000 08:0f 528090                     /lib/x86_64-linux-gnu/libgcrypt.so.20.1.2
7fcf093a2000-7fcf093a9000 rw-p 00108000 08:0f 528090                     /lib/x86_64-linux-gnu/libgcrypt.so.20.1.2
7fcf093a9000-7fcf09a4c000 r-xp 00000000 08:0f 1571962                    /usr/lib/x86_64-linux-gnu/dri/i965_dri.so
7fcf09a4c000-7fcf09c4b000 ---p 006a3000 08:0f 1571962                    /usr/lib/x86_64-linux-gnu/dri/i965_dri.so
7fcf09c4b000-7fcf09c8a000 r--p 006a2000 08:0f 1571962                    /usr/lib/x86_64-linux-gnu/dri/i965_dri.so
7fcf09c8a000-7fcf09c92000 rw-p 006e1000 08:0f 1571962                    /usr/lib/x86_64-linux-gnu/dri/i965_dri.so
7fcf09c92000-7fcf09c9a000 rw-p 00000000 00:00 0 
7fcf09c9a000-7fcf09c9e000 r-xp 00000000 08:0f 527948                     /lib/x86_64-linux-gnu/libuuid.so.1.3.0
7fcf09c9e000-7fcf09e9d000 ---p 00004000 08:0f 527948                     /lib/x86_64-linux-gnu/libuuid.so.1.3.0
7fcf09e9d000-7fcf09e9e000 r--p 00003000 08:0f 527948                     /lib/x86_64-linux-gnu/libuuid.so.1.3.0
7fcf09e9e000-7fcf09e9f000 rw-p 00004000 08:0f 527948                     /lib/x86_64-linux-gnu/libuuid.so.1.3.0
7fcf09e9f000-7fcf09ea5000 r-xp 00000000 08:0f 1318139                    /usr/lib/x86_64-linux-gnu/libdatrie.so.1.3.3
7fcf09ea5000-7fcf0a0a5000 ---p 00006000 08:0f 1318139                    /usr/lib/x86_64-linux-gnu/libdatrie.so.1.3.3
7fcf0a0a5000-7fcf0a0a6000 r--p 00006000 08:0f 1318139                    /usr/lib/x86_64-linux-gnu/libdatrie.so.1.3.3
7fcf0a0a6000-7fcf0a0a7000 rw-p 00007000 08:0f 1318139                    /usr/lib/x86_64-linux-gnu/libdatrie.so.1.3.3
7fcf0a0a7000-7fcf0a0ac000 r-xp 00000000 08:0f 1317884                    /usr/lib/x86_64-linux-gnu/libXdmcp.so.6.0.0
7fcf0a0ac000-7fcf0a2ab000 ---p 00005000 08:0f 1317884                    /usr/lib/x86_64-linux-gnu/libXdmcp.so.6.0.0
7fcf0a2ab000-7fcf0a2ac000 r--p 00004000 08:0f 1317884                    /usr/lib/x86_64-linux-gnu/libXdmcp.so.6.0.0
7fcf0a2ac000-7fcf0a2ad000 rw-p 00005000 08:0f 1317884                    /usr/lib/x86_64-linux-gnu/libXdmcp.so.6.0.0
7fcf0a2ad000-7fcf0a2af000 r-xp 00000000 08:0f 1317873                    /usr/lib/x86_64-linux-gnu/libXau.so.6.0.0
7fcf0a2af000-7fcf0a4af000 ---p 00002000 08:0f 1317873                    /usr/lib/x86_64-linux-gnu/libXau.so.6.0.0
7fcf0a4af000-7fcf0a4b0000 r--p 00002000 08:0f 1317873                    /usr/lib/x86_64-linux-gnu/libXau.so.6.0.0
7fcf0a4b0000-7fcf0a4b1000 rw-p 00003000 08:0f 1317873                    /usr/lib/x86_64-linux-gnu/libXau.so.6.0.0
7fcf0a4b1000-7fcf0a4d4000 r-xp 00000000 08:0f 1318451                    /usr/lib/x86_64-linux-gnu/libgraphite2.so.3.0.1
7fcf0a4d4000-7fcf0a6d3000 ---p 00023000 08:0f 1318451                    /usr/lib/x86_64-linux-gnu/libgraphite2.so.3.0.1
7fcf0a6d3000-7fcf0a6d5000 r--p 00022000 08:0f 1318451                    /usr/lib/x86_64-linux-gnu/libgraphite2.so.3.0.1
7fcf0a6d5000-7fcf0a6d6000 rw-p 00024000 08:0f 1318451                    /usr/lib/x86_64-linux-gnu/libgraphite2.so.3.0.1
7fcf0a6d6000-7fcf0a713000 r-xp 00000000 08:0f 527950                     /lib/x86_64-linux-gnu/libblkid.so.1.1.0
7fcf0a713000-7fcf0a912000 ---p 0003d000 08:0f 527950                     /lib/x86_64-linux-gnu/libblkid.so.1.1.0
7fcf0a912000-7fcf0a916000 r--p 0003c000 08:0f 527950                     /lib/x86_64-linux-gnu/libblkid.so.1.1.0
7fcf0a916000-7fcf0a917000 rw-p 00040000 08:0f 527950                     /lib/x86_64-linux-gnu/libblkid.so.1.1.0
7fcf0a917000-7fcf0a918000 rw-p 00000000 00:00 0 
7fcf0a918000-7fcf0a926000 r-xp 00000000 08:0f 1318190                    /usr/lib/x86_64-linux-gnu/libdrm.so.2.4.0
7fcf0a926000-7fcf0ab25000 ---p 0000e000 08:0f 1318190                    /usr/lib/x86_64-linux-gnu/libdrm.so.2.4.0
7fcf0ab25000-7fcf0ab26000 r--p 0000d000 08:0f 1318190                    /usr/lib/x86_64-linux-gnu/libdrm.so.2.4.0
7fcf0ab26000-7fcf0ab27000 rw-p 0000e000 08:0f 1318190                    /usr/lib/x86_64-linux-gnu/libdrm.so.2.4.0
7fcf0ab27000-7fcf0ab2b000 r-xp 00000000 08:0f 1319373                    /usr/lib/x86_64-linux-gnu/libxcb-dri2.so.0.0.0
7fcf0ab2b000-7fcf0ad2a000 ---p 00004000 08:0f 1319373                    /usr/lib/x86_64-linux-gnu/libxcb-dri2.so.0.0.0
7fcf0ad2a000-7fcf0ad2b000 r--p 00003000 08:0f 1319373                    /usr/lib/x86_64-linux-gnu/libxcb-dri2.so.0.0.0
7fcf0ad2b000-7fcf0ad2c000 rw-p 00004000 08:0f 1319373                    /usr/lib/x86_64-linux-gnu/libxcb-dri2.so.0.0.0
7fcf0ad2c000-7fcf0ad43000 r-xp 00000000 08:0f 1319377                    /usr/lib/x86_64-linux-gnu/libxcb-glx.so.0.0.0
7fcf0ad43000-7fcf0af42000 ---p 00017000 08:0f 1319377                    /usr/lib/x86_64-linux-gnu/libxcb-glx.so.0.0.0
7fcf0af42000-7fcf0af44000 r--p 00016000 08:0f 1319377                    /usr/lib/x86_64-linux-gnu/libxcb-glx.so.0.0.0
7fcf0af44000-7fcf0af45000 rw-p 00018000 08:0f 1319377                    /usr/lib/x86_64-linux-gnu/libxcb-glx.so.0.0.0
7fcf0af45000-7fcf0af46000 r-xp 00000000 08:0f 1317867                    /usr/lib/x86_64-linux-gnu/libX11-xcb.so.1.0.0
7fcf0af46000-7fcf0b145000 ---p 00001000 08:0f 1317867                    /usr/lib/x86_64-linux-gnu/libX11-xcb.so.1.0.0
7fcf0b145000-7fcf0b146000 r--p 00000000 08:0f 1317867                    /usr/lib/x86_64-linux-gnu/libX11-xcb.so.1.0.0
7fcf0b146000-7fcf0b147000 rw-p 00001000 08:0f 1317867                    /usr/lib/x86_64-linux-gnu/libX11-xcb.so.1.0.0
7fcf0b147000-7fcf0b170000 r-xp 00000000 08:0f 1332500                    /usr/lib/x86_64-linux-gnu/libglapi.so.0.0.0
7fcf0b170000-7fcf0b36f000 ---p 00029000 08:0f 1332500                    /usr/lib/x86_64-linux-gnu/libglapi.so.0.0.0
7fcf0b36f000-7fcf0b373000 r--p 00028000 08:0f 1332500                    /usr/lib/x86_64-linux-gnu/libglapi.so.0.0.0
7fcf0b373000-7fcf0b374000 rw-p 0002c000 08:0f 1332500                    /usr/lib/x86_64-linux-gnu/libglapi.so.0.0.0
7fcf0b374000-7fcf0b375000 rw-p 00000000 00:00 0 
7fcf0b375000-7fcf0b376000 r-xp 00000000 08:0f 1319419                    /usr/lib/x86_64-linux-gnu/libxshmfence.so.1.0.0
7fcf0b376000-7fcf0b576000 ---p 00001000 08:0f 1319419                    /usr/lib/x86_64-linux-gnu/libxshmfence.so.1.0.0
7fcf0b576000-7fcf0b577000 r--p 00001000 08:0f 1319419                    /usr/lib/x86_64-linux-gnu/libxshmfence.so.1.0.0
7fcf0b577000-7fcf0b578000 rw-p 00002000 08:0f 1319419                    /usr/lib/x86_64-linux-gnu/libxshmfence.so.1.0.0
7fcf0b578000-7fcf0b57d000 r-xp 00000000 08:0f 1319397                    /usr/lib/x86_64-linux-gnu/libxcb-sync.so.1.0.0
7fcf0b57d000-7fcf0b77d000 ---p 00005000 08:0f 1319397                    /usr/lib/x86_64-linux-gnu/libxcb-sync.so.1.0.0
7fcf0b77d000-7fcf0b77e000 r--p 00005000 08:0f 1319397                    /usr/lib/x86_64-linux-gnu/libxcb-sync.so.1.0.0
7fcf0b77e000-7fcf0b77f000 rw-p 00006000 08:0f 1319397                    /usr/lib/x86_64-linux-gnu/libxcb-sync.so.1.0.0
7fcf0b77f000-7fcf0b781000 r-xp 00000000 08:0f 1319385                    /usr/lib/x86_64-linux-gnu/libxcb-present.so.0.0.0
7fcf0b781000-7fcf0b980000 ---p 00002000 08:0f 1319385                    /usr/lib/x86_64-linux-gnu/libxcb-present.so.0.0.0
7fcf0b980000-7fcf0b981000 r--p 00001000 08:0f 1319385                    /usr/lib/x86_64-linux-gnu/libxcb-present.so.0.0.0
7fcf0b981000-7fcf0b982000 rw-p 00002000 08:0f 1319385                    /usr/lib/x86_64-linux-gnu/libxcb-present.so.0.0.0
7fcf0b982000-7fcf0b984000 r-xp 00000000 08:0f 1319375                    /usr/lib/x86_64-linux-gnu/libxcb-dri3.so.0.0.0
7fcf0b984000-7fcf0bb83000 ---p 00002000 08:0f 1319375                    /usr/lib/x86_64-linux-gnu/libxcb-dri3.so.0.0.0
7fcf0bb83000-7fcf0bb84000 r--p 00001000 08:0f 1319375                    /usr/lib/x86_64-linux-gnu/libxcb-dri3.so.0.0.0
7fcf0bb84000-7fcf0bb85000 rw-p 00002000 08:0f 1319375                    /usr/lib/x86_64-linux-gnu/libxcb-dri3.so.0.0.0
7fcf0bb85000-7fcf0bbf7000 r-xp 00000000 08:0f 528176                     /lib/x86_64-linux-gnu/libpcre.so.3.13.3
7fcf0bbf7000-7fcf0bdf6000 ---p 00072000 08:0f 528176                     /lib/x86_64-linux-gnu/libpcre.so.3.13.3
7fcf0bdf6000-7fcf0bdf7000 r--p 00071000 08:0f 528176                     /lib/x86_64-linux-gnu/libpcre.so.3.13.3
7fcf0bdf7000-7fcf0bdf8000 rw-p 00072000 08:0f 528176                     /lib/x86_64-linux-gnu/libpcre.so.3.13.3
7fcf0bdf8000-7fcf0bdff000 r-xp 00000000 08:0f 1318270                    /usr/lib/x86_64-linux-gnu/libffi.so.6.0.4
7fcf0bdff000-7fcf0bffe000 ---p 00007000 08:0f 1318270                    /usr/lib/x86_64-linux-gnu/libffi.so.6.0.4
7fcf0bffe000-7fcf0bfff000 r--p 00006000 08:0f 1318270                    /usr/lib/x86_64-linux-gnu/libffi.so.6.0.4
7fcf0bfff000-7fcf0c000000 rw-p 00007000 08:0f 1318270                    /usr/lib/x86_64-linux-gnu/libffi.so.6.0.4
7fcf0c000000-7fcf0c021000 rw-p 00000000 00:00 0 
7fcf0c021000-7fcf10000000 ---p 00000000 00:00 0 
7fcf10004000-7fcf10005000 rw-s 00000000 00:05 1758174                    /drm mm object (deleted)
7fcf10005000-7fcf10006000 rw-s 00000000 00:05 1758173                    /drm mm object (deleted)
7fcf10006000-7fcf10012000 rw-s 00000000 00:05 1757982                    /drm mm object (deleted)
7fcf10012000-7fcf10025000 r--p 00000000 08:0f 1713188                    /usr/lib/jvm/oracle_jdk8/jre/lib/fonts/LucidaBrightDemiItalic.ttf
7fcf10025000-7fcf10039000 r--p 00000000 08:0f 1713183                    /usr/lib/jvm/oracle_jdk8/jre/lib/fonts/LucidaBrightItalic.ttf
7fcf10039000-7fcf1004c000 r--p 00000000 08:0f 1713191                    /usr/lib/jvm/oracle_jdk8/jre/lib/fonts/LucidaBrightDemiBold.ttf
7fcf1004c000-7fcf10088000 r--p 00000000 08:0f 1713189                    /usr/lib/jvm/oracle_jdk8/jre/lib/fonts/LucidaTypewriterRegular.ttf
7fcf10088000-7fcf1008d000 r--s 00084000 08:0f 1573685                    /usr/lib/jvm/oracle_jdk8/jre/lib/jfr.jar
7fcf1008d000-7fcf10091000 r--s 00097000 08:0f 1587686                    /usr/lib/jvm/oracle_jdk8/jre/lib/jsse.jar
7fcf10091000-7fcf10097000 r--s 002f8000 08:0f 1587656                    /usr/lib/jvm/oracle_jdk8/jre/lib/charsets.jar
7fcf10097000-7fcf100a2000 r--s 00000000 08:0f 134039                     /var/cache/fontconfig/945677eb7aeaf62f1d50efc3fb3ec7d8-le64.cache-6
7fcf100a2000-7fcf100a8000 r--s 00000000 08:0f 134020                     /var/cache/fontconfig/2cd17615ca594fa2959ae173292e504c-le64.cache-6
7fcf100a8000-7fcf100a9000 r--s 00000000 08:0f 134017                     /var/cache/fontconfig/0d8c3b2ac0904cb8a57a757ad11a4a08-le64.cache-6
7fcf100a9000-7fcf100ad000 r--s 00000000 08:0f 132419                     /var/cache/fontconfig/de156ccd2eddbdc19d37a45b8b2aac9c-le64.cache-6
7fcf100ad000-7fcf100c2000 r--s 00000000 08:0f 134013                     /var/cache/fontconfig/04aabc0a78ac019cf9454389977116d2-le64.cache-6
7fcf100c2000-7fcf100c3000 r--s 00000000 08:0f 134019                     /var/cache/fontconfig/1ac9eb803944fde146138c791f5cc56a-le64.cache-6
7fcf100c3000-7fcf100c7000 r--s 00000000 08:0f 134024                     /var/cache/fontconfig/385c0604a188198f04d133e54aba7fe7-le64.cache-6
7fcf100c7000-7fcf100c8000 r--s 00000000 08:0f 134052                     /var/cache/fontconfig/dc05db6664285cc2f12bf69c139ae4c3-le64.cache-6
7fcf100c8000-7fcf100cd000 r--s 00000000 08:0f 134038                     /var/cache/fontconfig/8801497958630a81b71ace7c5f9b32a8-le64.cache-6
7fcf100cd000-7fcf100d1000 r--s 00000000 08:0f 132418                     /var/cache/fontconfig/c57959a16110560c8d0fcea73374aeeb-le64.cache-6
7fcf100d1000-7fcf100e4000 r--s 00000000 08:0f 134049                     /var/cache/fontconfig/d52a8644073d54c13679302ca1180695-le64.cache-6
7fcf100e4000-7fcf1010b000 r-xp 00000000 08:0f 528081                     /lib/x86_64-linux-gnu/libexpat.so.1.6.2
7fcf1010b000-7fcf1030b000 ---p 00027000 08:0f 528081                     /lib/x86_64-linux-gnu/libexpat.so.1.6.2
7fcf1030b000-7fcf1030d000 r--p 00027000 08:0f 528081                     /lib/x86_64-linux-gnu/libexpat.so.1.6.2
7fcf1030d000-7fcf1030e000 rw-p 00029000 08:0f 528081                     /lib/x86_64-linux-gnu/libexpat.so.1.6.2
7fcf1030e000-7fcf10316000 r-xp 00000000 08:0f 1319129                    /usr/lib/x86_64-linux-gnu/libthai.so.0.3.0
7fcf10316000-7fcf10515000 ---p 00008000 08:0f 1319129                    /usr/lib/x86_64-linux-gnu/libthai.so.0.3.0
7fcf10515000-7fcf10516000 r--p 00007000 08:0f 1319129                    /usr/lib/x86_64-linux-gnu/libthai.so.0.3.0
7fcf10516000-7fcf10517000 rw-p 00008000 08:0f 1319129                    /usr/lib/x86_64-linux-gnu/libthai.so.0.3.0
7fcf10517000-7fcf10538000 r-xp 00000000 08:0f 1319407                    /usr/lib/x86_64-linux-gnu/libxcb.so.1.1.0
7fcf10538000-7fcf10737000 ---p 00021000 08:0f 1319407                    /usr/lib/x86_64-linux-gnu/libxcb.so.1.1.0
7fcf10737000-7fcf10738000 r--p 00020000 08:0f 1319407                    /usr/lib/x86_64-linux-gnu/libxcb.so.1.1.0
7fcf10738000-7fcf10739000 rw-p 00021000 08:0f 1319407                    /usr/lib/x86_64-linux-gnu/libxcb.so.1.1.0
7fcf10739000-7fcf10741000 r-xp 00000000 08:0f 1319391                    /usr/lib/x86_64-linux-gnu/libxcb-render.so.0.0.0
7fcf10741000-7fcf10941000 ---p 00008000 08:0f 1319391                    /usr/lib/x86_64-linux-gnu/libxcb-render.so.0.0.0
7fcf10941000-7fcf10942000 r--p 00008000 08:0f 1319391                    /usr/lib/x86_64-linux-gnu/libxcb-render.so.0.0.0
7fcf10942000-7fcf10943000 rw-p 00009000 08:0f 1319391                    /usr/lib/x86_64-linux-gnu/libxcb-render.so.0.0.0
7fcf10943000-7fcf10945000 r-xp 00000000 08:0f 1319395                    /usr/lib/x86_64-linux-gnu/libxcb-shm.so.0.0.0
7fcf10945000-7fcf10b45000 ---p 00002000 08:0f 1319395                    /usr/lib/x86_64-linux-gnu/libxcb-shm.so.0.0.0
7fcf10b45000-7fcf10b46000 r--p 00002000 08:0f 1319395                    /usr/lib/x86_64-linux-gnu/libxcb-shm.so.0.0.0
7fcf10b46000-7fcf10b47000 rw-p 00003000 08:0f 1319395                    /usr/lib/x86_64-linux-gnu/libxcb-shm.so.0.0.0
7fcf10b47000-7fcf10b78000 r-xp 00000000 08:0f 1318920                    /usr/lib/x86_64-linux-gnu/libpng16.so.16.25.0
7fcf10b78000-7fcf10d77000 ---p 00031000 08:0f 1318920                    /usr/lib/x86_64-linux-gnu/libpng16.so.16.25.0
7fcf10d77000-7fcf10d78000 r--p 00030000 08:0f 1318920                    /usr/lib/x86_64-linux-gnu/libpng16.so.16.25.0
7fcf10d78000-7fcf10d79000 rw-p 00031000 08:0f 1318920                    /usr/lib/x86_64-linux-gnu/libpng16.so.16.25.0
7fcf10d79000-7fcf10e18000 r-xp 00000000 08:0f 1318912                    /usr/lib/x86_64-linux-gnu/libpixman-1.so.0.33.6
7fcf10e18000-7fcf11018000 ---p 0009f000 08:0f 1318912                    /usr/lib/x86_64-linux-gnu/libpixman-1.so.0.33.6
7fcf11018000-7fcf11020000 r--p 0009f000 08:0f 1318912                    /usr/lib/x86_64-linux-gnu/libpixman-1.so.0.33.6
7fcf11020000-7fcf11021000 rw-p 000a7000 08:0f 1318912                    /usr/lib/x86_64-linux-gnu/libpixman-1.so.0.33.6
7fcf11021000-7fcf1109f000 r-xp 00000000 08:0f 1318541                    /usr/lib/x86_64-linux-gnu/libharfbuzz.so.0.10200.7
7fcf1109f000-7fcf1129f000 ---p 0007e000 08:0f 1318541                    /usr/lib/x86_64-linux-gnu/libharfbuzz.so.0.10200.7
7fcf1129f000-7fcf112a0000 r--p 0007e000 08:0f 1318541                    /usr/lib/x86_64-linux-gnu/libharfbuzz.so.0.10200.7
7fcf112a0000-7fcf112a1000 rw-p 0007f000 08:0f 1318541                    /usr/lib/x86_64-linux-gnu/libharfbuzz.so.0.10200.7
7fcf112a1000-7fcf112e7000 r-xp 00000000 08:0f 527943                     /lib/x86_64-linux-gnu/libmount.so.1.1.0
7fcf112e7000-7fcf114e6000 ---p 00046000 08:0f 527943                     /lib/x86_64-linux-gnu/libmount.so.1.1.0
7fcf114e6000-7fcf114e7000 r--p 00045000 08:0f 527943                     /lib/x86_64-linux-gnu/libmount.so.1.1.0
7fcf114e7000-7fcf114e8000 rw-p 00046000 08:0f 527943                     /lib/x86_64-linux-gnu/libmount.so.1.1.0
7fcf114e8000-7fcf114e9000 rw-p 00000000 00:00 0 
7fcf114e9000-7fcf11500000 r-xp 00000000 08:0f 528272                     /lib/x86_64-linux-gnu/libresolv-2.24.so
7fcf11500000-7fcf11700000 ---p 00017000 08:0f 528272                     /lib/x86_64-linux-gnu/libresolv-2.24.so
7fcf11700000-7fcf11701000 r--p 00017000 08:0f 528272                     /lib/x86_64-linux-gnu/libresolv-2.24.so
7fcf11701000-7fcf11702000 rw-p 00018000 08:0f 528272                     /lib/x86_64-linux-gnu/libresolv-2.24.so
7fcf11702000-7fcf11704000 rw-p 00000000 00:00 0 
7fcf11704000-7fcf11727000 r-xp 00000000 08:0f 528203                     /lib/x86_64-linux-gnu/libselinux.so.1
7fcf11727000-7fcf11926000 ---p 00023000 08:0f 528203                     /lib/x86_64-linux-gnu/libselinux.so.1
7fcf11926000-7fcf11927000 r--p 00022000 08:0f 528203                     /lib/x86_64-linux-gnu/libselinux.so.1
7fcf11927000-7fcf11928000 rw-p 00023000 08:0f 528203                     /lib/x86_64-linux-gnu/libselinux.so.1
7fcf11928000-7fcf1192a000 rw-p 00000000 00:00 0 
7fcf1192a000-7fcf11943000 r-xp 00000000 08:0f 528232                     /lib/x86_64-linux-gnu/libz.so.1.2.8
7fcf11943000-7fcf11b42000 ---p 00019000 08:0f 528232                     /lib/x86_64-linux-gnu/libz.so.1.2.8
7fcf11b42000-7fcf11b43000 r--p 00018000 08:0f 528232                     /lib/x86_64-linux-gnu/libz.so.1.2.8
7fcf11b43000-7fcf11b44000 rw-p 00019000 08:0f 528232                     /lib/x86_64-linux-gnu/libz.so.1.2.8
7fcf11b44000-7fcf11b55000 r-xp 00000000 08:0f 1317886                    /usr/lib/x86_64-linux-gnu/libXext.so.6.4.0
7fcf11b55000-7fcf11d54000 ---p 00011000 08:0f 1317886                    /usr/lib/x86_64-linux-gnu/libXext.so.6.4.0
7fcf11d54000-7fcf11d55000 r--p 00010000 08:0f 1317886                    /usr/lib/x86_64-linux-gnu/libXext.so.6.4.0
7fcf11d55000-7fcf11d56000 rw-p 00011000 08:0f 1317886                    /usr/lib/x86_64-linux-gnu/libXext.so.6.4.0
7fcf11d56000-7fcf11d58000 r-xp 00000000 08:0f 1317882                    /usr/lib/x86_64-linux-gnu/libXdamage.so.1.1.0
7fcf11d58000-7fcf11f57000 ---p 00002000 08:0f 1317882                    /usr/lib/x86_64-linux-gnu/libXdamage.so.1.1.0
7fcf11f57000-7fcf11f58000 r--p 00001000 08:0f 1317882                    /usr/lib/x86_64-linux-gnu/libXdamage.so.1.1.0
7fcf11f58000-7fcf11f59000 rw-p 00002000 08:0f 1317882                    /usr/lib/x86_64-linux-gnu/libXdamage.so.1.1.0
7fcf11f59000-7fcf11f5b000 r-xp 00000000 08:0f 1317878                    /usr/lib/x86_64-linux-gnu/libXcomposite.so.1.0.0
7fcf11f5b000-7fcf1215a000 ---p 00002000 08:0f 1317878                    /usr/lib/x86_64-linux-gnu/libXcomposite.so.1.0.0
7fcf1215a000-7fcf1215b000 r--p 00001000 08:0f 1317878                    /usr/lib/x86_64-linux-gnu/libXcomposite.so.1.0.0
7fcf1215b000-7fcf1215c000 rw-p 00002000 08:0f 1317878                    /usr/lib/x86_64-linux-gnu/libXcomposite.so.1.0.0
7fcf1215c000-7fcf12165000 r-xp 00000000 08:0f 1317880                    /usr/lib/x86_64-linux-gnu/libXcursor.so.1.0.2
7fcf12165000-7fcf12364000 ---p 00009000 08:0f 1317880                    /usr/lib/x86_64-linux-gnu/libXcursor.so.1.0.2
7fcf12364000-7fcf12365000 r--p 00008000 08:0f 1317880                    /usr/lib/x86_64-linux-gnu/libXcursor.so.1.0.2
7fcf12365000-7fcf12366000 rw-p 00009000 08:0f 1317880                    /usr/lib/x86_64-linux-gnu/libXcursor.so.1.0.2
7fcf12366000-7fcf12370000 r-xp 00000000 08:0f 1317904                    /usr/lib/x86_64-linux-gnu/libXrandr.so.2.2.0
7fcf12370000-7fcf1256f000 ---p 0000a000 08:0f 1317904                    /usr/lib/x86_64-linux-gnu/libXrandr.so.2.2.0
7fcf1256f000-7fcf12570000 r--p 00009000 08:0f 1317904                    /usr/lib/x86_64-linux-gnu/libXrandr.so.2.2.0
7fcf12570000-7fcf12571000 rw-p 0000a000 08:0f 1317904                    /usr/lib/x86_64-linux-gnu/libXrandr.so.2.2.0
7fcf12571000-7fcf12580000 r-xp 00000000 08:0f 1317894                    /usr/lib/x86_64-linux-gnu/libXi.so.6.1.0
7fcf12580000-7fcf1277f000 ---p 0000f000 08:0f 1317894                    /usr/lib/x86_64-linux-gnu/libXi.so.6.1.0
7fcf1277f000-7fcf12780000 r--p 0000e000 08:0f 1317894                    /usr/lib/x86_64-linux-gnu/libXi.so.6.1.0
7fcf12780000-7fcf12781000 rw-p 0000f000 08:0f 1317894                    /usr/lib/x86_64-linux-gnu/libXi.so.6.1.0
7fcf12781000-7fcf12783000 r-xp 00000000 08:0f 1317896                    /usr/lib/x86_64-linux-gnu/libXinerama.so.1.0.0
7fcf12783000-7fcf12982000 ---p 00002000 08:0f 1317896                    /usr/lib/x86_64-linux-gnu/libXinerama.so.1.0.0
7fcf12982000-7fcf12983000 r--p 00001000 08:0f 1317896                    /usr/lib/x86_64-linux-gnu/libXinerama.so.1.0.0
7fcf12983000-7fcf12984000 rw-p 00002000 08:0f 1317896                    /usr/lib/x86_64-linux-gnu/libXinerama.so.1.0.0
7fcf12984000-7fcf1298d000 r-xp 00000000 08:0f 1317906                    /usr/lib/x86_64-linux-gnu/libXrender.so.1.3.0
7fcf1298d000-7fcf12b8c000 ---p 00009000 08:0f 1317906                    /usr/lib/x86_64-linux-gnu/libXrender.so.1.3.0
7fcf12b8c000-7fcf12b8d000 r--p 00008000 08:0f 1317906                    /usr/lib/x86_64-linux-gnu/libXrender.so.1.3.0
7fcf12b8d000-7fcf12b8e000 rw-p 00009000 08:0f 1317906                    /usr/lib/x86_64-linux-gnu/libXrender.so.1.3.0
7fcf12b8e000-7fcf12b93000 r-xp 00000000 08:0f 1317888                    /usr/lib/x86_64-linux-gnu/libXfixes.so.3.1.0
7fcf12b93000-7fcf12d92000 ---p 00005000 08:0f 1317888                    /usr/lib/x86_64-linux-gnu/libXfixes.so.3.1.0
7fcf12d92000-7fcf12d93000 r--p 00004000 08:0f 1317888                    /usr/lib/x86_64-linux-gnu/libXfixes.so.3.1.0
7fcf12d93000-7fcf12d94000 rw-p 00005000 08:0f 1317888                    /usr/lib/x86_64-linux-gnu/libXfixes.so.3.1.0
7fcf12d94000-7fcf12daa000 r-xp 00000000 08:0f 528088                     /lib/x86_64-linux-gnu/libgcc_s.so.1
7fcf12daa000-7fcf12fa9000 ---p 00016000 08:0f 528088                     /lib/x86_64-linux-gnu/libgcc_s.so.1
7fcf12fa9000-7fcf12faa000 r--p 00015000 08:0f 528088                     /lib/x86_64-linux-gnu/libgcc_s.so.1
7fcf12faa000-7fcf12fab000 rw-p 00016000 08:0f 528088                     /lib/x86_64-linux-gnu/libgcc_s.so.1
7fcf12fab000-7fcf13123000 r-xp 00000000 08:0f 1319101                    /usr/lib/x86_64-linux-gnu/libstdc++.so.6.0.22
7fcf13123000-7fcf13323000 ---p 00178000 08:0f 1319101                    /usr/lib/x86_64-linux-gnu/libstdc++.so.6.0.22
7fcf13323000-7fcf1332d000 r--p 00178000 08:0f 1319101                    /usr/lib/x86_64-linux-gnu/libstdc++.so.6.0.22
7fcf1332d000-7fcf1332f000 rw-p 00182000 08:0f 1319101                    /usr/lib/x86_64-linux-gnu/libstdc++.so.6.0.22
7fcf1332f000-7fcf13333000 rw-p 00000000 00:00 0 
7fcf13333000-7fcf133a3000 r-xp 00000000 08:0f 1571965                    /usr/lib/x86_64-linux-gnu/mesa/libGL.so.1.2.0
7fcf133a3000-7fcf135a2000 ---p 00070000 08:0f 1571965                    /usr/lib/x86_64-linux-gnu/mesa/libGL.so.1.2.0
7fcf135a2000-7fcf135a5000 r--p 0006f000 08:0f 1571965                    /usr/lib/x86_64-linux-gnu/mesa/libGL.so.1.2.0
7fcf135a5000-7fcf135a6000 rw-p 00072000 08:0f 1571965                    /usr/lib/x86_64-linux-gnu/mesa/libGL.so.1.2.0
7fcf135a6000-7fcf135a7000 rw-p 00000000 00:00 0 
7fcf135a7000-7fcf135ac000 r-xp 00000000 08:0f 1317922                    /usr/lib/x86_64-linux-gnu/libXxf86vm.so.1.0.0
7fcf135ac000-7fcf137ab000 ---p 00005000 08:0f 1317922                    /usr/lib/x86_64-linux-gnu/libXxf86vm.so.1.0.0
7fcf137ab000-7fcf137ac000 r--p 00004000 08:0f 1317922                    /usr/lib/x86_64-linux-gnu/libXxf86vm.so.1.0.0
7fcf137ac000-7fcf137ad000 rw-p 00005000 08:0f 1317922                    /usr/lib/x86_64-linux-gnu/libXxf86vm.so.1.0.0
7fcf137ad000-7fcf138e2000 r-xp 00000000 08:0f 1317869                    /usr/lib/x86_64-linux-gnu/libX11.so.6.3.0
7fcf138e2000-7fcf13ae1000 ---p 00135000 08:0f 1317869                    /usr/lib/x86_64-linux-gnu/libX11.so.6.3.0
7fcf13ae1000-7fcf13ae2000 r--p 00134000 08:0f 1317869                    /usr/lib/x86_64-linux-gnu/libX11.so.6.3.0
7fcf13ae2000-7fcf13ae6000 rw-p 00135000 08:0f 1317869                    /usr/lib/x86_64-linux-gnu/libX11.so.6.3.0
7fcf13ae6000-7fcf13aeb000 r-xp 00000000 08:0f 1317912                    /usr/lib/x86_64-linux-gnu/libXtst.so.6.1.0
7fcf13aeb000-7fcf13cea000 ---p 00005000 08:0f 1317912                    /usr/lib/x86_64-linux-gnu/libXtst.so.6.1.0
7fcf13cea000-7fcf13ceb000 r--p 00004000 08:0f 1317912                    /usr/lib/x86_64-linux-gnu/libXtst.so.6.1.0
7fcf13ceb000-7fcf13cec000 rw-p 00005000 08:0f 1317912                    /usr/lib/x86_64-linux-gnu/libXtst.so.6.1.0
7fcf13cec000-7fcf13dfe000 r-xp 00000000 08:0f 527958                     /lib/x86_64-linux-gnu/libglib-2.0.so.0.5000.2
7fcf13dfe000-7fcf13ffd000 ---p 00112000 08:0f 527958                     /lib/x86_64-linux-gnu/libglib-2.0.so.0.5000.2
7fcf13ffd000-7fcf13ffe000 r--p 00111000 08:0f 527958                     /lib/x86_64-linux-gnu/libglib-2.0.so.0.5000.2
7fcf13ffe000-7fcf13fff000 rw-p 00112000 08:0f 527958                     /lib/x86_64-linux-gnu/libglib-2.0.so.0.5000.2
7fcf13fff000-7fcf14000000 rw-p 00000000 00:00 0 
7fcf14000000-7fcf14021000 rw-p 00000000 00:00 0 
7fcf14021000-7fcf18000000 ---p 00000000 00:00 0 
7fcf18000000-7fcf18021000 rw-p 00000000 00:00 0 
7fcf18021000-7fcf1c000000 ---p 00000000 00:00 0 
7fcf1c000000-7fcf1c021000 rw-p 00000000 00:00 0 
7fcf1c021000-7fcf20000000 ---p 00000000 00:00 0 
7fcf20000000-7fcf20003000 r--s 00000000 08:0f 134035                     /var/cache/fontconfig/767a8244fc0220cfb567a839d0392e0b-le64.cache-6
7fcf20003000-7fcf20009000 r--s 00000000 08:0f 134021                     /var/cache/fontconfig/3047814df9a2f067bd2d96a2b9c36e5a-le64.cache-6
7fcf20009000-7fcf20015000 r--s 00000000 08:0f 134698                     /var/cache/fontconfig/d589a48862398ed80a3d6066f4f56f4c-le64.cache-6
7fcf20015000-7fcf2005e000 r--p 00000000 08:0f 1703186                    /usr/share/glib-2.0/schemas/gschemas.compiled
7fcf2005e000-7fcf2005f000 r-xp 00000000 08:0f 1308620                    /usr/lib/x86_64-linux-gnu/libgthread-2.0.so.0.5000.2
7fcf2005f000-7fcf2025e000 ---p 00001000 08:0f 1308620                    /usr/lib/x86_64-linux-gnu/libgthread-2.0.so.0.5000.2
7fcf2025e000-7fcf2025f000 r--p 00000000 08:0f 1308620                    /usr/lib/x86_64-linux-gnu/libgthread-2.0.so.0.5000.2
7fcf2025f000-7fcf20260000 rw-p 00001000 08:0f 1308620                    /usr/lib/x86_64-linux-gnu/libgthread-2.0.so.0.5000.2
7fcf20260000-7fcf20263000 r-xp 00000000 08:0f 1308595                    /usr/lib/x86_64-linux-gnu/libgmodule-2.0.so.0.5000.2
7fcf20263000-7fcf20462000 ---p 00003000 08:0f 1308595                    /usr/lib/x86_64-linux-gnu/libgmodule-2.0.so.0.5000.2
7fcf20462000-7fcf20463000 r--p 00002000 08:0f 1308595                    /usr/lib/x86_64-linux-gnu/libgmodule-2.0.so.0.5000.2
7fcf20463000-7fcf20464000 rw-p 00003000 08:0f 1308595                    /usr/lib/x86_64-linux-gnu/libgmodule-2.0.so.0.5000.2
7fcf20464000-7fcf204b6000 r-xp 00000000 08:0f 1308617                    /usr/lib/x86_64-linux-gnu/libgobject-2.0.so.0.5000.2
7fcf204b6000-7fcf206b5000 ---p 00052000 08:0f 1308617                    /usr/lib/x86_64-linux-gnu/libgobject-2.0.so.0.5000.2
7fcf206b5000-7fcf206b6000 r--p 00051000 08:0f 1308617                    /usr/lib/x86_64-linux-gnu/libgobject-2.0.so.0.5000.2
7fcf206b6000-7fcf206b7000 rw-p 00052000 08:0f 1308617                    /usr/lib/x86_64-linux-gnu/libgobject-2.0.so.0.5000.2
7fcf206b7000-7fcf206f4000 r-xp 00000000 08:0f 1318288                    /usr/lib/x86_64-linux-gnu/libfontconfig.so.1.9.0
7fcf206f4000-7fcf208f3000 ---p 0003d000 08:0f 1318288                    /usr/lib/x86_64-linux-gnu/libfontconfig.so.1.9.0
7fcf208f3000-7fcf208f5000 r--p 0003c000 08:0f 1318288                    /usr/lib/x86_64-linux-gnu/libfontconfig.so.1.9.0
7fcf208f5000-7fcf208fa000 rw-p 0003e000 08:0f 1318288                    /usr/lib/x86_64-linux-gnu/libfontconfig.so.1.9.0
7fcf208fa000-7fcf209a1000 r-xp 00000000 08:0f 1309727                    /usr/lib/x86_64-linux-gnu/libfreetype.so.6.12.3
7fcf209a1000-7fcf20ba0000 ---p 000a7000 08:0f 1309727                    /usr/lib/x86_64-linux-gnu/libfreetype.so.6.12.3
7fcf20ba0000-7fcf20ba6000 r--p 000a6000 08:0f 1309727                    /usr/lib/x86_64-linux-gnu/libfreetype.so.6.12.3
7fcf20ba6000-7fcf20ba7000 rw-p 000ac000 08:0f 1309727                    /usr/lib/x86_64-linux-gnu/libfreetype.so.6.12.3
7fcf20ba7000-7fcf20bf0000 r-xp 00000000 08:0f 1318880                    /usr/lib/x86_64-linux-gnu/libpango-1.0.so.0.4000.1
7fcf20bf0000-7fcf20df0000 ---p 00049000 08:0f 1318880                    /usr/lib/x86_64-linux-gnu/libpango-1.0.so.0.4000.1
7fcf20df0000-7fcf20df2000 r--p 00049000 08:0f 1318880                    /usr/lib/x86_64-linux-gnu/libpango-1.0.so.0.4000.1
7fcf20df2000-7fcf20df3000 rw-p 0004b000 08:0f 1318880                    /usr/lib/x86_64-linux-gnu/libpango-1.0.so.0.4000.1
7fcf20df3000-7fcf20f01000 r-xp 00000000 08:0f 1318039                    /usr/lib/x86_64-linux-gnu/libcairo.so.2.11400.6
7fcf20f01000-7fcf21100000 ---p 0010e000 08:0f 1318039                    /usr/lib/x86_64-linux-gnu/libcairo.so.2.11400.6
7fcf21100000-7fcf21103000 r--p 0010d000 08:0f 1318039                    /usr/lib/x86_64-linux-gnu/libcairo.so.2.11400.6
7fcf21103000-7fcf21104000 rw-p 00110000 08:0f 1318039                    /usr/lib/x86_64-linux-gnu/libcairo.so.2.11400.6
7fcf21104000-7fcf21106000 rw-p 00000000 00:00 0 
7fcf21106000-7fcf21112000 r-xp 00000000 08:0f 1318882                    /usr/lib/x86_64-linux-gnu/libpangocairo-1.0.so.0.4000.1
7fcf21112000-7fcf21311000 ---p 0000c000 08:0f 1318882                    /usr/lib/x86_64-linux-gnu/libpangocairo-1.0.so.0.4000.1
7fcf21311000-7fcf21312000 r--p 0000b000 08:0f 1318882                    /usr/lib/x86_64-linux-gnu/libpangocairo-1.0.so.0.4000.1
7fcf21312000-7fcf21313000 rw-p 0000c000 08:0f 1318882                    /usr/lib/x86_64-linux-gnu/libpangocairo-1.0.so.0.4000.1
7fcf21313000-7fcf21334000 r-xp 00000000 08:0f 1318363                    /usr/lib/x86_64-linux-gnu/libgdk_pixbuf-2.0.so.0.3400.0
7fcf21334000-7fcf21533000 ---p 00021000 08:0f 1318363                    /usr/lib/x86_64-linux-gnu/libgdk_pixbuf-2.0.so.0.3400.0
7fcf21533000-7fcf21534000 r--p 00020000 08:0f 1318363                    /usr/lib/x86_64-linux-gnu/libgdk_pixbuf-2.0.so.0.3400.0
7fcf21534000-7fcf21535000 rw-p 00021000 08:0f 1318363                    /usr/lib/x86_64-linux-gnu/libgdk_pixbuf-2.0.so.0.3400.0
7fcf21535000-7fcf21549000 r-xp 00000000 08:0f 1318884                    /usr/lib/x86_64-linux-gnu/libpangoft2-1.0.so.0.4000.1
7fcf21549000-7fcf21749000 ---p 00014000 08:0f 1318884                    /usr/lib/x86_64-linux-gnu/libpangoft2-1.0.so.0.4000.1
7fcf21749000-7fcf2174a000 r--p 00014000 08:0f 1318884                    /usr/lib/x86_64-linux-gnu/libpangoft2-1.0.so.0.4000.1
7fcf2174a000-7fcf2174b000 rw-p 00015000 08:0f 1318884                    /usr/lib/x86_64-linux-gnu/libpangoft2-1.0.so.0.4000.1
7fcf2174b000-7fcf218d8000 r-xp 00000000 08:0f 1308571                    /usr/lib/x86_64-linux-gnu/libgio-2.0.so.0.5000.2
7fcf218d8000-7fcf21ad7000 ---p 0018d000 08:0f 1308571                    /usr/lib/x86_64-linux-gnu/libgio-2.0.so.0.5000.2
7fcf21ad7000-7fcf21adc000 r--p 0018c000 08:0f 1308571                    /usr/lib/x86_64-linux-gnu/libgio-2.0.so.0.5000.2
7fcf21adc000-7fcf21adf000 rw-p 00191000 08:0f 1308571                    /usr/lib/x86_64-linux-gnu/libgio-2.0.so.0.5000.2
7fcf21adf000-7fcf21ae0000 rw-p 00000000 00:00 0 
7fcf21ae0000-7fcf21b02000 r-xp 00000000 08:0f 1317973                    /usr/lib/x86_64-linux-gnu/libatk-1.0.so.0.22009.1
7fcf21b02000-7fcf21d01000 ---p 00022000 08:0f 1317973                    /usr/lib/x86_64-linux-gnu/libatk-1.0.so.0.22009.1
7fcf21d01000-7fcf21d04000 r--p 00021000 08:0f 1317973                    /usr/lib/x86_64-linux-gnu/libatk-1.0.so.0.22009.1
7fcf21d04000-7fcf21d05000 rw-p 00024000 08:0f 1317973                    /usr/lib/x86_64-linux-gnu/libatk-1.0.so.0.22009.1
7fcf21d05000-7fcf21db5000 r-xp 00000000 08:0f 1314085                    /usr/lib/x86_64-linux-gnu/libgdk-x11-2.0.so.0.2400.30
7fcf21db5000-7fcf21fb4000 ---p 000b0000 08:0f 1314085                    /usr/lib/x86_64-linux-gnu/libgdk-x11-2.0.so.0.2400.30
7fcf21fb4000-7fcf21fb8000 r--p 000af000 08:0f 1314085                    /usr/lib/x86_64-linux-gnu/libgdk-x11-2.0.so.0.2400.30
7fcf21fb8000-7fcf21fba000 rw-p 000b3000 08:0f 1314085                    /usr/lib/x86_64-linux-gnu/libgdk-x11-2.0.so.0.2400.30
7fcf21fba000-7fcf223f8000 r-xp 00000000 08:0f 1314087                    /usr/lib/x86_64-linux-gnu/libgtk-x11-2.0.so.0.2400.30
7fcf223f8000-7fcf225f8000 ---p 0043e000 08:0f 1314087                    /usr/lib/x86_64-linux-gnu/libgtk-x11-2.0.so.0.2400.30
7fcf225f8000-7fcf225ff000 r--p 0043e000 08:0f 1314087                    /usr/lib/x86_64-linux-gnu/libgtk-x11-2.0.so.0.2400.30
7fcf225ff000-7fcf22603000 rw-p 00445000 08:0f 1314087                    /usr/lib/x86_64-linux-gnu/libgtk-x11-2.0.so.0.2400.30
7fcf22603000-7fcf22606000 rw-p 00000000 00:00 0 
7fcf22606000-7fcf22612000 r-xp 00000000 08:0f 1587742                    /usr/lib/jvm/oracle_jdk8/jre/lib/amd64/libprism_es2.so
7fcf22612000-7fcf22811000 ---p 0000c000 08:0f 1587742                    /usr/lib/jvm/oracle_jdk8/jre/lib/amd64/libprism_es2.so
7fcf22811000-7fcf22812000 rw-p 0000b000 08:0f 1587742                    /usr/lib/jvm/oracle_jdk8/jre/lib/amd64/libprism_es2.so
7fcf22812000-7fcf22815000 ---p 00000000 00:00 0 
7fcf22815000-7fcf22913000 rw-p 00000000 00:00 0 
7fcf22913000-7fcf22914000 ---p 00000000 00:00 0 
7fcf22914000-7fcf22a14000 rw-p 00000000 00:00 0 
7fcf22a14000-7fcf22a17000 ---p 00000000 00:00 0 
7fcf22a17000-7fcf22b15000 rw-p 00000000 00:00 0 
7fcf22b15000-7fcf22b18000 ---p 00000000 00:00 0 
7fcf22b18000-7fcf22c16000 rw-p 00000000 00:00 0 
7fcf22c16000-7fcf22c19000 ---p 00000000 00:00 0 
7fcf22c19000-7fcf22d17000 rw-p 00000000 00:00 0 
7fcf22d17000-7fcf22d1a000 ---p 00000000 00:00 0 
7fcf22d1a000-7fcf22e18000 rw-p 00000000 00:00 0 
7fcf22e18000-7fcf22e1b000 ---p 00000000 00:00 0 
7fcf22e1b000-7fcf22f19000 rw-p 00000000 00:00 0 
7fcf22f19000-7fcf22f1c000 ---p 00000000 00:00 0 
7fcf22f1c000-7fcf2301a000 rw-p 00000000 00:00 0 
7fcf2301a000-7fcf232f3000 r--p 00000000 08:0f 1317515                    /usr/lib/locale/locale-archive
7fcf232f3000-7fcf232f6000 ---p 00000000 00:00 0 
7fcf232f6000-7fcf233f4000 rw-p 00000000 00:00 0 
7fcf233f4000-7fcf233f7000 ---p 00000000 00:00 0 
7fcf233f7000-7fcf234f5000 rw-p 00000000 00:00 0 
7fcf234f5000-7fcf234f6000 ---p 00000000 00:00 0 
7fcf234f6000-7fcf24000000 rw-p 00000000 00:00 0 
7fcf24000000-7fcf24021000 rw-p 00000000 00:00 0 
7fcf24021000-7fcf28000000 ---p 00000000 00:00 0 
7fcf28000000-7fcf28001000 r--s 00000000 08:0f 132299                     /var/cache/fontconfig/4794a0821666d79190d59a36cb4f44b5-le64.cache-6
7fcf28001000-7fcf28002000 r--s 00000000 08:0f 134015                     /var/cache/fontconfig/0bd3dc0958fa2205aaaa8ebb13e2872b-le64.cache-6
7fcf28002000-7fcf28003000 r--s 00000000 08:0f 134045                     /var/cache/fontconfig/bab58bb527bb656aaa9f116d68a48d89-le64.cache-6
7fcf28003000-7fcf28004000 r--s 00000000 08:0f 134029                     /var/cache/fontconfig/56cf4f4769d0f4abc89a4895d7bd3ae1-le64.cache-6
7fcf28004000-7fcf28005000 r--s 00000000 08:0f 134044                     /var/cache/fontconfig/b9d506c9ac06c20b433354fa67a72993-le64.cache-6
7fcf28005000-7fcf2800b000 r--s 00000000 08:0f 134043                     /var/cache/fontconfig/b47c4e1ecd0709278f4910c18777a504-le64.cache-6
7fcf2800b000-7fcf2801d000 r--s 00000000 08:0f 134041                     /var/cache/fontconfig/9b89f8e3dae116d678bbf48e5f21f69b-le64.cache-6
7fcf2801d000-7fcf2803b000 r-xp 00000000 08:0f 523353                     /lib/x86_64-linux-gnu/libudev.so.1.6.5
7fcf2803b000-7fcf2803c000 ---p 0001e000 08:0f 523353                     /lib/x86_64-linux-gnu/libudev.so.1.6.5
7fcf2803c000-7fcf2803d000 r--p 0001e000 08:0f 523353                     /lib/x86_64-linux-gnu/libudev.so.1.6.5
7fcf2803d000-7fcf2803e000 rw-p 0001f000 08:0f 523353                     /lib/x86_64-linux-gnu/libudev.so.1.6.5
7fcf2803e000-7fcf2c000000 rw-p 00000000 00:00 0 
7fcf2c000000-7fcf2c021000 rw-p 00000000 00:00 0 
7fcf2c021000-7fcf30000000 ---p 00000000 00:00 0 
7fcf30000000-7fcf30001000 r--s 00000000 08:0f 134028                     /var/cache/fontconfig/551ecf3b0e8b0bca0f25c0944f561853-le64.cache-6
7fcf30001000-7fcf30004000 r--s 00000000 08:0f 134034                     /var/cache/fontconfig/75114ca45c98e8a441da0ff356701271-le64.cache-6
7fcf30004000-7fcf3000f000 r--s 00000000 08:0f 134037                     /var/cache/fontconfig/83bf95040141907cd45bb53cf7c1c148-le64.cache-6
7fcf3000f000-7fcf30019000 r--s 000e7000 08:0f 2241196                    /home/shahsparx/NetBeansProjects/UCET_ACCOUNTS/dist/run854594353/lib/mysql-connector-java-5.1.38-bin.jar
7fcf30019000-7fcf30e27000 rw-p 00000000 00:00 0 
7fcf30e27000-7fcf31000000 r--s 03d1f000 08:0f 1587658                    /usr/lib/jvm/oracle_jdk8/jre/lib/rt.jar
7fcf31000000-7fcf31880000 rwxp 00000000 00:00 0 
7fcf31880000-7fcf40000000 ---p 00000000 00:00 0 
7fcf40000000-7fcf4056f000 rw-p 00000000 00:00 0 
7fcf4056f000-7fcf44000000 ---p 00000000 00:00 0 
7fcf44000000-7fcf44001000 r--s 00000000 08:0f 134025                     /var/cache/fontconfig/3f7329c5293ffd510edef78f73874cfd-le64.cache-6
7fcf44001000-7fcf44002000 r--s 00000000 08:0f 134022                     /var/cache/fontconfig/30829fa25452a46451e813d634d7f916-le64.cache-6
7fcf44002000-7fcf44005000 r--s 00000000 08:0f 134053                     /var/cache/fontconfig/e13b20fdb08344e0e664864cc2ede53d-le64.cache-6
7fcf44005000-7fcf44009000 r--s 00000000 08:0f 132314                     /var/cache/fontconfig/7ef2298fde41cc6eeb7af42e48b7d293-le64.cache-6
7fcf44009000-7fcf4401e000 r--s 0022c000 08:0f 2241195                    /home/shahsparx/NetBeansProjects/UCET_ACCOUNTS/dist/run854594353/lib/jfoenix.jar
7fcf4401e000-7fcf44027000 r--s 0008c000 08:0f 2241190                    /home/shahsparx/NetBeansProjects/UCET_ACCOUNTS/dist/run854594353/lib/javax.mail.jar
7fcf44027000-7fcf44029000 r--s 0008a000 08:0f 2241189                    /home/shahsparx/NetBeansProjects/UCET_ACCOUNTS/dist/run854594353/lib/fontawesomefx-8.9.jar
7fcf44029000-7fcf44031000 rw-s 00000000 00:05 1757981                    /drm mm object (deleted)
7fcf44031000-7fcf44039000 rw-s 00000000 00:05 1757970                    /drm mm object (deleted)
7fcf44039000-7fcf44040000 r--p 00000000 08:0f 1980453                    /home/shahsparx/.config/dconf/user
7fcf44040000-7fcf440d5000 r--s 01103000 08:0f 2243419                    /usr/lib/jvm/oracle_jdk8/jre/lib/ext/jfxrt.jar
7fcf440d5000-7fcf44e28000 rw-p 00000000 00:00 0 
7fcf44e28000-7fcf44e29000 ---p 00000000 00:00 0 
7fcf44e29000-7fcf44f29000 rw-p 00000000 00:00 0 
7fcf44f29000-7fcf44f2a000 ---p 00000000 00:00 0 
7fcf44f2a000-7fcf4502a000 rw-p 00000000 00:00 0 
7fcf4502a000-7fcf4502b000 ---p 00000000 00:00 0 
7fcf4502b000-7fcf4512b000 rw-p 00000000 00:00 0 
7fcf4512b000-7fcf4512c000 ---p 00000000 00:00 0 
7fcf4512c000-7fcf4522c000 rw-p 00000000 00:00 0 
7fcf4522c000-7fcf4522d000 ---p 00000000 00:00 0 
7fcf4522d000-7fcf4532d000 rw-p 00000000 00:00 0 
7fcf4532d000-7fcf4532e000 ---p 00000000 00:00 0 
7fcf4532e000-7fcf4542e000 rw-p 00000000 00:00 0 
7fcf4542e000-7fcf4542f000 ---p 00000000 00:00 0 
7fcf4542f000-7fcf4552f000 rw-p 00000000 00:00 0 
7fcf4552f000-7fcf45530000 ---p 00000000 00:00 0 
7fcf45530000-7fcf45649000 rw-p 00000000 00:00 0 
7fcf45649000-7fcf458c3000 ---p 00000000 00:00 0 
7fcf458c3000-7fcf458dc000 rw-p 00000000 00:00 0 
7fcf458dc000-7fcf45b55000 ---p 00000000 00:00 0 
7fcf45b55000-7fcf45b6b000 rw-p 00000000 00:00 0 
7fcf45b6b000-7fcf45c9f000 ---p 00000000 00:00 0 
7fcf45c9f000-7fcf45cc2000 rw-p 00000000 00:00 0 
7fcf45cc2000-7fcf46060000 ---p 00000000 00:00 0 
7fcf46060000-7fcf4607a000 r-xp 00000000 08:0f 1587734                    /usr/lib/jvm/oracle_jdk8/jre/lib/amd64/libzip.so
7fcf4607a000-7fcf4627a000 ---p 0001a000 08:0f 1587734                    /usr/lib/jvm/oracle_jdk8/jre/lib/amd64/libzip.so
7fcf4627a000-7fcf4627b000 rw-p 0001a000 08:0f 1587734                    /usr/lib/jvm/oracle_jdk8/jre/lib/amd64/libzip.so
7fcf4627b000-7fcf46286000 r-xp 00000000 08:0f 528266                     /lib/x86_64-linux-gnu/libnss_files-2.24.so
7fcf46286000-7fcf46485000 ---p 0000b000 08:0f 528266                     /lib/x86_64-linux-gnu/libnss_files-2.24.so
7fcf46485000-7fcf46486000 r--p 0000a000 08:0f 528266                     /lib/x86_64-linux-gnu/libnss_files-2.24.so
7fcf46486000-7fcf46487000 rw-p 0000b000 08:0f 528266                     /lib/x86_64-linux-gnu/libnss_files-2.24.so
7fcf46487000-7fcf4648d000 rw-p 00000000 00:00 0 
7fcf4648d000-7fcf46498000 r-xp 00000000 08:0f 528268                     /lib/x86_64-linux-gnu/libnss_nis-2.24.so
7fcf46498000-7fcf46697000 ---p 0000b000 08:0f 528268                     /lib/x86_64-linux-gnu/libnss_nis-2.24.so
7fcf46697000-7fcf46698000 r--p 0000a000 08:0f 528268                     /lib/x86_64-linux-gnu/libnss_nis-2.24.so
7fcf46698000-7fcf46699000 rw-p 0000b000 08:0f 528268                     /lib/x86_64-linux-gnu/libnss_nis-2.24.so
7fcf46699000-7fcf466af000 r-xp 00000000 08:0f 528263                     /lib/x86_64-linux-gnu/libnsl-2.24.so
7fcf466af000-7fcf468ae000 ---p 00016000 08:0f 528263                     /lib/x86_64-linux-gnu/libnsl-2.24.so
7fcf468ae000-7fcf468af000 r--p 00015000 08:0f 528263                     /lib/x86_64-linux-gnu/libnsl-2.24.so
7fcf468af000-7fcf468b0000 rw-p 00016000 08:0f 528263                     /lib/x86_64-linux-gnu/libnsl-2.24.so
7fcf468b0000-7fcf468b2000 rw-p 00000000 00:00 0 
7fcf468b2000-7fcf468ba000 r-xp 00000000 08:0f 528264                     /lib/x86_64-linux-gnu/libnss_compat-2.24.so
7fcf468ba000-7fcf46ab9000 ---p 00008000 08:0f 528264                     /lib/x86_64-linux-gnu/libnss_compat-2.24.so
7fcf46ab9000-7fcf46aba000 r--p 00007000 08:0f 528264                     /lib/x86_64-linux-gnu/libnss_compat-2.24.so
7fcf46aba000-7fcf46abb000 rw-p 00008000 08:0f 528264                     /lib/x86_64-linux-gnu/libnss_compat-2.24.so
7fcf46abb000-7fcf46ae5000 r-xp 00000000 08:0f 1587729                    /usr/lib/jvm/oracle_jdk8/jre/lib/amd64/libjava.so
7fcf46ae5000-7fcf46ce5000 ---p 0002a000 08:0f 1587729                    /usr/lib/jvm/oracle_jdk8/jre/lib/amd64/libjava.so
7fcf46ce5000-7fcf46ce7000 rw-p 0002a000 08:0f 1587729                    /usr/lib/jvm/oracle_jdk8/jre/lib/amd64/libjava.so
7fcf46ce7000-7fcf46cf4000 r-xp 00000000 08:0f 1587733                    /usr/lib/jvm/oracle_jdk8/jre/lib/amd64/libverify.so
7fcf46cf4000-7fcf46ef4000 ---p 0000d000 08:0f 1587733                    /usr/lib/jvm/oracle_jdk8/jre/lib/amd64/libverify.so
7fcf46ef4000-7fcf46ef6000 rw-p 0000d000 08:0f 1587733                    /usr/lib/jvm/oracle_jdk8/jre/lib/amd64/libverify.so
7fcf46ef6000-7fcf46efd000 r-xp 00000000 08:0f 528273                     /lib/x86_64-linux-gnu/librt-2.24.so
7fcf46efd000-7fcf470fc000 ---p 00007000 08:0f 528273                     /lib/x86_64-linux-gnu/librt-2.24.so
7fcf470fc000-7fcf470fd000 r--p 00006000 08:0f 528273                     /lib/x86_64-linux-gnu/librt-2.24.so
7fcf470fd000-7fcf470fe000 rw-p 00007000 08:0f 528273                     /lib/x86_64-linux-gnu/librt-2.24.so
7fcf470fe000-7fcf47206000 r-xp 00000000 08:0f 528260                     /lib/x86_64-linux-gnu/libm-2.24.so
7fcf47206000-7fcf47405000 ---p 00108000 08:0f 528260                     /lib/x86_64-linux-gnu/libm-2.24.so
7fcf47405000-7fcf47406000 r--p 00107000 08:0f 528260                     /lib/x86_64-linux-gnu/libm-2.24.so
7fcf47406000-7fcf47407000 rw-p 00108000 08:0f 528260                     /lib/x86_64-linux-gnu/libm-2.24.so
7fcf47407000-7fcf480c7000 r-xp 00000000 08:0f 1713201                    /usr/lib/jvm/oracle_jdk8/jre/lib/amd64/server/libjvm.so
7fcf480c7000-7fcf482c7000 ---p 00cc0000 08:0f 1713201                    /usr/lib/jvm/oracle_jdk8/jre/lib/amd64/server/libjvm.so
7fcf482c7000-7fcf4839f000 rw-p 00cc0000 08:0f 1713201                    /usr/lib/jvm/oracle_jdk8/jre/lib/amd64/server/libjvm.so
7fcf4839f000-7fcf483ea000 rw-p 00000000 00:00 0 
7fcf483ea000-7fcf485a7000 r-xp 00000000 08:0f 528256                     /lib/x86_64-linux-gnu/libc-2.24.so
7fcf485a7000-7fcf487a7000 ---p 001bd000 08:0f 528256                     /lib/x86_64-linux-gnu/libc-2.24.so
7fcf487a7000-7fcf487ab000 r--p 001bd000 08:0f 528256                     /lib/x86_64-linux-gnu/libc-2.24.so
7fcf487ab000-7fcf487ad000 rw-p 001c1000 08:0f 528256                     /lib/x86_64-linux-gnu/libc-2.24.so
7fcf487ad000-7fcf487b1000 rw-p 00000000 00:00 0 
7fcf487b1000-7fcf487b4000 r-xp 00000000 08:0f 528259                     /lib/x86_64-linux-gnu/libdl-2.24.so
7fcf487b4000-7fcf489b3000 ---p 00003000 08:0f 528259                     /lib/x86_64-linux-gnu/libdl-2.24.so
7fcf489b3000-7fcf489b4000 r--p 00002000 08:0f 528259                     /lib/x86_64-linux-gnu/libdl-2.24.so
7fcf489b4000-7fcf489b5000 rw-p 00003000 08:0f 528259                     /lib/x86_64-linux-gnu/libdl-2.24.so
7fcf489b5000-7fcf489ca000 r-xp 00000000 08:0f 1587711                    /usr/lib/jvm/oracle_jdk8/jre/lib/amd64/jli/libjli.so
7fcf489ca000-7fcf48bca000 ---p 00015000 08:0f 1587711                    /usr/lib/jvm/oracle_jdk8/jre/lib/amd64/jli/libjli.so
7fcf48bca000-7fcf48bcb000 rw-p 00015000 08:0f 1587711                    /usr/lib/jvm/oracle_jdk8/jre/lib/amd64/jli/libjli.so
7fcf48bcb000-7fcf48be3000 r-xp 00000000 08:0f 528271                     /lib/x86_64-linux-gnu/libpthread-2.24.so
7fcf48be3000-7fcf48de3000 ---p 00018000 08:0f 528271                     /lib/x86_64-linux-gnu/libpthread-2.24.so
7fcf48de3000-7fcf48de4000 r--p 00018000 08:0f 528271                     /lib/x86_64-linux-gnu/libpthread-2.24.so
7fcf48de4000-7fcf48de5000 rw-p 00019000 08:0f 528271                     /lib/x86_64-linux-gnu/libpthread-2.24.so
7fcf48de5000-7fcf48de9000 rw-p 00000000 00:00 0 
7fcf48de9000-7fcf48e0e000 r-xp 00000000 08:0f 528252                     /lib/x86_64-linux-gnu/ld-2.24.so
7fcf48e0e000-7fcf48e0f000 r--s 00000000 08:0f 134016                     /var/cache/fontconfig/0c9eb80ebd1c36541ebe2852d3bb0c49-le64.cache-6
7fcf48e0f000-7fcf48ee0000 rw-p 00000000 00:00 0 
7fcf48ee0000-7fcf48ee3000 ---p 00000000 00:00 0 
7fcf48ee3000-7fcf48fe3000 rw-p 00000000 00:00 0 
7fcf48fe4000-7fcf48fe5000 rw-s 10c1aa000 00:06 349                       /dev/dri/card0
7fcf48fe5000-7fcf48fed000 rw-s 00000000 00:05 1764714                    /drm mm object (deleted)
7fcf48fed000-7fcf48fee000 rw-s 00000000 00:05 1764711                    /drm mm object (deleted)
7fcf48fee000-7fcf48fef000 r--s 00000000 00:2b 69                         /run/user/1000/dconf/user
7fcf48fef000-7fcf48ff7000 rw-s 00000000 00:05 1764709                    /drm mm object (deleted)
7fcf48ff7000-7fcf48ffe000 r--s 00000000 08:0f 1583579                    /usr/lib/x86_64-linux-gnu/gconv/gconv-modules.cache
7fcf48ffe000-7fcf49000000 r--s 00016000 08:0f 2240587                    /home/shahsparx/NetBeansProjects/UCET_ACCOUNTS/dist/run854594353/UCET_ACCOUNTS.jar
7fcf49000000-7fcf49008000 rw-s 00000000 08:0f 2886645                    /tmp/hsperfdata_shahsparx/25769
7fcf49008000-7fcf49009000 rw-p 00000000 00:00 0 
7fcf49009000-7fcf4900a000 r--p 00000000 00:00 0 
7fcf4900a000-7fcf4900d000 rw-p 00000000 00:00 0 
7fcf4900d000-7fcf4900e000 r--p 00024000 08:0f 528252                     /lib/x86_64-linux-gnu/ld-2.24.so
7fcf4900e000-7fcf4900f000 rw-p 00025000 08:0f 528252                     /lib/x86_64-linux-gnu/ld-2.24.so
7fcf4900f000-7fcf49010000 rw-p 00000000 00:00 0 
7ffd8f31a000-7ffd8f33b000 rw-p 00000000 00:00 0                          [stack]
7ffd8f38f000-7ffd8f391000 r--p 00000000 00:00 0                          [vvar]
7ffd8f391000-7ffd8f393000 r-xp 00000000 00:00 0                          [vdso]
ffffffffff600000-ffffffffff601000 r-xp 00000000 00:00 0                  [vsyscall]

VM Arguments:
jvm_args: -Dfile.encoding=UTF-8 
java_command: /home/shahsparx/NetBeansProjects/UCET_ACCOUNTS/dist/run854594353/UCET_ACCOUNTS.jar
java_class_path (initial): /home/shahsparx/NetBeansProjects/UCET_ACCOUNTS/dist/run854594353/UCET_ACCOUNTS.jar
Launcher Type: SUN_STANDARD

Environment Variables:
PATH=/home/shahsparx/bin:/home/shahsparx/.local/bin:/usr/local/sbin:/usr/local/bin:/usr/sbin:/usr/bin:/sbin:/bin:/usr/games:/usr/local/games:/snap/bin
LD_LIBRARY_PATH=/usr/lib/jvm/oracle_jdk8//jre/lib/amd64:/usr/lib/jvm/oracle_jdk8//jre/lib/i386:
SHELL=/bin/bash
DISPLAY=:0

Signal Handlers:
SIGSEGV: [libjvm.so+0xabca10], sa_mask[0]=11111111011111111101111111111110, sa_flags=SA_RESTART|SA_SIGINFO
SIGBUS: [libjvm.so+0xabca10], sa_mask[0]=11111111011111111101111111111110, sa_flags=SA_RESTART|SA_SIGINFO
SIGFPE: [libjvm.so+0x919a20], sa_mask[0]=11111111011111111101111111111110, sa_flags=SA_RESTART|SA_SIGINFO
SIGPIPE: SIG_IGN, sa_mask[0]=00000000000010000000000000000000, sa_flags=SA_RESTART
SIGXFSZ: [libjvm.so+0x919a20], sa_mask[0]=11111111011111111101111111111110, sa_flags=SA_RESTART|SA_SIGINFO
SIGILL: [libjvm.so+0x919a20], sa_mask[0]=11111111011111111101111111111110, sa_flags=SA_RESTART|SA_SIGINFO
SIGUSR1: SIG_DFL, sa_mask[0]=00000000000000000000000000000000, sa_flags=none
SIGUSR2: [libjvm.so+0x91b050], sa_mask[0]=00100000000000000000000000000000, sa_flags=SA_RESTART|SA_SIGINFO
SIGHUP: [libjvm.so+0x91c450], sa_mask[0]=11111111011111111101111111111110, sa_flags=SA_RESTART|SA_SIGINFO
SIGINT: SIG_IGN, sa_mask[0]=00000000000000000000000000000000, sa_flags=none
SIGTERM: [libjvm.so+0x91c450], sa_mask[0]=11111111011111111101111111111110, sa_flags=SA_RESTART|SA_SIGINFO
SIGQUIT: [libjvm.so+0x91c450], sa_mask[0]=11111111011111111101111111111110, sa_flags=SA_RESTART|SA_SIGINFO


---------------  S Y S T E M  ---------------

OS:DISTRIB_ID=Ubuntu
DISTRIB_RELEASE=16.10
DISTRIB_CODENAME=yakkety
DISTRIB_DESCRIPTION="Ubuntu 16.10"

uname:Linux 4.8.0-51-generic #54-Ubuntu SMP Tue Apr 25 16:32:21 UTC 2017 x86_64
libc:glibc 2.24 NPTL 2.24 
rlimit: STACK 8192k, CORE 0k, NPROC 31427, NOFILE 4096, AS infinity
load average:0.32 0.30 0.37

/proc/meminfo:
MemTotal:        8088836 kB
MemFree:         3573544 kB
MemAvailable:    3901136 kB
Buffers:           51340 kB
Cached:           767700 kB
SwapCached:       180932 kB
Active:          2923568 kB
Inactive:        1280124 kB
Active(anon):    2707776 kB
Inactive(anon):   976096 kB
Active(file):     215792 kB
Inactive(file):   304028 kB
Unevictable:         148 kB
Mlocked:             148 kB
SwapTotal:       4258808 kB
SwapFree:        2227456 kB
Dirty:              9972 kB
Writeback:             0 kB
AnonPages:       3226296 kB
Mapped:           412556 kB
Shmem:            299220 kB
Slab:             142768 kB
SReclaimable:      62380 kB
SUnreclaim:        80388 kB
KernelStack:       16576 kB
PageTables:        73612 kB
NFS_Unstable:          0 kB
Bounce:                0 kB
WritebackTmp:          0 kB
CommitLimit:     8303224 kB
Committed_AS:   11645860 kB
VmallocTotal:   34359738367 kB
VmallocUsed:           0 kB
VmallocChunk:          0 kB
HardwareCorrupted:     0 kB
AnonHugePages:   1814528 kB
ShmemHugePages:        0 kB
ShmemPmdMapped:        0 kB
CmaTotal:              0 kB
CmaFree:               0 kB
HugePages_Total:       0
HugePages_Free:        0
HugePages_Rsvd:        0
HugePages_Surp:        0
Hugepagesize:       2048 kB
DirectMap4k:      262912 kB
DirectMap2M:     8040448 kB
DirectMap1G:     1048576 kB


CPU:total 8 (4 cores per cpu, 2 threads per core) family 6 model 60 stepping 3, cmov, cx8, fxsr, mmx, sse, sse2, sse3, ssse3, sse4.1, sse4.2, popcnt, avx, avx2, aes, clmul, erms, lzcnt, ht, tsc, tscinvbit, bmi1, bmi2

/proc/cpuinfo:
processor	: 0
vendor_id	: GenuineIntel
cpu family	: 6
model		: 60
model name	: Intel(R) Core(TM) i7-4702MQ CPU @ 2.20GHz
stepping	: 3
microcode	: 0x20
cpu MHz		: 2899.987
cache size	: 6144 KB
physical id	: 0
siblings	: 8
core id		: 0
cpu cores	: 4
apicid		: 0
initial apicid	: 0
fpu		: yes
fpu_exception	: yes
cpuid level	: 13
wp		: yes
flags		: fpu vme de pse tsc msr pae mce cx8 apic sep mtrr pge mca cmov pat pse36 clflush dts acpi mmx fxsr sse sse2 ss ht tm pbe syscall nx pdpe1gb rdtscp lm constant_tsc arch_perfmon pebs bts rep_good nopl xtopology nonstop_tsc aperfmperf eagerfpu pni pclmulqdq dtes64 monitor ds_cpl vmx est tm2 ssse3 sdbg fma cx16 xtpr pdcm pcid sse4_1 sse4_2 movbe popcnt tsc_deadline_timer aes xsave avx f16c rdrand lahf_lm abm epb tpr_shadow vnmi flexpriority ept vpid fsgsbase tsc_adjust bmi1 avx2 smep bmi2 erms invpcid xsaveopt dtherm ida arat pln pts
bugs		:
bogomips	: 4389.94
clflush size	: 64
cache_alignment	: 64
address sizes	: 39 bits physical, 48 bits virtual
power management:

processor	: 1
vendor_id	: GenuineIntel
cpu family	: 6
model		: 60
model name	: Intel(R) Core(TM) i7-4702MQ CPU @ 2.20GHz
stepping	: 3
microcode	: 0x20
cpu MHz		: 2899.987
cache size	: 6144 KB
physical id	: 0
siblings	: 8
core id		: 0
cpu cores	: 4
apicid		: 1
initial apicid	: 1
fpu		: yes
fpu_exception	: yes
cpuid level	: 13
wp		: yes
flags		: fpu vme de pse tsc msr pae mce cx8 apic sep mtrr pge mca cmov pat pse36 clflush dts acpi mmx fxsr sse sse2 ss ht tm pbe syscall nx pdpe1gb rdtscp lm constant_tsc arch_perfmon pebs bts rep_good nopl xtopology nonstop_tsc aperfmperf eagerfpu pni pclmulqdq dtes64 monitor ds_cpl vmx est tm2 ssse3 sdbg fma cx16 xtpr pdcm pcid sse4_1 sse4_2 movbe popcnt tsc_deadline_timer aes xsave avx f16c rdrand lahf_lm abm epb tpr_shadow vnmi flexpriority ept vpid fsgsbase tsc_adjust bmi1 avx2 smep bmi2 erms invpcid xsaveopt dtherm ida arat pln pts
bugs		:
bogomips	: 4389.94
clflush size	: 64
cache_alignment	: 64
address sizes	: 39 bits physical, 48 bits virtual
power management:

processor	: 2
vendor_id	: GenuineIntel
cpu family	: 6
model		: 60
model name	: Intel(R) Core(TM) i7-4702MQ CPU @ 2.20GHz
stepping	: 3
microcode	: 0x20
cpu MHz		: 2899.987
cache size	: 6144 KB
physical id	: 0
siblings	: 8
core id		: 1
cpu cores	: 4
apicid		: 2
initial apicid	: 2
fpu		: yes
fpu_exception	: yes
cpuid level	: 13
wp		: yes
flags		: fpu vme de pse tsc msr pae mce cx8 apic sep mtrr pge mca cmov pat pse36 clflush dts acpi mmx fxsr sse sse2 ss ht tm pbe syscall nx pdpe1gb rdtscp lm constant_tsc arch_perfmon pebs bts rep_good nopl xtopology nonstop_tsc aperfmperf eagerfpu pni pclmulqdq dtes64 monitor ds_cpl vmx est tm2 ssse3 sdbg fma cx16 xtpr pdcm pcid sse4_1 sse4_2 movbe popcnt tsc_deadline_timer aes xsave avx f16c rdrand lahf_lm abm epb tpr_shadow vnmi flexpriority ept vpid fsgsbase tsc_adjust bmi1 avx2 smep bmi2 erms invpcid xsaveopt dtherm ida arat pln pts
bugs		:
bogomips	: 4389.94
clflush size	: 64
cache_alignment	: 64
address sizes	: 39 bits physical, 48 bits virtual
power management:

processor	: 3
vendor_id	: GenuineIntel
cpu family	: 6
model		: 60
model name	: Intel(R) Core(TM) i7-4702MQ CPU @ 2.20GHz
stepping	: 3
microcode	: 0x20
cpu MHz		: 2899.987
cache size	: 6144 KB
physical id	: 0
siblings	: 8
core id		: 1
cpu cores	: 4
apicid		: 3
initial apicid	: 3
fpu		: yes
fpu_exception	: yes
cpuid level	: 13
wp		: yes
flags		: fpu vme de pse tsc msr pae mce cx8 apic sep mtrr pge mca cmov pat pse36 clflush dts acpi mmx fxsr sse sse2 ss ht tm pbe syscall nx pdpe1gb rdtscp lm constant_tsc arch_perfmon pebs bts rep_good nopl xtopology nonstop_tsc aperfmperf eagerfpu pni pclmulqdq dtes64 monitor ds_cpl vmx est tm2 ssse3 sdbg fma cx16 xtpr pdcm pcid sse4_1 sse4_2 movbe popcnt tsc_deadline_timer aes xsave avx f16c rdrand lahf_lm abm epb tpr_shadow vnmi flexpriority ept vpid fsgsbase tsc_adjust bmi1 avx2 smep bmi2 erms invpcid xsaveopt dtherm ida arat pln pts
bugs		:
bogomips	: 4389.94
clflush size	: 64
cache_alignment	: 64
address sizes	: 39 bits physical, 48 bits virtual
power management:

processor	: 4
vendor_id	: GenuineIntel
cpu family	: 6
model		: 60
model name	: Intel(R) Core(TM) i7-4702MQ CPU @ 2.20GHz
stepping	: 3
microcode	: 0x20
cpu MHz		: 2899.987
cache size	: 6144 KB
physical id	: 0
siblings	: 8
core id		: 2
cpu cores	: 4
apicid		: 4
initial apicid	: 4
fpu		: yes
fpu_exception	: yes
cpuid level	: 13
wp		: yes
flags		: fpu vme de pse tsc msr pae mce cx8 apic sep mtrr pge mca cmov pat pse36 clflush dts acpi mmx fxsr sse sse2 ss ht tm pbe syscall nx pdpe1gb rdtscp lm constant_tsc arch_perfmon pebs bts rep_good nopl xtopology nonstop_tsc aperfmperf eagerfpu pni pclmulqdq dtes64 monitor ds_cpl vmx est tm2 ssse3 sdbg fma cx16 xtpr pdcm pcid sse4_1 sse4_2 movbe popcnt tsc_deadline_timer aes xsave avx f16c rdrand lahf_lm abm epb tpr_shadow vnmi flexpriority ept vpid fsgsbase tsc_adjust bmi1 avx2 smep bmi2 erms invpcid xsaveopt dtherm ida arat pln pts
bugs		:
bogomips	: 4389.94
clflush size	: 64
cache_alignment	: 64
address sizes	: 39 bits physical, 48 bits virtual
power management:

processor	: 5
vendor_id	: GenuineIntel
cpu family	: 6
model		: 60
model name	: Intel(R) Core(TM) i7-4702MQ CPU @ 2.20GHz
stepping	: 3
microcode	: 0x20
cpu MHz		: 2899.987
cache size	: 6144 KB
physical id	: 0
siblings	: 8
core id		: 2
cpu cores	: 4
apicid		: 5
initial apicid	: 5
fpu		: yes
fpu_exception	: yes
cpuid level	: 13
wp		: yes
flags		: fpu vme de pse tsc msr pae mce cx8 apic sep mtrr pge mca cmov pat pse36 clflush dts acpi mmx fxsr sse sse2 ss ht tm pbe syscall nx pdpe1gb rdtscp lm constant_tsc arch_perfmon pebs bts rep_good nopl xtopology nonstop_tsc aperfmperf eagerfpu pni pclmulqdq dtes64 monitor ds_cpl vmx est tm2 ssse3 sdbg fma cx16 xtpr pdcm pcid sse4_1 sse4_2 movbe popcnt tsc_deadline_timer aes xsave avx f16c rdrand lahf_lm abm epb tpr_shadow vnmi flexpriority ept vpid fsgsbase tsc_adjust bmi1 avx2 smep bmi2 erms invpcid xsaveopt dtherm ida arat pln pts
bugs		:
bogomips	: 4389.94
clflush size	: 64
cache_alignment	: 64
address sizes	: 39 bits physical, 48 bits virtual
power management:

processor	: 6
vendor_id	: GenuineIntel
cpu family	: 6
model		: 60
model name	: Intel(R) Core(TM) i7-4702MQ CPU @ 2.20GHz
stepping	: 3
microcode	: 0x20
cpu MHz		: 2899.987
cache size	: 6144 KB
physical id	: 0
siblings	: 8
core id		: 3
cpu cores	: 4
apicid		: 6
initial apicid	: 6
fpu		: yes
fpu_exception	: yes
cpuid level	: 13
wp		: yes
flags		: fpu vme de pse tsc msr pae mce cx8 apic sep mtrr pge mca cmov pat pse36 clflush dts acpi mmx fxsr sse sse2 ss ht tm pbe syscall nx pdpe1gb rdtscp lm constant_tsc arch_perfmon pebs bts rep_good nopl xtopology nonstop_tsc aperfmperf eagerfpu pni pclmulqdq dtes64 monitor ds_cpl vmx est tm2 ssse3 sdbg fma cx16 xtpr pdcm pcid sse4_1 sse4_2 movbe popcnt tsc_deadline_timer aes xsave avx f16c rdrand lahf_lm abm epb tpr_shadow vnmi flexpriority ept vpid fsgsbase tsc_adjust bmi1 avx2 smep bmi2 erms invpcid xsaveopt dtherm ida arat pln pts
bugs		:
bogomips	: 4389.94
clflush size	: 64
cache_alignment	: 64
address sizes	: 39 bits physical, 48 bits virtual
power management:

processor	: 7
vendor_id	: GenuineIntel
cpu family	: 6
model		: 60
model name	: Intel(R) Core(TM) i7-4702MQ CPU @ 2.20GHz
stepping	: 3
microcode	: 0x20
cpu MHz		: 2899.987
cache size	: 6144 KB
physical id	: 0
siblings	: 8
core id		: 3
cpu cores	: 4
apicid		: 7
initial apicid	: 7
fpu		: yes
fpu_exception	: yes
cpuid level	: 13
wp		: yes
flags		: fpu vme de pse tsc msr pae mce cx8 apic sep mtrr pge mca cmov pat pse36 clflush dts acpi mmx fxsr sse sse2 ss ht tm pbe syscall nx pdpe1gb rdtscp lm constant_tsc arch_perfmon pebs bts rep_good nopl xtopology nonstop_tsc aperfmperf eagerfpu pni pclmulqdq dtes64 monitor ds_cpl vmx est tm2 ssse3 sdbg fma cx16 xtpr pdcm pcid sse4_1 sse4_2 movbe popcnt tsc_deadline_timer aes xsave avx f16c rdrand lahf_lm abm epb tpr_shadow vnmi flexpriority ept vpid fsgsbase tsc_adjust bmi1 avx2 smep bmi2 erms invpcid xsaveopt dtherm ida arat pln pts
bugs		:
bogomips	: 4389.94
clflush size	: 64
cache_alignment	: 64
address sizes	: 39 bits physical, 48 bits virtual
power management:



Memory: 4k page, physical 8088836k(3573544k free), swap 4258808k(2227456k free)

vm_info: Java HotSpot(TM) 64-Bit Server VM (25.91-b14) for linux-amd64 JRE (1.8.0_91-b14), built on Apr  1 2016 00:57:21 by "java_re" with gcc 4.3.0 20080428 (Red Hat 4.3.0-8)

time: Tue May  9 07:12:18 2017
elapsed time: 14 seconds (0d 0h 0m 14s)

