#
# A fatal error has been detected by the Java Runtime Environment:
#
#  SIGSEGV (0xb) at pc=0x00007f66dac09948, pid=21363, tid=140078951139072
#
# JRE version: Java(TM) SE Runtime Environment (8.0_91-b14) (build 1.8.0_91-b14)
# Java VM: Java HotSpot(TM) 64-Bit Server VM (25.91-b14 mixed mode linux-amd64 compressed oops)
# Problematic frame:
# V  [libjvm.so+0x6cf948]  jni_invoke_nonstatic(JNIEnv_*, JavaValue*, _jobject*, JNICallType, _jmethodID*, JNI_ArgumentPusher*, Thread*)+0x38
#
# Failed to write core dump. Core dumps have been disabled. To enable core dumping, try "ulimit -c unlimited" before starting Java again
#
# If you would like to submit a bug report, please visit:
#   http://bugreport.java.com/bugreport/crash.jsp
#

---------------  T H R E A D  ---------------

Current thread (0x00007f66d43eb800):  JavaThread "JavaFX Application Thread" [_thread_in_vm, id=21391, stack(0x00007f66ac0f8000,0x00007f66ac1f9000)]

siginfo: si_signo: 11 (SIGSEGV), si_code: 1 (SEGV_MAPERR), si_addr: 0x0000000000007265

Registers:
RAX=0x00007f66ac1f7140, RBX=0x00007f66ac1f7050, RCX=0x0000000000000001, RDX=0x0000000000007265
RSP=0x00007f66ac1f6ea0, RBP=0x00007f66ac1f7020, RSI=0x00007f66ac1f70b0, RDI=0x00007f66d43eb9f8
R8 =0x00007f66d4357378, R9 =0x00007f66ac1f7050, R10=0x00007f6650000ae0, R11=0x00007f66c54e84a0
R12=0x00007f66d43eb800, R13=0x00007f66d4357378, R14=0x0000000000000001, R15=0x00007f66d43eb9f8
RIP=0x00007f66dac09948, EFLAGS=0x0000000000010206, CSGSFS=0x002b000000000033, ERR=0x0000000000000004
  TRAPNO=0x000000000000000e

Top of Stack: (sp=0x00007f66ac1f6ea0)
0x00007f66ac1f6ea0:   00007f66ac1f75a0 00007f66ac1f71c0
0x00007f66ac1f6eb0:   00007f66ac1f6f00 00007f66ac1f6f80
0x00007f66ac1f6ec0:   00007f66ac1f7050 00007f66ac1f70b0
0x00007f66ac1f6ed0:   00007f66d43eb9f8 00007f66dac29450
0x00007f66ac1f6ee0:   00007f6680000e60 00007f6680000e70
0x00007f66ac1f6ef0:   00007f6680001248 00000000000003d8
0x00007f66ac1f6f00:   0000000000000000 00000000d6deddf0
0x00007f66ac1f6f10:   00007f660000006f 00007f660000000a
0x00007f66ac1f6f20:   00000000d7992f70 0000000000000000
0x00007f66ac1f6f30:   0000000000000000 0000000000000000
0x00007f66ac1f6f40:   00007f66c480b6f8 0000000100000100
0x00007f66ac1f6f50:   0000000000000000 00007f66ac1f6f08
0x00007f66ac1f6f60:   00007f66ac1f6f49 0000000800000005
0x00007f66ac1f6f70:   0000000000000000 00007f66d43eb290
0x00007f66ac1f6f80:   00007f66db48c490 00007f66dbf97470
0x00007f66ac1f6f90:   00000000d43eb120 00007f66d43eb800
0x00007f66ac1f6fa0:   0000000000000000 00007f66dac09d1b
0x00007f66ac1f6fb0:   00007f66c48157a8 00007f66d43eb800
0x00007f66ac1f6fc0:   00007f66c48157a8 00007f66d43eb800
0x00007f66ac1f6fd0:   00007f66ac1f7160 00007f66c48157a8
0x00007f66ac1f6fe0:   00007f66c48157a8 00007f66c48157a8
0x00007f66ac1f6ff0:   00007f6680000e60 00007f66ac1f7050
0x00007f66ac1f7000:   00007f66d43eb800 00007f66ac1f7090
0x00007f66ac1f7010:   00007f66d4357378 00007f66d43eb9f8
0x00007f66ac1f7020:   00007f66ac1f7110 00007f66dac0e0ef
0x00007f66ac1f7030:   00007f66d43eb800 00007f66b4e88ff4
0x00007f66ac1f7040:   00007f66ac1f7128 0000000000007265
0x00007f66ac1f7050:   00007f66db48d0f0 00007f66dbf97470
0x00007f66ac1f7060:   00000000ac1f70d0 069ee7a200000063
0x00007f66ac1f7070:   0000000000000000 0000003000000018
0x00007f66ac1f7080:   00007f66ac1f7200 00007f66ac1f7140
0x00007f66ac1f7090:   00007f66d43eb800 0000000000000000 

Instructions: (pc=0x00007f66dac09948)
0x00007f66dac09928:   00 00 48 85 d2 48 89 bd b0 fe ff ff 48 89 b5 a8
0x00007f66dac09938:   fe ff ff 4c 89 8d a0 fe ff ff 0f 84 78 09 00 00
0x00007f66dac09948:   4c 8b 22 4d 85 e4 0f 84 6c 09 00 00 48 8b 45 10
0x00007f66dac09958:   48 8b 98 38 01 00 00 48 83 7b 18 f7 0f 87 16 07 

Register to memory mapping:

RAX=0x00007f66ac1f7140 is pointing into the stack for thread: 0x00007f66d43eb800
RBX=0x00007f66ac1f7050 is pointing into the stack for thread: 0x00007f66d43eb800
RCX=0x0000000000000001 is an unknown value
RDX=0x0000000000007265 is an unknown value
RSP=0x00007f66ac1f6ea0 is pointing into the stack for thread: 0x00007f66d43eb800
RBP=0x00007f66ac1f7020 is pointing into the stack for thread: 0x00007f66d43eb800
RSI=0x00007f66ac1f70b0 is pointing into the stack for thread: 0x00007f66d43eb800
RDI=0x00007f66d43eb9f8 is an unknown value
R8 =0x00007f66d4357378 is an unknown value
R9 =0x00007f66ac1f7050 is pointing into the stack for thread: 0x00007f66d43eb800
R10=0x00007f6650000ae0 is an unknown value
R11=0x00007f66c54e84a0 is at entry_point+32 in (nmethod*)0x00007f66c54e8310
R12=0x00007f66d43eb800 is a thread
R13=0x00007f66d4357378 is an unknown value
R14=0x0000000000000001 is an unknown value
R15=0x00007f66d43eb9f8 is an unknown value


Stack: [0x00007f66ac0f8000,0x00007f66ac1f9000],  sp=0x00007f66ac1f6ea0,  free space=1019k
Native frames: (J=compiled Java code, j=interpreted, Vv=VM code, C=native code)
V  [libjvm.so+0x6cf948]  jni_invoke_nonstatic(JNIEnv_*, JavaValue*, _jobject*, JNICallType, _jmethodID*, JNI_ArgumentPusher*, Thread*)+0x38
V  [libjvm.so+0x6d40ef]  jni_CallVoidMethodV+0x10f
C  [libglass.so+0x13e51]  JNIEnv_::CallVoidMethod(_jobject*, _jmethodID*, ...)+0x81
C  [libglass.so+0x1545f]  WindowContextBase::process_key(_GdkEventKey*)+0x20f
C  [libglass.so+0x19540]  WindowContextBase::im_filter_keypress(_GdkEventKey*)+0x1c0
C  [libglass.so+0x1c7cc]  process_events(_GdkEvent*, void*)+0x22c
C  [libgdk-x11-2.0.so.0+0x5acdc]

Java frames: (J=compiled Java code, j=interpreted, Vv=VM code)
j  com.sun.glass.ui.gtk.GtkApplication._runLoop(Ljava/lang/Runnable;Z)V+0
j  com.sun.glass.ui.gtk.GtkApplication.lambda$null$49(Ljava/lang/Runnable;Z)V+7
j  com.sun.glass.ui.gtk.GtkApplication$$Lambda$41.run()V+12
j  java.lang.Thread.run()V+11
v  ~StubRoutines::call_stub

---------------  P R O C E S S  ---------------

Java Threads: ( => current thread )
  0x00007f6650503800 JavaThread "AWT-EventQueue-0" [_thread_blocked, id=21400, stack(0x00007f665cac3000,0x00007f665cbc4000)]
  0x00007f6650500800 JavaThread "AWT-Shutdown" [_thread_blocked, id=21399, stack(0x00007f665cbc4000,0x00007f665ccc5000)]
  0x00007f66503a9000 JavaThread "Image Fetcher 0" daemon [_thread_blocked, id=21398, stack(0x00007f665d356000,0x00007f665d457000)]
  0x00007f6650305000 JavaThread "AWT-XAWT" daemon [_thread_in_native, id=21397, stack(0x00007f665d457000,0x00007f665d558000)]
  0x00007f66504e9000 JavaThread "Java2D Disposer" daemon [_thread_blocked, id=21396, stack(0x00007f665d558000,0x00007f665d659000)]
  0x00007f665047c000 JavaThread "Prism Font Disposer" daemon [_thread_blocked, id=21394, stack(0x00007f665ec2a000,0x00007f665ed2b000)]
  0x00007f66501da000 JavaThread "Abandoned connection cleanup thread" daemon [_thread_blocked, id=21393, stack(0x00007f6664064000,0x00007f6664165000)]
  0x00007f66d43ef000 JavaThread "JavaFX-Launcher" [_thread_blocked, id=21392, stack(0x00007f666c0eb000,0x00007f666c1ec000)]
=>0x00007f66d43eb800 JavaThread "JavaFX Application Thread" [_thread_in_vm, id=21391, stack(0x00007f66ac0f8000,0x00007f66ac1f9000)]
  0x00007f66d43e7800 JavaThread "Thread-1" daemon [_thread_blocked, id=21390, stack(0x00007f66b40ad000,0x00007f66b41ae000)]
  0x00007f66d4344800 JavaThread "QuantumRenderer-0" daemon [_thread_blocked, id=21386, stack(0x00007f66b5903000,0x00007f66b5a04000)]
  0x00007f66d421a800 JavaThread "Service Thread" daemon [_thread_blocked, id=21384, stack(0x00007f66b5b05000,0x00007f66b5c06000)]
  0x00007f66d420f800 JavaThread "C1 CompilerThread3" daemon [_thread_blocked, id=21383, stack(0x00007f66b5c06000,0x00007f66b5d07000)]
  0x00007f66d420d000 JavaThread "C2 CompilerThread2" daemon [_thread_in_native, id=21382, stack(0x00007f66b5d07000,0x00007f66b5e08000)]
  0x00007f66d420b800 JavaThread "C2 CompilerThread1" daemon [_thread_blocked, id=21381, stack(0x00007f66b5e08000,0x00007f66b5f09000)]
  0x00007f66d4208800 JavaThread "C2 CompilerThread0" daemon [_thread_blocked, id=21380, stack(0x00007f66b5f09000,0x00007f66b600a000)]
  0x00007f66d4207000 JavaThread "Signal Dispatcher" daemon [_thread_blocked, id=21379, stack(0x00007f66b600a000,0x00007f66b610b000)]
  0x00007f66d41d3000 JavaThread "Finalizer" daemon [_thread_blocked, id=21378, stack(0x00007f66b63e4000,0x00007f66b64e5000)]
  0x00007f66d41ce800 JavaThread "Reference Handler" daemon [_thread_blocked, id=21377, stack(0x00007f66b64e5000,0x00007f66b65e6000)]
  0x00007f66d400a000 JavaThread "main" [_thread_blocked, id=21367, stack(0x00007f66dc013000,0x00007f66dc114000)]

Other Threads:
  0x00007f66d41c7000 VMThread [stack: 0x00007f66b65e6000,0x00007f66b66e7000] [id=21376]
  0x00007f66d421d000 WatcherThread [stack: 0x00007f66b5a04000,0x00007f66b5b05000] [id=21385]

VM state:not at safepoint (normal execution)

VM Mutex/Monitor currently owned by a thread:  ([mutex/lock_event])
[0x00007f66d4006b90] Compile_lock - owner thread: 0x00007f66d420d000
[0x00007f66d4006c90] MethodCompileQueue_lock - owner thread: 0x00007f66d420d000

Heap:
 PSYoungGen      total 36864K, used 19846K [0x00000000d6d80000, 0x00000000d9680000, 0x0000000100000000)
  eden space 31744K, 62% used [0x00000000d6d80000,0x00000000d80e1800,0x00000000d8c80000)
  from space 5120K, 0% used [0x00000000d9180000,0x00000000d9180000,0x00000000d9680000)
  to   space 5120K, 0% used [0x00000000d8c80000,0x00000000d8c80000,0x00000000d9180000)
 ParOldGen       total 49664K, used 11897K [0x0000000084800000, 0x0000000087880000, 0x00000000d6d80000)
  object space 49664K, 23% used [0x0000000084800000,0x000000008539e428,0x0000000087880000)
 Metaspace       used 27756K, capacity 28746K, committed 28928K, reserved 1075200K
  class space    used 3757K, capacity 3987K, committed 4096K, reserved 1048576K

Card table byte_map: [0x00007f66d89f6000,0x00007f66d8dd3000] byte_map_base: 0x00007f66d85d2000

Marking Bits: (ParMarkBitMap*) 0x00007f66db4f0d60
 Begin Bits: [0x00007f66bc240000, 0x00007f66be120000)
 End Bits:   [0x00007f66be120000, 0x00007f66c0000000)

Polling page: 0x00007f66dc13c000

CodeCache: size=245760Kb used=9114Kb max_used=9131Kb free=236645Kb
 bounds [0x00007f66c5000000, 0x00007f66c5900000, 0x00007f66d4000000]
 total_blobs=3821 nmethods=2927 adapters=807
 compilation: enabled

Compilation events (10 events):
Event: 5.928 Thread 0x00007f66d4208800 nmethod 2948 0x00007f66c58e4d50 code [0x00007f66c58e4ea0, 0x00007f66c58e4f18]
Event: 5.928 Thread 0x00007f66d420f800 nmethod 2943 0x00007f66c58e4910 code [0x00007f66c58e4a80, 0x00007f66c58e4c88]
Event: 5.928 Thread 0x00007f66d420f800 2944       1       com.sun.javafx.font.LogicalFont::getFamilyName (5 bytes)
Event: 5.928 Thread 0x00007f66d420f800 nmethod 2944 0x00007f66c58e4650 code [0x00007f66c58e47a0, 0x00007f66c58e48b0]
Event: 5.928 Thread 0x00007f66d420f800 2949       3       com.sun.javafx.font.PrismFont::equals (52 bytes)
Event: 5.929 Thread 0x00007f66d420f800 nmethod 2949 0x00007f66c58e3e50 code [0x00007f66c58e3fe0, 0x00007f66c58e4528]
Event: 5.929 Thread 0x00007f66d420f800 2950       3       java.util.ArrayList::contains (14 bytes)
Event: 5.929 Thread 0x00007f66d420f800 nmethod 2950 0x00007f66c58e8510 code [0x00007f66c58e8680, 0x00007f66c58e88e8]
Event: 5.929 Thread 0x00007f66d420f800 2904       1       javafx.scene.text.Text::access$2500 (5 bytes)
Event: 5.929 Thread 0x00007f66d420f800 nmethod 2904 0x00007f66c58e8250 code [0x00007f66c58e83a0, 0x00007f66c58e8490]

GC Heap History (6 events):
Event: 0.787 GC heap before
{Heap before GC invocations=1 (full 0):
 PSYoungGen      total 36864K, used 31744K [0x00000000d6d80000, 0x00000000d9680000, 0x0000000100000000)
  eden space 31744K, 100% used [0x00000000d6d80000,0x00000000d8c80000,0x00000000d8c80000)
  from space 5120K, 0% used [0x00000000d9180000,0x00000000d9180000,0x00000000d9680000)
  to   space 5120K, 0% used [0x00000000d8c80000,0x00000000d8c80000,0x00000000d9180000)
 ParOldGen       total 84992K, used 0K [0x0000000084800000, 0x0000000089b00000, 0x00000000d6d80000)
  object space 84992K, 0% used [0x0000000084800000,0x0000000084800000,0x0000000089b00000)
 Metaspace       used 15250K, capacity 15700K, committed 16000K, reserved 1062912K
  class space    used 1961K, capacity 2102K, committed 2176K, reserved 1048576K
Event: 0.792 GC heap after
Heap after GC invocations=1 (full 0):
 PSYoungGen      total 36864K, used 5104K [0x00000000d6d80000, 0x00000000d9680000, 0x0000000100000000)
  eden space 31744K, 0% used [0x00000000d6d80000,0x00000000d6d80000,0x00000000d8c80000)
  from space 5120K, 99% used [0x00000000d8c80000,0x00000000d917c090,0x00000000d9180000)
  to   space 5120K, 0% used [0x00000000d9180000,0x00000000d9180000,0x00000000d9680000)
 ParOldGen       total 84992K, used 5275K [0x0000000084800000, 0x0000000089b00000, 0x00000000d6d80000)
  object space 84992K, 6% used [0x0000000084800000,0x0000000084d26e58,0x0000000089b00000)
 Metaspace       used 15250K, capacity 15700K, committed 16000K, reserved 1062912K
  class space    used 1961K, capacity 2102K, committed 2176K, reserved 1048576K
}
Event: 5.001 GC heap before
{Heap before GC invocations=2 (full 0):
 PSYoungGen      total 36864K, used 18427K [0x00000000d6d80000, 0x00000000d9680000, 0x0000000100000000)
  eden space 31744K, 41% used [0x00000000d6d80000,0x00000000d7a82d28,0x00000000d8c80000)
  from space 5120K, 99% used [0x00000000d8c80000,0x00000000d917c090,0x00000000d9180000)
  to   space 5120K, 0% used [0x00000000d9180000,0x00000000d9180000,0x00000000d9680000)
 ParOldGen       total 84992K, used 5275K [0x0000000084800000, 0x0000000089b00000, 0x00000000d6d80000)
  object space 84992K, 6% used [0x0000000084800000,0x0000000084d26e58,0x0000000089b00000)
 Metaspace       used 20508K, capacity 21184K, committed 21296K, reserved 1067008K
  class space    used 2754K, capacity 2930K, committed 2944K, reserved 1048576K
Event: 5.007 GC heap after
Heap after GC invocations=2 (full 0):
 PSYoungGen      total 36864K, used 5104K [0x00000000d6d80000, 0x00000000d9680000, 0x0000000100000000)
  eden space 31744K, 0% used [0x00000000d6d80000,0x00000000d6d80000,0x00000000d8c80000)
  from space 5120K, 99% used [0x00000000d9180000,0x00000000d967c0a0,0x00000000d9680000)
  to   space 5120K, 0% used [0x00000000d8c80000,0x00000000d8c80000,0x00000000d9180000)
 ParOldGen       total 84992K, used 7884K [0x0000000084800000, 0x0000000089b00000, 0x00000000d6d80000)
  object space 84992K, 9% used [0x0000000084800000,0x0000000084fb3158,0x0000000089b00000)
 Metaspace       used 20508K, capacity 21184K, committed 21296K, reserved 1067008K
  class space    used 2754K, capacity 2930K, committed 2944K, reserved 1048576K
}
Event: 5.007 GC heap before
{Heap before GC invocations=3 (full 1):
 PSYoungGen      total 36864K, used 5104K [0x00000000d6d80000, 0x00000000d9680000, 0x0000000100000000)
  eden space 31744K, 0% used [0x00000000d6d80000,0x00000000d6d80000,0x00000000d8c80000)
  from space 5120K, 99% used [0x00000000d9180000,0x00000000d967c0a0,0x00000000d9680000)
  to   space 5120K, 0% used [0x00000000d8c80000,0x00000000d8c80000,0x00000000d9180000)
 ParOldGen       total 84992K, used 7884K [0x0000000084800000, 0x0000000089b00000, 0x00000000d6d80000)
  object space 84992K, 9% used [0x0000000084800000,0x0000000084fb3158,0x0000000089b00000)
 Metaspace       used 20508K, capacity 21184K, committed 21296K, reserved 1067008K
  class space    used 2754K, capacity 2930K, committed 2944K, reserved 1048576K
Event: 5.036 GC heap after
Heap after GC invocations=3 (full 1):
 PSYoungGen      total 36864K, used 0K [0x00000000d6d80000, 0x00000000d9680000, 0x0000000100000000)
  eden space 31744K, 0% used [0x00000000d6d80000,0x00000000d6d80000,0x00000000d8c80000)
  from space 5120K, 0% used [0x00000000d9180000,0x00000000d9180000,0x00000000d9680000)
  to   space 5120K, 0% used [0x00000000d8c80000,0x00000000d8c80000,0x00000000d9180000)
 ParOldGen       total 49664K, used 11897K [0x0000000084800000, 0x0000000087880000, 0x00000000d6d80000)
  object space 49664K, 23% used [0x0000000084800000,0x000000008539e428,0x0000000087880000)
 Metaspace       used 20508K, capacity 21184K, committed 21296K, reserved 1067008K
  class space    used 2754K, capacity 2930K, committed 2944K, reserved 1048576K
}

Deoptimization events (10 events):
Event: 5.672 Thread 0x00007f66d43eb800 Uncommon trap: reason=unstable_if action=reinterpret pc=0x00007f66c551d774 method=java.lang.StrictMath.floorOrCeil(DDDD)D @ 38
Event: 5.749 Thread 0x00007f66d43eb800 Uncommon trap: reason=array_check action=maybe_recompile pc=0x00007f66c57b68b0 method=com.sun.javafx.css.SimpleSelector.applies(Ljavafx/css/Styleable;[Ljava/util/Set;I)Z @ 37
Event: 5.749 Thread 0x00007f66d43eb800 Uncommon trap: reason=array_check action=maybe_recompile pc=0x00007f66c57b68b0 method=com.sun.javafx.css.SimpleSelector.applies(Ljavafx/css/Styleable;[Ljava/util/Set;I)Z @ 37
Event: 5.749 Thread 0x00007f66d43eb800 Uncommon trap: reason=array_check action=maybe_recompile pc=0x00007f66c57b68b0 method=com.sun.javafx.css.SimpleSelector.applies(Ljavafx/css/Styleable;[Ljava/util/Set;I)Z @ 37
Event: 5.749 Thread 0x00007f66d43eb800 Uncommon trap: reason=array_check action=maybe_recompile pc=0x00007f66c57b68b0 method=com.sun.javafx.css.SimpleSelector.applies(Ljavafx/css/Styleable;[Ljava/util/Set;I)Z @ 37
Event: 5.832 Thread 0x00007f66d43eb800 Uncommon trap: reason=array_check action=maybe_recompile pc=0x00007f66c58081b4 method=com.sun.javafx.css.CompoundSelector.applies(Ljavafx/css/Styleable;[Ljava/util/Set;I)Z @ 128
Event: 5.833 Thread 0x00007f66d43eb800 Uncommon trap: reason=array_check action=maybe_recompile pc=0x00007f66c58081b4 method=com.sun.javafx.css.CompoundSelector.applies(Ljavafx/css/Styleable;[Ljava/util/Set;I)Z @ 128
Event: 5.833 Thread 0x00007f66d43eb800 Uncommon trap: reason=array_check action=maybe_recompile pc=0x00007f66c58081b4 method=com.sun.javafx.css.CompoundSelector.applies(Ljavafx/css/Styleable;[Ljava/util/Set;I)Z @ 128
Event: 5.833 Thread 0x00007f66d43eb800 Uncommon trap: reason=array_check action=maybe_recompile pc=0x00007f66c58081b4 method=com.sun.javafx.css.CompoundSelector.applies(Ljavafx/css/Styleable;[Ljava/util/Set;I)Z @ 128
Event: 5.918 Thread 0x00007f66d43eb800 Uncommon trap: reason=unstable_if action=reinterpret pc=0x00007f66c554759c method=java.lang.Math.round(D)J @ 48

Internal exceptions (10 events):
Event: 0.419 Thread 0x00007f66d43eb800 Exception <a 'java/lang/ArrayIndexOutOfBoundsException'> (0x00000000d7e86838) thrown at [/HUDSON/workspace/8-2-build-linux-amd64/jdk8u91/6644/hotspot/src/share/vm/runtime/sharedRuntime.cpp, line 605]
Event: 0.533 Thread 0x00007f66d43eb800 Implicit null exception at 0x00007f66c520e035 to 0x00007f66c520e385
Event: 0.760 Thread 0x00007f66d43eb800 Implicit null exception at 0x00007f66c52fdeb5 to 0x00007f66c52fe0dd
Event: 0.760 Thread 0x00007f66d43eb800 Implicit null exception at 0x00007f66c530df98 to 0x00007f66c530e026
Event: 4.996 Thread 0x00007f66d43eb800 Exception <a 'java/io/FileNotFoundException'> (0x00000000d79fd960) thrown at [/HUDSON/workspace/8-2-build-linux-amd64/jdk8u91/6644/hotspot/src/share/vm/prims/jni.cpp, line 709]
Event: 4.996 Thread 0x00007f66d43eb800 Exception <a 'java/io/FileNotFoundException'> (0x00000000d79fe6f8) thrown at [/HUDSON/workspace/8-2-build-linux-amd64/jdk8u91/6644/hotspot/src/share/vm/prims/jni.cpp, line 709]
Event: 5.222 Thread 0x00007f6650503800 Exception <a 'java/lang/UnsupportedOperationException': > (0x00000000d6fd94e0) thrown at [/HUDSON/workspace/8-2-build-linux-amd64/jdk8u91/6644/hotspot/src/share/vm/prims/jni.cpp, line 735]
Event: 5.575 Thread 0x00007f66d43eb800 Exception <a 'java/lang/ArrayIndexOutOfBoundsException'> (0x00000000d70ea8c0) thrown at [/HUDSON/workspace/8-2-build-linux-amd64/jdk8u91/6644/hotspot/src/share/vm/runtime/sharedRuntime.cpp, line 605]
Event: 5.576 Thread 0x00007f66d43eb800 Exception <a 'java/lang/ArrayIndexOutOfBoundsException'> (0x00000000d70ecad0) thrown at [/HUDSON/workspace/8-2-build-linux-amd64/jdk8u91/6644/hotspot/src/share/vm/runtime/sharedRuntime.cpp, line 605]
Event: 5.653 Thread 0x00007f66d43eb800 Exception <a 'java/lang/ArrayIndexOutOfBoundsException': 65> (0x00000000d74635e0) thrown at [/HUDSON/workspace/8-2-build-linux-amd64/jdk8u91/6644/hotspot/src/share/vm/interpreter/interpreterRuntime.cpp, line 366]

Events (10 events):
Event: 5.889 loading class com/sun/javafx/scene/control/skin/TabPaneSkin$3 done
Event: 5.917 loading class com/jfoenix/skins/JFXRadioButtonSkin$1
Event: 5.917 loading class com/jfoenix/skins/JFXRadioButtonSkin$1 done
Event: 5.918 Thread 0x00007f66d43eb800 Uncommon trap: trap_request=0xffffff65 fr.pc=0x00007f66c554759c
Event: 5.918 Thread 0x00007f66d43eb800 DEOPT PACKING pc=0x00007f66c554759c sp=0x00007f66ac1f34b0
Event: 5.918 Thread 0x00007f66d43eb800 DEOPT UNPACKING pc=0x00007f66c5005229 sp=0x00007f66ac1f3428 mode 2
Event: 5.921 loading class com/sun/javafx/font/PrismFontUtils
Event: 5.921 loading class com/sun/javafx/font/PrismFontUtils done
Event: 5.922 loading class com/sun/javafx/tk/FontMetrics
Event: 5.922 loading class com/sun/javafx/tk/FontMetrics done


Dynamic libraries:
00400000-00401000 r-xp 00000000 08:0f 1573679                            /usr/lib/jvm/oracle_jdk8/jre/bin/java
00600000-00601000 rw-p 00000000 08:0f 1573679                            /usr/lib/jvm/oracle_jdk8/jre/bin/java
009a5000-009c6000 rw-p 00000000 00:00 0                                  [heap]
84800000-87880000 rw-p 00000000 00:00 0 
87880000-d6d80000 ---p 00000000 00:00 0 
d6d80000-d9680000 rw-p 00000000 00:00 0 
d9680000-100000000 ---p 00000000 00:00 0 
100000000-100400000 rw-p 00000000 00:00 0 
100400000-140000000 ---p 00000000 00:00 0 
7f662c000000-7f662c021000 rw-p 00000000 00:00 0 
7f662c021000-7f6630000000 ---p 00000000 00:00 0 
7f6630000000-7f6630021000 rw-p 00000000 00:00 0 
7f6630021000-7f6634000000 ---p 00000000 00:00 0 
7f6634000000-7f6634024000 rw-p 00000000 00:00 0 
7f6634024000-7f6638000000 ---p 00000000 00:00 0 
7f6638000000-7f6638021000 rw-p 00000000 00:00 0 
7f6638021000-7f663c000000 ---p 00000000 00:00 0 
7f663c000000-7f663c021000 rw-p 00000000 00:00 0 
7f663c021000-7f6640000000 ---p 00000000 00:00 0 
7f6640000000-7f6640021000 rw-p 00000000 00:00 0 
7f6640021000-7f6644000000 ---p 00000000 00:00 0 
7f6644000000-7f6644021000 rw-p 00000000 00:00 0 
7f6644021000-7f6648000000 ---p 00000000 00:00 0 
7f6648000000-7f6648021000 rw-p 00000000 00:00 0 
7f6648021000-7f664c000000 ---p 00000000 00:00 0 
7f664c000000-7f664c021000 rw-p 00000000 00:00 0 
7f664c021000-7f6650000000 ---p 00000000 00:00 0 
7f6650000000-7f66509ea000 rw-p 00000000 00:00 0 
7f66509ea000-7f6654000000 ---p 00000000 00:00 0 
7f6654000000-7f6654022000 rw-p 00000000 00:00 0 
7f6654022000-7f6658000000 ---p 00000000 00:00 0 
7f6658000000-7f6658021000 rw-p 00000000 00:00 0 
7f6658021000-7f665c000000 ---p 00000000 00:00 0 
7f665c6c3000-7f665c703000 rw-p 00000000 00:00 0 
7f665c703000-7f665c8c3000 ---p 00000000 00:00 0 
7f665c8c3000-7f665cac3000 rw-p 00000000 00:00 0 
7f665cac3000-7f665cac6000 ---p 00000000 00:00 0 
7f665cac6000-7f665cbc4000 rw-p 00000000 00:00 0 
7f665cbc4000-7f665cbc7000 ---p 00000000 00:00 0 
7f665cbc7000-7f665ccc5000 rw-p 00000000 00:00 0 
7f665ccc5000-7f665cd2e000 r-xp 00000000 08:0f 1587707                    /usr/lib/jvm/oracle_jdk8/jre/lib/amd64/libt2k.so
7f665cd2e000-7f665cf2e000 ---p 00069000 08:0f 1587707                    /usr/lib/jvm/oracle_jdk8/jre/lib/amd64/libt2k.so
7f665cf2e000-7f665cf35000 rw-p 00069000 08:0f 1587707                    /usr/lib/jvm/oracle_jdk8/jre/lib/amd64/libt2k.so
7f665cf35000-7f665cf45000 rw-p 00000000 00:00 0 
7f665cf45000-7f665cf56000 r-xp 00000000 08:0f 1587741                    /usr/lib/jvm/oracle_jdk8/jre/lib/amd64/libnio.so
7f665cf56000-7f665d155000 ---p 00011000 08:0f 1587741                    /usr/lib/jvm/oracle_jdk8/jre/lib/amd64/libnio.so
7f665d155000-7f665d156000 rw-p 00010000 08:0f 1587741                    /usr/lib/jvm/oracle_jdk8/jre/lib/amd64/libnio.so
7f665d156000-7f665d356000 rw-p 00000000 00:00 0 
7f665d356000-7f665d359000 ---p 00000000 00:00 0 
7f665d359000-7f665d457000 rw-p 00000000 00:00 0 
7f665d457000-7f665d45a000 ---p 00000000 00:00 0 
7f665d45a000-7f665d558000 rw-p 00000000 00:00 0 
7f665d558000-7f665d55b000 ---p 00000000 00:00 0 
7f665d55b000-7f665d659000 rw-p 00000000 00:00 0 
7f665d659000-7f665d6be000 r-xp 00000000 08:0f 1587720                    /usr/lib/jvm/oracle_jdk8/jre/lib/amd64/libfontmanager.so
7f665d6be000-7f665d8bd000 ---p 00065000 08:0f 1587720                    /usr/lib/jvm/oracle_jdk8/jre/lib/amd64/libfontmanager.so
7f665d8bd000-7f665d8c2000 rw-p 00064000 08:0f 1587720                    /usr/lib/jvm/oracle_jdk8/jre/lib/amd64/libfontmanager.so
7f665d8c2000-7f665dad2000 rw-p 00000000 00:00 0 
7f665dad2000-7f665db26000 r-xp 00000000 08:0f 1587745                    /usr/lib/jvm/oracle_jdk8/jre/lib/amd64/libawt_xawt.so
7f665db26000-7f665dd26000 ---p 00054000 08:0f 1587745                    /usr/lib/jvm/oracle_jdk8/jre/lib/amd64/libawt_xawt.so
7f665dd26000-7f665dd2a000 rw-p 00054000 08:0f 1587745                    /usr/lib/jvm/oracle_jdk8/jre/lib/amd64/libawt_xawt.so
7f665dd2a000-7f665dd2b000 rw-p 00000000 00:00 0 
7f665dd2b000-7f665ddcd000 r-xp 00000000 08:0f 1587731                    /usr/lib/jvm/oracle_jdk8/jre/lib/amd64/libawt.so
7f665ddcd000-7f665dfcd000 ---p 000a2000 08:0f 1587731                    /usr/lib/jvm/oracle_jdk8/jre/lib/amd64/libawt.so
7f665dfcd000-7f665dfd9000 rw-p 000a2000 08:0f 1587731                    /usr/lib/jvm/oracle_jdk8/jre/lib/amd64/libawt.so
7f665dfd9000-7f665dffd000 rw-p 00000000 00:00 0 
7f665dffd000-7f665e1bd000 rw-s 1089e7000 00:06 349                       /dev/dri/card0
7f665e1bd000-7f665e7bd000 rw-s 00000000 00:05 1345719                    /drm mm object (deleted)
7f665e7bd000-7f665e97d000 rw-s 00000000 00:05 1345714                    /drm mm object (deleted)
7f665e97d000-7f665eb7d000 rw-p 00000000 00:00 0 
7f665eb7d000-7f665ec2a000 r--p 00000000 08:0f 2225679                    /usr/share/fonts/truetype/dejavu/DejaVuSans-Bold.ttf
7f665ec2a000-7f665ec2d000 ---p 00000000 00:00 0 
7f665ec2d000-7f665ed2b000 rw-p 00000000 00:00 0 
7f665ed2b000-7f665ede4000 r--p 00000000 08:0f 2225680                    /usr/share/fonts/truetype/dejavu/DejaVuSans.ttf
7f665ede4000-7f665ede8000 r-xp 00000000 08:0f 1587696                    /usr/lib/jvm/oracle_jdk8/jre/lib/amd64/libjavafx_font_pango.so
7f665ede8000-7f665efe7000 ---p 00004000 08:0f 1587696                    /usr/lib/jvm/oracle_jdk8/jre/lib/amd64/libjavafx_font_pango.so
7f665efe7000-7f665efe8000 rw-p 00003000 08:0f 1587696                    /usr/lib/jvm/oracle_jdk8/jre/lib/amd64/libjavafx_font_pango.so
7f665efe8000-7f665f1e8000 rw-p 00000000 00:00 0 
7f665f1e8000-7f665f3e8000 rw-p 00000000 00:00 0 
7f665f3e8000-7f665f3fe000 r-xp 00000000 08:0f 1587738                    /usr/lib/jvm/oracle_jdk8/jre/lib/amd64/libnet.so
7f665f3fe000-7f665f5fe000 ---p 00016000 08:0f 1587738                    /usr/lib/jvm/oracle_jdk8/jre/lib/amd64/libnet.so
7f665f5fe000-7f665f5ff000 rw-p 00016000 08:0f 1587738                    /usr/lib/jvm/oracle_jdk8/jre/lib/amd64/libnet.so
7f665f5ff000-7f665f7ff000 rw-p 00000000 00:00 0 
7f665f7ff000-7f665f800000 ---p 00000000 00:00 0 
7f665f800000-7f6660000000 rw-p 00000000 00:00 0 
7f6660000000-7f6660021000 rw-p 00000000 00:00 0 
7f6660021000-7f6664000000 ---p 00000000 00:00 0 
7f6664064000-7f6664067000 ---p 00000000 00:00 0 
7f6664067000-7f6664165000 rw-p 00000000 00:00 0 
7f6664165000-7f666416a000 r-xp 00000000 08:0f 1587699                    /usr/lib/jvm/oracle_jdk8/jre/lib/amd64/libjavafx_font_freetype.so
7f666416a000-7f6664369000 ---p 00005000 08:0f 1587699                    /usr/lib/jvm/oracle_jdk8/jre/lib/amd64/libjavafx_font_freetype.so
7f6664369000-7f666436a000 rw-p 00004000 08:0f 1587699                    /usr/lib/jvm/oracle_jdk8/jre/lib/amd64/libjavafx_font_freetype.so
7f666436a000-7f666436d000 r-xp 00000000 08:0f 1587739                    /usr/lib/jvm/oracle_jdk8/jre/lib/amd64/libjavafx_font.so
7f666436d000-7f666456c000 ---p 00003000 08:0f 1587739                    /usr/lib/jvm/oracle_jdk8/jre/lib/amd64/libjavafx_font.so
7f666456c000-7f666456d000 rw-p 00002000 08:0f 1587739                    /usr/lib/jvm/oracle_jdk8/jre/lib/amd64/libjavafx_font.so
7f666456d000-7f666476d000 rw-p 00000000 00:00 0 
7f666476d000-7f666476e000 ---p 00000000 00:00 0 
7f666476e000-7f6664f6e000 rw-p 00000000 00:00 0 
7f6664f6e000-7f6664f6f000 ---p 00000000 00:00 0 
7f6664f6f000-7f666576f000 rw-p 00000000 00:00 0 
7f666576f000-7f666577b000 r-xp 00000000 08:0f 1572888                    /usr/lib/x86_64-linux-gnu/gio/modules/libdconfsettings.so
7f666577b000-7f666597a000 ---p 0000c000 08:0f 1572888                    /usr/lib/x86_64-linux-gnu/gio/modules/libdconfsettings.so
7f666597a000-7f666597b000 r--p 0000b000 08:0f 1572888                    /usr/lib/x86_64-linux-gnu/gio/modules/libdconfsettings.so
7f666597b000-7f666597c000 rw-p 0000c000 08:0f 1572888                    /usr/lib/x86_64-linux-gnu/gio/modules/libdconfsettings.so
7f666597c000-7f6665983000 r-xp 00000000 08:0f 1318849                    /usr/lib/x86_64-linux-gnu/libogg.so.0.8.2
7f6665983000-7f6665b83000 ---p 00007000 08:0f 1318849                    /usr/lib/x86_64-linux-gnu/libogg.so.0.8.2
7f6665b83000-7f6665b84000 r--p 00007000 08:0f 1318849                    /usr/lib/x86_64-linux-gnu/libogg.so.0.8.2
7f6665b84000-7f6665b85000 rw-p 00008000 08:0f 1318849                    /usr/lib/x86_64-linux-gnu/libogg.so.0.8.2
7f6665b85000-7f6665baf000 r-xp 00000000 08:0f 1319282                    /usr/lib/x86_64-linux-gnu/libvorbis.so.0.4.8
7f6665baf000-7f6665daf000 ---p 0002a000 08:0f 1319282                    /usr/lib/x86_64-linux-gnu/libvorbis.so.0.4.8
7f6665daf000-7f6665db0000 r--p 0002a000 08:0f 1319282                    /usr/lib/x86_64-linux-gnu/libvorbis.so.0.4.8
7f6665db0000-7f6665db1000 rw-p 0002b000 08:0f 1319282                    /usr/lib/x86_64-linux-gnu/libvorbis.so.0.4.8
7f6665db1000-7f6665db9000 r-xp 00000000 08:0f 1318693                    /usr/lib/x86_64-linux-gnu/libltdl.so.7.3.1
7f6665db9000-7f6665fb9000 ---p 00008000 08:0f 1318693                    /usr/lib/x86_64-linux-gnu/libltdl.so.7.3.1
7f6665fb9000-7f6665fba000 r--p 00008000 08:0f 1318693                    /usr/lib/x86_64-linux-gnu/libltdl.so.7.3.1
7f6665fba000-7f6665fbb000 rw-p 00009000 08:0f 1318693                    /usr/lib/x86_64-linux-gnu/libltdl.so.7.3.1
7f6665fbb000-7f6665fcf000 r-xp 00000000 08:0f 1319115                    /usr/lib/x86_64-linux-gnu/libtdb.so.1.3.9
7f6665fcf000-7f66661ce000 ---p 00014000 08:0f 1319115                    /usr/lib/x86_64-linux-gnu/libtdb.so.1.3.9
7f66661ce000-7f66661cf000 r--p 00013000 08:0f 1319115                    /usr/lib/x86_64-linux-gnu/libtdb.so.1.3.9
7f66661cf000-7f66661d0000 rw-p 00014000 08:0f 1319115                    /usr/lib/x86_64-linux-gnu/libtdb.so.1.3.9
7f66661d0000-7f66661d7000 r-xp 00000000 08:0f 1319286                    /usr/lib/x86_64-linux-gnu/libvorbisfile.so.3.3.7
7f66661d7000-7f66663d7000 ---p 00007000 08:0f 1319286                    /usr/lib/x86_64-linux-gnu/libvorbisfile.so.3.3.7
7f66663d7000-7f66663d8000 r--p 00007000 08:0f 1319286                    /usr/lib/x86_64-linux-gnu/libvorbisfile.so.3.3.7
7f66663d8000-7f66663d9000 rw-p 00008000 08:0f 1319286                    /usr/lib/x86_64-linux-gnu/libvorbisfile.so.3.3.7
7f66663d9000-7f66663e9000 r-xp 00000000 08:0f 1318049                    /usr/lib/x86_64-linux-gnu/libcanberra.so.0.2.5
7f66663e9000-7f66665e9000 ---p 00010000 08:0f 1318049                    /usr/lib/x86_64-linux-gnu/libcanberra.so.0.2.5
7f66665e9000-7f66665ea000 r--p 00010000 08:0f 1318049                    /usr/lib/x86_64-linux-gnu/libcanberra.so.0.2.5
7f66665ea000-7f66665eb000 rw-p 00011000 08:0f 1318049                    /usr/lib/x86_64-linux-gnu/libcanberra.so.0.2.5
7f66665eb000-7f66665ef000 r-xp 00000000 08:0f 1318045                    /usr/lib/x86_64-linux-gnu/libcanberra-gtk.so.0.1.9
7f66665ef000-7f66667ee000 ---p 00004000 08:0f 1318045                    /usr/lib/x86_64-linux-gnu/libcanberra-gtk.so.0.1.9
7f66667ee000-7f66667ef000 r--p 00003000 08:0f 1318045                    /usr/lib/x86_64-linux-gnu/libcanberra-gtk.so.0.1.9
7f66667ef000-7f66667f0000 rw-p 00004000 08:0f 1318045                    /usr/lib/x86_64-linux-gnu/libcanberra-gtk.so.0.1.9
7f66667f0000-7f66667f5000 r-xp 00000000 08:0f 1573095                    /usr/lib/x86_64-linux-gnu/gtk-2.0/modules/libcanberra-gtk-module.so
7f66667f5000-7f66669f4000 ---p 00005000 08:0f 1573095                    /usr/lib/x86_64-linux-gnu/gtk-2.0/modules/libcanberra-gtk-module.so
7f66669f4000-7f66669f5000 r--p 00004000 08:0f 1573095                    /usr/lib/x86_64-linux-gnu/gtk-2.0/modules/libcanberra-gtk-module.so
7f66669f5000-7f66669f6000 rw-p 00005000 08:0f 1573095                    /usr/lib/x86_64-linux-gnu/gtk-2.0/modules/libcanberra-gtk-module.so
7f66669f6000-7f6666a26000 r-xp 00000000 08:0f 1573077                    /usr/lib/x86_64-linux-gnu/gtk-2.0/2.10.0/engines/libmurrine.so
7f6666a26000-7f6666c26000 ---p 00030000 08:0f 1573077                    /usr/lib/x86_64-linux-gnu/gtk-2.0/2.10.0/engines/libmurrine.so
7f6666c26000-7f6666c27000 r--p 00030000 08:0f 1573077                    /usr/lib/x86_64-linux-gnu/gtk-2.0/2.10.0/engines/libmurrine.so
7f6666c27000-7f6666c28000 rw-p 00031000 08:0f 1573077                    /usr/lib/x86_64-linux-gnu/gtk-2.0/2.10.0/engines/libmurrine.so
7f6666c28000-7f6666c39000 r-xp 00000000 08:0f 1587590                    /usr/lib/x86_64-linux-gnu/gtk-2.0/modules/liboverlay-scrollbar.so
7f6666c39000-7f6666e39000 ---p 00011000 08:0f 1587590                    /usr/lib/x86_64-linux-gnu/gtk-2.0/modules/liboverlay-scrollbar.so
7f6666e39000-7f6666e3a000 r--p 00011000 08:0f 1587590                    /usr/lib/x86_64-linux-gnu/gtk-2.0/modules/liboverlay-scrollbar.so
7f6666e3a000-7f6666e3b000 rw-p 00012000 08:0f 1587590                    /usr/lib/x86_64-linux-gnu/gtk-2.0/modules/liboverlay-scrollbar.so
7f6666e3b000-7f6666e64000 r-xp 00000000 08:0f 1587715                    /usr/lib/jvm/oracle_jdk8/jre/lib/amd64/libglass.so
7f6666e64000-7f6667063000 ---p 00029000 08:0f 1587715                    /usr/lib/jvm/oracle_jdk8/jre/lib/amd64/libglass.so
7f6667063000-7f6667066000 rw-p 00028000 08:0f 1587715                    /usr/lib/jvm/oracle_jdk8/jre/lib/amd64/libglass.so
7f6667066000-7f666709d000 r-xp 00000000 08:0f 1319162                    /usr/lib/x86_64-linux-gnu/libtxc_dxtn_s2tc.so.0.0.0
7f666709d000-7f666729c000 ---p 00037000 08:0f 1319162                    /usr/lib/x86_64-linux-gnu/libtxc_dxtn_s2tc.so.0.0.0
7f666729c000-7f666729d000 r--p 00036000 08:0f 1319162                    /usr/lib/x86_64-linux-gnu/libtxc_dxtn_s2tc.so.0.0.0
7f666729d000-7f666729e000 rw-p 00037000 08:0f 1319162                    /usr/lib/x86_64-linux-gnu/libtxc_dxtn_s2tc.so.0.0.0
7f666729e000-7f66672a6000 r-xp 00000000 08:0f 1318896                    /usr/lib/x86_64-linux-gnu/libpciaccess.so.0.11.1
7f66672a6000-7f66674a6000 ---p 00008000 08:0f 1318896                    /usr/lib/x86_64-linux-gnu/libpciaccess.so.0.11.1
7f66674a6000-7f66674a7000 r--p 00008000 08:0f 1318896                    /usr/lib/x86_64-linux-gnu/libpciaccess.so.0.11.1
7f66674a7000-7f66674a8000 rw-p 00009000 08:0f 1318896                    /usr/lib/x86_64-linux-gnu/libpciaccess.so.0.11.1
7f66674a8000-7f66674ba000 r-xp 00000000 08:0f 528094                     /lib/x86_64-linux-gnu/libgpg-error.so.0.19.1
7f66674ba000-7f66676ba000 ---p 00012000 08:0f 528094                     /lib/x86_64-linux-gnu/libgpg-error.so.0.19.1
7f66676ba000-7f66676bb000 r--p 00012000 08:0f 528094                     /lib/x86_64-linux-gnu/libgpg-error.so.0.19.1
7f66676bb000-7f66676bc000 rw-p 00013000 08:0f 528094                     /lib/x86_64-linux-gnu/libgpg-error.so.0.19.1
7f66676bc000-7f66676c7000 r-xp 00000000 08:0f 1318198                    /usr/lib/x86_64-linux-gnu/libdrm_radeon.so.1.0.1
7f66676c7000-7f66678c6000 ---p 0000b000 08:0f 1318198                    /usr/lib/x86_64-linux-gnu/libdrm_radeon.so.1.0.1
7f66678c6000-7f66678c7000 r--p 0000a000 08:0f 1318198                    /usr/lib/x86_64-linux-gnu/libdrm_radeon.so.1.0.1
7f66678c7000-7f66678c8000 rw-p 0000b000 08:0f 1318198                    /usr/lib/x86_64-linux-gnu/libdrm_radeon.so.1.0.1
7f66678c8000-7f66678cf000 r-xp 00000000 08:0f 1318196                    /usr/lib/x86_64-linux-gnu/libdrm_nouveau.so.2.0.0
7f66678cf000-7f6667ace000 ---p 00007000 08:0f 1318196                    /usr/lib/x86_64-linux-gnu/libdrm_nouveau.so.2.0.0
7f6667ace000-7f6667acf000 r--p 00006000 08:0f 1318196                    /usr/lib/x86_64-linux-gnu/libdrm_nouveau.so.2.0.0
7f6667acf000-7f6667ad0000 rw-p 00007000 08:0f 1318196                    /usr/lib/x86_64-linux-gnu/libdrm_nouveau.so.2.0.0
7f6667ad0000-7f6667af0000 r-xp 00000000 08:0f 1318194                    /usr/lib/x86_64-linux-gnu/libdrm_intel.so.1.0.0
7f6667af0000-7f6667cef000 ---p 00020000 08:0f 1318194                    /usr/lib/x86_64-linux-gnu/libdrm_intel.so.1.0.0
7f6667cef000-7f6667cf0000 r--p 0001f000 08:0f 1318194                    /usr/lib/x86_64-linux-gnu/libdrm_intel.so.1.0.0
7f6667cf0000-7f6667cf1000 rw-p 00020000 08:0f 1318194                    /usr/lib/x86_64-linux-gnu/libdrm_intel.so.1.0.0
7f6667cf1000-7f6667df8000 r-xp 00000000 08:0f 528090                     /lib/x86_64-linux-gnu/libgcrypt.so.20.1.2
7f6667df8000-7f6667ff7000 ---p 00107000 08:0f 528090                     /lib/x86_64-linux-gnu/libgcrypt.so.20.1.2
7f6667ff7000-7f6667ff9000 r--p 00106000 08:0f 528090                     /lib/x86_64-linux-gnu/libgcrypt.so.20.1.2
7f6667ff9000-7f6668000000 rw-p 00108000 08:0f 528090                     /lib/x86_64-linux-gnu/libgcrypt.so.20.1.2
7f6668000000-7f6669eef000 rw-p 00000000 00:00 0 
7f6669eef000-7f666c000000 ---p 00000000 00:00 0 
7f666c004000-7f666c020000 rw-s 00000000 00:05 1345721                    /drm mm object (deleted)
7f666c020000-7f666c030000 rw-s 00000000 00:05 1345718                    /drm mm object (deleted)
7f666c030000-7f666c038000 rw-s 00000000 00:05 1345717                    /drm mm object (deleted)
7f666c038000-7f666c048000 rw-s 00000000 00:05 1345716                    /drm mm object (deleted)
7f666c048000-7f666c09d000 r--p 00000000 08:0f 1713185                    /usr/lib/jvm/oracle_jdk8/jre/lib/fonts/LucidaBrightRegular.ttf
7f666c09d000-7f666c0eb000 r--p 00000000 08:0f 1713186                    /usr/lib/jvm/oracle_jdk8/jre/lib/fonts/LucidaSansDemiBold.ttf
7f666c0eb000-7f666c0ee000 ---p 00000000 00:00 0 
7f666c0ee000-7f666c1ec000 rw-p 00000000 00:00 0 
7f666c1ec000-7f666c88f000 r-xp 00000000 08:0f 1571962                    /usr/lib/x86_64-linux-gnu/dri/i965_dri.so
7f666c88f000-7f666ca8e000 ---p 006a3000 08:0f 1571962                    /usr/lib/x86_64-linux-gnu/dri/i965_dri.so
7f666ca8e000-7f666cacd000 r--p 006a2000 08:0f 1571962                    /usr/lib/x86_64-linux-gnu/dri/i965_dri.so
7f666cacd000-7f666cad5000 rw-p 006e1000 08:0f 1571962                    /usr/lib/x86_64-linux-gnu/dri/i965_dri.so
7f666cad5000-7f666cadd000 rw-p 00000000 00:00 0 
7f666cadd000-7f666cae1000 r-xp 00000000 08:0f 527948                     /lib/x86_64-linux-gnu/libuuid.so.1.3.0
7f666cae1000-7f666cce0000 ---p 00004000 08:0f 527948                     /lib/x86_64-linux-gnu/libuuid.so.1.3.0
7f666cce0000-7f666cce1000 r--p 00003000 08:0f 527948                     /lib/x86_64-linux-gnu/libuuid.so.1.3.0
7f666cce1000-7f666cce2000 rw-p 00004000 08:0f 527948                     /lib/x86_64-linux-gnu/libuuid.so.1.3.0
7f666cce2000-7f666cce8000 r-xp 00000000 08:0f 1318139                    /usr/lib/x86_64-linux-gnu/libdatrie.so.1.3.3
7f666cce8000-7f666cee8000 ---p 00006000 08:0f 1318139                    /usr/lib/x86_64-linux-gnu/libdatrie.so.1.3.3
7f666cee8000-7f666cee9000 r--p 00006000 08:0f 1318139                    /usr/lib/x86_64-linux-gnu/libdatrie.so.1.3.3
7f666cee9000-7f666ceea000 rw-p 00007000 08:0f 1318139                    /usr/lib/x86_64-linux-gnu/libdatrie.so.1.3.3
7f666ceea000-7f666ceef000 r-xp 00000000 08:0f 1317884                    /usr/lib/x86_64-linux-gnu/libXdmcp.so.6.0.0
7f666ceef000-7f666d0ee000 ---p 00005000 08:0f 1317884                    /usr/lib/x86_64-linux-gnu/libXdmcp.so.6.0.0
7f666d0ee000-7f666d0ef000 r--p 00004000 08:0f 1317884                    /usr/lib/x86_64-linux-gnu/libXdmcp.so.6.0.0
7f666d0ef000-7f666d0f0000 rw-p 00005000 08:0f 1317884                    /usr/lib/x86_64-linux-gnu/libXdmcp.so.6.0.0
7f666d0f0000-7f666d0f2000 r-xp 00000000 08:0f 1317873                    /usr/lib/x86_64-linux-gnu/libXau.so.6.0.0
7f666d0f2000-7f666d2f2000 ---p 00002000 08:0f 1317873                    /usr/lib/x86_64-linux-gnu/libXau.so.6.0.0
7f666d2f2000-7f666d2f3000 r--p 00002000 08:0f 1317873                    /usr/lib/x86_64-linux-gnu/libXau.so.6.0.0
7f666d2f3000-7f666d2f4000 rw-p 00003000 08:0f 1317873                    /usr/lib/x86_64-linux-gnu/libXau.so.6.0.0
7f666d2f4000-7f666d317000 r-xp 00000000 08:0f 1318451                    /usr/lib/x86_64-linux-gnu/libgraphite2.so.3.0.1
7f666d317000-7f666d516000 ---p 00023000 08:0f 1318451                    /usr/lib/x86_64-linux-gnu/libgraphite2.so.3.0.1
7f666d516000-7f666d518000 r--p 00022000 08:0f 1318451                    /usr/lib/x86_64-linux-gnu/libgraphite2.so.3.0.1
7f666d518000-7f666d519000 rw-p 00024000 08:0f 1318451                    /usr/lib/x86_64-linux-gnu/libgraphite2.so.3.0.1
7f666d519000-7f666d556000 r-xp 00000000 08:0f 527950                     /lib/x86_64-linux-gnu/libblkid.so.1.1.0
7f666d556000-7f666d755000 ---p 0003d000 08:0f 527950                     /lib/x86_64-linux-gnu/libblkid.so.1.1.0
7f666d755000-7f666d759000 r--p 0003c000 08:0f 527950                     /lib/x86_64-linux-gnu/libblkid.so.1.1.0
7f666d759000-7f666d75a000 rw-p 00040000 08:0f 527950                     /lib/x86_64-linux-gnu/libblkid.so.1.1.0
7f666d75a000-7f666d75b000 rw-p 00000000 00:00 0 
7f666d75b000-7f666d769000 r-xp 00000000 08:0f 1318190                    /usr/lib/x86_64-linux-gnu/libdrm.so.2.4.0
7f666d769000-7f666d968000 ---p 0000e000 08:0f 1318190                    /usr/lib/x86_64-linux-gnu/libdrm.so.2.4.0
7f666d968000-7f666d969000 r--p 0000d000 08:0f 1318190                    /usr/lib/x86_64-linux-gnu/libdrm.so.2.4.0
7f666d969000-7f666d96a000 rw-p 0000e000 08:0f 1318190                    /usr/lib/x86_64-linux-gnu/libdrm.so.2.4.0
7f666d96a000-7f666d96e000 r-xp 00000000 08:0f 1319373                    /usr/lib/x86_64-linux-gnu/libxcb-dri2.so.0.0.0
7f666d96e000-7f666db6d000 ---p 00004000 08:0f 1319373                    /usr/lib/x86_64-linux-gnu/libxcb-dri2.so.0.0.0
7f666db6d000-7f666db6e000 r--p 00003000 08:0f 1319373                    /usr/lib/x86_64-linux-gnu/libxcb-dri2.so.0.0.0
7f666db6e000-7f666db6f000 rw-p 00004000 08:0f 1319373                    /usr/lib/x86_64-linux-gnu/libxcb-dri2.so.0.0.0
7f666db6f000-7f666db86000 r-xp 00000000 08:0f 1319377                    /usr/lib/x86_64-linux-gnu/libxcb-glx.so.0.0.0
7f666db86000-7f666dd85000 ---p 00017000 08:0f 1319377                    /usr/lib/x86_64-linux-gnu/libxcb-glx.so.0.0.0
7f666dd85000-7f666dd87000 r--p 00016000 08:0f 1319377                    /usr/lib/x86_64-linux-gnu/libxcb-glx.so.0.0.0
7f666dd87000-7f666dd88000 rw-p 00018000 08:0f 1319377                    /usr/lib/x86_64-linux-gnu/libxcb-glx.so.0.0.0
7f666dd88000-7f666dd89000 r-xp 00000000 08:0f 1317867                    /usr/lib/x86_64-linux-gnu/libX11-xcb.so.1.0.0
7f666dd89000-7f666df88000 ---p 00001000 08:0f 1317867                    /usr/lib/x86_64-linux-gnu/libX11-xcb.so.1.0.0
7f666df88000-7f666df89000 r--p 00000000 08:0f 1317867                    /usr/lib/x86_64-linux-gnu/libX11-xcb.so.1.0.0
7f666df89000-7f666df8a000 rw-p 00001000 08:0f 1317867                    /usr/lib/x86_64-linux-gnu/libX11-xcb.so.1.0.0
7f666df8a000-7f666dfb3000 r-xp 00000000 08:0f 1332500                    /usr/lib/x86_64-linux-gnu/libglapi.so.0.0.0
7f666dfb3000-7f666e1b2000 ---p 00029000 08:0f 1332500                    /usr/lib/x86_64-linux-gnu/libglapi.so.0.0.0
7f666e1b2000-7f666e1b6000 r--p 00028000 08:0f 1332500                    /usr/lib/x86_64-linux-gnu/libglapi.so.0.0.0
7f666e1b6000-7f666e1b7000 rw-p 0002c000 08:0f 1332500                    /usr/lib/x86_64-linux-gnu/libglapi.so.0.0.0
7f666e1b7000-7f666e1b8000 rw-p 00000000 00:00 0 
7f666e1b8000-7f666e1b9000 r-xp 00000000 08:0f 1319419                    /usr/lib/x86_64-linux-gnu/libxshmfence.so.1.0.0
7f666e1b9000-7f666e3b9000 ---p 00001000 08:0f 1319419                    /usr/lib/x86_64-linux-gnu/libxshmfence.so.1.0.0
7f666e3b9000-7f666e3ba000 r--p 00001000 08:0f 1319419                    /usr/lib/x86_64-linux-gnu/libxshmfence.so.1.0.0
7f666e3ba000-7f666e3bb000 rw-p 00002000 08:0f 1319419                    /usr/lib/x86_64-linux-gnu/libxshmfence.so.1.0.0
7f666e3bb000-7f666e3c0000 r-xp 00000000 08:0f 1319397                    /usr/lib/x86_64-linux-gnu/libxcb-sync.so.1.0.0
7f666e3c0000-7f666e5c0000 ---p 00005000 08:0f 1319397                    /usr/lib/x86_64-linux-gnu/libxcb-sync.so.1.0.0
7f666e5c0000-7f666e5c1000 r--p 00005000 08:0f 1319397                    /usr/lib/x86_64-linux-gnu/libxcb-sync.so.1.0.0
7f666e5c1000-7f666e5c2000 rw-p 00006000 08:0f 1319397                    /usr/lib/x86_64-linux-gnu/libxcb-sync.so.1.0.0
7f666e5c2000-7f666e5c4000 r-xp 00000000 08:0f 1319385                    /usr/lib/x86_64-linux-gnu/libxcb-present.so.0.0.0
7f666e5c4000-7f666e7c3000 ---p 00002000 08:0f 1319385                    /usr/lib/x86_64-linux-gnu/libxcb-present.so.0.0.0
7f666e7c3000-7f666e7c4000 r--p 00001000 08:0f 1319385                    /usr/lib/x86_64-linux-gnu/libxcb-present.so.0.0.0
7f666e7c4000-7f666e7c5000 rw-p 00002000 08:0f 1319385                    /usr/lib/x86_64-linux-gnu/libxcb-present.so.0.0.0
7f666e7c5000-7f666e7c7000 r-xp 00000000 08:0f 1319375                    /usr/lib/x86_64-linux-gnu/libxcb-dri3.so.0.0.0
7f666e7c7000-7f666e9c6000 ---p 00002000 08:0f 1319375                    /usr/lib/x86_64-linux-gnu/libxcb-dri3.so.0.0.0
7f666e9c6000-7f666e9c7000 r--p 00001000 08:0f 1319375                    /usr/lib/x86_64-linux-gnu/libxcb-dri3.so.0.0.0
7f666e9c7000-7f666e9c8000 rw-p 00002000 08:0f 1319375                    /usr/lib/x86_64-linux-gnu/libxcb-dri3.so.0.0.0
7f666e9c8000-7f666ea3a000 r-xp 00000000 08:0f 528176                     /lib/x86_64-linux-gnu/libpcre.so.3.13.3
7f666ea3a000-7f666ec39000 ---p 00072000 08:0f 528176                     /lib/x86_64-linux-gnu/libpcre.so.3.13.3
7f666ec39000-7f666ec3a000 r--p 00071000 08:0f 528176                     /lib/x86_64-linux-gnu/libpcre.so.3.13.3
7f666ec3a000-7f666ec3b000 rw-p 00072000 08:0f 528176                     /lib/x86_64-linux-gnu/libpcre.so.3.13.3
7f666ec3b000-7f666ec42000 r-xp 00000000 08:0f 1318270                    /usr/lib/x86_64-linux-gnu/libffi.so.6.0.4
7f666ec42000-7f666ee41000 ---p 00007000 08:0f 1318270                    /usr/lib/x86_64-linux-gnu/libffi.so.6.0.4
7f666ee41000-7f666ee42000 r--p 00006000 08:0f 1318270                    /usr/lib/x86_64-linux-gnu/libffi.so.6.0.4
7f666ee42000-7f666ee43000 rw-p 00007000 08:0f 1318270                    /usr/lib/x86_64-linux-gnu/libffi.so.6.0.4
7f666ee43000-7f666ee6a000 r-xp 00000000 08:0f 528081                     /lib/x86_64-linux-gnu/libexpat.so.1.6.2
7f666ee6a000-7f666f06a000 ---p 00027000 08:0f 528081                     /lib/x86_64-linux-gnu/libexpat.so.1.6.2
7f666f06a000-7f666f06c000 r--p 00027000 08:0f 528081                     /lib/x86_64-linux-gnu/libexpat.so.1.6.2
7f666f06c000-7f666f06d000 rw-p 00029000 08:0f 528081                     /lib/x86_64-linux-gnu/libexpat.so.1.6.2
7f666f06d000-7f666f075000 r-xp 00000000 08:0f 1319129                    /usr/lib/x86_64-linux-gnu/libthai.so.0.3.0
7f666f075000-7f666f274000 ---p 00008000 08:0f 1319129                    /usr/lib/x86_64-linux-gnu/libthai.so.0.3.0
7f666f274000-7f666f275000 r--p 00007000 08:0f 1319129                    /usr/lib/x86_64-linux-gnu/libthai.so.0.3.0
7f666f275000-7f666f276000 rw-p 00008000 08:0f 1319129                    /usr/lib/x86_64-linux-gnu/libthai.so.0.3.0
7f666f276000-7f666f297000 r-xp 00000000 08:0f 1319407                    /usr/lib/x86_64-linux-gnu/libxcb.so.1.1.0
7f666f297000-7f666f496000 ---p 00021000 08:0f 1319407                    /usr/lib/x86_64-linux-gnu/libxcb.so.1.1.0
7f666f496000-7f666f497000 r--p 00020000 08:0f 1319407                    /usr/lib/x86_64-linux-gnu/libxcb.so.1.1.0
7f666f497000-7f666f498000 rw-p 00021000 08:0f 1319407                    /usr/lib/x86_64-linux-gnu/libxcb.so.1.1.0
7f666f498000-7f666f4a0000 r-xp 00000000 08:0f 1319391                    /usr/lib/x86_64-linux-gnu/libxcb-render.so.0.0.0
7f666f4a0000-7f666f6a0000 ---p 00008000 08:0f 1319391                    /usr/lib/x86_64-linux-gnu/libxcb-render.so.0.0.0
7f666f6a0000-7f666f6a1000 r--p 00008000 08:0f 1319391                    /usr/lib/x86_64-linux-gnu/libxcb-render.so.0.0.0
7f666f6a1000-7f666f6a2000 rw-p 00009000 08:0f 1319391                    /usr/lib/x86_64-linux-gnu/libxcb-render.so.0.0.0
7f666f6a2000-7f666f6a4000 r-xp 00000000 08:0f 1319395                    /usr/lib/x86_64-linux-gnu/libxcb-shm.so.0.0.0
7f666f6a4000-7f666f8a4000 ---p 00002000 08:0f 1319395                    /usr/lib/x86_64-linux-gnu/libxcb-shm.so.0.0.0
7f666f8a4000-7f666f8a5000 r--p 00002000 08:0f 1319395                    /usr/lib/x86_64-linux-gnu/libxcb-shm.so.0.0.0
7f666f8a5000-7f666f8a6000 rw-p 00003000 08:0f 1319395                    /usr/lib/x86_64-linux-gnu/libxcb-shm.so.0.0.0
7f666f8a6000-7f666f8d7000 r-xp 00000000 08:0f 1318920                    /usr/lib/x86_64-linux-gnu/libpng16.so.16.25.0
7f666f8d7000-7f666fad6000 ---p 00031000 08:0f 1318920                    /usr/lib/x86_64-linux-gnu/libpng16.so.16.25.0
7f666fad6000-7f666fad7000 r--p 00030000 08:0f 1318920                    /usr/lib/x86_64-linux-gnu/libpng16.so.16.25.0
7f666fad7000-7f666fad8000 rw-p 00031000 08:0f 1318920                    /usr/lib/x86_64-linux-gnu/libpng16.so.16.25.0
7f666fad8000-7f666fb77000 r-xp 00000000 08:0f 1318912                    /usr/lib/x86_64-linux-gnu/libpixman-1.so.0.33.6
7f666fb77000-7f666fd77000 ---p 0009f000 08:0f 1318912                    /usr/lib/x86_64-linux-gnu/libpixman-1.so.0.33.6
7f666fd77000-7f666fd7f000 r--p 0009f000 08:0f 1318912                    /usr/lib/x86_64-linux-gnu/libpixman-1.so.0.33.6
7f666fd7f000-7f666fd80000 rw-p 000a7000 08:0f 1318912                    /usr/lib/x86_64-linux-gnu/libpixman-1.so.0.33.6
7f666fd80000-7f666fdfe000 r-xp 00000000 08:0f 1318541                    /usr/lib/x86_64-linux-gnu/libharfbuzz.so.0.10200.7
7f666fdfe000-7f666fffe000 ---p 0007e000 08:0f 1318541                    /usr/lib/x86_64-linux-gnu/libharfbuzz.so.0.10200.7
7f666fffe000-7f666ffff000 r--p 0007e000 08:0f 1318541                    /usr/lib/x86_64-linux-gnu/libharfbuzz.so.0.10200.7
7f666ffff000-7f6670000000 rw-p 0007f000 08:0f 1318541                    /usr/lib/x86_64-linux-gnu/libharfbuzz.so.0.10200.7
7f6670000000-7f6670021000 rw-p 00000000 00:00 0 
7f6670021000-7f6674000000 ---p 00000000 00:00 0 
7f6674000000-7f6674021000 rw-p 00000000 00:00 0 
7f6674021000-7f6678000000 ---p 00000000 00:00 0 
7f6678000000-7f66784c5000 rw-p 00000000 00:00 0 
7f66784c5000-7f667c000000 ---p 00000000 00:00 0 
7f667c000000-7f667c6c2000 rw-p 00000000 00:00 0 
7f667c6c2000-7f6680000000 ---p 00000000 00:00 0 
7f6680000000-7f66806c1000 rw-p 00000000 00:00 0 
7f66806c1000-7f6684000000 ---p 00000000 00:00 0 
7f6684000000-7f6684629000 rw-p 00000000 00:00 0 
7f6684629000-7f6688000000 ---p 00000000 00:00 0 
7f6688000000-7f6688021000 rw-p 00000000 00:00 0 
7f6688021000-7f668c000000 ---p 00000000 00:00 0 
7f668c000000-7f668c021000 rw-p 00000000 00:00 0 
7f668c021000-7f6690000000 ---p 00000000 00:00 0 
7f6690000000-7f6690021000 rw-p 00000000 00:00 0 
7f6690021000-7f6694000000 ---p 00000000 00:00 0 
7f6694000000-7f6694021000 rw-p 00000000 00:00 0 
7f6694021000-7f6698000000 ---p 00000000 00:00 0 
7f6698000000-7f6698021000 rw-p 00000000 00:00 0 
7f6698021000-7f669c000000 ---p 00000000 00:00 0 
7f669c000000-7f669c021000 rw-p 00000000 00:00 0 
7f669c021000-7f66a0000000 ---p 00000000 00:00 0 
7f66a0000000-7f66a0021000 rw-p 00000000 00:00 0 
7f66a0021000-7f66a4000000 ---p 00000000 00:00 0 
7f66a4000000-7f66a4021000 rw-p 00000000 00:00 0 
7f66a4021000-7f66a8000000 ---p 00000000 00:00 0 
7f66a8000000-7f66a8021000 rw-p 00000000 00:00 0 
7f66a8021000-7f66ac000000 ---p 00000000 00:00 0 
7f66ac000000-7f66ac013000 r--s 00344000 08:0f 1587685                    /usr/lib/jvm/oracle_jdk8/jre/lib/resources.jar
7f66ac013000-7f66ac04d000 r--p 00000000 08:0f 1713190                    /usr/lib/jvm/oracle_jdk8/jre/lib/fonts/LucidaTypewriterBold.ttf
7f66ac04d000-7f66ac0f8000 r--p 00000000 08:0f 1713184                    /usr/lib/jvm/oracle_jdk8/jre/lib/fonts/LucidaSansRegular.ttf
7f66ac0f8000-7f66ac0fb000 ---p 00000000 00:00 0 
7f66ac0fb000-7f66ac1f9000 rw-p 00000000 00:00 0 
7f66ac1f9000-7f66ac23f000 r-xp 00000000 08:0f 527943                     /lib/x86_64-linux-gnu/libmount.so.1.1.0
7f66ac23f000-7f66ac43e000 ---p 00046000 08:0f 527943                     /lib/x86_64-linux-gnu/libmount.so.1.1.0
7f66ac43e000-7f66ac43f000 r--p 00045000 08:0f 527943                     /lib/x86_64-linux-gnu/libmount.so.1.1.0
7f66ac43f000-7f66ac440000 rw-p 00046000 08:0f 527943                     /lib/x86_64-linux-gnu/libmount.so.1.1.0
7f66ac440000-7f66ac441000 rw-p 00000000 00:00 0 
7f66ac441000-7f66ac458000 r-xp 00000000 08:0f 528272                     /lib/x86_64-linux-gnu/libresolv-2.24.so
7f66ac458000-7f66ac658000 ---p 00017000 08:0f 528272                     /lib/x86_64-linux-gnu/libresolv-2.24.so
7f66ac658000-7f66ac659000 r--p 00017000 08:0f 528272                     /lib/x86_64-linux-gnu/libresolv-2.24.so
7f66ac659000-7f66ac65a000 rw-p 00018000 08:0f 528272                     /lib/x86_64-linux-gnu/libresolv-2.24.so
7f66ac65a000-7f66ac65c000 rw-p 00000000 00:00 0 
7f66ac65c000-7f66ac67f000 r-xp 00000000 08:0f 528203                     /lib/x86_64-linux-gnu/libselinux.so.1
7f66ac67f000-7f66ac87e000 ---p 00023000 08:0f 528203                     /lib/x86_64-linux-gnu/libselinux.so.1
7f66ac87e000-7f66ac87f000 r--p 00022000 08:0f 528203                     /lib/x86_64-linux-gnu/libselinux.so.1
7f66ac87f000-7f66ac880000 rw-p 00023000 08:0f 528203                     /lib/x86_64-linux-gnu/libselinux.so.1
7f66ac880000-7f66ac882000 rw-p 00000000 00:00 0 
7f66ac882000-7f66ac89b000 r-xp 00000000 08:0f 528232                     /lib/x86_64-linux-gnu/libz.so.1.2.8
7f66ac89b000-7f66aca9a000 ---p 00019000 08:0f 528232                     /lib/x86_64-linux-gnu/libz.so.1.2.8
7f66aca9a000-7f66aca9b000 r--p 00018000 08:0f 528232                     /lib/x86_64-linux-gnu/libz.so.1.2.8
7f66aca9b000-7f66aca9c000 rw-p 00019000 08:0f 528232                     /lib/x86_64-linux-gnu/libz.so.1.2.8
7f66aca9c000-7f66acaad000 r-xp 00000000 08:0f 1317886                    /usr/lib/x86_64-linux-gnu/libXext.so.6.4.0
7f66acaad000-7f66accac000 ---p 00011000 08:0f 1317886                    /usr/lib/x86_64-linux-gnu/libXext.so.6.4.0
7f66accac000-7f66accad000 r--p 00010000 08:0f 1317886                    /usr/lib/x86_64-linux-gnu/libXext.so.6.4.0
7f66accad000-7f66accae000 rw-p 00011000 08:0f 1317886                    /usr/lib/x86_64-linux-gnu/libXext.so.6.4.0
7f66accae000-7f66accb0000 r-xp 00000000 08:0f 1317882                    /usr/lib/x86_64-linux-gnu/libXdamage.so.1.1.0
7f66accb0000-7f66aceaf000 ---p 00002000 08:0f 1317882                    /usr/lib/x86_64-linux-gnu/libXdamage.so.1.1.0
7f66aceaf000-7f66aceb0000 r--p 00001000 08:0f 1317882                    /usr/lib/x86_64-linux-gnu/libXdamage.so.1.1.0
7f66aceb0000-7f66aceb1000 rw-p 00002000 08:0f 1317882                    /usr/lib/x86_64-linux-gnu/libXdamage.so.1.1.0
7f66aceb1000-7f66aceb3000 r-xp 00000000 08:0f 1317878                    /usr/lib/x86_64-linux-gnu/libXcomposite.so.1.0.0
7f66aceb3000-7f66ad0b2000 ---p 00002000 08:0f 1317878                    /usr/lib/x86_64-linux-gnu/libXcomposite.so.1.0.0
7f66ad0b2000-7f66ad0b3000 r--p 00001000 08:0f 1317878                    /usr/lib/x86_64-linux-gnu/libXcomposite.so.1.0.0
7f66ad0b3000-7f66ad0b4000 rw-p 00002000 08:0f 1317878                    /usr/lib/x86_64-linux-gnu/libXcomposite.so.1.0.0
7f66ad0b4000-7f66ad0bd000 r-xp 00000000 08:0f 1317880                    /usr/lib/x86_64-linux-gnu/libXcursor.so.1.0.2
7f66ad0bd000-7f66ad2bc000 ---p 00009000 08:0f 1317880                    /usr/lib/x86_64-linux-gnu/libXcursor.so.1.0.2
7f66ad2bc000-7f66ad2bd000 r--p 00008000 08:0f 1317880                    /usr/lib/x86_64-linux-gnu/libXcursor.so.1.0.2
7f66ad2bd000-7f66ad2be000 rw-p 00009000 08:0f 1317880                    /usr/lib/x86_64-linux-gnu/libXcursor.so.1.0.2
7f66ad2be000-7f66ad2c8000 r-xp 00000000 08:0f 1317904                    /usr/lib/x86_64-linux-gnu/libXrandr.so.2.2.0
7f66ad2c8000-7f66ad4c7000 ---p 0000a000 08:0f 1317904                    /usr/lib/x86_64-linux-gnu/libXrandr.so.2.2.0
7f66ad4c7000-7f66ad4c8000 r--p 00009000 08:0f 1317904                    /usr/lib/x86_64-linux-gnu/libXrandr.so.2.2.0
7f66ad4c8000-7f66ad4c9000 rw-p 0000a000 08:0f 1317904                    /usr/lib/x86_64-linux-gnu/libXrandr.so.2.2.0
7f66ad4c9000-7f66ad4d8000 r-xp 00000000 08:0f 1317894                    /usr/lib/x86_64-linux-gnu/libXi.so.6.1.0
7f66ad4d8000-7f66ad6d7000 ---p 0000f000 08:0f 1317894                    /usr/lib/x86_64-linux-gnu/libXi.so.6.1.0
7f66ad6d7000-7f66ad6d8000 r--p 0000e000 08:0f 1317894                    /usr/lib/x86_64-linux-gnu/libXi.so.6.1.0
7f66ad6d8000-7f66ad6d9000 rw-p 0000f000 08:0f 1317894                    /usr/lib/x86_64-linux-gnu/libXi.so.6.1.0
7f66ad6d9000-7f66ad6db000 r-xp 00000000 08:0f 1317896                    /usr/lib/x86_64-linux-gnu/libXinerama.so.1.0.0
7f66ad6db000-7f66ad8da000 ---p 00002000 08:0f 1317896                    /usr/lib/x86_64-linux-gnu/libXinerama.so.1.0.0
7f66ad8da000-7f66ad8db000 r--p 00001000 08:0f 1317896                    /usr/lib/x86_64-linux-gnu/libXinerama.so.1.0.0
7f66ad8db000-7f66ad8dc000 rw-p 00002000 08:0f 1317896                    /usr/lib/x86_64-linux-gnu/libXinerama.so.1.0.0
7f66ad8dc000-7f66ad8e5000 r-xp 00000000 08:0f 1317906                    /usr/lib/x86_64-linux-gnu/libXrender.so.1.3.0
7f66ad8e5000-7f66adae4000 ---p 00009000 08:0f 1317906                    /usr/lib/x86_64-linux-gnu/libXrender.so.1.3.0
7f66adae4000-7f66adae5000 r--p 00008000 08:0f 1317906                    /usr/lib/x86_64-linux-gnu/libXrender.so.1.3.0
7f66adae5000-7f66adae6000 rw-p 00009000 08:0f 1317906                    /usr/lib/x86_64-linux-gnu/libXrender.so.1.3.0
7f66adae6000-7f66adaeb000 r-xp 00000000 08:0f 1317888                    /usr/lib/x86_64-linux-gnu/libXfixes.so.3.1.0
7f66adaeb000-7f66adcea000 ---p 00005000 08:0f 1317888                    /usr/lib/x86_64-linux-gnu/libXfixes.so.3.1.0
7f66adcea000-7f66adceb000 r--p 00004000 08:0f 1317888                    /usr/lib/x86_64-linux-gnu/libXfixes.so.3.1.0
7f66adceb000-7f66adcec000 rw-p 00005000 08:0f 1317888                    /usr/lib/x86_64-linux-gnu/libXfixes.so.3.1.0
7f66adcec000-7f66add02000 r-xp 00000000 08:0f 528088                     /lib/x86_64-linux-gnu/libgcc_s.so.1
7f66add02000-7f66adf01000 ---p 00016000 08:0f 528088                     /lib/x86_64-linux-gnu/libgcc_s.so.1
7f66adf01000-7f66adf02000 r--p 00015000 08:0f 528088                     /lib/x86_64-linux-gnu/libgcc_s.so.1
7f66adf02000-7f66adf03000 rw-p 00016000 08:0f 528088                     /lib/x86_64-linux-gnu/libgcc_s.so.1
7f66adf03000-7f66ae07b000 r-xp 00000000 08:0f 1319101                    /usr/lib/x86_64-linux-gnu/libstdc++.so.6.0.22
7f66ae07b000-7f66ae27b000 ---p 00178000 08:0f 1319101                    /usr/lib/x86_64-linux-gnu/libstdc++.so.6.0.22
7f66ae27b000-7f66ae285000 r--p 00178000 08:0f 1319101                    /usr/lib/x86_64-linux-gnu/libstdc++.so.6.0.22
7f66ae285000-7f66ae287000 rw-p 00182000 08:0f 1319101                    /usr/lib/x86_64-linux-gnu/libstdc++.so.6.0.22
7f66ae287000-7f66ae28b000 rw-p 00000000 00:00 0 
7f66ae28b000-7f66ae2fb000 r-xp 00000000 08:0f 1571965                    /usr/lib/x86_64-linux-gnu/mesa/libGL.so.1.2.0
7f66ae2fb000-7f66ae4fa000 ---p 00070000 08:0f 1571965                    /usr/lib/x86_64-linux-gnu/mesa/libGL.so.1.2.0
7f66ae4fa000-7f66ae4fd000 r--p 0006f000 08:0f 1571965                    /usr/lib/x86_64-linux-gnu/mesa/libGL.so.1.2.0
7f66ae4fd000-7f66ae4fe000 rw-p 00072000 08:0f 1571965                    /usr/lib/x86_64-linux-gnu/mesa/libGL.so.1.2.0
7f66ae4fe000-7f66ae4ff000 rw-p 00000000 00:00 0 
7f66ae4ff000-7f66ae504000 r-xp 00000000 08:0f 1317922                    /usr/lib/x86_64-linux-gnu/libXxf86vm.so.1.0.0
7f66ae504000-7f66ae703000 ---p 00005000 08:0f 1317922                    /usr/lib/x86_64-linux-gnu/libXxf86vm.so.1.0.0
7f66ae703000-7f66ae704000 r--p 00004000 08:0f 1317922                    /usr/lib/x86_64-linux-gnu/libXxf86vm.so.1.0.0
7f66ae704000-7f66ae705000 rw-p 00005000 08:0f 1317922                    /usr/lib/x86_64-linux-gnu/libXxf86vm.so.1.0.0
7f66ae705000-7f66ae83a000 r-xp 00000000 08:0f 1317869                    /usr/lib/x86_64-linux-gnu/libX11.so.6.3.0
7f66ae83a000-7f66aea39000 ---p 00135000 08:0f 1317869                    /usr/lib/x86_64-linux-gnu/libX11.so.6.3.0
7f66aea39000-7f66aea3a000 r--p 00134000 08:0f 1317869                    /usr/lib/x86_64-linux-gnu/libX11.so.6.3.0
7f66aea3a000-7f66aea3e000 rw-p 00135000 08:0f 1317869                    /usr/lib/x86_64-linux-gnu/libX11.so.6.3.0
7f66aea3e000-7f66aea43000 r-xp 00000000 08:0f 1317912                    /usr/lib/x86_64-linux-gnu/libXtst.so.6.1.0
7f66aea43000-7f66aec42000 ---p 00005000 08:0f 1317912                    /usr/lib/x86_64-linux-gnu/libXtst.so.6.1.0
7f66aec42000-7f66aec43000 r--p 00004000 08:0f 1317912                    /usr/lib/x86_64-linux-gnu/libXtst.so.6.1.0
7f66aec43000-7f66aec44000 rw-p 00005000 08:0f 1317912                    /usr/lib/x86_64-linux-gnu/libXtst.so.6.1.0
7f66aec44000-7f66aed56000 r-xp 00000000 08:0f 527958                     /lib/x86_64-linux-gnu/libglib-2.0.so.0.5000.2
7f66aed56000-7f66aef55000 ---p 00112000 08:0f 527958                     /lib/x86_64-linux-gnu/libglib-2.0.so.0.5000.2
7f66aef55000-7f66aef56000 r--p 00111000 08:0f 527958                     /lib/x86_64-linux-gnu/libglib-2.0.so.0.5000.2
7f66aef56000-7f66aef57000 rw-p 00112000 08:0f 527958                     /lib/x86_64-linux-gnu/libglib-2.0.so.0.5000.2
7f66aef57000-7f66aef58000 rw-p 00000000 00:00 0 
7f66aef58000-7f66aef59000 r-xp 00000000 08:0f 1308620                    /usr/lib/x86_64-linux-gnu/libgthread-2.0.so.0.5000.2
7f66aef59000-7f66af158000 ---p 00001000 08:0f 1308620                    /usr/lib/x86_64-linux-gnu/libgthread-2.0.so.0.5000.2
7f66af158000-7f66af159000 r--p 00000000 08:0f 1308620                    /usr/lib/x86_64-linux-gnu/libgthread-2.0.so.0.5000.2
7f66af159000-7f66af15a000 rw-p 00001000 08:0f 1308620                    /usr/lib/x86_64-linux-gnu/libgthread-2.0.so.0.5000.2
7f66af15a000-7f66af15d000 r-xp 00000000 08:0f 1308595                    /usr/lib/x86_64-linux-gnu/libgmodule-2.0.so.0.5000.2
7f66af15d000-7f66af35c000 ---p 00003000 08:0f 1308595                    /usr/lib/x86_64-linux-gnu/libgmodule-2.0.so.0.5000.2
7f66af35c000-7f66af35d000 r--p 00002000 08:0f 1308595                    /usr/lib/x86_64-linux-gnu/libgmodule-2.0.so.0.5000.2
7f66af35d000-7f66af35e000 rw-p 00003000 08:0f 1308595                    /usr/lib/x86_64-linux-gnu/libgmodule-2.0.so.0.5000.2
7f66af35e000-7f66af3b0000 r-xp 00000000 08:0f 1308617                    /usr/lib/x86_64-linux-gnu/libgobject-2.0.so.0.5000.2
7f66af3b0000-7f66af5af000 ---p 00052000 08:0f 1308617                    /usr/lib/x86_64-linux-gnu/libgobject-2.0.so.0.5000.2
7f66af5af000-7f66af5b0000 r--p 00051000 08:0f 1308617                    /usr/lib/x86_64-linux-gnu/libgobject-2.0.so.0.5000.2
7f66af5b0000-7f66af5b1000 rw-p 00052000 08:0f 1308617                    /usr/lib/x86_64-linux-gnu/libgobject-2.0.so.0.5000.2
7f66af5b1000-7f66af5ee000 r-xp 00000000 08:0f 1318288                    /usr/lib/x86_64-linux-gnu/libfontconfig.so.1.9.0
7f66af5ee000-7f66af7ed000 ---p 0003d000 08:0f 1318288                    /usr/lib/x86_64-linux-gnu/libfontconfig.so.1.9.0
7f66af7ed000-7f66af7ef000 r--p 0003c000 08:0f 1318288                    /usr/lib/x86_64-linux-gnu/libfontconfig.so.1.9.0
7f66af7ef000-7f66af7f4000 rw-p 0003e000 08:0f 1318288                    /usr/lib/x86_64-linux-gnu/libfontconfig.so.1.9.0
7f66af7f4000-7f66af89b000 r-xp 00000000 08:0f 1309727                    /usr/lib/x86_64-linux-gnu/libfreetype.so.6.12.3
7f66af89b000-7f66afa9a000 ---p 000a7000 08:0f 1309727                    /usr/lib/x86_64-linux-gnu/libfreetype.so.6.12.3
7f66afa9a000-7f66afaa0000 r--p 000a6000 08:0f 1309727                    /usr/lib/x86_64-linux-gnu/libfreetype.so.6.12.3
7f66afaa0000-7f66afaa1000 rw-p 000ac000 08:0f 1309727                    /usr/lib/x86_64-linux-gnu/libfreetype.so.6.12.3
7f66afaa1000-7f66afaea000 r-xp 00000000 08:0f 1318880                    /usr/lib/x86_64-linux-gnu/libpango-1.0.so.0.4000.1
7f66afaea000-7f66afcea000 ---p 00049000 08:0f 1318880                    /usr/lib/x86_64-linux-gnu/libpango-1.0.so.0.4000.1
7f66afcea000-7f66afcec000 r--p 00049000 08:0f 1318880                    /usr/lib/x86_64-linux-gnu/libpango-1.0.so.0.4000.1
7f66afcec000-7f66afced000 rw-p 0004b000 08:0f 1318880                    /usr/lib/x86_64-linux-gnu/libpango-1.0.so.0.4000.1
7f66afced000-7f66afdfb000 r-xp 00000000 08:0f 1318039                    /usr/lib/x86_64-linux-gnu/libcairo.so.2.11400.6
7f66afdfb000-7f66afffa000 ---p 0010e000 08:0f 1318039                    /usr/lib/x86_64-linux-gnu/libcairo.so.2.11400.6
7f66afffa000-7f66afffd000 r--p 0010d000 08:0f 1318039                    /usr/lib/x86_64-linux-gnu/libcairo.so.2.11400.6
7f66afffd000-7f66afffe000 rw-p 00110000 08:0f 1318039                    /usr/lib/x86_64-linux-gnu/libcairo.so.2.11400.6
7f66afffe000-7f66b0000000 rw-p 00000000 00:00 0 
7f66b0000000-7f66b0021000 rw-p 00000000 00:00 0 
7f66b0021000-7f66b4000000 ---p 00000000 00:00 0 
7f66b4002000-7f66b400e000 rw-s 00000000 00:05 1344500                    /drm mm object (deleted)
7f66b400e000-7f66b4021000 r--p 00000000 08:0f 1713188                    /usr/lib/jvm/oracle_jdk8/jre/lib/fonts/LucidaBrightDemiItalic.ttf
7f66b4021000-7f66b4035000 r--p 00000000 08:0f 1713183                    /usr/lib/jvm/oracle_jdk8/jre/lib/fonts/LucidaBrightItalic.ttf
7f66b4035000-7f66b4048000 r--p 00000000 08:0f 1713191                    /usr/lib/jvm/oracle_jdk8/jre/lib/fonts/LucidaBrightDemiBold.ttf
7f66b4048000-7f66b4084000 r--p 00000000 08:0f 1713189                    /usr/lib/jvm/oracle_jdk8/jre/lib/fonts/LucidaTypewriterRegular.ttf
7f66b4084000-7f66b4089000 r--s 00084000 08:0f 1573685                    /usr/lib/jvm/oracle_jdk8/jre/lib/jfr.jar
7f66b4089000-7f66b408d000 r--s 00097000 08:0f 1587686                    /usr/lib/jvm/oracle_jdk8/jre/lib/jsse.jar
7f66b408d000-7f66b4098000 r--s 00000000 08:0f 134039                     /var/cache/fontconfig/945677eb7aeaf62f1d50efc3fb3ec7d8-le64.cache-6
7f66b4098000-7f66b40ad000 r--s 00000000 08:0f 134013                     /var/cache/fontconfig/04aabc0a78ac019cf9454389977116d2-le64.cache-6
7f66b40ad000-7f66b40b0000 ---p 00000000 00:00 0 
7f66b40b0000-7f66b41ae000 rw-p 00000000 00:00 0 
7f66b41ae000-7f66b41f7000 r--p 00000000 08:0f 1703186                    /usr/share/glib-2.0/schemas/gschemas.compiled
7f66b41f7000-7f66b4203000 r-xp 00000000 08:0f 1318882                    /usr/lib/x86_64-linux-gnu/libpangocairo-1.0.so.0.4000.1
7f66b4203000-7f66b4402000 ---p 0000c000 08:0f 1318882                    /usr/lib/x86_64-linux-gnu/libpangocairo-1.0.so.0.4000.1
7f66b4402000-7f66b4403000 r--p 0000b000 08:0f 1318882                    /usr/lib/x86_64-linux-gnu/libpangocairo-1.0.so.0.4000.1
7f66b4403000-7f66b4404000 rw-p 0000c000 08:0f 1318882                    /usr/lib/x86_64-linux-gnu/libpangocairo-1.0.so.0.4000.1
7f66b4404000-7f66b4425000 r-xp 00000000 08:0f 1318363                    /usr/lib/x86_64-linux-gnu/libgdk_pixbuf-2.0.so.0.3400.0
7f66b4425000-7f66b4624000 ---p 00021000 08:0f 1318363                    /usr/lib/x86_64-linux-gnu/libgdk_pixbuf-2.0.so.0.3400.0
7f66b4624000-7f66b4625000 r--p 00020000 08:0f 1318363                    /usr/lib/x86_64-linux-gnu/libgdk_pixbuf-2.0.so.0.3400.0
7f66b4625000-7f66b4626000 rw-p 00021000 08:0f 1318363                    /usr/lib/x86_64-linux-gnu/libgdk_pixbuf-2.0.so.0.3400.0
7f66b4626000-7f66b463a000 r-xp 00000000 08:0f 1318884                    /usr/lib/x86_64-linux-gnu/libpangoft2-1.0.so.0.4000.1
7f66b463a000-7f66b483a000 ---p 00014000 08:0f 1318884                    /usr/lib/x86_64-linux-gnu/libpangoft2-1.0.so.0.4000.1
7f66b483a000-7f66b483b000 r--p 00014000 08:0f 1318884                    /usr/lib/x86_64-linux-gnu/libpangoft2-1.0.so.0.4000.1
7f66b483b000-7f66b483c000 rw-p 00015000 08:0f 1318884                    /usr/lib/x86_64-linux-gnu/libpangoft2-1.0.so.0.4000.1
7f66b483c000-7f66b49c9000 r-xp 00000000 08:0f 1308571                    /usr/lib/x86_64-linux-gnu/libgio-2.0.so.0.5000.2
7f66b49c9000-7f66b4bc8000 ---p 0018d000 08:0f 1308571                    /usr/lib/x86_64-linux-gnu/libgio-2.0.so.0.5000.2
7f66b4bc8000-7f66b4bcd000 r--p 0018c000 08:0f 1308571                    /usr/lib/x86_64-linux-gnu/libgio-2.0.so.0.5000.2
7f66b4bcd000-7f66b4bd0000 rw-p 00191000 08:0f 1308571                    /usr/lib/x86_64-linux-gnu/libgio-2.0.so.0.5000.2
7f66b4bd0000-7f66b4bd1000 rw-p 00000000 00:00 0 
7f66b4bd1000-7f66b4bf3000 r-xp 00000000 08:0f 1317973                    /usr/lib/x86_64-linux-gnu/libatk-1.0.so.0.22009.1
7f66b4bf3000-7f66b4df2000 ---p 00022000 08:0f 1317973                    /usr/lib/x86_64-linux-gnu/libatk-1.0.so.0.22009.1
7f66b4df2000-7f66b4df5000 r--p 00021000 08:0f 1317973                    /usr/lib/x86_64-linux-gnu/libatk-1.0.so.0.22009.1
7f66b4df5000-7f66b4df6000 rw-p 00024000 08:0f 1317973                    /usr/lib/x86_64-linux-gnu/libatk-1.0.so.0.22009.1
7f66b4df6000-7f66b4ea6000 r-xp 00000000 08:0f 1314085                    /usr/lib/x86_64-linux-gnu/libgdk-x11-2.0.so.0.2400.30
7f66b4ea6000-7f66b50a5000 ---p 000b0000 08:0f 1314085                    /usr/lib/x86_64-linux-gnu/libgdk-x11-2.0.so.0.2400.30
7f66b50a5000-7f66b50a9000 r--p 000af000 08:0f 1314085                    /usr/lib/x86_64-linux-gnu/libgdk-x11-2.0.so.0.2400.30
7f66b50a9000-7f66b50ab000 rw-p 000b3000 08:0f 1314085                    /usr/lib/x86_64-linux-gnu/libgdk-x11-2.0.so.0.2400.30
7f66b50ab000-7f66b54e9000 r-xp 00000000 08:0f 1314087                    /usr/lib/x86_64-linux-gnu/libgtk-x11-2.0.so.0.2400.30
7f66b54e9000-7f66b56e9000 ---p 0043e000 08:0f 1314087                    /usr/lib/x86_64-linux-gnu/libgtk-x11-2.0.so.0.2400.30
7f66b56e9000-7f66b56f0000 r--p 0043e000 08:0f 1314087                    /usr/lib/x86_64-linux-gnu/libgtk-x11-2.0.so.0.2400.30
7f66b56f0000-7f66b56f4000 rw-p 00445000 08:0f 1314087                    /usr/lib/x86_64-linux-gnu/libgtk-x11-2.0.so.0.2400.30
7f66b56f4000-7f66b56f7000 rw-p 00000000 00:00 0 
7f66b56f7000-7f66b5703000 r-xp 00000000 08:0f 1587742                    /usr/lib/jvm/oracle_jdk8/jre/lib/amd64/libprism_es2.so
7f66b5703000-7f66b5902000 ---p 0000c000 08:0f 1587742                    /usr/lib/jvm/oracle_jdk8/jre/lib/amd64/libprism_es2.so
7f66b5902000-7f66b5903000 rw-p 0000b000 08:0f 1587742                    /usr/lib/jvm/oracle_jdk8/jre/lib/amd64/libprism_es2.so
7f66b5903000-7f66b5906000 ---p 00000000 00:00 0 
7f66b5906000-7f66b5a04000 rw-p 00000000 00:00 0 
7f66b5a04000-7f66b5a05000 ---p 00000000 00:00 0 
7f66b5a05000-7f66b5b05000 rw-p 00000000 00:00 0 
7f66b5b05000-7f66b5b08000 ---p 00000000 00:00 0 
7f66b5b08000-7f66b5c06000 rw-p 00000000 00:00 0 
7f66b5c06000-7f66b5c09000 ---p 00000000 00:00 0 
7f66b5c09000-7f66b5d07000 rw-p 00000000 00:00 0 
7f66b5d07000-7f66b5d0a000 ---p 00000000 00:00 0 
7f66b5d0a000-7f66b5e08000 rw-p 00000000 00:00 0 
7f66b5e08000-7f66b5e0b000 ---p 00000000 00:00 0 
7f66b5e0b000-7f66b5f09000 rw-p 00000000 00:00 0 
7f66b5f09000-7f66b5f0c000 ---p 00000000 00:00 0 
7f66b5f0c000-7f66b600a000 rw-p 00000000 00:00 0 
7f66b600a000-7f66b600d000 ---p 00000000 00:00 0 
7f66b600d000-7f66b610b000 rw-p 00000000 00:00 0 
7f66b610b000-7f66b63e4000 r--p 00000000 08:0f 1317515                    /usr/lib/locale/locale-archive
7f66b63e4000-7f66b63e7000 ---p 00000000 00:00 0 
7f66b63e7000-7f66b64e5000 rw-p 00000000 00:00 0 
7f66b64e5000-7f66b64e8000 ---p 00000000 00:00 0 
7f66b64e8000-7f66b65e6000 rw-p 00000000 00:00 0 
7f66b65e6000-7f66b65e7000 ---p 00000000 00:00 0 
7f66b65e7000-7f66b8000000 rw-p 00000000 00:00 0 
7f66b8000000-7f66b8021000 rw-p 00000000 00:00 0 
7f66b8021000-7f66bc000000 ---p 00000000 00:00 0 
7f66bc001000-7f66bc002000 rw-s 00000000 00:05 1345802                    /drm mm object (deleted)
7f66bc002000-7f66bc003000 rw-s 00000000 00:05 1345801                    /drm mm object (deleted)
7f66bc003000-7f66bc009000 r--s 002f8000 08:0f 1587656                    /usr/lib/jvm/oracle_jdk8/jre/lib/charsets.jar
7f66bc009000-7f66bc00f000 r--s 00000000 08:0f 134020                     /var/cache/fontconfig/2cd17615ca594fa2959ae173292e504c-le64.cache-6
7f66bc00f000-7f66bc010000 r--s 00000000 08:0f 134017                     /var/cache/fontconfig/0d8c3b2ac0904cb8a57a757ad11a4a08-le64.cache-6
7f66bc010000-7f66bc014000 r--s 00000000 08:0f 132419                     /var/cache/fontconfig/de156ccd2eddbdc19d37a45b8b2aac9c-le64.cache-6
7f66bc014000-7f66bc015000 r--s 00000000 08:0f 134019                     /var/cache/fontconfig/1ac9eb803944fde146138c791f5cc56a-le64.cache-6
7f66bc015000-7f66bc019000 r--s 00000000 08:0f 134024                     /var/cache/fontconfig/385c0604a188198f04d133e54aba7fe7-le64.cache-6
7f66bc019000-7f66bc01c000 r--s 00000000 08:0f 134035                     /var/cache/fontconfig/767a8244fc0220cfb567a839d0392e0b-le64.cache-6
7f66bc01c000-7f66bc021000 r--s 00000000 08:0f 134038                     /var/cache/fontconfig/8801497958630a81b71ace7c5f9b32a8-le64.cache-6
7f66bc021000-7f66bc025000 r--s 00000000 08:0f 132418                     /var/cache/fontconfig/c57959a16110560c8d0fcea73374aeeb-le64.cache-6
7f66bc025000-7f66bc02b000 r--s 00000000 08:0f 134021                     /var/cache/fontconfig/3047814df9a2f067bd2d96a2b9c36e5a-le64.cache-6
7f66bc02b000-7f66bc03e000 r--s 00000000 08:0f 134049                     /var/cache/fontconfig/d52a8644073d54c13679302ca1180695-le64.cache-6
7f66bc03e000-7f66c0000000 rw-p 00000000 00:00 0 
7f66c0000000-7f66c0021000 rw-p 00000000 00:00 0 
7f66c0021000-7f66c4000000 ---p 00000000 00:00 0 
7f66c4000000-7f66c4001000 r--s 00000000 08:0f 134052                     /var/cache/fontconfig/dc05db6664285cc2f12bf69c139ae4c3-le64.cache-6
7f66c4001000-7f66c4002000 r--s 00000000 08:0f 132299                     /var/cache/fontconfig/4794a0821666d79190d59a36cb4f44b5-le64.cache-6
7f66c4002000-7f66c4003000 r--s 00000000 08:0f 134015                     /var/cache/fontconfig/0bd3dc0958fa2205aaaa8ebb13e2872b-le64.cache-6
7f66c4003000-7f66c4004000 r--s 00000000 08:0f 134045                     /var/cache/fontconfig/bab58bb527bb656aaa9f116d68a48d89-le64.cache-6
7f66c4004000-7f66c4005000 r--s 00000000 08:0f 134029                     /var/cache/fontconfig/56cf4f4769d0f4abc89a4895d7bd3ae1-le64.cache-6
7f66c4005000-7f66c4006000 r--s 00000000 08:0f 134044                     /var/cache/fontconfig/b9d506c9ac06c20b433354fa67a72993-le64.cache-6
7f66c4006000-7f66c400c000 r--s 00000000 08:0f 134043                     /var/cache/fontconfig/b47c4e1ecd0709278f4910c18777a504-le64.cache-6
7f66c400c000-7f66c4018000 r--s 00000000 08:0f 134698                     /var/cache/fontconfig/d589a48862398ed80a3d6066f4f56f4c-le64.cache-6
7f66c4018000-7f66c402a000 r--s 00000000 08:0f 134041                     /var/cache/fontconfig/9b89f8e3dae116d678bbf48e5f21f69b-le64.cache-6
7f66c402a000-7f66c403f000 r--s 0022c000 08:0f 2241598                    /home/shahsparx/NetBeansProjects/UCET_ACCOUNTS/dist/run1606465514/lib/jfoenix.jar
7f66c403f000-7f66c40d4000 r--s 01103000 08:0f 2243419                    /usr/lib/jvm/oracle_jdk8/jre/lib/ext/jfxrt.jar
7f66c40d4000-7f66c42ad000 r--s 03d1f000 08:0f 1587658                    /usr/lib/jvm/oracle_jdk8/jre/lib/rt.jar
7f66c42ad000-7f66c4eff000 rw-p 00000000 00:00 0 
7f66c4eff000-7f66c4f00000 ---p 00000000 00:00 0 
7f66c4f00000-7f66c5000000 rw-p 00000000 00:00 0 
7f66c5000000-7f66c5900000 rwxp 00000000 00:00 0 
7f66c5900000-7f66d4000000 ---p 00000000 00:00 0 
7f66d4000000-7f66d458f000 rw-p 00000000 00:00 0 
7f66d458f000-7f66d8000000 ---p 00000000 00:00 0 
7f66d8000000-7f66d8001000 r--s 00000000 08:0f 134028                     /var/cache/fontconfig/551ecf3b0e8b0bca0f25c0944f561853-le64.cache-6
7f66d8001000-7f66d8002000 r--s 00000000 08:0f 134025                     /var/cache/fontconfig/3f7329c5293ffd510edef78f73874cfd-le64.cache-6
7f66d8002000-7f66d8003000 r--s 00000000 08:0f 134022                     /var/cache/fontconfig/30829fa25452a46451e813d634d7f916-le64.cache-6
7f66d8003000-7f66d8006000 r--s 00000000 08:0f 134034                     /var/cache/fontconfig/75114ca45c98e8a441da0ff356701271-le64.cache-6
7f66d8006000-7f66d8011000 r--s 00000000 08:0f 134037                     /var/cache/fontconfig/83bf95040141907cd45bb53cf7c1c148-le64.cache-6
7f66d8011000-7f66d8014000 r--s 00000000 08:0f 134053                     /var/cache/fontconfig/e13b20fdb08344e0e664864cc2ede53d-le64.cache-6
7f66d8014000-7f66d8032000 r-xp 00000000 08:0f 523353                     /lib/x86_64-linux-gnu/libudev.so.1.6.5
7f66d8032000-7f66d8033000 ---p 0001e000 08:0f 523353                     /lib/x86_64-linux-gnu/libudev.so.1.6.5
7f66d8033000-7f66d8034000 r--p 0001e000 08:0f 523353                     /lib/x86_64-linux-gnu/libudev.so.1.6.5
7f66d8034000-7f66d8035000 rw-p 0001f000 08:0f 523353                     /lib/x86_64-linux-gnu/libudev.so.1.6.5
7f66d8035000-7f66d8039000 r--s 00000000 08:0f 132314                     /var/cache/fontconfig/7ef2298fde41cc6eeb7af42e48b7d293-le64.cache-6
7f66d8039000-7f66d8043000 r--s 000e7000 08:0f 2241599                    /home/shahsparx/NetBeansProjects/UCET_ACCOUNTS/dist/run1606465514/lib/mysql-connector-java-5.1.38-bin.jar
7f66d8043000-7f66d8045000 r--s 0008a000 08:0f 2241597                    /home/shahsparx/NetBeansProjects/UCET_ACCOUNTS/dist/run1606465514/lib/fontawesomefx-8.9.jar
7f66d8045000-7f66d804d000 rw-s 00000000 00:05 1344499                    /drm mm object (deleted)
7f66d804d000-7f66d8055000 rw-s 00000000 00:05 1344488                    /drm mm object (deleted)
7f66d8055000-7f66d805c000 r--p 00000000 08:0f 2053994                    /home/shahsparx/.config/dconf/user
7f66d805c000-7f66d805d000 ---p 00000000 00:00 0 
7f66d805d000-7f66d815d000 rw-p 00000000 00:00 0 
7f66d815d000-7f66d815e000 ---p 00000000 00:00 0 
7f66d815e000-7f66d825e000 rw-p 00000000 00:00 0 
7f66d825e000-7f66d825f000 ---p 00000000 00:00 0 
7f66d825f000-7f66d835f000 rw-p 00000000 00:00 0 
7f66d835f000-7f66d8360000 ---p 00000000 00:00 0 
7f66d8360000-7f66d8460000 rw-p 00000000 00:00 0 
7f66d8460000-7f66d8461000 ---p 00000000 00:00 0 
7f66d8461000-7f66d8561000 rw-p 00000000 00:00 0 
7f66d8561000-7f66d8562000 ---p 00000000 00:00 0 
7f66d8562000-7f66d8662000 rw-p 00000000 00:00 0 
7f66d8662000-7f66d8663000 ---p 00000000 00:00 0 
7f66d8663000-7f66d877c000 rw-p 00000000 00:00 0 
7f66d877c000-7f66d89f6000 ---p 00000000 00:00 0 
7f66d89f6000-7f66d8a0f000 rw-p 00000000 00:00 0 
7f66d8a0f000-7f66d8c88000 ---p 00000000 00:00 0 
7f66d8c88000-7f66d8c9e000 rw-p 00000000 00:00 0 
7f66d8c9e000-7f66d8dd2000 ---p 00000000 00:00 0 
7f66d8dd2000-7f66d8df7000 rw-p 00000000 00:00 0 
7f66d8df7000-7f66d9193000 ---p 00000000 00:00 0 
7f66d9193000-7f66d91ad000 r-xp 00000000 08:0f 1587734                    /usr/lib/jvm/oracle_jdk8/jre/lib/amd64/libzip.so
7f66d91ad000-7f66d93ad000 ---p 0001a000 08:0f 1587734                    /usr/lib/jvm/oracle_jdk8/jre/lib/amd64/libzip.so
7f66d93ad000-7f66d93ae000 rw-p 0001a000 08:0f 1587734                    /usr/lib/jvm/oracle_jdk8/jre/lib/amd64/libzip.so
7f66d93ae000-7f66d93b9000 r-xp 00000000 08:0f 528266                     /lib/x86_64-linux-gnu/libnss_files-2.24.so
7f66d93b9000-7f66d95b8000 ---p 0000b000 08:0f 528266                     /lib/x86_64-linux-gnu/libnss_files-2.24.so
7f66d95b8000-7f66d95b9000 r--p 0000a000 08:0f 528266                     /lib/x86_64-linux-gnu/libnss_files-2.24.so
7f66d95b9000-7f66d95ba000 rw-p 0000b000 08:0f 528266                     /lib/x86_64-linux-gnu/libnss_files-2.24.so
7f66d95ba000-7f66d95c0000 rw-p 00000000 00:00 0 
7f66d95c0000-7f66d95cb000 r-xp 00000000 08:0f 528268                     /lib/x86_64-linux-gnu/libnss_nis-2.24.so
7f66d95cb000-7f66d97ca000 ---p 0000b000 08:0f 528268                     /lib/x86_64-linux-gnu/libnss_nis-2.24.so
7f66d97ca000-7f66d97cb000 r--p 0000a000 08:0f 528268                     /lib/x86_64-linux-gnu/libnss_nis-2.24.so
7f66d97cb000-7f66d97cc000 rw-p 0000b000 08:0f 528268                     /lib/x86_64-linux-gnu/libnss_nis-2.24.so
7f66d97cc000-7f66d97e2000 r-xp 00000000 08:0f 528263                     /lib/x86_64-linux-gnu/libnsl-2.24.so
7f66d97e2000-7f66d99e1000 ---p 00016000 08:0f 528263                     /lib/x86_64-linux-gnu/libnsl-2.24.so
7f66d99e1000-7f66d99e2000 r--p 00015000 08:0f 528263                     /lib/x86_64-linux-gnu/libnsl-2.24.so
7f66d99e2000-7f66d99e3000 rw-p 00016000 08:0f 528263                     /lib/x86_64-linux-gnu/libnsl-2.24.so
7f66d99e3000-7f66d99e5000 rw-p 00000000 00:00 0 
7f66d99e5000-7f66d99ed000 r-xp 00000000 08:0f 528264                     /lib/x86_64-linux-gnu/libnss_compat-2.24.so
7f66d99ed000-7f66d9bec000 ---p 00008000 08:0f 528264                     /lib/x86_64-linux-gnu/libnss_compat-2.24.so
7f66d9bec000-7f66d9bed000 r--p 00007000 08:0f 528264                     /lib/x86_64-linux-gnu/libnss_compat-2.24.so
7f66d9bed000-7f66d9bee000 rw-p 00008000 08:0f 528264                     /lib/x86_64-linux-gnu/libnss_compat-2.24.so
7f66d9bee000-7f66d9c18000 r-xp 00000000 08:0f 1587729                    /usr/lib/jvm/oracle_jdk8/jre/lib/amd64/libjava.so
7f66d9c18000-7f66d9e18000 ---p 0002a000 08:0f 1587729                    /usr/lib/jvm/oracle_jdk8/jre/lib/amd64/libjava.so
7f66d9e18000-7f66d9e1a000 rw-p 0002a000 08:0f 1587729                    /usr/lib/jvm/oracle_jdk8/jre/lib/amd64/libjava.so
7f66d9e1a000-7f66d9e27000 r-xp 00000000 08:0f 1587733                    /usr/lib/jvm/oracle_jdk8/jre/lib/amd64/libverify.so
7f66d9e27000-7f66da027000 ---p 0000d000 08:0f 1587733                    /usr/lib/jvm/oracle_jdk8/jre/lib/amd64/libverify.so
7f66da027000-7f66da029000 rw-p 0000d000 08:0f 1587733                    /usr/lib/jvm/oracle_jdk8/jre/lib/amd64/libverify.so
7f66da029000-7f66da030000 r-xp 00000000 08:0f 528273                     /lib/x86_64-linux-gnu/librt-2.24.so
7f66da030000-7f66da22f000 ---p 00007000 08:0f 528273                     /lib/x86_64-linux-gnu/librt-2.24.so
7f66da22f000-7f66da230000 r--p 00006000 08:0f 528273                     /lib/x86_64-linux-gnu/librt-2.24.so
7f66da230000-7f66da231000 rw-p 00007000 08:0f 528273                     /lib/x86_64-linux-gnu/librt-2.24.so
7f66da231000-7f66da339000 r-xp 00000000 08:0f 528260                     /lib/x86_64-linux-gnu/libm-2.24.so
7f66da339000-7f66da538000 ---p 00108000 08:0f 528260                     /lib/x86_64-linux-gnu/libm-2.24.so
7f66da538000-7f66da539000 r--p 00107000 08:0f 528260                     /lib/x86_64-linux-gnu/libm-2.24.so
7f66da539000-7f66da53a000 rw-p 00108000 08:0f 528260                     /lib/x86_64-linux-gnu/libm-2.24.so
7f66da53a000-7f66db1fa000 r-xp 00000000 08:0f 1713201                    /usr/lib/jvm/oracle_jdk8/jre/lib/amd64/server/libjvm.so
7f66db1fa000-7f66db3fa000 ---p 00cc0000 08:0f 1713201                    /usr/lib/jvm/oracle_jdk8/jre/lib/amd64/server/libjvm.so
7f66db3fa000-7f66db4d2000 rw-p 00cc0000 08:0f 1713201                    /usr/lib/jvm/oracle_jdk8/jre/lib/amd64/server/libjvm.so
7f66db4d2000-7f66db51d000 rw-p 00000000 00:00 0 
7f66db51d000-7f66db6da000 r-xp 00000000 08:0f 528256                     /lib/x86_64-linux-gnu/libc-2.24.so
7f66db6da000-7f66db8da000 ---p 001bd000 08:0f 528256                     /lib/x86_64-linux-gnu/libc-2.24.so
7f66db8da000-7f66db8de000 r--p 001bd000 08:0f 528256                     /lib/x86_64-linux-gnu/libc-2.24.so
7f66db8de000-7f66db8e0000 rw-p 001c1000 08:0f 528256                     /lib/x86_64-linux-gnu/libc-2.24.so
7f66db8e0000-7f66db8e4000 rw-p 00000000 00:00 0 
7f66db8e4000-7f66db8e7000 r-xp 00000000 08:0f 528259                     /lib/x86_64-linux-gnu/libdl-2.24.so
7f66db8e7000-7f66dbae6000 ---p 00003000 08:0f 528259                     /lib/x86_64-linux-gnu/libdl-2.24.so
7f66dbae6000-7f66dbae7000 r--p 00002000 08:0f 528259                     /lib/x86_64-linux-gnu/libdl-2.24.so
7f66dbae7000-7f66dbae8000 rw-p 00003000 08:0f 528259                     /lib/x86_64-linux-gnu/libdl-2.24.so
7f66dbae8000-7f66dbafd000 r-xp 00000000 08:0f 1587711                    /usr/lib/jvm/oracle_jdk8/jre/lib/amd64/jli/libjli.so
7f66dbafd000-7f66dbcfd000 ---p 00015000 08:0f 1587711                    /usr/lib/jvm/oracle_jdk8/jre/lib/amd64/jli/libjli.so
7f66dbcfd000-7f66dbcfe000 rw-p 00015000 08:0f 1587711                    /usr/lib/jvm/oracle_jdk8/jre/lib/amd64/jli/libjli.so
7f66dbcfe000-7f66dbd16000 r-xp 00000000 08:0f 528271                     /lib/x86_64-linux-gnu/libpthread-2.24.so
7f66dbd16000-7f66dbf16000 ---p 00018000 08:0f 528271                     /lib/x86_64-linux-gnu/libpthread-2.24.so
7f66dbf16000-7f66dbf17000 r--p 00018000 08:0f 528271                     /lib/x86_64-linux-gnu/libpthread-2.24.so
7f66dbf17000-7f66dbf18000 rw-p 00019000 08:0f 528271                     /lib/x86_64-linux-gnu/libpthread-2.24.so
7f66dbf18000-7f66dbf1c000 rw-p 00000000 00:00 0 
7f66dbf1c000-7f66dbf41000 r-xp 00000000 08:0f 528252                     /lib/x86_64-linux-gnu/ld-2.24.so
7f66dbf41000-7f66dbf42000 r--s 00000000 08:0f 134016                     /var/cache/fontconfig/0c9eb80ebd1c36541ebe2852d3bb0c49-le64.cache-6
7f66dbf42000-7f66dc013000 rw-p 00000000 00:00 0 
7f66dc013000-7f66dc016000 ---p 00000000 00:00 0 
7f66dc016000-7f66dc116000 rw-p 00000000 00:00 0 
7f66dc117000-7f66dc118000 rw-s 1089e6000 00:06 349                       /dev/dri/card0
7f66dc118000-7f66dc120000 rw-s 00000000 00:05 1341955                    /drm mm object (deleted)
7f66dc120000-7f66dc121000 rw-s 00000000 00:05 1341952                    /drm mm object (deleted)
7f66dc121000-7f66dc122000 r--s 00000000 00:2b 67                         /run/user/1000/dconf/user
7f66dc122000-7f66dc12a000 rw-s 00000000 00:05 1341950                    /drm mm object (deleted)
7f66dc12a000-7f66dc131000 r--s 00000000 08:0f 1583579                    /usr/lib/x86_64-linux-gnu/gconv/gconv-modules.cache
7f66dc131000-7f66dc133000 r--s 00015000 08:0f 2241595                    /home/shahsparx/NetBeansProjects/UCET_ACCOUNTS/dist/run1606465514/UCET_ACCOUNTS.jar
7f66dc133000-7f66dc13b000 rw-s 00000000 08:0f 2886650                    /tmp/hsperfdata_shahsparx/21363
7f66dc13b000-7f66dc13c000 rw-p 00000000 00:00 0 
7f66dc13c000-7f66dc13d000 r--p 00000000 00:00 0 
7f66dc13d000-7f66dc140000 rw-p 00000000 00:00 0 
7f66dc140000-7f66dc141000 r--p 00024000 08:0f 528252                     /lib/x86_64-linux-gnu/ld-2.24.so
7f66dc141000-7f66dc142000 rw-p 00025000 08:0f 528252                     /lib/x86_64-linux-gnu/ld-2.24.so
7f66dc142000-7f66dc143000 rw-p 00000000 00:00 0 
7ffd8ebb2000-7ffd8ebd3000 rw-p 00000000 00:00 0                          [stack]
7ffd8ebe9000-7ffd8ebeb000 r--p 00000000 00:00 0                          [vvar]
7ffd8ebeb000-7ffd8ebed000 r-xp 00000000 00:00 0                          [vdso]
ffffffffff600000-ffffffffff601000 r-xp 00000000 00:00 0                  [vsyscall]

VM Arguments:
jvm_args: -Dfile.encoding=UTF-8 
java_command: /home/shahsparx/NetBeansProjects/UCET_ACCOUNTS/dist/run1606465514/UCET_ACCOUNTS.jar
java_class_path (initial): /home/shahsparx/NetBeansProjects/UCET_ACCOUNTS/dist/run1606465514/UCET_ACCOUNTS.jar
Launcher Type: SUN_STANDARD

Environment Variables:
PATH=/home/shahsparx/bin:/home/shahsparx/.local/bin:/usr/local/sbin:/usr/local/bin:/usr/sbin:/usr/bin:/sbin:/bin:/usr/games:/usr/local/games:/snap/bin
LD_LIBRARY_PATH=/usr/lib/jvm/oracle_jdk8//jre/lib/amd64:/usr/lib/jvm/oracle_jdk8//jre/lib/i386:
SHELL=/bin/bash
DISPLAY=:0

Signal Handlers:
SIGSEGV: [libjvm.so+0xabca10], sa_mask[0]=11111111011111111101111111111110, sa_flags=SA_RESTART|SA_SIGINFO
SIGBUS: [libjvm.so+0xabca10], sa_mask[0]=11111111011111111101111111111110, sa_flags=SA_RESTART|SA_SIGINFO
SIGFPE: [libjvm.so+0x919a20], sa_mask[0]=11111111011111111101111111111110, sa_flags=SA_RESTART|SA_SIGINFO
SIGPIPE: SIG_IGN, sa_mask[0]=00000000000010000000000000000000, sa_flags=SA_RESTART
SIGXFSZ: [libjvm.so+0x919a20], sa_mask[0]=11111111011111111101111111111110, sa_flags=SA_RESTART|SA_SIGINFO
SIGILL: [libjvm.so+0x919a20], sa_mask[0]=11111111011111111101111111111110, sa_flags=SA_RESTART|SA_SIGINFO
SIGUSR1: SIG_DFL, sa_mask[0]=00000000000000000000000000000000, sa_flags=none
SIGUSR2: [libjvm.so+0x91b050], sa_mask[0]=00100000000000000000000000000000, sa_flags=SA_RESTART|SA_SIGINFO
SIGHUP: [libjvm.so+0x91c450], sa_mask[0]=11111111011111111101111111111110, sa_flags=SA_RESTART|SA_SIGINFO
SIGINT: SIG_IGN, sa_mask[0]=00000000000000000000000000000000, sa_flags=none
SIGTERM: [libjvm.so+0x91c450], sa_mask[0]=11111111011111111101111111111110, sa_flags=SA_RESTART|SA_SIGINFO
SIGQUIT: [libjvm.so+0x91c450], sa_mask[0]=11111111011111111101111111111110, sa_flags=SA_RESTART|SA_SIGINFO


---------------  S Y S T E M  ---------------

OS:DISTRIB_ID=Ubuntu
DISTRIB_RELEASE=16.10
DISTRIB_CODENAME=yakkety
DISTRIB_DESCRIPTION="Ubuntu 16.10"

uname:Linux 4.8.0-51-generic #54-Ubuntu SMP Tue Apr 25 16:32:21 UTC 2017 x86_64
libc:glibc 2.24 NPTL 2.24 
rlimit: STACK 8192k, CORE 0k, NPROC 31427, NOFILE 4096, AS infinity
load average:0.30 0.26 0.39

/proc/meminfo:
MemTotal:        8088836 kB
MemFree:         1490008 kB
MemAvailable:    2222032 kB
Buffers:           91784 kB
Cached:          1325836 kB
SwapCached:          724 kB
Active:          4694504 kB
Inactive:        1509576 kB
Active(anon):    4187872 kB
Inactive(anon):  1138012 kB
Active(file):     506632 kB
Inactive(file):   371564 kB
Unevictable:         128 kB
Mlocked:             128 kB
SwapTotal:       4258808 kB
SwapFree:        4135128 kB
Dirty:              8548 kB
Writeback:             0 kB
AnonPages:       4712556 kB
Mapped:           524304 kB
Shmem:            539420 kB
Slab:             235740 kB
SReclaimable:     154492 kB
SUnreclaim:        81248 kB
KernelStack:       17376 kB
PageTables:        67896 kB
NFS_Unstable:          0 kB
Bounce:                0 kB
WritebackTmp:          0 kB
CommitLimit:     8303224 kB
Committed_AS:   11349280 kB
VmallocTotal:   34359738367 kB
VmallocUsed:           0 kB
VmallocChunk:          0 kB
HardwareCorrupted:     0 kB
AnonHugePages:   2709504 kB
ShmemHugePages:        0 kB
ShmemPmdMapped:        0 kB
CmaTotal:              0 kB
CmaFree:               0 kB
HugePages_Total:       0
HugePages_Free:        0
HugePages_Rsvd:        0
HugePages_Surp:        0
Hugepagesize:       2048 kB
DirectMap4k:      246528 kB
DirectMap2M:     8056832 kB
DirectMap1G:     1048576 kB


CPU:total 8 (4 cores per cpu, 2 threads per core) family 6 model 60 stepping 3, cmov, cx8, fxsr, mmx, sse, sse2, sse3, ssse3, sse4.1, sse4.2, popcnt, avx, avx2, aes, clmul, erms, lzcnt, ht, tsc, tscinvbit, bmi1, bmi2

/proc/cpuinfo:
processor	: 0
vendor_id	: GenuineIntel
cpu family	: 6
model		: 60
model name	: Intel(R) Core(TM) i7-4702MQ CPU @ 2.20GHz
stepping	: 3
microcode	: 0x20
cpu MHz		: 2899.987
cache size	: 6144 KB
physical id	: 0
siblings	: 8
core id		: 0
cpu cores	: 4
apicid		: 0
initial apicid	: 0
fpu		: yes
fpu_exception	: yes
cpuid level	: 13
wp		: yes
flags		: fpu vme de pse tsc msr pae mce cx8 apic sep mtrr pge mca cmov pat pse36 clflush dts acpi mmx fxsr sse sse2 ss ht tm pbe syscall nx pdpe1gb rdtscp lm constant_tsc arch_perfmon pebs bts rep_good nopl xtopology nonstop_tsc aperfmperf eagerfpu pni pclmulqdq dtes64 monitor ds_cpl vmx est tm2 ssse3 sdbg fma cx16 xtpr pdcm pcid sse4_1 sse4_2 movbe popcnt tsc_deadline_timer aes xsave avx f16c rdrand lahf_lm abm epb tpr_shadow vnmi flexpriority ept vpid fsgsbase tsc_adjust bmi1 avx2 smep bmi2 erms invpcid xsaveopt dtherm ida arat pln pts
bugs		:
bogomips	: 4389.94
clflush size	: 64
cache_alignment	: 64
address sizes	: 39 bits physical, 48 bits virtual
power management:

processor	: 1
vendor_id	: GenuineIntel
cpu family	: 6
model		: 60
model name	: Intel(R) Core(TM) i7-4702MQ CPU @ 2.20GHz
stepping	: 3
microcode	: 0x20
cpu MHz		: 2899.987
cache size	: 6144 KB
physical id	: 0
siblings	: 8
core id		: 0
cpu cores	: 4
apicid		: 1
initial apicid	: 1
fpu		: yes
fpu_exception	: yes
cpuid level	: 13
wp		: yes
flags		: fpu vme de pse tsc msr pae mce cx8 apic sep mtrr pge mca cmov pat pse36 clflush dts acpi mmx fxsr sse sse2 ss ht tm pbe syscall nx pdpe1gb rdtscp lm constant_tsc arch_perfmon pebs bts rep_good nopl xtopology nonstop_tsc aperfmperf eagerfpu pni pclmulqdq dtes64 monitor ds_cpl vmx est tm2 ssse3 sdbg fma cx16 xtpr pdcm pcid sse4_1 sse4_2 movbe popcnt tsc_deadline_timer aes xsave avx f16c rdrand lahf_lm abm epb tpr_shadow vnmi flexpriority ept vpid fsgsbase tsc_adjust bmi1 avx2 smep bmi2 erms invpcid xsaveopt dtherm ida arat pln pts
bugs		:
bogomips	: 4389.94
clflush size	: 64
cache_alignment	: 64
address sizes	: 39 bits physical, 48 bits virtual
power management:

processor	: 2
vendor_id	: GenuineIntel
cpu family	: 6
model		: 60
model name	: Intel(R) Core(TM) i7-4702MQ CPU @ 2.20GHz
stepping	: 3
microcode	: 0x20
cpu MHz		: 2899.987
cache size	: 6144 KB
physical id	: 0
siblings	: 8
core id		: 1
cpu cores	: 4
apicid		: 2
initial apicid	: 2
fpu		: yes
fpu_exception	: yes
cpuid level	: 13
wp		: yes
flags		: fpu vme de pse tsc msr pae mce cx8 apic sep mtrr pge mca cmov pat pse36 clflush dts acpi mmx fxsr sse sse2 ss ht tm pbe syscall nx pdpe1gb rdtscp lm constant_tsc arch_perfmon pebs bts rep_good nopl xtopology nonstop_tsc aperfmperf eagerfpu pni pclmulqdq dtes64 monitor ds_cpl vmx est tm2 ssse3 sdbg fma cx16 xtpr pdcm pcid sse4_1 sse4_2 movbe popcnt tsc_deadline_timer aes xsave avx f16c rdrand lahf_lm abm epb tpr_shadow vnmi flexpriority ept vpid fsgsbase tsc_adjust bmi1 avx2 smep bmi2 erms invpcid xsaveopt dtherm ida arat pln pts
bugs		:
bogomips	: 4389.94
clflush size	: 64
cache_alignment	: 64
address sizes	: 39 bits physical, 48 bits virtual
power management:

processor	: 3
vendor_id	: GenuineIntel
cpu family	: 6
model		: 60
model name	: Intel(R) Core(TM) i7-4702MQ CPU @ 2.20GHz
stepping	: 3
microcode	: 0x20
cpu MHz		: 2899.987
cache size	: 6144 KB
physical id	: 0
siblings	: 8
core id		: 1
cpu cores	: 4
apicid		: 3
initial apicid	: 3
fpu		: yes
fpu_exception	: yes
cpuid level	: 13
wp		: yes
flags		: fpu vme de pse tsc msr pae mce cx8 apic sep mtrr pge mca cmov pat pse36 clflush dts acpi mmx fxsr sse sse2 ss ht tm pbe syscall nx pdpe1gb rdtscp lm constant_tsc arch_perfmon pebs bts rep_good nopl xtopology nonstop_tsc aperfmperf eagerfpu pni pclmulqdq dtes64 monitor ds_cpl vmx est tm2 ssse3 sdbg fma cx16 xtpr pdcm pcid sse4_1 sse4_2 movbe popcnt tsc_deadline_timer aes xsave avx f16c rdrand lahf_lm abm epb tpr_shadow vnmi flexpriority ept vpid fsgsbase tsc_adjust bmi1 avx2 smep bmi2 erms invpcid xsaveopt dtherm ida arat pln pts
bugs		:
bogomips	: 4389.94
clflush size	: 64
cache_alignment	: 64
address sizes	: 39 bits physical, 48 bits virtual
power management:

processor	: 4
vendor_id	: GenuineIntel
cpu family	: 6
model		: 60
model name	: Intel(R) Core(TM) i7-4702MQ CPU @ 2.20GHz
stepping	: 3
microcode	: 0x20
cpu MHz		: 2899.987
cache size	: 6144 KB
physical id	: 0
siblings	: 8
core id		: 2
cpu cores	: 4
apicid		: 4
initial apicid	: 4
fpu		: yes
fpu_exception	: yes
cpuid level	: 13
wp		: yes
flags		: fpu vme de pse tsc msr pae mce cx8 apic sep mtrr pge mca cmov pat pse36 clflush dts acpi mmx fxsr sse sse2 ss ht tm pbe syscall nx pdpe1gb rdtscp lm constant_tsc arch_perfmon pebs bts rep_good nopl xtopology nonstop_tsc aperfmperf eagerfpu pni pclmulqdq dtes64 monitor ds_cpl vmx est tm2 ssse3 sdbg fma cx16 xtpr pdcm pcid sse4_1 sse4_2 movbe popcnt tsc_deadline_timer aes xsave avx f16c rdrand lahf_lm abm epb tpr_shadow vnmi flexpriority ept vpid fsgsbase tsc_adjust bmi1 avx2 smep bmi2 erms invpcid xsaveopt dtherm ida arat pln pts
bugs		:
bogomips	: 4389.94
clflush size	: 64
cache_alignment	: 64
address sizes	: 39 bits physical, 48 bits virtual
power management:

processor	: 5
vendor_id	: GenuineIntel
cpu family	: 6
model		: 60
model name	: Intel(R) Core(TM) i7-4702MQ CPU @ 2.20GHz
stepping	: 3
microcode	: 0x20
cpu MHz		: 2899.987
cache size	: 6144 KB
physical id	: 0
siblings	: 8
core id		: 2
cpu cores	: 4
apicid		: 5
initial apicid	: 5
fpu		: yes
fpu_exception	: yes
cpuid level	: 13
wp		: yes
flags		: fpu vme de pse tsc msr pae mce cx8 apic sep mtrr pge mca cmov pat pse36 clflush dts acpi mmx fxsr sse sse2 ss ht tm pbe syscall nx pdpe1gb rdtscp lm constant_tsc arch_perfmon pebs bts rep_good nopl xtopology nonstop_tsc aperfmperf eagerfpu pni pclmulqdq dtes64 monitor ds_cpl vmx est tm2 ssse3 sdbg fma cx16 xtpr pdcm pcid sse4_1 sse4_2 movbe popcnt tsc_deadline_timer aes xsave avx f16c rdrand lahf_lm abm epb tpr_shadow vnmi flexpriority ept vpid fsgsbase tsc_adjust bmi1 avx2 smep bmi2 erms invpcid xsaveopt dtherm ida arat pln pts
bugs		:
bogomips	: 4389.94
clflush size	: 64
cache_alignment	: 64
address sizes	: 39 bits physical, 48 bits virtual
power management:

processor	: 6
vendor_id	: GenuineIntel
cpu family	: 6
model		: 60
model name	: Intel(R) Core(TM) i7-4702MQ CPU @ 2.20GHz
stepping	: 3
microcode	: 0x20
cpu MHz		: 2899.987
cache size	: 6144 KB
physical id	: 0
siblings	: 8
core id		: 3
cpu cores	: 4
apicid		: 6
initial apicid	: 6
fpu		: yes
fpu_exception	: yes
cpuid level	: 13
wp		: yes
flags		: fpu vme de pse tsc msr pae mce cx8 apic sep mtrr pge mca cmov pat pse36 clflush dts acpi mmx fxsr sse sse2 ss ht tm pbe syscall nx pdpe1gb rdtscp lm constant_tsc arch_perfmon pebs bts rep_good nopl xtopology nonstop_tsc aperfmperf eagerfpu pni pclmulqdq dtes64 monitor ds_cpl vmx est tm2 ssse3 sdbg fma cx16 xtpr pdcm pcid sse4_1 sse4_2 movbe popcnt tsc_deadline_timer aes xsave avx f16c rdrand lahf_lm abm epb tpr_shadow vnmi flexpriority ept vpid fsgsbase tsc_adjust bmi1 avx2 smep bmi2 erms invpcid xsaveopt dtherm ida arat pln pts
bugs		:
bogomips	: 4389.94
clflush size	: 64
cache_alignment	: 64
address sizes	: 39 bits physical, 48 bits virtual
power management:

processor	: 7
vendor_id	: GenuineIntel
cpu family	: 6
model		: 60
model name	: Intel(R) Core(TM) i7-4702MQ CPU @ 2.20GHz
stepping	: 3
microcode	: 0x20
cpu MHz		: 2899.987
cache size	: 6144 KB
physical id	: 0
siblings	: 8
core id		: 3
cpu cores	: 4
apicid		: 7
initial apicid	: 7
fpu		: yes
fpu_exception	: yes
cpuid level	: 13
wp		: yes
flags		: fpu vme de pse tsc msr pae mce cx8 apic sep mtrr pge mca cmov pat pse36 clflush dts acpi mmx fxsr sse sse2 ss ht tm pbe syscall nx pdpe1gb rdtscp lm constant_tsc arch_perfmon pebs bts rep_good nopl xtopology nonstop_tsc aperfmperf eagerfpu pni pclmulqdq dtes64 monitor ds_cpl vmx est tm2 ssse3 sdbg fma cx16 xtpr pdcm pcid sse4_1 sse4_2 movbe popcnt tsc_deadline_timer aes xsave avx f16c rdrand lahf_lm abm epb tpr_shadow vnmi flexpriority ept vpid fsgsbase tsc_adjust bmi1 avx2 smep bmi2 erms invpcid xsaveopt dtherm ida arat pln pts
bugs		:
bogomips	: 4389.94
clflush size	: 64
cache_alignment	: 64
address sizes	: 39 bits physical, 48 bits virtual
power management:



Memory: 4k page, physical 8088836k(1490008k free), swap 4258808k(4135128k free)

vm_info: Java HotSpot(TM) 64-Bit Server VM (25.91-b14) for linux-amd64 JRE (1.8.0_91-b14), built on Apr  1 2016 00:57:21 by "java_re" with gcc 4.3.0 20080428 (Red Hat 4.3.0-8)

time: Tue May  9 05:15:36 2017
elapsed time: 5 seconds (0d 0h 0m 5s)

