#
# A fatal error has been detected by the Java Runtime Environment:
#
#  SIGSEGV (0xb) at pc=0x00007fe93cf27948, pid=19107, tid=140637738501888
#
# JRE version: Java(TM) SE Runtime Environment (8.0_91-b14) (build 1.8.0_91-b14)
# Java VM: Java HotSpot(TM) 64-Bit Server VM (25.91-b14 mixed mode linux-amd64 compressed oops)
# Problematic frame:
# V  [libjvm.so+0x6cf948]  jni_invoke_nonstatic(JNIEnv_*, JavaValue*, _jobject*, JNICallType, _jmethodID*, JNI_ArgumentPusher*, Thread*)+0x38
#
# Failed to write core dump. Core dumps have been disabled. To enable core dumping, try "ulimit -c unlimited" before starting Java again
#
# If you would like to submit a bug report, please visit:
#   http://bugreport.java.com/bugreport/crash.jsp
#

---------------  T H R E A D  ---------------

Current thread (0x00007fe9383dd000):  JavaThread "JavaFX Application Thread" [_thread_in_vm, id=19135, stack(0x00007fe8c6620000,0x00007fe8c6721000)]

siginfo: si_signo: 11 (SIGSEGV), si_code: 1 (SEGV_MAPERR), si_addr: 0x0000000000000025

Registers:
RAX=0x00007fe8c671f140, RBX=0x00007fe8c671f050, RCX=0x0000000000000001, RDX=0x0000000000000025
RSP=0x00007fe8c671eea0, RBP=0x00007fe8c671f020, RSI=0x00007fe8c671f0b0, RDI=0x00007fe9383dd1f8
R8 =0x00007fe93834d0e8, R9 =0x00007fe8c671f050, R10=0x00007fe8b4000ae0, R11=0x00007fe928832a20
R12=0x00007fe9383dd000, R13=0x00007fe93834d0e8, R14=0x0000000000000001, R15=0x00007fe9383dd1f8
RIP=0x00007fe93cf27948, EFLAGS=0x0000000000010202, CSGSFS=0x002b000000000033, ERR=0x0000000000000004
  TRAPNO=0x000000000000000e

Top of Stack: (sp=0x00007fe8c671eea0)
0x00007fe8c671eea0:   00007fe8c671f5a0 00007fe8c671f1c0
0x00007fe8c671eeb0:   00007fe8c671ef00 00007fe8c671ef80
0x00007fe8c671eec0:   00007fe8c671f050 00007fe8c671f0b0
0x00007fe8c671eed0:   00007fe9383dd1f8 00007fe93cf47450
0x00007fe8c671eee0:   00007fe8e4195760 00007fe8e4195770
0x00007fe8c671eef0:   00007fe8e4195b48 00000000000003d8
0x00007fe8c671ef00:   0000000000000000 00000000d6deeb78
0x00007fe8c671ef10:   00007fe90000006f 00007fe90000000a
0x00007fe8c671ef20:   00000000d7a00f70 0000000000000000
0x00007fe8c671ef30:   0000000000000000 0000000000000000
0x00007fe8c671ef40:   00007fe926b4e6f8 0000000100000100
0x00007fe8c671ef50:   0000000000000000 00007fe8c671ef08
0x00007fe8c671ef60:   00007fe8c671ef49 0000000800000005
0x00007fe8c671ef70:   0000000000000000 00007fe9383dcab0
0x00007fe8c671ef80:   00007fe93d7aa490 00007fe93e2b5470
0x00007fe8c671ef90:   00000000383dc940 00007fe9383dd000
0x00007fe8c671efa0:   0000000000000000 00007fe93cf27d1b
0x00007fe8c671efb0:   00007fe926b587a8 00007fe9383dd000
0x00007fe8c671efc0:   00007fe926b587a8 00007fe9383dd000
0x00007fe8c671efd0:   00007fe8c671f160 00007fe926b587a8
0x00007fe8c671efe0:   00007fe926b587a8 00007fe926b587a8
0x00007fe8c671eff0:   00007fe8e4195760 00007fe8c671f050
0x00007fe8c671f000:   00007fe9383dd000 00007fe8c671f090
0x00007fe8c671f010:   00007fe93834d0e8 00007fe9383dd1f8
0x00007fe8c671f020:   00007fe8c671f110 00007fe93cf2c0ef
0x00007fe8c671f030:   00007fe9383dd000 00007fe8df1edff4
0x00007fe8c671f040:   00007fe8c671f128 0000000000000025
0x00007fe8c671f050:   00007fe93d7ab0f0 00007fe93e2b5470
0x00007fe8c671f060:   00000000c671f0d0 5e38227200000063
0x00007fe8c671f070:   0000000000000000 0000003000000018
0x00007fe8c671f080:   00007fe8c671f200 00007fe8c671f140
0x00007fe8c671f090:   00007fe9383dd000 0000000000000000 

Instructions: (pc=0x00007fe93cf27948)
0x00007fe93cf27928:   00 00 48 85 d2 48 89 bd b0 fe ff ff 48 89 b5 a8
0x00007fe93cf27938:   fe ff ff 4c 89 8d a0 fe ff ff 0f 84 78 09 00 00
0x00007fe93cf27948:   4c 8b 22 4d 85 e4 0f 84 6c 09 00 00 48 8b 45 10
0x00007fe93cf27958:   48 8b 98 38 01 00 00 48 83 7b 18 f7 0f 87 16 07 

Register to memory mapping:

RAX=0x00007fe8c671f140 is pointing into the stack for thread: 0x00007fe9383dd000
RBX=0x00007fe8c671f050 is pointing into the stack for thread: 0x00007fe9383dd000
RCX=0x0000000000000001 is an unknown value
RDX=0x0000000000000025 is an unknown value
RSP=0x00007fe8c671eea0 is pointing into the stack for thread: 0x00007fe9383dd000
RBP=0x00007fe8c671f020 is pointing into the stack for thread: 0x00007fe9383dd000
RSI=0x00007fe8c671f0b0 is pointing into the stack for thread: 0x00007fe9383dd000
RDI=0x00007fe9383dd1f8 is an unknown value
R8 =0x00007fe93834d0e8 is an unknown value
R9 =0x00007fe8c671f050 is pointing into the stack for thread: 0x00007fe9383dd000
R10=0x00007fe8b4000ae0 is an unknown value
R11=0x00007fe928832a20 is at entry_point+32 in (nmethod*)0x00007fe928832890
R12=0x00007fe9383dd000 is a thread
R13=0x00007fe93834d0e8 is an unknown value
R14=0x0000000000000001 is an unknown value
R15=0x00007fe9383dd1f8 is an unknown value


Stack: [0x00007fe8c6620000,0x00007fe8c6721000],  sp=0x00007fe8c671eea0,  free space=1019k
Native frames: (J=compiled Java code, j=interpreted, Vv=VM code, C=native code)
V  [libjvm.so+0x6cf948]  jni_invoke_nonstatic(JNIEnv_*, JavaValue*, _jobject*, JNICallType, _jmethodID*, JNI_ArgumentPusher*, Thread*)+0x38
V  [libjvm.so+0x6d40ef]  jni_CallVoidMethodV+0x10f
C  [libglass.so+0x13e51]  JNIEnv_::CallVoidMethod(_jobject*, _jmethodID*, ...)+0x81
C  [libglass.so+0x1545f]  WindowContextBase::process_key(_GdkEventKey*)+0x20f
C  [libglass.so+0x19540]  WindowContextBase::im_filter_keypress(_GdkEventKey*)+0x1c0
C  [libglass.so+0x1c7cc]  process_events(_GdkEvent*, void*)+0x22c
C  [libgdk-x11-2.0.so.0+0x5acdc]

Java frames: (J=compiled Java code, j=interpreted, Vv=VM code)
j  com.sun.glass.ui.gtk.GtkApplication._runLoop(Ljava/lang/Runnable;Z)V+0
j  com.sun.glass.ui.gtk.GtkApplication.lambda$null$49(Ljava/lang/Runnable;Z)V+7
j  com.sun.glass.ui.gtk.GtkApplication$$Lambda$41.run()V+12
j  java.lang.Thread.run()V+11
v  ~StubRoutines::call_stub

---------------  P R O C E S S  ---------------

Java Threads: ( => current thread )
  0x00007fe8b44cb800 JavaThread "AWT-EventQueue-0" [_thread_blocked, id=19143, stack(0x00007fe8a6d98000,0x00007fe8a6e99000)]
  0x00007fe8b44c8800 JavaThread "AWT-Shutdown" [_thread_blocked, id=19142, stack(0x00007fe8a6e99000,0x00007fe8a6f9a000)]
  0x00007fe8b418a000 JavaThread "Image Fetcher 0" daemon [_thread_blocked, id=19141, stack(0x00007fe8a762b000,0x00007fe8a772c000)]
  0x00007fe8b4423000 JavaThread "AWT-XAWT" daemon [_thread_in_native, id=19140, stack(0x00007fe8a772c000,0x00007fe8a782d000)]
  0x00007fe8b4411800 JavaThread "Java2D Disposer" daemon [_thread_blocked, id=19139, stack(0x00007fe8a782d000,0x00007fe8a792e000)]
  0x00007fe8b447b800 JavaThread "Prism Font Disposer" daemon [_thread_blocked, id=19138, stack(0x00007fe8c5018000,0x00007fe8c5119000)]
  0x00007fe8b4207000 JavaThread "Abandoned connection cleanup thread" daemon [_thread_blocked, id=19137, stack(0x00007fe8c5bf6000,0x00007fe8c5cf7000)]
  0x00007fe9383e0800 JavaThread "JavaFX-Launcher" [_thread_blocked, id=19136, stack(0x00007fe8c651f000,0x00007fe8c6620000)]
=>0x00007fe9383dd000 JavaThread "JavaFX Application Thread" [_thread_in_vm, id=19135, stack(0x00007fe8c6620000,0x00007fe8c6721000)]
  0x00007fe9383d9000 JavaThread "Thread-1" daemon [_thread_blocked, id=19134, stack(0x00007fe8c6721000,0x00007fe8c6822000)]
  0x00007fe938334800 JavaThread "QuantumRenderer-0" daemon [_thread_blocked, id=19130, stack(0x00007fe8dfc68000,0x00007fe8dfd69000)]
  0x00007fe938212800 JavaThread "Service Thread" daemon [_thread_blocked, id=19128, stack(0x00007fe8dfeff000,0x00007fe8e0000000)]
  0x00007fe93820f800 JavaThread "C1 CompilerThread3" daemon [_thread_blocked, id=19127, stack(0x00007fe90c03e000,0x00007fe90c13f000)]
  0x00007fe93820d000 JavaThread "C2 CompilerThread2" daemon [_thread_in_native, id=19126, stack(0x00007fe90c13f000,0x00007fe90c240000)]
  0x00007fe93820b800 JavaThread "C2 CompilerThread1" daemon [_thread_in_native, id=19125, stack(0x00007fe92401d000,0x00007fe92411e000)]
  0x00007fe938208800 JavaThread "C2 CompilerThread0" daemon [_thread_in_native, id=19124, stack(0x00007fe92411e000,0x00007fe92421f000)]
  0x00007fe938207000 JavaThread "Signal Dispatcher" daemon [_thread_blocked, id=19123, stack(0x00007fe92421f000,0x00007fe924320000)]
  0x00007fe9381d3000 JavaThread "Finalizer" daemon [_thread_blocked, id=19122, stack(0x00007fe9245f9000,0x00007fe9246fa000)]
  0x00007fe9381ce800 JavaThread "Reference Handler" daemon [_thread_blocked, id=19121, stack(0x00007fe9246fa000,0x00007fe9247fb000)]
  0x00007fe93800a000 JavaThread "main" [_thread_blocked, id=19110, stack(0x00007fe93e331000,0x00007fe93e432000)]

Other Threads:
  0x00007fe9381c7000 VMThread [stack: 0x00007fe9247fb000,0x00007fe9248fc000] [id=19120]
  0x00007fe938215000 WatcherThread [stack: 0x00007fe8dfdfe000,0x00007fe8dfeff000] [id=19129]

VM state:not at safepoint (normal execution)

VM Mutex/Monitor currently owned by a thread: None

Heap:
 PSYoungGen      total 36864K, used 19866K [0x00000000d6d80000, 0x00000000d9680000, 0x0000000100000000)
  eden space 31744K, 62% used [0x00000000d6d80000,0x00000000d80e6af0,0x00000000d8c80000)
  from space 5120K, 0% used [0x00000000d9180000,0x00000000d9180000,0x00000000d9680000)
  to   space 5120K, 0% used [0x00000000d8c80000,0x00000000d8c80000,0x00000000d9180000)
 ParOldGen       total 50176K, used 11907K [0x0000000084800000, 0x0000000087900000, 0x00000000d6d80000)
  object space 50176K, 23% used [0x0000000084800000,0x00000000853a0c58,0x0000000087900000)
 Metaspace       used 27886K, capacity 28858K, committed 29056K, reserved 1075200K
  class space    used 3743K, capacity 3955K, committed 3968K, reserved 1048576K

Card table byte_map: [0x00007fe927bdc000,0x00007fe927fb9000] byte_map_base: 0x00007fe9277b8000

Marking Bits: (ParMarkBitMap*) 0x00007fe93d80ed60
 Begin Bits: [0x00007fe90c240000, 0x00007fe90e120000)
 End Bits:   [0x00007fe90e120000, 0x00007fe910000000)

Polling page: 0x00007fe93e45a000

CodeCache: size=245760Kb used=9961Kb max_used=9975Kb free=235798Kb
 bounds [0x00007fe928379000, 0x00007fe928d49000, 0x00007fe937379000]
 total_blobs=4064 nmethods=3167 adapters=809
 compilation: enabled

Compilation events (10 events):
Event: 8.212 Thread 0x00007fe93820f800 nmethod 3202 0x00007fe928d2d250 code [0x00007fe928d2d440, 0x00007fe928d2ddd8]
Event: 8.212 Thread 0x00007fe93820f800 3203       1       com.sun.javafx.geom.RectBounds::getHeight (10 bytes)
Event: 8.212 Thread 0x00007fe93820f800 nmethod 3203 0x00007fe928d2e0d0 code [0x00007fe928d2e220, 0x00007fe928d2e330]
Event: 8.212 Thread 0x00007fe93820f800 3204       3       javafx.beans.property.DoublePropertyBase::invalidated (1 bytes)
Event: 8.212 Thread 0x00007fe93820f800 nmethod 3204 0x00007fe928d2e390 code [0x00007fe928d2e4e0, 0x00007fe928d2e630]
Event: 8.212 Thread 0x00007fe93820f800 3205       1       com.sun.javafx.font.LogicalFont::getFamilyName (5 bytes)
Event: 8.212 Thread 0x00007fe93820f800 nmethod 3205 0x00007fe928d2e6d0 code [0x00007fe928d2e820, 0x00007fe928d2e930]
Event: 8.213 Thread 0x00007fe93820f800 3206       3       javafx.util.Duration::isIndefinite (17 bytes)
Event: 8.213 Thread 0x00007fe93820f800 nmethod 3206 0x00007fe928d2e990 code [0x00007fe928d2eb20, 0x00007fe928d2ed10]
Event: 8.213 Thread 0x00007fe93820f800 3209       3       javafx.scene.layout.HBox::growOrShrinkAreaWidths (361 bytes)

GC Heap History (6 events):
Event: 0.766 GC heap before
{Heap before GC invocations=1 (full 0):
 PSYoungGen      total 36864K, used 31744K [0x00000000d6d80000, 0x00000000d9680000, 0x0000000100000000)
  eden space 31744K, 100% used [0x00000000d6d80000,0x00000000d8c80000,0x00000000d8c80000)
  from space 5120K, 0% used [0x00000000d9180000,0x00000000d9180000,0x00000000d9680000)
  to   space 5120K, 0% used [0x00000000d8c80000,0x00000000d8c80000,0x00000000d9180000)
 ParOldGen       total 84992K, used 0K [0x0000000084800000, 0x0000000089b00000, 0x00000000d6d80000)
  object space 84992K, 0% used [0x0000000084800000,0x0000000084800000,0x0000000089b00000)
 Metaspace       used 15239K, capacity 15704K, committed 16000K, reserved 1062912K
  class space    used 1960K, capacity 2102K, committed 2176K, reserved 1048576K
Event: 0.771 GC heap after
Heap after GC invocations=1 (full 0):
 PSYoungGen      total 36864K, used 5104K [0x00000000d6d80000, 0x00000000d9680000, 0x0000000100000000)
  eden space 31744K, 0% used [0x00000000d6d80000,0x00000000d6d80000,0x00000000d8c80000)
  from space 5120K, 99% used [0x00000000d8c80000,0x00000000d917c090,0x00000000d9180000)
  to   space 5120K, 0% used [0x00000000d9180000,0x00000000d9180000,0x00000000d9680000)
 ParOldGen       total 84992K, used 5330K [0x0000000084800000, 0x0000000089b00000, 0x00000000d6d80000)
  object space 84992K, 6% used [0x0000000084800000,0x0000000084d34900,0x0000000089b00000)
 Metaspace       used 15239K, capacity 15704K, committed 16000K, reserved 1062912K
  class space    used 1960K, capacity 2102K, committed 2176K, reserved 1048576K
}
Event: 5.812 GC heap before
{Heap before GC invocations=2 (full 0):
 PSYoungGen      total 36864K, used 18304K [0x00000000d6d80000, 0x00000000d9680000, 0x0000000100000000)
  eden space 31744K, 41% used [0x00000000d6d80000,0x00000000d7a64040,0x00000000d8c80000)
  from space 5120K, 99% used [0x00000000d8c80000,0x00000000d917c090,0x00000000d9180000)
  to   space 5120K, 0% used [0x00000000d9180000,0x00000000d9180000,0x00000000d9680000)
 ParOldGen       total 84992K, used 5330K [0x0000000084800000, 0x0000000089b00000, 0x00000000d6d80000)
  object space 84992K, 6% used [0x0000000084800000,0x0000000084d34900,0x0000000089b00000)
 Metaspace       used 20553K, capacity 21248K, committed 21296K, reserved 1067008K
  class space    used 2754K, capacity 2930K, committed 2944K, reserved 1048576K
Event: 5.818 GC heap after
Heap after GC invocations=2 (full 0):
 PSYoungGen      total 36864K, used 5088K [0x00000000d6d80000, 0x00000000d9680000, 0x0000000100000000)
  eden space 31744K, 0% used [0x00000000d6d80000,0x00000000d6d80000,0x00000000d8c80000)
  from space 5120K, 99% used [0x00000000d9180000,0x00000000d96780b0,0x00000000d9680000)
  to   space 5120K, 0% used [0x00000000d8c80000,0x00000000d8c80000,0x00000000d9180000)
 ParOldGen       total 84992K, used 7921K [0x0000000084800000, 0x0000000089b00000, 0x00000000d6d80000)
  object space 84992K, 9% used [0x0000000084800000,0x0000000084fbc6b0,0x0000000089b00000)
 Metaspace       used 20553K, capacity 21248K, committed 21296K, reserved 1067008K
  class space    used 2754K, capacity 2930K, committed 2944K, reserved 1048576K
}
Event: 5.818 GC heap before
{Heap before GC invocations=3 (full 1):
 PSYoungGen      total 36864K, used 5088K [0x00000000d6d80000, 0x00000000d9680000, 0x0000000100000000)
  eden space 31744K, 0% used [0x00000000d6d80000,0x00000000d6d80000,0x00000000d8c80000)
  from space 5120K, 99% used [0x00000000d9180000,0x00000000d96780b0,0x00000000d9680000)
  to   space 5120K, 0% used [0x00000000d8c80000,0x00000000d8c80000,0x00000000d9180000)
 ParOldGen       total 84992K, used 7921K [0x0000000084800000, 0x0000000089b00000, 0x00000000d6d80000)
  object space 84992K, 9% used [0x0000000084800000,0x0000000084fbc6b0,0x0000000089b00000)
 Metaspace       used 20553K, capacity 21248K, committed 21296K, reserved 1067008K
  class space    used 2754K, capacity 2930K, committed 2944K, reserved 1048576K
Event: 5.844 GC heap after
Heap after GC invocations=3 (full 1):
 PSYoungGen      total 36864K, used 0K [0x00000000d6d80000, 0x00000000d9680000, 0x0000000100000000)
  eden space 31744K, 0% used [0x00000000d6d80000,0x00000000d6d80000,0x00000000d8c80000)
  from space 5120K, 0% used [0x00000000d9180000,0x00000000d9180000,0x00000000d9680000)
  to   space 5120K, 0% used [0x00000000d8c80000,0x00000000d8c80000,0x00000000d9180000)
 ParOldGen       total 50176K, used 11907K [0x0000000084800000, 0x0000000087900000, 0x00000000d6d80000)
  object space 50176K, 23% used [0x0000000084800000,0x00000000853a0c58,0x0000000087900000)
 Metaspace       used 20553K, capacity 21248K, committed 21296K, reserved 1067008K
  class space    used 2754K, capacity 2930K, committed 2944K, reserved 1048576K
}

Deoptimization events (10 events):
Event: 7.981 Thread 0x00007fe9383dd000 Uncommon trap: reason=array_check action=maybe_recompile pc=0x00007fe928b94964 method=com.sun.javafx.css.SimpleSelector.applies(Ljavafx/css/Styleable;[Ljava/util/Set;I)Z @ 37
Event: 7.981 Thread 0x00007fe9383dd000 Uncommon trap: reason=array_check action=maybe_recompile pc=0x00007fe928b94964 method=com.sun.javafx.css.SimpleSelector.applies(Ljavafx/css/Styleable;[Ljava/util/Set;I)Z @ 37
Event: 7.981 Thread 0x00007fe9383dd000 Uncommon trap: reason=array_check action=maybe_recompile pc=0x00007fe928b94964 method=com.sun.javafx.css.SimpleSelector.applies(Ljavafx/css/Styleable;[Ljava/util/Set;I)Z @ 37
Event: 8.092 Thread 0x00007fe9383dd000 Uncommon trap: reason=array_check action=maybe_recompile pc=0x00007fe928bf0374 method=com.sun.javafx.css.CompoundSelector.applies(Ljavafx/css/Styleable;[Ljava/util/Set;I)Z @ 128
Event: 8.092 Thread 0x00007fe9383dd000 Uncommon trap: reason=array_check action=maybe_recompile pc=0x00007fe928bf0374 method=com.sun.javafx.css.CompoundSelector.applies(Ljavafx/css/Styleable;[Ljava/util/Set;I)Z @ 128
Event: 8.092 Thread 0x00007fe9383dd000 Uncommon trap: reason=array_check action=maybe_recompile pc=0x00007fe928bf0374 method=com.sun.javafx.css.CompoundSelector.applies(Ljavafx/css/Styleable;[Ljava/util/Set;I)Z @ 128
Event: 8.092 Thread 0x00007fe9383dd000 Uncommon trap: reason=array_check action=maybe_recompile pc=0x00007fe928bf0374 method=com.sun.javafx.css.CompoundSelector.applies(Ljavafx/css/Styleable;[Ljava/util/Set;I)Z @ 128
Event: 8.137 Thread 0x00007fe9383dd000 Uncommon trap: reason=array_check action=maybe_recompile pc=0x00007fe928c97800 method=com.sun.javafx.css.SimpleSelector.applies(Ljavafx/css/Styleable;[Ljava/util/Set;I)Z @ 37
Event: 8.161 Thread 0x00007fe9383dd000 Uncommon trap: reason=unstable_if action=reinterpret pc=0x00007fe928ca954c method=javafx.scene.Node.notifyParentOfBoundsChange()V @ 18
Event: 8.199 Thread 0x00007fe9383dd000 Uncommon trap: reason=unstable_if action=reinterpret pc=0x00007fe9288c909c method=java.lang.Math.round(D)J @ 48

Internal exceptions (10 events):
Event: 0.401 Thread 0x00007fe9383dd000 Exception <a 'java/lang/ArrayIndexOutOfBoundsException'> (0x00000000d7e875c0) thrown at [/HUDSON/workspace/8-2-build-linux-amd64/jdk8u91/6644/hotspot/src/share/vm/runtime/sharedRuntime.cpp, line 605]
Event: 0.514 Thread 0x00007fe9383dd000 Implicit null exception at 0x00007fe92858a035 to 0x00007fe92858a385
Event: 0.740 Thread 0x00007fe9383dd000 Implicit null exception at 0x00007fe9286724b5 to 0x00007fe9286726d9
Event: 0.740 Thread 0x00007fe9383dd000 Implicit null exception at 0x00007fe928682b18 to 0x00007fe928682ba6
Event: 5.806 Thread 0x00007fe9383dd000 Exception <a 'java/io/FileNotFoundException'> (0x00000000d7a1a3d8) thrown at [/HUDSON/workspace/8-2-build-linux-amd64/jdk8u91/6644/hotspot/src/share/vm/prims/jni.cpp, line 709]
Event: 5.806 Thread 0x00007fe9383dd000 Exception <a 'java/io/FileNotFoundException'> (0x00000000d7a1b170) thrown at [/HUDSON/workspace/8-2-build-linux-amd64/jdk8u91/6644/hotspot/src/share/vm/prims/jni.cpp, line 709]
Event: 6.044 Thread 0x00007fe8b44cb800 Exception <a 'java/lang/UnsupportedOperationException': > (0x00000000d6fd52c8) thrown at [/HUDSON/workspace/8-2-build-linux-amd64/jdk8u91/6644/hotspot/src/share/vm/prims/jni.cpp, line 735]
Event: 7.772 Thread 0x00007fe9383dd000 Exception <a 'java/lang/ArrayIndexOutOfBoundsException'> (0x00000000d7111be8) thrown at [/HUDSON/workspace/8-2-build-linux-amd64/jdk8u91/6644/hotspot/src/share/vm/runtime/sharedRuntime.cpp, line 605]
Event: 7.773 Thread 0x00007fe9383dd000 Exception <a 'java/lang/ArrayIndexOutOfBoundsException'> (0x00000000d7113df8) thrown at [/HUDSON/workspace/8-2-build-linux-amd64/jdk8u91/6644/hotspot/src/share/vm/runtime/sharedRuntime.cpp, line 605]
Event: 7.855 Thread 0x00007fe9383dd000 Exception <a 'java/lang/ArrayIndexOutOfBoundsException': 65> (0x00000000d748b540) thrown at [/HUDSON/workspace/8-2-build-linux-amd64/jdk8u91/6644/hotspot/src/share/vm/interpreter/interpreterRuntime.cpp, line 366]

Events (10 events):
Event: 8.163 loading class com/sun/javafx/scene/control/skin/TabPaneSkin$3 done
Event: 8.198 loading class com/jfoenix/skins/JFXRadioButtonSkin$1
Event: 8.198 loading class com/jfoenix/skins/JFXRadioButtonSkin$1 done
Event: 8.199 Thread 0x00007fe9383dd000 Uncommon trap: trap_request=0xffffff65 fr.pc=0x00007fe9288c909c
Event: 8.199 Thread 0x00007fe9383dd000 DEOPT PACKING pc=0x00007fe9288c909c sp=0x00007fe8c671b4b0
Event: 8.199 Thread 0x00007fe9383dd000 DEOPT UNPACKING pc=0x00007fe92837e229 sp=0x00007fe8c671b428 mode 2
Event: 8.204 loading class com/sun/javafx/font/PrismFontUtils
Event: 8.204 loading class com/sun/javafx/font/PrismFontUtils done
Event: 8.204 loading class com/sun/javafx/tk/FontMetrics
Event: 8.204 loading class com/sun/javafx/tk/FontMetrics done


Dynamic libraries:
00400000-00401000 r-xp 00000000 08:0f 1573679                            /usr/lib/jvm/oracle_jdk8/jre/bin/java
00600000-00601000 rw-p 00000000 08:0f 1573679                            /usr/lib/jvm/oracle_jdk8/jre/bin/java
0216e000-0218f000 rw-p 00000000 00:00 0                                  [heap]
84800000-87900000 rw-p 00000000 00:00 0 
87900000-d6d80000 ---p 00000000 00:00 0 
d6d80000-d9680000 rw-p 00000000 00:00 0 
d9680000-100000000 ---p 00000000 00:00 0 
100000000-1003e0000 rw-p 00000000 00:00 0 
1003e0000-140000000 ---p 00000000 00:00 0 
7fe88c000000-7fe88c021000 rw-p 00000000 00:00 0 
7fe88c021000-7fe890000000 ---p 00000000 00:00 0 
7fe890000000-7fe890021000 rw-p 00000000 00:00 0 
7fe890021000-7fe894000000 ---p 00000000 00:00 0 
7fe894000000-7fe894024000 rw-p 00000000 00:00 0 
7fe894024000-7fe898000000 ---p 00000000 00:00 0 
7fe898000000-7fe898021000 rw-p 00000000 00:00 0 
7fe898021000-7fe89c000000 ---p 00000000 00:00 0 
7fe89c000000-7fe89c021000 rw-p 00000000 00:00 0 
7fe89c021000-7fe8a0000000 ---p 00000000 00:00 0 
7fe8a0000000-7fe8a0021000 rw-p 00000000 00:00 0 
7fe8a0021000-7fe8a4000000 ---p 00000000 00:00 0 
7fe8a6998000-7fe8a6a18000 rw-p 00000000 00:00 0 
7fe8a6a18000-7fe8a6b98000 ---p 00000000 00:00 0 
7fe8a6b98000-7fe8a6d98000 rw-p 00000000 00:00 0 
7fe8a6d98000-7fe8a6d9b000 ---p 00000000 00:00 0 
7fe8a6d9b000-7fe8a6e99000 rw-p 00000000 00:00 0 
7fe8a6e99000-7fe8a6e9c000 ---p 00000000 00:00 0 
7fe8a6e9c000-7fe8a6f9a000 rw-p 00000000 00:00 0 
7fe8a6f9a000-7fe8a7003000 r-xp 00000000 08:0f 1587707                    /usr/lib/jvm/oracle_jdk8/jre/lib/amd64/libt2k.so
7fe8a7003000-7fe8a7203000 ---p 00069000 08:0f 1587707                    /usr/lib/jvm/oracle_jdk8/jre/lib/amd64/libt2k.so
7fe8a7203000-7fe8a720a000 rw-p 00069000 08:0f 1587707                    /usr/lib/jvm/oracle_jdk8/jre/lib/amd64/libt2k.so
7fe8a720a000-7fe8a721a000 rw-p 00000000 00:00 0 
7fe8a721a000-7fe8a722b000 r-xp 00000000 08:0f 1587741                    /usr/lib/jvm/oracle_jdk8/jre/lib/amd64/libnio.so
7fe8a722b000-7fe8a742a000 ---p 00011000 08:0f 1587741                    /usr/lib/jvm/oracle_jdk8/jre/lib/amd64/libnio.so
7fe8a742a000-7fe8a742b000 rw-p 00010000 08:0f 1587741                    /usr/lib/jvm/oracle_jdk8/jre/lib/amd64/libnio.so
7fe8a742b000-7fe8a762b000 rw-p 00000000 00:00 0 
7fe8a762b000-7fe8a762e000 ---p 00000000 00:00 0 
7fe8a762e000-7fe8a772c000 rw-p 00000000 00:00 0 
7fe8a772c000-7fe8a772f000 ---p 00000000 00:00 0 
7fe8a772f000-7fe8a782d000 rw-p 00000000 00:00 0 
7fe8a782d000-7fe8a7830000 ---p 00000000 00:00 0 
7fe8a7830000-7fe8a792e000 rw-p 00000000 00:00 0 
7fe8a792e000-7fe8a7993000 r-xp 00000000 08:0f 1587720                    /usr/lib/jvm/oracle_jdk8/jre/lib/amd64/libfontmanager.so
7fe8a7993000-7fe8a7b92000 ---p 00065000 08:0f 1587720                    /usr/lib/jvm/oracle_jdk8/jre/lib/amd64/libfontmanager.so
7fe8a7b92000-7fe8a7b97000 rw-p 00064000 08:0f 1587720                    /usr/lib/jvm/oracle_jdk8/jre/lib/amd64/libfontmanager.so
7fe8a7b97000-7fe8a7da7000 rw-p 00000000 00:00 0 
7fe8a7da7000-7fe8a7dfb000 r-xp 00000000 08:0f 1587745                    /usr/lib/jvm/oracle_jdk8/jre/lib/amd64/libawt_xawt.so
7fe8a7dfb000-7fe8a7ffb000 ---p 00054000 08:0f 1587745                    /usr/lib/jvm/oracle_jdk8/jre/lib/amd64/libawt_xawt.so
7fe8a7ffb000-7fe8a7fff000 rw-p 00054000 08:0f 1587745                    /usr/lib/jvm/oracle_jdk8/jre/lib/amd64/libawt_xawt.so
7fe8a7fff000-7fe8a8000000 rw-p 00000000 00:00 0 
7fe8a8000000-7fe8a8021000 rw-p 00000000 00:00 0 
7fe8a8021000-7fe8ac000000 ---p 00000000 00:00 0 
7fe8ac000000-7fe8ac021000 rw-p 00000000 00:00 0 
7fe8ac021000-7fe8b0000000 ---p 00000000 00:00 0 
7fe8b0000000-7fe8b0021000 rw-p 00000000 00:00 0 
7fe8b0021000-7fe8b4000000 ---p 00000000 00:00 0 
7fe8b4000000-7fe8b48a9000 rw-p 00000000 00:00 0 
7fe8b48a9000-7fe8b8000000 ---p 00000000 00:00 0 
7fe8b8000000-7fe8b8021000 rw-p 00000000 00:00 0 
7fe8b8021000-7fe8bc000000 ---p 00000000 00:00 0 
7fe8bc000000-7fe8bc022000 rw-p 00000000 00:00 0 
7fe8bc022000-7fe8c0000000 ---p 00000000 00:00 0 
7fe8c0000000-7fe8c0021000 rw-p 00000000 00:00 0 
7fe8c0021000-7fe8c4000000 ---p 00000000 00:00 0 
7fe8c40b4000-7fe8c4156000 r-xp 00000000 08:0f 1587731                    /usr/lib/jvm/oracle_jdk8/jre/lib/amd64/libawt.so
7fe8c4156000-7fe8c4356000 ---p 000a2000 08:0f 1587731                    /usr/lib/jvm/oracle_jdk8/jre/lib/amd64/libawt.so
7fe8c4356000-7fe8c4362000 rw-p 000a2000 08:0f 1587731                    /usr/lib/jvm/oracle_jdk8/jre/lib/amd64/libawt.so
7fe8c4362000-7fe8c4386000 rw-p 00000000 00:00 0 
7fe8c4386000-7fe8c4387000 rw-s 00000000 00:05 1191853                    /drm mm object (deleted)
7fe8c4387000-7fe8c4388000 rw-s 00000000 00:05 1191852                    /drm mm object (deleted)
7fe8c4388000-7fe8c43a4000 rw-s 00000000 00:05 1190580                    /drm mm object (deleted)
7fe8c43a4000-7fe8c4564000 rw-s 1073e8000 00:06 349                       /dev/dri/card0
7fe8c4564000-7fe8c4b64000 rw-s 00000000 00:05 1190578                    /drm mm object (deleted)
7fe8c4b64000-7fe8c4d24000 rw-s 00000000 00:05 1190573                    /drm mm object (deleted)
7fe8c4d24000-7fe8c4d34000 rw-s 00000000 00:05 1190577                    /drm mm object (deleted)
7fe8c4d34000-7fe8c4d3c000 rw-s 00000000 00:05 1190576                    /drm mm object (deleted)
7fe8c4d3c000-7fe8c4d4c000 rw-s 00000000 00:05 1190575                    /drm mm object (deleted)
7fe8c4d4c000-7fe8c4d58000 rw-s 00000000 00:05 1190554                    /drm mm object (deleted)
7fe8c4d58000-7fe8c4f58000 rw-p 00000000 00:00 0 
7fe8c4f58000-7fe8c4f6b000 r--s 00344000 08:0f 1587685                    /usr/lib/jvm/oracle_jdk8/jre/lib/resources.jar
7fe8c4f6b000-7fe8c5018000 r--p 00000000 08:0f 2225679                    /usr/share/fonts/truetype/dejavu/DejaVuSans-Bold.ttf
7fe8c5018000-7fe8c501b000 ---p 00000000 00:00 0 
7fe8c501b000-7fe8c5119000 rw-p 00000000 00:00 0 
7fe8c5119000-7fe8c51d2000 r--p 00000000 08:0f 2225680                    /usr/share/fonts/truetype/dejavu/DejaVuSans.ttf
7fe8c51d2000-7fe8c51e5000 r--p 00000000 08:0f 1713188                    /usr/lib/jvm/oracle_jdk8/jre/lib/fonts/LucidaBrightDemiItalic.ttf
7fe8c51e5000-7fe8c51f9000 r--p 00000000 08:0f 1713183                    /usr/lib/jvm/oracle_jdk8/jre/lib/fonts/LucidaBrightItalic.ttf
7fe8c51f9000-7fe8c524e000 r--p 00000000 08:0f 1713185                    /usr/lib/jvm/oracle_jdk8/jre/lib/fonts/LucidaBrightRegular.ttf
7fe8c524e000-7fe8c5288000 r--p 00000000 08:0f 1713190                    /usr/lib/jvm/oracle_jdk8/jre/lib/fonts/LucidaTypewriterBold.ttf
7fe8c5288000-7fe8c52d6000 r--p 00000000 08:0f 1713186                    /usr/lib/jvm/oracle_jdk8/jre/lib/fonts/LucidaSansDemiBold.ttf
7fe8c52d6000-7fe8c52e9000 r--p 00000000 08:0f 1713191                    /usr/lib/jvm/oracle_jdk8/jre/lib/fonts/LucidaBrightDemiBold.ttf
7fe8c52e9000-7fe8c5325000 r--p 00000000 08:0f 1713189                    /usr/lib/jvm/oracle_jdk8/jre/lib/fonts/LucidaTypewriterRegular.ttf
7fe8c5325000-7fe8c53d0000 r--p 00000000 08:0f 1713184                    /usr/lib/jvm/oracle_jdk8/jre/lib/fonts/LucidaSansRegular.ttf
7fe8c53d0000-7fe8c53d4000 r-xp 00000000 08:0f 1587696                    /usr/lib/jvm/oracle_jdk8/jre/lib/amd64/libjavafx_font_pango.so
7fe8c53d4000-7fe8c55d3000 ---p 00004000 08:0f 1587696                    /usr/lib/jvm/oracle_jdk8/jre/lib/amd64/libjavafx_font_pango.so
7fe8c55d3000-7fe8c55d4000 rw-p 00003000 08:0f 1587696                    /usr/lib/jvm/oracle_jdk8/jre/lib/amd64/libjavafx_font_pango.so
7fe8c55d4000-7fe8c57d4000 rw-p 00000000 00:00 0 
7fe8c57d4000-7fe8c57d9000 r--s 00084000 08:0f 1573685                    /usr/lib/jvm/oracle_jdk8/jre/lib/jfr.jar
7fe8c57d9000-7fe8c59d9000 rw-p 00000000 00:00 0 
7fe8c59d9000-7fe8c59ef000 r-xp 00000000 08:0f 1587738                    /usr/lib/jvm/oracle_jdk8/jre/lib/amd64/libnet.so
7fe8c59ef000-7fe8c5bef000 ---p 00016000 08:0f 1587738                    /usr/lib/jvm/oracle_jdk8/jre/lib/amd64/libnet.so
7fe8c5bef000-7fe8c5bf0000 rw-p 00016000 08:0f 1587738                    /usr/lib/jvm/oracle_jdk8/jre/lib/amd64/libnet.so
7fe8c5bf0000-7fe8c5bf6000 r--s 002f8000 08:0f 1587656                    /usr/lib/jvm/oracle_jdk8/jre/lib/charsets.jar
7fe8c5bf6000-7fe8c5bf9000 ---p 00000000 00:00 0 
7fe8c5bf9000-7fe8c5ef7000 rw-p 00000000 00:00 0 
7fe8c5ef7000-7fe8c5f02000 r--s 00000000 08:0f 134039                     /var/cache/fontconfig/945677eb7aeaf62f1d50efc3fb3ec7d8-le64.cache-6
7fe8c5f02000-7fe8c5f17000 r--s 00000000 08:0f 134013                     /var/cache/fontconfig/04aabc0a78ac019cf9454389977116d2-le64.cache-6
7fe8c5f17000-7fe8c5f1c000 r-xp 00000000 08:0f 1587699                    /usr/lib/jvm/oracle_jdk8/jre/lib/amd64/libjavafx_font_freetype.so
7fe8c5f1c000-7fe8c611b000 ---p 00005000 08:0f 1587699                    /usr/lib/jvm/oracle_jdk8/jre/lib/amd64/libjavafx_font_freetype.so
7fe8c611b000-7fe8c611c000 rw-p 00004000 08:0f 1587699                    /usr/lib/jvm/oracle_jdk8/jre/lib/amd64/libjavafx_font_freetype.so
7fe8c611c000-7fe8c611f000 r-xp 00000000 08:0f 1587739                    /usr/lib/jvm/oracle_jdk8/jre/lib/amd64/libjavafx_font.so
7fe8c611f000-7fe8c631e000 ---p 00003000 08:0f 1587739                    /usr/lib/jvm/oracle_jdk8/jre/lib/amd64/libjavafx_font.so
7fe8c631e000-7fe8c631f000 rw-p 00002000 08:0f 1587739                    /usr/lib/jvm/oracle_jdk8/jre/lib/amd64/libjavafx_font.so
7fe8c631f000-7fe8c651f000 rw-p 00000000 00:00 0 
7fe8c651f000-7fe8c6522000 ---p 00000000 00:00 0 
7fe8c6522000-7fe8c6620000 rw-p 00000000 00:00 0 
7fe8c6620000-7fe8c6623000 ---p 00000000 00:00 0 
7fe8c6623000-7fe8c6721000 rw-p 00000000 00:00 0 
7fe8c6721000-7fe8c6724000 ---p 00000000 00:00 0 
7fe8c6724000-7fe8c6822000 rw-p 00000000 00:00 0 
7fe8c6822000-7fe8c6823000 ---p 00000000 00:00 0 
7fe8c6823000-7fe8c7023000 rw-p 00000000 00:00 0 
7fe8c7023000-7fe8c7024000 ---p 00000000 00:00 0 
7fe8c7024000-7fe8c7824000 rw-p 00000000 00:00 0 
7fe8c7824000-7fe8c7825000 ---p 00000000 00:00 0 
7fe8c7825000-7fe8c8025000 rw-p 00000000 00:00 0 
7fe8c8025000-7fe8c8031000 r-xp 00000000 08:0f 1572888                    /usr/lib/x86_64-linux-gnu/gio/modules/libdconfsettings.so
7fe8c8031000-7fe8c8230000 ---p 0000c000 08:0f 1572888                    /usr/lib/x86_64-linux-gnu/gio/modules/libdconfsettings.so
7fe8c8230000-7fe8c8231000 r--p 0000b000 08:0f 1572888                    /usr/lib/x86_64-linux-gnu/gio/modules/libdconfsettings.so
7fe8c8231000-7fe8c8232000 rw-p 0000c000 08:0f 1572888                    /usr/lib/x86_64-linux-gnu/gio/modules/libdconfsettings.so
7fe8c8232000-7fe8c827b000 r--p 00000000 08:0f 1703186                    /usr/share/glib-2.0/schemas/gschemas.compiled
7fe8c827b000-7fe8c8282000 r-xp 00000000 08:0f 1318849                    /usr/lib/x86_64-linux-gnu/libogg.so.0.8.2
7fe8c8282000-7fe8c8482000 ---p 00007000 08:0f 1318849                    /usr/lib/x86_64-linux-gnu/libogg.so.0.8.2
7fe8c8482000-7fe8c8483000 r--p 00007000 08:0f 1318849                    /usr/lib/x86_64-linux-gnu/libogg.so.0.8.2
7fe8c8483000-7fe8c8484000 rw-p 00008000 08:0f 1318849                    /usr/lib/x86_64-linux-gnu/libogg.so.0.8.2
7fe8c8484000-7fe8c84ae000 r-xp 00000000 08:0f 1319282                    /usr/lib/x86_64-linux-gnu/libvorbis.so.0.4.8
7fe8c84ae000-7fe8c86ae000 ---p 0002a000 08:0f 1319282                    /usr/lib/x86_64-linux-gnu/libvorbis.so.0.4.8
7fe8c86ae000-7fe8c86af000 r--p 0002a000 08:0f 1319282                    /usr/lib/x86_64-linux-gnu/libvorbis.so.0.4.8
7fe8c86af000-7fe8c86b0000 rw-p 0002b000 08:0f 1319282                    /usr/lib/x86_64-linux-gnu/libvorbis.so.0.4.8
7fe8c86b0000-7fe8c86b8000 r-xp 00000000 08:0f 1318693                    /usr/lib/x86_64-linux-gnu/libltdl.so.7.3.1
7fe8c86b8000-7fe8c88b8000 ---p 00008000 08:0f 1318693                    /usr/lib/x86_64-linux-gnu/libltdl.so.7.3.1
7fe8c88b8000-7fe8c88b9000 r--p 00008000 08:0f 1318693                    /usr/lib/x86_64-linux-gnu/libltdl.so.7.3.1
7fe8c88b9000-7fe8c88ba000 rw-p 00009000 08:0f 1318693                    /usr/lib/x86_64-linux-gnu/libltdl.so.7.3.1
7fe8c88ba000-7fe8c88ce000 r-xp 00000000 08:0f 1319115                    /usr/lib/x86_64-linux-gnu/libtdb.so.1.3.9
7fe8c88ce000-7fe8c8acd000 ---p 00014000 08:0f 1319115                    /usr/lib/x86_64-linux-gnu/libtdb.so.1.3.9
7fe8c8acd000-7fe8c8ace000 r--p 00013000 08:0f 1319115                    /usr/lib/x86_64-linux-gnu/libtdb.so.1.3.9
7fe8c8ace000-7fe8c8acf000 rw-p 00014000 08:0f 1319115                    /usr/lib/x86_64-linux-gnu/libtdb.so.1.3.9
7fe8c8acf000-7fe8c8ad6000 r-xp 00000000 08:0f 1319286                    /usr/lib/x86_64-linux-gnu/libvorbisfile.so.3.3.7
7fe8c8ad6000-7fe8c8cd6000 ---p 00007000 08:0f 1319286                    /usr/lib/x86_64-linux-gnu/libvorbisfile.so.3.3.7
7fe8c8cd6000-7fe8c8cd7000 r--p 00007000 08:0f 1319286                    /usr/lib/x86_64-linux-gnu/libvorbisfile.so.3.3.7
7fe8c8cd7000-7fe8c8cd8000 rw-p 00008000 08:0f 1319286                    /usr/lib/x86_64-linux-gnu/libvorbisfile.so.3.3.7
7fe8c8cd8000-7fe8c8ce8000 r-xp 00000000 08:0f 1318049                    /usr/lib/x86_64-linux-gnu/libcanberra.so.0.2.5
7fe8c8ce8000-7fe8c8ee8000 ---p 00010000 08:0f 1318049                    /usr/lib/x86_64-linux-gnu/libcanberra.so.0.2.5
7fe8c8ee8000-7fe8c8ee9000 r--p 00010000 08:0f 1318049                    /usr/lib/x86_64-linux-gnu/libcanberra.so.0.2.5
7fe8c8ee9000-7fe8c8eea000 rw-p 00011000 08:0f 1318049                    /usr/lib/x86_64-linux-gnu/libcanberra.so.0.2.5
7fe8c8eea000-7fe8c8eee000 r-xp 00000000 08:0f 1318045                    /usr/lib/x86_64-linux-gnu/libcanberra-gtk.so.0.1.9
7fe8c8eee000-7fe8c90ed000 ---p 00004000 08:0f 1318045                    /usr/lib/x86_64-linux-gnu/libcanberra-gtk.so.0.1.9
7fe8c90ed000-7fe8c90ee000 r--p 00003000 08:0f 1318045                    /usr/lib/x86_64-linux-gnu/libcanberra-gtk.so.0.1.9
7fe8c90ee000-7fe8c90ef000 rw-p 00004000 08:0f 1318045                    /usr/lib/x86_64-linux-gnu/libcanberra-gtk.so.0.1.9
7fe8c90ef000-7fe8c90f4000 r-xp 00000000 08:0f 1573095                    /usr/lib/x86_64-linux-gnu/gtk-2.0/modules/libcanberra-gtk-module.so
7fe8c90f4000-7fe8c92f3000 ---p 00005000 08:0f 1573095                    /usr/lib/x86_64-linux-gnu/gtk-2.0/modules/libcanberra-gtk-module.so
7fe8c92f3000-7fe8c92f4000 r--p 00004000 08:0f 1573095                    /usr/lib/x86_64-linux-gnu/gtk-2.0/modules/libcanberra-gtk-module.so
7fe8c92f4000-7fe8c92f5000 rw-p 00005000 08:0f 1573095                    /usr/lib/x86_64-linux-gnu/gtk-2.0/modules/libcanberra-gtk-module.so
7fe8c92f5000-7fe8c9325000 r-xp 00000000 08:0f 1573077                    /usr/lib/x86_64-linux-gnu/gtk-2.0/2.10.0/engines/libmurrine.so
7fe8c9325000-7fe8c9525000 ---p 00030000 08:0f 1573077                    /usr/lib/x86_64-linux-gnu/gtk-2.0/2.10.0/engines/libmurrine.so
7fe8c9525000-7fe8c9526000 r--p 00030000 08:0f 1573077                    /usr/lib/x86_64-linux-gnu/gtk-2.0/2.10.0/engines/libmurrine.so
7fe8c9526000-7fe8c9527000 rw-p 00031000 08:0f 1573077                    /usr/lib/x86_64-linux-gnu/gtk-2.0/2.10.0/engines/libmurrine.so
7fe8c9527000-7fe8c9538000 r-xp 00000000 08:0f 1587590                    /usr/lib/x86_64-linux-gnu/gtk-2.0/modules/liboverlay-scrollbar.so
7fe8c9538000-7fe8c9738000 ---p 00011000 08:0f 1587590                    /usr/lib/x86_64-linux-gnu/gtk-2.0/modules/liboverlay-scrollbar.so
7fe8c9738000-7fe8c9739000 r--p 00011000 08:0f 1587590                    /usr/lib/x86_64-linux-gnu/gtk-2.0/modules/liboverlay-scrollbar.so
7fe8c9739000-7fe8c973a000 rw-p 00012000 08:0f 1587590                    /usr/lib/x86_64-linux-gnu/gtk-2.0/modules/liboverlay-scrollbar.so
7fe8c973a000-7fe8c9763000 r-xp 00000000 08:0f 1587715                    /usr/lib/jvm/oracle_jdk8/jre/lib/amd64/libglass.so
7fe8c9763000-7fe8c9962000 ---p 00029000 08:0f 1587715                    /usr/lib/jvm/oracle_jdk8/jre/lib/amd64/libglass.so
7fe8c9962000-7fe8c9965000 rw-p 00028000 08:0f 1587715                    /usr/lib/jvm/oracle_jdk8/jre/lib/amd64/libglass.so
7fe8c9965000-7fe8c999c000 r-xp 00000000 08:0f 1319162                    /usr/lib/x86_64-linux-gnu/libtxc_dxtn_s2tc.so.0.0.0
7fe8c999c000-7fe8c9b9b000 ---p 00037000 08:0f 1319162                    /usr/lib/x86_64-linux-gnu/libtxc_dxtn_s2tc.so.0.0.0
7fe8c9b9b000-7fe8c9b9c000 r--p 00036000 08:0f 1319162                    /usr/lib/x86_64-linux-gnu/libtxc_dxtn_s2tc.so.0.0.0
7fe8c9b9c000-7fe8c9b9d000 rw-p 00037000 08:0f 1319162                    /usr/lib/x86_64-linux-gnu/libtxc_dxtn_s2tc.so.0.0.0
7fe8c9b9d000-7fe8c9ba5000 r-xp 00000000 08:0f 1318896                    /usr/lib/x86_64-linux-gnu/libpciaccess.so.0.11.1
7fe8c9ba5000-7fe8c9da5000 ---p 00008000 08:0f 1318896                    /usr/lib/x86_64-linux-gnu/libpciaccess.so.0.11.1
7fe8c9da5000-7fe8c9da6000 r--p 00008000 08:0f 1318896                    /usr/lib/x86_64-linux-gnu/libpciaccess.so.0.11.1
7fe8c9da6000-7fe8c9da7000 rw-p 00009000 08:0f 1318896                    /usr/lib/x86_64-linux-gnu/libpciaccess.so.0.11.1
7fe8c9da7000-7fe8c9db9000 r-xp 00000000 08:0f 528094                     /lib/x86_64-linux-gnu/libgpg-error.so.0.19.1
7fe8c9db9000-7fe8c9fb9000 ---p 00012000 08:0f 528094                     /lib/x86_64-linux-gnu/libgpg-error.so.0.19.1
7fe8c9fb9000-7fe8c9fba000 r--p 00012000 08:0f 528094                     /lib/x86_64-linux-gnu/libgpg-error.so.0.19.1
7fe8c9fba000-7fe8c9fbb000 rw-p 00013000 08:0f 528094                     /lib/x86_64-linux-gnu/libgpg-error.so.0.19.1
7fe8c9fbb000-7fe8c9fc6000 r-xp 00000000 08:0f 1318198                    /usr/lib/x86_64-linux-gnu/libdrm_radeon.so.1.0.1
7fe8c9fc6000-7fe8ca1c5000 ---p 0000b000 08:0f 1318198                    /usr/lib/x86_64-linux-gnu/libdrm_radeon.so.1.0.1
7fe8ca1c5000-7fe8ca1c6000 r--p 0000a000 08:0f 1318198                    /usr/lib/x86_64-linux-gnu/libdrm_radeon.so.1.0.1
7fe8ca1c6000-7fe8ca1c7000 rw-p 0000b000 08:0f 1318198                    /usr/lib/x86_64-linux-gnu/libdrm_radeon.so.1.0.1
7fe8ca1c7000-7fe8ca1ce000 r-xp 00000000 08:0f 1318196                    /usr/lib/x86_64-linux-gnu/libdrm_nouveau.so.2.0.0
7fe8ca1ce000-7fe8ca3cd000 ---p 00007000 08:0f 1318196                    /usr/lib/x86_64-linux-gnu/libdrm_nouveau.so.2.0.0
7fe8ca3cd000-7fe8ca3ce000 r--p 00006000 08:0f 1318196                    /usr/lib/x86_64-linux-gnu/libdrm_nouveau.so.2.0.0
7fe8ca3ce000-7fe8ca3cf000 rw-p 00007000 08:0f 1318196                    /usr/lib/x86_64-linux-gnu/libdrm_nouveau.so.2.0.0
7fe8ca3cf000-7fe8ca3ef000 r-xp 00000000 08:0f 1318194                    /usr/lib/x86_64-linux-gnu/libdrm_intel.so.1.0.0
7fe8ca3ef000-7fe8ca5ee000 ---p 00020000 08:0f 1318194                    /usr/lib/x86_64-linux-gnu/libdrm_intel.so.1.0.0
7fe8ca5ee000-7fe8ca5ef000 r--p 0001f000 08:0f 1318194                    /usr/lib/x86_64-linux-gnu/libdrm_intel.so.1.0.0
7fe8ca5ef000-7fe8ca5f0000 rw-p 00020000 08:0f 1318194                    /usr/lib/x86_64-linux-gnu/libdrm_intel.so.1.0.0
7fe8ca5f0000-7fe8ca6f7000 r-xp 00000000 08:0f 528090                     /lib/x86_64-linux-gnu/libgcrypt.so.20.1.2
7fe8ca6f7000-7fe8ca8f6000 ---p 00107000 08:0f 528090                     /lib/x86_64-linux-gnu/libgcrypt.so.20.1.2
7fe8ca8f6000-7fe8ca8f8000 r--p 00106000 08:0f 528090                     /lib/x86_64-linux-gnu/libgcrypt.so.20.1.2
7fe8ca8f8000-7fe8ca8ff000 rw-p 00108000 08:0f 528090                     /lib/x86_64-linux-gnu/libgcrypt.so.20.1.2
7fe8ca8ff000-7fe8cafa2000 r-xp 00000000 08:0f 1571962                    /usr/lib/x86_64-linux-gnu/dri/i965_dri.so
7fe8cafa2000-7fe8cb1a1000 ---p 006a3000 08:0f 1571962                    /usr/lib/x86_64-linux-gnu/dri/i965_dri.so
7fe8cb1a1000-7fe8cb1e0000 r--p 006a2000 08:0f 1571962                    /usr/lib/x86_64-linux-gnu/dri/i965_dri.so
7fe8cb1e0000-7fe8cb1e8000 rw-p 006e1000 08:0f 1571962                    /usr/lib/x86_64-linux-gnu/dri/i965_dri.so
7fe8cb1e8000-7fe8cb1f0000 rw-p 00000000 00:00 0 
7fe8cb1f0000-7fe8cb1f4000 r-xp 00000000 08:0f 527948                     /lib/x86_64-linux-gnu/libuuid.so.1.3.0
7fe8cb1f4000-7fe8cb3f3000 ---p 00004000 08:0f 527948                     /lib/x86_64-linux-gnu/libuuid.so.1.3.0
7fe8cb3f3000-7fe8cb3f4000 r--p 00003000 08:0f 527948                     /lib/x86_64-linux-gnu/libuuid.so.1.3.0
7fe8cb3f4000-7fe8cb3f5000 rw-p 00004000 08:0f 527948                     /lib/x86_64-linux-gnu/libuuid.so.1.3.0
7fe8cb3f5000-7fe8cb3fb000 r-xp 00000000 08:0f 1318139                    /usr/lib/x86_64-linux-gnu/libdatrie.so.1.3.3
7fe8cb3fb000-7fe8cb5fb000 ---p 00006000 08:0f 1318139                    /usr/lib/x86_64-linux-gnu/libdatrie.so.1.3.3
7fe8cb5fb000-7fe8cb5fc000 r--p 00006000 08:0f 1318139                    /usr/lib/x86_64-linux-gnu/libdatrie.so.1.3.3
7fe8cb5fc000-7fe8cb5fd000 rw-p 00007000 08:0f 1318139                    /usr/lib/x86_64-linux-gnu/libdatrie.so.1.3.3
7fe8cb5fd000-7fe8cb602000 r-xp 00000000 08:0f 1317884                    /usr/lib/x86_64-linux-gnu/libXdmcp.so.6.0.0
7fe8cb602000-7fe8cb801000 ---p 00005000 08:0f 1317884                    /usr/lib/x86_64-linux-gnu/libXdmcp.so.6.0.0
7fe8cb801000-7fe8cb802000 r--p 00004000 08:0f 1317884                    /usr/lib/x86_64-linux-gnu/libXdmcp.so.6.0.0
7fe8cb802000-7fe8cb803000 rw-p 00005000 08:0f 1317884                    /usr/lib/x86_64-linux-gnu/libXdmcp.so.6.0.0
7fe8cb803000-7fe8cb805000 r-xp 00000000 08:0f 1317873                    /usr/lib/x86_64-linux-gnu/libXau.so.6.0.0
7fe8cb805000-7fe8cba05000 ---p 00002000 08:0f 1317873                    /usr/lib/x86_64-linux-gnu/libXau.so.6.0.0
7fe8cba05000-7fe8cba06000 r--p 00002000 08:0f 1317873                    /usr/lib/x86_64-linux-gnu/libXau.so.6.0.0
7fe8cba06000-7fe8cba07000 rw-p 00003000 08:0f 1317873                    /usr/lib/x86_64-linux-gnu/libXau.so.6.0.0
7fe8cba07000-7fe8cba2a000 r-xp 00000000 08:0f 1318451                    /usr/lib/x86_64-linux-gnu/libgraphite2.so.3.0.1
7fe8cba2a000-7fe8cbc29000 ---p 00023000 08:0f 1318451                    /usr/lib/x86_64-linux-gnu/libgraphite2.so.3.0.1
7fe8cbc29000-7fe8cbc2b000 r--p 00022000 08:0f 1318451                    /usr/lib/x86_64-linux-gnu/libgraphite2.so.3.0.1
7fe8cbc2b000-7fe8cbc2c000 rw-p 00024000 08:0f 1318451                    /usr/lib/x86_64-linux-gnu/libgraphite2.so.3.0.1
7fe8cbc2c000-7fe8cbc69000 r-xp 00000000 08:0f 527950                     /lib/x86_64-linux-gnu/libblkid.so.1.1.0
7fe8cbc69000-7fe8cbe68000 ---p 0003d000 08:0f 527950                     /lib/x86_64-linux-gnu/libblkid.so.1.1.0
7fe8cbe68000-7fe8cbe6c000 r--p 0003c000 08:0f 527950                     /lib/x86_64-linux-gnu/libblkid.so.1.1.0
7fe8cbe6c000-7fe8cbe6d000 rw-p 00040000 08:0f 527950                     /lib/x86_64-linux-gnu/libblkid.so.1.1.0
7fe8cbe6d000-7fe8cbe6e000 rw-p 00000000 00:00 0 
7fe8cbe6e000-7fe8cbe7c000 r-xp 00000000 08:0f 1318190                    /usr/lib/x86_64-linux-gnu/libdrm.so.2.4.0
7fe8cbe7c000-7fe8cc07b000 ---p 0000e000 08:0f 1318190                    /usr/lib/x86_64-linux-gnu/libdrm.so.2.4.0
7fe8cc07b000-7fe8cc07c000 r--p 0000d000 08:0f 1318190                    /usr/lib/x86_64-linux-gnu/libdrm.so.2.4.0
7fe8cc07c000-7fe8cc07d000 rw-p 0000e000 08:0f 1318190                    /usr/lib/x86_64-linux-gnu/libdrm.so.2.4.0
7fe8cc07d000-7fe8cc081000 r-xp 00000000 08:0f 1319373                    /usr/lib/x86_64-linux-gnu/libxcb-dri2.so.0.0.0
7fe8cc081000-7fe8cc280000 ---p 00004000 08:0f 1319373                    /usr/lib/x86_64-linux-gnu/libxcb-dri2.so.0.0.0
7fe8cc280000-7fe8cc281000 r--p 00003000 08:0f 1319373                    /usr/lib/x86_64-linux-gnu/libxcb-dri2.so.0.0.0
7fe8cc281000-7fe8cc282000 rw-p 00004000 08:0f 1319373                    /usr/lib/x86_64-linux-gnu/libxcb-dri2.so.0.0.0
7fe8cc282000-7fe8cc299000 r-xp 00000000 08:0f 1319377                    /usr/lib/x86_64-linux-gnu/libxcb-glx.so.0.0.0
7fe8cc299000-7fe8cc498000 ---p 00017000 08:0f 1319377                    /usr/lib/x86_64-linux-gnu/libxcb-glx.so.0.0.0
7fe8cc498000-7fe8cc49a000 r--p 00016000 08:0f 1319377                    /usr/lib/x86_64-linux-gnu/libxcb-glx.so.0.0.0
7fe8cc49a000-7fe8cc49b000 rw-p 00018000 08:0f 1319377                    /usr/lib/x86_64-linux-gnu/libxcb-glx.so.0.0.0
7fe8cc49b000-7fe8cc49c000 r-xp 00000000 08:0f 1317867                    /usr/lib/x86_64-linux-gnu/libX11-xcb.so.1.0.0
7fe8cc49c000-7fe8cc69b000 ---p 00001000 08:0f 1317867                    /usr/lib/x86_64-linux-gnu/libX11-xcb.so.1.0.0
7fe8cc69b000-7fe8cc69c000 r--p 00000000 08:0f 1317867                    /usr/lib/x86_64-linux-gnu/libX11-xcb.so.1.0.0
7fe8cc69c000-7fe8cc69d000 rw-p 00001000 08:0f 1317867                    /usr/lib/x86_64-linux-gnu/libX11-xcb.so.1.0.0
7fe8cc69d000-7fe8cc6c6000 r-xp 00000000 08:0f 1332500                    /usr/lib/x86_64-linux-gnu/libglapi.so.0.0.0
7fe8cc6c6000-7fe8cc8c5000 ---p 00029000 08:0f 1332500                    /usr/lib/x86_64-linux-gnu/libglapi.so.0.0.0
7fe8cc8c5000-7fe8cc8c9000 r--p 00028000 08:0f 1332500                    /usr/lib/x86_64-linux-gnu/libglapi.so.0.0.0
7fe8cc8c9000-7fe8cc8ca000 rw-p 0002c000 08:0f 1332500                    /usr/lib/x86_64-linux-gnu/libglapi.so.0.0.0
7fe8cc8ca000-7fe8cc8cb000 rw-p 00000000 00:00 0 
7fe8cc8cb000-7fe8cc8cc000 r-xp 00000000 08:0f 1319419                    /usr/lib/x86_64-linux-gnu/libxshmfence.so.1.0.0
7fe8cc8cc000-7fe8ccacc000 ---p 00001000 08:0f 1319419                    /usr/lib/x86_64-linux-gnu/libxshmfence.so.1.0.0
7fe8ccacc000-7fe8ccacd000 r--p 00001000 08:0f 1319419                    /usr/lib/x86_64-linux-gnu/libxshmfence.so.1.0.0
7fe8ccacd000-7fe8ccace000 rw-p 00002000 08:0f 1319419                    /usr/lib/x86_64-linux-gnu/libxshmfence.so.1.0.0
7fe8ccace000-7fe8ccad3000 r-xp 00000000 08:0f 1319397                    /usr/lib/x86_64-linux-gnu/libxcb-sync.so.1.0.0
7fe8ccad3000-7fe8cccd3000 ---p 00005000 08:0f 1319397                    /usr/lib/x86_64-linux-gnu/libxcb-sync.so.1.0.0
7fe8cccd3000-7fe8cccd4000 r--p 00005000 08:0f 1319397                    /usr/lib/x86_64-linux-gnu/libxcb-sync.so.1.0.0
7fe8cccd4000-7fe8cccd5000 rw-p 00006000 08:0f 1319397                    /usr/lib/x86_64-linux-gnu/libxcb-sync.so.1.0.0
7fe8cccd5000-7fe8cccd7000 r-xp 00000000 08:0f 1319385                    /usr/lib/x86_64-linux-gnu/libxcb-present.so.0.0.0
7fe8cccd7000-7fe8cced6000 ---p 00002000 08:0f 1319385                    /usr/lib/x86_64-linux-gnu/libxcb-present.so.0.0.0
7fe8cced6000-7fe8cced7000 r--p 00001000 08:0f 1319385                    /usr/lib/x86_64-linux-gnu/libxcb-present.so.0.0.0
7fe8cced7000-7fe8cced8000 rw-p 00002000 08:0f 1319385                    /usr/lib/x86_64-linux-gnu/libxcb-present.so.0.0.0
7fe8cced8000-7fe8cceda000 r-xp 00000000 08:0f 1319375                    /usr/lib/x86_64-linux-gnu/libxcb-dri3.so.0.0.0
7fe8cceda000-7fe8cd0d9000 ---p 00002000 08:0f 1319375                    /usr/lib/x86_64-linux-gnu/libxcb-dri3.so.0.0.0
7fe8cd0d9000-7fe8cd0da000 r--p 00001000 08:0f 1319375                    /usr/lib/x86_64-linux-gnu/libxcb-dri3.so.0.0.0
7fe8cd0da000-7fe8cd0db000 rw-p 00002000 08:0f 1319375                    /usr/lib/x86_64-linux-gnu/libxcb-dri3.so.0.0.0
7fe8cd0db000-7fe8cd14d000 r-xp 00000000 08:0f 528176                     /lib/x86_64-linux-gnu/libpcre.so.3.13.3
7fe8cd14d000-7fe8cd34c000 ---p 00072000 08:0f 528176                     /lib/x86_64-linux-gnu/libpcre.so.3.13.3
7fe8cd34c000-7fe8cd34d000 r--p 00071000 08:0f 528176                     /lib/x86_64-linux-gnu/libpcre.so.3.13.3
7fe8cd34d000-7fe8cd34e000 rw-p 00072000 08:0f 528176                     /lib/x86_64-linux-gnu/libpcre.so.3.13.3
7fe8cd34e000-7fe8cd355000 r-xp 00000000 08:0f 1318270                    /usr/lib/x86_64-linux-gnu/libffi.so.6.0.4
7fe8cd355000-7fe8cd554000 ---p 00007000 08:0f 1318270                    /usr/lib/x86_64-linux-gnu/libffi.so.6.0.4
7fe8cd554000-7fe8cd555000 r--p 00006000 08:0f 1318270                    /usr/lib/x86_64-linux-gnu/libffi.so.6.0.4
7fe8cd555000-7fe8cd556000 rw-p 00007000 08:0f 1318270                    /usr/lib/x86_64-linux-gnu/libffi.so.6.0.4
7fe8cd556000-7fe8cd57d000 r-xp 00000000 08:0f 528081                     /lib/x86_64-linux-gnu/libexpat.so.1.6.2
7fe8cd57d000-7fe8cd77d000 ---p 00027000 08:0f 528081                     /lib/x86_64-linux-gnu/libexpat.so.1.6.2
7fe8cd77d000-7fe8cd77f000 r--p 00027000 08:0f 528081                     /lib/x86_64-linux-gnu/libexpat.so.1.6.2
7fe8cd77f000-7fe8cd780000 rw-p 00029000 08:0f 528081                     /lib/x86_64-linux-gnu/libexpat.so.1.6.2
7fe8cd780000-7fe8cd788000 r-xp 00000000 08:0f 1319129                    /usr/lib/x86_64-linux-gnu/libthai.so.0.3.0
7fe8cd788000-7fe8cd987000 ---p 00008000 08:0f 1319129                    /usr/lib/x86_64-linux-gnu/libthai.so.0.3.0
7fe8cd987000-7fe8cd988000 r--p 00007000 08:0f 1319129                    /usr/lib/x86_64-linux-gnu/libthai.so.0.3.0
7fe8cd988000-7fe8cd989000 rw-p 00008000 08:0f 1319129                    /usr/lib/x86_64-linux-gnu/libthai.so.0.3.0
7fe8cd989000-7fe8cd9aa000 r-xp 00000000 08:0f 1319407                    /usr/lib/x86_64-linux-gnu/libxcb.so.1.1.0
7fe8cd9aa000-7fe8cdba9000 ---p 00021000 08:0f 1319407                    /usr/lib/x86_64-linux-gnu/libxcb.so.1.1.0
7fe8cdba9000-7fe8cdbaa000 r--p 00020000 08:0f 1319407                    /usr/lib/x86_64-linux-gnu/libxcb.so.1.1.0
7fe8cdbaa000-7fe8cdbab000 rw-p 00021000 08:0f 1319407                    /usr/lib/x86_64-linux-gnu/libxcb.so.1.1.0
7fe8cdbab000-7fe8cdbb3000 r-xp 00000000 08:0f 1319391                    /usr/lib/x86_64-linux-gnu/libxcb-render.so.0.0.0
7fe8cdbb3000-7fe8cddb3000 ---p 00008000 08:0f 1319391                    /usr/lib/x86_64-linux-gnu/libxcb-render.so.0.0.0
7fe8cddb3000-7fe8cddb4000 r--p 00008000 08:0f 1319391                    /usr/lib/x86_64-linux-gnu/libxcb-render.so.0.0.0
7fe8cddb4000-7fe8cddb5000 rw-p 00009000 08:0f 1319391                    /usr/lib/x86_64-linux-gnu/libxcb-render.so.0.0.0
7fe8cddb5000-7fe8cddb7000 r-xp 00000000 08:0f 1319395                    /usr/lib/x86_64-linux-gnu/libxcb-shm.so.0.0.0
7fe8cddb7000-7fe8cdfb7000 ---p 00002000 08:0f 1319395                    /usr/lib/x86_64-linux-gnu/libxcb-shm.so.0.0.0
7fe8cdfb7000-7fe8cdfb8000 r--p 00002000 08:0f 1319395                    /usr/lib/x86_64-linux-gnu/libxcb-shm.so.0.0.0
7fe8cdfb8000-7fe8cdfb9000 rw-p 00003000 08:0f 1319395                    /usr/lib/x86_64-linux-gnu/libxcb-shm.so.0.0.0
7fe8cdfb9000-7fe8cdfea000 r-xp 00000000 08:0f 1318920                    /usr/lib/x86_64-linux-gnu/libpng16.so.16.25.0
7fe8cdfea000-7fe8ce1e9000 ---p 00031000 08:0f 1318920                    /usr/lib/x86_64-linux-gnu/libpng16.so.16.25.0
7fe8ce1e9000-7fe8ce1ea000 r--p 00030000 08:0f 1318920                    /usr/lib/x86_64-linux-gnu/libpng16.so.16.25.0
7fe8ce1ea000-7fe8ce1eb000 rw-p 00031000 08:0f 1318920                    /usr/lib/x86_64-linux-gnu/libpng16.so.16.25.0
7fe8ce1eb000-7fe8ce28a000 r-xp 00000000 08:0f 1318912                    /usr/lib/x86_64-linux-gnu/libpixman-1.so.0.33.6
7fe8ce28a000-7fe8ce48a000 ---p 0009f000 08:0f 1318912                    /usr/lib/x86_64-linux-gnu/libpixman-1.so.0.33.6
7fe8ce48a000-7fe8ce492000 r--p 0009f000 08:0f 1318912                    /usr/lib/x86_64-linux-gnu/libpixman-1.so.0.33.6
7fe8ce492000-7fe8ce493000 rw-p 000a7000 08:0f 1318912                    /usr/lib/x86_64-linux-gnu/libpixman-1.so.0.33.6
7fe8ce493000-7fe8ce511000 r-xp 00000000 08:0f 1318541                    /usr/lib/x86_64-linux-gnu/libharfbuzz.so.0.10200.7
7fe8ce511000-7fe8ce711000 ---p 0007e000 08:0f 1318541                    /usr/lib/x86_64-linux-gnu/libharfbuzz.so.0.10200.7
7fe8ce711000-7fe8ce712000 r--p 0007e000 08:0f 1318541                    /usr/lib/x86_64-linux-gnu/libharfbuzz.so.0.10200.7
7fe8ce712000-7fe8ce713000 rw-p 0007f000 08:0f 1318541                    /usr/lib/x86_64-linux-gnu/libharfbuzz.so.0.10200.7
7fe8ce713000-7fe8ce759000 r-xp 00000000 08:0f 527943                     /lib/x86_64-linux-gnu/libmount.so.1.1.0
7fe8ce759000-7fe8ce958000 ---p 00046000 08:0f 527943                     /lib/x86_64-linux-gnu/libmount.so.1.1.0
7fe8ce958000-7fe8ce959000 r--p 00045000 08:0f 527943                     /lib/x86_64-linux-gnu/libmount.so.1.1.0
7fe8ce959000-7fe8ce95a000 rw-p 00046000 08:0f 527943                     /lib/x86_64-linux-gnu/libmount.so.1.1.0
7fe8ce95a000-7fe8ce95b000 rw-p 00000000 00:00 0 
7fe8ce95b000-7fe8ce972000 r-xp 00000000 08:0f 528272                     /lib/x86_64-linux-gnu/libresolv-2.24.so
7fe8ce972000-7fe8ceb72000 ---p 00017000 08:0f 528272                     /lib/x86_64-linux-gnu/libresolv-2.24.so
7fe8ceb72000-7fe8ceb73000 r--p 00017000 08:0f 528272                     /lib/x86_64-linux-gnu/libresolv-2.24.so
7fe8ceb73000-7fe8ceb74000 rw-p 00018000 08:0f 528272                     /lib/x86_64-linux-gnu/libresolv-2.24.so
7fe8ceb74000-7fe8ceb76000 rw-p 00000000 00:00 0 
7fe8ceb76000-7fe8ceb99000 r-xp 00000000 08:0f 528203                     /lib/x86_64-linux-gnu/libselinux.so.1
7fe8ceb99000-7fe8ced98000 ---p 00023000 08:0f 528203                     /lib/x86_64-linux-gnu/libselinux.so.1
7fe8ced98000-7fe8ced99000 r--p 00022000 08:0f 528203                     /lib/x86_64-linux-gnu/libselinux.so.1
7fe8ced99000-7fe8ced9a000 rw-p 00023000 08:0f 528203                     /lib/x86_64-linux-gnu/libselinux.so.1
7fe8ced9a000-7fe8ced9c000 rw-p 00000000 00:00 0 
7fe8ced9c000-7fe8cedb5000 r-xp 00000000 08:0f 528232                     /lib/x86_64-linux-gnu/libz.so.1.2.8
7fe8cedb5000-7fe8cefb4000 ---p 00019000 08:0f 528232                     /lib/x86_64-linux-gnu/libz.so.1.2.8
7fe8cefb4000-7fe8cefb5000 r--p 00018000 08:0f 528232                     /lib/x86_64-linux-gnu/libz.so.1.2.8
7fe8cefb5000-7fe8cefb6000 rw-p 00019000 08:0f 528232                     /lib/x86_64-linux-gnu/libz.so.1.2.8
7fe8cefb6000-7fe8cefc7000 r-xp 00000000 08:0f 1317886                    /usr/lib/x86_64-linux-gnu/libXext.so.6.4.0
7fe8cefc7000-7fe8cf1c6000 ---p 00011000 08:0f 1317886                    /usr/lib/x86_64-linux-gnu/libXext.so.6.4.0
7fe8cf1c6000-7fe8cf1c7000 r--p 00010000 08:0f 1317886                    /usr/lib/x86_64-linux-gnu/libXext.so.6.4.0
7fe8cf1c7000-7fe8cf1c8000 rw-p 00011000 08:0f 1317886                    /usr/lib/x86_64-linux-gnu/libXext.so.6.4.0
7fe8cf1c8000-7fe8cf1ca000 r-xp 00000000 08:0f 1317882                    /usr/lib/x86_64-linux-gnu/libXdamage.so.1.1.0
7fe8cf1ca000-7fe8cf3c9000 ---p 00002000 08:0f 1317882                    /usr/lib/x86_64-linux-gnu/libXdamage.so.1.1.0
7fe8cf3c9000-7fe8cf3ca000 r--p 00001000 08:0f 1317882                    /usr/lib/x86_64-linux-gnu/libXdamage.so.1.1.0
7fe8cf3ca000-7fe8cf3cb000 rw-p 00002000 08:0f 1317882                    /usr/lib/x86_64-linux-gnu/libXdamage.so.1.1.0
7fe8cf3cb000-7fe8cf3cd000 r-xp 00000000 08:0f 1317878                    /usr/lib/x86_64-linux-gnu/libXcomposite.so.1.0.0
7fe8cf3cd000-7fe8cf5cc000 ---p 00002000 08:0f 1317878                    /usr/lib/x86_64-linux-gnu/libXcomposite.so.1.0.0
7fe8cf5cc000-7fe8cf5cd000 r--p 00001000 08:0f 1317878                    /usr/lib/x86_64-linux-gnu/libXcomposite.so.1.0.0
7fe8cf5cd000-7fe8cf5ce000 rw-p 00002000 08:0f 1317878                    /usr/lib/x86_64-linux-gnu/libXcomposite.so.1.0.0
7fe8cf5ce000-7fe8cf5d7000 r-xp 00000000 08:0f 1317880                    /usr/lib/x86_64-linux-gnu/libXcursor.so.1.0.2
7fe8cf5d7000-7fe8cf7d6000 ---p 00009000 08:0f 1317880                    /usr/lib/x86_64-linux-gnu/libXcursor.so.1.0.2
7fe8cf7d6000-7fe8cf7d7000 r--p 00008000 08:0f 1317880                    /usr/lib/x86_64-linux-gnu/libXcursor.so.1.0.2
7fe8cf7d7000-7fe8cf7d8000 rw-p 00009000 08:0f 1317880                    /usr/lib/x86_64-linux-gnu/libXcursor.so.1.0.2
7fe8cf7d8000-7fe8cf7e2000 r-xp 00000000 08:0f 1317904                    /usr/lib/x86_64-linux-gnu/libXrandr.so.2.2.0
7fe8cf7e2000-7fe8cf9e1000 ---p 0000a000 08:0f 1317904                    /usr/lib/x86_64-linux-gnu/libXrandr.so.2.2.0
7fe8cf9e1000-7fe8cf9e2000 r--p 00009000 08:0f 1317904                    /usr/lib/x86_64-linux-gnu/libXrandr.so.2.2.0
7fe8cf9e2000-7fe8cf9e3000 rw-p 0000a000 08:0f 1317904                    /usr/lib/x86_64-linux-gnu/libXrandr.so.2.2.0
7fe8cf9e3000-7fe8cf9f2000 r-xp 00000000 08:0f 1317894                    /usr/lib/x86_64-linux-gnu/libXi.so.6.1.0
7fe8cf9f2000-7fe8cfbf1000 ---p 0000f000 08:0f 1317894                    /usr/lib/x86_64-linux-gnu/libXi.so.6.1.0
7fe8cfbf1000-7fe8cfbf2000 r--p 0000e000 08:0f 1317894                    /usr/lib/x86_64-linux-gnu/libXi.so.6.1.0
7fe8cfbf2000-7fe8cfbf3000 rw-p 0000f000 08:0f 1317894                    /usr/lib/x86_64-linux-gnu/libXi.so.6.1.0
7fe8cfbf3000-7fe8cfbf5000 r-xp 00000000 08:0f 1317896                    /usr/lib/x86_64-linux-gnu/libXinerama.so.1.0.0
7fe8cfbf5000-7fe8cfdf4000 ---p 00002000 08:0f 1317896                    /usr/lib/x86_64-linux-gnu/libXinerama.so.1.0.0
7fe8cfdf4000-7fe8cfdf5000 r--p 00001000 08:0f 1317896                    /usr/lib/x86_64-linux-gnu/libXinerama.so.1.0.0
7fe8cfdf5000-7fe8cfdf6000 rw-p 00002000 08:0f 1317896                    /usr/lib/x86_64-linux-gnu/libXinerama.so.1.0.0
7fe8cfdf6000-7fe8cfdff000 r-xp 00000000 08:0f 1317906                    /usr/lib/x86_64-linux-gnu/libXrender.so.1.3.0
7fe8cfdff000-7fe8cfffe000 ---p 00009000 08:0f 1317906                    /usr/lib/x86_64-linux-gnu/libXrender.so.1.3.0
7fe8cfffe000-7fe8cffff000 r--p 00008000 08:0f 1317906                    /usr/lib/x86_64-linux-gnu/libXrender.so.1.3.0
7fe8cffff000-7fe8d0000000 rw-p 00009000 08:0f 1317906                    /usr/lib/x86_64-linux-gnu/libXrender.so.1.3.0
7fe8d0000000-7fe8d0021000 rw-p 00000000 00:00 0 
7fe8d0021000-7fe8d4000000 ---p 00000000 00:00 0 
7fe8d4000000-7fe8d5ec0000 rw-p 00000000 00:00 0 
7fe8d5ec0000-7fe8d8000000 ---p 00000000 00:00 0 
7fe8d8000000-7fe8d8021000 rw-p 00000000 00:00 0 
7fe8d8021000-7fe8dc000000 ---p 00000000 00:00 0 
7fe8dc000000-7fe8dc004000 r--s 00097000 08:0f 1587686                    /usr/lib/jvm/oracle_jdk8/jre/lib/jsse.jar
7fe8dc004000-7fe8dc00a000 r--s 00000000 08:0f 134020                     /var/cache/fontconfig/2cd17615ca594fa2959ae173292e504c-le64.cache-6
7fe8dc00a000-7fe8dc00b000 r--s 00000000 08:0f 134017                     /var/cache/fontconfig/0d8c3b2ac0904cb8a57a757ad11a4a08-le64.cache-6
7fe8dc00b000-7fe8dc00f000 r--s 00000000 08:0f 132419                     /var/cache/fontconfig/de156ccd2eddbdc19d37a45b8b2aac9c-le64.cache-6
7fe8dc00f000-7fe8dc010000 r--s 00000000 08:0f 134019                     /var/cache/fontconfig/1ac9eb803944fde146138c791f5cc56a-le64.cache-6
7fe8dc010000-7fe8dc014000 r--s 00000000 08:0f 134024                     /var/cache/fontconfig/385c0604a188198f04d133e54aba7fe7-le64.cache-6
7fe8dc014000-7fe8dc015000 r--s 00000000 08:0f 134052                     /var/cache/fontconfig/dc05db6664285cc2f12bf69c139ae4c3-le64.cache-6
7fe8dc015000-7fe8dc018000 r--s 00000000 08:0f 134035                     /var/cache/fontconfig/767a8244fc0220cfb567a839d0392e0b-le64.cache-6
7fe8dc018000-7fe8dc019000 r--s 00000000 08:0f 132299                     /var/cache/fontconfig/4794a0821666d79190d59a36cb4f44b5-le64.cache-6
7fe8dc019000-7fe8dc01a000 r--s 00000000 08:0f 134015                     /var/cache/fontconfig/0bd3dc0958fa2205aaaa8ebb13e2872b-le64.cache-6
7fe8dc01a000-7fe8dc01f000 r--s 00000000 08:0f 134038                     /var/cache/fontconfig/8801497958630a81b71ace7c5f9b32a8-le64.cache-6
7fe8dc01f000-7fe8dc023000 r--s 00000000 08:0f 132418                     /var/cache/fontconfig/c57959a16110560c8d0fcea73374aeeb-le64.cache-6
7fe8dc023000-7fe8dc029000 r--s 00000000 08:0f 134021                     /var/cache/fontconfig/3047814df9a2f067bd2d96a2b9c36e5a-le64.cache-6
7fe8dc029000-7fe8dc02f000 r--s 00000000 08:0f 134043                     /var/cache/fontconfig/b47c4e1ecd0709278f4910c18777a504-le64.cache-6
7fe8dc02f000-7fe8dc042000 r--s 00000000 08:0f 134049                     /var/cache/fontconfig/d52a8644073d54c13679302ca1180695-le64.cache-6
7fe8dc042000-7fe8dc047000 r-xp 00000000 08:0f 1317888                    /usr/lib/x86_64-linux-gnu/libXfixes.so.3.1.0
7fe8dc047000-7fe8dc246000 ---p 00005000 08:0f 1317888                    /usr/lib/x86_64-linux-gnu/libXfixes.so.3.1.0
7fe8dc246000-7fe8dc247000 r--p 00004000 08:0f 1317888                    /usr/lib/x86_64-linux-gnu/libXfixes.so.3.1.0
7fe8dc247000-7fe8dc248000 rw-p 00005000 08:0f 1317888                    /usr/lib/x86_64-linux-gnu/libXfixes.so.3.1.0
7fe8dc248000-7fe8dc25e000 r-xp 00000000 08:0f 528088                     /lib/x86_64-linux-gnu/libgcc_s.so.1
7fe8dc25e000-7fe8dc45d000 ---p 00016000 08:0f 528088                     /lib/x86_64-linux-gnu/libgcc_s.so.1
7fe8dc45d000-7fe8dc45e000 r--p 00015000 08:0f 528088                     /lib/x86_64-linux-gnu/libgcc_s.so.1
7fe8dc45e000-7fe8dc45f000 rw-p 00016000 08:0f 528088                     /lib/x86_64-linux-gnu/libgcc_s.so.1
7fe8dc45f000-7fe8dc5d7000 r-xp 00000000 08:0f 1319101                    /usr/lib/x86_64-linux-gnu/libstdc++.so.6.0.22
7fe8dc5d7000-7fe8dc7d7000 ---p 00178000 08:0f 1319101                    /usr/lib/x86_64-linux-gnu/libstdc++.so.6.0.22
7fe8dc7d7000-7fe8dc7e1000 r--p 00178000 08:0f 1319101                    /usr/lib/x86_64-linux-gnu/libstdc++.so.6.0.22
7fe8dc7e1000-7fe8dc7e3000 rw-p 00182000 08:0f 1319101                    /usr/lib/x86_64-linux-gnu/libstdc++.so.6.0.22
7fe8dc7e3000-7fe8dc7e7000 rw-p 00000000 00:00 0 
7fe8dc7e7000-7fe8dc857000 r-xp 00000000 08:0f 1571965                    /usr/lib/x86_64-linux-gnu/mesa/libGL.so.1.2.0
7fe8dc857000-7fe8dca56000 ---p 00070000 08:0f 1571965                    /usr/lib/x86_64-linux-gnu/mesa/libGL.so.1.2.0
7fe8dca56000-7fe8dca59000 r--p 0006f000 08:0f 1571965                    /usr/lib/x86_64-linux-gnu/mesa/libGL.so.1.2.0
7fe8dca59000-7fe8dca5a000 rw-p 00072000 08:0f 1571965                    /usr/lib/x86_64-linux-gnu/mesa/libGL.so.1.2.0
7fe8dca5a000-7fe8dca5b000 rw-p 00000000 00:00 0 
7fe8dca5b000-7fe8dca60000 r-xp 00000000 08:0f 1317922                    /usr/lib/x86_64-linux-gnu/libXxf86vm.so.1.0.0
7fe8dca60000-7fe8dcc5f000 ---p 00005000 08:0f 1317922                    /usr/lib/x86_64-linux-gnu/libXxf86vm.so.1.0.0
7fe8dcc5f000-7fe8dcc60000 r--p 00004000 08:0f 1317922                    /usr/lib/x86_64-linux-gnu/libXxf86vm.so.1.0.0
7fe8dcc60000-7fe8dcc61000 rw-p 00005000 08:0f 1317922                    /usr/lib/x86_64-linux-gnu/libXxf86vm.so.1.0.0
7fe8dcc61000-7fe8dcd96000 r-xp 00000000 08:0f 1317869                    /usr/lib/x86_64-linux-gnu/libX11.so.6.3.0
7fe8dcd96000-7fe8dcf95000 ---p 00135000 08:0f 1317869                    /usr/lib/x86_64-linux-gnu/libX11.so.6.3.0
7fe8dcf95000-7fe8dcf96000 r--p 00134000 08:0f 1317869                    /usr/lib/x86_64-linux-gnu/libX11.so.6.3.0
7fe8dcf96000-7fe8dcf9a000 rw-p 00135000 08:0f 1317869                    /usr/lib/x86_64-linux-gnu/libX11.so.6.3.0
7fe8dcf9a000-7fe8dcf9f000 r-xp 00000000 08:0f 1317912                    /usr/lib/x86_64-linux-gnu/libXtst.so.6.1.0
7fe8dcf9f000-7fe8dd19e000 ---p 00005000 08:0f 1317912                    /usr/lib/x86_64-linux-gnu/libXtst.so.6.1.0
7fe8dd19e000-7fe8dd19f000 r--p 00004000 08:0f 1317912                    /usr/lib/x86_64-linux-gnu/libXtst.so.6.1.0
7fe8dd19f000-7fe8dd1a0000 rw-p 00005000 08:0f 1317912                    /usr/lib/x86_64-linux-gnu/libXtst.so.6.1.0
7fe8dd1a0000-7fe8dd2b2000 r-xp 00000000 08:0f 527958                     /lib/x86_64-linux-gnu/libglib-2.0.so.0.5000.2
7fe8dd2b2000-7fe8dd4b1000 ---p 00112000 08:0f 527958                     /lib/x86_64-linux-gnu/libglib-2.0.so.0.5000.2
7fe8dd4b1000-7fe8dd4b2000 r--p 00111000 08:0f 527958                     /lib/x86_64-linux-gnu/libglib-2.0.so.0.5000.2
7fe8dd4b2000-7fe8dd4b3000 rw-p 00112000 08:0f 527958                     /lib/x86_64-linux-gnu/libglib-2.0.so.0.5000.2
7fe8dd4b3000-7fe8dd4b4000 rw-p 00000000 00:00 0 
7fe8dd4b4000-7fe8dd4b5000 r-xp 00000000 08:0f 1308620                    /usr/lib/x86_64-linux-gnu/libgthread-2.0.so.0.5000.2
7fe8dd4b5000-7fe8dd6b4000 ---p 00001000 08:0f 1308620                    /usr/lib/x86_64-linux-gnu/libgthread-2.0.so.0.5000.2
7fe8dd6b4000-7fe8dd6b5000 r--p 00000000 08:0f 1308620                    /usr/lib/x86_64-linux-gnu/libgthread-2.0.so.0.5000.2
7fe8dd6b5000-7fe8dd6b6000 rw-p 00001000 08:0f 1308620                    /usr/lib/x86_64-linux-gnu/libgthread-2.0.so.0.5000.2
7fe8dd6b6000-7fe8dd6b9000 r-xp 00000000 08:0f 1308595                    /usr/lib/x86_64-linux-gnu/libgmodule-2.0.so.0.5000.2
7fe8dd6b9000-7fe8dd8b8000 ---p 00003000 08:0f 1308595                    /usr/lib/x86_64-linux-gnu/libgmodule-2.0.so.0.5000.2
7fe8dd8b8000-7fe8dd8b9000 r--p 00002000 08:0f 1308595                    /usr/lib/x86_64-linux-gnu/libgmodule-2.0.so.0.5000.2
7fe8dd8b9000-7fe8dd8ba000 rw-p 00003000 08:0f 1308595                    /usr/lib/x86_64-linux-gnu/libgmodule-2.0.so.0.5000.2
7fe8dd8ba000-7fe8dd90c000 r-xp 00000000 08:0f 1308617                    /usr/lib/x86_64-linux-gnu/libgobject-2.0.so.0.5000.2
7fe8dd90c000-7fe8ddb0b000 ---p 00052000 08:0f 1308617                    /usr/lib/x86_64-linux-gnu/libgobject-2.0.so.0.5000.2
7fe8ddb0b000-7fe8ddb0c000 r--p 00051000 08:0f 1308617                    /usr/lib/x86_64-linux-gnu/libgobject-2.0.so.0.5000.2
7fe8ddb0c000-7fe8ddb0d000 rw-p 00052000 08:0f 1308617                    /usr/lib/x86_64-linux-gnu/libgobject-2.0.so.0.5000.2
7fe8ddb0d000-7fe8ddb4a000 r-xp 00000000 08:0f 1318288                    /usr/lib/x86_64-linux-gnu/libfontconfig.so.1.9.0
7fe8ddb4a000-7fe8ddd49000 ---p 0003d000 08:0f 1318288                    /usr/lib/x86_64-linux-gnu/libfontconfig.so.1.9.0
7fe8ddd49000-7fe8ddd4b000 r--p 0003c000 08:0f 1318288                    /usr/lib/x86_64-linux-gnu/libfontconfig.so.1.9.0
7fe8ddd4b000-7fe8ddd50000 rw-p 0003e000 08:0f 1318288                    /usr/lib/x86_64-linux-gnu/libfontconfig.so.1.9.0
7fe8ddd50000-7fe8dddf7000 r-xp 00000000 08:0f 1309727                    /usr/lib/x86_64-linux-gnu/libfreetype.so.6.12.3
7fe8dddf7000-7fe8ddff6000 ---p 000a7000 08:0f 1309727                    /usr/lib/x86_64-linux-gnu/libfreetype.so.6.12.3
7fe8ddff6000-7fe8ddffc000 r--p 000a6000 08:0f 1309727                    /usr/lib/x86_64-linux-gnu/libfreetype.so.6.12.3
7fe8ddffc000-7fe8ddffd000 rw-p 000ac000 08:0f 1309727                    /usr/lib/x86_64-linux-gnu/libfreetype.so.6.12.3
7fe8ddffd000-7fe8de046000 r-xp 00000000 08:0f 1318880                    /usr/lib/x86_64-linux-gnu/libpango-1.0.so.0.4000.1
7fe8de046000-7fe8de246000 ---p 00049000 08:0f 1318880                    /usr/lib/x86_64-linux-gnu/libpango-1.0.so.0.4000.1
7fe8de246000-7fe8de248000 r--p 00049000 08:0f 1318880                    /usr/lib/x86_64-linux-gnu/libpango-1.0.so.0.4000.1
7fe8de248000-7fe8de249000 rw-p 0004b000 08:0f 1318880                    /usr/lib/x86_64-linux-gnu/libpango-1.0.so.0.4000.1
7fe8de249000-7fe8de357000 r-xp 00000000 08:0f 1318039                    /usr/lib/x86_64-linux-gnu/libcairo.so.2.11400.6
7fe8de357000-7fe8de556000 ---p 0010e000 08:0f 1318039                    /usr/lib/x86_64-linux-gnu/libcairo.so.2.11400.6
7fe8de556000-7fe8de559000 r--p 0010d000 08:0f 1318039                    /usr/lib/x86_64-linux-gnu/libcairo.so.2.11400.6
7fe8de559000-7fe8de55a000 rw-p 00110000 08:0f 1318039                    /usr/lib/x86_64-linux-gnu/libcairo.so.2.11400.6
7fe8de55a000-7fe8de55c000 rw-p 00000000 00:00 0 
7fe8de55c000-7fe8de568000 r-xp 00000000 08:0f 1318882                    /usr/lib/x86_64-linux-gnu/libpangocairo-1.0.so.0.4000.1
7fe8de568000-7fe8de767000 ---p 0000c000 08:0f 1318882                    /usr/lib/x86_64-linux-gnu/libpangocairo-1.0.so.0.4000.1
7fe8de767000-7fe8de768000 r--p 0000b000 08:0f 1318882                    /usr/lib/x86_64-linux-gnu/libpangocairo-1.0.so.0.4000.1
7fe8de768000-7fe8de769000 rw-p 0000c000 08:0f 1318882                    /usr/lib/x86_64-linux-gnu/libpangocairo-1.0.so.0.4000.1
7fe8de769000-7fe8de78a000 r-xp 00000000 08:0f 1318363                    /usr/lib/x86_64-linux-gnu/libgdk_pixbuf-2.0.so.0.3400.0
7fe8de78a000-7fe8de989000 ---p 00021000 08:0f 1318363                    /usr/lib/x86_64-linux-gnu/libgdk_pixbuf-2.0.so.0.3400.0
7fe8de989000-7fe8de98a000 r--p 00020000 08:0f 1318363                    /usr/lib/x86_64-linux-gnu/libgdk_pixbuf-2.0.so.0.3400.0
7fe8de98a000-7fe8de98b000 rw-p 00021000 08:0f 1318363                    /usr/lib/x86_64-linux-gnu/libgdk_pixbuf-2.0.so.0.3400.0
7fe8de98b000-7fe8de99f000 r-xp 00000000 08:0f 1318884                    /usr/lib/x86_64-linux-gnu/libpangoft2-1.0.so.0.4000.1
7fe8de99f000-7fe8deb9f000 ---p 00014000 08:0f 1318884                    /usr/lib/x86_64-linux-gnu/libpangoft2-1.0.so.0.4000.1
7fe8deb9f000-7fe8deba0000 r--p 00014000 08:0f 1318884                    /usr/lib/x86_64-linux-gnu/libpangoft2-1.0.so.0.4000.1
7fe8deba0000-7fe8deba1000 rw-p 00015000 08:0f 1318884                    /usr/lib/x86_64-linux-gnu/libpangoft2-1.0.so.0.4000.1
7fe8deba1000-7fe8ded2e000 r-xp 00000000 08:0f 1308571                    /usr/lib/x86_64-linux-gnu/libgio-2.0.so.0.5000.2
7fe8ded2e000-7fe8def2d000 ---p 0018d000 08:0f 1308571                    /usr/lib/x86_64-linux-gnu/libgio-2.0.so.0.5000.2
7fe8def2d000-7fe8def32000 r--p 0018c000 08:0f 1308571                    /usr/lib/x86_64-linux-gnu/libgio-2.0.so.0.5000.2
7fe8def32000-7fe8def35000 rw-p 00191000 08:0f 1308571                    /usr/lib/x86_64-linux-gnu/libgio-2.0.so.0.5000.2
7fe8def35000-7fe8def36000 rw-p 00000000 00:00 0 
7fe8def36000-7fe8def58000 r-xp 00000000 08:0f 1317973                    /usr/lib/x86_64-linux-gnu/libatk-1.0.so.0.22009.1
7fe8def58000-7fe8df157000 ---p 00022000 08:0f 1317973                    /usr/lib/x86_64-linux-gnu/libatk-1.0.so.0.22009.1
7fe8df157000-7fe8df15a000 r--p 00021000 08:0f 1317973                    /usr/lib/x86_64-linux-gnu/libatk-1.0.so.0.22009.1
7fe8df15a000-7fe8df15b000 rw-p 00024000 08:0f 1317973                    /usr/lib/x86_64-linux-gnu/libatk-1.0.so.0.22009.1
7fe8df15b000-7fe8df20b000 r-xp 00000000 08:0f 1314085                    /usr/lib/x86_64-linux-gnu/libgdk-x11-2.0.so.0.2400.30
7fe8df20b000-7fe8df40a000 ---p 000b0000 08:0f 1314085                    /usr/lib/x86_64-linux-gnu/libgdk-x11-2.0.so.0.2400.30
7fe8df40a000-7fe8df40e000 r--p 000af000 08:0f 1314085                    /usr/lib/x86_64-linux-gnu/libgdk-x11-2.0.so.0.2400.30
7fe8df40e000-7fe8df410000 rw-p 000b3000 08:0f 1314085                    /usr/lib/x86_64-linux-gnu/libgdk-x11-2.0.so.0.2400.30
7fe8df410000-7fe8df84e000 r-xp 00000000 08:0f 1314087                    /usr/lib/x86_64-linux-gnu/libgtk-x11-2.0.so.0.2400.30
7fe8df84e000-7fe8dfa4e000 ---p 0043e000 08:0f 1314087                    /usr/lib/x86_64-linux-gnu/libgtk-x11-2.0.so.0.2400.30
7fe8dfa4e000-7fe8dfa55000 r--p 0043e000 08:0f 1314087                    /usr/lib/x86_64-linux-gnu/libgtk-x11-2.0.so.0.2400.30
7fe8dfa55000-7fe8dfa59000 rw-p 00445000 08:0f 1314087                    /usr/lib/x86_64-linux-gnu/libgtk-x11-2.0.so.0.2400.30
7fe8dfa59000-7fe8dfa5c000 rw-p 00000000 00:00 0 
7fe8dfa5c000-7fe8dfa68000 r-xp 00000000 08:0f 1587742                    /usr/lib/jvm/oracle_jdk8/jre/lib/amd64/libprism_es2.so
7fe8dfa68000-7fe8dfc67000 ---p 0000c000 08:0f 1587742                    /usr/lib/jvm/oracle_jdk8/jre/lib/amd64/libprism_es2.so
7fe8dfc67000-7fe8dfc68000 rw-p 0000b000 08:0f 1587742                    /usr/lib/jvm/oracle_jdk8/jre/lib/amd64/libprism_es2.so
7fe8dfc68000-7fe8dfc6b000 ---p 00000000 00:00 0 
7fe8dfc6b000-7fe8dfd69000 rw-p 00000000 00:00 0 
7fe8dfd69000-7fe8dfdfe000 r--s 01103000 08:0f 2243419                    /usr/lib/jvm/oracle_jdk8/jre/lib/ext/jfxrt.jar
7fe8dfdfe000-7fe8dfdff000 ---p 00000000 00:00 0 
7fe8dfdff000-7fe8dfeff000 rw-p 00000000 00:00 0 
7fe8dfeff000-7fe8dff02000 ---p 00000000 00:00 0 
7fe8dff02000-7fe8e0000000 rw-p 00000000 00:00 0 
7fe8e0000000-7fe8e0529000 rw-p 00000000 00:00 0 
7fe8e0529000-7fe8e4000000 ---p 00000000 00:00 0 
7fe8e4000000-7fe8e4897000 rw-p 00000000 00:00 0 
7fe8e4897000-7fe8e8000000 ---p 00000000 00:00 0 
7fe8e8000000-7fe8e87d0000 rw-p 00000000 00:00 0 
7fe8e87d0000-7fe8ec000000 ---p 00000000 00:00 0 
7fe8ec000000-7fe8ec533000 rw-p 00000000 00:00 0 
7fe8ec533000-7fe8f0000000 ---p 00000000 00:00 0 
7fe8f0000000-7fe8f0021000 rw-p 00000000 00:00 0 
7fe8f0021000-7fe8f4000000 ---p 00000000 00:00 0 
7fe8f4000000-7fe8f4021000 rw-p 00000000 00:00 0 
7fe8f4021000-7fe8f8000000 ---p 00000000 00:00 0 
7fe8f8000000-7fe8f8021000 rw-p 00000000 00:00 0 
7fe8f8021000-7fe8fc000000 ---p 00000000 00:00 0 
7fe8fc000000-7fe8fc021000 rw-p 00000000 00:00 0 
7fe8fc021000-7fe900000000 ---p 00000000 00:00 0 
7fe900000000-7fe900021000 rw-p 00000000 00:00 0 
7fe900021000-7fe904000000 ---p 00000000 00:00 0 
7fe904000000-7fe904021000 rw-p 00000000 00:00 0 
7fe904021000-7fe908000000 ---p 00000000 00:00 0 
7fe908000000-7fe908021000 rw-p 00000000 00:00 0 
7fe908021000-7fe90c000000 ---p 00000000 00:00 0 
7fe90c000000-7fe90c001000 r--s 00000000 08:0f 134045                     /var/cache/fontconfig/bab58bb527bb656aaa9f116d68a48d89-le64.cache-6
7fe90c001000-7fe90c002000 r--s 00000000 08:0f 134029                     /var/cache/fontconfig/56cf4f4769d0f4abc89a4895d7bd3ae1-le64.cache-6
7fe90c002000-7fe90c003000 r--s 00000000 08:0f 134044                     /var/cache/fontconfig/b9d506c9ac06c20b433354fa67a72993-le64.cache-6
7fe90c003000-7fe90c00f000 r--s 00000000 08:0f 134698                     /var/cache/fontconfig/d589a48862398ed80a3d6066f4f56f4c-le64.cache-6
7fe90c00f000-7fe90c012000 r--s 00000000 08:0f 134034                     /var/cache/fontconfig/75114ca45c98e8a441da0ff356701271-le64.cache-6
7fe90c012000-7fe90c01d000 r--s 00000000 08:0f 134037                     /var/cache/fontconfig/83bf95040141907cd45bb53cf7c1c148-le64.cache-6
7fe90c01d000-7fe90c03b000 r-xp 00000000 08:0f 523353                     /lib/x86_64-linux-gnu/libudev.so.1.6.5
7fe90c03b000-7fe90c03c000 ---p 0001e000 08:0f 523353                     /lib/x86_64-linux-gnu/libudev.so.1.6.5
7fe90c03c000-7fe90c03d000 r--p 0001e000 08:0f 523353                     /lib/x86_64-linux-gnu/libudev.so.1.6.5
7fe90c03d000-7fe90c03e000 rw-p 0001f000 08:0f 523353                     /lib/x86_64-linux-gnu/libudev.so.1.6.5
7fe90c03e000-7fe90c041000 ---p 00000000 00:00 0 
7fe90c041000-7fe90c13f000 rw-p 00000000 00:00 0 
7fe90c13f000-7fe90c142000 ---p 00000000 00:00 0 
7fe90c142000-7fe910000000 rw-p 00000000 00:00 0 
7fe910000000-7fe910021000 rw-p 00000000 00:00 0 
7fe910021000-7fe914000000 ---p 00000000 00:00 0 
7fe914000000-7fe914021000 rw-p 00000000 00:00 0 
7fe914021000-7fe918000000 ---p 00000000 00:00 0 
7fe918000000-7fe918021000 rw-p 00000000 00:00 0 
7fe918021000-7fe91c000000 ---p 00000000 00:00 0 
7fe91c000000-7fe91c021000 rw-p 00000000 00:00 0 
7fe91c021000-7fe920000000 ---p 00000000 00:00 0 
7fe920000000-7fe920021000 rw-p 00000000 00:00 0 
7fe920021000-7fe924000000 ---p 00000000 00:00 0 
7fe924000000-7fe924001000 r--s 00000000 08:0f 134028                     /var/cache/fontconfig/551ecf3b0e8b0bca0f25c0944f561853-le64.cache-6
7fe924001000-7fe924013000 r--s 00000000 08:0f 134041                     /var/cache/fontconfig/9b89f8e3dae116d678bbf48e5f21f69b-le64.cache-6
7fe924013000-7fe92401d000 r--s 000e7000 08:0f 2240579                    /home/shahsparx/NetBeansProjects/UCET_ACCOUNTS/dist/run1691671019/lib/mysql-connector-java-5.1.38-bin.jar
7fe92401d000-7fe924020000 ---p 00000000 00:00 0 
7fe924020000-7fe92411e000 rw-p 00000000 00:00 0 
7fe92411e000-7fe924121000 ---p 00000000 00:00 0 
7fe924121000-7fe92421f000 rw-p 00000000 00:00 0 
7fe92421f000-7fe924222000 ---p 00000000 00:00 0 
7fe924222000-7fe924320000 rw-p 00000000 00:00 0 
7fe924320000-7fe9245f9000 r--p 00000000 08:0f 1317515                    /usr/lib/locale/locale-archive
7fe9245f9000-7fe9245fc000 ---p 00000000 00:00 0 
7fe9245fc000-7fe9246fa000 rw-p 00000000 00:00 0 
7fe9246fa000-7fe9246fd000 ---p 00000000 00:00 0 
7fe9246fd000-7fe9247fb000 rw-p 00000000 00:00 0 
7fe9247fb000-7fe9247fc000 ---p 00000000 00:00 0 
7fe9247fc000-7fe926417000 rw-p 00000000 00:00 0 
7fe926417000-7fe9265f0000 r--s 03d1f000 08:0f 1587658                    /usr/lib/jvm/oracle_jdk8/jre/lib/rt.jar
7fe9265f0000-7fe927242000 rw-p 00000000 00:00 0 
7fe927242000-7fe927243000 ---p 00000000 00:00 0 
7fe927243000-7fe927343000 rw-p 00000000 00:00 0 
7fe927343000-7fe927344000 ---p 00000000 00:00 0 
7fe927344000-7fe927444000 rw-p 00000000 00:00 0 
7fe927444000-7fe927445000 ---p 00000000 00:00 0 
7fe927445000-7fe927545000 rw-p 00000000 00:00 0 
7fe927545000-7fe927546000 ---p 00000000 00:00 0 
7fe927546000-7fe927646000 rw-p 00000000 00:00 0 
7fe927646000-7fe927647000 ---p 00000000 00:00 0 
7fe927647000-7fe927747000 rw-p 00000000 00:00 0 
7fe927747000-7fe927748000 ---p 00000000 00:00 0 
7fe927748000-7fe927848000 rw-p 00000000 00:00 0 
7fe927848000-7fe927849000 ---p 00000000 00:00 0 
7fe927849000-7fe927962000 rw-p 00000000 00:00 0 
7fe927962000-7fe927bdc000 ---p 00000000 00:00 0 
7fe927bdc000-7fe927bf5000 rw-p 00000000 00:00 0 
7fe927bf5000-7fe927e6e000 ---p 00000000 00:00 0 
7fe927e6e000-7fe927e84000 rw-p 00000000 00:00 0 
7fe927e84000-7fe927fb8000 ---p 00000000 00:00 0 
7fe927fb8000-7fe927fe1000 rw-p 00000000 00:00 0 
7fe927fe1000-7fe928379000 ---p 00000000 00:00 0 
7fe928379000-7fe928d49000 rwxp 00000000 00:00 0 
7fe928d49000-7fe937379000 ---p 00000000 00:00 0 
7fe937379000-7fe937393000 r-xp 00000000 08:0f 1587734                    /usr/lib/jvm/oracle_jdk8/jre/lib/amd64/libzip.so
7fe937393000-7fe937593000 ---p 0001a000 08:0f 1587734                    /usr/lib/jvm/oracle_jdk8/jre/lib/amd64/libzip.so
7fe937593000-7fe937594000 rw-p 0001a000 08:0f 1587734                    /usr/lib/jvm/oracle_jdk8/jre/lib/amd64/libzip.so
7fe937594000-7fe93759f000 r-xp 00000000 08:0f 528266                     /lib/x86_64-linux-gnu/libnss_files-2.24.so
7fe93759f000-7fe93779e000 ---p 0000b000 08:0f 528266                     /lib/x86_64-linux-gnu/libnss_files-2.24.so
7fe93779e000-7fe93779f000 r--p 0000a000 08:0f 528266                     /lib/x86_64-linux-gnu/libnss_files-2.24.so
7fe93779f000-7fe9377a0000 rw-p 0000b000 08:0f 528266                     /lib/x86_64-linux-gnu/libnss_files-2.24.so
7fe9377a0000-7fe9377a6000 rw-p 00000000 00:00 0 
7fe9377a6000-7fe9377b1000 r-xp 00000000 08:0f 528268                     /lib/x86_64-linux-gnu/libnss_nis-2.24.so
7fe9377b1000-7fe9379b0000 ---p 0000b000 08:0f 528268                     /lib/x86_64-linux-gnu/libnss_nis-2.24.so
7fe9379b0000-7fe9379b1000 r--p 0000a000 08:0f 528268                     /lib/x86_64-linux-gnu/libnss_nis-2.24.so
7fe9379b1000-7fe9379b2000 rw-p 0000b000 08:0f 528268                     /lib/x86_64-linux-gnu/libnss_nis-2.24.so
7fe9379b2000-7fe9379c8000 r-xp 00000000 08:0f 528263                     /lib/x86_64-linux-gnu/libnsl-2.24.so
7fe9379c8000-7fe937bc7000 ---p 00016000 08:0f 528263                     /lib/x86_64-linux-gnu/libnsl-2.24.so
7fe937bc7000-7fe937bc8000 r--p 00015000 08:0f 528263                     /lib/x86_64-linux-gnu/libnsl-2.24.so
7fe937bc8000-7fe937bc9000 rw-p 00016000 08:0f 528263                     /lib/x86_64-linux-gnu/libnsl-2.24.so
7fe937bc9000-7fe937bcb000 rw-p 00000000 00:00 0 
7fe937bcb000-7fe937bd3000 r-xp 00000000 08:0f 528264                     /lib/x86_64-linux-gnu/libnss_compat-2.24.so
7fe937bd3000-7fe937dd2000 ---p 00008000 08:0f 528264                     /lib/x86_64-linux-gnu/libnss_compat-2.24.so
7fe937dd2000-7fe937dd3000 r--p 00007000 08:0f 528264                     /lib/x86_64-linux-gnu/libnss_compat-2.24.so
7fe937dd3000-7fe937dd4000 rw-p 00008000 08:0f 528264                     /lib/x86_64-linux-gnu/libnss_compat-2.24.so
7fe937dd4000-7fe937dfe000 r-xp 00000000 08:0f 1587729                    /usr/lib/jvm/oracle_jdk8/jre/lib/amd64/libjava.so
7fe937dfe000-7fe937ffe000 ---p 0002a000 08:0f 1587729                    /usr/lib/jvm/oracle_jdk8/jre/lib/amd64/libjava.so
7fe937ffe000-7fe938000000 rw-p 0002a000 08:0f 1587729                    /usr/lib/jvm/oracle_jdk8/jre/lib/amd64/libjava.so
7fe938000000-7fe93857f000 rw-p 00000000 00:00 0 
7fe93857f000-7fe93c000000 ---p 00000000 00:00 0 
7fe93c000000-7fe93c001000 r--s 00000000 08:0f 134025                     /var/cache/fontconfig/3f7329c5293ffd510edef78f73874cfd-le64.cache-6
7fe93c001000-7fe93c002000 r--s 00000000 08:0f 134022                     /var/cache/fontconfig/30829fa25452a46451e813d634d7f916-le64.cache-6
7fe93c002000-7fe93c005000 r--s 00000000 08:0f 134053                     /var/cache/fontconfig/e13b20fdb08344e0e664864cc2ede53d-le64.cache-6
7fe93c005000-7fe93c009000 r--s 00000000 08:0f 132314                     /var/cache/fontconfig/7ef2298fde41cc6eeb7af42e48b7d293-le64.cache-6
7fe93c009000-7fe93c01e000 r--s 0022c000 08:0f 2240578                    /home/shahsparx/NetBeansProjects/UCET_ACCOUNTS/dist/run1691671019/lib/jfoenix.jar
7fe93c01e000-7fe93c020000 r--s 0008a000 08:0f 2240577                    /home/shahsparx/NetBeansProjects/UCET_ACCOUNTS/dist/run1691671019/lib/fontawesomefx-8.9.jar
7fe93c020000-7fe93c028000 rw-s 00000000 00:05 1190553                    /drm mm object (deleted)
7fe93c028000-7fe93c030000 rw-s 00000000 00:05 1190542                    /drm mm object (deleted)
7fe93c030000-7fe93c037000 r--p 00000000 08:0f 1972006                    /home/shahsparx/.config/dconf/user
7fe93c037000-7fe93c038000 ---p 00000000 00:00 0 
7fe93c038000-7fe93c138000 rw-p 00000000 00:00 0 
7fe93c138000-7fe93c145000 r-xp 00000000 08:0f 1587733                    /usr/lib/jvm/oracle_jdk8/jre/lib/amd64/libverify.so
7fe93c145000-7fe93c345000 ---p 0000d000 08:0f 1587733                    /usr/lib/jvm/oracle_jdk8/jre/lib/amd64/libverify.so
7fe93c345000-7fe93c347000 rw-p 0000d000 08:0f 1587733                    /usr/lib/jvm/oracle_jdk8/jre/lib/amd64/libverify.so
7fe93c347000-7fe93c34e000 r-xp 00000000 08:0f 528273                     /lib/x86_64-linux-gnu/librt-2.24.so
7fe93c34e000-7fe93c54d000 ---p 00007000 08:0f 528273                     /lib/x86_64-linux-gnu/librt-2.24.so
7fe93c54d000-7fe93c54e000 r--p 00006000 08:0f 528273                     /lib/x86_64-linux-gnu/librt-2.24.so
7fe93c54e000-7fe93c54f000 rw-p 00007000 08:0f 528273                     /lib/x86_64-linux-gnu/librt-2.24.so
7fe93c54f000-7fe93c657000 r-xp 00000000 08:0f 528260                     /lib/x86_64-linux-gnu/libm-2.24.so
7fe93c657000-7fe93c856000 ---p 00108000 08:0f 528260                     /lib/x86_64-linux-gnu/libm-2.24.so
7fe93c856000-7fe93c857000 r--p 00107000 08:0f 528260                     /lib/x86_64-linux-gnu/libm-2.24.so
7fe93c857000-7fe93c858000 rw-p 00108000 08:0f 528260                     /lib/x86_64-linux-gnu/libm-2.24.so
7fe93c858000-7fe93d518000 r-xp 00000000 08:0f 1713201                    /usr/lib/jvm/oracle_jdk8/jre/lib/amd64/server/libjvm.so
7fe93d518000-7fe93d718000 ---p 00cc0000 08:0f 1713201                    /usr/lib/jvm/oracle_jdk8/jre/lib/amd64/server/libjvm.so
7fe93d718000-7fe93d7f0000 rw-p 00cc0000 08:0f 1713201                    /usr/lib/jvm/oracle_jdk8/jre/lib/amd64/server/libjvm.so
7fe93d7f0000-7fe93d83b000 rw-p 00000000 00:00 0 
7fe93d83b000-7fe93d9f8000 r-xp 00000000 08:0f 528256                     /lib/x86_64-linux-gnu/libc-2.24.so
7fe93d9f8000-7fe93dbf8000 ---p 001bd000 08:0f 528256                     /lib/x86_64-linux-gnu/libc-2.24.so
7fe93dbf8000-7fe93dbfc000 r--p 001bd000 08:0f 528256                     /lib/x86_64-linux-gnu/libc-2.24.so
7fe93dbfc000-7fe93dbfe000 rw-p 001c1000 08:0f 528256                     /lib/x86_64-linux-gnu/libc-2.24.so
7fe93dbfe000-7fe93dc02000 rw-p 00000000 00:00 0 
7fe93dc02000-7fe93dc05000 r-xp 00000000 08:0f 528259                     /lib/x86_64-linux-gnu/libdl-2.24.so
7fe93dc05000-7fe93de04000 ---p 00003000 08:0f 528259                     /lib/x86_64-linux-gnu/libdl-2.24.so
7fe93de04000-7fe93de05000 r--p 00002000 08:0f 528259                     /lib/x86_64-linux-gnu/libdl-2.24.so
7fe93de05000-7fe93de06000 rw-p 00003000 08:0f 528259                     /lib/x86_64-linux-gnu/libdl-2.24.so
7fe93de06000-7fe93de1b000 r-xp 00000000 08:0f 1587711                    /usr/lib/jvm/oracle_jdk8/jre/lib/amd64/jli/libjli.so
7fe93de1b000-7fe93e01b000 ---p 00015000 08:0f 1587711                    /usr/lib/jvm/oracle_jdk8/jre/lib/amd64/jli/libjli.so
7fe93e01b000-7fe93e01c000 rw-p 00015000 08:0f 1587711                    /usr/lib/jvm/oracle_jdk8/jre/lib/amd64/jli/libjli.so
7fe93e01c000-7fe93e034000 r-xp 00000000 08:0f 528271                     /lib/x86_64-linux-gnu/libpthread-2.24.so
7fe93e034000-7fe93e234000 ---p 00018000 08:0f 528271                     /lib/x86_64-linux-gnu/libpthread-2.24.so
7fe93e234000-7fe93e235000 r--p 00018000 08:0f 528271                     /lib/x86_64-linux-gnu/libpthread-2.24.so
7fe93e235000-7fe93e236000 rw-p 00019000 08:0f 528271                     /lib/x86_64-linux-gnu/libpthread-2.24.so
7fe93e236000-7fe93e23a000 rw-p 00000000 00:00 0 
7fe93e23a000-7fe93e25f000 r-xp 00000000 08:0f 528252                     /lib/x86_64-linux-gnu/ld-2.24.so
7fe93e25f000-7fe93e260000 r--s 00000000 08:0f 134016                     /var/cache/fontconfig/0c9eb80ebd1c36541ebe2852d3bb0c49-le64.cache-6
7fe93e260000-7fe93e331000 rw-p 00000000 00:00 0 
7fe93e331000-7fe93e334000 ---p 00000000 00:00 0 
7fe93e334000-7fe93e434000 rw-p 00000000 00:00 0 
7fe93e435000-7fe93e436000 rw-s 1073cc000 00:06 349                       /dev/dri/card0
7fe93e436000-7fe93e43e000 rw-s 00000000 00:05 1196188                    /drm mm object (deleted)
7fe93e43e000-7fe93e43f000 rw-s 00000000 00:05 1196185                    /drm mm object (deleted)
7fe93e43f000-7fe93e440000 r--s 00000000 00:2b 62                         /run/user/1000/dconf/user
7fe93e440000-7fe93e448000 rw-s 00000000 00:05 1196183                    /drm mm object (deleted)
7fe93e448000-7fe93e44f000 r--s 00000000 08:0f 1583579                    /usr/lib/x86_64-linux-gnu/gconv/gconv-modules.cache
7fe93e44f000-7fe93e451000 r--s 00015000 08:0f 2240575                    /home/shahsparx/NetBeansProjects/UCET_ACCOUNTS/dist/run1691671019/UCET_ACCOUNTS.jar
7fe93e451000-7fe93e459000 rw-s 00000000 08:0f 2886647                    /tmp/hsperfdata_shahsparx/19107
7fe93e459000-7fe93e45a000 rw-p 00000000 00:00 0 
7fe93e45a000-7fe93e45b000 r--p 00000000 00:00 0 
7fe93e45b000-7fe93e45e000 rw-p 00000000 00:00 0 
7fe93e45e000-7fe93e45f000 r--p 00024000 08:0f 528252                     /lib/x86_64-linux-gnu/ld-2.24.so
7fe93e45f000-7fe93e460000 rw-p 00025000 08:0f 528252                     /lib/x86_64-linux-gnu/ld-2.24.so
7fe93e460000-7fe93e461000 rw-p 00000000 00:00 0 
7fff8f7d1000-7fff8f7f2000 rw-p 00000000 00:00 0                          [stack]
7fff8f7f4000-7fff8f7f6000 r--p 00000000 00:00 0                          [vvar]
7fff8f7f6000-7fff8f7f8000 r-xp 00000000 00:00 0                          [vdso]
ffffffffff600000-ffffffffff601000 r-xp 00000000 00:00 0                  [vsyscall]

VM Arguments:
jvm_args: -Dfile.encoding=UTF-8 
java_command: /home/shahsparx/NetBeansProjects/UCET_ACCOUNTS/dist/run1691671019/UCET_ACCOUNTS.jar
java_class_path (initial): /home/shahsparx/NetBeansProjects/UCET_ACCOUNTS/dist/run1691671019/UCET_ACCOUNTS.jar
Launcher Type: SUN_STANDARD

Environment Variables:
PATH=/home/shahsparx/bin:/home/shahsparx/.local/bin:/usr/local/sbin:/usr/local/bin:/usr/sbin:/usr/bin:/sbin:/bin:/usr/games:/usr/local/games:/snap/bin
LD_LIBRARY_PATH=/usr/lib/jvm/oracle_jdk8//jre/lib/amd64:/usr/lib/jvm/oracle_jdk8//jre/lib/i386:
SHELL=/bin/bash
DISPLAY=:0

Signal Handlers:
SIGSEGV: [libjvm.so+0xabca10], sa_mask[0]=11111111011111111101111111111110, sa_flags=SA_RESTART|SA_SIGINFO
SIGBUS: [libjvm.so+0xabca10], sa_mask[0]=11111111011111111101111111111110, sa_flags=SA_RESTART|SA_SIGINFO
SIGFPE: [libjvm.so+0x919a20], sa_mask[0]=11111111011111111101111111111110, sa_flags=SA_RESTART|SA_SIGINFO
SIGPIPE: SIG_IGN, sa_mask[0]=00000000000010000000000000000000, sa_flags=SA_RESTART
SIGXFSZ: [libjvm.so+0x919a20], sa_mask[0]=11111111011111111101111111111110, sa_flags=SA_RESTART|SA_SIGINFO
SIGILL: [libjvm.so+0x919a20], sa_mask[0]=11111111011111111101111111111110, sa_flags=SA_RESTART|SA_SIGINFO
SIGUSR1: SIG_DFL, sa_mask[0]=00000000000000000000000000000000, sa_flags=none
SIGUSR2: [libjvm.so+0x91b050], sa_mask[0]=00100000000000000000000000000000, sa_flags=SA_RESTART|SA_SIGINFO
SIGHUP: [libjvm.so+0x91c450], sa_mask[0]=11111111011111111101111111111110, sa_flags=SA_RESTART|SA_SIGINFO
SIGINT: SIG_IGN, sa_mask[0]=00000000000000000000000000000000, sa_flags=none
SIGTERM: [libjvm.so+0x91c450], sa_mask[0]=11111111011111111101111111111110, sa_flags=SA_RESTART|SA_SIGINFO
SIGQUIT: [libjvm.so+0x91c450], sa_mask[0]=11111111011111111101111111111110, sa_flags=SA_RESTART|SA_SIGINFO


---------------  S Y S T E M  ---------------

OS:DISTRIB_ID=Ubuntu
DISTRIB_RELEASE=16.10
DISTRIB_CODENAME=yakkety
DISTRIB_DESCRIPTION="Ubuntu 16.10"

uname:Linux 4.8.0-51-generic #54-Ubuntu SMP Tue Apr 25 16:32:21 UTC 2017 x86_64
libc:glibc 2.24 NPTL 2.24 
rlimit: STACK 8192k, CORE 0k, NPROC 31427, NOFILE 4096, AS infinity
load average:0.85 2.01 1.18

/proc/meminfo:
MemTotal:        8088836 kB
MemFree:         1885012 kB
MemAvailable:    2535384 kB
Buffers:           83596 kB
Cached:          1148808 kB
SwapCached:          716 kB
Active:          4407720 kB
Inactive:        1412284 kB
Active(anon):    3988664 kB
Inactive(anon):  1033620 kB
Active(file):     419056 kB
Inactive(file):   378664 kB
Unevictable:         128 kB
Mlocked:             128 kB
SwapTotal:       4258808 kB
SwapFree:        4135036 kB
Dirty:              8388 kB
Writeback:             0 kB
AnonPages:       4514248 kB
Mapped:           516300 kB
Shmem:            434684 kB
Slab:             231248 kB
SReclaimable:     152140 kB
SUnreclaim:        79108 kB
KernelStack:       16192 kB
PageTables:        66364 kB
NFS_Unstable:          0 kB
Bounce:                0 kB
WritebackTmp:          0 kB
CommitLimit:     8303224 kB
Committed_AS:   10833568 kB
VmallocTotal:   34359738367 kB
VmallocUsed:           0 kB
VmallocChunk:          0 kB
HardwareCorrupted:     0 kB
AnonHugePages:   2668544 kB
ShmemHugePages:        0 kB
ShmemPmdMapped:        0 kB
CmaTotal:              0 kB
CmaFree:               0 kB
HugePages_Total:       0
HugePages_Free:        0
HugePages_Rsvd:        0
HugePages_Surp:        0
Hugepagesize:       2048 kB
DirectMap4k:      246528 kB
DirectMap2M:     8056832 kB
DirectMap1G:     1048576 kB


CPU:total 8 (4 cores per cpu, 2 threads per core) family 6 model 60 stepping 3, cmov, cx8, fxsr, mmx, sse, sse2, sse3, ssse3, sse4.1, sse4.2, popcnt, avx, avx2, aes, clmul, erms, lzcnt, ht, tsc, tscinvbit, bmi1, bmi2

/proc/cpuinfo:
processor	: 0
vendor_id	: GenuineIntel
cpu family	: 6
model		: 60
model name	: Intel(R) Core(TM) i7-4702MQ CPU @ 2.20GHz
stepping	: 3
microcode	: 0x20
cpu MHz		: 2911.804
cache size	: 6144 KB
physical id	: 0
siblings	: 8
core id		: 0
cpu cores	: 4
apicid		: 0
initial apicid	: 0
fpu		: yes
fpu_exception	: yes
cpuid level	: 13
wp		: yes
flags		: fpu vme de pse tsc msr pae mce cx8 apic sep mtrr pge mca cmov pat pse36 clflush dts acpi mmx fxsr sse sse2 ss ht tm pbe syscall nx pdpe1gb rdtscp lm constant_tsc arch_perfmon pebs bts rep_good nopl xtopology nonstop_tsc aperfmperf eagerfpu pni pclmulqdq dtes64 monitor ds_cpl vmx est tm2 ssse3 sdbg fma cx16 xtpr pdcm pcid sse4_1 sse4_2 movbe popcnt tsc_deadline_timer aes xsave avx f16c rdrand lahf_lm abm epb tpr_shadow vnmi flexpriority ept vpid fsgsbase tsc_adjust bmi1 avx2 smep bmi2 erms invpcid xsaveopt dtherm ida arat pln pts
bugs		:
bogomips	: 4389.94
clflush size	: 64
cache_alignment	: 64
address sizes	: 39 bits physical, 48 bits virtual
power management:

processor	: 1
vendor_id	: GenuineIntel
cpu family	: 6
model		: 60
model name	: Intel(R) Core(TM) i7-4702MQ CPU @ 2.20GHz
stepping	: 3
microcode	: 0x20
cpu MHz		: 2913.952
cache size	: 6144 KB
physical id	: 0
siblings	: 8
core id		: 0
cpu cores	: 4
apicid		: 1
initial apicid	: 1
fpu		: yes
fpu_exception	: yes
cpuid level	: 13
wp		: yes
flags		: fpu vme de pse tsc msr pae mce cx8 apic sep mtrr pge mca cmov pat pse36 clflush dts acpi mmx fxsr sse sse2 ss ht tm pbe syscall nx pdpe1gb rdtscp lm constant_tsc arch_perfmon pebs bts rep_good nopl xtopology nonstop_tsc aperfmperf eagerfpu pni pclmulqdq dtes64 monitor ds_cpl vmx est tm2 ssse3 sdbg fma cx16 xtpr pdcm pcid sse4_1 sse4_2 movbe popcnt tsc_deadline_timer aes xsave avx f16c rdrand lahf_lm abm epb tpr_shadow vnmi flexpriority ept vpid fsgsbase tsc_adjust bmi1 avx2 smep bmi2 erms invpcid xsaveopt dtherm ida arat pln pts
bugs		:
bogomips	: 4389.94
clflush size	: 64
cache_alignment	: 64
address sizes	: 39 bits physical, 48 bits virtual
power management:

processor	: 2
vendor_id	: GenuineIntel
cpu family	: 6
model		: 60
model name	: Intel(R) Core(TM) i7-4702MQ CPU @ 2.20GHz
stepping	: 3
microcode	: 0x20
cpu MHz		: 2899.987
cache size	: 6144 KB
physical id	: 0
siblings	: 8
core id		: 1
cpu cores	: 4
apicid		: 2
initial apicid	: 2
fpu		: yes
fpu_exception	: yes
cpuid level	: 13
wp		: yes
flags		: fpu vme de pse tsc msr pae mce cx8 apic sep mtrr pge mca cmov pat pse36 clflush dts acpi mmx fxsr sse sse2 ss ht tm pbe syscall nx pdpe1gb rdtscp lm constant_tsc arch_perfmon pebs bts rep_good nopl xtopology nonstop_tsc aperfmperf eagerfpu pni pclmulqdq dtes64 monitor ds_cpl vmx est tm2 ssse3 sdbg fma cx16 xtpr pdcm pcid sse4_1 sse4_2 movbe popcnt tsc_deadline_timer aes xsave avx f16c rdrand lahf_lm abm epb tpr_shadow vnmi flexpriority ept vpid fsgsbase tsc_adjust bmi1 avx2 smep bmi2 erms invpcid xsaveopt dtherm ida arat pln pts
bugs		:
bogomips	: 4389.94
clflush size	: 64
cache_alignment	: 64
address sizes	: 39 bits physical, 48 bits virtual
power management:

processor	: 3
vendor_id	: GenuineIntel
cpu family	: 6
model		: 60
model name	: Intel(R) Core(TM) i7-4702MQ CPU @ 2.20GHz
stepping	: 3
microcode	: 0x20
cpu MHz		: 2899.987
cache size	: 6144 KB
physical id	: 0
siblings	: 8
core id		: 1
cpu cores	: 4
apicid		: 3
initial apicid	: 3
fpu		: yes
fpu_exception	: yes
cpuid level	: 13
wp		: yes
flags		: fpu vme de pse tsc msr pae mce cx8 apic sep mtrr pge mca cmov pat pse36 clflush dts acpi mmx fxsr sse sse2 ss ht tm pbe syscall nx pdpe1gb rdtscp lm constant_tsc arch_perfmon pebs bts rep_good nopl xtopology nonstop_tsc aperfmperf eagerfpu pni pclmulqdq dtes64 monitor ds_cpl vmx est tm2 ssse3 sdbg fma cx16 xtpr pdcm pcid sse4_1 sse4_2 movbe popcnt tsc_deadline_timer aes xsave avx f16c rdrand lahf_lm abm epb tpr_shadow vnmi flexpriority ept vpid fsgsbase tsc_adjust bmi1 avx2 smep bmi2 erms invpcid xsaveopt dtherm ida arat pln pts
bugs		:
bogomips	: 4389.94
clflush size	: 64
cache_alignment	: 64
address sizes	: 39 bits physical, 48 bits virtual
power management:

processor	: 4
vendor_id	: GenuineIntel
cpu family	: 6
model		: 60
model name	: Intel(R) Core(TM) i7-4702MQ CPU @ 2.20GHz
stepping	: 3
microcode	: 0x20
cpu MHz		: 2911.804
cache size	: 6144 KB
physical id	: 0
siblings	: 8
core id		: 2
cpu cores	: 4
apicid		: 4
initial apicid	: 4
fpu		: yes
fpu_exception	: yes
cpuid level	: 13
wp		: yes
flags		: fpu vme de pse tsc msr pae mce cx8 apic sep mtrr pge mca cmov pat pse36 clflush dts acpi mmx fxsr sse sse2 ss ht tm pbe syscall nx pdpe1gb rdtscp lm constant_tsc arch_perfmon pebs bts rep_good nopl xtopology nonstop_tsc aperfmperf eagerfpu pni pclmulqdq dtes64 monitor ds_cpl vmx est tm2 ssse3 sdbg fma cx16 xtpr pdcm pcid sse4_1 sse4_2 movbe popcnt tsc_deadline_timer aes xsave avx f16c rdrand lahf_lm abm epb tpr_shadow vnmi flexpriority ept vpid fsgsbase tsc_adjust bmi1 avx2 smep bmi2 erms invpcid xsaveopt dtherm ida arat pln pts
bugs		:
bogomips	: 4389.94
clflush size	: 64
cache_alignment	: 64
address sizes	: 39 bits physical, 48 bits virtual
power management:

processor	: 5
vendor_id	: GenuineIntel
cpu family	: 6
model		: 60
model name	: Intel(R) Core(TM) i7-4702MQ CPU @ 2.20GHz
stepping	: 3
microcode	: 0x20
cpu MHz		: 2912.341
cache size	: 6144 KB
physical id	: 0
siblings	: 8
core id		: 2
cpu cores	: 4
apicid		: 5
initial apicid	: 5
fpu		: yes
fpu_exception	: yes
cpuid level	: 13
wp		: yes
flags		: fpu vme de pse tsc msr pae mce cx8 apic sep mtrr pge mca cmov pat pse36 clflush dts acpi mmx fxsr sse sse2 ss ht tm pbe syscall nx pdpe1gb rdtscp lm constant_tsc arch_perfmon pebs bts rep_good nopl xtopology nonstop_tsc aperfmperf eagerfpu pni pclmulqdq dtes64 monitor ds_cpl vmx est tm2 ssse3 sdbg fma cx16 xtpr pdcm pcid sse4_1 sse4_2 movbe popcnt tsc_deadline_timer aes xsave avx f16c rdrand lahf_lm abm epb tpr_shadow vnmi flexpriority ept vpid fsgsbase tsc_adjust bmi1 avx2 smep bmi2 erms invpcid xsaveopt dtherm ida arat pln pts
bugs		:
bogomips	: 4389.94
clflush size	: 64
cache_alignment	: 64
address sizes	: 39 bits physical, 48 bits virtual
power management:

processor	: 6
vendor_id	: GenuineIntel
cpu family	: 6
model		: 60
model name	: Intel(R) Core(TM) i7-4702MQ CPU @ 2.20GHz
stepping	: 3
microcode	: 0x20
cpu MHz		: 2899.987
cache size	: 6144 KB
physical id	: 0
siblings	: 8
core id		: 3
cpu cores	: 4
apicid		: 6
initial apicid	: 6
fpu		: yes
fpu_exception	: yes
cpuid level	: 13
wp		: yes
flags		: fpu vme de pse tsc msr pae mce cx8 apic sep mtrr pge mca cmov pat pse36 clflush dts acpi mmx fxsr sse sse2 ss ht tm pbe syscall nx pdpe1gb rdtscp lm constant_tsc arch_perfmon pebs bts rep_good nopl xtopology nonstop_tsc aperfmperf eagerfpu pni pclmulqdq dtes64 monitor ds_cpl vmx est tm2 ssse3 sdbg fma cx16 xtpr pdcm pcid sse4_1 sse4_2 movbe popcnt tsc_deadline_timer aes xsave avx f16c rdrand lahf_lm abm epb tpr_shadow vnmi flexpriority ept vpid fsgsbase tsc_adjust bmi1 avx2 smep bmi2 erms invpcid xsaveopt dtherm ida arat pln pts
bugs		:
bogomips	: 4389.94
clflush size	: 64
cache_alignment	: 64
address sizes	: 39 bits physical, 48 bits virtual
power management:

processor	: 7
vendor_id	: GenuineIntel
cpu family	: 6
model		: 60
model name	: Intel(R) Core(TM) i7-4702MQ CPU @ 2.20GHz
stepping	: 3
microcode	: 0x20
cpu MHz		: 2899.987
cache size	: 6144 KB
physical id	: 0
siblings	: 8
core id		: 3
cpu cores	: 4
apicid		: 7
initial apicid	: 7
fpu		: yes
fpu_exception	: yes
cpuid level	: 13
wp		: yes
flags		: fpu vme de pse tsc msr pae mce cx8 apic sep mtrr pge mca cmov pat pse36 clflush dts acpi mmx fxsr sse sse2 ss ht tm pbe syscall nx pdpe1gb rdtscp lm constant_tsc arch_perfmon pebs bts rep_good nopl xtopology nonstop_tsc aperfmperf eagerfpu pni pclmulqdq dtes64 monitor ds_cpl vmx est tm2 ssse3 sdbg fma cx16 xtpr pdcm pcid sse4_1 sse4_2 movbe popcnt tsc_deadline_timer aes xsave avx f16c rdrand lahf_lm abm epb tpr_shadow vnmi flexpriority ept vpid fsgsbase tsc_adjust bmi1 avx2 smep bmi2 erms invpcid xsaveopt dtherm ida arat pln pts
bugs		:
bogomips	: 4389.94
clflush size	: 64
cache_alignment	: 64
address sizes	: 39 bits physical, 48 bits virtual
power management:



Memory: 4k page, physical 8088836k(1885012k free), swap 4258808k(4135036k free)

vm_info: Java HotSpot(TM) 64-Bit Server VM (25.91-b14) for linux-amd64 JRE (1.8.0_91-b14), built on Apr  1 2016 00:57:21 by "java_re" with gcc 4.3.0 20080428 (Red Hat 4.3.0-8)

time: Tue May  9 04:46:53 2017
elapsed time: 8 seconds (0d 0h 0m 8s)

