#
# A fatal error has been detected by the Java Runtime Environment:
#
#  SIGSEGV (0xb) at pc=0x00007f950c78f948, pid=26480, tid=140276147775232
#
# JRE version: Java(TM) SE Runtime Environment (8.0_91-b14) (build 1.8.0_91-b14)
# Java VM: Java HotSpot(TM) 64-Bit Server VM (25.91-b14 mixed mode linux-amd64 compressed oops)
# Problematic frame:
# V  [libjvm.so+0x6cf948]  jni_invoke_nonstatic(JNIEnv_*, JavaValue*, _jobject*, JNICallType, _jmethodID*, JNI_ArgumentPusher*, Thread*)+0x38
#
# Failed to write core dump. Core dumps have been disabled. To enable core dumping, try "ulimit -c unlimited" before starting Java again
#
# If you would like to submit a bug report, please visit:
#   http://bugreport.java.com/bugreport/crash.jsp
#

---------------  T H R E A D  ---------------

Current thread (0x00007f95043dd000):  JavaThread "JavaFX Application Thread" [_thread_in_vm, id=26508, stack(0x00007f9495e56000,0x00007f9495f57000)]

siginfo: si_signo: 11 (SIGSEGV), si_code: 128 (SI_KERNEL), si_addr: 0x0000000000000000

Registers:
RAX=0x00007f9495f552c0, RBX=0x00007f9495f551d0, RCX=0x0000000000000001, RDX=0x0079614c7265766f
RSP=0x00007f9495f55020, RBP=0x00007f9495f551a0, RSI=0x00007f9495f55230, RDI=0x00007f95043dd1f8
R8 =0x00007f95043477a8, R9 =0x00007f9495f551d0, R10=0x00007f9484000ae0, R11=0x00007f94f547c3e0
R12=0x00007f95043dd000, R13=0x00007f95043477a8, R14=0x0000000000000001, R15=0x00007f95043dd1f8
RIP=0x00007f950c78f948, EFLAGS=0x0000000000010206, CSGSFS=0x002b000000000033, ERR=0x0000000000000000
  TRAPNO=0x000000000000000d

Top of Stack: (sp=0x00007f9495f55020)
0x00007f9495f55020:   00007f9495f55720 00007f9495f55340
0x00007f9495f55030:   00007f9495f55080 00007f9495f55100
0x00007f9495f55040:   00007f9495f551d0 00007f9495f55230
0x00007f9495f55050:   00007f95043dd1f8 00007f950c7af450
0x00007f9495f55060:   00007f94bc000e60 00007f94bc000e70
0x00007f9495f55070:   00007f94bc001248 00000000000003d8
0x00007f9495f55080:   0000000000000000 00000000d6df93e8
0x00007f9495f55090:   00007f950000006f 00007f950000000a
0x00007f9495f550a0:   00000000d7947140 0000000000000000
0x00007f9495f550b0:   0000000000000000 0000000000000000
0x00007f9495f550c0:   00007f95093ed6f8 0000000100000100
0x00007f9495f550d0:   0000000000000000 00007f9495f55088
0x00007f9495f550e0:   00007f9495f550c9 0000000800000005
0x00007f9495f550f0:   0000000000000000 00007f95043dcc90
0x00007f9495f55100:   00007f950d012490 00007f950db1d470
0x00007f9495f55110:   00000000043dcb20 00007f95043dd000
0x00007f9495f55120:   0000000000000000 00007f950c78fd1b
0x00007f9495f55130:   00007f95093f77a8 00007f95043dd000
0x00007f9495f55140:   00007f95093f77a8 00007f95043dd000
0x00007f9495f55150:   00007f9495f552e0 00007f95093f77a8
0x00007f9495f55160:   00007f95093f77a8 00007f95093f77a8
0x00007f9495f55170:   00007f94bc000e60 00007f9495f551d0
0x00007f9495f55180:   00007f95043dd000 00007f9495f55210
0x00007f9495f55190:   00007f95043477a8 00007f95043dd1f8
0x00007f9495f551a0:   00007f9495f55290 00007f950c7940ef
0x00007f9495f551b0:   00007f95043dd000 00007f94c69a3ff4
0x00007f9495f551c0:   00007f9495f552a8 0079614c7265766f
0x00007f9495f551d0:   00007f950d0130f0 00007f950db1d470
0x00007f9495f551e0:   0000000095f55250 05933c5d00000063
0x00007f9495f551f0:   0000000000000000 0000003000000018
0x00007f9495f55200:   00007f9495f55380 00007f9495f552c0
0x00007f9495f55210:   00007f95043dd000 0000000000000000 

Instructions: (pc=0x00007f950c78f948)
0x00007f950c78f928:   00 00 48 85 d2 48 89 bd b0 fe ff ff 48 89 b5 a8
0x00007f950c78f938:   fe ff ff 4c 89 8d a0 fe ff ff 0f 84 78 09 00 00
0x00007f950c78f948:   4c 8b 22 4d 85 e4 0f 84 6c 09 00 00 48 8b 45 10
0x00007f950c78f958:   48 8b 98 38 01 00 00 48 83 7b 18 f7 0f 87 16 07 

Register to memory mapping:

RAX=0x00007f9495f552c0 is pointing into the stack for thread: 0x00007f95043dd000
RBX=0x00007f9495f551d0 is pointing into the stack for thread: 0x00007f95043dd000
RCX=0x0000000000000001 is an unknown value
RDX=0x0079614c7265766f is an unknown value
RSP=0x00007f9495f55020 is pointing into the stack for thread: 0x00007f95043dd000
RBP=0x00007f9495f551a0 is pointing into the stack for thread: 0x00007f95043dd000
RSI=0x00007f9495f55230 is pointing into the stack for thread: 0x00007f95043dd000
RDI=0x00007f95043dd1f8 is an unknown value
R8 =0x00007f95043477a8 is an unknown value
R9 =0x00007f9495f551d0 is pointing into the stack for thread: 0x00007f95043dd000
R10=0x00007f9484000ae0 is an unknown value
R11=0x00007f94f547c3e0 is at entry_point+32 in (nmethod*)0x00007f94f547c250
R12=0x00007f95043dd000 is a thread
R13=0x00007f95043477a8 is an unknown value
R14=0x0000000000000001 is an unknown value
R15=0x00007f95043dd1f8 is an unknown value


Stack: [0x00007f9495e56000,0x00007f9495f57000],  sp=0x00007f9495f55020,  free space=1020k
Native frames: (J=compiled Java code, j=interpreted, Vv=VM code, C=native code)
V  [libjvm.so+0x6cf948]  jni_invoke_nonstatic(JNIEnv_*, JavaValue*, _jobject*, JNICallType, _jmethodID*, JNI_ArgumentPusher*, Thread*)+0x38
V  [libjvm.so+0x6d40ef]  jni_CallVoidMethodV+0x10f
C  [libglass.so+0x13e51]  JNIEnv_::CallVoidMethod(_jobject*, _jmethodID*, ...)+0x81
C  [libglass.so+0x1545f]  WindowContextBase::process_key(_GdkEventKey*)+0x20f
C  [libglass.so+0x19540]  WindowContextBase::im_filter_keypress(_GdkEventKey*)+0x1c0
C  [libglass.so+0x1c7cc]  process_events(_GdkEvent*, void*)+0x22c
C  [libgdk-x11-2.0.so.0+0x5acdc]

Java frames: (J=compiled Java code, j=interpreted, Vv=VM code)
j  com.sun.glass.ui.gtk.GtkApplication._runLoop(Ljava/lang/Runnable;Z)V+0
j  com.sun.glass.ui.gtk.GtkApplication.lambda$null$49(Ljava/lang/Runnable;Z)V+7
j  com.sun.glass.ui.gtk.GtkApplication$$Lambda$41.run()V+12
j  java.lang.Thread.run()V+11
v  ~StubRoutines::call_stub

---------------  P R O C E S S  ---------------

Java Threads: ( => current thread )
  0x00007f948454f000 JavaThread "AWT-EventQueue-0" [_thread_blocked, id=26516, stack(0x00007f94765c7000,0x00007f94766c8000)]
  0x00007f948454c000 JavaThread "AWT-Shutdown" [_thread_blocked, id=26515, stack(0x00007f94766c8000,0x00007f94767c9000)]
  0x00007f94844d9800 JavaThread "Image Fetcher 0" daemon [_thread_blocked, id=26514, stack(0x00007f9476e5a000,0x00007f9476f5b000)]
  0x00007f94844c0800 JavaThread "AWT-XAWT" daemon [_thread_in_native, id=26513, stack(0x00007f9476f5b000,0x00007f947705c000)]
  0x00007f94844ac800 JavaThread "Java2D Disposer" daemon [_thread_blocked, id=26512, stack(0x00007f94940e3000,0x00007f94941e4000)]
  0x00007f9484440000 JavaThread "Prism Font Disposer" daemon [_thread_blocked, id=26511, stack(0x00007f9494874000,0x00007f9494975000)]
  0x00007f9484212800 JavaThread "Abandoned connection cleanup thread" daemon [_thread_blocked, id=26510, stack(0x00007f949544c000,0x00007f949554d000)]
  0x00007f95043e1000 JavaThread "JavaFX-Launcher" [_thread_blocked, id=26509, stack(0x00007f9495d55000,0x00007f9495e56000)]
=>0x00007f95043dd000 JavaThread "JavaFX Application Thread" [_thread_in_vm, id=26508, stack(0x00007f9495e56000,0x00007f9495f57000)]
  0x00007f95043d9000 JavaThread "Thread-1" daemon [_thread_blocked, id=26507, stack(0x00007f9495f57000,0x00007f9496058000)]
  0x00007f9504334800 JavaThread "QuantumRenderer-0" daemon [_thread_blocked, id=26503, stack(0x00007f94c741e000,0x00007f94c751f000)]
  0x00007f9504224800 JavaThread "Service Thread" daemon [_thread_blocked, id=26501, stack(0x00007f94c7620000,0x00007f94c7721000)]
  0x00007f950420f800 JavaThread "C1 CompilerThread3" daemon [_thread_blocked, id=26500, stack(0x00007f94c7721000,0x00007f94c7822000)]
  0x00007f950420d000 JavaThread "C2 CompilerThread2" daemon [_thread_in_native, id=26499, stack(0x00007f94c7822000,0x00007f94c7923000)]
  0x00007f950420b800 JavaThread "C2 CompilerThread1" daemon [_thread_in_native, id=26498, stack(0x00007f94c7923000,0x00007f94c7a24000)]
  0x00007f9504208800 JavaThread "C2 CompilerThread0" daemon [_thread_in_native, id=26497, stack(0x00007f94c7a24000,0x00007f94c7b25000)]
  0x00007f9504207000 JavaThread "Signal Dispatcher" daemon [_thread_blocked, id=26496, stack(0x00007f94c7b25000,0x00007f94c7c26000)]
  0x00007f95041d3000 JavaThread "Finalizer" daemon [_thread_blocked, id=26495, stack(0x00007f94c7eff000,0x00007f94c8000000)]
  0x00007f95041ce800 JavaThread "Reference Handler" daemon [_thread_blocked, id=26494, stack(0x00007f94dc03e000,0x00007f94dc13f000)]
  0x00007f950400a000 JavaThread "main" [_thread_blocked, id=26484, stack(0x00007f950db99000,0x00007f950dc9a000)]

Other Threads:
  0x00007f95041c7000 VMThread [stack: 0x00007f94dc13f000,0x00007f94dc240000] [id=26493]
  0x00007f950422f000 WatcherThread [stack: 0x00007f94c751f000,0x00007f94c7620000] [id=26502]

VM state:not at safepoint (normal execution)

VM Mutex/Monitor currently owned by a thread: None

Heap:
 PSYoungGen      total 36864K, used 19890K [0x00000000d6d80000, 0x00000000d9680000, 0x0000000100000000)
  eden space 31744K, 62% used [0x00000000d6d80000,0x00000000d80ec838,0x00000000d8c80000)
  from space 5120K, 0% used [0x00000000d9180000,0x00000000d9180000,0x00000000d9680000)
  to   space 5120K, 0% used [0x00000000d8c80000,0x00000000d8c80000,0x00000000d9180000)
 ParOldGen       total 68096K, used 11892K [0x0000000084800000, 0x0000000088a80000, 0x00000000d6d80000)
  object space 68096K, 17% used [0x0000000084800000,0x000000008539d3a8,0x0000000088a80000)
 Metaspace       used 27806K, capacity 28808K, committed 28928K, reserved 1075200K
  class space    used 3761K, capacity 3986K, committed 4096K, reserved 1048576K

Card table byte_map: [0x00007f950a57c000,0x00007f950a959000] byte_map_base: 0x00007f950a158000

Marking Bits: (ParMarkBitMap*) 0x00007f950d076d60
 Begin Bits: [0x00007f94dc240000, 0x00007f94de120000)
 End Bits:   [0x00007f94de120000, 0x00007f94e0000000)

Polling page: 0x00007f950dcc2000

CodeCache: size=245760Kb used=9040Kb max_used=9059Kb free=236719Kb
 bounds [0x00007f94f5000000, 0x00007f94f58e0000, 0x00007f9504000000]
 total_blobs=3800 nmethods=2911 adapters=801
 compilation: enabled

Compilation events (10 events):
Event: 6.374 Thread 0x00007f950420f800 nmethod 2917 0x00007f94f58c67d0 code [0x00007f94f58c6920, 0x00007f94f58c6a10]
Event: 6.374 Thread 0x00007f950420f800 2944       3       javafx.scene.Node$11::invalidated (52 bytes)
Event: 6.375 Thread 0x00007f950420f800 nmethod 2944 0x00007f94f58d0e90 code [0x00007f94f58d1180, 0x00007f94f58d2cf8]
Event: 6.375 Thread 0x00007f950420f800 2918       1       javafx.scene.text.Text::access$2300 (5 bytes)
Event: 6.376 Thread 0x00007f950420f800 nmethod 2918 0x00007f94f58d3750 code [0x00007f94f58d38a0, 0x00007f94f58d3990]
Event: 6.376 Thread 0x00007f950420f800 2935       1       com.sun.javafx.text.PrismTextLayout::getTextSpans (5 bytes)
Event: 6.376 Thread 0x00007f950420f800 nmethod 2935 0x00007f94f58d3a10 code [0x00007f94f58d3b60, 0x00007f94f58d3c70]
Event: 6.376 Thread 0x00007f950420f800 2936       1       com.sun.javafx.text.PrismTextLayout::getFont (5 bytes)
Event: 6.376 Thread 0x00007f950420f800 nmethod 2936 0x00007f94f58d3cd0 code [0x00007f94f58d3e20, 0x00007f94f58d3f30]
Event: 6.376 Thread 0x00007f950420f800 2937       1       com.sun.javafx.font.PrismFont::getFontResource (5 bytes)

GC Heap History (6 events):
Event: 0.973 GC heap before
{Heap before GC invocations=1 (full 0):
 PSYoungGen      total 36864K, used 31744K [0x00000000d6d80000, 0x00000000d9680000, 0x0000000100000000)
  eden space 31744K, 100% used [0x00000000d6d80000,0x00000000d8c80000,0x00000000d8c80000)
  from space 5120K, 0% used [0x00000000d9180000,0x00000000d9180000,0x00000000d9680000)
  to   space 5120K, 0% used [0x00000000d8c80000,0x00000000d8c80000,0x00000000d9180000)
 ParOldGen       total 84992K, used 0K [0x0000000084800000, 0x0000000089b00000, 0x00000000d6d80000)
  object space 84992K, 0% used [0x0000000084800000,0x0000000084800000,0x0000000089b00000)
 Metaspace       used 15216K, capacity 15636K, committed 15744K, reserved 1062912K
  class space    used 1956K, capacity 2102K, committed 2176K, reserved 1048576K
Event: 0.980 GC heap after
Heap after GC invocations=1 (full 0):
 PSYoungGen      total 36864K, used 5102K [0x00000000d6d80000, 0x00000000d9680000, 0x0000000100000000)
  eden space 31744K, 0% used [0x00000000d6d80000,0x00000000d6d80000,0x00000000d8c80000)
  from space 5120K, 99% used [0x00000000d8c80000,0x00000000d917bac0,0x00000000d9180000)
  to   space 5120K, 0% used [0x00000000d9180000,0x00000000d9180000,0x00000000d9680000)
 ParOldGen       total 84992K, used 5316K [0x0000000084800000, 0x0000000089b00000, 0x00000000d6d80000)
  object space 84992K, 6% used [0x0000000084800000,0x0000000084d31050,0x0000000089b00000)
 Metaspace       used 15216K, capacity 15636K, committed 15744K, reserved 1062912K
  class space    used 1956K, capacity 2102K, committed 2176K, reserved 1048576K
}
Event: 5.409 GC heap before
{Heap before GC invocations=2 (full 0):
 PSYoungGen      total 36864K, used 18464K [0x00000000d6d80000, 0x00000000d9680000, 0x0000000100000000)
  eden space 31744K, 42% used [0x00000000d6d80000,0x00000000d7a8c608,0x00000000d8c80000)
  from space 5120K, 99% used [0x00000000d8c80000,0x00000000d917bac0,0x00000000d9180000)
  to   space 5120K, 0% used [0x00000000d9180000,0x00000000d9180000,0x00000000d9680000)
 ParOldGen       total 84992K, used 5316K [0x0000000084800000, 0x0000000089b00000, 0x00000000d6d80000)
  object space 84992K, 6% used [0x0000000084800000,0x0000000084d31050,0x0000000089b00000)
 Metaspace       used 20472K, capacity 21178K, committed 21296K, reserved 1067008K
  class space    used 2749K, capacity 2929K, committed 2944K, reserved 1048576K
Event: 5.416 GC heap after
Heap after GC invocations=2 (full 0):
 PSYoungGen      total 36864K, used 5088K [0x00000000d6d80000, 0x00000000d9680000, 0x0000000100000000)
  eden space 31744K, 0% used [0x00000000d6d80000,0x00000000d6d80000,0x00000000d8c80000)
  from space 5120K, 99% used [0x00000000d9180000,0x00000000d9678090,0x00000000d9680000)
  to   space 5120K, 0% used [0x00000000d8c80000,0x00000000d8c80000,0x00000000d9180000)
 ParOldGen       total 84992K, used 7890K [0x0000000084800000, 0x0000000089b00000, 0x00000000d6d80000)
  object space 84992K, 9% used [0x0000000084800000,0x0000000084fb4b68,0x0000000089b00000)
 Metaspace       used 20472K, capacity 21178K, committed 21296K, reserved 1067008K
  class space    used 2749K, capacity 2929K, committed 2944K, reserved 1048576K
}
Event: 5.416 GC heap before
{Heap before GC invocations=3 (full 1):
 PSYoungGen      total 36864K, used 5088K [0x00000000d6d80000, 0x00000000d9680000, 0x0000000100000000)
  eden space 31744K, 0% used [0x00000000d6d80000,0x00000000d6d80000,0x00000000d8c80000)
  from space 5120K, 99% used [0x00000000d9180000,0x00000000d9678090,0x00000000d9680000)
  to   space 5120K, 0% used [0x00000000d8c80000,0x00000000d8c80000,0x00000000d9180000)
 ParOldGen       total 84992K, used 7890K [0x0000000084800000, 0x0000000089b00000, 0x00000000d6d80000)
  object space 84992K, 9% used [0x0000000084800000,0x0000000084fb4b68,0x0000000089b00000)
 Metaspace       used 20472K, capacity 21178K, committed 21296K, reserved 1067008K
  class space    used 2749K, capacity 2929K, committed 2944K, reserved 1048576K
Event: 5.450 GC heap after
Heap after GC invocations=3 (full 1):
 PSYoungGen      total 36864K, used 0K [0x00000000d6d80000, 0x00000000d9680000, 0x0000000100000000)
  eden space 31744K, 0% used [0x00000000d6d80000,0x00000000d6d80000,0x00000000d8c80000)
  from space 5120K, 0% used [0x00000000d9180000,0x00000000d9180000,0x00000000d9680000)
  to   space 5120K, 0% used [0x00000000d8c80000,0x00000000d8c80000,0x00000000d9180000)
 ParOldGen       total 68096K, used 11892K [0x0000000084800000, 0x0000000088a80000, 0x00000000d6d80000)
  object space 68096K, 17% used [0x0000000084800000,0x000000008539d3a8,0x0000000088a80000)
 Metaspace       used 20472K, capacity 21178K, committed 21296K, reserved 1067008K
  class space    used 2749K, capacity 2929K, committed 2944K, reserved 1048576K
}

Deoptimization events (10 events):
Event: 6.082 Thread 0x00007f95043dd000 Uncommon trap: reason=bimorphic action=maybe_recompile pc=0x00007f94f55f21a8 method=com.sun.javafx.collections.VetoableListDecorator.size()I @ 4
Event: 6.086 Thread 0x00007f95043dd000 Uncommon trap: reason=bimorphic action=maybe_recompile pc=0x00007f94f55f21a8 method=com.sun.javafx.collections.VetoableListDecorator.size()I @ 4
Event: 6.107 Thread 0x00007f95043dd000 Uncommon trap: reason=range_check action=make_not_entrant pc=0x00007f94f5695a80 method=sun.reflect.generics.parser.SignatureParser.current()C @ 34
Event: 6.127 Thread 0x00007f95043dd000 Uncommon trap: reason=unstable_if action=reinterpret pc=0x00007f94f5501774 method=java.lang.StrictMath.floorOrCeil(DDDD)D @ 38
Event: 6.260 Thread 0x00007f95043dd000 Uncommon trap: reason=array_check action=maybe_recompile pc=0x00007f94f5809048 method=com.sun.javafx.css.SimpleSelector.applies(Ljavafx/css/Styleable;[Ljava/util/Set;I)Z @ 37
Event: 6.260 Thread 0x00007f95043dd000 Uncommon trap: reason=array_check action=maybe_recompile pc=0x00007f94f5809048 method=com.sun.javafx.css.SimpleSelector.applies(Ljavafx/css/Styleable;[Ljava/util/Set;I)Z @ 37
Event: 6.260 Thread 0x00007f95043dd000 Uncommon trap: reason=array_check action=maybe_recompile pc=0x00007f94f5809048 method=com.sun.javafx.css.SimpleSelector.applies(Ljavafx/css/Styleable;[Ljava/util/Set;I)Z @ 37
Event: 6.260 Thread 0x00007f95043dd000 Uncommon trap: reason=array_check action=maybe_recompile pc=0x00007f94f5809048 method=com.sun.javafx.css.SimpleSelector.applies(Ljavafx/css/Styleable;[Ljava/util/Set;I)Z @ 37
Event: 6.339 Thread 0x00007f95043dd000 Uncommon trap: reason=array_check action=maybe_recompile pc=0x00007f94f589c244 method=com.sun.javafx.css.SimpleSelector.applies(Ljavafx/css/Styleable;[Ljava/util/Set;I)Z @ 37
Event: 6.363 Thread 0x00007f95043dd000 Uncommon trap: reason=unstable_if action=reinterpret pc=0x00007f94f5534d1c method=java.lang.Math.round(D)J @ 48

Internal exceptions (10 events):
Event: 0.392 Thread 0x00007f95043dd000 Exception <a 'java/lang/ArrayIndexOutOfBoundsException'> (0x00000000d7e8b218) thrown at [/HUDSON/workspace/8-2-build-linux-amd64/jdk8u91/6644/hotspot/src/share/vm/runtime/sharedRuntime.cpp, line 605]
Event: 0.503 Thread 0x00007f95043dd000 Implicit null exception at 0x00007f94f5212f35 to 0x00007f94f5213285
Event: 0.947 Thread 0x00007f95043dd000 Implicit null exception at 0x00007f94f52f4cf5 to 0x00007f94f52f4f1d
Event: 0.947 Thread 0x00007f95043dd000 Implicit null exception at 0x00007f94f530c818 to 0x00007f94f530c8a6
Event: 5.403 Thread 0x00007f95043dd000 Exception <a 'java/io/FileNotFoundException'> (0x00000000d7a03c80) thrown at [/HUDSON/workspace/8-2-build-linux-amd64/jdk8u91/6644/hotspot/src/share/vm/prims/jni.cpp, line 709]
Event: 5.403 Thread 0x00007f95043dd000 Exception <a 'java/io/FileNotFoundException'> (0x00000000d7a04a18) thrown at [/HUDSON/workspace/8-2-build-linux-amd64/jdk8u91/6644/hotspot/src/share/vm/prims/jni.cpp, line 709]
Event: 5.642 Thread 0x00007f948454f000 Exception <a 'java/lang/UnsupportedOperationException': > (0x00000000d6fd9920) thrown at [/HUDSON/workspace/8-2-build-linux-amd64/jdk8u91/6644/hotspot/src/share/vm/prims/jni.cpp, line 735]
Event: 6.037 Thread 0x00007f95043dd000 Exception <a 'java/lang/ArrayIndexOutOfBoundsException'> (0x00000000d713c800) thrown at [/HUDSON/workspace/8-2-build-linux-amd64/jdk8u91/6644/hotspot/src/share/vm/runtime/sharedRuntime.cpp, line 605]
Event: 6.037 Thread 0x00007f95043dd000 Exception <a 'java/lang/ArrayIndexOutOfBoundsException'> (0x00000000d713ea10) thrown at [/HUDSON/workspace/8-2-build-linux-amd64/jdk8u91/6644/hotspot/src/share/vm/runtime/sharedRuntime.cpp, line 605]
Event: 6.107 Thread 0x00007f95043dd000 Exception <a 'java/lang/ArrayIndexOutOfBoundsException': 65> (0x00000000d74b7868) thrown at [/HUDSON/workspace/8-2-build-linux-amd64/jdk8u91/6644/hotspot/src/share/vm/interpreter/interpreterRuntime.cpp, line 366]

Events (10 events):
Event: 6.340 Thread 0x00007f95043dd000 DEOPT UNPACKING pc=0x00007f94f5005229 sp=0x00007f9495f50ea0 mode 2
Event: 6.363 loading class com/jfoenix/skins/JFXRadioButtonSkin$1
Event: 6.363 loading class com/jfoenix/skins/JFXRadioButtonSkin$1 done
Event: 6.363 Thread 0x00007f95043dd000 Uncommon trap: trap_request=0xffffff65 fr.pc=0x00007f94f5534d1c
Event: 6.363 Thread 0x00007f95043dd000 DEOPT PACKING pc=0x00007f94f5534d1c sp=0x00007f9495f516b0
Event: 6.363 Thread 0x00007f95043dd000 DEOPT UNPACKING pc=0x00007f94f5005229 sp=0x00007f9495f51628 mode 2
Event: 6.367 loading class com/sun/javafx/font/PrismFontUtils
Event: 6.367 loading class com/sun/javafx/font/PrismFontUtils done
Event: 6.367 loading class com/sun/javafx/tk/FontMetrics
Event: 6.367 loading class com/sun/javafx/tk/FontMetrics done


Dynamic libraries:
00400000-00401000 r-xp 00000000 08:0f 1573679                            /usr/lib/jvm/oracle_jdk8/jre/bin/java
00600000-00601000 rw-p 00000000 08:0f 1573679                            /usr/lib/jvm/oracle_jdk8/jre/bin/java
0153d000-0155e000 rw-p 00000000 00:00 0                                  [heap]
84800000-88a80000 rw-p 00000000 00:00 0 
88a80000-d6d80000 ---p 00000000 00:00 0 
d6d80000-d9680000 rw-p 00000000 00:00 0 
d9680000-100000000 ---p 00000000 00:00 0 
100000000-100400000 rw-p 00000000 00:00 0 
100400000-140000000 ---p 00000000 00:00 0 
7f945c000000-7f945c021000 rw-p 00000000 00:00 0 
7f945c021000-7f9460000000 ---p 00000000 00:00 0 
7f9460000000-7f9460021000 rw-p 00000000 00:00 0 
7f9460021000-7f9464000000 ---p 00000000 00:00 0 
7f9464000000-7f9464021000 rw-p 00000000 00:00 0 
7f9464021000-7f9468000000 ---p 00000000 00:00 0 
7f9468000000-7f9468021000 rw-p 00000000 00:00 0 
7f9468021000-7f946c000000 ---p 00000000 00:00 0 
7f946c000000-7f946c021000 rw-p 00000000 00:00 0 
7f946c021000-7f9470000000 ---p 00000000 00:00 0 
7f9470000000-7f9470021000 rw-p 00000000 00:00 0 
7f9470021000-7f9474000000 ---p 00000000 00:00 0 
7f94761c7000-7f9476207000 rw-p 00000000 00:00 0 
7f9476207000-7f94763c7000 ---p 00000000 00:00 0 
7f94763c7000-7f94765c7000 rw-p 00000000 00:00 0 
7f94765c7000-7f94765ca000 ---p 00000000 00:00 0 
7f94765ca000-7f94766c8000 rw-p 00000000 00:00 0 
7f94766c8000-7f94766cb000 ---p 00000000 00:00 0 
7f94766cb000-7f94767c9000 rw-p 00000000 00:00 0 
7f94767c9000-7f9476832000 r-xp 00000000 08:0f 1587707                    /usr/lib/jvm/oracle_jdk8/jre/lib/amd64/libt2k.so
7f9476832000-7f9476a32000 ---p 00069000 08:0f 1587707                    /usr/lib/jvm/oracle_jdk8/jre/lib/amd64/libt2k.so
7f9476a32000-7f9476a39000 rw-p 00069000 08:0f 1587707                    /usr/lib/jvm/oracle_jdk8/jre/lib/amd64/libt2k.so
7f9476a39000-7f9476a49000 rw-p 00000000 00:00 0 
7f9476a49000-7f9476a5a000 r-xp 00000000 08:0f 1587741                    /usr/lib/jvm/oracle_jdk8/jre/lib/amd64/libnio.so
7f9476a5a000-7f9476c59000 ---p 00011000 08:0f 1587741                    /usr/lib/jvm/oracle_jdk8/jre/lib/amd64/libnio.so
7f9476c59000-7f9476c5a000 rw-p 00010000 08:0f 1587741                    /usr/lib/jvm/oracle_jdk8/jre/lib/amd64/libnio.so
7f9476c5a000-7f9476e5a000 rw-p 00000000 00:00 0 
7f9476e5a000-7f9476e5d000 ---p 00000000 00:00 0 
7f9476e5d000-7f9476f5b000 rw-p 00000000 00:00 0 
7f9476f5b000-7f9476f5e000 ---p 00000000 00:00 0 
7f9476f5e000-7f947705c000 rw-p 00000000 00:00 0 
7f947705c000-7f94770c1000 r-xp 00000000 08:0f 1587720                    /usr/lib/jvm/oracle_jdk8/jre/lib/amd64/libfontmanager.so
7f94770c1000-7f94772c0000 ---p 00065000 08:0f 1587720                    /usr/lib/jvm/oracle_jdk8/jre/lib/amd64/libfontmanager.so
7f94772c0000-7f94772c5000 rw-p 00064000 08:0f 1587720                    /usr/lib/jvm/oracle_jdk8/jre/lib/amd64/libfontmanager.so
7f94772c5000-7f94774d5000 rw-p 00000000 00:00 0 
7f94774d5000-7f9477529000 r-xp 00000000 08:0f 1587745                    /usr/lib/jvm/oracle_jdk8/jre/lib/amd64/libawt_xawt.so
7f9477529000-7f9477729000 ---p 00054000 08:0f 1587745                    /usr/lib/jvm/oracle_jdk8/jre/lib/amd64/libawt_xawt.so
7f9477729000-7f947772d000 rw-p 00054000 08:0f 1587745                    /usr/lib/jvm/oracle_jdk8/jre/lib/amd64/libawt_xawt.so
7f947772d000-7f947772e000 rw-p 00000000 00:00 0 
7f947772e000-7f94777d0000 r-xp 00000000 08:0f 1587731                    /usr/lib/jvm/oracle_jdk8/jre/lib/amd64/libawt.so
7f94777d0000-7f94779d0000 ---p 000a2000 08:0f 1587731                    /usr/lib/jvm/oracle_jdk8/jre/lib/amd64/libawt.so
7f94779d0000-7f94779dc000 rw-p 000a2000 08:0f 1587731                    /usr/lib/jvm/oracle_jdk8/jre/lib/amd64/libawt.so
7f94779dc000-7f9477a00000 rw-p 00000000 00:00 0 
7f9477a00000-7f9478000000 rw-s 00000000 00:05 1824418                    /drm mm object (deleted)
7f9478000000-7f9478021000 rw-p 00000000 00:00 0 
7f9478021000-7f947c000000 ---p 00000000 00:00 0 
7f947c000000-7f947c021000 rw-p 00000000 00:00 0 
7f947c021000-7f9480000000 ---p 00000000 00:00 0 
7f9480000000-7f9480021000 rw-p 00000000 00:00 0 
7f9480021000-7f9484000000 ---p 00000000 00:00 0 
7f9484000000-7f9484a2b000 rw-p 00000000 00:00 0 
7f9484a2b000-7f9488000000 ---p 00000000 00:00 0 
7f9488000000-7f9488021000 rw-p 00000000 00:00 0 
7f9488021000-7f948c000000 ---p 00000000 00:00 0 
7f948c000000-7f948c022000 rw-p 00000000 00:00 0 
7f948c022000-7f9490000000 ---p 00000000 00:00 0 
7f9490000000-7f9490021000 rw-p 00000000 00:00 0 
7f9490021000-7f9494000000 ---p 00000000 00:00 0 
7f94940e3000-7f94940e6000 ---p 00000000 00:00 0 
7f94940e6000-7f94941e4000 rw-p 00000000 00:00 0 
7f94941e4000-7f9494200000 rw-s 00000000 00:05 1821241                    /drm mm object (deleted)
7f9494200000-7f94943c0000 rw-s 1083c5000 00:06 349                       /dev/dri/card0
7f94943c0000-7f9494580000 rw-s 00000000 00:05 1824413                    /drm mm object (deleted)
7f9494580000-7f9494590000 rw-s 00000000 00:05 1824417                    /drm mm object (deleted)
7f9494590000-7f9494598000 rw-s 00000000 00:05 1824416                    /drm mm object (deleted)
7f9494598000-7f94945a8000 rw-s 00000000 00:05 1824415                    /drm mm object (deleted)
7f94945a8000-7f94945b4000 rw-s 00000000 00:05 1828906                    /drm mm object (deleted)
7f94945b4000-7f94947b4000 rw-p 00000000 00:00 0 
7f94947b4000-7f94947c7000 r--s 00344000 08:0f 1587685                    /usr/lib/jvm/oracle_jdk8/jre/lib/resources.jar
7f94947c7000-7f9494874000 r--p 00000000 08:0f 2225679                    /usr/share/fonts/truetype/dejavu/DejaVuSans-Bold.ttf
7f9494874000-7f9494877000 ---p 00000000 00:00 0 
7f9494877000-7f9494975000 rw-p 00000000 00:00 0 
7f9494975000-7f9494a2e000 r--p 00000000 08:0f 2225680                    /usr/share/fonts/truetype/dejavu/DejaVuSans.ttf
7f9494a2e000-7f9494a41000 r--p 00000000 08:0f 1713188                    /usr/lib/jvm/oracle_jdk8/jre/lib/fonts/LucidaBrightDemiItalic.ttf
7f9494a41000-7f9494a55000 r--p 00000000 08:0f 1713183                    /usr/lib/jvm/oracle_jdk8/jre/lib/fonts/LucidaBrightItalic.ttf
7f9494a55000-7f9494aaa000 r--p 00000000 08:0f 1713185                    /usr/lib/jvm/oracle_jdk8/jre/lib/fonts/LucidaBrightRegular.ttf
7f9494aaa000-7f9494ae4000 r--p 00000000 08:0f 1713190                    /usr/lib/jvm/oracle_jdk8/jre/lib/fonts/LucidaTypewriterBold.ttf
7f9494ae4000-7f9494b32000 r--p 00000000 08:0f 1713186                    /usr/lib/jvm/oracle_jdk8/jre/lib/fonts/LucidaSansDemiBold.ttf
7f9494b32000-7f9494b45000 r--p 00000000 08:0f 1713191                    /usr/lib/jvm/oracle_jdk8/jre/lib/fonts/LucidaBrightDemiBold.ttf
7f9494b45000-7f9494b81000 r--p 00000000 08:0f 1713189                    /usr/lib/jvm/oracle_jdk8/jre/lib/fonts/LucidaTypewriterRegular.ttf
7f9494b81000-7f9494c2c000 r--p 00000000 08:0f 1713184                    /usr/lib/jvm/oracle_jdk8/jre/lib/fonts/LucidaSansRegular.ttf
7f9494c2c000-7f9494c30000 r-xp 00000000 08:0f 1587696                    /usr/lib/jvm/oracle_jdk8/jre/lib/amd64/libjavafx_font_pango.so
7f9494c30000-7f9494e2f000 ---p 00004000 08:0f 1587696                    /usr/lib/jvm/oracle_jdk8/jre/lib/amd64/libjavafx_font_pango.so
7f9494e2f000-7f9494e30000 rw-p 00003000 08:0f 1587696                    /usr/lib/jvm/oracle_jdk8/jre/lib/amd64/libjavafx_font_pango.so
7f9494e30000-7f9495030000 rw-p 00000000 00:00 0 
7f9495030000-7f9495035000 r--s 00084000 08:0f 1573685                    /usr/lib/jvm/oracle_jdk8/jre/lib/jfr.jar
7f9495035000-7f9495235000 rw-p 00000000 00:00 0 
7f9495235000-7f949524b000 r-xp 00000000 08:0f 1587738                    /usr/lib/jvm/oracle_jdk8/jre/lib/amd64/libnet.so
7f949524b000-7f949544b000 ---p 00016000 08:0f 1587738                    /usr/lib/jvm/oracle_jdk8/jre/lib/amd64/libnet.so
7f949544b000-7f949544c000 rw-p 00016000 08:0f 1587738                    /usr/lib/jvm/oracle_jdk8/jre/lib/amd64/libnet.so
7f949544c000-7f949544f000 ---p 00000000 00:00 0 
7f949544f000-7f949574d000 rw-p 00000000 00:00 0 
7f949574d000-7f9495752000 r-xp 00000000 08:0f 1587699                    /usr/lib/jvm/oracle_jdk8/jre/lib/amd64/libjavafx_font_freetype.so
7f9495752000-7f9495951000 ---p 00005000 08:0f 1587699                    /usr/lib/jvm/oracle_jdk8/jre/lib/amd64/libjavafx_font_freetype.so
7f9495951000-7f9495952000 rw-p 00004000 08:0f 1587699                    /usr/lib/jvm/oracle_jdk8/jre/lib/amd64/libjavafx_font_freetype.so
7f9495952000-7f9495955000 r-xp 00000000 08:0f 1587739                    /usr/lib/jvm/oracle_jdk8/jre/lib/amd64/libjavafx_font.so
7f9495955000-7f9495b54000 ---p 00003000 08:0f 1587739                    /usr/lib/jvm/oracle_jdk8/jre/lib/amd64/libjavafx_font.so
7f9495b54000-7f9495b55000 rw-p 00002000 08:0f 1587739                    /usr/lib/jvm/oracle_jdk8/jre/lib/amd64/libjavafx_font.so
7f9495b55000-7f9495d55000 rw-p 00000000 00:00 0 
7f9495d55000-7f9495d58000 ---p 00000000 00:00 0 
7f9495d58000-7f9495e56000 rw-p 00000000 00:00 0 
7f9495e56000-7f9495e59000 ---p 00000000 00:00 0 
7f9495e59000-7f9495f57000 rw-p 00000000 00:00 0 
7f9495f57000-7f9495f5a000 ---p 00000000 00:00 0 
7f9495f5a000-7f9496058000 rw-p 00000000 00:00 0 
7f9496058000-7f9496059000 ---p 00000000 00:00 0 
7f9496059000-7f9496859000 rw-p 00000000 00:00 0 
7f9496859000-7f949685a000 ---p 00000000 00:00 0 
7f949685a000-7f949705a000 rw-p 00000000 00:00 0 
7f949705a000-7f949705b000 ---p 00000000 00:00 0 
7f949705b000-7f949785b000 rw-p 00000000 00:00 0 
7f949785b000-7f9497867000 r-xp 00000000 08:0f 1572888                    /usr/lib/x86_64-linux-gnu/gio/modules/libdconfsettings.so
7f9497867000-7f9497a66000 ---p 0000c000 08:0f 1572888                    /usr/lib/x86_64-linux-gnu/gio/modules/libdconfsettings.so
7f9497a66000-7f9497a67000 r--p 0000b000 08:0f 1572888                    /usr/lib/x86_64-linux-gnu/gio/modules/libdconfsettings.so
7f9497a67000-7f9497a68000 rw-p 0000c000 08:0f 1572888                    /usr/lib/x86_64-linux-gnu/gio/modules/libdconfsettings.so
7f9497a68000-7f9497a6f000 r-xp 00000000 08:0f 1318849                    /usr/lib/x86_64-linux-gnu/libogg.so.0.8.2
7f9497a6f000-7f9497c6f000 ---p 00007000 08:0f 1318849                    /usr/lib/x86_64-linux-gnu/libogg.so.0.8.2
7f9497c6f000-7f9497c70000 r--p 00007000 08:0f 1318849                    /usr/lib/x86_64-linux-gnu/libogg.so.0.8.2
7f9497c70000-7f9497c71000 rw-p 00008000 08:0f 1318849                    /usr/lib/x86_64-linux-gnu/libogg.so.0.8.2
7f9497c71000-7f9497c9b000 r-xp 00000000 08:0f 1319282                    /usr/lib/x86_64-linux-gnu/libvorbis.so.0.4.8
7f9497c9b000-7f9497e9b000 ---p 0002a000 08:0f 1319282                    /usr/lib/x86_64-linux-gnu/libvorbis.so.0.4.8
7f9497e9b000-7f9497e9c000 r--p 0002a000 08:0f 1319282                    /usr/lib/x86_64-linux-gnu/libvorbis.so.0.4.8
7f9497e9c000-7f9497e9d000 rw-p 0002b000 08:0f 1319282                    /usr/lib/x86_64-linux-gnu/libvorbis.so.0.4.8
7f9497e9d000-7f9497ea5000 r-xp 00000000 08:0f 1318693                    /usr/lib/x86_64-linux-gnu/libltdl.so.7.3.1
7f9497ea5000-7f94980a5000 ---p 00008000 08:0f 1318693                    /usr/lib/x86_64-linux-gnu/libltdl.so.7.3.1
7f94980a5000-7f94980a6000 r--p 00008000 08:0f 1318693                    /usr/lib/x86_64-linux-gnu/libltdl.so.7.3.1
7f94980a6000-7f94980a7000 rw-p 00009000 08:0f 1318693                    /usr/lib/x86_64-linux-gnu/libltdl.so.7.3.1
7f94980a7000-7f94980bb000 r-xp 00000000 08:0f 1319115                    /usr/lib/x86_64-linux-gnu/libtdb.so.1.3.9
7f94980bb000-7f94982ba000 ---p 00014000 08:0f 1319115                    /usr/lib/x86_64-linux-gnu/libtdb.so.1.3.9
7f94982ba000-7f94982bb000 r--p 00013000 08:0f 1319115                    /usr/lib/x86_64-linux-gnu/libtdb.so.1.3.9
7f94982bb000-7f94982bc000 rw-p 00014000 08:0f 1319115                    /usr/lib/x86_64-linux-gnu/libtdb.so.1.3.9
7f94982bc000-7f94982c3000 r-xp 00000000 08:0f 1319286                    /usr/lib/x86_64-linux-gnu/libvorbisfile.so.3.3.7
7f94982c3000-7f94984c3000 ---p 00007000 08:0f 1319286                    /usr/lib/x86_64-linux-gnu/libvorbisfile.so.3.3.7
7f94984c3000-7f94984c4000 r--p 00007000 08:0f 1319286                    /usr/lib/x86_64-linux-gnu/libvorbisfile.so.3.3.7
7f94984c4000-7f94984c5000 rw-p 00008000 08:0f 1319286                    /usr/lib/x86_64-linux-gnu/libvorbisfile.so.3.3.7
7f94984c5000-7f94984d5000 r-xp 00000000 08:0f 1318049                    /usr/lib/x86_64-linux-gnu/libcanberra.so.0.2.5
7f94984d5000-7f94986d5000 ---p 00010000 08:0f 1318049                    /usr/lib/x86_64-linux-gnu/libcanberra.so.0.2.5
7f94986d5000-7f94986d6000 r--p 00010000 08:0f 1318049                    /usr/lib/x86_64-linux-gnu/libcanberra.so.0.2.5
7f94986d6000-7f94986d7000 rw-p 00011000 08:0f 1318049                    /usr/lib/x86_64-linux-gnu/libcanberra.so.0.2.5
7f94986d7000-7f94986db000 r-xp 00000000 08:0f 1318045                    /usr/lib/x86_64-linux-gnu/libcanberra-gtk.so.0.1.9
7f94986db000-7f94988da000 ---p 00004000 08:0f 1318045                    /usr/lib/x86_64-linux-gnu/libcanberra-gtk.so.0.1.9
7f94988da000-7f94988db000 r--p 00003000 08:0f 1318045                    /usr/lib/x86_64-linux-gnu/libcanberra-gtk.so.0.1.9
7f94988db000-7f94988dc000 rw-p 00004000 08:0f 1318045                    /usr/lib/x86_64-linux-gnu/libcanberra-gtk.so.0.1.9
7f94988dc000-7f94988e1000 r-xp 00000000 08:0f 1573095                    /usr/lib/x86_64-linux-gnu/gtk-2.0/modules/libcanberra-gtk-module.so
7f94988e1000-7f9498ae0000 ---p 00005000 08:0f 1573095                    /usr/lib/x86_64-linux-gnu/gtk-2.0/modules/libcanberra-gtk-module.so
7f9498ae0000-7f9498ae1000 r--p 00004000 08:0f 1573095                    /usr/lib/x86_64-linux-gnu/gtk-2.0/modules/libcanberra-gtk-module.so
7f9498ae1000-7f9498ae2000 rw-p 00005000 08:0f 1573095                    /usr/lib/x86_64-linux-gnu/gtk-2.0/modules/libcanberra-gtk-module.so
7f9498ae2000-7f9498b12000 r-xp 00000000 08:0f 1573077                    /usr/lib/x86_64-linux-gnu/gtk-2.0/2.10.0/engines/libmurrine.so
7f9498b12000-7f9498d12000 ---p 00030000 08:0f 1573077                    /usr/lib/x86_64-linux-gnu/gtk-2.0/2.10.0/engines/libmurrine.so
7f9498d12000-7f9498d13000 r--p 00030000 08:0f 1573077                    /usr/lib/x86_64-linux-gnu/gtk-2.0/2.10.0/engines/libmurrine.so
7f9498d13000-7f9498d14000 rw-p 00031000 08:0f 1573077                    /usr/lib/x86_64-linux-gnu/gtk-2.0/2.10.0/engines/libmurrine.so
7f9498d14000-7f9498d25000 r-xp 00000000 08:0f 1587590                    /usr/lib/x86_64-linux-gnu/gtk-2.0/modules/liboverlay-scrollbar.so
7f9498d25000-7f9498f25000 ---p 00011000 08:0f 1587590                    /usr/lib/x86_64-linux-gnu/gtk-2.0/modules/liboverlay-scrollbar.so
7f9498f25000-7f9498f26000 r--p 00011000 08:0f 1587590                    /usr/lib/x86_64-linux-gnu/gtk-2.0/modules/liboverlay-scrollbar.so
7f9498f26000-7f9498f27000 rw-p 00012000 08:0f 1587590                    /usr/lib/x86_64-linux-gnu/gtk-2.0/modules/liboverlay-scrollbar.so
7f9498f27000-7f9498f50000 r-xp 00000000 08:0f 1587715                    /usr/lib/jvm/oracle_jdk8/jre/lib/amd64/libglass.so
7f9498f50000-7f949914f000 ---p 00029000 08:0f 1587715                    /usr/lib/jvm/oracle_jdk8/jre/lib/amd64/libglass.so
7f949914f000-7f9499152000 rw-p 00028000 08:0f 1587715                    /usr/lib/jvm/oracle_jdk8/jre/lib/amd64/libglass.so
7f9499152000-7f9499189000 r-xp 00000000 08:0f 1319162                    /usr/lib/x86_64-linux-gnu/libtxc_dxtn_s2tc.so.0.0.0
7f9499189000-7f9499388000 ---p 00037000 08:0f 1319162                    /usr/lib/x86_64-linux-gnu/libtxc_dxtn_s2tc.so.0.0.0
7f9499388000-7f9499389000 r--p 00036000 08:0f 1319162                    /usr/lib/x86_64-linux-gnu/libtxc_dxtn_s2tc.so.0.0.0
7f9499389000-7f949938a000 rw-p 00037000 08:0f 1319162                    /usr/lib/x86_64-linux-gnu/libtxc_dxtn_s2tc.so.0.0.0
7f949938a000-7f9499392000 r-xp 00000000 08:0f 1318896                    /usr/lib/x86_64-linux-gnu/libpciaccess.so.0.11.1
7f9499392000-7f9499592000 ---p 00008000 08:0f 1318896                    /usr/lib/x86_64-linux-gnu/libpciaccess.so.0.11.1
7f9499592000-7f9499593000 r--p 00008000 08:0f 1318896                    /usr/lib/x86_64-linux-gnu/libpciaccess.so.0.11.1
7f9499593000-7f9499594000 rw-p 00009000 08:0f 1318896                    /usr/lib/x86_64-linux-gnu/libpciaccess.so.0.11.1
7f9499594000-7f94995a6000 r-xp 00000000 08:0f 528094                     /lib/x86_64-linux-gnu/libgpg-error.so.0.19.1
7f94995a6000-7f94997a6000 ---p 00012000 08:0f 528094                     /lib/x86_64-linux-gnu/libgpg-error.so.0.19.1
7f94997a6000-7f94997a7000 r--p 00012000 08:0f 528094                     /lib/x86_64-linux-gnu/libgpg-error.so.0.19.1
7f94997a7000-7f94997a8000 rw-p 00013000 08:0f 528094                     /lib/x86_64-linux-gnu/libgpg-error.so.0.19.1
7f94997a8000-7f94997b3000 r-xp 00000000 08:0f 1318198                    /usr/lib/x86_64-linux-gnu/libdrm_radeon.so.1.0.1
7f94997b3000-7f94999b2000 ---p 0000b000 08:0f 1318198                    /usr/lib/x86_64-linux-gnu/libdrm_radeon.so.1.0.1
7f94999b2000-7f94999b3000 r--p 0000a000 08:0f 1318198                    /usr/lib/x86_64-linux-gnu/libdrm_radeon.so.1.0.1
7f94999b3000-7f94999b4000 rw-p 0000b000 08:0f 1318198                    /usr/lib/x86_64-linux-gnu/libdrm_radeon.so.1.0.1
7f94999b4000-7f94999bb000 r-xp 00000000 08:0f 1318196                    /usr/lib/x86_64-linux-gnu/libdrm_nouveau.so.2.0.0
7f94999bb000-7f9499bba000 ---p 00007000 08:0f 1318196                    /usr/lib/x86_64-linux-gnu/libdrm_nouveau.so.2.0.0
7f9499bba000-7f9499bbb000 r--p 00006000 08:0f 1318196                    /usr/lib/x86_64-linux-gnu/libdrm_nouveau.so.2.0.0
7f9499bbb000-7f9499bbc000 rw-p 00007000 08:0f 1318196                    /usr/lib/x86_64-linux-gnu/libdrm_nouveau.so.2.0.0
7f9499bbc000-7f9499bdc000 r-xp 00000000 08:0f 1318194                    /usr/lib/x86_64-linux-gnu/libdrm_intel.so.1.0.0
7f9499bdc000-7f9499ddb000 ---p 00020000 08:0f 1318194                    /usr/lib/x86_64-linux-gnu/libdrm_intel.so.1.0.0
7f9499ddb000-7f9499ddc000 r--p 0001f000 08:0f 1318194                    /usr/lib/x86_64-linux-gnu/libdrm_intel.so.1.0.0
7f9499ddc000-7f9499ddd000 rw-p 00020000 08:0f 1318194                    /usr/lib/x86_64-linux-gnu/libdrm_intel.so.1.0.0
7f9499ddd000-7f9499ee4000 r-xp 00000000 08:0f 528090                     /lib/x86_64-linux-gnu/libgcrypt.so.20.1.2
7f9499ee4000-7f949a0e3000 ---p 00107000 08:0f 528090                     /lib/x86_64-linux-gnu/libgcrypt.so.20.1.2
7f949a0e3000-7f949a0e5000 r--p 00106000 08:0f 528090                     /lib/x86_64-linux-gnu/libgcrypt.so.20.1.2
7f949a0e5000-7f949a0ec000 rw-p 00108000 08:0f 528090                     /lib/x86_64-linux-gnu/libgcrypt.so.20.1.2
7f949a0ec000-7f949a78f000 r-xp 00000000 08:0f 1571962                    /usr/lib/x86_64-linux-gnu/dri/i965_dri.so
7f949a78f000-7f949a98e000 ---p 006a3000 08:0f 1571962                    /usr/lib/x86_64-linux-gnu/dri/i965_dri.so
7f949a98e000-7f949a9cd000 r--p 006a2000 08:0f 1571962                    /usr/lib/x86_64-linux-gnu/dri/i965_dri.so
7f949a9cd000-7f949a9d5000 rw-p 006e1000 08:0f 1571962                    /usr/lib/x86_64-linux-gnu/dri/i965_dri.so
7f949a9d5000-7f949a9dd000 rw-p 00000000 00:00 0 
7f949a9dd000-7f949a9e1000 r-xp 00000000 08:0f 527948                     /lib/x86_64-linux-gnu/libuuid.so.1.3.0
7f949a9e1000-7f949abe0000 ---p 00004000 08:0f 527948                     /lib/x86_64-linux-gnu/libuuid.so.1.3.0
7f949abe0000-7f949abe1000 r--p 00003000 08:0f 527948                     /lib/x86_64-linux-gnu/libuuid.so.1.3.0
7f949abe1000-7f949abe2000 rw-p 00004000 08:0f 527948                     /lib/x86_64-linux-gnu/libuuid.so.1.3.0
7f949abe2000-7f949abe8000 r-xp 00000000 08:0f 1318139                    /usr/lib/x86_64-linux-gnu/libdatrie.so.1.3.3
7f949abe8000-7f949ade8000 ---p 00006000 08:0f 1318139                    /usr/lib/x86_64-linux-gnu/libdatrie.so.1.3.3
7f949ade8000-7f949ade9000 r--p 00006000 08:0f 1318139                    /usr/lib/x86_64-linux-gnu/libdatrie.so.1.3.3
7f949ade9000-7f949adea000 rw-p 00007000 08:0f 1318139                    /usr/lib/x86_64-linux-gnu/libdatrie.so.1.3.3
7f949adea000-7f949adef000 r-xp 00000000 08:0f 1317884                    /usr/lib/x86_64-linux-gnu/libXdmcp.so.6.0.0
7f949adef000-7f949afee000 ---p 00005000 08:0f 1317884                    /usr/lib/x86_64-linux-gnu/libXdmcp.so.6.0.0
7f949afee000-7f949afef000 r--p 00004000 08:0f 1317884                    /usr/lib/x86_64-linux-gnu/libXdmcp.so.6.0.0
7f949afef000-7f949aff0000 rw-p 00005000 08:0f 1317884                    /usr/lib/x86_64-linux-gnu/libXdmcp.so.6.0.0
7f949aff0000-7f949aff2000 r-xp 00000000 08:0f 1317873                    /usr/lib/x86_64-linux-gnu/libXau.so.6.0.0
7f949aff2000-7f949b1f2000 ---p 00002000 08:0f 1317873                    /usr/lib/x86_64-linux-gnu/libXau.so.6.0.0
7f949b1f2000-7f949b1f3000 r--p 00002000 08:0f 1317873                    /usr/lib/x86_64-linux-gnu/libXau.so.6.0.0
7f949b1f3000-7f949b1f4000 rw-p 00003000 08:0f 1317873                    /usr/lib/x86_64-linux-gnu/libXau.so.6.0.0
7f949b1f4000-7f949b217000 r-xp 00000000 08:0f 1318451                    /usr/lib/x86_64-linux-gnu/libgraphite2.so.3.0.1
7f949b217000-7f949b416000 ---p 00023000 08:0f 1318451                    /usr/lib/x86_64-linux-gnu/libgraphite2.so.3.0.1
7f949b416000-7f949b418000 r--p 00022000 08:0f 1318451                    /usr/lib/x86_64-linux-gnu/libgraphite2.so.3.0.1
7f949b418000-7f949b419000 rw-p 00024000 08:0f 1318451                    /usr/lib/x86_64-linux-gnu/libgraphite2.so.3.0.1
7f949b419000-7f949b456000 r-xp 00000000 08:0f 527950                     /lib/x86_64-linux-gnu/libblkid.so.1.1.0
7f949b456000-7f949b655000 ---p 0003d000 08:0f 527950                     /lib/x86_64-linux-gnu/libblkid.so.1.1.0
7f949b655000-7f949b659000 r--p 0003c000 08:0f 527950                     /lib/x86_64-linux-gnu/libblkid.so.1.1.0
7f949b659000-7f949b65a000 rw-p 00040000 08:0f 527950                     /lib/x86_64-linux-gnu/libblkid.so.1.1.0
7f949b65a000-7f949b65b000 rw-p 00000000 00:00 0 
7f949b65b000-7f949b669000 r-xp 00000000 08:0f 1318190                    /usr/lib/x86_64-linux-gnu/libdrm.so.2.4.0
7f949b669000-7f949b868000 ---p 0000e000 08:0f 1318190                    /usr/lib/x86_64-linux-gnu/libdrm.so.2.4.0
7f949b868000-7f949b869000 r--p 0000d000 08:0f 1318190                    /usr/lib/x86_64-linux-gnu/libdrm.so.2.4.0
7f949b869000-7f949b86a000 rw-p 0000e000 08:0f 1318190                    /usr/lib/x86_64-linux-gnu/libdrm.so.2.4.0
7f949b86a000-7f949b86e000 r-xp 00000000 08:0f 1319373                    /usr/lib/x86_64-linux-gnu/libxcb-dri2.so.0.0.0
7f949b86e000-7f949ba6d000 ---p 00004000 08:0f 1319373                    /usr/lib/x86_64-linux-gnu/libxcb-dri2.so.0.0.0
7f949ba6d000-7f949ba6e000 r--p 00003000 08:0f 1319373                    /usr/lib/x86_64-linux-gnu/libxcb-dri2.so.0.0.0
7f949ba6e000-7f949ba6f000 rw-p 00004000 08:0f 1319373                    /usr/lib/x86_64-linux-gnu/libxcb-dri2.so.0.0.0
7f949ba6f000-7f949ba86000 r-xp 00000000 08:0f 1319377                    /usr/lib/x86_64-linux-gnu/libxcb-glx.so.0.0.0
7f949ba86000-7f949bc85000 ---p 00017000 08:0f 1319377                    /usr/lib/x86_64-linux-gnu/libxcb-glx.so.0.0.0
7f949bc85000-7f949bc87000 r--p 00016000 08:0f 1319377                    /usr/lib/x86_64-linux-gnu/libxcb-glx.so.0.0.0
7f949bc87000-7f949bc88000 rw-p 00018000 08:0f 1319377                    /usr/lib/x86_64-linux-gnu/libxcb-glx.so.0.0.0
7f949bc88000-7f949bc89000 r-xp 00000000 08:0f 1317867                    /usr/lib/x86_64-linux-gnu/libX11-xcb.so.1.0.0
7f949bc89000-7f949be88000 ---p 00001000 08:0f 1317867                    /usr/lib/x86_64-linux-gnu/libX11-xcb.so.1.0.0
7f949be88000-7f949be89000 r--p 00000000 08:0f 1317867                    /usr/lib/x86_64-linux-gnu/libX11-xcb.so.1.0.0
7f949be89000-7f949be8a000 rw-p 00001000 08:0f 1317867                    /usr/lib/x86_64-linux-gnu/libX11-xcb.so.1.0.0
7f949be8a000-7f949beb3000 r-xp 00000000 08:0f 1332500                    /usr/lib/x86_64-linux-gnu/libglapi.so.0.0.0
7f949beb3000-7f949c0b2000 ---p 00029000 08:0f 1332500                    /usr/lib/x86_64-linux-gnu/libglapi.so.0.0.0
7f949c0b2000-7f949c0b6000 r--p 00028000 08:0f 1332500                    /usr/lib/x86_64-linux-gnu/libglapi.so.0.0.0
7f949c0b6000-7f949c0b7000 rw-p 0002c000 08:0f 1332500                    /usr/lib/x86_64-linux-gnu/libglapi.so.0.0.0
7f949c0b7000-7f949c0b8000 rw-p 00000000 00:00 0 
7f949c0b8000-7f949c0b9000 r-xp 00000000 08:0f 1319419                    /usr/lib/x86_64-linux-gnu/libxshmfence.so.1.0.0
7f949c0b9000-7f949c2b9000 ---p 00001000 08:0f 1319419                    /usr/lib/x86_64-linux-gnu/libxshmfence.so.1.0.0
7f949c2b9000-7f949c2ba000 r--p 00001000 08:0f 1319419                    /usr/lib/x86_64-linux-gnu/libxshmfence.so.1.0.0
7f949c2ba000-7f949c2bb000 rw-p 00002000 08:0f 1319419                    /usr/lib/x86_64-linux-gnu/libxshmfence.so.1.0.0
7f949c2bb000-7f949c2c0000 r-xp 00000000 08:0f 1319397                    /usr/lib/x86_64-linux-gnu/libxcb-sync.so.1.0.0
7f949c2c0000-7f949c4c0000 ---p 00005000 08:0f 1319397                    /usr/lib/x86_64-linux-gnu/libxcb-sync.so.1.0.0
7f949c4c0000-7f949c4c1000 r--p 00005000 08:0f 1319397                    /usr/lib/x86_64-linux-gnu/libxcb-sync.so.1.0.0
7f949c4c1000-7f949c4c2000 rw-p 00006000 08:0f 1319397                    /usr/lib/x86_64-linux-gnu/libxcb-sync.so.1.0.0
7f949c4c2000-7f949c4c4000 r-xp 00000000 08:0f 1319385                    /usr/lib/x86_64-linux-gnu/libxcb-present.so.0.0.0
7f949c4c4000-7f949c6c3000 ---p 00002000 08:0f 1319385                    /usr/lib/x86_64-linux-gnu/libxcb-present.so.0.0.0
7f949c6c3000-7f949c6c4000 r--p 00001000 08:0f 1319385                    /usr/lib/x86_64-linux-gnu/libxcb-present.so.0.0.0
7f949c6c4000-7f949c6c5000 rw-p 00002000 08:0f 1319385                    /usr/lib/x86_64-linux-gnu/libxcb-present.so.0.0.0
7f949c6c5000-7f949c6c7000 r-xp 00000000 08:0f 1319375                    /usr/lib/x86_64-linux-gnu/libxcb-dri3.so.0.0.0
7f949c6c7000-7f949c8c6000 ---p 00002000 08:0f 1319375                    /usr/lib/x86_64-linux-gnu/libxcb-dri3.so.0.0.0
7f949c8c6000-7f949c8c7000 r--p 00001000 08:0f 1319375                    /usr/lib/x86_64-linux-gnu/libxcb-dri3.so.0.0.0
7f949c8c7000-7f949c8c8000 rw-p 00002000 08:0f 1319375                    /usr/lib/x86_64-linux-gnu/libxcb-dri3.so.0.0.0
7f949c8c8000-7f949c93a000 r-xp 00000000 08:0f 528176                     /lib/x86_64-linux-gnu/libpcre.so.3.13.3
7f949c93a000-7f949cb39000 ---p 00072000 08:0f 528176                     /lib/x86_64-linux-gnu/libpcre.so.3.13.3
7f949cb39000-7f949cb3a000 r--p 00071000 08:0f 528176                     /lib/x86_64-linux-gnu/libpcre.so.3.13.3
7f949cb3a000-7f949cb3b000 rw-p 00072000 08:0f 528176                     /lib/x86_64-linux-gnu/libpcre.so.3.13.3
7f949cb3b000-7f949cb42000 r-xp 00000000 08:0f 1318270                    /usr/lib/x86_64-linux-gnu/libffi.so.6.0.4
7f949cb42000-7f949cd41000 ---p 00007000 08:0f 1318270                    /usr/lib/x86_64-linux-gnu/libffi.so.6.0.4
7f949cd41000-7f949cd42000 r--p 00006000 08:0f 1318270                    /usr/lib/x86_64-linux-gnu/libffi.so.6.0.4
7f949cd42000-7f949cd43000 rw-p 00007000 08:0f 1318270                    /usr/lib/x86_64-linux-gnu/libffi.so.6.0.4
7f949cd43000-7f949cd6a000 r-xp 00000000 08:0f 528081                     /lib/x86_64-linux-gnu/libexpat.so.1.6.2
7f949cd6a000-7f949cf6a000 ---p 00027000 08:0f 528081                     /lib/x86_64-linux-gnu/libexpat.so.1.6.2
7f949cf6a000-7f949cf6c000 r--p 00027000 08:0f 528081                     /lib/x86_64-linux-gnu/libexpat.so.1.6.2
7f949cf6c000-7f949cf6d000 rw-p 00029000 08:0f 528081                     /lib/x86_64-linux-gnu/libexpat.so.1.6.2
7f949cf6d000-7f949cf75000 r-xp 00000000 08:0f 1319129                    /usr/lib/x86_64-linux-gnu/libthai.so.0.3.0
7f949cf75000-7f949d174000 ---p 00008000 08:0f 1319129                    /usr/lib/x86_64-linux-gnu/libthai.so.0.3.0
7f949d174000-7f949d175000 r--p 00007000 08:0f 1319129                    /usr/lib/x86_64-linux-gnu/libthai.so.0.3.0
7f949d175000-7f949d176000 rw-p 00008000 08:0f 1319129                    /usr/lib/x86_64-linux-gnu/libthai.so.0.3.0
7f949d176000-7f949d197000 r-xp 00000000 08:0f 1319407                    /usr/lib/x86_64-linux-gnu/libxcb.so.1.1.0
7f949d197000-7f949d396000 ---p 00021000 08:0f 1319407                    /usr/lib/x86_64-linux-gnu/libxcb.so.1.1.0
7f949d396000-7f949d397000 r--p 00020000 08:0f 1319407                    /usr/lib/x86_64-linux-gnu/libxcb.so.1.1.0
7f949d397000-7f949d398000 rw-p 00021000 08:0f 1319407                    /usr/lib/x86_64-linux-gnu/libxcb.so.1.1.0
7f949d398000-7f949d3a0000 r-xp 00000000 08:0f 1319391                    /usr/lib/x86_64-linux-gnu/libxcb-render.so.0.0.0
7f949d3a0000-7f949d5a0000 ---p 00008000 08:0f 1319391                    /usr/lib/x86_64-linux-gnu/libxcb-render.so.0.0.0
7f949d5a0000-7f949d5a1000 r--p 00008000 08:0f 1319391                    /usr/lib/x86_64-linux-gnu/libxcb-render.so.0.0.0
7f949d5a1000-7f949d5a2000 rw-p 00009000 08:0f 1319391                    /usr/lib/x86_64-linux-gnu/libxcb-render.so.0.0.0
7f949d5a2000-7f949d5a4000 r-xp 00000000 08:0f 1319395                    /usr/lib/x86_64-linux-gnu/libxcb-shm.so.0.0.0
7f949d5a4000-7f949d7a4000 ---p 00002000 08:0f 1319395                    /usr/lib/x86_64-linux-gnu/libxcb-shm.so.0.0.0
7f949d7a4000-7f949d7a5000 r--p 00002000 08:0f 1319395                    /usr/lib/x86_64-linux-gnu/libxcb-shm.so.0.0.0
7f949d7a5000-7f949d7a6000 rw-p 00003000 08:0f 1319395                    /usr/lib/x86_64-linux-gnu/libxcb-shm.so.0.0.0
7f949d7a6000-7f949d7d7000 r-xp 00000000 08:0f 1318920                    /usr/lib/x86_64-linux-gnu/libpng16.so.16.25.0
7f949d7d7000-7f949d9d6000 ---p 00031000 08:0f 1318920                    /usr/lib/x86_64-linux-gnu/libpng16.so.16.25.0
7f949d9d6000-7f949d9d7000 r--p 00030000 08:0f 1318920                    /usr/lib/x86_64-linux-gnu/libpng16.so.16.25.0
7f949d9d7000-7f949d9d8000 rw-p 00031000 08:0f 1318920                    /usr/lib/x86_64-linux-gnu/libpng16.so.16.25.0
7f949d9d8000-7f949da77000 r-xp 00000000 08:0f 1318912                    /usr/lib/x86_64-linux-gnu/libpixman-1.so.0.33.6
7f949da77000-7f949dc77000 ---p 0009f000 08:0f 1318912                    /usr/lib/x86_64-linux-gnu/libpixman-1.so.0.33.6
7f949dc77000-7f949dc7f000 r--p 0009f000 08:0f 1318912                    /usr/lib/x86_64-linux-gnu/libpixman-1.so.0.33.6
7f949dc7f000-7f949dc80000 rw-p 000a7000 08:0f 1318912                    /usr/lib/x86_64-linux-gnu/libpixman-1.so.0.33.6
7f949dc80000-7f949dcfe000 r-xp 00000000 08:0f 1318541                    /usr/lib/x86_64-linux-gnu/libharfbuzz.so.0.10200.7
7f949dcfe000-7f949defe000 ---p 0007e000 08:0f 1318541                    /usr/lib/x86_64-linux-gnu/libharfbuzz.so.0.10200.7
7f949defe000-7f949deff000 r--p 0007e000 08:0f 1318541                    /usr/lib/x86_64-linux-gnu/libharfbuzz.so.0.10200.7
7f949deff000-7f949df00000 rw-p 0007f000 08:0f 1318541                    /usr/lib/x86_64-linux-gnu/libharfbuzz.so.0.10200.7
7f949df00000-7f949df46000 r-xp 00000000 08:0f 527943                     /lib/x86_64-linux-gnu/libmount.so.1.1.0
7f949df46000-7f949e145000 ---p 00046000 08:0f 527943                     /lib/x86_64-linux-gnu/libmount.so.1.1.0
7f949e145000-7f949e146000 r--p 00045000 08:0f 527943                     /lib/x86_64-linux-gnu/libmount.so.1.1.0
7f949e146000-7f949e147000 rw-p 00046000 08:0f 527943                     /lib/x86_64-linux-gnu/libmount.so.1.1.0
7f949e147000-7f949e148000 rw-p 00000000 00:00 0 
7f949e148000-7f949e15f000 r-xp 00000000 08:0f 528272                     /lib/x86_64-linux-gnu/libresolv-2.24.so
7f949e15f000-7f949e35f000 ---p 00017000 08:0f 528272                     /lib/x86_64-linux-gnu/libresolv-2.24.so
7f949e35f000-7f949e360000 r--p 00017000 08:0f 528272                     /lib/x86_64-linux-gnu/libresolv-2.24.so
7f949e360000-7f949e361000 rw-p 00018000 08:0f 528272                     /lib/x86_64-linux-gnu/libresolv-2.24.so
7f949e361000-7f949e363000 rw-p 00000000 00:00 0 
7f949e363000-7f949e386000 r-xp 00000000 08:0f 528203                     /lib/x86_64-linux-gnu/libselinux.so.1
7f949e386000-7f949e585000 ---p 00023000 08:0f 528203                     /lib/x86_64-linux-gnu/libselinux.so.1
7f949e585000-7f949e586000 r--p 00022000 08:0f 528203                     /lib/x86_64-linux-gnu/libselinux.so.1
7f949e586000-7f949e587000 rw-p 00023000 08:0f 528203                     /lib/x86_64-linux-gnu/libselinux.so.1
7f949e587000-7f949e589000 rw-p 00000000 00:00 0 
7f949e589000-7f949e5a2000 r-xp 00000000 08:0f 528232                     /lib/x86_64-linux-gnu/libz.so.1.2.8
7f949e5a2000-7f949e7a1000 ---p 00019000 08:0f 528232                     /lib/x86_64-linux-gnu/libz.so.1.2.8
7f949e7a1000-7f949e7a2000 r--p 00018000 08:0f 528232                     /lib/x86_64-linux-gnu/libz.so.1.2.8
7f949e7a2000-7f949e7a3000 rw-p 00019000 08:0f 528232                     /lib/x86_64-linux-gnu/libz.so.1.2.8
7f949e7a3000-7f949e7b4000 r-xp 00000000 08:0f 1317886                    /usr/lib/x86_64-linux-gnu/libXext.so.6.4.0
7f949e7b4000-7f949e9b3000 ---p 00011000 08:0f 1317886                    /usr/lib/x86_64-linux-gnu/libXext.so.6.4.0
7f949e9b3000-7f949e9b4000 r--p 00010000 08:0f 1317886                    /usr/lib/x86_64-linux-gnu/libXext.so.6.4.0
7f949e9b4000-7f949e9b5000 rw-p 00011000 08:0f 1317886                    /usr/lib/x86_64-linux-gnu/libXext.so.6.4.0
7f949e9b5000-7f949e9b7000 r-xp 00000000 08:0f 1317882                    /usr/lib/x86_64-linux-gnu/libXdamage.so.1.1.0
7f949e9b7000-7f949ebb6000 ---p 00002000 08:0f 1317882                    /usr/lib/x86_64-linux-gnu/libXdamage.so.1.1.0
7f949ebb6000-7f949ebb7000 r--p 00001000 08:0f 1317882                    /usr/lib/x86_64-linux-gnu/libXdamage.so.1.1.0
7f949ebb7000-7f949ebb8000 rw-p 00002000 08:0f 1317882                    /usr/lib/x86_64-linux-gnu/libXdamage.so.1.1.0
7f949ebb8000-7f949ebba000 r-xp 00000000 08:0f 1317878                    /usr/lib/x86_64-linux-gnu/libXcomposite.so.1.0.0
7f949ebba000-7f949edb9000 ---p 00002000 08:0f 1317878                    /usr/lib/x86_64-linux-gnu/libXcomposite.so.1.0.0
7f949edb9000-7f949edba000 r--p 00001000 08:0f 1317878                    /usr/lib/x86_64-linux-gnu/libXcomposite.so.1.0.0
7f949edba000-7f949edbb000 rw-p 00002000 08:0f 1317878                    /usr/lib/x86_64-linux-gnu/libXcomposite.so.1.0.0
7f949edbb000-7f949edc4000 r-xp 00000000 08:0f 1317880                    /usr/lib/x86_64-linux-gnu/libXcursor.so.1.0.2
7f949edc4000-7f949efc3000 ---p 00009000 08:0f 1317880                    /usr/lib/x86_64-linux-gnu/libXcursor.so.1.0.2
7f949efc3000-7f949efc4000 r--p 00008000 08:0f 1317880                    /usr/lib/x86_64-linux-gnu/libXcursor.so.1.0.2
7f949efc4000-7f949efc5000 rw-p 00009000 08:0f 1317880                    /usr/lib/x86_64-linux-gnu/libXcursor.so.1.0.2
7f949efc5000-7f949efcf000 r-xp 00000000 08:0f 1317904                    /usr/lib/x86_64-linux-gnu/libXrandr.so.2.2.0
7f949efcf000-7f949f1ce000 ---p 0000a000 08:0f 1317904                    /usr/lib/x86_64-linux-gnu/libXrandr.so.2.2.0
7f949f1ce000-7f949f1cf000 r--p 00009000 08:0f 1317904                    /usr/lib/x86_64-linux-gnu/libXrandr.so.2.2.0
7f949f1cf000-7f949f1d0000 rw-p 0000a000 08:0f 1317904                    /usr/lib/x86_64-linux-gnu/libXrandr.so.2.2.0
7f949f1d0000-7f949f1df000 r-xp 00000000 08:0f 1317894                    /usr/lib/x86_64-linux-gnu/libXi.so.6.1.0
7f949f1df000-7f949f3de000 ---p 0000f000 08:0f 1317894                    /usr/lib/x86_64-linux-gnu/libXi.so.6.1.0
7f949f3de000-7f949f3df000 r--p 0000e000 08:0f 1317894                    /usr/lib/x86_64-linux-gnu/libXi.so.6.1.0
7f949f3df000-7f949f3e0000 rw-p 0000f000 08:0f 1317894                    /usr/lib/x86_64-linux-gnu/libXi.so.6.1.0
7f949f3e0000-7f949f3e2000 r-xp 00000000 08:0f 1317896                    /usr/lib/x86_64-linux-gnu/libXinerama.so.1.0.0
7f949f3e2000-7f949f5e1000 ---p 00002000 08:0f 1317896                    /usr/lib/x86_64-linux-gnu/libXinerama.so.1.0.0
7f949f5e1000-7f949f5e2000 r--p 00001000 08:0f 1317896                    /usr/lib/x86_64-linux-gnu/libXinerama.so.1.0.0
7f949f5e2000-7f949f5e3000 rw-p 00002000 08:0f 1317896                    /usr/lib/x86_64-linux-gnu/libXinerama.so.1.0.0
7f949f5e3000-7f949f5ec000 r-xp 00000000 08:0f 1317906                    /usr/lib/x86_64-linux-gnu/libXrender.so.1.3.0
7f949f5ec000-7f949f7eb000 ---p 00009000 08:0f 1317906                    /usr/lib/x86_64-linux-gnu/libXrender.so.1.3.0
7f949f7eb000-7f949f7ec000 r--p 00008000 08:0f 1317906                    /usr/lib/x86_64-linux-gnu/libXrender.so.1.3.0
7f949f7ec000-7f949f7ed000 rw-p 00009000 08:0f 1317906                    /usr/lib/x86_64-linux-gnu/libXrender.so.1.3.0
7f949f7ed000-7f949f803000 r-xp 00000000 08:0f 528088                     /lib/x86_64-linux-gnu/libgcc_s.so.1
7f949f803000-7f949fa02000 ---p 00016000 08:0f 528088                     /lib/x86_64-linux-gnu/libgcc_s.so.1
7f949fa02000-7f949fa03000 r--p 00015000 08:0f 528088                     /lib/x86_64-linux-gnu/libgcc_s.so.1
7f949fa03000-7f949fa04000 rw-p 00016000 08:0f 528088                     /lib/x86_64-linux-gnu/libgcc_s.so.1
7f949fa04000-7f949fb7c000 r-xp 00000000 08:0f 1319101                    /usr/lib/x86_64-linux-gnu/libstdc++.so.6.0.22
7f949fb7c000-7f949fd7c000 ---p 00178000 08:0f 1319101                    /usr/lib/x86_64-linux-gnu/libstdc++.so.6.0.22
7f949fd7c000-7f949fd86000 r--p 00178000 08:0f 1319101                    /usr/lib/x86_64-linux-gnu/libstdc++.so.6.0.22
7f949fd86000-7f949fd88000 rw-p 00182000 08:0f 1319101                    /usr/lib/x86_64-linux-gnu/libstdc++.so.6.0.22
7f949fd88000-7f949fd8c000 rw-p 00000000 00:00 0 
7f949fd8c000-7f949fdfc000 r-xp 00000000 08:0f 1571965                    /usr/lib/x86_64-linux-gnu/mesa/libGL.so.1.2.0
7f949fdfc000-7f949fffb000 ---p 00070000 08:0f 1571965                    /usr/lib/x86_64-linux-gnu/mesa/libGL.so.1.2.0
7f949fffb000-7f949fffe000 r--p 0006f000 08:0f 1571965                    /usr/lib/x86_64-linux-gnu/mesa/libGL.so.1.2.0
7f949fffe000-7f949ffff000 rw-p 00072000 08:0f 1571965                    /usr/lib/x86_64-linux-gnu/mesa/libGL.so.1.2.0
7f949ffff000-7f94a0000000 rw-p 00000000 00:00 0 
7f94a0000000-7f94a0021000 rw-p 00000000 00:00 0 
7f94a0021000-7f94a4000000 ---p 00000000 00:00 0 
7f94a4000000-7f94a5edd000 rw-p 00000000 00:00 0 
7f94a5edd000-7f94a8000000 ---p 00000000 00:00 0 
7f94a8000000-7f94a8651000 rw-p 00000000 00:00 0 
7f94a8651000-7f94ac000000 ---p 00000000 00:00 0 
7f94ac000000-7f94ac021000 rw-p 00000000 00:00 0 
7f94ac021000-7f94b0000000 ---p 00000000 00:00 0 
7f94b0000000-7f94b06db000 rw-p 00000000 00:00 0 
7f94b06db000-7f94b4000000 ---p 00000000 00:00 0 
7f94b4000000-7f94b46ed000 rw-p 00000000 00:00 0 
7f94b46ed000-7f94b8000000 ---p 00000000 00:00 0 
7f94b8000000-7f94b8021000 rw-p 00000000 00:00 0 
7f94b8021000-7f94bc000000 ---p 00000000 00:00 0 
7f94bc000000-7f94bc4f5000 rw-p 00000000 00:00 0 
7f94bc4f5000-7f94c0000000 ---p 00000000 00:00 0 
7f94c0000000-7f94c0021000 rw-p 00000000 00:00 0 
7f94c0021000-7f94c4000000 ---p 00000000 00:00 0 
7f94c4001000-7f94c4005000 r--s 00097000 08:0f 1587686                    /usr/lib/jvm/oracle_jdk8/jre/lib/jsse.jar
7f94c4005000-7f94c400b000 r--s 002f8000 08:0f 1587656                    /usr/lib/jvm/oracle_jdk8/jre/lib/charsets.jar
7f94c400b000-7f94c4010000 r-xp 00000000 08:0f 1317888                    /usr/lib/x86_64-linux-gnu/libXfixes.so.3.1.0
7f94c4010000-7f94c420f000 ---p 00005000 08:0f 1317888                    /usr/lib/x86_64-linux-gnu/libXfixes.so.3.1.0
7f94c420f000-7f94c4210000 r--p 00004000 08:0f 1317888                    /usr/lib/x86_64-linux-gnu/libXfixes.so.3.1.0
7f94c4210000-7f94c4211000 rw-p 00005000 08:0f 1317888                    /usr/lib/x86_64-linux-gnu/libXfixes.so.3.1.0
7f94c4211000-7f94c4216000 r-xp 00000000 08:0f 1317922                    /usr/lib/x86_64-linux-gnu/libXxf86vm.so.1.0.0
7f94c4216000-7f94c4415000 ---p 00005000 08:0f 1317922                    /usr/lib/x86_64-linux-gnu/libXxf86vm.so.1.0.0
7f94c4415000-7f94c4416000 r--p 00004000 08:0f 1317922                    /usr/lib/x86_64-linux-gnu/libXxf86vm.so.1.0.0
7f94c4416000-7f94c4417000 rw-p 00005000 08:0f 1317922                    /usr/lib/x86_64-linux-gnu/libXxf86vm.so.1.0.0
7f94c4417000-7f94c454c000 r-xp 00000000 08:0f 1317869                    /usr/lib/x86_64-linux-gnu/libX11.so.6.3.0
7f94c454c000-7f94c474b000 ---p 00135000 08:0f 1317869                    /usr/lib/x86_64-linux-gnu/libX11.so.6.3.0
7f94c474b000-7f94c474c000 r--p 00134000 08:0f 1317869                    /usr/lib/x86_64-linux-gnu/libX11.so.6.3.0
7f94c474c000-7f94c4750000 rw-p 00135000 08:0f 1317869                    /usr/lib/x86_64-linux-gnu/libX11.so.6.3.0
7f94c4750000-7f94c4755000 r-xp 00000000 08:0f 1317912                    /usr/lib/x86_64-linux-gnu/libXtst.so.6.1.0
7f94c4755000-7f94c4954000 ---p 00005000 08:0f 1317912                    /usr/lib/x86_64-linux-gnu/libXtst.so.6.1.0
7f94c4954000-7f94c4955000 r--p 00004000 08:0f 1317912                    /usr/lib/x86_64-linux-gnu/libXtst.so.6.1.0
7f94c4955000-7f94c4956000 rw-p 00005000 08:0f 1317912                    /usr/lib/x86_64-linux-gnu/libXtst.so.6.1.0
7f94c4956000-7f94c4a68000 r-xp 00000000 08:0f 527958                     /lib/x86_64-linux-gnu/libglib-2.0.so.0.5000.2
7f94c4a68000-7f94c4c67000 ---p 00112000 08:0f 527958                     /lib/x86_64-linux-gnu/libglib-2.0.so.0.5000.2
7f94c4c67000-7f94c4c68000 r--p 00111000 08:0f 527958                     /lib/x86_64-linux-gnu/libglib-2.0.so.0.5000.2
7f94c4c68000-7f94c4c69000 rw-p 00112000 08:0f 527958                     /lib/x86_64-linux-gnu/libglib-2.0.so.0.5000.2
7f94c4c69000-7f94c4c6a000 rw-p 00000000 00:00 0 
7f94c4c6a000-7f94c4c6b000 r-xp 00000000 08:0f 1308620                    /usr/lib/x86_64-linux-gnu/libgthread-2.0.so.0.5000.2
7f94c4c6b000-7f94c4e6a000 ---p 00001000 08:0f 1308620                    /usr/lib/x86_64-linux-gnu/libgthread-2.0.so.0.5000.2
7f94c4e6a000-7f94c4e6b000 r--p 00000000 08:0f 1308620                    /usr/lib/x86_64-linux-gnu/libgthread-2.0.so.0.5000.2
7f94c4e6b000-7f94c4e6c000 rw-p 00001000 08:0f 1308620                    /usr/lib/x86_64-linux-gnu/libgthread-2.0.so.0.5000.2
7f94c4e6c000-7f94c4e6f000 r-xp 00000000 08:0f 1308595                    /usr/lib/x86_64-linux-gnu/libgmodule-2.0.so.0.5000.2
7f94c4e6f000-7f94c506e000 ---p 00003000 08:0f 1308595                    /usr/lib/x86_64-linux-gnu/libgmodule-2.0.so.0.5000.2
7f94c506e000-7f94c506f000 r--p 00002000 08:0f 1308595                    /usr/lib/x86_64-linux-gnu/libgmodule-2.0.so.0.5000.2
7f94c506f000-7f94c5070000 rw-p 00003000 08:0f 1308595                    /usr/lib/x86_64-linux-gnu/libgmodule-2.0.so.0.5000.2
7f94c5070000-7f94c50c2000 r-xp 00000000 08:0f 1308617                    /usr/lib/x86_64-linux-gnu/libgobject-2.0.so.0.5000.2
7f94c50c2000-7f94c52c1000 ---p 00052000 08:0f 1308617                    /usr/lib/x86_64-linux-gnu/libgobject-2.0.so.0.5000.2
7f94c52c1000-7f94c52c2000 r--p 00051000 08:0f 1308617                    /usr/lib/x86_64-linux-gnu/libgobject-2.0.so.0.5000.2
7f94c52c2000-7f94c52c3000 rw-p 00052000 08:0f 1308617                    /usr/lib/x86_64-linux-gnu/libgobject-2.0.so.0.5000.2
7f94c52c3000-7f94c5300000 r-xp 00000000 08:0f 1318288                    /usr/lib/x86_64-linux-gnu/libfontconfig.so.1.9.0
7f94c5300000-7f94c54ff000 ---p 0003d000 08:0f 1318288                    /usr/lib/x86_64-linux-gnu/libfontconfig.so.1.9.0
7f94c54ff000-7f94c5501000 r--p 0003c000 08:0f 1318288                    /usr/lib/x86_64-linux-gnu/libfontconfig.so.1.9.0
7f94c5501000-7f94c5506000 rw-p 0003e000 08:0f 1318288                    /usr/lib/x86_64-linux-gnu/libfontconfig.so.1.9.0
7f94c5506000-7f94c55ad000 r-xp 00000000 08:0f 1309727                    /usr/lib/x86_64-linux-gnu/libfreetype.so.6.12.3
7f94c55ad000-7f94c57ac000 ---p 000a7000 08:0f 1309727                    /usr/lib/x86_64-linux-gnu/libfreetype.so.6.12.3
7f94c57ac000-7f94c57b2000 r--p 000a6000 08:0f 1309727                    /usr/lib/x86_64-linux-gnu/libfreetype.so.6.12.3
7f94c57b2000-7f94c57b3000 rw-p 000ac000 08:0f 1309727                    /usr/lib/x86_64-linux-gnu/libfreetype.so.6.12.3
7f94c57b3000-7f94c57fc000 r-xp 00000000 08:0f 1318880                    /usr/lib/x86_64-linux-gnu/libpango-1.0.so.0.4000.1
7f94c57fc000-7f94c59fc000 ---p 00049000 08:0f 1318880                    /usr/lib/x86_64-linux-gnu/libpango-1.0.so.0.4000.1
7f94c59fc000-7f94c59fe000 r--p 00049000 08:0f 1318880                    /usr/lib/x86_64-linux-gnu/libpango-1.0.so.0.4000.1
7f94c59fe000-7f94c59ff000 rw-p 0004b000 08:0f 1318880                    /usr/lib/x86_64-linux-gnu/libpango-1.0.so.0.4000.1
7f94c59ff000-7f94c5b0d000 r-xp 00000000 08:0f 1318039                    /usr/lib/x86_64-linux-gnu/libcairo.so.2.11400.6
7f94c5b0d000-7f94c5d0c000 ---p 0010e000 08:0f 1318039                    /usr/lib/x86_64-linux-gnu/libcairo.so.2.11400.6
7f94c5d0c000-7f94c5d0f000 r--p 0010d000 08:0f 1318039                    /usr/lib/x86_64-linux-gnu/libcairo.so.2.11400.6
7f94c5d0f000-7f94c5d10000 rw-p 00110000 08:0f 1318039                    /usr/lib/x86_64-linux-gnu/libcairo.so.2.11400.6
7f94c5d10000-7f94c5d12000 rw-p 00000000 00:00 0 
7f94c5d12000-7f94c5d1e000 r-xp 00000000 08:0f 1318882                    /usr/lib/x86_64-linux-gnu/libpangocairo-1.0.so.0.4000.1
7f94c5d1e000-7f94c5f1d000 ---p 0000c000 08:0f 1318882                    /usr/lib/x86_64-linux-gnu/libpangocairo-1.0.so.0.4000.1
7f94c5f1d000-7f94c5f1e000 r--p 0000b000 08:0f 1318882                    /usr/lib/x86_64-linux-gnu/libpangocairo-1.0.so.0.4000.1
7f94c5f1e000-7f94c5f1f000 rw-p 0000c000 08:0f 1318882                    /usr/lib/x86_64-linux-gnu/libpangocairo-1.0.so.0.4000.1
7f94c5f1f000-7f94c5f40000 r-xp 00000000 08:0f 1318363                    /usr/lib/x86_64-linux-gnu/libgdk_pixbuf-2.0.so.0.3400.0
7f94c5f40000-7f94c613f000 ---p 00021000 08:0f 1318363                    /usr/lib/x86_64-linux-gnu/libgdk_pixbuf-2.0.so.0.3400.0
7f94c613f000-7f94c6140000 r--p 00020000 08:0f 1318363                    /usr/lib/x86_64-linux-gnu/libgdk_pixbuf-2.0.so.0.3400.0
7f94c6140000-7f94c6141000 rw-p 00021000 08:0f 1318363                    /usr/lib/x86_64-linux-gnu/libgdk_pixbuf-2.0.so.0.3400.0
7f94c6141000-7f94c6155000 r-xp 00000000 08:0f 1318884                    /usr/lib/x86_64-linux-gnu/libpangoft2-1.0.so.0.4000.1
7f94c6155000-7f94c6355000 ---p 00014000 08:0f 1318884                    /usr/lib/x86_64-linux-gnu/libpangoft2-1.0.so.0.4000.1
7f94c6355000-7f94c6356000 r--p 00014000 08:0f 1318884                    /usr/lib/x86_64-linux-gnu/libpangoft2-1.0.so.0.4000.1
7f94c6356000-7f94c6357000 rw-p 00015000 08:0f 1318884                    /usr/lib/x86_64-linux-gnu/libpangoft2-1.0.so.0.4000.1
7f94c6357000-7f94c64e4000 r-xp 00000000 08:0f 1308571                    /usr/lib/x86_64-linux-gnu/libgio-2.0.so.0.5000.2
7f94c64e4000-7f94c66e3000 ---p 0018d000 08:0f 1308571                    /usr/lib/x86_64-linux-gnu/libgio-2.0.so.0.5000.2
7f94c66e3000-7f94c66e8000 r--p 0018c000 08:0f 1308571                    /usr/lib/x86_64-linux-gnu/libgio-2.0.so.0.5000.2
7f94c66e8000-7f94c66eb000 rw-p 00191000 08:0f 1308571                    /usr/lib/x86_64-linux-gnu/libgio-2.0.so.0.5000.2
7f94c66eb000-7f94c66ec000 rw-p 00000000 00:00 0 
7f94c66ec000-7f94c670e000 r-xp 00000000 08:0f 1317973                    /usr/lib/x86_64-linux-gnu/libatk-1.0.so.0.22009.1
7f94c670e000-7f94c690d000 ---p 00022000 08:0f 1317973                    /usr/lib/x86_64-linux-gnu/libatk-1.0.so.0.22009.1
7f94c690d000-7f94c6910000 r--p 00021000 08:0f 1317973                    /usr/lib/x86_64-linux-gnu/libatk-1.0.so.0.22009.1
7f94c6910000-7f94c6911000 rw-p 00024000 08:0f 1317973                    /usr/lib/x86_64-linux-gnu/libatk-1.0.so.0.22009.1
7f94c6911000-7f94c69c1000 r-xp 00000000 08:0f 1314085                    /usr/lib/x86_64-linux-gnu/libgdk-x11-2.0.so.0.2400.30
7f94c69c1000-7f94c6bc0000 ---p 000b0000 08:0f 1314085                    /usr/lib/x86_64-linux-gnu/libgdk-x11-2.0.so.0.2400.30
7f94c6bc0000-7f94c6bc4000 r--p 000af000 08:0f 1314085                    /usr/lib/x86_64-linux-gnu/libgdk-x11-2.0.so.0.2400.30
7f94c6bc4000-7f94c6bc6000 rw-p 000b3000 08:0f 1314085                    /usr/lib/x86_64-linux-gnu/libgdk-x11-2.0.so.0.2400.30
7f94c6bc6000-7f94c7004000 r-xp 00000000 08:0f 1314087                    /usr/lib/x86_64-linux-gnu/libgtk-x11-2.0.so.0.2400.30
7f94c7004000-7f94c7204000 ---p 0043e000 08:0f 1314087                    /usr/lib/x86_64-linux-gnu/libgtk-x11-2.0.so.0.2400.30
7f94c7204000-7f94c720b000 r--p 0043e000 08:0f 1314087                    /usr/lib/x86_64-linux-gnu/libgtk-x11-2.0.so.0.2400.30
7f94c720b000-7f94c720f000 rw-p 00445000 08:0f 1314087                    /usr/lib/x86_64-linux-gnu/libgtk-x11-2.0.so.0.2400.30
7f94c720f000-7f94c7212000 rw-p 00000000 00:00 0 
7f94c7212000-7f94c721e000 r-xp 00000000 08:0f 1587742                    /usr/lib/jvm/oracle_jdk8/jre/lib/amd64/libprism_es2.so
7f94c721e000-7f94c741d000 ---p 0000c000 08:0f 1587742                    /usr/lib/jvm/oracle_jdk8/jre/lib/amd64/libprism_es2.so
7f94c741d000-7f94c741e000 rw-p 0000b000 08:0f 1587742                    /usr/lib/jvm/oracle_jdk8/jre/lib/amd64/libprism_es2.so
7f94c741e000-7f94c7421000 ---p 00000000 00:00 0 
7f94c7421000-7f94c751f000 rw-p 00000000 00:00 0 
7f94c751f000-7f94c7520000 ---p 00000000 00:00 0 
7f94c7520000-7f94c7620000 rw-p 00000000 00:00 0 
7f94c7620000-7f94c7623000 ---p 00000000 00:00 0 
7f94c7623000-7f94c7721000 rw-p 00000000 00:00 0 
7f94c7721000-7f94c7724000 ---p 00000000 00:00 0 
7f94c7724000-7f94c7822000 rw-p 00000000 00:00 0 
7f94c7822000-7f94c7825000 ---p 00000000 00:00 0 
7f94c7825000-7f94c7923000 rw-p 00000000 00:00 0 
7f94c7923000-7f94c7926000 ---p 00000000 00:00 0 
7f94c7926000-7f94c7a24000 rw-p 00000000 00:00 0 
7f94c7a24000-7f94c7a27000 ---p 00000000 00:00 0 
7f94c7a27000-7f94c7b25000 rw-p 00000000 00:00 0 
7f94c7b25000-7f94c7b28000 ---p 00000000 00:00 0 
7f94c7b28000-7f94c7c26000 rw-p 00000000 00:00 0 
7f94c7c26000-7f94c7eff000 r--p 00000000 08:0f 1317515                    /usr/lib/locale/locale-archive
7f94c7eff000-7f94c7f02000 ---p 00000000 00:00 0 
7f94c7f02000-7f94c8000000 rw-p 00000000 00:00 0 
7f94c8000000-7f94c8021000 rw-p 00000000 00:00 0 
7f94c8021000-7f94cc000000 ---p 00000000 00:00 0 
7f94cc000000-7f94cc021000 rw-p 00000000 00:00 0 
7f94cc021000-7f94d0000000 ---p 00000000 00:00 0 
7f94d0000000-7f94d0021000 rw-p 00000000 00:00 0 
7f94d0021000-7f94d4000000 ---p 00000000 00:00 0 
7f94d4000000-7f94d4021000 rw-p 00000000 00:00 0 
7f94d4021000-7f94d8000000 ---p 00000000 00:00 0 
7f94d8000000-7f94d8021000 rw-p 00000000 00:00 0 
7f94d8021000-7f94dc000000 ---p 00000000 00:00 0 
7f94dc000000-7f94dc001000 rw-s 00000000 00:05 1828424                    /drm mm object (deleted)
7f94dc001000-7f94dc002000 rw-s 00000000 00:05 1828423                    /drm mm object (deleted)
7f94dc002000-7f94dc00d000 r--s 00000000 08:0f 134039                     /var/cache/fontconfig/945677eb7aeaf62f1d50efc3fb3ec7d8-le64.cache-6
7f94dc00d000-7f94dc013000 r--s 00000000 08:0f 134020                     /var/cache/fontconfig/2cd17615ca594fa2959ae173292e504c-le64.cache-6
7f94dc013000-7f94dc014000 r--s 00000000 08:0f 134017                     /var/cache/fontconfig/0d8c3b2ac0904cb8a57a757ad11a4a08-le64.cache-6
7f94dc014000-7f94dc018000 r--s 00000000 08:0f 132419                     /var/cache/fontconfig/de156ccd2eddbdc19d37a45b8b2aac9c-le64.cache-6
7f94dc018000-7f94dc02d000 r--s 00000000 08:0f 134013                     /var/cache/fontconfig/04aabc0a78ac019cf9454389977116d2-le64.cache-6
7f94dc02d000-7f94dc02e000 r--s 00000000 08:0f 134019                     /var/cache/fontconfig/1ac9eb803944fde146138c791f5cc56a-le64.cache-6
7f94dc02e000-7f94dc032000 r--s 00000000 08:0f 134024                     /var/cache/fontconfig/385c0604a188198f04d133e54aba7fe7-le64.cache-6
7f94dc032000-7f94dc035000 r--s 00000000 08:0f 134035                     /var/cache/fontconfig/767a8244fc0220cfb567a839d0392e0b-le64.cache-6
7f94dc035000-7f94dc03a000 r--s 00000000 08:0f 134038                     /var/cache/fontconfig/8801497958630a81b71ace7c5f9b32a8-le64.cache-6
7f94dc03a000-7f94dc03e000 r--s 00000000 08:0f 132418                     /var/cache/fontconfig/c57959a16110560c8d0fcea73374aeeb-le64.cache-6
7f94dc03e000-7f94dc041000 ---p 00000000 00:00 0 
7f94dc041000-7f94dc13f000 rw-p 00000000 00:00 0 
7f94dc13f000-7f94dc140000 ---p 00000000 00:00 0 
7f94dc140000-7f94e0000000 rw-p 00000000 00:00 0 
7f94e0000000-7f94e0021000 rw-p 00000000 00:00 0 
7f94e0021000-7f94e4000000 ---p 00000000 00:00 0 
7f94e4000000-7f94e4021000 rw-p 00000000 00:00 0 
7f94e4021000-7f94e8000000 ---p 00000000 00:00 0 
7f94e8000000-7f94e8021000 rw-p 00000000 00:00 0 
7f94e8021000-7f94ec000000 ---p 00000000 00:00 0 
7f94ec000000-7f94ec021000 rw-p 00000000 00:00 0 
7f94ec021000-7f94f0000000 ---p 00000000 00:00 0 
7f94f0000000-7f94f0021000 rw-p 00000000 00:00 0 
7f94f0021000-7f94f4000000 ---p 00000000 00:00 0 
7f94f4000000-7f94f4001000 r--s 00000000 08:0f 134052                     /var/cache/fontconfig/dc05db6664285cc2f12bf69c139ae4c3-le64.cache-6
7f94f4001000-7f94f4002000 r--s 00000000 08:0f 132299                     /var/cache/fontconfig/4794a0821666d79190d59a36cb4f44b5-le64.cache-6
7f94f4002000-7f94f4003000 r--s 00000000 08:0f 134015                     /var/cache/fontconfig/0bd3dc0958fa2205aaaa8ebb13e2872b-le64.cache-6
7f94f4003000-7f94f4004000 r--s 00000000 08:0f 134045                     /var/cache/fontconfig/bab58bb527bb656aaa9f116d68a48d89-le64.cache-6
7f94f4004000-7f94f400a000 r--s 00000000 08:0f 134021                     /var/cache/fontconfig/3047814df9a2f067bd2d96a2b9c36e5a-le64.cache-6
7f94f400a000-7f94f400b000 r--s 00000000 08:0f 134029                     /var/cache/fontconfig/56cf4f4769d0f4abc89a4895d7bd3ae1-le64.cache-6
7f94f400b000-7f94f400c000 r--s 00000000 08:0f 134044                     /var/cache/fontconfig/b9d506c9ac06c20b433354fa67a72993-le64.cache-6
7f94f400c000-7f94f4012000 r--s 00000000 08:0f 134043                     /var/cache/fontconfig/b47c4e1ecd0709278f4910c18777a504-le64.cache-6
7f94f4012000-7f94f4025000 r--s 00000000 08:0f 134049                     /var/cache/fontconfig/d52a8644073d54c13679302ca1180695-le64.cache-6
7f94f4025000-7f94f4026000 r--s 00000000 08:0f 134028                     /var/cache/fontconfig/551ecf3b0e8b0bca0f25c0944f561853-le64.cache-6
7f94f4026000-7f94f4027000 r--s 00000000 08:0f 134025                     /var/cache/fontconfig/3f7329c5293ffd510edef78f73874cfd-le64.cache-6
7f94f4027000-7f94f4033000 r--s 00000000 08:0f 134698                     /var/cache/fontconfig/d589a48862398ed80a3d6066f4f56f4c-le64.cache-6
7f94f4033000-7f94f4036000 r--s 00000000 08:0f 134034                     /var/cache/fontconfig/75114ca45c98e8a441da0ff356701271-le64.cache-6
7f94f4036000-7f94f4041000 r--s 00000000 08:0f 134037                     /var/cache/fontconfig/83bf95040141907cd45bb53cf7c1c148-le64.cache-6
7f94f4041000-7f94f4053000 r--s 00000000 08:0f 134041                     /var/cache/fontconfig/9b89f8e3dae116d678bbf48e5f21f69b-le64.cache-6
7f94f4053000-7f94f4056000 r--s 00000000 08:0f 134053                     /var/cache/fontconfig/e13b20fdb08344e0e664864cc2ede53d-le64.cache-6
7f94f4056000-7f94f4060000 r--s 000e7000 08:0f 2241196                    /home/shahsparx/NetBeansProjects/UCET_ACCOUNTS/dist/run515313481/lib/mysql-connector-java-5.1.38-bin.jar
7f94f4060000-7f94f40a9000 r--p 00000000 08:0f 1703186                    /usr/share/glib-2.0/schemas/gschemas.compiled
7f94f40a9000-7f94f40c7000 r-xp 00000000 08:0f 523353                     /lib/x86_64-linux-gnu/libudev.so.1.6.5
7f94f40c7000-7f94f40c8000 ---p 0001e000 08:0f 523353                     /lib/x86_64-linux-gnu/libudev.so.1.6.5
7f94f40c8000-7f94f40c9000 r--p 0001e000 08:0f 523353                     /lib/x86_64-linux-gnu/libudev.so.1.6.5
7f94f40c9000-7f94f40ca000 rw-p 0001f000 08:0f 523353                     /lib/x86_64-linux-gnu/libudev.so.1.6.5
7f94f40ca000-7f94f40cb000 r--s 00000000 08:0f 134022                     /var/cache/fontconfig/30829fa25452a46451e813d634d7f916-le64.cache-6
7f94f40cb000-7f94f40e0000 r--s 0022c000 08:0f 2241195                    /home/shahsparx/NetBeansProjects/UCET_ACCOUNTS/dist/run515313481/lib/jfoenix.jar
7f94f40e0000-7f94f40e9000 r--s 0008c000 08:0f 2241190                    /home/shahsparx/NetBeansProjects/UCET_ACCOUNTS/dist/run515313481/lib/javax.mail.jar
7f94f40e9000-7f94f40f1000 rw-s 00000000 00:05 1828905                    /drm mm object (deleted)
7f94f40f1000-7f94f5000000 rw-p 00000000 00:00 0 
7f94f5000000-7f94f58f0000 rwxp 00000000 00:00 0 
7f94f58f0000-7f9504000000 ---p 00000000 00:00 0 
7f9504000000-7f950457f000 rw-p 00000000 00:00 0 
7f950457f000-7f9508000000 ---p 00000000 00:00 0 
7f9508000000-7f9508004000 r--s 00000000 08:0f 132314                     /var/cache/fontconfig/7ef2298fde41cc6eeb7af42e48b7d293-le64.cache-6
7f9508004000-7f9508006000 r--s 0008a000 08:0f 2241189                    /home/shahsparx/NetBeansProjects/UCET_ACCOUNTS/dist/run515313481/lib/fontawesomefx-8.9.jar
7f9508006000-7f950800e000 rw-s 00000000 00:05 1826957                    /drm mm object (deleted)
7f950800e000-7f9508015000 r--p 00000000 08:0f 1981953                    /home/shahsparx/.config/dconf/user
7f9508015000-7f95080aa000 r--s 01103000 08:0f 2243419                    /usr/lib/jvm/oracle_jdk8/jre/lib/ext/jfxrt.jar
7f95080aa000-7f9508cb6000 rw-p 00000000 00:00 0 
7f9508cb6000-7f9508e8f000 r--s 03d1f000 08:0f 1587658                    /usr/lib/jvm/oracle_jdk8/jre/lib/rt.jar
7f9508e8f000-7f9509ae1000 rw-p 00000000 00:00 0 
7f9509ae1000-7f9509ae2000 ---p 00000000 00:00 0 
7f9509ae2000-7f9509be2000 rw-p 00000000 00:00 0 
7f9509be2000-7f9509be3000 ---p 00000000 00:00 0 
7f9509be3000-7f9509ce3000 rw-p 00000000 00:00 0 
7f9509ce3000-7f9509ce4000 ---p 00000000 00:00 0 
7f9509ce4000-7f9509de4000 rw-p 00000000 00:00 0 
7f9509de4000-7f9509de5000 ---p 00000000 00:00 0 
7f9509de5000-7f9509ee5000 rw-p 00000000 00:00 0 
7f9509ee5000-7f9509ee6000 ---p 00000000 00:00 0 
7f9509ee6000-7f9509fe6000 rw-p 00000000 00:00 0 
7f9509fe6000-7f9509fe7000 ---p 00000000 00:00 0 
7f9509fe7000-7f950a0e7000 rw-p 00000000 00:00 0 
7f950a0e7000-7f950a0e8000 ---p 00000000 00:00 0 
7f950a0e8000-7f950a1e8000 rw-p 00000000 00:00 0 
7f950a1e8000-7f950a1e9000 ---p 00000000 00:00 0 
7f950a1e9000-7f950a30b000 rw-p 00000000 00:00 0 
7f950a30b000-7f950a57c000 ---p 00000000 00:00 0 
7f950a57c000-7f950a59e000 rw-p 00000000 00:00 0 
7f950a59e000-7f950a80e000 ---p 00000000 00:00 0 
7f950a80e000-7f950a824000 rw-p 00000000 00:00 0 
7f950a824000-7f950a958000 ---p 00000000 00:00 0 
7f950a958000-7f950a97d000 rw-p 00000000 00:00 0 
7f950a97d000-7f950ad19000 ---p 00000000 00:00 0 
7f950ad19000-7f950ad33000 r-xp 00000000 08:0f 1587734                    /usr/lib/jvm/oracle_jdk8/jre/lib/amd64/libzip.so
7f950ad33000-7f950af33000 ---p 0001a000 08:0f 1587734                    /usr/lib/jvm/oracle_jdk8/jre/lib/amd64/libzip.so
7f950af33000-7f950af34000 rw-p 0001a000 08:0f 1587734                    /usr/lib/jvm/oracle_jdk8/jre/lib/amd64/libzip.so
7f950af34000-7f950af3f000 r-xp 00000000 08:0f 528266                     /lib/x86_64-linux-gnu/libnss_files-2.24.so
7f950af3f000-7f950b13e000 ---p 0000b000 08:0f 528266                     /lib/x86_64-linux-gnu/libnss_files-2.24.so
7f950b13e000-7f950b13f000 r--p 0000a000 08:0f 528266                     /lib/x86_64-linux-gnu/libnss_files-2.24.so
7f950b13f000-7f950b140000 rw-p 0000b000 08:0f 528266                     /lib/x86_64-linux-gnu/libnss_files-2.24.so
7f950b140000-7f950b146000 rw-p 00000000 00:00 0 
7f950b146000-7f950b151000 r-xp 00000000 08:0f 528268                     /lib/x86_64-linux-gnu/libnss_nis-2.24.so
7f950b151000-7f950b350000 ---p 0000b000 08:0f 528268                     /lib/x86_64-linux-gnu/libnss_nis-2.24.so
7f950b350000-7f950b351000 r--p 0000a000 08:0f 528268                     /lib/x86_64-linux-gnu/libnss_nis-2.24.so
7f950b351000-7f950b352000 rw-p 0000b000 08:0f 528268                     /lib/x86_64-linux-gnu/libnss_nis-2.24.so
7f950b352000-7f950b368000 r-xp 00000000 08:0f 528263                     /lib/x86_64-linux-gnu/libnsl-2.24.so
7f950b368000-7f950b567000 ---p 00016000 08:0f 528263                     /lib/x86_64-linux-gnu/libnsl-2.24.so
7f950b567000-7f950b568000 r--p 00015000 08:0f 528263                     /lib/x86_64-linux-gnu/libnsl-2.24.so
7f950b568000-7f950b569000 rw-p 00016000 08:0f 528263                     /lib/x86_64-linux-gnu/libnsl-2.24.so
7f950b569000-7f950b56b000 rw-p 00000000 00:00 0 
7f950b56b000-7f950b573000 r-xp 00000000 08:0f 528264                     /lib/x86_64-linux-gnu/libnss_compat-2.24.so
7f950b573000-7f950b772000 ---p 00008000 08:0f 528264                     /lib/x86_64-linux-gnu/libnss_compat-2.24.so
7f950b772000-7f950b773000 r--p 00007000 08:0f 528264                     /lib/x86_64-linux-gnu/libnss_compat-2.24.so
7f950b773000-7f950b774000 rw-p 00008000 08:0f 528264                     /lib/x86_64-linux-gnu/libnss_compat-2.24.so
7f950b774000-7f950b79e000 r-xp 00000000 08:0f 1587729                    /usr/lib/jvm/oracle_jdk8/jre/lib/amd64/libjava.so
7f950b79e000-7f950b99e000 ---p 0002a000 08:0f 1587729                    /usr/lib/jvm/oracle_jdk8/jre/lib/amd64/libjava.so
7f950b99e000-7f950b9a0000 rw-p 0002a000 08:0f 1587729                    /usr/lib/jvm/oracle_jdk8/jre/lib/amd64/libjava.so
7f950b9a0000-7f950b9ad000 r-xp 00000000 08:0f 1587733                    /usr/lib/jvm/oracle_jdk8/jre/lib/amd64/libverify.so
7f950b9ad000-7f950bbad000 ---p 0000d000 08:0f 1587733                    /usr/lib/jvm/oracle_jdk8/jre/lib/amd64/libverify.so
7f950bbad000-7f950bbaf000 rw-p 0000d000 08:0f 1587733                    /usr/lib/jvm/oracle_jdk8/jre/lib/amd64/libverify.so
7f950bbaf000-7f950bbb6000 r-xp 00000000 08:0f 528273                     /lib/x86_64-linux-gnu/librt-2.24.so
7f950bbb6000-7f950bdb5000 ---p 00007000 08:0f 528273                     /lib/x86_64-linux-gnu/librt-2.24.so
7f950bdb5000-7f950bdb6000 r--p 00006000 08:0f 528273                     /lib/x86_64-linux-gnu/librt-2.24.so
7f950bdb6000-7f950bdb7000 rw-p 00007000 08:0f 528273                     /lib/x86_64-linux-gnu/librt-2.24.so
7f950bdb7000-7f950bebf000 r-xp 00000000 08:0f 528260                     /lib/x86_64-linux-gnu/libm-2.24.so
7f950bebf000-7f950c0be000 ---p 00108000 08:0f 528260                     /lib/x86_64-linux-gnu/libm-2.24.so
7f950c0be000-7f950c0bf000 r--p 00107000 08:0f 528260                     /lib/x86_64-linux-gnu/libm-2.24.so
7f950c0bf000-7f950c0c0000 rw-p 00108000 08:0f 528260                     /lib/x86_64-linux-gnu/libm-2.24.so
7f950c0c0000-7f950cd80000 r-xp 00000000 08:0f 1713201                    /usr/lib/jvm/oracle_jdk8/jre/lib/amd64/server/libjvm.so
7f950cd80000-7f950cf80000 ---p 00cc0000 08:0f 1713201                    /usr/lib/jvm/oracle_jdk8/jre/lib/amd64/server/libjvm.so
7f950cf80000-7f950d058000 rw-p 00cc0000 08:0f 1713201                    /usr/lib/jvm/oracle_jdk8/jre/lib/amd64/server/libjvm.so
7f950d058000-7f950d0a3000 rw-p 00000000 00:00 0 
7f950d0a3000-7f950d260000 r-xp 00000000 08:0f 528256                     /lib/x86_64-linux-gnu/libc-2.24.so
7f950d260000-7f950d460000 ---p 001bd000 08:0f 528256                     /lib/x86_64-linux-gnu/libc-2.24.so
7f950d460000-7f950d464000 r--p 001bd000 08:0f 528256                     /lib/x86_64-linux-gnu/libc-2.24.so
7f950d464000-7f950d466000 rw-p 001c1000 08:0f 528256                     /lib/x86_64-linux-gnu/libc-2.24.so
7f950d466000-7f950d46a000 rw-p 00000000 00:00 0 
7f950d46a000-7f950d46d000 r-xp 00000000 08:0f 528259                     /lib/x86_64-linux-gnu/libdl-2.24.so
7f950d46d000-7f950d66c000 ---p 00003000 08:0f 528259                     /lib/x86_64-linux-gnu/libdl-2.24.so
7f950d66c000-7f950d66d000 r--p 00002000 08:0f 528259                     /lib/x86_64-linux-gnu/libdl-2.24.so
7f950d66d000-7f950d66e000 rw-p 00003000 08:0f 528259                     /lib/x86_64-linux-gnu/libdl-2.24.so
7f950d66e000-7f950d683000 r-xp 00000000 08:0f 1587711                    /usr/lib/jvm/oracle_jdk8/jre/lib/amd64/jli/libjli.so
7f950d683000-7f950d883000 ---p 00015000 08:0f 1587711                    /usr/lib/jvm/oracle_jdk8/jre/lib/amd64/jli/libjli.so
7f950d883000-7f950d884000 rw-p 00015000 08:0f 1587711                    /usr/lib/jvm/oracle_jdk8/jre/lib/amd64/jli/libjli.so
7f950d884000-7f950d89c000 r-xp 00000000 08:0f 528271                     /lib/x86_64-linux-gnu/libpthread-2.24.so
7f950d89c000-7f950da9c000 ---p 00018000 08:0f 528271                     /lib/x86_64-linux-gnu/libpthread-2.24.so
7f950da9c000-7f950da9d000 r--p 00018000 08:0f 528271                     /lib/x86_64-linux-gnu/libpthread-2.24.so
7f950da9d000-7f950da9e000 rw-p 00019000 08:0f 528271                     /lib/x86_64-linux-gnu/libpthread-2.24.so
7f950da9e000-7f950daa2000 rw-p 00000000 00:00 0 
7f950daa2000-7f950dac7000 r-xp 00000000 08:0f 528252                     /lib/x86_64-linux-gnu/ld-2.24.so
7f950dac7000-7f950dac8000 r--s 00000000 08:0f 134016                     /var/cache/fontconfig/0c9eb80ebd1c36541ebe2852d3bb0c49-le64.cache-6
7f950dac8000-7f950db99000 rw-p 00000000 00:00 0 
7f950db99000-7f950db9c000 ---p 00000000 00:00 0 
7f950db9c000-7f950dc9c000 rw-p 00000000 00:00 0 
7f950dc9d000-7f950dc9e000 rw-s 1083b8000 00:06 349                       /dev/dri/card0
7f950dc9e000-7f950dca6000 rw-s 00000000 00:05 1825142                    /drm mm object (deleted)
7f950dca6000-7f950dca7000 rw-s 00000000 00:05 1825139                    /drm mm object (deleted)
7f950dca7000-7f950dca8000 r--s 00000000 00:2b 66                         /run/user/1000/dconf/user
7f950dca8000-7f950dcb0000 rw-s 00000000 00:05 1825137                    /drm mm object (deleted)
7f950dcb0000-7f950dcb7000 r--s 00000000 08:0f 1583579                    /usr/lib/x86_64-linux-gnu/gconv/gconv-modules.cache
7f950dcb7000-7f950dcb9000 r--s 00016000 08:0f 2240587                    /home/shahsparx/NetBeansProjects/UCET_ACCOUNTS/dist/run515313481/UCET_ACCOUNTS.jar
7f950dcb9000-7f950dcc1000 rw-s 00000000 08:0f 2886645                    /tmp/hsperfdata_shahsparx/26480
7f950dcc1000-7f950dcc2000 rw-p 00000000 00:00 0 
7f950dcc2000-7f950dcc3000 r--p 00000000 00:00 0 
7f950dcc3000-7f950dcc6000 rw-p 00000000 00:00 0 
7f950dcc6000-7f950dcc7000 r--p 00024000 08:0f 528252                     /lib/x86_64-linux-gnu/ld-2.24.so
7f950dcc7000-7f950dcc8000 rw-p 00025000 08:0f 528252                     /lib/x86_64-linux-gnu/ld-2.24.so
7f950dcc8000-7f950dcc9000 rw-p 00000000 00:00 0 
7ffebc761000-7ffebc782000 rw-p 00000000 00:00 0                          [stack]
7ffebc7f3000-7ffebc7f5000 r--p 00000000 00:00 0                          [vvar]
7ffebc7f5000-7ffebc7f7000 r-xp 00000000 00:00 0                          [vdso]
ffffffffff600000-ffffffffff601000 r-xp 00000000 00:00 0                  [vsyscall]

VM Arguments:
jvm_args: -Dfile.encoding=UTF-8 
java_command: /home/shahsparx/NetBeansProjects/UCET_ACCOUNTS/dist/run515313481/UCET_ACCOUNTS.jar
java_class_path (initial): /home/shahsparx/NetBeansProjects/UCET_ACCOUNTS/dist/run515313481/UCET_ACCOUNTS.jar
Launcher Type: SUN_STANDARD

Environment Variables:
PATH=/home/shahsparx/bin:/home/shahsparx/.local/bin:/usr/local/sbin:/usr/local/bin:/usr/sbin:/usr/bin:/sbin:/bin:/usr/games:/usr/local/games:/snap/bin
LD_LIBRARY_PATH=/usr/lib/jvm/oracle_jdk8//jre/lib/amd64:/usr/lib/jvm/oracle_jdk8//jre/lib/i386:
SHELL=/bin/bash
DISPLAY=:0

Signal Handlers:
SIGSEGV: [libjvm.so+0xabca10], sa_mask[0]=11111111011111111101111111111110, sa_flags=SA_RESTART|SA_SIGINFO
SIGBUS: [libjvm.so+0xabca10], sa_mask[0]=11111111011111111101111111111110, sa_flags=SA_RESTART|SA_SIGINFO
SIGFPE: [libjvm.so+0x919a20], sa_mask[0]=11111111011111111101111111111110, sa_flags=SA_RESTART|SA_SIGINFO
SIGPIPE: SIG_IGN, sa_mask[0]=00000000000010000000000000000000, sa_flags=SA_RESTART
SIGXFSZ: [libjvm.so+0x919a20], sa_mask[0]=11111111011111111101111111111110, sa_flags=SA_RESTART|SA_SIGINFO
SIGILL: [libjvm.so+0x919a20], sa_mask[0]=11111111011111111101111111111110, sa_flags=SA_RESTART|SA_SIGINFO
SIGUSR1: SIG_DFL, sa_mask[0]=00000000000000000000000000000000, sa_flags=none
SIGUSR2: [libjvm.so+0x91b050], sa_mask[0]=00100000000000000000000000000000, sa_flags=SA_RESTART|SA_SIGINFO
SIGHUP: [libjvm.so+0x91c450], sa_mask[0]=11111111011111111101111111111110, sa_flags=SA_RESTART|SA_SIGINFO
SIGINT: SIG_IGN, sa_mask[0]=00000000000000000000000000000000, sa_flags=none
SIGTERM: [libjvm.so+0x91c450], sa_mask[0]=11111111011111111101111111111110, sa_flags=SA_RESTART|SA_SIGINFO
SIGQUIT: [libjvm.so+0x91c450], sa_mask[0]=11111111011111111101111111111110, sa_flags=SA_RESTART|SA_SIGINFO


---------------  S Y S T E M  ---------------

OS:DISTRIB_ID=Ubuntu
DISTRIB_RELEASE=16.10
DISTRIB_CODENAME=yakkety
DISTRIB_DESCRIPTION="Ubuntu 16.10"

uname:Linux 4.8.0-51-generic #54-Ubuntu SMP Tue Apr 25 16:32:21 UTC 2017 x86_64
libc:glibc 2.24 NPTL 2.24 
rlimit: STACK 8192k, CORE 0k, NPROC 31427, NOFILE 4096, AS infinity
load average:0.95 0.46 0.40

/proc/meminfo:
MemTotal:        8088836 kB
MemFree:         3419324 kB
MemAvailable:    3776844 kB
Buffers:           57660 kB
Cached:           800484 kB
SwapCached:       221456 kB
Active:          3054272 kB
Inactive:        1305132 kB
Active(anon):    2804328 kB
Inactive(anon):  1005592 kB
Active(file):     249944 kB
Inactive(file):   299540 kB
Unevictable:         148 kB
Mlocked:             148 kB
SwapTotal:       4258808 kB
SwapFree:        2300300 kB
Dirty:             10236 kB
Writeback:             0 kB
AnonPages:       3329360 kB
Mapped:           417436 kB
Shmem:            308644 kB
Slab:             142516 kB
SReclaimable:      62908 kB
SUnreclaim:        79608 kB
KernelStack:       16720 kB
PageTables:        73688 kB
NFS_Unstable:          0 kB
Bounce:                0 kB
WritebackTmp:          0 kB
CommitLimit:     8303224 kB
Committed_AS:   11677392 kB
VmallocTotal:   34359738367 kB
VmallocUsed:           0 kB
VmallocChunk:          0 kB
HardwareCorrupted:     0 kB
AnonHugePages:   1818624 kB
ShmemHugePages:        0 kB
ShmemPmdMapped:        0 kB
CmaTotal:              0 kB
CmaFree:               0 kB
HugePages_Total:       0
HugePages_Free:        0
HugePages_Rsvd:        0
HugePages_Surp:        0
Hugepagesize:       2048 kB
DirectMap4k:      262912 kB
DirectMap2M:     8040448 kB
DirectMap1G:     1048576 kB


CPU:total 8 (4 cores per cpu, 2 threads per core) family 6 model 60 stepping 3, cmov, cx8, fxsr, mmx, sse, sse2, sse3, ssse3, sse4.1, sse4.2, popcnt, avx, avx2, aes, clmul, erms, lzcnt, ht, tsc, tscinvbit, bmi1, bmi2

/proc/cpuinfo:
processor	: 0
vendor_id	: GenuineIntel
cpu family	: 6
model		: 60
model name	: Intel(R) Core(TM) i7-4702MQ CPU @ 2.20GHz
stepping	: 3
microcode	: 0x20
cpu MHz		: 2899.987
cache size	: 6144 KB
physical id	: 0
siblings	: 8
core id		: 0
cpu cores	: 4
apicid		: 0
initial apicid	: 0
fpu		: yes
fpu_exception	: yes
cpuid level	: 13
wp		: yes
flags		: fpu vme de pse tsc msr pae mce cx8 apic sep mtrr pge mca cmov pat pse36 clflush dts acpi mmx fxsr sse sse2 ss ht tm pbe syscall nx pdpe1gb rdtscp lm constant_tsc arch_perfmon pebs bts rep_good nopl xtopology nonstop_tsc aperfmperf eagerfpu pni pclmulqdq dtes64 monitor ds_cpl vmx est tm2 ssse3 sdbg fma cx16 xtpr pdcm pcid sse4_1 sse4_2 movbe popcnt tsc_deadline_timer aes xsave avx f16c rdrand lahf_lm abm epb tpr_shadow vnmi flexpriority ept vpid fsgsbase tsc_adjust bmi1 avx2 smep bmi2 erms invpcid xsaveopt dtherm ida arat pln pts
bugs		:
bogomips	: 4389.94
clflush size	: 64
cache_alignment	: 64
address sizes	: 39 bits physical, 48 bits virtual
power management:

processor	: 1
vendor_id	: GenuineIntel
cpu family	: 6
model		: 60
model name	: Intel(R) Core(TM) i7-4702MQ CPU @ 2.20GHz
stepping	: 3
microcode	: 0x20
cpu MHz		: 2899.987
cache size	: 6144 KB
physical id	: 0
siblings	: 8
core id		: 0
cpu cores	: 4
apicid		: 1
initial apicid	: 1
fpu		: yes
fpu_exception	: yes
cpuid level	: 13
wp		: yes
flags		: fpu vme de pse tsc msr pae mce cx8 apic sep mtrr pge mca cmov pat pse36 clflush dts acpi mmx fxsr sse sse2 ss ht tm pbe syscall nx pdpe1gb rdtscp lm constant_tsc arch_perfmon pebs bts rep_good nopl xtopology nonstop_tsc aperfmperf eagerfpu pni pclmulqdq dtes64 monitor ds_cpl vmx est tm2 ssse3 sdbg fma cx16 xtpr pdcm pcid sse4_1 sse4_2 movbe popcnt tsc_deadline_timer aes xsave avx f16c rdrand lahf_lm abm epb tpr_shadow vnmi flexpriority ept vpid fsgsbase tsc_adjust bmi1 avx2 smep bmi2 erms invpcid xsaveopt dtherm ida arat pln pts
bugs		:
bogomips	: 4389.94
clflush size	: 64
cache_alignment	: 64
address sizes	: 39 bits physical, 48 bits virtual
power management:

processor	: 2
vendor_id	: GenuineIntel
cpu family	: 6
model		: 60
model name	: Intel(R) Core(TM) i7-4702MQ CPU @ 2.20GHz
stepping	: 3
microcode	: 0x20
cpu MHz		: 2899.987
cache size	: 6144 KB
physical id	: 0
siblings	: 8
core id		: 1
cpu cores	: 4
apicid		: 2
initial apicid	: 2
fpu		: yes
fpu_exception	: yes
cpuid level	: 13
wp		: yes
flags		: fpu vme de pse tsc msr pae mce cx8 apic sep mtrr pge mca cmov pat pse36 clflush dts acpi mmx fxsr sse sse2 ss ht tm pbe syscall nx pdpe1gb rdtscp lm constant_tsc arch_perfmon pebs bts rep_good nopl xtopology nonstop_tsc aperfmperf eagerfpu pni pclmulqdq dtes64 monitor ds_cpl vmx est tm2 ssse3 sdbg fma cx16 xtpr pdcm pcid sse4_1 sse4_2 movbe popcnt tsc_deadline_timer aes xsave avx f16c rdrand lahf_lm abm epb tpr_shadow vnmi flexpriority ept vpid fsgsbase tsc_adjust bmi1 avx2 smep bmi2 erms invpcid xsaveopt dtherm ida arat pln pts
bugs		:
bogomips	: 4389.94
clflush size	: 64
cache_alignment	: 64
address sizes	: 39 bits physical, 48 bits virtual
power management:

processor	: 3
vendor_id	: GenuineIntel
cpu family	: 6
model		: 60
model name	: Intel(R) Core(TM) i7-4702MQ CPU @ 2.20GHz
stepping	: 3
microcode	: 0x20
cpu MHz		: 2899.987
cache size	: 6144 KB
physical id	: 0
siblings	: 8
core id		: 1
cpu cores	: 4
apicid		: 3
initial apicid	: 3
fpu		: yes
fpu_exception	: yes
cpuid level	: 13
wp		: yes
flags		: fpu vme de pse tsc msr pae mce cx8 apic sep mtrr pge mca cmov pat pse36 clflush dts acpi mmx fxsr sse sse2 ss ht tm pbe syscall nx pdpe1gb rdtscp lm constant_tsc arch_perfmon pebs bts rep_good nopl xtopology nonstop_tsc aperfmperf eagerfpu pni pclmulqdq dtes64 monitor ds_cpl vmx est tm2 ssse3 sdbg fma cx16 xtpr pdcm pcid sse4_1 sse4_2 movbe popcnt tsc_deadline_timer aes xsave avx f16c rdrand lahf_lm abm epb tpr_shadow vnmi flexpriority ept vpid fsgsbase tsc_adjust bmi1 avx2 smep bmi2 erms invpcid xsaveopt dtherm ida arat pln pts
bugs		:
bogomips	: 4389.94
clflush size	: 64
cache_alignment	: 64
address sizes	: 39 bits physical, 48 bits virtual
power management:

processor	: 4
vendor_id	: GenuineIntel
cpu family	: 6
model		: 60
model name	: Intel(R) Core(TM) i7-4702MQ CPU @ 2.20GHz
stepping	: 3
microcode	: 0x20
cpu MHz		: 2899.987
cache size	: 6144 KB
physical id	: 0
siblings	: 8
core id		: 2
cpu cores	: 4
apicid		: 4
initial apicid	: 4
fpu		: yes
fpu_exception	: yes
cpuid level	: 13
wp		: yes
flags		: fpu vme de pse tsc msr pae mce cx8 apic sep mtrr pge mca cmov pat pse36 clflush dts acpi mmx fxsr sse sse2 ss ht tm pbe syscall nx pdpe1gb rdtscp lm constant_tsc arch_perfmon pebs bts rep_good nopl xtopology nonstop_tsc aperfmperf eagerfpu pni pclmulqdq dtes64 monitor ds_cpl vmx est tm2 ssse3 sdbg fma cx16 xtpr pdcm pcid sse4_1 sse4_2 movbe popcnt tsc_deadline_timer aes xsave avx f16c rdrand lahf_lm abm epb tpr_shadow vnmi flexpriority ept vpid fsgsbase tsc_adjust bmi1 avx2 smep bmi2 erms invpcid xsaveopt dtherm ida arat pln pts
bugs		:
bogomips	: 4389.94
clflush size	: 64
cache_alignment	: 64
address sizes	: 39 bits physical, 48 bits virtual
power management:

processor	: 5
vendor_id	: GenuineIntel
cpu family	: 6
model		: 60
model name	: Intel(R) Core(TM) i7-4702MQ CPU @ 2.20GHz
stepping	: 3
microcode	: 0x20
cpu MHz		: 2899.987
cache size	: 6144 KB
physical id	: 0
siblings	: 8
core id		: 2
cpu cores	: 4
apicid		: 5
initial apicid	: 5
fpu		: yes
fpu_exception	: yes
cpuid level	: 13
wp		: yes
flags		: fpu vme de pse tsc msr pae mce cx8 apic sep mtrr pge mca cmov pat pse36 clflush dts acpi mmx fxsr sse sse2 ss ht tm pbe syscall nx pdpe1gb rdtscp lm constant_tsc arch_perfmon pebs bts rep_good nopl xtopology nonstop_tsc aperfmperf eagerfpu pni pclmulqdq dtes64 monitor ds_cpl vmx est tm2 ssse3 sdbg fma cx16 xtpr pdcm pcid sse4_1 sse4_2 movbe popcnt tsc_deadline_timer aes xsave avx f16c rdrand lahf_lm abm epb tpr_shadow vnmi flexpriority ept vpid fsgsbase tsc_adjust bmi1 avx2 smep bmi2 erms invpcid xsaveopt dtherm ida arat pln pts
bugs		:
bogomips	: 4389.94
clflush size	: 64
cache_alignment	: 64
address sizes	: 39 bits physical, 48 bits virtual
power management:

processor	: 6
vendor_id	: GenuineIntel
cpu family	: 6
model		: 60
model name	: Intel(R) Core(TM) i7-4702MQ CPU @ 2.20GHz
stepping	: 3
microcode	: 0x20
cpu MHz		: 2899.987
cache size	: 6144 KB
physical id	: 0
siblings	: 8
core id		: 3
cpu cores	: 4
apicid		: 6
initial apicid	: 6
fpu		: yes
fpu_exception	: yes
cpuid level	: 13
wp		: yes
flags		: fpu vme de pse tsc msr pae mce cx8 apic sep mtrr pge mca cmov pat pse36 clflush dts acpi mmx fxsr sse sse2 ss ht tm pbe syscall nx pdpe1gb rdtscp lm constant_tsc arch_perfmon pebs bts rep_good nopl xtopology nonstop_tsc aperfmperf eagerfpu pni pclmulqdq dtes64 monitor ds_cpl vmx est tm2 ssse3 sdbg fma cx16 xtpr pdcm pcid sse4_1 sse4_2 movbe popcnt tsc_deadline_timer aes xsave avx f16c rdrand lahf_lm abm epb tpr_shadow vnmi flexpriority ept vpid fsgsbase tsc_adjust bmi1 avx2 smep bmi2 erms invpcid xsaveopt dtherm ida arat pln pts
bugs		:
bogomips	: 4389.94
clflush size	: 64
cache_alignment	: 64
address sizes	: 39 bits physical, 48 bits virtual
power management:

processor	: 7
vendor_id	: GenuineIntel
cpu family	: 6
model		: 60
model name	: Intel(R) Core(TM) i7-4702MQ CPU @ 2.20GHz
stepping	: 3
microcode	: 0x20
cpu MHz		: 2899.987
cache size	: 6144 KB
physical id	: 0
siblings	: 8
core id		: 3
cpu cores	: 4
apicid		: 7
initial apicid	: 7
fpu		: yes
fpu_exception	: yes
cpuid level	: 13
wp		: yes
flags		: fpu vme de pse tsc msr pae mce cx8 apic sep mtrr pge mca cmov pat pse36 clflush dts acpi mmx fxsr sse sse2 ss ht tm pbe syscall nx pdpe1gb rdtscp lm constant_tsc arch_perfmon pebs bts rep_good nopl xtopology nonstop_tsc aperfmperf eagerfpu pni pclmulqdq dtes64 monitor ds_cpl vmx est tm2 ssse3 sdbg fma cx16 xtpr pdcm pcid sse4_1 sse4_2 movbe popcnt tsc_deadline_timer aes xsave avx f16c rdrand lahf_lm abm epb tpr_shadow vnmi flexpriority ept vpid fsgsbase tsc_adjust bmi1 avx2 smep bmi2 erms invpcid xsaveopt dtherm ida arat pln pts
bugs		:
bogomips	: 4389.94
clflush size	: 64
cache_alignment	: 64
address sizes	: 39 bits physical, 48 bits virtual
power management:



Memory: 4k page, physical 8088836k(3419324k free), swap 4258808k(2300300k free)

vm_info: Java HotSpot(TM) 64-Bit Server VM (25.91-b14) for linux-amd64 JRE (1.8.0_91-b14), built on Apr  1 2016 00:57:21 by "java_re" with gcc 4.3.0 20080428 (Red Hat 4.3.0-8)

time: Tue May  9 07:28:46 2017
elapsed time: 6 seconds (0d 0h 0m 6s)

