#
# A fatal error has been detected by the Java Runtime Environment:
#
#  SIGSEGV (0xb) at pc=0x00007f7a7ecbd948, pid=7464, tid=140162232600320
#
# JRE version: Java(TM) SE Runtime Environment (8.0_91-b14) (build 1.8.0_91-b14)
# Java VM: Java HotSpot(TM) 64-Bit Server VM (25.91-b14 mixed mode linux-amd64 compressed oops)
# Problematic frame:
# V  [libjvm.so+0x6cf948]  jni_invoke_nonstatic(JNIEnv_*, JavaValue*, _jobject*, JNICallType, _jmethodID*, JNI_ArgumentPusher*, Thread*)+0x38
#
# Failed to write core dump. Core dumps have been disabled. To enable core dumping, try "ulimit -c unlimited" before starting Java again
#
# If you would like to submit a bug report, please visit:
#   http://bugreport.java.com/bugreport/crash.jsp
#

---------------  T H R E A D  ---------------

Current thread (0x00007f7a783d3800):  JavaThread "JavaFX Application Thread" [_thread_in_vm, id=7494, stack(0x00007f7a1005c000,0x00007f7a1015d000)]

siginfo: si_signo: 11 (SIGSEGV), si_code: 1 (SEGV_MAPERR), si_addr: 0x0000000000007265

Registers:
RAX=0x00007f7a1015b2c0, RBX=0x00007f7a1015b1d0, RCX=0x0000000000000001, RDX=0x0000000000007265
RSP=0x00007f7a1015b020, RBP=0x00007f7a1015b1a0, RSI=0x00007f7a1015b230, RDI=0x00007f7a783d39f8
R8 =0x00007f7a78343fd8, R9 =0x00007f7a1015b1d0, R10=0x00007f79f8000ae0, R11=0x00007f7a694d7ba0
R12=0x00007f7a783d3800, R13=0x00007f7a78343fd8, R14=0x0000000000000001, R15=0x00007f7a783d39f8
RIP=0x00007f7a7ecbd948, EFLAGS=0x0000000000010206, CSGSFS=0x002b000000000033, ERR=0x0000000000000004
  TRAPNO=0x000000000000000e

Top of Stack: (sp=0x00007f7a1015b020)
0x00007f7a1015b020:   00007f7a1015b720 00007f7a1015b340
0x00007f7a1015b030:   00007f7a1015b080 00007f7a1015b100
0x00007f7a1015b040:   00007f7a1015b1d0 00007f7a1015b230
0x00007f7a1015b050:   00007f7a783d39f8 00007f7a7ecdd450
0x00007f7a1015b060:   00007f7a28000a30 00007f7a28000a40
0x00007f7a1015b070:   00007f7a28000e18 00000000000003d8
0x00007f7a1015b080:   0000000000000000 00000000d6dfaff0
0x00007f7a1015b090:   00007f7a0000006f 00007f7a0000000a
0x00007f7a1015b0a0:   00000000d7a01d18 0000000000000000
0x00007f7a1015b0b0:   0000000000000000 0000000000000000
0x00007f7a1015b0c0:   00007f7a6890c6f8 0000000100000100
0x00007f7a1015b0d0:   0000000000000000 00007f7a1015b088
0x00007f7a1015b0e0:   00007f7a1015b0c9 0000000800000005
0x00007f7a1015b0f0:   0000000000000000 00007f7a783d3590
0x00007f7a1015b100:   00007f7a7f540490 00007f7a8004b470
0x00007f7a1015b110:   00000000783d3420 00007f7a783d3800
0x00007f7a1015b120:   0000000000000000 00007f7a7ecbdd1b
0x00007f7a1015b130:   00007f7a689167a8 00007f7a783d3800
0x00007f7a1015b140:   00007f7a689167a8 00007f7a783d3800
0x00007f7a1015b150:   00007f7a1015b2e0 00007f7a689167a8
0x00007f7a1015b160:   00007f7a689167a8 00007f7a689167a8
0x00007f7a1015b170:   00007f7a28000a30 00007f7a1015b1d0
0x00007f7a1015b180:   00007f7a783d3800 00007f7a1015b210
0x00007f7a1015b190:   00007f7a78343fd8 00007f7a783d39f8
0x00007f7a1015b1a0:   00007f7a1015b290 00007f7a7ecc20ef
0x00007f7a1015b1b0:   00007f7a783d3800 00007f7a58f89ff4
0x00007f7a1015b1c0:   00007f7a1015b2a8 0000000000007265
0x00007f7a1015b1d0:   00007f7a7f5410f0 00007f7a8004b470
0x00007f7a1015b1e0:   000000001015b250 faad124c00000063
0x00007f7a1015b1f0:   0000000000000000 0000003000000018
0x00007f7a1015b200:   00007f7a1015b380 00007f7a1015b2c0
0x00007f7a1015b210:   00007f7a783d3800 0000000000000000 

Instructions: (pc=0x00007f7a7ecbd948)
0x00007f7a7ecbd928:   00 00 48 85 d2 48 89 bd b0 fe ff ff 48 89 b5 a8
0x00007f7a7ecbd938:   fe ff ff 4c 89 8d a0 fe ff ff 0f 84 78 09 00 00
0x00007f7a7ecbd948:   4c 8b 22 4d 85 e4 0f 84 6c 09 00 00 48 8b 45 10
0x00007f7a7ecbd958:   48 8b 98 38 01 00 00 48 83 7b 18 f7 0f 87 16 07 

Register to memory mapping:

RAX=0x00007f7a1015b2c0 is pointing into the stack for thread: 0x00007f7a783d3800
RBX=0x00007f7a1015b1d0 is pointing into the stack for thread: 0x00007f7a783d3800
RCX=0x0000000000000001 is an unknown value
RDX=0x0000000000007265 is an unknown value
RSP=0x00007f7a1015b020 is pointing into the stack for thread: 0x00007f7a783d3800
RBP=0x00007f7a1015b1a0 is pointing into the stack for thread: 0x00007f7a783d3800
RSI=0x00007f7a1015b230 is pointing into the stack for thread: 0x00007f7a783d3800
RDI=0x00007f7a783d39f8 is an unknown value
R8 =0x00007f7a78343fd8 is an unknown value
R9 =0x00007f7a1015b1d0 is pointing into the stack for thread: 0x00007f7a783d3800
R10=0x00007f79f8000ae0 is an unknown value
R11=0x00007f7a694d7ba0 is at entry_point+32 in (nmethod*)0x00007f7a694d7a10
R12=0x00007f7a783d3800 is a thread
R13=0x00007f7a78343fd8 is an unknown value
R14=0x0000000000000001 is an unknown value
R15=0x00007f7a783d39f8 is an unknown value


Stack: [0x00007f7a1005c000,0x00007f7a1015d000],  sp=0x00007f7a1015b020,  free space=1020k
Native frames: (J=compiled Java code, j=interpreted, Vv=VM code, C=native code)
V  [libjvm.so+0x6cf948]  jni_invoke_nonstatic(JNIEnv_*, JavaValue*, _jobject*, JNICallType, _jmethodID*, JNI_ArgumentPusher*, Thread*)+0x38
V  [libjvm.so+0x6d40ef]  jni_CallVoidMethodV+0x10f
C  [libglass.so+0x13e51]  JNIEnv_::CallVoidMethod(_jobject*, _jmethodID*, ...)+0x81
C  [libglass.so+0x1545f]  WindowContextBase::process_key(_GdkEventKey*)+0x20f
C  [libglass.so+0x19540]  WindowContextBase::im_filter_keypress(_GdkEventKey*)+0x1c0
C  [libglass.so+0x1c7cc]  process_events(_GdkEvent*, void*)+0x22c
C  [libgdk-x11-2.0.so.0+0x5acdc]

Java frames: (J=compiled Java code, j=interpreted, Vv=VM code)
j  com.sun.glass.ui.gtk.GtkApplication._runLoop(Ljava/lang/Runnable;Z)V+0
j  com.sun.glass.ui.gtk.GtkApplication.lambda$null$49(Ljava/lang/Runnable;Z)V+7
j  com.sun.glass.ui.gtk.GtkApplication$$Lambda$41.run()V+12
j  java.lang.Thread.run()V+11
v  ~StubRoutines::call_stub

---------------  P R O C E S S  ---------------

Java Threads: ( => current thread )
  0x00007f79f8509800 JavaThread "AWT-EventQueue-0" [_thread_blocked, id=7505, stack(0x00007f79f0bd2000,0x00007f79f0cd3000)]
  0x00007f79f8506800 JavaThread "AWT-Shutdown" [_thread_blocked, id=7504, stack(0x00007f79f0cd3000,0x00007f79f0dd4000)]
  0x00007f79f84c4000 JavaThread "Image Fetcher 0" daemon [_thread_blocked, id=7503, stack(0x00007f79f1465000,0x00007f79f1566000)]
  0x00007f79f84ab000 JavaThread "AWT-XAWT" daemon [_thread_in_native, id=7502, stack(0x00007f79f1566000,0x00007f79f1667000)]
  0x00007f79f8497000 JavaThread "Java2D Disposer" daemon [_thread_blocked, id=7501, stack(0x00007f79f1667000,0x00007f79f1768000)]
  0x00007f79f8420000 JavaThread "Prism Font Disposer" daemon [_thread_blocked, id=7497, stack(0x00007f79f2d78000,0x00007f79f2e79000)]
  0x00007f79f81d3000 JavaThread "Abandoned connection cleanup thread" daemon [_thread_blocked, id=7496, stack(0x00007f7a08079000,0x00007f7a0817a000)]
  0x00007f7a783d7800 JavaThread "JavaFX-Launcher" [_thread_blocked, id=7495, stack(0x00007f7a0817a000,0x00007f7a0827b000)]
=>0x00007f7a783d3800 JavaThread "JavaFX Application Thread" [_thread_in_vm, id=7494, stack(0x00007f7a1005c000,0x00007f7a1015d000)]
  0x00007f7a783cf800 JavaThread "Thread-1" daemon [_thread_blocked, id=7493, stack(0x00007f7a400c4000,0x00007f7a401c5000)]
  0x00007f7a7832c000 JavaThread "QuantumRenderer-0" daemon [_thread_blocked, id=7489, stack(0x00007f7a59a04000,0x00007f7a59b05000)]
  0x00007f7a7821a800 JavaThread "Service Thread" daemon [_thread_blocked, id=7485, stack(0x00007f7a59c06000,0x00007f7a59d07000)]
  0x00007f7a7820f800 JavaThread "C1 CompilerThread3" daemon [_thread_blocked, id=7484, stack(0x00007f7a59d07000,0x00007f7a59e08000)]
  0x00007f7a7820d000 JavaThread "C2 CompilerThread2" daemon [_thread_in_native, id=7483, stack(0x00007f7a59e08000,0x00007f7a59f09000)]
  0x00007f7a7820b800 JavaThread "C2 CompilerThread1" daemon [_thread_in_native, id=7482, stack(0x00007f7a59f09000,0x00007f7a5a00a000)]
  0x00007f7a78208800 JavaThread "C2 CompilerThread0" daemon [_thread_in_native, id=7481, stack(0x00007f7a5a00a000,0x00007f7a5a10b000)]
  0x00007f7a78207000 JavaThread "Signal Dispatcher" daemon [_thread_blocked, id=7480, stack(0x00007f7a5a10b000,0x00007f7a5a20c000)]
  0x00007f7a781d3000 JavaThread "Finalizer" daemon [_thread_blocked, id=7479, stack(0x00007f7a5a4e5000,0x00007f7a5a5e6000)]
  0x00007f7a781ce800 JavaThread "Reference Handler" daemon [_thread_blocked, id=7478, stack(0x00007f7a5a5e6000,0x00007f7a5a6e7000)]
  0x00007f7a7800a000 JavaThread "main" [_thread_blocked, id=7468, stack(0x00007f7a800c7000,0x00007f7a801c8000)]

Other Threads:
  0x00007f7a781c7000 VMThread [stack: 0x00007f7a5a6e7000,0x00007f7a5a7e8000] [id=7477]
  0x00007f7a7821d000 WatcherThread [stack: 0x00007f7a59b05000,0x00007f7a59c06000] [id=7486]

VM state:not at safepoint (normal execution)

VM Mutex/Monitor currently owned by a thread: None

Heap:
 PSYoungGen      total 36864K, used 20230K [0x00000000d6d80000, 0x00000000d9680000, 0x0000000100000000)
  eden space 31744K, 63% used [0x00000000d6d80000,0x00000000d8141af8,0x00000000d8c80000)
  from space 5120K, 0% used [0x00000000d9180000,0x00000000d9180000,0x00000000d9680000)
  to   space 5120K, 0% used [0x00000000d8c80000,0x00000000d8c80000,0x00000000d9180000)
 ParOldGen       total 67584K, used 11916K [0x0000000084800000, 0x0000000088a00000, 0x00000000d6d80000)
  object space 67584K, 17% used [0x0000000084800000,0x00000000853a3068,0x0000000088a00000)
 Metaspace       used 27961K, capacity 28950K, committed 29184K, reserved 1075200K
  class space    used 3767K, capacity 3987K, committed 4096K, reserved 1048576K

Card table byte_map: [0x00007f7a7caaa000,0x00007f7a7ce87000] byte_map_base: 0x00007f7a7c686000

Marking Bits: (ParMarkBitMap*) 0x00007f7a7f5a4d60
 Begin Bits: [0x00007f7a60240000, 0x00007f7a62120000)
 End Bits:   [0x00007f7a62120000, 0x00007f7a64000000)

Polling page: 0x00007f7a801f0000

CodeCache: size=245760Kb used=9650Kb max_used=9650Kb free=236109Kb
 bounds [0x00007f7a69000000, 0x00007f7a69980000, 0x00007f7a78000000]
 total_blobs=3975 nmethods=3077 adapters=809
 compilation: enabled

Compilation events (10 events):
Event: 5.614 Thread 0x00007f7a7820f800 3107       3       javafx.collections.ObservableListBase::setAll (9 bytes)
Event: 5.614 Thread 0x00007f7a7820f800 nmethod 3107 0x00007f7a6996a750 code [0x00007f7a6996a900, 0x00007f7a6996aeb8]
Event: 5.614 Thread 0x00007f7a7820f800 3109       3       com.sun.scenario.animation.shared.ClipEnvelope::<init> (73 bytes)
Event: 5.615 Thread 0x00007f7a7820f800 nmethod 3109 0x00007f7a6996b250 code [0x00007f7a6996b460, 0x00007f7a6996be68]
Event: 5.615 Thread 0x00007f7a7820f800 3108       3       javafx.beans.property.DoublePropertyBase::invalidated (1 bytes)
Event: 5.615 Thread 0x00007f7a7820f800 nmethod 3108 0x00007f7a6996c290 code [0x00007f7a6996c3e0, 0x00007f7a6996c530]
Event: 5.615 Thread 0x00007f7a7820f800 3110       1       com.sun.javafx.font.LogicalFont::getFamilyName (5 bytes)
Event: 5.615 Thread 0x00007f7a7820f800 nmethod 3110 0x00007f7a6996c5d0 code [0x00007f7a6996c720, 0x00007f7a6996c830]
Event: 5.615 Thread 0x00007f7a7820f800 3111       3       com.sun.javafx.collections.VetoableListDecorator$VetoableIteratorDecorator::checkForComodification (25 bytes)
Event: 5.615 Thread 0x00007f7a7820f800 nmethod 3111 0x00007f7a6996c890 code [0x00007f7a6996ca20, 0x00007f7a6996cd48]

GC Heap History (6 events):
Event: 0.775 GC heap before
{Heap before GC invocations=1 (full 0):
 PSYoungGen      total 36864K, used 31744K [0x00000000d6d80000, 0x00000000d9680000, 0x0000000100000000)
  eden space 31744K, 100% used [0x00000000d6d80000,0x00000000d8c80000,0x00000000d8c80000)
  from space 5120K, 0% used [0x00000000d9180000,0x00000000d9180000,0x00000000d9680000)
  to   space 5120K, 0% used [0x00000000d8c80000,0x00000000d8c80000,0x00000000d9180000)
 ParOldGen       total 84992K, used 0K [0x0000000084800000, 0x0000000089b00000, 0x00000000d6d80000)
  object space 84992K, 0% used [0x0000000084800000,0x0000000084800000,0x0000000089b00000)
 Metaspace       used 15219K, capacity 15640K, committed 15744K, reserved 1062912K
  class space    used 1956K, capacity 2102K, committed 2176K, reserved 1048576K
Event: 0.783 GC heap after
Heap after GC invocations=1 (full 0):
 PSYoungGen      total 36864K, used 5088K [0x00000000d6d80000, 0x00000000d9680000, 0x0000000100000000)
  eden space 31744K, 0% used [0x00000000d6d80000,0x00000000d6d80000,0x00000000d8c80000)
  from space 5120K, 99% used [0x00000000d8c80000,0x00000000d9178080,0x00000000d9180000)
  to   space 5120K, 0% used [0x00000000d9180000,0x00000000d9180000,0x00000000d9680000)
 ParOldGen       total 84992K, used 5394K [0x0000000084800000, 0x0000000089b00000, 0x00000000d6d80000)
  object space 84992K, 6% used [0x0000000084800000,0x0000000084d44b68,0x0000000089b00000)
 Metaspace       used 15219K, capacity 15640K, committed 15744K, reserved 1062912K
  class space    used 1956K, capacity 2102K, committed 2176K, reserved 1048576K
}
Event: 4.465 GC heap before
{Heap before GC invocations=2 (full 0):
 PSYoungGen      total 36864K, used 18173K [0x00000000d6d80000, 0x00000000d9680000, 0x0000000100000000)
  eden space 31744K, 41% used [0x00000000d6d80000,0x00000000d7a47598,0x00000000d8c80000)
  from space 5120K, 99% used [0x00000000d8c80000,0x00000000d9178080,0x00000000d9180000)
  to   space 5120K, 0% used [0x00000000d9180000,0x00000000d9180000,0x00000000d9680000)
 ParOldGen       total 84992K, used 5394K [0x0000000084800000, 0x0000000089b00000, 0x00000000d6d80000)
  object space 84992K, 6% used [0x0000000084800000,0x0000000084d44b68,0x0000000089b00000)
 Metaspace       used 20525K, capacity 21184K, committed 21296K, reserved 1067008K
  class space    used 2754K, capacity 2930K, committed 2944K, reserved 1048576K
Event: 4.472 GC heap after
Heap after GC invocations=2 (full 0):
 PSYoungGen      total 36864K, used 5104K [0x00000000d6d80000, 0x00000000d9680000, 0x0000000100000000)
  eden space 31744K, 0% used [0x00000000d6d80000,0x00000000d6d80000,0x00000000d8c80000)
  from space 5120K, 99% used [0x00000000d9180000,0x00000000d967c0a0,0x00000000d9680000)
  to   space 5120K, 0% used [0x00000000d8c80000,0x00000000d8c80000,0x00000000d9180000)
 ParOldGen       total 84992K, used 7883K [0x0000000084800000, 0x0000000089b00000, 0x00000000d6d80000)
  object space 84992K, 9% used [0x0000000084800000,0x0000000084fb2e68,0x0000000089b00000)
 Metaspace       used 20525K, capacity 21184K, committed 21296K, reserved 1067008K
  class space    used 2754K, capacity 2930K, committed 2944K, reserved 1048576K
}
Event: 4.472 GC heap before
{Heap before GC invocations=3 (full 1):
 PSYoungGen      total 36864K, used 5104K [0x00000000d6d80000, 0x00000000d9680000, 0x0000000100000000)
  eden space 31744K, 0% used [0x00000000d6d80000,0x00000000d6d80000,0x00000000d8c80000)
  from space 5120K, 99% used [0x00000000d9180000,0x00000000d967c0a0,0x00000000d9680000)
  to   space 5120K, 0% used [0x00000000d8c80000,0x00000000d8c80000,0x00000000d9180000)
 ParOldGen       total 84992K, used 7883K [0x0000000084800000, 0x0000000089b00000, 0x00000000d6d80000)
  object space 84992K, 9% used [0x0000000084800000,0x0000000084fb2e68,0x0000000089b00000)
 Metaspace       used 20525K, capacity 21184K, committed 21296K, reserved 1067008K
  class space    used 2754K, capacity 2930K, committed 2944K, reserved 1048576K
Event: 4.501 GC heap after
Heap after GC invocations=3 (full 1):
 PSYoungGen      total 36864K, used 0K [0x00000000d6d80000, 0x00000000d9680000, 0x0000000100000000)
  eden space 31744K, 0% used [0x00000000d6d80000,0x00000000d6d80000,0x00000000d8c80000)
  from space 5120K, 0% used [0x00000000d9180000,0x00000000d9180000,0x00000000d9680000)
  to   space 5120K, 0% used [0x00000000d8c80000,0x00000000d8c80000,0x00000000d9180000)
 ParOldGen       total 67584K, used 11916K [0x0000000084800000, 0x0000000088a00000, 0x00000000d6d80000)
  object space 67584K, 17% used [0x0000000084800000,0x00000000853a3068,0x0000000088a00000)
 Metaspace       used 20525K, capacity 21184K, committed 21296K, reserved 1067008K
  class space    used 2754K, capacity 2930K, committed 2944K, reserved 1048576K
}

Deoptimization events (10 events):
Event: 5.299 Thread 0x00007f7a783d3800 Uncommon trap: reason=bimorphic action=maybe_recompile pc=0x00007f7a695f5028 method=com.sun.javafx.collections.VetoableListDecorator.size()I @ 4
Event: 5.304 Thread 0x00007f7a783d3800 Uncommon trap: reason=bimorphic action=maybe_recompile pc=0x00007f7a695f5028 method=com.sun.javafx.collections.VetoableListDecorator.size()I @ 4
Event: 5.328 Thread 0x00007f7a783d3800 Uncommon trap: reason=range_check action=make_not_entrant pc=0x00007f7a696a3b00 method=sun.reflect.generics.parser.SignatureParser.current()C @ 34
Event: 5.349 Thread 0x00007f7a783d3800 Uncommon trap: reason=unstable_if action=reinterpret pc=0x00007f7a695071f4 method=java.lang.StrictMath.floorOrCeil(DDDD)D @ 38
Event: 5.508 Thread 0x00007f7a783d3800 Uncommon trap: reason=array_check action=maybe_recompile pc=0x00007f7a69874c6c method=com.sun.javafx.css.SimpleSelector.applies(Ljavafx/css/Styleable;[Ljava/util/Set;I)Z @ 37
Event: 5.509 Thread 0x00007f7a783d3800 Uncommon trap: reason=array_check action=maybe_recompile pc=0x00007f7a69874c6c method=com.sun.javafx.css.SimpleSelector.applies(Ljavafx/css/Styleable;[Ljava/util/Set;I)Z @ 37
Event: 5.509 Thread 0x00007f7a783d3800 Uncommon trap: reason=array_check action=maybe_recompile pc=0x00007f7a69874c6c method=com.sun.javafx.css.SimpleSelector.applies(Ljavafx/css/Styleable;[Ljava/util/Set;I)Z @ 37
Event: 5.509 Thread 0x00007f7a783d3800 Uncommon trap: reason=array_check action=maybe_recompile pc=0x00007f7a69874c6c method=com.sun.javafx.css.SimpleSelector.applies(Ljavafx/css/Styleable;[Ljava/util/Set;I)Z @ 37
Event: 5.574 Thread 0x00007f7a783d3800 Uncommon trap: reason=array_check action=maybe_recompile pc=0x00007f7a6990de00 method=com.sun.javafx.css.SimpleSelector.applies(Ljavafx/css/Styleable;[Ljava/util/Set;I)Z @ 37
Event: 5.602 Thread 0x00007f7a783d3800 Uncommon trap: reason=unstable_if action=reinterpret pc=0x00007f7a695536dc method=java.lang.Math.round(D)J @ 48

Internal exceptions (10 events):
Event: 0.520 Thread 0x00007f7a783d3800 Implicit null exception at 0x00007f7a6920ecf5 to 0x00007f7a6920f045
Event: 0.749 Thread 0x00007f7a783d3800 Implicit null exception at 0x00007f7a6930dd35 to 0x00007f7a6930df5d
Event: 0.749 Thread 0x00007f7a783d3800 Implicit null exception at 0x00007f7a69310658 to 0x00007f7a693106e6
Event: 0.753 Thread 0x00007f7a783d3800 Implicit null exception at 0x00007f7a692db26f to 0x00007f7a692db2d9
Event: 4.459 Thread 0x00007f7a783d3800 Exception <a 'java/io/FileNotFoundException'> (0x00000000d7a1b288) thrown at [/HUDSON/workspace/8-2-build-linux-amd64/jdk8u91/6644/hotspot/src/share/vm/prims/jni.cpp, line 709]
Event: 4.459 Thread 0x00007f7a783d3800 Exception <a 'java/io/FileNotFoundException'> (0x00000000d7a1c020) thrown at [/HUDSON/workspace/8-2-build-linux-amd64/jdk8u91/6644/hotspot/src/share/vm/prims/jni.cpp, line 709]
Event: 4.693 Thread 0x00007f79f8509800 Exception <a 'java/lang/UnsupportedOperationException': > (0x00000000d6fd2640) thrown at [/HUDSON/workspace/8-2-build-linux-amd64/jdk8u91/6644/hotspot/src/share/vm/prims/jni.cpp, line 735]
Event: 5.247 Thread 0x00007f7a783d3800 Exception <a 'java/lang/ArrayIndexOutOfBoundsException'> (0x00000000d71640e0) thrown at [/HUDSON/workspace/8-2-build-linux-amd64/jdk8u91/6644/hotspot/src/share/vm/runtime/sharedRuntime.cpp, line 605]
Event: 5.248 Thread 0x00007f7a783d3800 Exception <a 'java/lang/ArrayIndexOutOfBoundsException'> (0x00000000d71662f0) thrown at [/HUDSON/workspace/8-2-build-linux-amd64/jdk8u91/6644/hotspot/src/share/vm/runtime/sharedRuntime.cpp, line 605]
Event: 5.328 Thread 0x00007f7a783d3800 Exception <a 'java/lang/ArrayIndexOutOfBoundsException': 65> (0x00000000d74e17f0) thrown at [/HUDSON/workspace/8-2-build-linux-amd64/jdk8u91/6644/hotspot/src/share/vm/interpreter/interpreterRuntime.cpp, line 366]

Events (10 events):
Event: 5.574 Thread 0x00007f7a783d3800 DEOPT UNPACKING pc=0x00007f7a69005229 sp=0x00007f7a10156f00 mode 2
Event: 5.601 loading class com/jfoenix/skins/JFXRadioButtonSkin$1
Event: 5.601 loading class com/jfoenix/skins/JFXRadioButtonSkin$1 done
Event: 5.602 Thread 0x00007f7a783d3800 Uncommon trap: trap_request=0xffffff65 fr.pc=0x00007f7a695536dc
Event: 5.602 Thread 0x00007f7a783d3800 DEOPT PACKING pc=0x00007f7a695536dc sp=0x00007f7a10157710
Event: 5.602 Thread 0x00007f7a783d3800 DEOPT UNPACKING pc=0x00007f7a69005229 sp=0x00007f7a10157688 mode 2
Event: 5.606 loading class com/sun/javafx/font/PrismFontUtils
Event: 5.606 loading class com/sun/javafx/font/PrismFontUtils done
Event: 5.607 loading class com/sun/javafx/tk/FontMetrics
Event: 5.607 loading class com/sun/javafx/tk/FontMetrics done


Dynamic libraries:
00400000-00401000 r-xp 00000000 08:0f 1573679                            /usr/lib/jvm/oracle_jdk8/jre/bin/java
00600000-00601000 rw-p 00000000 08:0f 1573679                            /usr/lib/jvm/oracle_jdk8/jre/bin/java
017f1000-01812000 rw-p 00000000 00:00 0                                  [heap]
84800000-88a00000 rw-p 00000000 00:00 0 
88a00000-d6d80000 ---p 00000000 00:00 0 
d6d80000-d9680000 rw-p 00000000 00:00 0 
d9680000-100000000 ---p 00000000 00:00 0 
100000000-100400000 rw-p 00000000 00:00 0 
100400000-140000000 ---p 00000000 00:00 0 
7f79d0000000-7f79d0021000 rw-p 00000000 00:00 0 
7f79d0021000-7f79d4000000 ---p 00000000 00:00 0 
7f79d4000000-7f79d4021000 rw-p 00000000 00:00 0 
7f79d4021000-7f79d8000000 ---p 00000000 00:00 0 
7f79d8000000-7f79d8025000 rw-p 00000000 00:00 0 
7f79d8025000-7f79dc000000 ---p 00000000 00:00 0 
7f79dc000000-7f79dc021000 rw-p 00000000 00:00 0 
7f79dc021000-7f79e0000000 ---p 00000000 00:00 0 
7f79e0000000-7f79e0021000 rw-p 00000000 00:00 0 
7f79e0021000-7f79e4000000 ---p 00000000 00:00 0 
7f79e4000000-7f79e4021000 rw-p 00000000 00:00 0 
7f79e4021000-7f79e8000000 ---p 00000000 00:00 0 
7f79e8000000-7f79e8021000 rw-p 00000000 00:00 0 
7f79e8021000-7f79ec000000 ---p 00000000 00:00 0 
7f79ec000000-7f79ec021000 rw-p 00000000 00:00 0 
7f79ec021000-7f79f0000000 ---p 00000000 00:00 0 
7f79f07d2000-7f79f0852000 rw-p 00000000 00:00 0 
7f79f0852000-7f79f09d2000 ---p 00000000 00:00 0 
7f79f09d2000-7f79f0bd2000 rw-p 00000000 00:00 0 
7f79f0bd2000-7f79f0bd5000 ---p 00000000 00:00 0 
7f79f0bd5000-7f79f0cd3000 rw-p 00000000 00:00 0 
7f79f0cd3000-7f79f0cd6000 ---p 00000000 00:00 0 
7f79f0cd6000-7f79f0dd4000 rw-p 00000000 00:00 0 
7f79f0dd4000-7f79f0e3d000 r-xp 00000000 08:0f 1587707                    /usr/lib/jvm/oracle_jdk8/jre/lib/amd64/libt2k.so
7f79f0e3d000-7f79f103d000 ---p 00069000 08:0f 1587707                    /usr/lib/jvm/oracle_jdk8/jre/lib/amd64/libt2k.so
7f79f103d000-7f79f1044000 rw-p 00069000 08:0f 1587707                    /usr/lib/jvm/oracle_jdk8/jre/lib/amd64/libt2k.so
7f79f1044000-7f79f1054000 rw-p 00000000 00:00 0 
7f79f1054000-7f79f1065000 r-xp 00000000 08:0f 1587741                    /usr/lib/jvm/oracle_jdk8/jre/lib/amd64/libnio.so
7f79f1065000-7f79f1264000 ---p 00011000 08:0f 1587741                    /usr/lib/jvm/oracle_jdk8/jre/lib/amd64/libnio.so
7f79f1264000-7f79f1265000 rw-p 00010000 08:0f 1587741                    /usr/lib/jvm/oracle_jdk8/jre/lib/amd64/libnio.so
7f79f1265000-7f79f1465000 rw-p 00000000 00:00 0 
7f79f1465000-7f79f1468000 ---p 00000000 00:00 0 
7f79f1468000-7f79f1566000 rw-p 00000000 00:00 0 
7f79f1566000-7f79f1569000 ---p 00000000 00:00 0 
7f79f1569000-7f79f1667000 rw-p 00000000 00:00 0 
7f79f1667000-7f79f166a000 ---p 00000000 00:00 0 
7f79f166a000-7f79f1768000 rw-p 00000000 00:00 0 
7f79f1768000-7f79f17cd000 r-xp 00000000 08:0f 1587720                    /usr/lib/jvm/oracle_jdk8/jre/lib/amd64/libfontmanager.so
7f79f17cd000-7f79f19cc000 ---p 00065000 08:0f 1587720                    /usr/lib/jvm/oracle_jdk8/jre/lib/amd64/libfontmanager.so
7f79f19cc000-7f79f19d1000 rw-p 00064000 08:0f 1587720                    /usr/lib/jvm/oracle_jdk8/jre/lib/amd64/libfontmanager.so
7f79f19d1000-7f79f1be1000 rw-p 00000000 00:00 0 
7f79f1be1000-7f79f1c35000 r-xp 00000000 08:0f 1587745                    /usr/lib/jvm/oracle_jdk8/jre/lib/amd64/libawt_xawt.so
7f79f1c35000-7f79f1e35000 ---p 00054000 08:0f 1587745                    /usr/lib/jvm/oracle_jdk8/jre/lib/amd64/libawt_xawt.so
7f79f1e35000-7f79f1e39000 rw-p 00054000 08:0f 1587745                    /usr/lib/jvm/oracle_jdk8/jre/lib/amd64/libawt_xawt.so
7f79f1e39000-7f79f1e3a000 rw-p 00000000 00:00 0 
7f79f1e3a000-7f79f1edc000 r-xp 00000000 08:0f 1587731                    /usr/lib/jvm/oracle_jdk8/jre/lib/amd64/libawt.so
7f79f1edc000-7f79f20dc000 ---p 000a2000 08:0f 1587731                    /usr/lib/jvm/oracle_jdk8/jre/lib/amd64/libawt.so
7f79f20dc000-7f79f20e8000 rw-p 000a2000 08:0f 1587731                    /usr/lib/jvm/oracle_jdk8/jre/lib/amd64/libawt.so
7f79f20e8000-7f79f210c000 rw-p 00000000 00:00 0 
7f79f210c000-7f79f2128000 rw-s 00000000 00:05 256128                     /drm mm object (deleted)
7f79f2128000-7f79f22e8000 rw-s 103034000 00:06 349                       /dev/dri/card0
7f79f22e8000-7f79f28e8000 rw-s 00000000 00:05 257433                     /drm mm object (deleted)
7f79f28e8000-7f79f2aa8000 rw-s 00000000 00:05 257428                     /drm mm object (deleted)
7f79f2aa8000-7f79f2ab8000 rw-s 00000000 00:05 257432                     /drm mm object (deleted)
7f79f2ab8000-7f79f2cb8000 rw-p 00000000 00:00 0 
7f79f2cb8000-7f79f2ccb000 r--s 00344000 08:0f 1587685                    /usr/lib/jvm/oracle_jdk8/jre/lib/resources.jar
7f79f2ccb000-7f79f2d78000 r--p 00000000 08:0f 2225679                    /usr/share/fonts/truetype/dejavu/DejaVuSans-Bold.ttf
7f79f2d78000-7f79f2d7b000 ---p 00000000 00:00 0 
7f79f2d7b000-7f79f2e79000 rw-p 00000000 00:00 0 
7f79f2e79000-7f79f2f32000 r--p 00000000 08:0f 2225680                    /usr/share/fonts/truetype/dejavu/DejaVuSans.ttf
7f79f2f32000-7f79f2fdd000 r--p 00000000 08:0f 1713184                    /usr/lib/jvm/oracle_jdk8/jre/lib/fonts/LucidaSansRegular.ttf
7f79f2fdd000-7f79f2fe1000 r-xp 00000000 08:0f 1587696                    /usr/lib/jvm/oracle_jdk8/jre/lib/amd64/libjavafx_font_pango.so
7f79f2fe1000-7f79f31e0000 ---p 00004000 08:0f 1587696                    /usr/lib/jvm/oracle_jdk8/jre/lib/amd64/libjavafx_font_pango.so
7f79f31e0000-7f79f31e1000 rw-p 00003000 08:0f 1587696                    /usr/lib/jvm/oracle_jdk8/jre/lib/amd64/libjavafx_font_pango.so
7f79f31e1000-7f79f33e1000 rw-p 00000000 00:00 0 
7f79f33e1000-7f79f35e1000 rw-p 00000000 00:00 0 
7f79f35e1000-7f79f35f7000 r-xp 00000000 08:0f 1587738                    /usr/lib/jvm/oracle_jdk8/jre/lib/amd64/libnet.so
7f79f35f7000-7f79f37f7000 ---p 00016000 08:0f 1587738                    /usr/lib/jvm/oracle_jdk8/jre/lib/amd64/libnet.so
7f79f37f7000-7f79f37f8000 rw-p 00016000 08:0f 1587738                    /usr/lib/jvm/oracle_jdk8/jre/lib/amd64/libnet.so
7f79f37f8000-7f79f39f8000 rw-p 00000000 00:00 0 
7f79f39f8000-7f79f39fd000 r-xp 00000000 08:0f 1587699                    /usr/lib/jvm/oracle_jdk8/jre/lib/amd64/libjavafx_font_freetype.so
7f79f39fd000-7f79f3bfc000 ---p 00005000 08:0f 1587699                    /usr/lib/jvm/oracle_jdk8/jre/lib/amd64/libjavafx_font_freetype.so
7f79f3bfc000-7f79f3bfd000 rw-p 00004000 08:0f 1587699                    /usr/lib/jvm/oracle_jdk8/jre/lib/amd64/libjavafx_font_freetype.so
7f79f3bfd000-7f79f3c00000 r-xp 00000000 08:0f 1587739                    /usr/lib/jvm/oracle_jdk8/jre/lib/amd64/libjavafx_font.so
7f79f3c00000-7f79f3dff000 ---p 00003000 08:0f 1587739                    /usr/lib/jvm/oracle_jdk8/jre/lib/amd64/libjavafx_font.so
7f79f3dff000-7f79f3e00000 rw-p 00002000 08:0f 1587739                    /usr/lib/jvm/oracle_jdk8/jre/lib/amd64/libjavafx_font.so
7f79f3e00000-7f79f4000000 rw-p 00000000 00:00 0 
7f79f4000000-7f79f4021000 rw-p 00000000 00:00 0 
7f79f4021000-7f79f8000000 ---p 00000000 00:00 0 
7f79f8000000-7f79f8982000 rw-p 00000000 00:00 0 
7f79f8982000-7f79fc000000 ---p 00000000 00:00 0 
7f79fc000000-7f79fc021000 rw-p 00000000 00:00 0 
7f79fc021000-7f7a00000000 ---p 00000000 00:00 0 
7f7a00000000-7f7a00022000 rw-p 00000000 00:00 0 
7f7a00022000-7f7a04000000 ---p 00000000 00:00 0 
7f7a04000000-7f7a04021000 rw-p 00000000 00:00 0 
7f7a04021000-7f7a08000000 ---p 00000000 00:00 0 
7f7a08001000-7f7a08011000 rw-s 00000000 00:05 257430                     /drm mm object (deleted)
7f7a08011000-7f7a08024000 r--p 00000000 08:0f 1713188                    /usr/lib/jvm/oracle_jdk8/jre/lib/fonts/LucidaBrightDemiItalic.ttf
7f7a08024000-7f7a08079000 r--p 00000000 08:0f 1713185                    /usr/lib/jvm/oracle_jdk8/jre/lib/fonts/LucidaBrightRegular.ttf
7f7a08079000-7f7a0807c000 ---p 00000000 00:00 0 
7f7a0807c000-7f7a0817a000 rw-p 00000000 00:00 0 
7f7a0817a000-7f7a0817d000 ---p 00000000 00:00 0 
7f7a0817d000-7f7a0827b000 rw-p 00000000 00:00 0 
7f7a0827b000-7f7a0827c000 ---p 00000000 00:00 0 
7f7a0827c000-7f7a08a7c000 rw-p 00000000 00:00 0 
7f7a08a7c000-7f7a08a7d000 ---p 00000000 00:00 0 
7f7a08a7d000-7f7a0927d000 rw-p 00000000 00:00 0 
7f7a0927d000-7f7a0927e000 ---p 00000000 00:00 0 
7f7a0927e000-7f7a09a7e000 rw-p 00000000 00:00 0 
7f7a09a7e000-7f7a09a8a000 r-xp 00000000 08:0f 1572888                    /usr/lib/x86_64-linux-gnu/gio/modules/libdconfsettings.so
7f7a09a8a000-7f7a09c89000 ---p 0000c000 08:0f 1572888                    /usr/lib/x86_64-linux-gnu/gio/modules/libdconfsettings.so
7f7a09c89000-7f7a09c8a000 r--p 0000b000 08:0f 1572888                    /usr/lib/x86_64-linux-gnu/gio/modules/libdconfsettings.so
7f7a09c8a000-7f7a09c8b000 rw-p 0000c000 08:0f 1572888                    /usr/lib/x86_64-linux-gnu/gio/modules/libdconfsettings.so
7f7a09c8b000-7f7a09c92000 r-xp 00000000 08:0f 1318849                    /usr/lib/x86_64-linux-gnu/libogg.so.0.8.2
7f7a09c92000-7f7a09e92000 ---p 00007000 08:0f 1318849                    /usr/lib/x86_64-linux-gnu/libogg.so.0.8.2
7f7a09e92000-7f7a09e93000 r--p 00007000 08:0f 1318849                    /usr/lib/x86_64-linux-gnu/libogg.so.0.8.2
7f7a09e93000-7f7a09e94000 rw-p 00008000 08:0f 1318849                    /usr/lib/x86_64-linux-gnu/libogg.so.0.8.2
7f7a09e94000-7f7a09ebe000 r-xp 00000000 08:0f 1319282                    /usr/lib/x86_64-linux-gnu/libvorbis.so.0.4.8
7f7a09ebe000-7f7a0a0be000 ---p 0002a000 08:0f 1319282                    /usr/lib/x86_64-linux-gnu/libvorbis.so.0.4.8
7f7a0a0be000-7f7a0a0bf000 r--p 0002a000 08:0f 1319282                    /usr/lib/x86_64-linux-gnu/libvorbis.so.0.4.8
7f7a0a0bf000-7f7a0a0c0000 rw-p 0002b000 08:0f 1319282                    /usr/lib/x86_64-linux-gnu/libvorbis.so.0.4.8
7f7a0a0c0000-7f7a0a0c8000 r-xp 00000000 08:0f 1318693                    /usr/lib/x86_64-linux-gnu/libltdl.so.7.3.1
7f7a0a0c8000-7f7a0a2c8000 ---p 00008000 08:0f 1318693                    /usr/lib/x86_64-linux-gnu/libltdl.so.7.3.1
7f7a0a2c8000-7f7a0a2c9000 r--p 00008000 08:0f 1318693                    /usr/lib/x86_64-linux-gnu/libltdl.so.7.3.1
7f7a0a2c9000-7f7a0a2ca000 rw-p 00009000 08:0f 1318693                    /usr/lib/x86_64-linux-gnu/libltdl.so.7.3.1
7f7a0a2ca000-7f7a0a2de000 r-xp 00000000 08:0f 1319115                    /usr/lib/x86_64-linux-gnu/libtdb.so.1.3.9
7f7a0a2de000-7f7a0a4dd000 ---p 00014000 08:0f 1319115                    /usr/lib/x86_64-linux-gnu/libtdb.so.1.3.9
7f7a0a4dd000-7f7a0a4de000 r--p 00013000 08:0f 1319115                    /usr/lib/x86_64-linux-gnu/libtdb.so.1.3.9
7f7a0a4de000-7f7a0a4df000 rw-p 00014000 08:0f 1319115                    /usr/lib/x86_64-linux-gnu/libtdb.so.1.3.9
7f7a0a4df000-7f7a0a4e6000 r-xp 00000000 08:0f 1319286                    /usr/lib/x86_64-linux-gnu/libvorbisfile.so.3.3.7
7f7a0a4e6000-7f7a0a6e6000 ---p 00007000 08:0f 1319286                    /usr/lib/x86_64-linux-gnu/libvorbisfile.so.3.3.7
7f7a0a6e6000-7f7a0a6e7000 r--p 00007000 08:0f 1319286                    /usr/lib/x86_64-linux-gnu/libvorbisfile.so.3.3.7
7f7a0a6e7000-7f7a0a6e8000 rw-p 00008000 08:0f 1319286                    /usr/lib/x86_64-linux-gnu/libvorbisfile.so.3.3.7
7f7a0a6e8000-7f7a0a6f8000 r-xp 00000000 08:0f 1318049                    /usr/lib/x86_64-linux-gnu/libcanberra.so.0.2.5
7f7a0a6f8000-7f7a0a8f8000 ---p 00010000 08:0f 1318049                    /usr/lib/x86_64-linux-gnu/libcanberra.so.0.2.5
7f7a0a8f8000-7f7a0a8f9000 r--p 00010000 08:0f 1318049                    /usr/lib/x86_64-linux-gnu/libcanberra.so.0.2.5
7f7a0a8f9000-7f7a0a8fa000 rw-p 00011000 08:0f 1318049                    /usr/lib/x86_64-linux-gnu/libcanberra.so.0.2.5
7f7a0a8fa000-7f7a0a8fe000 r-xp 00000000 08:0f 1318045                    /usr/lib/x86_64-linux-gnu/libcanberra-gtk.so.0.1.9
7f7a0a8fe000-7f7a0aafd000 ---p 00004000 08:0f 1318045                    /usr/lib/x86_64-linux-gnu/libcanberra-gtk.so.0.1.9
7f7a0aafd000-7f7a0aafe000 r--p 00003000 08:0f 1318045                    /usr/lib/x86_64-linux-gnu/libcanberra-gtk.so.0.1.9
7f7a0aafe000-7f7a0aaff000 rw-p 00004000 08:0f 1318045                    /usr/lib/x86_64-linux-gnu/libcanberra-gtk.so.0.1.9
7f7a0aaff000-7f7a0ab04000 r-xp 00000000 08:0f 1573095                    /usr/lib/x86_64-linux-gnu/gtk-2.0/modules/libcanberra-gtk-module.so
7f7a0ab04000-7f7a0ad03000 ---p 00005000 08:0f 1573095                    /usr/lib/x86_64-linux-gnu/gtk-2.0/modules/libcanberra-gtk-module.so
7f7a0ad03000-7f7a0ad04000 r--p 00004000 08:0f 1573095                    /usr/lib/x86_64-linux-gnu/gtk-2.0/modules/libcanberra-gtk-module.so
7f7a0ad04000-7f7a0ad05000 rw-p 00005000 08:0f 1573095                    /usr/lib/x86_64-linux-gnu/gtk-2.0/modules/libcanberra-gtk-module.so
7f7a0ad05000-7f7a0ad35000 r-xp 00000000 08:0f 1573077                    /usr/lib/x86_64-linux-gnu/gtk-2.0/2.10.0/engines/libmurrine.so
7f7a0ad35000-7f7a0af35000 ---p 00030000 08:0f 1573077                    /usr/lib/x86_64-linux-gnu/gtk-2.0/2.10.0/engines/libmurrine.so
7f7a0af35000-7f7a0af36000 r--p 00030000 08:0f 1573077                    /usr/lib/x86_64-linux-gnu/gtk-2.0/2.10.0/engines/libmurrine.so
7f7a0af36000-7f7a0af37000 rw-p 00031000 08:0f 1573077                    /usr/lib/x86_64-linux-gnu/gtk-2.0/2.10.0/engines/libmurrine.so
7f7a0af37000-7f7a0af48000 r-xp 00000000 08:0f 1587590                    /usr/lib/x86_64-linux-gnu/gtk-2.0/modules/liboverlay-scrollbar.so
7f7a0af48000-7f7a0b148000 ---p 00011000 08:0f 1587590                    /usr/lib/x86_64-linux-gnu/gtk-2.0/modules/liboverlay-scrollbar.so
7f7a0b148000-7f7a0b149000 r--p 00011000 08:0f 1587590                    /usr/lib/x86_64-linux-gnu/gtk-2.0/modules/liboverlay-scrollbar.so
7f7a0b149000-7f7a0b14a000 rw-p 00012000 08:0f 1587590                    /usr/lib/x86_64-linux-gnu/gtk-2.0/modules/liboverlay-scrollbar.so
7f7a0b14a000-7f7a0b173000 r-xp 00000000 08:0f 1587715                    /usr/lib/jvm/oracle_jdk8/jre/lib/amd64/libglass.so
7f7a0b173000-7f7a0b372000 ---p 00029000 08:0f 1587715                    /usr/lib/jvm/oracle_jdk8/jre/lib/amd64/libglass.so
7f7a0b372000-7f7a0b375000 rw-p 00028000 08:0f 1587715                    /usr/lib/jvm/oracle_jdk8/jre/lib/amd64/libglass.so
7f7a0b375000-7f7a0b3ac000 r-xp 00000000 08:0f 1319162                    /usr/lib/x86_64-linux-gnu/libtxc_dxtn_s2tc.so.0.0.0
7f7a0b3ac000-7f7a0b5ab000 ---p 00037000 08:0f 1319162                    /usr/lib/x86_64-linux-gnu/libtxc_dxtn_s2tc.so.0.0.0
7f7a0b5ab000-7f7a0b5ac000 r--p 00036000 08:0f 1319162                    /usr/lib/x86_64-linux-gnu/libtxc_dxtn_s2tc.so.0.0.0
7f7a0b5ac000-7f7a0b5ad000 rw-p 00037000 08:0f 1319162                    /usr/lib/x86_64-linux-gnu/libtxc_dxtn_s2tc.so.0.0.0
7f7a0b5ad000-7f7a0b5b5000 r-xp 00000000 08:0f 1318896                    /usr/lib/x86_64-linux-gnu/libpciaccess.so.0.11.1
7f7a0b5b5000-7f7a0b7b5000 ---p 00008000 08:0f 1318896                    /usr/lib/x86_64-linux-gnu/libpciaccess.so.0.11.1
7f7a0b7b5000-7f7a0b7b6000 r--p 00008000 08:0f 1318896                    /usr/lib/x86_64-linux-gnu/libpciaccess.so.0.11.1
7f7a0b7b6000-7f7a0b7b7000 rw-p 00009000 08:0f 1318896                    /usr/lib/x86_64-linux-gnu/libpciaccess.so.0.11.1
7f7a0b7b7000-7f7a0b7c9000 r-xp 00000000 08:0f 528094                     /lib/x86_64-linux-gnu/libgpg-error.so.0.19.1
7f7a0b7c9000-7f7a0b9c9000 ---p 00012000 08:0f 528094                     /lib/x86_64-linux-gnu/libgpg-error.so.0.19.1
7f7a0b9c9000-7f7a0b9ca000 r--p 00012000 08:0f 528094                     /lib/x86_64-linux-gnu/libgpg-error.so.0.19.1
7f7a0b9ca000-7f7a0b9cb000 rw-p 00013000 08:0f 528094                     /lib/x86_64-linux-gnu/libgpg-error.so.0.19.1
7f7a0b9cb000-7f7a0b9d6000 r-xp 00000000 08:0f 1318198                    /usr/lib/x86_64-linux-gnu/libdrm_radeon.so.1.0.1
7f7a0b9d6000-7f7a0bbd5000 ---p 0000b000 08:0f 1318198                    /usr/lib/x86_64-linux-gnu/libdrm_radeon.so.1.0.1
7f7a0bbd5000-7f7a0bbd6000 r--p 0000a000 08:0f 1318198                    /usr/lib/x86_64-linux-gnu/libdrm_radeon.so.1.0.1
7f7a0bbd6000-7f7a0bbd7000 rw-p 0000b000 08:0f 1318198                    /usr/lib/x86_64-linux-gnu/libdrm_radeon.so.1.0.1
7f7a0bbd7000-7f7a0bbde000 r-xp 00000000 08:0f 1318196                    /usr/lib/x86_64-linux-gnu/libdrm_nouveau.so.2.0.0
7f7a0bbde000-7f7a0bddd000 ---p 00007000 08:0f 1318196                    /usr/lib/x86_64-linux-gnu/libdrm_nouveau.so.2.0.0
7f7a0bddd000-7f7a0bdde000 r--p 00006000 08:0f 1318196                    /usr/lib/x86_64-linux-gnu/libdrm_nouveau.so.2.0.0
7f7a0bdde000-7f7a0bddf000 rw-p 00007000 08:0f 1318196                    /usr/lib/x86_64-linux-gnu/libdrm_nouveau.so.2.0.0
7f7a0bddf000-7f7a0bdff000 r-xp 00000000 08:0f 1318194                    /usr/lib/x86_64-linux-gnu/libdrm_intel.so.1.0.0
7f7a0bdff000-7f7a0bffe000 ---p 00020000 08:0f 1318194                    /usr/lib/x86_64-linux-gnu/libdrm_intel.so.1.0.0
7f7a0bffe000-7f7a0bfff000 r--p 0001f000 08:0f 1318194                    /usr/lib/x86_64-linux-gnu/libdrm_intel.so.1.0.0
7f7a0bfff000-7f7a0c000000 rw-p 00020000 08:0f 1318194                    /usr/lib/x86_64-linux-gnu/libdrm_intel.so.1.0.0
7f7a0c000000-7f7a0dea4000 rw-p 00000000 00:00 0 
7f7a0dea4000-7f7a10000000 ---p 00000000 00:00 0 
7f7a10006000-7f7a1000e000 rw-s 00000000 00:05 257431                     /drm mm object (deleted)
7f7a1000e000-7f7a10022000 r--p 00000000 08:0f 1713183                    /usr/lib/jvm/oracle_jdk8/jre/lib/fonts/LucidaBrightItalic.ttf
7f7a10022000-7f7a1005c000 r--p 00000000 08:0f 1713190                    /usr/lib/jvm/oracle_jdk8/jre/lib/fonts/LucidaTypewriterBold.ttf
7f7a1005c000-7f7a1005f000 ---p 00000000 00:00 0 
7f7a1005f000-7f7a1015d000 rw-p 00000000 00:00 0 
7f7a1015d000-7f7a10264000 r-xp 00000000 08:0f 528090                     /lib/x86_64-linux-gnu/libgcrypt.so.20.1.2
7f7a10264000-7f7a10463000 ---p 00107000 08:0f 528090                     /lib/x86_64-linux-gnu/libgcrypt.so.20.1.2
7f7a10463000-7f7a10465000 r--p 00106000 08:0f 528090                     /lib/x86_64-linux-gnu/libgcrypt.so.20.1.2
7f7a10465000-7f7a1046c000 rw-p 00108000 08:0f 528090                     /lib/x86_64-linux-gnu/libgcrypt.so.20.1.2
7f7a1046c000-7f7a10b0f000 r-xp 00000000 08:0f 1571962                    /usr/lib/x86_64-linux-gnu/dri/i965_dri.so
7f7a10b0f000-7f7a10d0e000 ---p 006a3000 08:0f 1571962                    /usr/lib/x86_64-linux-gnu/dri/i965_dri.so
7f7a10d0e000-7f7a10d4d000 r--p 006a2000 08:0f 1571962                    /usr/lib/x86_64-linux-gnu/dri/i965_dri.so
7f7a10d4d000-7f7a10d55000 rw-p 006e1000 08:0f 1571962                    /usr/lib/x86_64-linux-gnu/dri/i965_dri.so
7f7a10d55000-7f7a10d5d000 rw-p 00000000 00:00 0 
7f7a10d5d000-7f7a10d61000 r-xp 00000000 08:0f 527948                     /lib/x86_64-linux-gnu/libuuid.so.1.3.0
7f7a10d61000-7f7a10f60000 ---p 00004000 08:0f 527948                     /lib/x86_64-linux-gnu/libuuid.so.1.3.0
7f7a10f60000-7f7a10f61000 r--p 00003000 08:0f 527948                     /lib/x86_64-linux-gnu/libuuid.so.1.3.0
7f7a10f61000-7f7a10f62000 rw-p 00004000 08:0f 527948                     /lib/x86_64-linux-gnu/libuuid.so.1.3.0
7f7a10f62000-7f7a10f68000 r-xp 00000000 08:0f 1318139                    /usr/lib/x86_64-linux-gnu/libdatrie.so.1.3.3
7f7a10f68000-7f7a11168000 ---p 00006000 08:0f 1318139                    /usr/lib/x86_64-linux-gnu/libdatrie.so.1.3.3
7f7a11168000-7f7a11169000 r--p 00006000 08:0f 1318139                    /usr/lib/x86_64-linux-gnu/libdatrie.so.1.3.3
7f7a11169000-7f7a1116a000 rw-p 00007000 08:0f 1318139                    /usr/lib/x86_64-linux-gnu/libdatrie.so.1.3.3
7f7a1116a000-7f7a1116f000 r-xp 00000000 08:0f 1317884                    /usr/lib/x86_64-linux-gnu/libXdmcp.so.6.0.0
7f7a1116f000-7f7a1136e000 ---p 00005000 08:0f 1317884                    /usr/lib/x86_64-linux-gnu/libXdmcp.so.6.0.0
7f7a1136e000-7f7a1136f000 r--p 00004000 08:0f 1317884                    /usr/lib/x86_64-linux-gnu/libXdmcp.so.6.0.0
7f7a1136f000-7f7a11370000 rw-p 00005000 08:0f 1317884                    /usr/lib/x86_64-linux-gnu/libXdmcp.so.6.0.0
7f7a11370000-7f7a11372000 r-xp 00000000 08:0f 1317873                    /usr/lib/x86_64-linux-gnu/libXau.so.6.0.0
7f7a11372000-7f7a11572000 ---p 00002000 08:0f 1317873                    /usr/lib/x86_64-linux-gnu/libXau.so.6.0.0
7f7a11572000-7f7a11573000 r--p 00002000 08:0f 1317873                    /usr/lib/x86_64-linux-gnu/libXau.so.6.0.0
7f7a11573000-7f7a11574000 rw-p 00003000 08:0f 1317873                    /usr/lib/x86_64-linux-gnu/libXau.so.6.0.0
7f7a11574000-7f7a11597000 r-xp 00000000 08:0f 1318451                    /usr/lib/x86_64-linux-gnu/libgraphite2.so.3.0.1
7f7a11597000-7f7a11796000 ---p 00023000 08:0f 1318451                    /usr/lib/x86_64-linux-gnu/libgraphite2.so.3.0.1
7f7a11796000-7f7a11798000 r--p 00022000 08:0f 1318451                    /usr/lib/x86_64-linux-gnu/libgraphite2.so.3.0.1
7f7a11798000-7f7a11799000 rw-p 00024000 08:0f 1318451                    /usr/lib/x86_64-linux-gnu/libgraphite2.so.3.0.1
7f7a11799000-7f7a117d6000 r-xp 00000000 08:0f 527950                     /lib/x86_64-linux-gnu/libblkid.so.1.1.0
7f7a117d6000-7f7a119d5000 ---p 0003d000 08:0f 527950                     /lib/x86_64-linux-gnu/libblkid.so.1.1.0
7f7a119d5000-7f7a119d9000 r--p 0003c000 08:0f 527950                     /lib/x86_64-linux-gnu/libblkid.so.1.1.0
7f7a119d9000-7f7a119da000 rw-p 00040000 08:0f 527950                     /lib/x86_64-linux-gnu/libblkid.so.1.1.0
7f7a119da000-7f7a119db000 rw-p 00000000 00:00 0 
7f7a119db000-7f7a119e9000 r-xp 00000000 08:0f 1318190                    /usr/lib/x86_64-linux-gnu/libdrm.so.2.4.0
7f7a119e9000-7f7a11be8000 ---p 0000e000 08:0f 1318190                    /usr/lib/x86_64-linux-gnu/libdrm.so.2.4.0
7f7a11be8000-7f7a11be9000 r--p 0000d000 08:0f 1318190                    /usr/lib/x86_64-linux-gnu/libdrm.so.2.4.0
7f7a11be9000-7f7a11bea000 rw-p 0000e000 08:0f 1318190                    /usr/lib/x86_64-linux-gnu/libdrm.so.2.4.0
7f7a11bea000-7f7a11bee000 r-xp 00000000 08:0f 1319373                    /usr/lib/x86_64-linux-gnu/libxcb-dri2.so.0.0.0
7f7a11bee000-7f7a11ded000 ---p 00004000 08:0f 1319373                    /usr/lib/x86_64-linux-gnu/libxcb-dri2.so.0.0.0
7f7a11ded000-7f7a11dee000 r--p 00003000 08:0f 1319373                    /usr/lib/x86_64-linux-gnu/libxcb-dri2.so.0.0.0
7f7a11dee000-7f7a11def000 rw-p 00004000 08:0f 1319373                    /usr/lib/x86_64-linux-gnu/libxcb-dri2.so.0.0.0
7f7a11def000-7f7a11e06000 r-xp 00000000 08:0f 1319377                    /usr/lib/x86_64-linux-gnu/libxcb-glx.so.0.0.0
7f7a11e06000-7f7a12005000 ---p 00017000 08:0f 1319377                    /usr/lib/x86_64-linux-gnu/libxcb-glx.so.0.0.0
7f7a12005000-7f7a12007000 r--p 00016000 08:0f 1319377                    /usr/lib/x86_64-linux-gnu/libxcb-glx.so.0.0.0
7f7a12007000-7f7a12008000 rw-p 00018000 08:0f 1319377                    /usr/lib/x86_64-linux-gnu/libxcb-glx.so.0.0.0
7f7a12008000-7f7a12009000 r-xp 00000000 08:0f 1317867                    /usr/lib/x86_64-linux-gnu/libX11-xcb.so.1.0.0
7f7a12009000-7f7a12208000 ---p 00001000 08:0f 1317867                    /usr/lib/x86_64-linux-gnu/libX11-xcb.so.1.0.0
7f7a12208000-7f7a12209000 r--p 00000000 08:0f 1317867                    /usr/lib/x86_64-linux-gnu/libX11-xcb.so.1.0.0
7f7a12209000-7f7a1220a000 rw-p 00001000 08:0f 1317867                    /usr/lib/x86_64-linux-gnu/libX11-xcb.so.1.0.0
7f7a1220a000-7f7a12233000 r-xp 00000000 08:0f 1332500                    /usr/lib/x86_64-linux-gnu/libglapi.so.0.0.0
7f7a12233000-7f7a12432000 ---p 00029000 08:0f 1332500                    /usr/lib/x86_64-linux-gnu/libglapi.so.0.0.0
7f7a12432000-7f7a12436000 r--p 00028000 08:0f 1332500                    /usr/lib/x86_64-linux-gnu/libglapi.so.0.0.0
7f7a12436000-7f7a12437000 rw-p 0002c000 08:0f 1332500                    /usr/lib/x86_64-linux-gnu/libglapi.so.0.0.0
7f7a12437000-7f7a12438000 rw-p 00000000 00:00 0 
7f7a12438000-7f7a12439000 r-xp 00000000 08:0f 1319419                    /usr/lib/x86_64-linux-gnu/libxshmfence.so.1.0.0
7f7a12439000-7f7a12639000 ---p 00001000 08:0f 1319419                    /usr/lib/x86_64-linux-gnu/libxshmfence.so.1.0.0
7f7a12639000-7f7a1263a000 r--p 00001000 08:0f 1319419                    /usr/lib/x86_64-linux-gnu/libxshmfence.so.1.0.0
7f7a1263a000-7f7a1263b000 rw-p 00002000 08:0f 1319419                    /usr/lib/x86_64-linux-gnu/libxshmfence.so.1.0.0
7f7a1263b000-7f7a12640000 r-xp 00000000 08:0f 1319397                    /usr/lib/x86_64-linux-gnu/libxcb-sync.so.1.0.0
7f7a12640000-7f7a12840000 ---p 00005000 08:0f 1319397                    /usr/lib/x86_64-linux-gnu/libxcb-sync.so.1.0.0
7f7a12840000-7f7a12841000 r--p 00005000 08:0f 1319397                    /usr/lib/x86_64-linux-gnu/libxcb-sync.so.1.0.0
7f7a12841000-7f7a12842000 rw-p 00006000 08:0f 1319397                    /usr/lib/x86_64-linux-gnu/libxcb-sync.so.1.0.0
7f7a12842000-7f7a12844000 r-xp 00000000 08:0f 1319385                    /usr/lib/x86_64-linux-gnu/libxcb-present.so.0.0.0
7f7a12844000-7f7a12a43000 ---p 00002000 08:0f 1319385                    /usr/lib/x86_64-linux-gnu/libxcb-present.so.0.0.0
7f7a12a43000-7f7a12a44000 r--p 00001000 08:0f 1319385                    /usr/lib/x86_64-linux-gnu/libxcb-present.so.0.0.0
7f7a12a44000-7f7a12a45000 rw-p 00002000 08:0f 1319385                    /usr/lib/x86_64-linux-gnu/libxcb-present.so.0.0.0
7f7a12a45000-7f7a12a47000 r-xp 00000000 08:0f 1319375                    /usr/lib/x86_64-linux-gnu/libxcb-dri3.so.0.0.0
7f7a12a47000-7f7a12c46000 ---p 00002000 08:0f 1319375                    /usr/lib/x86_64-linux-gnu/libxcb-dri3.so.0.0.0
7f7a12c46000-7f7a12c47000 r--p 00001000 08:0f 1319375                    /usr/lib/x86_64-linux-gnu/libxcb-dri3.so.0.0.0
7f7a12c47000-7f7a12c48000 rw-p 00002000 08:0f 1319375                    /usr/lib/x86_64-linux-gnu/libxcb-dri3.so.0.0.0
7f7a12c48000-7f7a12cba000 r-xp 00000000 08:0f 528176                     /lib/x86_64-linux-gnu/libpcre.so.3.13.3
7f7a12cba000-7f7a12eb9000 ---p 00072000 08:0f 528176                     /lib/x86_64-linux-gnu/libpcre.so.3.13.3
7f7a12eb9000-7f7a12eba000 r--p 00071000 08:0f 528176                     /lib/x86_64-linux-gnu/libpcre.so.3.13.3
7f7a12eba000-7f7a12ebb000 rw-p 00072000 08:0f 528176                     /lib/x86_64-linux-gnu/libpcre.so.3.13.3
7f7a12ebb000-7f7a12ec2000 r-xp 00000000 08:0f 1318270                    /usr/lib/x86_64-linux-gnu/libffi.so.6.0.4
7f7a12ec2000-7f7a130c1000 ---p 00007000 08:0f 1318270                    /usr/lib/x86_64-linux-gnu/libffi.so.6.0.4
7f7a130c1000-7f7a130c2000 r--p 00006000 08:0f 1318270                    /usr/lib/x86_64-linux-gnu/libffi.so.6.0.4
7f7a130c2000-7f7a130c3000 rw-p 00007000 08:0f 1318270                    /usr/lib/x86_64-linux-gnu/libffi.so.6.0.4
7f7a130c3000-7f7a130ea000 r-xp 00000000 08:0f 528081                     /lib/x86_64-linux-gnu/libexpat.so.1.6.2
7f7a130ea000-7f7a132ea000 ---p 00027000 08:0f 528081                     /lib/x86_64-linux-gnu/libexpat.so.1.6.2
7f7a132ea000-7f7a132ec000 r--p 00027000 08:0f 528081                     /lib/x86_64-linux-gnu/libexpat.so.1.6.2
7f7a132ec000-7f7a132ed000 rw-p 00029000 08:0f 528081                     /lib/x86_64-linux-gnu/libexpat.so.1.6.2
7f7a132ed000-7f7a132f5000 r-xp 00000000 08:0f 1319129                    /usr/lib/x86_64-linux-gnu/libthai.so.0.3.0
7f7a132f5000-7f7a134f4000 ---p 00008000 08:0f 1319129                    /usr/lib/x86_64-linux-gnu/libthai.so.0.3.0
7f7a134f4000-7f7a134f5000 r--p 00007000 08:0f 1319129                    /usr/lib/x86_64-linux-gnu/libthai.so.0.3.0
7f7a134f5000-7f7a134f6000 rw-p 00008000 08:0f 1319129                    /usr/lib/x86_64-linux-gnu/libthai.so.0.3.0
7f7a134f6000-7f7a13517000 r-xp 00000000 08:0f 1319407                    /usr/lib/x86_64-linux-gnu/libxcb.so.1.1.0
7f7a13517000-7f7a13716000 ---p 00021000 08:0f 1319407                    /usr/lib/x86_64-linux-gnu/libxcb.so.1.1.0
7f7a13716000-7f7a13717000 r--p 00020000 08:0f 1319407                    /usr/lib/x86_64-linux-gnu/libxcb.so.1.1.0
7f7a13717000-7f7a13718000 rw-p 00021000 08:0f 1319407                    /usr/lib/x86_64-linux-gnu/libxcb.so.1.1.0
7f7a13718000-7f7a13720000 r-xp 00000000 08:0f 1319391                    /usr/lib/x86_64-linux-gnu/libxcb-render.so.0.0.0
7f7a13720000-7f7a13920000 ---p 00008000 08:0f 1319391                    /usr/lib/x86_64-linux-gnu/libxcb-render.so.0.0.0
7f7a13920000-7f7a13921000 r--p 00008000 08:0f 1319391                    /usr/lib/x86_64-linux-gnu/libxcb-render.so.0.0.0
7f7a13921000-7f7a13922000 rw-p 00009000 08:0f 1319391                    /usr/lib/x86_64-linux-gnu/libxcb-render.so.0.0.0
7f7a13922000-7f7a13924000 r-xp 00000000 08:0f 1319395                    /usr/lib/x86_64-linux-gnu/libxcb-shm.so.0.0.0
7f7a13924000-7f7a13b24000 ---p 00002000 08:0f 1319395                    /usr/lib/x86_64-linux-gnu/libxcb-shm.so.0.0.0
7f7a13b24000-7f7a13b25000 r--p 00002000 08:0f 1319395                    /usr/lib/x86_64-linux-gnu/libxcb-shm.so.0.0.0
7f7a13b25000-7f7a13b26000 rw-p 00003000 08:0f 1319395                    /usr/lib/x86_64-linux-gnu/libxcb-shm.so.0.0.0
7f7a13b26000-7f7a13b57000 r-xp 00000000 08:0f 1318920                    /usr/lib/x86_64-linux-gnu/libpng16.so.16.25.0
7f7a13b57000-7f7a13d56000 ---p 00031000 08:0f 1318920                    /usr/lib/x86_64-linux-gnu/libpng16.so.16.25.0
7f7a13d56000-7f7a13d57000 r--p 00030000 08:0f 1318920                    /usr/lib/x86_64-linux-gnu/libpng16.so.16.25.0
7f7a13d57000-7f7a13d58000 rw-p 00031000 08:0f 1318920                    /usr/lib/x86_64-linux-gnu/libpng16.so.16.25.0
7f7a13d58000-7f7a13df7000 r-xp 00000000 08:0f 1318912                    /usr/lib/x86_64-linux-gnu/libpixman-1.so.0.33.6
7f7a13df7000-7f7a13ff7000 ---p 0009f000 08:0f 1318912                    /usr/lib/x86_64-linux-gnu/libpixman-1.so.0.33.6
7f7a13ff7000-7f7a13fff000 r--p 0009f000 08:0f 1318912                    /usr/lib/x86_64-linux-gnu/libpixman-1.so.0.33.6
7f7a13fff000-7f7a14000000 rw-p 000a7000 08:0f 1318912                    /usr/lib/x86_64-linux-gnu/libpixman-1.so.0.33.6
7f7a14000000-7f7a14021000 rw-p 00000000 00:00 0 
7f7a14021000-7f7a18000000 ---p 00000000 00:00 0 
7f7a18000000-7f7a18021000 rw-p 00000000 00:00 0 
7f7a18021000-7f7a1c000000 ---p 00000000 00:00 0 
7f7a1c000000-7f7a1c718000 rw-p 00000000 00:00 0 
7f7a1c718000-7f7a20000000 ---p 00000000 00:00 0 
7f7a20000000-7f7a2089e000 rw-p 00000000 00:00 0 
7f7a2089e000-7f7a24000000 ---p 00000000 00:00 0 
7f7a24000000-7f7a24574000 rw-p 00000000 00:00 0 
7f7a24574000-7f7a28000000 ---p 00000000 00:00 0 
7f7a28000000-7f7a28520000 rw-p 00000000 00:00 0 
7f7a28520000-7f7a2c000000 ---p 00000000 00:00 0 
7f7a2c000000-7f7a2c021000 rw-p 00000000 00:00 0 
7f7a2c021000-7f7a30000000 ---p 00000000 00:00 0 
7f7a30000000-7f7a30021000 rw-p 00000000 00:00 0 
7f7a30021000-7f7a34000000 ---p 00000000 00:00 0 
7f7a34000000-7f7a34021000 rw-p 00000000 00:00 0 
7f7a34021000-7f7a38000000 ---p 00000000 00:00 0 
7f7a38000000-7f7a38021000 rw-p 00000000 00:00 0 
7f7a38021000-7f7a3c000000 ---p 00000000 00:00 0 
7f7a3c000000-7f7a3c021000 rw-p 00000000 00:00 0 
7f7a3c021000-7f7a40000000 ---p 00000000 00:00 0 
7f7a40000000-7f7a40001000 rw-s 00000000 00:05 259774                     /drm mm object (deleted)
7f7a40001000-7f7a4000d000 rw-s 00000000 00:05 258483                     /drm mm object (deleted)
7f7a4000d000-7f7a4005b000 r--p 00000000 08:0f 1713186                    /usr/lib/jvm/oracle_jdk8/jre/lib/fonts/LucidaSansDemiBold.ttf
7f7a4005b000-7f7a4006e000 r--p 00000000 08:0f 1713191                    /usr/lib/jvm/oracle_jdk8/jre/lib/fonts/LucidaBrightDemiBold.ttf
7f7a4006e000-7f7a400aa000 r--p 00000000 08:0f 1713189                    /usr/lib/jvm/oracle_jdk8/jre/lib/fonts/LucidaTypewriterRegular.ttf
7f7a400aa000-7f7a400af000 r--s 00084000 08:0f 1573685                    /usr/lib/jvm/oracle_jdk8/jre/lib/jfr.jar
7f7a400af000-7f7a400b3000 r--s 00097000 08:0f 1587686                    /usr/lib/jvm/oracle_jdk8/jre/lib/jsse.jar
7f7a400b3000-7f7a400b9000 r--s 002f8000 08:0f 1587656                    /usr/lib/jvm/oracle_jdk8/jre/lib/charsets.jar
7f7a400b9000-7f7a400c4000 r--s 00000000 08:0f 134039                     /var/cache/fontconfig/945677eb7aeaf62f1d50efc3fb3ec7d8-le64.cache-6
7f7a400c4000-7f7a400c7000 ---p 00000000 00:00 0 
7f7a400c7000-7f7a401c5000 rw-p 00000000 00:00 0 
7f7a401c5000-7f7a40243000 r-xp 00000000 08:0f 1318541                    /usr/lib/x86_64-linux-gnu/libharfbuzz.so.0.10200.7
7f7a40243000-7f7a40443000 ---p 0007e000 08:0f 1318541                    /usr/lib/x86_64-linux-gnu/libharfbuzz.so.0.10200.7
7f7a40443000-7f7a40444000 r--p 0007e000 08:0f 1318541                    /usr/lib/x86_64-linux-gnu/libharfbuzz.so.0.10200.7
7f7a40444000-7f7a40445000 rw-p 0007f000 08:0f 1318541                    /usr/lib/x86_64-linux-gnu/libharfbuzz.so.0.10200.7
7f7a40445000-7f7a4048b000 r-xp 00000000 08:0f 527943                     /lib/x86_64-linux-gnu/libmount.so.1.1.0
7f7a4048b000-7f7a4068a000 ---p 00046000 08:0f 527943                     /lib/x86_64-linux-gnu/libmount.so.1.1.0
7f7a4068a000-7f7a4068b000 r--p 00045000 08:0f 527943                     /lib/x86_64-linux-gnu/libmount.so.1.1.0
7f7a4068b000-7f7a4068c000 rw-p 00046000 08:0f 527943                     /lib/x86_64-linux-gnu/libmount.so.1.1.0
7f7a4068c000-7f7a4068d000 rw-p 00000000 00:00 0 
7f7a4068d000-7f7a406a4000 r-xp 00000000 08:0f 528272                     /lib/x86_64-linux-gnu/libresolv-2.24.so
7f7a406a4000-7f7a408a4000 ---p 00017000 08:0f 528272                     /lib/x86_64-linux-gnu/libresolv-2.24.so
7f7a408a4000-7f7a408a5000 r--p 00017000 08:0f 528272                     /lib/x86_64-linux-gnu/libresolv-2.24.so
7f7a408a5000-7f7a408a6000 rw-p 00018000 08:0f 528272                     /lib/x86_64-linux-gnu/libresolv-2.24.so
7f7a408a6000-7f7a408a8000 rw-p 00000000 00:00 0 
7f7a408a8000-7f7a408cb000 r-xp 00000000 08:0f 528203                     /lib/x86_64-linux-gnu/libselinux.so.1
7f7a408cb000-7f7a40aca000 ---p 00023000 08:0f 528203                     /lib/x86_64-linux-gnu/libselinux.so.1
7f7a40aca000-7f7a40acb000 r--p 00022000 08:0f 528203                     /lib/x86_64-linux-gnu/libselinux.so.1
7f7a40acb000-7f7a40acc000 rw-p 00023000 08:0f 528203                     /lib/x86_64-linux-gnu/libselinux.so.1
7f7a40acc000-7f7a40ace000 rw-p 00000000 00:00 0 
7f7a40ace000-7f7a40ae7000 r-xp 00000000 08:0f 528232                     /lib/x86_64-linux-gnu/libz.so.1.2.8
7f7a40ae7000-7f7a40ce6000 ---p 00019000 08:0f 528232                     /lib/x86_64-linux-gnu/libz.so.1.2.8
7f7a40ce6000-7f7a40ce7000 r--p 00018000 08:0f 528232                     /lib/x86_64-linux-gnu/libz.so.1.2.8
7f7a40ce7000-7f7a40ce8000 rw-p 00019000 08:0f 528232                     /lib/x86_64-linux-gnu/libz.so.1.2.8
7f7a40ce8000-7f7a40cf9000 r-xp 00000000 08:0f 1317886                    /usr/lib/x86_64-linux-gnu/libXext.so.6.4.0
7f7a40cf9000-7f7a40ef8000 ---p 00011000 08:0f 1317886                    /usr/lib/x86_64-linux-gnu/libXext.so.6.4.0
7f7a40ef8000-7f7a40ef9000 r--p 00010000 08:0f 1317886                    /usr/lib/x86_64-linux-gnu/libXext.so.6.4.0
7f7a40ef9000-7f7a40efa000 rw-p 00011000 08:0f 1317886                    /usr/lib/x86_64-linux-gnu/libXext.so.6.4.0
7f7a40efa000-7f7a40efc000 r-xp 00000000 08:0f 1317882                    /usr/lib/x86_64-linux-gnu/libXdamage.so.1.1.0
7f7a40efc000-7f7a410fb000 ---p 00002000 08:0f 1317882                    /usr/lib/x86_64-linux-gnu/libXdamage.so.1.1.0
7f7a410fb000-7f7a410fc000 r--p 00001000 08:0f 1317882                    /usr/lib/x86_64-linux-gnu/libXdamage.so.1.1.0
7f7a410fc000-7f7a410fd000 rw-p 00002000 08:0f 1317882                    /usr/lib/x86_64-linux-gnu/libXdamage.so.1.1.0
7f7a410fd000-7f7a410ff000 r-xp 00000000 08:0f 1317878                    /usr/lib/x86_64-linux-gnu/libXcomposite.so.1.0.0
7f7a410ff000-7f7a412fe000 ---p 00002000 08:0f 1317878                    /usr/lib/x86_64-linux-gnu/libXcomposite.so.1.0.0
7f7a412fe000-7f7a412ff000 r--p 00001000 08:0f 1317878                    /usr/lib/x86_64-linux-gnu/libXcomposite.so.1.0.0
7f7a412ff000-7f7a41300000 rw-p 00002000 08:0f 1317878                    /usr/lib/x86_64-linux-gnu/libXcomposite.so.1.0.0
7f7a41300000-7f7a41309000 r-xp 00000000 08:0f 1317880                    /usr/lib/x86_64-linux-gnu/libXcursor.so.1.0.2
7f7a41309000-7f7a41508000 ---p 00009000 08:0f 1317880                    /usr/lib/x86_64-linux-gnu/libXcursor.so.1.0.2
7f7a41508000-7f7a41509000 r--p 00008000 08:0f 1317880                    /usr/lib/x86_64-linux-gnu/libXcursor.so.1.0.2
7f7a41509000-7f7a4150a000 rw-p 00009000 08:0f 1317880                    /usr/lib/x86_64-linux-gnu/libXcursor.so.1.0.2
7f7a4150a000-7f7a41514000 r-xp 00000000 08:0f 1317904                    /usr/lib/x86_64-linux-gnu/libXrandr.so.2.2.0
7f7a41514000-7f7a41713000 ---p 0000a000 08:0f 1317904                    /usr/lib/x86_64-linux-gnu/libXrandr.so.2.2.0
7f7a41713000-7f7a41714000 r--p 00009000 08:0f 1317904                    /usr/lib/x86_64-linux-gnu/libXrandr.so.2.2.0
7f7a41714000-7f7a41715000 rw-p 0000a000 08:0f 1317904                    /usr/lib/x86_64-linux-gnu/libXrandr.so.2.2.0
7f7a41715000-7f7a41724000 r-xp 00000000 08:0f 1317894                    /usr/lib/x86_64-linux-gnu/libXi.so.6.1.0
7f7a41724000-7f7a41923000 ---p 0000f000 08:0f 1317894                    /usr/lib/x86_64-linux-gnu/libXi.so.6.1.0
7f7a41923000-7f7a41924000 r--p 0000e000 08:0f 1317894                    /usr/lib/x86_64-linux-gnu/libXi.so.6.1.0
7f7a41924000-7f7a41925000 rw-p 0000f000 08:0f 1317894                    /usr/lib/x86_64-linux-gnu/libXi.so.6.1.0
7f7a41925000-7f7a41927000 r-xp 00000000 08:0f 1317896                    /usr/lib/x86_64-linux-gnu/libXinerama.so.1.0.0
7f7a41927000-7f7a41b26000 ---p 00002000 08:0f 1317896                    /usr/lib/x86_64-linux-gnu/libXinerama.so.1.0.0
7f7a41b26000-7f7a41b27000 r--p 00001000 08:0f 1317896                    /usr/lib/x86_64-linux-gnu/libXinerama.so.1.0.0
7f7a41b27000-7f7a41b28000 rw-p 00002000 08:0f 1317896                    /usr/lib/x86_64-linux-gnu/libXinerama.so.1.0.0
7f7a41b28000-7f7a41b31000 r-xp 00000000 08:0f 1317906                    /usr/lib/x86_64-linux-gnu/libXrender.so.1.3.0
7f7a41b31000-7f7a41d30000 ---p 00009000 08:0f 1317906                    /usr/lib/x86_64-linux-gnu/libXrender.so.1.3.0
7f7a41d30000-7f7a41d31000 r--p 00008000 08:0f 1317906                    /usr/lib/x86_64-linux-gnu/libXrender.so.1.3.0
7f7a41d31000-7f7a41d32000 rw-p 00009000 08:0f 1317906                    /usr/lib/x86_64-linux-gnu/libXrender.so.1.3.0
7f7a41d32000-7f7a41d37000 r-xp 00000000 08:0f 1317888                    /usr/lib/x86_64-linux-gnu/libXfixes.so.3.1.0
7f7a41d37000-7f7a41f36000 ---p 00005000 08:0f 1317888                    /usr/lib/x86_64-linux-gnu/libXfixes.so.3.1.0
7f7a41f36000-7f7a41f37000 r--p 00004000 08:0f 1317888                    /usr/lib/x86_64-linux-gnu/libXfixes.so.3.1.0
7f7a41f37000-7f7a41f38000 rw-p 00005000 08:0f 1317888                    /usr/lib/x86_64-linux-gnu/libXfixes.so.3.1.0
7f7a41f38000-7f7a41f4e000 r-xp 00000000 08:0f 528088                     /lib/x86_64-linux-gnu/libgcc_s.so.1
7f7a41f4e000-7f7a4214d000 ---p 00016000 08:0f 528088                     /lib/x86_64-linux-gnu/libgcc_s.so.1
7f7a4214d000-7f7a4214e000 r--p 00015000 08:0f 528088                     /lib/x86_64-linux-gnu/libgcc_s.so.1
7f7a4214e000-7f7a4214f000 rw-p 00016000 08:0f 528088                     /lib/x86_64-linux-gnu/libgcc_s.so.1
7f7a4214f000-7f7a422c7000 r-xp 00000000 08:0f 1319101                    /usr/lib/x86_64-linux-gnu/libstdc++.so.6.0.22
7f7a422c7000-7f7a424c7000 ---p 00178000 08:0f 1319101                    /usr/lib/x86_64-linux-gnu/libstdc++.so.6.0.22
7f7a424c7000-7f7a424d1000 r--p 00178000 08:0f 1319101                    /usr/lib/x86_64-linux-gnu/libstdc++.so.6.0.22
7f7a424d1000-7f7a424d3000 rw-p 00182000 08:0f 1319101                    /usr/lib/x86_64-linux-gnu/libstdc++.so.6.0.22
7f7a424d3000-7f7a424d7000 rw-p 00000000 00:00 0 
7f7a424d7000-7f7a42547000 r-xp 00000000 08:0f 1571965                    /usr/lib/x86_64-linux-gnu/mesa/libGL.so.1.2.0
7f7a42547000-7f7a42746000 ---p 00070000 08:0f 1571965                    /usr/lib/x86_64-linux-gnu/mesa/libGL.so.1.2.0
7f7a42746000-7f7a42749000 r--p 0006f000 08:0f 1571965                    /usr/lib/x86_64-linux-gnu/mesa/libGL.so.1.2.0
7f7a42749000-7f7a4274a000 rw-p 00072000 08:0f 1571965                    /usr/lib/x86_64-linux-gnu/mesa/libGL.so.1.2.0
7f7a4274a000-7f7a4274b000 rw-p 00000000 00:00 0 
7f7a4274b000-7f7a42750000 r-xp 00000000 08:0f 1317922                    /usr/lib/x86_64-linux-gnu/libXxf86vm.so.1.0.0
7f7a42750000-7f7a4294f000 ---p 00005000 08:0f 1317922                    /usr/lib/x86_64-linux-gnu/libXxf86vm.so.1.0.0
7f7a4294f000-7f7a42950000 r--p 00004000 08:0f 1317922                    /usr/lib/x86_64-linux-gnu/libXxf86vm.so.1.0.0
7f7a42950000-7f7a42951000 rw-p 00005000 08:0f 1317922                    /usr/lib/x86_64-linux-gnu/libXxf86vm.so.1.0.0
7f7a42951000-7f7a42a86000 r-xp 00000000 08:0f 1317869                    /usr/lib/x86_64-linux-gnu/libX11.so.6.3.0
7f7a42a86000-7f7a42c85000 ---p 00135000 08:0f 1317869                    /usr/lib/x86_64-linux-gnu/libX11.so.6.3.0
7f7a42c85000-7f7a42c86000 r--p 00134000 08:0f 1317869                    /usr/lib/x86_64-linux-gnu/libX11.so.6.3.0
7f7a42c86000-7f7a42c8a000 rw-p 00135000 08:0f 1317869                    /usr/lib/x86_64-linux-gnu/libX11.so.6.3.0
7f7a42c8a000-7f7a42c8f000 r-xp 00000000 08:0f 1317912                    /usr/lib/x86_64-linux-gnu/libXtst.so.6.1.0
7f7a42c8f000-7f7a42e8e000 ---p 00005000 08:0f 1317912                    /usr/lib/x86_64-linux-gnu/libXtst.so.6.1.0
7f7a42e8e000-7f7a42e8f000 r--p 00004000 08:0f 1317912                    /usr/lib/x86_64-linux-gnu/libXtst.so.6.1.0
7f7a42e8f000-7f7a42e90000 rw-p 00005000 08:0f 1317912                    /usr/lib/x86_64-linux-gnu/libXtst.so.6.1.0
7f7a42e90000-7f7a42fa2000 r-xp 00000000 08:0f 527958                     /lib/x86_64-linux-gnu/libglib-2.0.so.0.5000.2
7f7a42fa2000-7f7a431a1000 ---p 00112000 08:0f 527958                     /lib/x86_64-linux-gnu/libglib-2.0.so.0.5000.2
7f7a431a1000-7f7a431a2000 r--p 00111000 08:0f 527958                     /lib/x86_64-linux-gnu/libglib-2.0.so.0.5000.2
7f7a431a2000-7f7a431a3000 rw-p 00112000 08:0f 527958                     /lib/x86_64-linux-gnu/libglib-2.0.so.0.5000.2
7f7a431a3000-7f7a431a4000 rw-p 00000000 00:00 0 
7f7a431a4000-7f7a431a5000 r-xp 00000000 08:0f 1308620                    /usr/lib/x86_64-linux-gnu/libgthread-2.0.so.0.5000.2
7f7a431a5000-7f7a433a4000 ---p 00001000 08:0f 1308620                    /usr/lib/x86_64-linux-gnu/libgthread-2.0.so.0.5000.2
7f7a433a4000-7f7a433a5000 r--p 00000000 08:0f 1308620                    /usr/lib/x86_64-linux-gnu/libgthread-2.0.so.0.5000.2
7f7a433a5000-7f7a433a6000 rw-p 00001000 08:0f 1308620                    /usr/lib/x86_64-linux-gnu/libgthread-2.0.so.0.5000.2
7f7a433a6000-7f7a433a9000 r-xp 00000000 08:0f 1308595                    /usr/lib/x86_64-linux-gnu/libgmodule-2.0.so.0.5000.2
7f7a433a9000-7f7a435a8000 ---p 00003000 08:0f 1308595                    /usr/lib/x86_64-linux-gnu/libgmodule-2.0.so.0.5000.2
7f7a435a8000-7f7a435a9000 r--p 00002000 08:0f 1308595                    /usr/lib/x86_64-linux-gnu/libgmodule-2.0.so.0.5000.2
7f7a435a9000-7f7a435aa000 rw-p 00003000 08:0f 1308595                    /usr/lib/x86_64-linux-gnu/libgmodule-2.0.so.0.5000.2
7f7a435aa000-7f7a435fc000 r-xp 00000000 08:0f 1308617                    /usr/lib/x86_64-linux-gnu/libgobject-2.0.so.0.5000.2
7f7a435fc000-7f7a437fb000 ---p 00052000 08:0f 1308617                    /usr/lib/x86_64-linux-gnu/libgobject-2.0.so.0.5000.2
7f7a437fb000-7f7a437fc000 r--p 00051000 08:0f 1308617                    /usr/lib/x86_64-linux-gnu/libgobject-2.0.so.0.5000.2
7f7a437fc000-7f7a437fd000 rw-p 00052000 08:0f 1308617                    /usr/lib/x86_64-linux-gnu/libgobject-2.0.so.0.5000.2
7f7a437fd000-7f7a4383a000 r-xp 00000000 08:0f 1318288                    /usr/lib/x86_64-linux-gnu/libfontconfig.so.1.9.0
7f7a4383a000-7f7a43a39000 ---p 0003d000 08:0f 1318288                    /usr/lib/x86_64-linux-gnu/libfontconfig.so.1.9.0
7f7a43a39000-7f7a43a3b000 r--p 0003c000 08:0f 1318288                    /usr/lib/x86_64-linux-gnu/libfontconfig.so.1.9.0
7f7a43a3b000-7f7a43a40000 rw-p 0003e000 08:0f 1318288                    /usr/lib/x86_64-linux-gnu/libfontconfig.so.1.9.0
7f7a43a40000-7f7a43ae7000 r-xp 00000000 08:0f 1309727                    /usr/lib/x86_64-linux-gnu/libfreetype.so.6.12.3
7f7a43ae7000-7f7a43ce6000 ---p 000a7000 08:0f 1309727                    /usr/lib/x86_64-linux-gnu/libfreetype.so.6.12.3
7f7a43ce6000-7f7a43cec000 r--p 000a6000 08:0f 1309727                    /usr/lib/x86_64-linux-gnu/libfreetype.so.6.12.3
7f7a43cec000-7f7a43ced000 rw-p 000ac000 08:0f 1309727                    /usr/lib/x86_64-linux-gnu/libfreetype.so.6.12.3
7f7a43ced000-7f7a43dfb000 r-xp 00000000 08:0f 1318039                    /usr/lib/x86_64-linux-gnu/libcairo.so.2.11400.6
7f7a43dfb000-7f7a43ffa000 ---p 0010e000 08:0f 1318039                    /usr/lib/x86_64-linux-gnu/libcairo.so.2.11400.6
7f7a43ffa000-7f7a43ffd000 r--p 0010d000 08:0f 1318039                    /usr/lib/x86_64-linux-gnu/libcairo.so.2.11400.6
7f7a43ffd000-7f7a43ffe000 rw-p 00110000 08:0f 1318039                    /usr/lib/x86_64-linux-gnu/libcairo.so.2.11400.6
7f7a43ffe000-7f7a44000000 rw-p 00000000 00:00 0 
7f7a44000000-7f7a44021000 rw-p 00000000 00:00 0 
7f7a44021000-7f7a48000000 ---p 00000000 00:00 0 
7f7a48000000-7f7a48021000 rw-p 00000000 00:00 0 
7f7a48021000-7f7a4c000000 ---p 00000000 00:00 0 
7f7a4c000000-7f7a4c021000 rw-p 00000000 00:00 0 
7f7a4c021000-7f7a50000000 ---p 00000000 00:00 0 
7f7a50000000-7f7a50021000 rw-p 00000000 00:00 0 
7f7a50021000-7f7a54000000 ---p 00000000 00:00 0 
7f7a54000000-7f7a54021000 rw-p 00000000 00:00 0 
7f7a54021000-7f7a58000000 ---p 00000000 00:00 0 
7f7a58000000-7f7a58001000 rw-s 00000000 00:05 259773                     /drm mm object (deleted)
7f7a58001000-7f7a58007000 r--s 00000000 08:0f 134020                     /var/cache/fontconfig/2cd17615ca594fa2959ae173292e504c-le64.cache-6
7f7a58007000-7f7a58008000 r--s 00000000 08:0f 134017                     /var/cache/fontconfig/0d8c3b2ac0904cb8a57a757ad11a4a08-le64.cache-6
7f7a58008000-7f7a5800c000 r--s 00000000 08:0f 132419                     /var/cache/fontconfig/de156ccd2eddbdc19d37a45b8b2aac9c-le64.cache-6
7f7a5800c000-7f7a58021000 r--s 00000000 08:0f 134013                     /var/cache/fontconfig/04aabc0a78ac019cf9454389977116d2-le64.cache-6
7f7a58021000-7f7a58022000 r--s 00000000 08:0f 134019                     /var/cache/fontconfig/1ac9eb803944fde146138c791f5cc56a-le64.cache-6
7f7a58022000-7f7a58026000 r--s 00000000 08:0f 134024                     /var/cache/fontconfig/385c0604a188198f04d133e54aba7fe7-le64.cache-6
7f7a58026000-7f7a58027000 r--s 00000000 08:0f 134052                     /var/cache/fontconfig/dc05db6664285cc2f12bf69c139ae4c3-le64.cache-6
7f7a58027000-7f7a5802a000 r--s 00000000 08:0f 134035                     /var/cache/fontconfig/767a8244fc0220cfb567a839d0392e0b-le64.cache-6
7f7a5802a000-7f7a5802b000 r--s 00000000 08:0f 132299                     /var/cache/fontconfig/4794a0821666d79190d59a36cb4f44b5-le64.cache-6
7f7a5802b000-7f7a5802c000 r--s 00000000 08:0f 134015                     /var/cache/fontconfig/0bd3dc0958fa2205aaaa8ebb13e2872b-le64.cache-6
7f7a5802c000-7f7a58031000 r--s 00000000 08:0f 134038                     /var/cache/fontconfig/8801497958630a81b71ace7c5f9b32a8-le64.cache-6
7f7a58031000-7f7a58035000 r--s 00000000 08:0f 132418                     /var/cache/fontconfig/c57959a16110560c8d0fcea73374aeeb-le64.cache-6
7f7a58035000-7f7a58036000 r--s 00000000 08:0f 134045                     /var/cache/fontconfig/bab58bb527bb656aaa9f116d68a48d89-le64.cache-6
7f7a58036000-7f7a5803c000 r--s 00000000 08:0f 134021                     /var/cache/fontconfig/3047814df9a2f067bd2d96a2b9c36e5a-le64.cache-6
7f7a5803c000-7f7a5803d000 r--s 00000000 08:0f 134029                     /var/cache/fontconfig/56cf4f4769d0f4abc89a4895d7bd3ae1-le64.cache-6
7f7a5803d000-7f7a5803e000 r--s 00000000 08:0f 134044                     /var/cache/fontconfig/b9d506c9ac06c20b433354fa67a72993-le64.cache-6
7f7a5803e000-7f7a58044000 r--s 00000000 08:0f 134043                     /var/cache/fontconfig/b47c4e1ecd0709278f4910c18777a504-le64.cache-6
7f7a58044000-7f7a58057000 r--s 00000000 08:0f 134049                     /var/cache/fontconfig/d52a8644073d54c13679302ca1180695-le64.cache-6
7f7a58057000-7f7a58063000 r--s 00000000 08:0f 134698                     /var/cache/fontconfig/d589a48862398ed80a3d6066f4f56f4c-le64.cache-6
7f7a58063000-7f7a580ac000 r--p 00000000 08:0f 1703186                    /usr/share/glib-2.0/schemas/gschemas.compiled
7f7a580ac000-7f7a580f5000 r-xp 00000000 08:0f 1318880                    /usr/lib/x86_64-linux-gnu/libpango-1.0.so.0.4000.1
7f7a580f5000-7f7a582f5000 ---p 00049000 08:0f 1318880                    /usr/lib/x86_64-linux-gnu/libpango-1.0.so.0.4000.1
7f7a582f5000-7f7a582f7000 r--p 00049000 08:0f 1318880                    /usr/lib/x86_64-linux-gnu/libpango-1.0.so.0.4000.1
7f7a582f7000-7f7a582f8000 rw-p 0004b000 08:0f 1318880                    /usr/lib/x86_64-linux-gnu/libpango-1.0.so.0.4000.1
7f7a582f8000-7f7a58304000 r-xp 00000000 08:0f 1318882                    /usr/lib/x86_64-linux-gnu/libpangocairo-1.0.so.0.4000.1
7f7a58304000-7f7a58503000 ---p 0000c000 08:0f 1318882                    /usr/lib/x86_64-linux-gnu/libpangocairo-1.0.so.0.4000.1
7f7a58503000-7f7a58504000 r--p 0000b000 08:0f 1318882                    /usr/lib/x86_64-linux-gnu/libpangocairo-1.0.so.0.4000.1
7f7a58504000-7f7a58505000 rw-p 0000c000 08:0f 1318882                    /usr/lib/x86_64-linux-gnu/libpangocairo-1.0.so.0.4000.1
7f7a58505000-7f7a58526000 r-xp 00000000 08:0f 1318363                    /usr/lib/x86_64-linux-gnu/libgdk_pixbuf-2.0.so.0.3400.0
7f7a58526000-7f7a58725000 ---p 00021000 08:0f 1318363                    /usr/lib/x86_64-linux-gnu/libgdk_pixbuf-2.0.so.0.3400.0
7f7a58725000-7f7a58726000 r--p 00020000 08:0f 1318363                    /usr/lib/x86_64-linux-gnu/libgdk_pixbuf-2.0.so.0.3400.0
7f7a58726000-7f7a58727000 rw-p 00021000 08:0f 1318363                    /usr/lib/x86_64-linux-gnu/libgdk_pixbuf-2.0.so.0.3400.0
7f7a58727000-7f7a5873b000 r-xp 00000000 08:0f 1318884                    /usr/lib/x86_64-linux-gnu/libpangoft2-1.0.so.0.4000.1
7f7a5873b000-7f7a5893b000 ---p 00014000 08:0f 1318884                    /usr/lib/x86_64-linux-gnu/libpangoft2-1.0.so.0.4000.1
7f7a5893b000-7f7a5893c000 r--p 00014000 08:0f 1318884                    /usr/lib/x86_64-linux-gnu/libpangoft2-1.0.so.0.4000.1
7f7a5893c000-7f7a5893d000 rw-p 00015000 08:0f 1318884                    /usr/lib/x86_64-linux-gnu/libpangoft2-1.0.so.0.4000.1
7f7a5893d000-7f7a58aca000 r-xp 00000000 08:0f 1308571                    /usr/lib/x86_64-linux-gnu/libgio-2.0.so.0.5000.2
7f7a58aca000-7f7a58cc9000 ---p 0018d000 08:0f 1308571                    /usr/lib/x86_64-linux-gnu/libgio-2.0.so.0.5000.2
7f7a58cc9000-7f7a58cce000 r--p 0018c000 08:0f 1308571                    /usr/lib/x86_64-linux-gnu/libgio-2.0.so.0.5000.2
7f7a58cce000-7f7a58cd1000 rw-p 00191000 08:0f 1308571                    /usr/lib/x86_64-linux-gnu/libgio-2.0.so.0.5000.2
7f7a58cd1000-7f7a58cd2000 rw-p 00000000 00:00 0 
7f7a58cd2000-7f7a58cf4000 r-xp 00000000 08:0f 1317973                    /usr/lib/x86_64-linux-gnu/libatk-1.0.so.0.22009.1
7f7a58cf4000-7f7a58ef3000 ---p 00022000 08:0f 1317973                    /usr/lib/x86_64-linux-gnu/libatk-1.0.so.0.22009.1
7f7a58ef3000-7f7a58ef6000 r--p 00021000 08:0f 1317973                    /usr/lib/x86_64-linux-gnu/libatk-1.0.so.0.22009.1
7f7a58ef6000-7f7a58ef7000 rw-p 00024000 08:0f 1317973                    /usr/lib/x86_64-linux-gnu/libatk-1.0.so.0.22009.1
7f7a58ef7000-7f7a58fa7000 r-xp 00000000 08:0f 1314085                    /usr/lib/x86_64-linux-gnu/libgdk-x11-2.0.so.0.2400.30
7f7a58fa7000-7f7a591a6000 ---p 000b0000 08:0f 1314085                    /usr/lib/x86_64-linux-gnu/libgdk-x11-2.0.so.0.2400.30
7f7a591a6000-7f7a591aa000 r--p 000af000 08:0f 1314085                    /usr/lib/x86_64-linux-gnu/libgdk-x11-2.0.so.0.2400.30
7f7a591aa000-7f7a591ac000 rw-p 000b3000 08:0f 1314085                    /usr/lib/x86_64-linux-gnu/libgdk-x11-2.0.so.0.2400.30
7f7a591ac000-7f7a595ea000 r-xp 00000000 08:0f 1314087                    /usr/lib/x86_64-linux-gnu/libgtk-x11-2.0.so.0.2400.30
7f7a595ea000-7f7a597ea000 ---p 0043e000 08:0f 1314087                    /usr/lib/x86_64-linux-gnu/libgtk-x11-2.0.so.0.2400.30
7f7a597ea000-7f7a597f1000 r--p 0043e000 08:0f 1314087                    /usr/lib/x86_64-linux-gnu/libgtk-x11-2.0.so.0.2400.30
7f7a597f1000-7f7a597f5000 rw-p 00445000 08:0f 1314087                    /usr/lib/x86_64-linux-gnu/libgtk-x11-2.0.so.0.2400.30
7f7a597f5000-7f7a597f8000 rw-p 00000000 00:00 0 
7f7a597f8000-7f7a59804000 r-xp 00000000 08:0f 1587742                    /usr/lib/jvm/oracle_jdk8/jre/lib/amd64/libprism_es2.so
7f7a59804000-7f7a59a03000 ---p 0000c000 08:0f 1587742                    /usr/lib/jvm/oracle_jdk8/jre/lib/amd64/libprism_es2.so
7f7a59a03000-7f7a59a04000 rw-p 0000b000 08:0f 1587742                    /usr/lib/jvm/oracle_jdk8/jre/lib/amd64/libprism_es2.so
7f7a59a04000-7f7a59a07000 ---p 00000000 00:00 0 
7f7a59a07000-7f7a59b05000 rw-p 00000000 00:00 0 
7f7a59b05000-7f7a59b06000 ---p 00000000 00:00 0 
7f7a59b06000-7f7a59c06000 rw-p 00000000 00:00 0 
7f7a59c06000-7f7a59c09000 ---p 00000000 00:00 0 
7f7a59c09000-7f7a59d07000 rw-p 00000000 00:00 0 
7f7a59d07000-7f7a59d0a000 ---p 00000000 00:00 0 
7f7a59d0a000-7f7a59e08000 rw-p 00000000 00:00 0 
7f7a59e08000-7f7a59e0b000 ---p 00000000 00:00 0 
7f7a59e0b000-7f7a59f09000 rw-p 00000000 00:00 0 
7f7a59f09000-7f7a59f0c000 ---p 00000000 00:00 0 
7f7a59f0c000-7f7a5a00a000 rw-p 00000000 00:00 0 
7f7a5a00a000-7f7a5a00d000 ---p 00000000 00:00 0 
7f7a5a00d000-7f7a5a10b000 rw-p 00000000 00:00 0 
7f7a5a10b000-7f7a5a10e000 ---p 00000000 00:00 0 
7f7a5a10e000-7f7a5a20c000 rw-p 00000000 00:00 0 
7f7a5a20c000-7f7a5a4e5000 r--p 00000000 08:0f 1317515                    /usr/lib/locale/locale-archive
7f7a5a4e5000-7f7a5a4e8000 ---p 00000000 00:00 0 
7f7a5a4e8000-7f7a5a5e6000 rw-p 00000000 00:00 0 
7f7a5a5e6000-7f7a5a5e9000 ---p 00000000 00:00 0 
7f7a5a5e9000-7f7a5a6e7000 rw-p 00000000 00:00 0 
7f7a5a6e7000-7f7a5a6e8000 ---p 00000000 00:00 0 
7f7a5a6e8000-7f7a5c000000 rw-p 00000000 00:00 0 
7f7a5c000000-7f7a5c021000 rw-p 00000000 00:00 0 
7f7a5c021000-7f7a60000000 ---p 00000000 00:00 0 
7f7a60000000-7f7a6000b000 r--s 00000000 08:0f 134037                     /var/cache/fontconfig/83bf95040141907cd45bb53cf7c1c148-le64.cache-6
7f7a6000b000-7f7a6001d000 r--s 00000000 08:0f 134041                     /var/cache/fontconfig/9b89f8e3dae116d678bbf48e5f21f69b-le64.cache-6
7f7a6001d000-7f7a6003b000 r-xp 00000000 08:0f 523353                     /lib/x86_64-linux-gnu/libudev.so.1.6.5
7f7a6003b000-7f7a6003c000 ---p 0001e000 08:0f 523353                     /lib/x86_64-linux-gnu/libudev.so.1.6.5
7f7a6003c000-7f7a6003d000 r--p 0001e000 08:0f 523353                     /lib/x86_64-linux-gnu/libudev.so.1.6.5
7f7a6003d000-7f7a6003e000 rw-p 0001f000 08:0f 523353                     /lib/x86_64-linux-gnu/libudev.so.1.6.5
7f7a6003e000-7f7a64000000 rw-p 00000000 00:00 0 
7f7a64000000-7f7a64021000 rw-p 00000000 00:00 0 
7f7a64021000-7f7a68000000 ---p 00000000 00:00 0 
7f7a68000000-7f7a68001000 r--s 00000000 08:0f 134028                     /var/cache/fontconfig/551ecf3b0e8b0bca0f25c0944f561853-le64.cache-6
7f7a68001000-7f7a68002000 r--s 00000000 08:0f 134025                     /var/cache/fontconfig/3f7329c5293ffd510edef78f73874cfd-le64.cache-6
7f7a68002000-7f7a68003000 r--s 00000000 08:0f 134022                     /var/cache/fontconfig/30829fa25452a46451e813d634d7f916-le64.cache-6
7f7a68003000-7f7a68006000 r--s 00000000 08:0f 134034                     /var/cache/fontconfig/75114ca45c98e8a441da0ff356701271-le64.cache-6
7f7a68006000-7f7a68009000 r--s 00000000 08:0f 134053                     /var/cache/fontconfig/e13b20fdb08344e0e664864cc2ede53d-le64.cache-6
7f7a68009000-7f7a6800d000 r--s 00000000 08:0f 132314                     /var/cache/fontconfig/7ef2298fde41cc6eeb7af42e48b7d293-le64.cache-6
7f7a6800d000-7f7a68017000 r--s 000e7000 08:0f 2241582                    /home/shahsparx/NetBeansProjects/UCET_ACCOUNTS/dist/run822600773/lib/mysql-connector-java-5.1.38-bin.jar
7f7a68017000-7f7a6802c000 r--s 0022c000 08:0f 2241579                    /home/shahsparx/NetBeansProjects/UCET_ACCOUNTS/dist/run822600773/lib/jfoenix.jar
7f7a6802c000-7f7a68035000 r--s 0008c000 08:0f 2241190                    /home/shahsparx/NetBeansProjects/UCET_ACCOUNTS/dist/run822600773/lib/javax.mail.jar
7f7a68035000-7f7a68037000 r--s 0008a000 08:0f 2241189                    /home/shahsparx/NetBeansProjects/UCET_ACCOUNTS/dist/run822600773/lib/fontawesomefx-8.9.jar
7f7a68037000-7f7a6803f000 rw-s 00000000 00:05 258482                     /drm mm object (deleted)
7f7a6803f000-7f7a680d4000 r--s 01103000 08:0f 2243419                    /usr/lib/jvm/oracle_jdk8/jre/lib/ext/jfxrt.jar
7f7a680d4000-7f7a681d5000 rw-p 00000000 00:00 0 
7f7a681d5000-7f7a683ae000 r--s 03d1f000 08:0f 1587658                    /usr/lib/jvm/oracle_jdk8/jre/lib/rt.jar
7f7a683ae000-7f7a69000000 rw-p 00000000 00:00 0 
7f7a69000000-7f7a69980000 rwxp 00000000 00:00 0 
7f7a69980000-7f7a78000000 ---p 00000000 00:00 0 
7f7a78000000-7f7a78597000 rw-p 00000000 00:00 0 
7f7a78597000-7f7a7c000000 ---p 00000000 00:00 0 
7f7a7c000000-7f7a7c008000 rw-s 00000000 00:05 258471                     /drm mm object (deleted)
7f7a7c008000-7f7a7c00f000 r--p 00000000 08:0f 1986246                    /home/shahsparx/.config/dconf/user
7f7a7c00f000-7f7a7c010000 ---p 00000000 00:00 0 
7f7a7c010000-7f7a7c110000 rw-p 00000000 00:00 0 
7f7a7c110000-7f7a7c111000 ---p 00000000 00:00 0 
7f7a7c111000-7f7a7c211000 rw-p 00000000 00:00 0 
7f7a7c211000-7f7a7c212000 ---p 00000000 00:00 0 
7f7a7c212000-7f7a7c312000 rw-p 00000000 00:00 0 
7f7a7c312000-7f7a7c313000 ---p 00000000 00:00 0 
7f7a7c313000-7f7a7c413000 rw-p 00000000 00:00 0 
7f7a7c413000-7f7a7c414000 ---p 00000000 00:00 0 
7f7a7c414000-7f7a7c514000 rw-p 00000000 00:00 0 
7f7a7c514000-7f7a7c515000 ---p 00000000 00:00 0 
7f7a7c515000-7f7a7c615000 rw-p 00000000 00:00 0 
7f7a7c615000-7f7a7c616000 ---p 00000000 00:00 0 
7f7a7c616000-7f7a7c716000 rw-p 00000000 00:00 0 
7f7a7c716000-7f7a7c717000 ---p 00000000 00:00 0 
7f7a7c717000-7f7a7c838000 rw-p 00000000 00:00 0 
7f7a7c838000-7f7a7caaa000 ---p 00000000 00:00 0 
7f7a7caaa000-7f7a7cacb000 rw-p 00000000 00:00 0 
7f7a7cacb000-7f7a7cd3c000 ---p 00000000 00:00 0 
7f7a7cd3c000-7f7a7cd52000 rw-p 00000000 00:00 0 
7f7a7cd52000-7f7a7ce86000 ---p 00000000 00:00 0 
7f7a7ce86000-7f7a7cead000 rw-p 00000000 00:00 0 
7f7a7cead000-7f7a7d247000 ---p 00000000 00:00 0 
7f7a7d247000-7f7a7d261000 r-xp 00000000 08:0f 1587734                    /usr/lib/jvm/oracle_jdk8/jre/lib/amd64/libzip.so
7f7a7d261000-7f7a7d461000 ---p 0001a000 08:0f 1587734                    /usr/lib/jvm/oracle_jdk8/jre/lib/amd64/libzip.so
7f7a7d461000-7f7a7d462000 rw-p 0001a000 08:0f 1587734                    /usr/lib/jvm/oracle_jdk8/jre/lib/amd64/libzip.so
7f7a7d462000-7f7a7d46d000 r-xp 00000000 08:0f 528266                     /lib/x86_64-linux-gnu/libnss_files-2.24.so
7f7a7d46d000-7f7a7d66c000 ---p 0000b000 08:0f 528266                     /lib/x86_64-linux-gnu/libnss_files-2.24.so
7f7a7d66c000-7f7a7d66d000 r--p 0000a000 08:0f 528266                     /lib/x86_64-linux-gnu/libnss_files-2.24.so
7f7a7d66d000-7f7a7d66e000 rw-p 0000b000 08:0f 528266                     /lib/x86_64-linux-gnu/libnss_files-2.24.so
7f7a7d66e000-7f7a7d674000 rw-p 00000000 00:00 0 
7f7a7d674000-7f7a7d67f000 r-xp 00000000 08:0f 528268                     /lib/x86_64-linux-gnu/libnss_nis-2.24.so
7f7a7d67f000-7f7a7d87e000 ---p 0000b000 08:0f 528268                     /lib/x86_64-linux-gnu/libnss_nis-2.24.so
7f7a7d87e000-7f7a7d87f000 r--p 0000a000 08:0f 528268                     /lib/x86_64-linux-gnu/libnss_nis-2.24.so
7f7a7d87f000-7f7a7d880000 rw-p 0000b000 08:0f 528268                     /lib/x86_64-linux-gnu/libnss_nis-2.24.so
7f7a7d880000-7f7a7d896000 r-xp 00000000 08:0f 528263                     /lib/x86_64-linux-gnu/libnsl-2.24.so
7f7a7d896000-7f7a7da95000 ---p 00016000 08:0f 528263                     /lib/x86_64-linux-gnu/libnsl-2.24.so
7f7a7da95000-7f7a7da96000 r--p 00015000 08:0f 528263                     /lib/x86_64-linux-gnu/libnsl-2.24.so
7f7a7da96000-7f7a7da97000 rw-p 00016000 08:0f 528263                     /lib/x86_64-linux-gnu/libnsl-2.24.so
7f7a7da97000-7f7a7da99000 rw-p 00000000 00:00 0 
7f7a7da99000-7f7a7daa1000 r-xp 00000000 08:0f 528264                     /lib/x86_64-linux-gnu/libnss_compat-2.24.so
7f7a7daa1000-7f7a7dca0000 ---p 00008000 08:0f 528264                     /lib/x86_64-linux-gnu/libnss_compat-2.24.so
7f7a7dca0000-7f7a7dca1000 r--p 00007000 08:0f 528264                     /lib/x86_64-linux-gnu/libnss_compat-2.24.so
7f7a7dca1000-7f7a7dca2000 rw-p 00008000 08:0f 528264                     /lib/x86_64-linux-gnu/libnss_compat-2.24.so
7f7a7dca2000-7f7a7dccc000 r-xp 00000000 08:0f 1587729                    /usr/lib/jvm/oracle_jdk8/jre/lib/amd64/libjava.so
7f7a7dccc000-7f7a7decc000 ---p 0002a000 08:0f 1587729                    /usr/lib/jvm/oracle_jdk8/jre/lib/amd64/libjava.so
7f7a7decc000-7f7a7dece000 rw-p 0002a000 08:0f 1587729                    /usr/lib/jvm/oracle_jdk8/jre/lib/amd64/libjava.so
7f7a7dece000-7f7a7dedb000 r-xp 00000000 08:0f 1587733                    /usr/lib/jvm/oracle_jdk8/jre/lib/amd64/libverify.so
7f7a7dedb000-7f7a7e0db000 ---p 0000d000 08:0f 1587733                    /usr/lib/jvm/oracle_jdk8/jre/lib/amd64/libverify.so
7f7a7e0db000-7f7a7e0dd000 rw-p 0000d000 08:0f 1587733                    /usr/lib/jvm/oracle_jdk8/jre/lib/amd64/libverify.so
7f7a7e0dd000-7f7a7e0e4000 r-xp 00000000 08:0f 528273                     /lib/x86_64-linux-gnu/librt-2.24.so
7f7a7e0e4000-7f7a7e2e3000 ---p 00007000 08:0f 528273                     /lib/x86_64-linux-gnu/librt-2.24.so
7f7a7e2e3000-7f7a7e2e4000 r--p 00006000 08:0f 528273                     /lib/x86_64-linux-gnu/librt-2.24.so
7f7a7e2e4000-7f7a7e2e5000 rw-p 00007000 08:0f 528273                     /lib/x86_64-linux-gnu/librt-2.24.so
7f7a7e2e5000-7f7a7e3ed000 r-xp 00000000 08:0f 528260                     /lib/x86_64-linux-gnu/libm-2.24.so
7f7a7e3ed000-7f7a7e5ec000 ---p 00108000 08:0f 528260                     /lib/x86_64-linux-gnu/libm-2.24.so
7f7a7e5ec000-7f7a7e5ed000 r--p 00107000 08:0f 528260                     /lib/x86_64-linux-gnu/libm-2.24.so
7f7a7e5ed000-7f7a7e5ee000 rw-p 00108000 08:0f 528260                     /lib/x86_64-linux-gnu/libm-2.24.so
7f7a7e5ee000-7f7a7f2ae000 r-xp 00000000 08:0f 1713201                    /usr/lib/jvm/oracle_jdk8/jre/lib/amd64/server/libjvm.so
7f7a7f2ae000-7f7a7f4ae000 ---p 00cc0000 08:0f 1713201                    /usr/lib/jvm/oracle_jdk8/jre/lib/amd64/server/libjvm.so
7f7a7f4ae000-7f7a7f586000 rw-p 00cc0000 08:0f 1713201                    /usr/lib/jvm/oracle_jdk8/jre/lib/amd64/server/libjvm.so
7f7a7f586000-7f7a7f5d1000 rw-p 00000000 00:00 0 
7f7a7f5d1000-7f7a7f78e000 r-xp 00000000 08:0f 528256                     /lib/x86_64-linux-gnu/libc-2.24.so
7f7a7f78e000-7f7a7f98e000 ---p 001bd000 08:0f 528256                     /lib/x86_64-linux-gnu/libc-2.24.so
7f7a7f98e000-7f7a7f992000 r--p 001bd000 08:0f 528256                     /lib/x86_64-linux-gnu/libc-2.24.so
7f7a7f992000-7f7a7f994000 rw-p 001c1000 08:0f 528256                     /lib/x86_64-linux-gnu/libc-2.24.so
7f7a7f994000-7f7a7f998000 rw-p 00000000 00:00 0 
7f7a7f998000-7f7a7f99b000 r-xp 00000000 08:0f 528259                     /lib/x86_64-linux-gnu/libdl-2.24.so
7f7a7f99b000-7f7a7fb9a000 ---p 00003000 08:0f 528259                     /lib/x86_64-linux-gnu/libdl-2.24.so
7f7a7fb9a000-7f7a7fb9b000 r--p 00002000 08:0f 528259                     /lib/x86_64-linux-gnu/libdl-2.24.so
7f7a7fb9b000-7f7a7fb9c000 rw-p 00003000 08:0f 528259                     /lib/x86_64-linux-gnu/libdl-2.24.so
7f7a7fb9c000-7f7a7fbb1000 r-xp 00000000 08:0f 1587711                    /usr/lib/jvm/oracle_jdk8/jre/lib/amd64/jli/libjli.so
7f7a7fbb1000-7f7a7fdb1000 ---p 00015000 08:0f 1587711                    /usr/lib/jvm/oracle_jdk8/jre/lib/amd64/jli/libjli.so
7f7a7fdb1000-7f7a7fdb2000 rw-p 00015000 08:0f 1587711                    /usr/lib/jvm/oracle_jdk8/jre/lib/amd64/jli/libjli.so
7f7a7fdb2000-7f7a7fdca000 r-xp 00000000 08:0f 528271                     /lib/x86_64-linux-gnu/libpthread-2.24.so
7f7a7fdca000-7f7a7ffca000 ---p 00018000 08:0f 528271                     /lib/x86_64-linux-gnu/libpthread-2.24.so
7f7a7ffca000-7f7a7ffcb000 r--p 00018000 08:0f 528271                     /lib/x86_64-linux-gnu/libpthread-2.24.so
7f7a7ffcb000-7f7a7ffcc000 rw-p 00019000 08:0f 528271                     /lib/x86_64-linux-gnu/libpthread-2.24.so
7f7a7ffcc000-7f7a7ffd0000 rw-p 00000000 00:00 0 
7f7a7ffd0000-7f7a7fff5000 r-xp 00000000 08:0f 528252                     /lib/x86_64-linux-gnu/ld-2.24.so
7f7a7fff5000-7f7a7fff6000 r--s 00000000 08:0f 134016                     /var/cache/fontconfig/0c9eb80ebd1c36541ebe2852d3bb0c49-le64.cache-6
7f7a7fff6000-7f7a800c7000 rw-p 00000000 00:00 0 
7f7a800c7000-7f7a800ca000 ---p 00000000 00:00 0 
7f7a800ca000-7f7a801ca000 rw-p 00000000 00:00 0 
7f7a801cb000-7f7a801cc000 rw-s 101d02000 00:06 349                       /dev/dri/card0
7f7a801cc000-7f7a801d4000 rw-s 00000000 00:05 255832                     /drm mm object (deleted)
7f7a801d4000-7f7a801d5000 rw-s 00000000 00:05 255829                     /drm mm object (deleted)
7f7a801d5000-7f7a801d6000 r--s 00000000 00:2e 57                         /run/user/1000/dconf/user
7f7a801d6000-7f7a801de000 rw-s 00000000 00:05 255827                     /drm mm object (deleted)
7f7a801de000-7f7a801e5000 r--s 00000000 08:0f 1583579                    /usr/lib/x86_64-linux-gnu/gconv/gconv-modules.cache
7f7a801e5000-7f7a801e7000 r--s 00018000 08:0f 2240587                    /home/shahsparx/NetBeansProjects/UCET_ACCOUNTS/dist/run822600773/UCET_ACCOUNTS.jar
7f7a801e7000-7f7a801ef000 rw-s 00000000 08:0f 2878154                    /tmp/hsperfdata_shahsparx/7464
7f7a801ef000-7f7a801f0000 rw-p 00000000 00:00 0 
7f7a801f0000-7f7a801f1000 r--p 00000000 00:00 0 
7f7a801f1000-7f7a801f4000 rw-p 00000000 00:00 0 
7f7a801f4000-7f7a801f5000 r--p 00024000 08:0f 528252                     /lib/x86_64-linux-gnu/ld-2.24.so
7f7a801f5000-7f7a801f6000 rw-p 00025000 08:0f 528252                     /lib/x86_64-linux-gnu/ld-2.24.so
7f7a801f6000-7f7a801f7000 rw-p 00000000 00:00 0 
7ffc9ad41000-7ffc9ad62000 rw-p 00000000 00:00 0                          [stack]
7ffc9ada3000-7ffc9ada5000 r--p 00000000 00:00 0                          [vvar]
7ffc9ada5000-7ffc9ada7000 r-xp 00000000 00:00 0                          [vdso]
ffffffffff600000-ffffffffff601000 r-xp 00000000 00:00 0                  [vsyscall]

VM Arguments:
jvm_args: -Dfile.encoding=UTF-8 
java_command: /home/shahsparx/NetBeansProjects/UCET_ACCOUNTS/dist/run822600773/UCET_ACCOUNTS.jar
java_class_path (initial): /home/shahsparx/NetBeansProjects/UCET_ACCOUNTS/dist/run822600773/UCET_ACCOUNTS.jar
Launcher Type: SUN_STANDARD

Environment Variables:
PATH=/home/shahsparx/bin:/home/shahsparx/.local/bin:/usr/local/sbin:/usr/local/bin:/usr/sbin:/usr/bin:/sbin:/bin:/usr/games:/usr/local/games:/snap/bin
LD_LIBRARY_PATH=/usr/lib/jvm/oracle_jdk8//jre/lib/amd64:/usr/lib/jvm/oracle_jdk8//jre/lib/i386:
SHELL=/bin/bash
DISPLAY=:0

Signal Handlers:
SIGSEGV: [libjvm.so+0xabca10], sa_mask[0]=11111111011111111101111111111110, sa_flags=SA_RESTART|SA_SIGINFO
SIGBUS: [libjvm.so+0xabca10], sa_mask[0]=11111111011111111101111111111110, sa_flags=SA_RESTART|SA_SIGINFO
SIGFPE: [libjvm.so+0x919a20], sa_mask[0]=11111111011111111101111111111110, sa_flags=SA_RESTART|SA_SIGINFO
SIGPIPE: SIG_IGN, sa_mask[0]=00000000000010000000000000000000, sa_flags=SA_RESTART
SIGXFSZ: [libjvm.so+0x919a20], sa_mask[0]=11111111011111111101111111111110, sa_flags=SA_RESTART|SA_SIGINFO
SIGILL: [libjvm.so+0x919a20], sa_mask[0]=11111111011111111101111111111110, sa_flags=SA_RESTART|SA_SIGINFO
SIGUSR1: SIG_DFL, sa_mask[0]=00000000000000000000000000000000, sa_flags=none
SIGUSR2: [libjvm.so+0x91b050], sa_mask[0]=00100000000000000000000000000000, sa_flags=SA_RESTART|SA_SIGINFO
SIGHUP: [libjvm.so+0x91c450], sa_mask[0]=11111111011111111101111111111110, sa_flags=SA_RESTART|SA_SIGINFO
SIGINT: SIG_IGN, sa_mask[0]=00000000000000000000000000000000, sa_flags=none
SIGTERM: [libjvm.so+0x91c450], sa_mask[0]=11111111011111111101111111111110, sa_flags=SA_RESTART|SA_SIGINFO
SIGQUIT: [libjvm.so+0x91c450], sa_mask[0]=11111111011111111101111111111110, sa_flags=SA_RESTART|SA_SIGINFO


---------------  S Y S T E M  ---------------

OS:DISTRIB_ID=Ubuntu
DISTRIB_RELEASE=16.10
DISTRIB_CODENAME=yakkety
DISTRIB_DESCRIPTION="Ubuntu 16.10"

uname:Linux 4.8.0-51-generic #54-Ubuntu SMP Tue Apr 25 16:32:21 UTC 2017 x86_64
libc:glibc 2.24 NPTL 2.24 
rlimit: STACK 8192k, CORE 0k, NPROC 31427, NOFILE 4096, AS infinity
load average:0.72 0.47 0.34

/proc/meminfo:
MemTotal:        8088836 kB
MemFree:         2270232 kB
MemAvailable:    3609080 kB
Buffers:          217992 kB
Cached:          1621356 kB
SwapCached:            0 kB
Active:          4254068 kB
Inactive:        1211456 kB
Active(anon):    3580192 kB
Inactive(anon):   376184 kB
Active(file):     673876 kB
Inactive(file):   835272 kB
Unevictable:          96 kB
Mlocked:              96 kB
SwapTotal:       4258808 kB
SwapFree:        4258808 kB
Dirty:              9876 kB
Writeback:             4 kB
AnonPages:       3572320 kB
Mapped:           490188 kB
Shmem:            330204 kB
Slab:             197840 kB
SReclaimable:     106236 kB
SUnreclaim:        91604 kB
KernelStack:       15712 kB
PageTables:        65824 kB
NFS_Unstable:          0 kB
Bounce:                0 kB
WritebackTmp:          0 kB
CommitLimit:     8303224 kB
Committed_AS:    9618560 kB
VmallocTotal:   34359738367 kB
VmallocUsed:           0 kB
VmallocChunk:          0 kB
HardwareCorrupted:     0 kB
AnonHugePages:   1875968 kB
ShmemHugePages:        0 kB
ShmemPmdMapped:        0 kB
CmaTotal:              0 kB
CmaFree:               0 kB
HugePages_Total:       0
HugePages_Free:        0
HugePages_Rsvd:        0
HugePages_Surp:        0
Hugepagesize:       2048 kB
DirectMap4k:      199424 kB
DirectMap2M:     8103936 kB
DirectMap1G:     1048576 kB


CPU:total 8 (4 cores per cpu, 2 threads per core) family 6 model 60 stepping 3, cmov, cx8, fxsr, mmx, sse, sse2, sse3, ssse3, sse4.1, sse4.2, popcnt, avx, avx2, aes, clmul, erms, lzcnt, ht, tsc, tscinvbit, bmi1, bmi2

/proc/cpuinfo:
processor	: 0
vendor_id	: GenuineIntel
cpu family	: 6
model		: 60
model name	: Intel(R) Core(TM) i7-4702MQ CPU @ 2.20GHz
stepping	: 3
microcode	: 0x20
cpu MHz		: 2899.987
cache size	: 6144 KB
physical id	: 0
siblings	: 8
core id		: 0
cpu cores	: 4
apicid		: 0
initial apicid	: 0
fpu		: yes
fpu_exception	: yes
cpuid level	: 13
wp		: yes
flags		: fpu vme de pse tsc msr pae mce cx8 apic sep mtrr pge mca cmov pat pse36 clflush dts acpi mmx fxsr sse sse2 ss ht tm pbe syscall nx pdpe1gb rdtscp lm constant_tsc arch_perfmon pebs bts rep_good nopl xtopology nonstop_tsc aperfmperf eagerfpu pni pclmulqdq dtes64 monitor ds_cpl vmx est tm2 ssse3 sdbg fma cx16 xtpr pdcm pcid sse4_1 sse4_2 movbe popcnt tsc_deadline_timer aes xsave avx f16c rdrand lahf_lm abm epb tpr_shadow vnmi flexpriority ept vpid fsgsbase tsc_adjust bmi1 avx2 smep bmi2 erms invpcid xsaveopt dtherm ida arat pln pts
bugs		:
bogomips	: 4390.01
clflush size	: 64
cache_alignment	: 64
address sizes	: 39 bits physical, 48 bits virtual
power management:

processor	: 1
vendor_id	: GenuineIntel
cpu family	: 6
model		: 60
model name	: Intel(R) Core(TM) i7-4702MQ CPU @ 2.20GHz
stepping	: 3
microcode	: 0x20
cpu MHz		: 2899.987
cache size	: 6144 KB
physical id	: 0
siblings	: 8
core id		: 0
cpu cores	: 4
apicid		: 1
initial apicid	: 1
fpu		: yes
fpu_exception	: yes
cpuid level	: 13
wp		: yes
flags		: fpu vme de pse tsc msr pae mce cx8 apic sep mtrr pge mca cmov pat pse36 clflush dts acpi mmx fxsr sse sse2 ss ht tm pbe syscall nx pdpe1gb rdtscp lm constant_tsc arch_perfmon pebs bts rep_good nopl xtopology nonstop_tsc aperfmperf eagerfpu pni pclmulqdq dtes64 monitor ds_cpl vmx est tm2 ssse3 sdbg fma cx16 xtpr pdcm pcid sse4_1 sse4_2 movbe popcnt tsc_deadline_timer aes xsave avx f16c rdrand lahf_lm abm epb tpr_shadow vnmi flexpriority ept vpid fsgsbase tsc_adjust bmi1 avx2 smep bmi2 erms invpcid xsaveopt dtherm ida arat pln pts
bugs		:
bogomips	: 4390.01
clflush size	: 64
cache_alignment	: 64
address sizes	: 39 bits physical, 48 bits virtual
power management:

processor	: 2
vendor_id	: GenuineIntel
cpu family	: 6
model		: 60
model name	: Intel(R) Core(TM) i7-4702MQ CPU @ 2.20GHz
stepping	: 3
microcode	: 0x20
cpu MHz		: 2899.987
cache size	: 6144 KB
physical id	: 0
siblings	: 8
core id		: 1
cpu cores	: 4
apicid		: 2
initial apicid	: 2
fpu		: yes
fpu_exception	: yes
cpuid level	: 13
wp		: yes
flags		: fpu vme de pse tsc msr pae mce cx8 apic sep mtrr pge mca cmov pat pse36 clflush dts acpi mmx fxsr sse sse2 ss ht tm pbe syscall nx pdpe1gb rdtscp lm constant_tsc arch_perfmon pebs bts rep_good nopl xtopology nonstop_tsc aperfmperf eagerfpu pni pclmulqdq dtes64 monitor ds_cpl vmx est tm2 ssse3 sdbg fma cx16 xtpr pdcm pcid sse4_1 sse4_2 movbe popcnt tsc_deadline_timer aes xsave avx f16c rdrand lahf_lm abm epb tpr_shadow vnmi flexpriority ept vpid fsgsbase tsc_adjust bmi1 avx2 smep bmi2 erms invpcid xsaveopt dtherm ida arat pln pts
bugs		:
bogomips	: 4390.01
clflush size	: 64
cache_alignment	: 64
address sizes	: 39 bits physical, 48 bits virtual
power management:

processor	: 3
vendor_id	: GenuineIntel
cpu family	: 6
model		: 60
model name	: Intel(R) Core(TM) i7-4702MQ CPU @ 2.20GHz
stepping	: 3
microcode	: 0x20
cpu MHz		: 2899.987
cache size	: 6144 KB
physical id	: 0
siblings	: 8
core id		: 1
cpu cores	: 4
apicid		: 3
initial apicid	: 3
fpu		: yes
fpu_exception	: yes
cpuid level	: 13
wp		: yes
flags		: fpu vme de pse tsc msr pae mce cx8 apic sep mtrr pge mca cmov pat pse36 clflush dts acpi mmx fxsr sse sse2 ss ht tm pbe syscall nx pdpe1gb rdtscp lm constant_tsc arch_perfmon pebs bts rep_good nopl xtopology nonstop_tsc aperfmperf eagerfpu pni pclmulqdq dtes64 monitor ds_cpl vmx est tm2 ssse3 sdbg fma cx16 xtpr pdcm pcid sse4_1 sse4_2 movbe popcnt tsc_deadline_timer aes xsave avx f16c rdrand lahf_lm abm epb tpr_shadow vnmi flexpriority ept vpid fsgsbase tsc_adjust bmi1 avx2 smep bmi2 erms invpcid xsaveopt dtherm ida arat pln pts
bugs		:
bogomips	: 4390.01
clflush size	: 64
cache_alignment	: 64
address sizes	: 39 bits physical, 48 bits virtual
power management:

processor	: 4
vendor_id	: GenuineIntel
cpu family	: 6
model		: 60
model name	: Intel(R) Core(TM) i7-4702MQ CPU @ 2.20GHz
stepping	: 3
microcode	: 0x20
cpu MHz		: 2899.987
cache size	: 6144 KB
physical id	: 0
siblings	: 8
core id		: 2
cpu cores	: 4
apicid		: 4
initial apicid	: 4
fpu		: yes
fpu_exception	: yes
cpuid level	: 13
wp		: yes
flags		: fpu vme de pse tsc msr pae mce cx8 apic sep mtrr pge mca cmov pat pse36 clflush dts acpi mmx fxsr sse sse2 ss ht tm pbe syscall nx pdpe1gb rdtscp lm constant_tsc arch_perfmon pebs bts rep_good nopl xtopology nonstop_tsc aperfmperf eagerfpu pni pclmulqdq dtes64 monitor ds_cpl vmx est tm2 ssse3 sdbg fma cx16 xtpr pdcm pcid sse4_1 sse4_2 movbe popcnt tsc_deadline_timer aes xsave avx f16c rdrand lahf_lm abm epb tpr_shadow vnmi flexpriority ept vpid fsgsbase tsc_adjust bmi1 avx2 smep bmi2 erms invpcid xsaveopt dtherm ida arat pln pts
bugs		:
bogomips	: 4390.01
clflush size	: 64
cache_alignment	: 64
address sizes	: 39 bits physical, 48 bits virtual
power management:

processor	: 5
vendor_id	: GenuineIntel
cpu family	: 6
model		: 60
model name	: Intel(R) Core(TM) i7-4702MQ CPU @ 2.20GHz
stepping	: 3
microcode	: 0x20
cpu MHz		: 2899.987
cache size	: 6144 KB
physical id	: 0
siblings	: 8
core id		: 2
cpu cores	: 4
apicid		: 5
initial apicid	: 5
fpu		: yes
fpu_exception	: yes
cpuid level	: 13
wp		: yes
flags		: fpu vme de pse tsc msr pae mce cx8 apic sep mtrr pge mca cmov pat pse36 clflush dts acpi mmx fxsr sse sse2 ss ht tm pbe syscall nx pdpe1gb rdtscp lm constant_tsc arch_perfmon pebs bts rep_good nopl xtopology nonstop_tsc aperfmperf eagerfpu pni pclmulqdq dtes64 monitor ds_cpl vmx est tm2 ssse3 sdbg fma cx16 xtpr pdcm pcid sse4_1 sse4_2 movbe popcnt tsc_deadline_timer aes xsave avx f16c rdrand lahf_lm abm epb tpr_shadow vnmi flexpriority ept vpid fsgsbase tsc_adjust bmi1 avx2 smep bmi2 erms invpcid xsaveopt dtherm ida arat pln pts
bugs		:
bogomips	: 4390.01
clflush size	: 64
cache_alignment	: 64
address sizes	: 39 bits physical, 48 bits virtual
power management:

processor	: 6
vendor_id	: GenuineIntel
cpu family	: 6
model		: 60
model name	: Intel(R) Core(TM) i7-4702MQ CPU @ 2.20GHz
stepping	: 3
microcode	: 0x20
cpu MHz		: 2899.987
cache size	: 6144 KB
physical id	: 0
siblings	: 8
core id		: 3
cpu cores	: 4
apicid		: 6
initial apicid	: 6
fpu		: yes
fpu_exception	: yes
cpuid level	: 13
wp		: yes
flags		: fpu vme de pse tsc msr pae mce cx8 apic sep mtrr pge mca cmov pat pse36 clflush dts acpi mmx fxsr sse sse2 ss ht tm pbe syscall nx pdpe1gb rdtscp lm constant_tsc arch_perfmon pebs bts rep_good nopl xtopology nonstop_tsc aperfmperf eagerfpu pni pclmulqdq dtes64 monitor ds_cpl vmx est tm2 ssse3 sdbg fma cx16 xtpr pdcm pcid sse4_1 sse4_2 movbe popcnt tsc_deadline_timer aes xsave avx f16c rdrand lahf_lm abm epb tpr_shadow vnmi flexpriority ept vpid fsgsbase tsc_adjust bmi1 avx2 smep bmi2 erms invpcid xsaveopt dtherm ida arat pln pts
bugs		:
bogomips	: 4390.01
clflush size	: 64
cache_alignment	: 64
address sizes	: 39 bits physical, 48 bits virtual
power management:

processor	: 7
vendor_id	: GenuineIntel
cpu family	: 6
model		: 60
model name	: Intel(R) Core(TM) i7-4702MQ CPU @ 2.20GHz
stepping	: 3
microcode	: 0x20
cpu MHz		: 2899.987
cache size	: 6144 KB
physical id	: 0
siblings	: 8
core id		: 3
cpu cores	: 4
apicid		: 7
initial apicid	: 7
fpu		: yes
fpu_exception	: yes
cpuid level	: 13
wp		: yes
flags		: fpu vme de pse tsc msr pae mce cx8 apic sep mtrr pge mca cmov pat pse36 clflush dts acpi mmx fxsr sse sse2 ss ht tm pbe syscall nx pdpe1gb rdtscp lm constant_tsc arch_perfmon pebs bts rep_good nopl xtopology nonstop_tsc aperfmperf eagerfpu pni pclmulqdq dtes64 monitor ds_cpl vmx est tm2 ssse3 sdbg fma cx16 xtpr pdcm pcid sse4_1 sse4_2 movbe popcnt tsc_deadline_timer aes xsave avx f16c rdrand lahf_lm abm epb tpr_shadow vnmi flexpriority ept vpid fsgsbase tsc_adjust bmi1 avx2 smep bmi2 erms invpcid xsaveopt dtherm ida arat pln pts
bugs		:
bogomips	: 4390.01
clflush size	: 64
cache_alignment	: 64
address sizes	: 39 bits physical, 48 bits virtual
power management:



Memory: 4k page, physical 8088836k(2270232k free), swap 4258808k(4258808k free)

vm_info: Java HotSpot(TM) 64-Bit Server VM (25.91-b14) for linux-amd64 JRE (1.8.0_91-b14), built on Apr  1 2016 00:57:21 by "java_re" with gcc 4.3.0 20080428 (Red Hat 4.3.0-8)

time: Tue May  9 13:57:12 2017
elapsed time: 5 seconds (0d 0h 0m 5s)

