#
# A fatal error has been detected by the Java Runtime Environment:
#
#  SIGSEGV (0xb) at pc=0x00007ff761274948, pid=21068, tid=140698474460928
#
# JRE version: Java(TM) SE Runtime Environment (8.0_91-b14) (build 1.8.0_91-b14)
# Java VM: Java HotSpot(TM) 64-Bit Server VM (25.91-b14 mixed mode linux-amd64 compressed oops)
# Problematic frame:
# V  [libjvm.so+0x6cf948]  jni_invoke_nonstatic(JNIEnv_*, JavaValue*, _jobject*, JNICallType, _jmethodID*, JNI_ArgumentPusher*, Thread*)+0x38
#
# Failed to write core dump. Core dumps have been disabled. To enable core dumping, try "ulimit -c unlimited" before starting Java again
#
# If you would like to submit a bug report, please visit:
#   http://bugreport.java.com/bugreport/crash.jsp
#

---------------  T H R E A D  ---------------

Current thread (0x00007ff75c3cd800):  JavaThread "JavaFX Application Thread" [_thread_in_vm, id=21096, stack(0x00007ff6ea873000,0x00007ff6ea974000)]

siginfo: si_signo: 11 (SIGSEGV), si_code: 128 (SI_KERNEL), si_addr: 0x0000000000000000

Registers:
RAX=0x00007ff6ea9724c0, RBX=0x00007ff6ea9723d0, RCX=0x0000000000000001, RDX=0x666176616a4c2928
RSP=0x00007ff6ea972220, RBP=0x00007ff6ea9723a0, RSI=0x00007ff6ea972430, RDI=0x00007ff75c3cd9f8
R8 =0x00007ff75c33bbb8, R9 =0x00007ff6ea9723d0, R10=0x00007ff6d8000ae0, R11=0x00007ff74cc10be0
R12=0x00007ff75c3cd800, R13=0x00007ff75c33bbb8, R14=0x0000000000000001, R15=0x00007ff75c3cd9f8
RIP=0x00007ff761274948, EFLAGS=0x0000000000010206, CSGSFS=0x002b000000000033, ERR=0x0000000000000000
  TRAPNO=0x000000000000000d

Top of Stack: (sp=0x00007ff6ea972220)
0x00007ff6ea972220:   00007ff6ea972920 00007ff6ea972540
0x00007ff6ea972230:   00007ff6ea972280 00007ff6ea972300
0x00007ff6ea972240:   00007ff6ea9723d0 00007ff6ea972430
0x00007ff6ea972250:   00007ff75c3cd9f8 00007ff761294450
0x00007ff6ea972260:   00007ff714055f50 00007ff714055f60
0x00007ff6ea972270:   00007ff714056338 00000000000003d8
0x00007ff6ea972280:   0000000000000000 00000000d6deb1b8
0x00007ff6ea972290:   00007ff70000006f 00007ff70000000a
0x00007ff6ea9722a0:   00000000d7929a00 0000000000000000
0x00007ff6ea9722b0:   0000000000000000 0000000000000000
0x00007ff6ea9722c0:   00007ff74ae826f8 0000000100000100
0x00007ff6ea9722d0:   0000000000000000 00007ff6ea972288
0x00007ff6ea9722e0:   00007ff6ea9722c9 0000000800000005
0x00007ff6ea9722f0:   0000000000000000 00007ff75c3ccf50
0x00007ff6ea972300:   00007ff761af7490 00007ff762602470
0x00007ff6ea972310:   000000005c3ccde0 00007ff75c3cd800
0x00007ff6ea972320:   0000000000000000 00007ff761274d1b
0x00007ff6ea972330:   00007ff74ae8c7a8 00007ff75c3cd800
0x00007ff6ea972340:   00007ff74ae8c7a8 00007ff75c3cd800
0x00007ff6ea972350:   00007ff6ea9724e0 00007ff74ae8c7a8
0x00007ff6ea972360:   00007ff74ae8c7a8 00007ff74ae8c7a8
0x00007ff6ea972370:   00007ff714055f50 00007ff6ea9723d0
0x00007ff6ea972380:   00007ff75c3cd800 00007ff6ea972410
0x00007ff6ea972390:   00007ff75c33bbb8 00007ff75c3cd9f8
0x00007ff6ea9723a0:   00007ff6ea972490 00007ff7612790ef
0x00007ff6ea9723b0:   00007ff75c3cd800 00007ff6ff484ff4
0x00007ff6ea9723c0:   00007ff6ea9724a8 666176616a4c2928
0x00007ff6ea9723d0:   00007ff761af80f0 00007ff762602470
0x00007ff6ea9723e0:   00000000ea972450 1aed4d5d00000063
0x00007ff6ea9723f0:   0000000000000000 0000003000000018
0x00007ff6ea972400:   00007ff6ea972580 00007ff6ea9724c0
0x00007ff6ea972410:   00007ff75c3cd800 0000000000000000 

Instructions: (pc=0x00007ff761274948)
0x00007ff761274928:   00 00 48 85 d2 48 89 bd b0 fe ff ff 48 89 b5 a8
0x00007ff761274938:   fe ff ff 4c 89 8d a0 fe ff ff 0f 84 78 09 00 00
0x00007ff761274948:   4c 8b 22 4d 85 e4 0f 84 6c 09 00 00 48 8b 45 10
0x00007ff761274958:   48 8b 98 38 01 00 00 48 83 7b 18 f7 0f 87 16 07 

Register to memory mapping:

RAX=0x00007ff6ea9724c0 is pointing into the stack for thread: 0x00007ff75c3cd800
RBX=0x00007ff6ea9723d0 is pointing into the stack for thread: 0x00007ff75c3cd800
RCX=0x0000000000000001 is an unknown value
RDX=0x666176616a4c2928 is an unknown value
RSP=0x00007ff6ea972220 is pointing into the stack for thread: 0x00007ff75c3cd800
RBP=0x00007ff6ea9723a0 is pointing into the stack for thread: 0x00007ff75c3cd800
RSI=0x00007ff6ea972430 is pointing into the stack for thread: 0x00007ff75c3cd800
RDI=0x00007ff75c3cd9f8 is an unknown value
R8 =0x00007ff75c33bbb8 is an unknown value
R9 =0x00007ff6ea9723d0 is pointing into the stack for thread: 0x00007ff75c3cd800
R10=0x00007ff6d8000ae0 is an unknown value
R11=0x00007ff74cc10be0 is at entry_point+32 in (nmethod*)0x00007ff74cc10a50
R12=0x00007ff75c3cd800 is a thread
R13=0x00007ff75c33bbb8 is an unknown value
R14=0x0000000000000001 is an unknown value
R15=0x00007ff75c3cd9f8 is an unknown value


Stack: [0x00007ff6ea873000,0x00007ff6ea974000],  sp=0x00007ff6ea972220,  free space=1020k
Native frames: (J=compiled Java code, j=interpreted, Vv=VM code, C=native code)
V  [libjvm.so+0x6cf948]  jni_invoke_nonstatic(JNIEnv_*, JavaValue*, _jobject*, JNICallType, _jmethodID*, JNI_ArgumentPusher*, Thread*)+0x38
V  [libjvm.so+0x6d40ef]  jni_CallVoidMethodV+0x10f
C  [libglass.so+0x13e51]  JNIEnv_::CallVoidMethod(_jobject*, _jmethodID*, ...)+0x81
C  [libglass.so+0x1545f]  WindowContextBase::process_key(_GdkEventKey*)+0x20f
C  [libglass.so+0x19540]  WindowContextBase::im_filter_keypress(_GdkEventKey*)+0x1c0
C  [libglass.so+0x1c7cc]  process_events(_GdkEvent*, void*)+0x22c
C  [libgdk-x11-2.0.so.0+0x5acdc]

Java frames: (J=compiled Java code, j=interpreted, Vv=VM code)
j  com.sun.glass.ui.gtk.GtkApplication._runLoop(Ljava/lang/Runnable;Z)V+0
j  com.sun.glass.ui.gtk.GtkApplication.lambda$null$49(Ljava/lang/Runnable;Z)V+7
j  com.sun.glass.ui.gtk.GtkApplication$$Lambda$41.run()V+12
j  java.lang.Thread.run()V+11
v  ~StubRoutines::call_stub

---------------  P R O C E S S  ---------------

Java Threads: ( => current thread )
  0x00007ff6d84fc000 JavaThread "AWT-EventQueue-0" [_thread_blocked, id=21105, stack(0x00007ff6cb0f2000,0x00007ff6cb1f3000)]
  0x00007ff6d84f8800 JavaThread "AWT-Shutdown" [_thread_blocked, id=21104, stack(0x00007ff6cb1f3000,0x00007ff6cb2f4000)]
  0x00007ff6d84b6800 JavaThread "Image Fetcher 0" daemon [_thread_blocked, id=21103, stack(0x00007ff6cb985000,0x00007ff6cba86000)]
  0x00007ff6d849b800 JavaThread "AWT-XAWT" daemon [_thread_in_native, id=21102, stack(0x00007ff6cba86000,0x00007ff6cbb87000)]
  0x00007ff6d8489800 JavaThread "Java2D Disposer" daemon [_thread_blocked, id=21101, stack(0x00007ff6e80a4000,0x00007ff6e81a5000)]
  0x00007ff6d83e2000 JavaThread "Prism Font Disposer" daemon [_thread_blocked, id=21099, stack(0x00007ff6e9354000,0x00007ff6e9455000)]
  0x00007ff6d81cc000 JavaThread "Abandoned connection cleanup thread" daemon [_thread_blocked, id=21098, stack(0x00007ff6e9e69000,0x00007ff6e9f6a000)]
  0x00007ff75c3d1000 JavaThread "JavaFX-Launcher" [_thread_blocked, id=21097, stack(0x00007ff6ea772000,0x00007ff6ea873000)]
=>0x00007ff75c3cd800 JavaThread "JavaFX Application Thread" [_thread_in_vm, id=21096, stack(0x00007ff6ea873000,0x00007ff6ea974000)]
  0x00007ff75c3c9800 JavaThread "Thread-1" daemon [_thread_blocked, id=21095, stack(0x00007ff6ea974000,0x00007ff6eaa75000)]
  0x00007ff75c324000 JavaThread "QuantumRenderer-0" daemon [_thread_blocked, id=21091, stack(0x00007ff6ffeff000,0x00007ff700000000)]
  0x00007ff75c212000 JavaThread "Service Thread" daemon [_thread_blocked, id=21089, stack(0x00007ff74804e000,0x00007ff74814f000)]
  0x00007ff75c20f000 JavaThread "C1 CompilerThread3" daemon [_thread_blocked, id=21088, stack(0x00007ff74814f000,0x00007ff748250000)]
  0x00007ff75c20d000 JavaThread "C2 CompilerThread2" daemon [_thread_in_native, id=21087, stack(0x00007ff748250000,0x00007ff748351000)]
  0x00007ff75c20b800 JavaThread "C2 CompilerThread1" daemon [_thread_in_native, id=21086, stack(0x00007ff748351000,0x00007ff748452000)]
  0x00007ff75c208800 JavaThread "C2 CompilerThread0" daemon [_thread_in_native, id=21085, stack(0x00007ff748452000,0x00007ff748553000)]
  0x00007ff75c207000 JavaThread "Signal Dispatcher" daemon [_thread_blocked, id=21084, stack(0x00007ff748553000,0x00007ff748654000)]
  0x00007ff75c1d3000 JavaThread "Finalizer" daemon [_thread_blocked, id=21083, stack(0x00007ff74892d000,0x00007ff748a2e000)]
  0x00007ff75c1ce800 JavaThread "Reference Handler" daemon [_thread_blocked, id=21082, stack(0x00007ff748a2e000,0x00007ff748b2f000)]
  0x00007ff75c00a000 JavaThread "main" [_thread_blocked, id=21072, stack(0x00007ff76267e000,0x00007ff76277f000)]

Other Threads:
  0x00007ff75c1c7000 VMThread [stack: 0x00007ff748b2f000,0x00007ff748c30000] [id=21081]
  0x00007ff75c214800 WatcherThread [stack: 0x00007ff73013f000,0x00007ff730240000] [id=21090]

VM state:not at safepoint (normal execution)

VM Mutex/Monitor currently owned by a thread: None

Heap:
 PSYoungGen      total 36864K, used 19713K [0x00000000d6d80000, 0x00000000d9680000, 0x0000000100000000)
  eden space 31744K, 62% used [0x00000000d6d80000,0x00000000d80c04c0,0x00000000d8c80000)
  from space 5120K, 0% used [0x00000000d9180000,0x00000000d9180000,0x00000000d9680000)
  to   space 5120K, 0% used [0x00000000d8c80000,0x00000000d8c80000,0x00000000d9180000)
 ParOldGen       total 50176K, used 11904K [0x0000000084800000, 0x0000000087900000, 0x00000000d6d80000)
  object space 50176K, 23% used [0x0000000084800000,0x00000000853a0250,0x0000000087900000)
 Metaspace       used 27786K, capacity 28818K, committed 28928K, reserved 1075200K
  class space    used 3757K, capacity 3987K, committed 4096K, reserved 1048576K

Card table byte_map: [0x00007ff74c011000,0x00007ff74c3ee000] byte_map_base: 0x00007ff74bbed000

Marking Bits: (ParMarkBitMap*) 0x00007ff761b5bd60
 Begin Bits: [0x00007ff730240000, 0x00007ff732120000)
 End Bits:   [0x00007ff732120000, 0x00007ff734000000)

Polling page: 0x00007ff7627a7000

CodeCache: size=245760Kb used=9080Kb max_used=9098Kb free=236679Kb
 bounds [0x00007ff74c7ae000, 0x00007ff74d09e000, 0x00007ff75b7ae000]
 total_blobs=3799 nmethods=2904 adapters=807
 compilation: enabled

Compilation events (10 events):
Event: 5.376 Thread 0x00007ff75c20f000 nmethod 2915 0x00007ff74d067010 code [0x00007ff74d067180, 0x00007ff74d0673f0]
Event: 5.376 Thread 0x00007ff75c20f000 2916   !   3       com.sun.javafx.text.PrismTextLayout::layout (1635 bytes)
Event: 5.376 Thread 0x00007ff75c20d000 nmethod 2704 0x00007ff74d066a90 code [0x00007ff74d066c00, 0x00007ff74d066db8]
Event: 5.376 Thread 0x00007ff75c20d000 2861       4       java.util.Arrays::copyOf (46 bytes)
Event: 5.379 Thread 0x00007ff75c20d000 nmethod 2861 0x00007ff74d073ad0 code [0x00007ff74d073c40, 0x00007ff74d073fb8]
Event: 5.379 Thread 0x00007ff75c20d000 2786       4       javafx.scene.Node::getClip (21 bytes)
Event: 5.380 Thread 0x00007ff75c20d000 nmethod 2786 0x00007ff74d066710 code [0x00007ff74d066860, 0x00007ff74d066958]
Event: 5.380 Thread 0x00007ff75c20d000 2868       4       javafx.scene.Node::transformedBoundsChanged (43 bytes)
Event: 5.383 Thread 0x00007ff75c20d000 nmethod 2868 0x00007ff74d073190 code [0x00007ff74d073340, 0x00007ff74d073690]
Event: 5.383 Thread 0x00007ff75c20d000 2929       4       java.util.Arrays::copyOf (13 bytes)

GC Heap History (6 events):
Event: 0.850 GC heap before
{Heap before GC invocations=1 (full 0):
 PSYoungGen      total 36864K, used 31744K [0x00000000d6d80000, 0x00000000d9680000, 0x0000000100000000)
  eden space 31744K, 100% used [0x00000000d6d80000,0x00000000d8c80000,0x00000000d8c80000)
  from space 5120K, 0% used [0x00000000d9180000,0x00000000d9180000,0x00000000d9680000)
  to   space 5120K, 0% used [0x00000000d8c80000,0x00000000d8c80000,0x00000000d9180000)
 ParOldGen       total 84992K, used 0K [0x0000000084800000, 0x0000000089b00000, 0x00000000d6d80000)
  object space 84992K, 0% used [0x0000000084800000,0x0000000084800000,0x0000000089b00000)
 Metaspace       used 15256K, capacity 15704K, committed 16000K, reserved 1062912K
  class space    used 1961K, capacity 2102K, committed 2176K, reserved 1048576K
Event: 0.855 GC heap after
Heap after GC invocations=1 (full 0):
 PSYoungGen      total 36864K, used 5088K [0x00000000d6d80000, 0x00000000d9680000, 0x0000000100000000)
  eden space 31744K, 0% used [0x00000000d6d80000,0x00000000d6d80000,0x00000000d8c80000)
  from space 5120K, 99% used [0x00000000d8c80000,0x00000000d91780a0,0x00000000d9180000)
  to   space 5120K, 0% used [0x00000000d9180000,0x00000000d9180000,0x00000000d9680000)
 ParOldGen       total 84992K, used 5327K [0x0000000084800000, 0x0000000089b00000, 0x00000000d6d80000)
  object space 84992K, 6% used [0x0000000084800000,0x0000000084d33d00,0x0000000089b00000)
 Metaspace       used 15256K, capacity 15704K, committed 16000K, reserved 1062912K
  class space    used 1961K, capacity 2102K, committed 2176K, reserved 1048576K
}
Event: 4.305 GC heap before
{Heap before GC invocations=2 (full 0):
 PSYoungGen      total 36864K, used 18281K [0x00000000d6d80000, 0x00000000d9680000, 0x0000000100000000)
  eden space 31744K, 41% used [0x00000000d6d80000,0x00000000d7a62710,0x00000000d8c80000)
  from space 5120K, 99% used [0x00000000d8c80000,0x00000000d91780a0,0x00000000d9180000)
  to   space 5120K, 0% used [0x00000000d9180000,0x00000000d9180000,0x00000000d9680000)
 ParOldGen       total 84992K, used 5327K [0x0000000084800000, 0x0000000089b00000, 0x00000000d6d80000)
  object space 84992K, 6% used [0x0000000084800000,0x0000000084d33d00,0x0000000089b00000)
 Metaspace       used 20499K, capacity 21184K, committed 21296K, reserved 1067008K
  class space    used 2754K, capacity 2930K, committed 2944K, reserved 1048576K
Event: 4.311 GC heap after
Heap after GC invocations=2 (full 0):
 PSYoungGen      total 36864K, used 5104K [0x00000000d6d80000, 0x00000000d9680000, 0x0000000100000000)
  eden space 31744K, 0% used [0x00000000d6d80000,0x00000000d6d80000,0x00000000d8c80000)
  from space 5120K, 99% used [0x00000000d9180000,0x00000000d967c090,0x00000000d9680000)
  to   space 5120K, 0% used [0x00000000d8c80000,0x00000000d8c80000,0x00000000d9180000)
 ParOldGen       total 84992K, used 7896K [0x0000000084800000, 0x0000000089b00000, 0x00000000d6d80000)
  object space 84992K, 9% used [0x0000000084800000,0x0000000084fb6010,0x0000000089b00000)
 Metaspace       used 20499K, capacity 21184K, committed 21296K, reserved 1067008K
  class space    used 2754K, capacity 2930K, committed 2944K, reserved 1048576K
}
Event: 4.311 GC heap before
{Heap before GC invocations=3 (full 1):
 PSYoungGen      total 36864K, used 5104K [0x00000000d6d80000, 0x00000000d9680000, 0x0000000100000000)
  eden space 31744K, 0% used [0x00000000d6d80000,0x00000000d6d80000,0x00000000d8c80000)
  from space 5120K, 99% used [0x00000000d9180000,0x00000000d967c090,0x00000000d9680000)
  to   space 5120K, 0% used [0x00000000d8c80000,0x00000000d8c80000,0x00000000d9180000)
 ParOldGen       total 84992K, used 7896K [0x0000000084800000, 0x0000000089b00000, 0x00000000d6d80000)
  object space 84992K, 9% used [0x0000000084800000,0x0000000084fb6010,0x0000000089b00000)
 Metaspace       used 20499K, capacity 21184K, committed 21296K, reserved 1067008K
  class space    used 2754K, capacity 2930K, committed 2944K, reserved 1048576K
Event: 4.338 GC heap after
Heap after GC invocations=3 (full 1):
 PSYoungGen      total 36864K, used 0K [0x00000000d6d80000, 0x00000000d9680000, 0x0000000100000000)
  eden space 31744K, 0% used [0x00000000d6d80000,0x00000000d6d80000,0x00000000d8c80000)
  from space 5120K, 0% used [0x00000000d9180000,0x00000000d9180000,0x00000000d9680000)
  to   space 5120K, 0% used [0x00000000d8c80000,0x00000000d8c80000,0x00000000d9180000)
 ParOldGen       total 50176K, used 11904K [0x0000000084800000, 0x0000000087900000, 0x00000000d6d80000)
  object space 50176K, 23% used [0x0000000084800000,0x00000000853a0250,0x0000000087900000)
 Metaspace       used 20499K, capacity 21184K, committed 21296K, reserved 1067008K
  class space    used 2754K, capacity 2930K, committed 2944K, reserved 1048576K
}

Deoptimization events (10 events):
Event: 5.109 Thread 0x00007ff75c3cd800 Uncommon trap: reason=unstable_if action=reinterpret pc=0x00007ff74cc8a434 method=java.lang.StrictMath.floorOrCeil(DDDD)D @ 38
Event: 5.206 Thread 0x00007ff75c3cd800 Uncommon trap: reason=array_check action=maybe_recompile pc=0x00007ff74cf6fc40 method=com.sun.javafx.css.SimpleSelector.applies(Ljavafx/css/Styleable;[Ljava/util/Set;I)Z @ 37
Event: 5.206 Thread 0x00007ff75c3cd800 Uncommon trap: reason=array_check action=maybe_recompile pc=0x00007ff74cf6fc40 method=com.sun.javafx.css.SimpleSelector.applies(Ljavafx/css/Styleable;[Ljava/util/Set;I)Z @ 37
Event: 5.206 Thread 0x00007ff75c3cd800 Uncommon trap: reason=array_check action=maybe_recompile pc=0x00007ff74cf6fc40 method=com.sun.javafx.css.SimpleSelector.applies(Ljavafx/css/Styleable;[Ljava/util/Set;I)Z @ 37
Event: 5.206 Thread 0x00007ff75c3cd800 Uncommon trap: reason=array_check action=maybe_recompile pc=0x00007ff74cf6fc40 method=com.sun.javafx.css.SimpleSelector.applies(Ljavafx/css/Styleable;[Ljava/util/Set;I)Z @ 37
Event: 5.317 Thread 0x00007ff75c3cd800 Uncommon trap: reason=array_check action=maybe_recompile pc=0x00007ff74d00bf84 method=com.sun.javafx.css.CompoundSelector.applies(Ljavafx/css/Styleable;[Ljava/util/Set;I)Z @ 128
Event: 5.338 Thread 0x00007ff75c3cd800 Uncommon trap: reason=array_check action=maybe_recompile pc=0x00007ff74d00bf84 method=com.sun.javafx.css.CompoundSelector.applies(Ljavafx/css/Styleable;[Ljava/util/Set;I)Z @ 128
Event: 5.338 Thread 0x00007ff75c3cd800 Uncommon trap: reason=array_check action=maybe_recompile pc=0x00007ff74d00bf84 method=com.sun.javafx.css.CompoundSelector.applies(Ljavafx/css/Styleable;[Ljava/util/Set;I)Z @ 128
Event: 5.338 Thread 0x00007ff75c3cd800 Uncommon trap: reason=array_check action=maybe_recompile pc=0x00007ff74d00bf84 method=com.sun.javafx.css.CompoundSelector.applies(Ljavafx/css/Styleable;[Ljava/util/Set;I)Z @ 128
Event: 5.368 Thread 0x00007ff75c3cd800 Uncommon trap: reason=unstable_if action=reinterpret pc=0x00007ff74cccdb9c method=java.lang.Math.round(D)J @ 48

Internal exceptions (10 events):
Event: 0.453 Thread 0x00007ff75c3cd800 Exception <a 'java/lang/ArrayIndexOutOfBoundsException'> (0x00000000d7e86858) thrown at [/HUDSON/workspace/8-2-build-linux-amd64/jdk8u91/6644/hotspot/src/share/vm/runtime/sharedRuntime.cpp, line 605]
Event: 0.588 Thread 0x00007ff75c3cd800 Implicit null exception at 0x00007ff74ca305f5 to 0x00007ff74ca30951
Event: 0.822 Thread 0x00007ff75c3cd800 Implicit null exception at 0x00007ff74caaccb5 to 0x00007ff74caacedd
Event: 0.822 Thread 0x00007ff75c3cd800 Implicit null exception at 0x00007ff74cabf058 to 0x00007ff74cabf0e6
Event: 4.299 Thread 0x00007ff75c3cd800 Exception <a 'java/io/FileNotFoundException'> (0x00000000d79e7810) thrown at [/HUDSON/workspace/8-2-build-linux-amd64/jdk8u91/6644/hotspot/src/share/vm/prims/jni.cpp, line 709]
Event: 4.299 Thread 0x00007ff75c3cd800 Exception <a 'java/io/FileNotFoundException'> (0x00000000d79e85a8) thrown at [/HUDSON/workspace/8-2-build-linux-amd64/jdk8u91/6644/hotspot/src/share/vm/prims/jni.cpp, line 709]
Event: 4.528 Thread 0x00007ff6d84fc000 Exception <a 'java/lang/UnsupportedOperationException': > (0x00000000d6fd5488) thrown at [/HUDSON/workspace/8-2-build-linux-amd64/jdk8u91/6644/hotspot/src/share/vm/prims/jni.cpp, line 735]
Event: 5.024 Thread 0x00007ff75c3cd800 Exception <a 'java/lang/ArrayIndexOutOfBoundsException'> (0x00000000d70ea410) thrown at [/HUDSON/workspace/8-2-build-linux-amd64/jdk8u91/6644/hotspot/src/share/vm/runtime/sharedRuntime.cpp, line 605]
Event: 5.024 Thread 0x00007ff75c3cd800 Exception <a 'java/lang/ArrayIndexOutOfBoundsException'> (0x00000000d70ec620) thrown at [/HUDSON/workspace/8-2-build-linux-amd64/jdk8u91/6644/hotspot/src/share/vm/runtime/sharedRuntime.cpp, line 605]
Event: 5.090 Thread 0x00007ff75c3cd800 Exception <a 'java/lang/ArrayIndexOutOfBoundsException': 65> (0x00000000d7464010) thrown at [/HUDSON/workspace/8-2-build-linux-amd64/jdk8u91/6644/hotspot/src/share/vm/interpreter/interpreterRuntime.cpp, line 366]

Events (10 events):
Event: 5.338 Thread 0x00007ff75c3cd800 DEOPT UNPACKING pc=0x00007ff74c7b3229 sp=0x00007ff6ea96e0e0 mode 2
Event: 5.366 loading class com/jfoenix/skins/JFXRadioButtonSkin$1
Event: 5.366 loading class com/jfoenix/skins/JFXRadioButtonSkin$1 done
Event: 5.368 Thread 0x00007ff75c3cd800 Uncommon trap: trap_request=0xffffff65 fr.pc=0x00007ff74cccdb9c
Event: 5.368 Thread 0x00007ff75c3cd800 DEOPT PACKING pc=0x00007ff74cccdb9c sp=0x00007ff6ea96e8b0
Event: 5.368 Thread 0x00007ff75c3cd800 DEOPT UNPACKING pc=0x00007ff74c7b3229 sp=0x00007ff6ea96e828 mode 2
Event: 5.373 loading class com/sun/javafx/font/PrismFontUtils
Event: 5.373 loading class com/sun/javafx/font/PrismFontUtils done
Event: 5.374 loading class com/sun/javafx/tk/FontMetrics
Event: 5.374 loading class com/sun/javafx/tk/FontMetrics done


Dynamic libraries:
00400000-00401000 r-xp 00000000 08:0f 1573679                            /usr/lib/jvm/oracle_jdk8/jre/bin/java
00600000-00601000 rw-p 00000000 08:0f 1573679                            /usr/lib/jvm/oracle_jdk8/jre/bin/java
00e8d000-00eae000 rw-p 00000000 00:00 0                                  [heap]
84800000-87900000 rw-p 00000000 00:00 0 
87900000-d6d80000 ---p 00000000 00:00 0 
d6d80000-d9680000 rw-p 00000000 00:00 0 
d9680000-100000000 ---p 00000000 00:00 0 
100000000-100400000 rw-p 00000000 00:00 0 
100400000-140000000 ---p 00000000 00:00 0 
7ff6b0000000-7ff6b0021000 rw-p 00000000 00:00 0 
7ff6b0021000-7ff6b4000000 ---p 00000000 00:00 0 
7ff6b4000000-7ff6b4021000 rw-p 00000000 00:00 0 
7ff6b4021000-7ff6b8000000 ---p 00000000 00:00 0 
7ff6b8000000-7ff6b8027000 rw-p 00000000 00:00 0 
7ff6b8027000-7ff6bc000000 ---p 00000000 00:00 0 
7ff6bc000000-7ff6bc021000 rw-p 00000000 00:00 0 
7ff6bc021000-7ff6c0000000 ---p 00000000 00:00 0 
7ff6c0000000-7ff6c0021000 rw-p 00000000 00:00 0 
7ff6c0021000-7ff6c4000000 ---p 00000000 00:00 0 
7ff6c4000000-7ff6c4021000 rw-p 00000000 00:00 0 
7ff6c4021000-7ff6c8000000 ---p 00000000 00:00 0 
7ff6cacf2000-7ff6cad32000 rw-p 00000000 00:00 0 
7ff6cad32000-7ff6caef2000 ---p 00000000 00:00 0 
7ff6caef2000-7ff6cb0f2000 rw-p 00000000 00:00 0 
7ff6cb0f2000-7ff6cb0f5000 ---p 00000000 00:00 0 
7ff6cb0f5000-7ff6cb1f3000 rw-p 00000000 00:00 0 
7ff6cb1f3000-7ff6cb1f6000 ---p 00000000 00:00 0 
7ff6cb1f6000-7ff6cb2f4000 rw-p 00000000 00:00 0 
7ff6cb2f4000-7ff6cb35d000 r-xp 00000000 08:0f 1587707                    /usr/lib/jvm/oracle_jdk8/jre/lib/amd64/libt2k.so
7ff6cb35d000-7ff6cb55d000 ---p 00069000 08:0f 1587707                    /usr/lib/jvm/oracle_jdk8/jre/lib/amd64/libt2k.so
7ff6cb55d000-7ff6cb564000 rw-p 00069000 08:0f 1587707                    /usr/lib/jvm/oracle_jdk8/jre/lib/amd64/libt2k.so
7ff6cb564000-7ff6cb574000 rw-p 00000000 00:00 0 
7ff6cb574000-7ff6cb585000 r-xp 00000000 08:0f 1587741                    /usr/lib/jvm/oracle_jdk8/jre/lib/amd64/libnio.so
7ff6cb585000-7ff6cb784000 ---p 00011000 08:0f 1587741                    /usr/lib/jvm/oracle_jdk8/jre/lib/amd64/libnio.so
7ff6cb784000-7ff6cb785000 rw-p 00010000 08:0f 1587741                    /usr/lib/jvm/oracle_jdk8/jre/lib/amd64/libnio.so
7ff6cb785000-7ff6cb985000 rw-p 00000000 00:00 0 
7ff6cb985000-7ff6cb988000 ---p 00000000 00:00 0 
7ff6cb988000-7ff6cba86000 rw-p 00000000 00:00 0 
7ff6cba86000-7ff6cba89000 ---p 00000000 00:00 0 
7ff6cba89000-7ff6cbb87000 rw-p 00000000 00:00 0 
7ff6cbb87000-7ff6cbbec000 r-xp 00000000 08:0f 1587720                    /usr/lib/jvm/oracle_jdk8/jre/lib/amd64/libfontmanager.so
7ff6cbbec000-7ff6cbdeb000 ---p 00065000 08:0f 1587720                    /usr/lib/jvm/oracle_jdk8/jre/lib/amd64/libfontmanager.so
7ff6cbdeb000-7ff6cbdf0000 rw-p 00064000 08:0f 1587720                    /usr/lib/jvm/oracle_jdk8/jre/lib/amd64/libfontmanager.so
7ff6cbdf0000-7ff6cc000000 rw-p 00000000 00:00 0 
7ff6cc000000-7ff6cc021000 rw-p 00000000 00:00 0 
7ff6cc021000-7ff6d0000000 ---p 00000000 00:00 0 
7ff6d0000000-7ff6d0021000 rw-p 00000000 00:00 0 
7ff6d0021000-7ff6d4000000 ---p 00000000 00:00 0 
7ff6d4000000-7ff6d4021000 rw-p 00000000 00:00 0 
7ff6d4021000-7ff6d8000000 ---p 00000000 00:00 0 
7ff6d8000000-7ff6d895a000 rw-p 00000000 00:00 0 
7ff6d895a000-7ff6dc000000 ---p 00000000 00:00 0 
7ff6dc000000-7ff6dc021000 rw-p 00000000 00:00 0 
7ff6dc021000-7ff6e0000000 ---p 00000000 00:00 0 
7ff6e0000000-7ff6e0022000 rw-p 00000000 00:00 0 
7ff6e0022000-7ff6e4000000 ---p 00000000 00:00 0 
7ff6e4000000-7ff6e4021000 rw-p 00000000 00:00 0 
7ff6e4021000-7ff6e8000000 ---p 00000000 00:00 0 
7ff6e80a4000-7ff6e80a7000 ---p 00000000 00:00 0 
7ff6e80a7000-7ff6e81a5000 rw-p 00000000 00:00 0 
7ff6e81a5000-7ff6e81f9000 r-xp 00000000 08:0f 1587745                    /usr/lib/jvm/oracle_jdk8/jre/lib/amd64/libawt_xawt.so
7ff6e81f9000-7ff6e83f9000 ---p 00054000 08:0f 1587745                    /usr/lib/jvm/oracle_jdk8/jre/lib/amd64/libawt_xawt.so
7ff6e83f9000-7ff6e83fd000 rw-p 00054000 08:0f 1587745                    /usr/lib/jvm/oracle_jdk8/jre/lib/amd64/libawt_xawt.so
7ff6e83fd000-7ff6e83fe000 rw-p 00000000 00:00 0 
7ff6e83fe000-7ff6e84a0000 r-xp 00000000 08:0f 1587731                    /usr/lib/jvm/oracle_jdk8/jre/lib/amd64/libawt.so
7ff6e84a0000-7ff6e86a0000 ---p 000a2000 08:0f 1587731                    /usr/lib/jvm/oracle_jdk8/jre/lib/amd64/libawt.so
7ff6e86a0000-7ff6e86ac000 rw-p 000a2000 08:0f 1587731                    /usr/lib/jvm/oracle_jdk8/jre/lib/amd64/libawt.so
7ff6e86ac000-7ff6e86d0000 rw-p 00000000 00:00 0 
7ff6e86d0000-7ff6e86ec000 rw-s 00000000 00:05 1321362                    /drm mm object (deleted)
7ff6e86ec000-7ff6e88ac000 rw-s 106bff000 00:06 349                       /dev/dri/card0
7ff6e88ac000-7ff6e8eac000 rw-s 00000000 00:05 1321360                    /drm mm object (deleted)
7ff6e8eac000-7ff6e906c000 rw-s 00000000 00:05 1321355                    /drm mm object (deleted)
7ff6e906c000-7ff6e907c000 rw-s 00000000 00:05 1321359                    /drm mm object (deleted)
7ff6e907c000-7ff6e9084000 rw-s 00000000 00:05 1321358                    /drm mm object (deleted)
7ff6e9084000-7ff6e9094000 rw-s 00000000 00:05 1321357                    /drm mm object (deleted)
7ff6e9094000-7ff6e9294000 rw-p 00000000 00:00 0 
7ff6e9294000-7ff6e92a7000 r--s 00344000 08:0f 1587685                    /usr/lib/jvm/oracle_jdk8/jre/lib/resources.jar
7ff6e92a7000-7ff6e9354000 r--p 00000000 08:0f 2225679                    /usr/share/fonts/truetype/dejavu/DejaVuSans-Bold.ttf
7ff6e9354000-7ff6e9357000 ---p 00000000 00:00 0 
7ff6e9357000-7ff6e9455000 rw-p 00000000 00:00 0 
7ff6e9455000-7ff6e950e000 r--p 00000000 08:0f 2225680                    /usr/share/fonts/truetype/dejavu/DejaVuSans.ttf
7ff6e950e000-7ff6e9521000 r--p 00000000 08:0f 1713188                    /usr/lib/jvm/oracle_jdk8/jre/lib/fonts/LucidaBrightDemiItalic.ttf
7ff6e9521000-7ff6e9535000 r--p 00000000 08:0f 1713183                    /usr/lib/jvm/oracle_jdk8/jre/lib/fonts/LucidaBrightItalic.ttf
7ff6e9535000-7ff6e958a000 r--p 00000000 08:0f 1713185                    /usr/lib/jvm/oracle_jdk8/jre/lib/fonts/LucidaBrightRegular.ttf
7ff6e958a000-7ff6e95c4000 r--p 00000000 08:0f 1713190                    /usr/lib/jvm/oracle_jdk8/jre/lib/fonts/LucidaTypewriterBold.ttf
7ff6e95c4000-7ff6e9612000 r--p 00000000 08:0f 1713186                    /usr/lib/jvm/oracle_jdk8/jre/lib/fonts/LucidaSansDemiBold.ttf
7ff6e9612000-7ff6e964e000 r--p 00000000 08:0f 1713189                    /usr/lib/jvm/oracle_jdk8/jre/lib/fonts/LucidaTypewriterRegular.ttf
7ff6e964e000-7ff6e9652000 r-xp 00000000 08:0f 1587696                    /usr/lib/jvm/oracle_jdk8/jre/lib/amd64/libjavafx_font_pango.so
7ff6e9652000-7ff6e9851000 ---p 00004000 08:0f 1587696                    /usr/lib/jvm/oracle_jdk8/jre/lib/amd64/libjavafx_font_pango.so
7ff6e9851000-7ff6e9852000 rw-p 00003000 08:0f 1587696                    /usr/lib/jvm/oracle_jdk8/jre/lib/amd64/libjavafx_font_pango.so
7ff6e9852000-7ff6e9a52000 rw-p 00000000 00:00 0 
7ff6e9a52000-7ff6e9c52000 rw-p 00000000 00:00 0 
7ff6e9c52000-7ff6e9c68000 r-xp 00000000 08:0f 1587738                    /usr/lib/jvm/oracle_jdk8/jre/lib/amd64/libnet.so
7ff6e9c68000-7ff6e9e68000 ---p 00016000 08:0f 1587738                    /usr/lib/jvm/oracle_jdk8/jre/lib/amd64/libnet.so
7ff6e9e68000-7ff6e9e69000 rw-p 00016000 08:0f 1587738                    /usr/lib/jvm/oracle_jdk8/jre/lib/amd64/libnet.so
7ff6e9e69000-7ff6e9e6c000 ---p 00000000 00:00 0 
7ff6e9e6c000-7ff6ea16a000 rw-p 00000000 00:00 0 
7ff6ea16a000-7ff6ea16f000 r-xp 00000000 08:0f 1587699                    /usr/lib/jvm/oracle_jdk8/jre/lib/amd64/libjavafx_font_freetype.so
7ff6ea16f000-7ff6ea36e000 ---p 00005000 08:0f 1587699                    /usr/lib/jvm/oracle_jdk8/jre/lib/amd64/libjavafx_font_freetype.so
7ff6ea36e000-7ff6ea36f000 rw-p 00004000 08:0f 1587699                    /usr/lib/jvm/oracle_jdk8/jre/lib/amd64/libjavafx_font_freetype.so
7ff6ea36f000-7ff6ea372000 r-xp 00000000 08:0f 1587739                    /usr/lib/jvm/oracle_jdk8/jre/lib/amd64/libjavafx_font.so
7ff6ea372000-7ff6ea571000 ---p 00003000 08:0f 1587739                    /usr/lib/jvm/oracle_jdk8/jre/lib/amd64/libjavafx_font.so
7ff6ea571000-7ff6ea572000 rw-p 00002000 08:0f 1587739                    /usr/lib/jvm/oracle_jdk8/jre/lib/amd64/libjavafx_font.so
7ff6ea572000-7ff6ea772000 rw-p 00000000 00:00 0 
7ff6ea772000-7ff6ea775000 ---p 00000000 00:00 0 
7ff6ea775000-7ff6ea873000 rw-p 00000000 00:00 0 
7ff6ea873000-7ff6ea876000 ---p 00000000 00:00 0 
7ff6ea876000-7ff6ea974000 rw-p 00000000 00:00 0 
7ff6ea974000-7ff6ea977000 ---p 00000000 00:00 0 
7ff6ea977000-7ff6eaa75000 rw-p 00000000 00:00 0 
7ff6eaa75000-7ff6eaa76000 ---p 00000000 00:00 0 
7ff6eaa76000-7ff6eb276000 rw-p 00000000 00:00 0 
7ff6eb276000-7ff6eb277000 ---p 00000000 00:00 0 
7ff6eb277000-7ff6eba77000 rw-p 00000000 00:00 0 
7ff6eba77000-7ff6eba78000 ---p 00000000 00:00 0 
7ff6eba78000-7ff6ec278000 rw-p 00000000 00:00 0 
7ff6ec278000-7ff6ec284000 r-xp 00000000 08:0f 1572888                    /usr/lib/x86_64-linux-gnu/gio/modules/libdconfsettings.so
7ff6ec284000-7ff6ec483000 ---p 0000c000 08:0f 1572888                    /usr/lib/x86_64-linux-gnu/gio/modules/libdconfsettings.so
7ff6ec483000-7ff6ec484000 r--p 0000b000 08:0f 1572888                    /usr/lib/x86_64-linux-gnu/gio/modules/libdconfsettings.so
7ff6ec484000-7ff6ec485000 rw-p 0000c000 08:0f 1572888                    /usr/lib/x86_64-linux-gnu/gio/modules/libdconfsettings.so
7ff6ec485000-7ff6ec48c000 r-xp 00000000 08:0f 1318849                    /usr/lib/x86_64-linux-gnu/libogg.so.0.8.2
7ff6ec48c000-7ff6ec68c000 ---p 00007000 08:0f 1318849                    /usr/lib/x86_64-linux-gnu/libogg.so.0.8.2
7ff6ec68c000-7ff6ec68d000 r--p 00007000 08:0f 1318849                    /usr/lib/x86_64-linux-gnu/libogg.so.0.8.2
7ff6ec68d000-7ff6ec68e000 rw-p 00008000 08:0f 1318849                    /usr/lib/x86_64-linux-gnu/libogg.so.0.8.2
7ff6ec68e000-7ff6ec6b8000 r-xp 00000000 08:0f 1319282                    /usr/lib/x86_64-linux-gnu/libvorbis.so.0.4.8
7ff6ec6b8000-7ff6ec8b8000 ---p 0002a000 08:0f 1319282                    /usr/lib/x86_64-linux-gnu/libvorbis.so.0.4.8
7ff6ec8b8000-7ff6ec8b9000 r--p 0002a000 08:0f 1319282                    /usr/lib/x86_64-linux-gnu/libvorbis.so.0.4.8
7ff6ec8b9000-7ff6ec8ba000 rw-p 0002b000 08:0f 1319282                    /usr/lib/x86_64-linux-gnu/libvorbis.so.0.4.8
7ff6ec8ba000-7ff6ec8c2000 r-xp 00000000 08:0f 1318693                    /usr/lib/x86_64-linux-gnu/libltdl.so.7.3.1
7ff6ec8c2000-7ff6ecac2000 ---p 00008000 08:0f 1318693                    /usr/lib/x86_64-linux-gnu/libltdl.so.7.3.1
7ff6ecac2000-7ff6ecac3000 r--p 00008000 08:0f 1318693                    /usr/lib/x86_64-linux-gnu/libltdl.so.7.3.1
7ff6ecac3000-7ff6ecac4000 rw-p 00009000 08:0f 1318693                    /usr/lib/x86_64-linux-gnu/libltdl.so.7.3.1
7ff6ecac4000-7ff6ecad8000 r-xp 00000000 08:0f 1319115                    /usr/lib/x86_64-linux-gnu/libtdb.so.1.3.9
7ff6ecad8000-7ff6eccd7000 ---p 00014000 08:0f 1319115                    /usr/lib/x86_64-linux-gnu/libtdb.so.1.3.9
7ff6eccd7000-7ff6eccd8000 r--p 00013000 08:0f 1319115                    /usr/lib/x86_64-linux-gnu/libtdb.so.1.3.9
7ff6eccd8000-7ff6eccd9000 rw-p 00014000 08:0f 1319115                    /usr/lib/x86_64-linux-gnu/libtdb.so.1.3.9
7ff6eccd9000-7ff6ecce0000 r-xp 00000000 08:0f 1319286                    /usr/lib/x86_64-linux-gnu/libvorbisfile.so.3.3.7
7ff6ecce0000-7ff6ecee0000 ---p 00007000 08:0f 1319286                    /usr/lib/x86_64-linux-gnu/libvorbisfile.so.3.3.7
7ff6ecee0000-7ff6ecee1000 r--p 00007000 08:0f 1319286                    /usr/lib/x86_64-linux-gnu/libvorbisfile.so.3.3.7
7ff6ecee1000-7ff6ecee2000 rw-p 00008000 08:0f 1319286                    /usr/lib/x86_64-linux-gnu/libvorbisfile.so.3.3.7
7ff6ecee2000-7ff6ecef2000 r-xp 00000000 08:0f 1318049                    /usr/lib/x86_64-linux-gnu/libcanberra.so.0.2.5
7ff6ecef2000-7ff6ed0f2000 ---p 00010000 08:0f 1318049                    /usr/lib/x86_64-linux-gnu/libcanberra.so.0.2.5
7ff6ed0f2000-7ff6ed0f3000 r--p 00010000 08:0f 1318049                    /usr/lib/x86_64-linux-gnu/libcanberra.so.0.2.5
7ff6ed0f3000-7ff6ed0f4000 rw-p 00011000 08:0f 1318049                    /usr/lib/x86_64-linux-gnu/libcanberra.so.0.2.5
7ff6ed0f4000-7ff6ed0f8000 r-xp 00000000 08:0f 1318045                    /usr/lib/x86_64-linux-gnu/libcanberra-gtk.so.0.1.9
7ff6ed0f8000-7ff6ed2f7000 ---p 00004000 08:0f 1318045                    /usr/lib/x86_64-linux-gnu/libcanberra-gtk.so.0.1.9
7ff6ed2f7000-7ff6ed2f8000 r--p 00003000 08:0f 1318045                    /usr/lib/x86_64-linux-gnu/libcanberra-gtk.so.0.1.9
7ff6ed2f8000-7ff6ed2f9000 rw-p 00004000 08:0f 1318045                    /usr/lib/x86_64-linux-gnu/libcanberra-gtk.so.0.1.9
7ff6ed2f9000-7ff6ed2fe000 r-xp 00000000 08:0f 1573095                    /usr/lib/x86_64-linux-gnu/gtk-2.0/modules/libcanberra-gtk-module.so
7ff6ed2fe000-7ff6ed4fd000 ---p 00005000 08:0f 1573095                    /usr/lib/x86_64-linux-gnu/gtk-2.0/modules/libcanberra-gtk-module.so
7ff6ed4fd000-7ff6ed4fe000 r--p 00004000 08:0f 1573095                    /usr/lib/x86_64-linux-gnu/gtk-2.0/modules/libcanberra-gtk-module.so
7ff6ed4fe000-7ff6ed4ff000 rw-p 00005000 08:0f 1573095                    /usr/lib/x86_64-linux-gnu/gtk-2.0/modules/libcanberra-gtk-module.so
7ff6ed4ff000-7ff6ed52f000 r-xp 00000000 08:0f 1573077                    /usr/lib/x86_64-linux-gnu/gtk-2.0/2.10.0/engines/libmurrine.so
7ff6ed52f000-7ff6ed72f000 ---p 00030000 08:0f 1573077                    /usr/lib/x86_64-linux-gnu/gtk-2.0/2.10.0/engines/libmurrine.so
7ff6ed72f000-7ff6ed730000 r--p 00030000 08:0f 1573077                    /usr/lib/x86_64-linux-gnu/gtk-2.0/2.10.0/engines/libmurrine.so
7ff6ed730000-7ff6ed731000 rw-p 00031000 08:0f 1573077                    /usr/lib/x86_64-linux-gnu/gtk-2.0/2.10.0/engines/libmurrine.so
7ff6ed731000-7ff6ed742000 r-xp 00000000 08:0f 1587590                    /usr/lib/x86_64-linux-gnu/gtk-2.0/modules/liboverlay-scrollbar.so
7ff6ed742000-7ff6ed942000 ---p 00011000 08:0f 1587590                    /usr/lib/x86_64-linux-gnu/gtk-2.0/modules/liboverlay-scrollbar.so
7ff6ed942000-7ff6ed943000 r--p 00011000 08:0f 1587590                    /usr/lib/x86_64-linux-gnu/gtk-2.0/modules/liboverlay-scrollbar.so
7ff6ed943000-7ff6ed944000 rw-p 00012000 08:0f 1587590                    /usr/lib/x86_64-linux-gnu/gtk-2.0/modules/liboverlay-scrollbar.so
7ff6ed944000-7ff6ed96d000 r-xp 00000000 08:0f 1587715                    /usr/lib/jvm/oracle_jdk8/jre/lib/amd64/libglass.so
7ff6ed96d000-7ff6edb6c000 ---p 00029000 08:0f 1587715                    /usr/lib/jvm/oracle_jdk8/jre/lib/amd64/libglass.so
7ff6edb6c000-7ff6edb6f000 rw-p 00028000 08:0f 1587715                    /usr/lib/jvm/oracle_jdk8/jre/lib/amd64/libglass.so
7ff6edb6f000-7ff6edba6000 r-xp 00000000 08:0f 1319162                    /usr/lib/x86_64-linux-gnu/libtxc_dxtn_s2tc.so.0.0.0
7ff6edba6000-7ff6edda5000 ---p 00037000 08:0f 1319162                    /usr/lib/x86_64-linux-gnu/libtxc_dxtn_s2tc.so.0.0.0
7ff6edda5000-7ff6edda6000 r--p 00036000 08:0f 1319162                    /usr/lib/x86_64-linux-gnu/libtxc_dxtn_s2tc.so.0.0.0
7ff6edda6000-7ff6edda7000 rw-p 00037000 08:0f 1319162                    /usr/lib/x86_64-linux-gnu/libtxc_dxtn_s2tc.so.0.0.0
7ff6edda7000-7ff6eddaf000 r-xp 00000000 08:0f 1318896                    /usr/lib/x86_64-linux-gnu/libpciaccess.so.0.11.1
7ff6eddaf000-7ff6edfaf000 ---p 00008000 08:0f 1318896                    /usr/lib/x86_64-linux-gnu/libpciaccess.so.0.11.1
7ff6edfaf000-7ff6edfb0000 r--p 00008000 08:0f 1318896                    /usr/lib/x86_64-linux-gnu/libpciaccess.so.0.11.1
7ff6edfb0000-7ff6edfb1000 rw-p 00009000 08:0f 1318896                    /usr/lib/x86_64-linux-gnu/libpciaccess.so.0.11.1
7ff6edfb1000-7ff6edfc3000 r-xp 00000000 08:0f 528094                     /lib/x86_64-linux-gnu/libgpg-error.so.0.19.1
7ff6edfc3000-7ff6ee1c3000 ---p 00012000 08:0f 528094                     /lib/x86_64-linux-gnu/libgpg-error.so.0.19.1
7ff6ee1c3000-7ff6ee1c4000 r--p 00012000 08:0f 528094                     /lib/x86_64-linux-gnu/libgpg-error.so.0.19.1
7ff6ee1c4000-7ff6ee1c5000 rw-p 00013000 08:0f 528094                     /lib/x86_64-linux-gnu/libgpg-error.so.0.19.1
7ff6ee1c5000-7ff6ee1d0000 r-xp 00000000 08:0f 1318198                    /usr/lib/x86_64-linux-gnu/libdrm_radeon.so.1.0.1
7ff6ee1d0000-7ff6ee3cf000 ---p 0000b000 08:0f 1318198                    /usr/lib/x86_64-linux-gnu/libdrm_radeon.so.1.0.1
7ff6ee3cf000-7ff6ee3d0000 r--p 0000a000 08:0f 1318198                    /usr/lib/x86_64-linux-gnu/libdrm_radeon.so.1.0.1
7ff6ee3d0000-7ff6ee3d1000 rw-p 0000b000 08:0f 1318198                    /usr/lib/x86_64-linux-gnu/libdrm_radeon.so.1.0.1
7ff6ee3d1000-7ff6ee3d8000 r-xp 00000000 08:0f 1318196                    /usr/lib/x86_64-linux-gnu/libdrm_nouveau.so.2.0.0
7ff6ee3d8000-7ff6ee5d7000 ---p 00007000 08:0f 1318196                    /usr/lib/x86_64-linux-gnu/libdrm_nouveau.so.2.0.0
7ff6ee5d7000-7ff6ee5d8000 r--p 00006000 08:0f 1318196                    /usr/lib/x86_64-linux-gnu/libdrm_nouveau.so.2.0.0
7ff6ee5d8000-7ff6ee5d9000 rw-p 00007000 08:0f 1318196                    /usr/lib/x86_64-linux-gnu/libdrm_nouveau.so.2.0.0
7ff6ee5d9000-7ff6ee5f9000 r-xp 00000000 08:0f 1318194                    /usr/lib/x86_64-linux-gnu/libdrm_intel.so.1.0.0
7ff6ee5f9000-7ff6ee7f8000 ---p 00020000 08:0f 1318194                    /usr/lib/x86_64-linux-gnu/libdrm_intel.so.1.0.0
7ff6ee7f8000-7ff6ee7f9000 r--p 0001f000 08:0f 1318194                    /usr/lib/x86_64-linux-gnu/libdrm_intel.so.1.0.0
7ff6ee7f9000-7ff6ee7fa000 rw-p 00020000 08:0f 1318194                    /usr/lib/x86_64-linux-gnu/libdrm_intel.so.1.0.0
7ff6ee7fa000-7ff6ee901000 r-xp 00000000 08:0f 528090                     /lib/x86_64-linux-gnu/libgcrypt.so.20.1.2
7ff6ee901000-7ff6eeb00000 ---p 00107000 08:0f 528090                     /lib/x86_64-linux-gnu/libgcrypt.so.20.1.2
7ff6eeb00000-7ff6eeb02000 r--p 00106000 08:0f 528090                     /lib/x86_64-linux-gnu/libgcrypt.so.20.1.2
7ff6eeb02000-7ff6eeb09000 rw-p 00108000 08:0f 528090                     /lib/x86_64-linux-gnu/libgcrypt.so.20.1.2
7ff6eeb09000-7ff6ef1ac000 r-xp 00000000 08:0f 1571962                    /usr/lib/x86_64-linux-gnu/dri/i965_dri.so
7ff6ef1ac000-7ff6ef3ab000 ---p 006a3000 08:0f 1571962                    /usr/lib/x86_64-linux-gnu/dri/i965_dri.so
7ff6ef3ab000-7ff6ef3ea000 r--p 006a2000 08:0f 1571962                    /usr/lib/x86_64-linux-gnu/dri/i965_dri.so
7ff6ef3ea000-7ff6ef3f2000 rw-p 006e1000 08:0f 1571962                    /usr/lib/x86_64-linux-gnu/dri/i965_dri.so
7ff6ef3f2000-7ff6ef3fa000 rw-p 00000000 00:00 0 
7ff6ef3fa000-7ff6ef3fe000 r-xp 00000000 08:0f 527948                     /lib/x86_64-linux-gnu/libuuid.so.1.3.0
7ff6ef3fe000-7ff6ef5fd000 ---p 00004000 08:0f 527948                     /lib/x86_64-linux-gnu/libuuid.so.1.3.0
7ff6ef5fd000-7ff6ef5fe000 r--p 00003000 08:0f 527948                     /lib/x86_64-linux-gnu/libuuid.so.1.3.0
7ff6ef5fe000-7ff6ef5ff000 rw-p 00004000 08:0f 527948                     /lib/x86_64-linux-gnu/libuuid.so.1.3.0
7ff6ef5ff000-7ff6ef605000 r-xp 00000000 08:0f 1318139                    /usr/lib/x86_64-linux-gnu/libdatrie.so.1.3.3
7ff6ef605000-7ff6ef805000 ---p 00006000 08:0f 1318139                    /usr/lib/x86_64-linux-gnu/libdatrie.so.1.3.3
7ff6ef805000-7ff6ef806000 r--p 00006000 08:0f 1318139                    /usr/lib/x86_64-linux-gnu/libdatrie.so.1.3.3
7ff6ef806000-7ff6ef807000 rw-p 00007000 08:0f 1318139                    /usr/lib/x86_64-linux-gnu/libdatrie.so.1.3.3
7ff6ef807000-7ff6ef80c000 r-xp 00000000 08:0f 1317884                    /usr/lib/x86_64-linux-gnu/libXdmcp.so.6.0.0
7ff6ef80c000-7ff6efa0b000 ---p 00005000 08:0f 1317884                    /usr/lib/x86_64-linux-gnu/libXdmcp.so.6.0.0
7ff6efa0b000-7ff6efa0c000 r--p 00004000 08:0f 1317884                    /usr/lib/x86_64-linux-gnu/libXdmcp.so.6.0.0
7ff6efa0c000-7ff6efa0d000 rw-p 00005000 08:0f 1317884                    /usr/lib/x86_64-linux-gnu/libXdmcp.so.6.0.0
7ff6efa0d000-7ff6efa0f000 r-xp 00000000 08:0f 1317873                    /usr/lib/x86_64-linux-gnu/libXau.so.6.0.0
7ff6efa0f000-7ff6efc0f000 ---p 00002000 08:0f 1317873                    /usr/lib/x86_64-linux-gnu/libXau.so.6.0.0
7ff6efc0f000-7ff6efc10000 r--p 00002000 08:0f 1317873                    /usr/lib/x86_64-linux-gnu/libXau.so.6.0.0
7ff6efc10000-7ff6efc11000 rw-p 00003000 08:0f 1317873                    /usr/lib/x86_64-linux-gnu/libXau.so.6.0.0
7ff6efc11000-7ff6efc34000 r-xp 00000000 08:0f 1318451                    /usr/lib/x86_64-linux-gnu/libgraphite2.so.3.0.1
7ff6efc34000-7ff6efe33000 ---p 00023000 08:0f 1318451                    /usr/lib/x86_64-linux-gnu/libgraphite2.so.3.0.1
7ff6efe33000-7ff6efe35000 r--p 00022000 08:0f 1318451                    /usr/lib/x86_64-linux-gnu/libgraphite2.so.3.0.1
7ff6efe35000-7ff6efe36000 rw-p 00024000 08:0f 1318451                    /usr/lib/x86_64-linux-gnu/libgraphite2.so.3.0.1
7ff6efe36000-7ff6efe73000 r-xp 00000000 08:0f 527950                     /lib/x86_64-linux-gnu/libblkid.so.1.1.0
7ff6efe73000-7ff6f0072000 ---p 0003d000 08:0f 527950                     /lib/x86_64-linux-gnu/libblkid.so.1.1.0
7ff6f0072000-7ff6f0076000 r--p 0003c000 08:0f 527950                     /lib/x86_64-linux-gnu/libblkid.so.1.1.0
7ff6f0076000-7ff6f0077000 rw-p 00040000 08:0f 527950                     /lib/x86_64-linux-gnu/libblkid.so.1.1.0
7ff6f0077000-7ff6f0078000 rw-p 00000000 00:00 0 
7ff6f0078000-7ff6f0086000 r-xp 00000000 08:0f 1318190                    /usr/lib/x86_64-linux-gnu/libdrm.so.2.4.0
7ff6f0086000-7ff6f0285000 ---p 0000e000 08:0f 1318190                    /usr/lib/x86_64-linux-gnu/libdrm.so.2.4.0
7ff6f0285000-7ff6f0286000 r--p 0000d000 08:0f 1318190                    /usr/lib/x86_64-linux-gnu/libdrm.so.2.4.0
7ff6f0286000-7ff6f0287000 rw-p 0000e000 08:0f 1318190                    /usr/lib/x86_64-linux-gnu/libdrm.so.2.4.0
7ff6f0287000-7ff6f028b000 r-xp 00000000 08:0f 1319373                    /usr/lib/x86_64-linux-gnu/libxcb-dri2.so.0.0.0
7ff6f028b000-7ff6f048a000 ---p 00004000 08:0f 1319373                    /usr/lib/x86_64-linux-gnu/libxcb-dri2.so.0.0.0
7ff6f048a000-7ff6f048b000 r--p 00003000 08:0f 1319373                    /usr/lib/x86_64-linux-gnu/libxcb-dri2.so.0.0.0
7ff6f048b000-7ff6f048c000 rw-p 00004000 08:0f 1319373                    /usr/lib/x86_64-linux-gnu/libxcb-dri2.so.0.0.0
7ff6f048c000-7ff6f04a3000 r-xp 00000000 08:0f 1319377                    /usr/lib/x86_64-linux-gnu/libxcb-glx.so.0.0.0
7ff6f04a3000-7ff6f06a2000 ---p 00017000 08:0f 1319377                    /usr/lib/x86_64-linux-gnu/libxcb-glx.so.0.0.0
7ff6f06a2000-7ff6f06a4000 r--p 00016000 08:0f 1319377                    /usr/lib/x86_64-linux-gnu/libxcb-glx.so.0.0.0
7ff6f06a4000-7ff6f06a5000 rw-p 00018000 08:0f 1319377                    /usr/lib/x86_64-linux-gnu/libxcb-glx.so.0.0.0
7ff6f06a5000-7ff6f06a6000 r-xp 00000000 08:0f 1317867                    /usr/lib/x86_64-linux-gnu/libX11-xcb.so.1.0.0
7ff6f06a6000-7ff6f08a5000 ---p 00001000 08:0f 1317867                    /usr/lib/x86_64-linux-gnu/libX11-xcb.so.1.0.0
7ff6f08a5000-7ff6f08a6000 r--p 00000000 08:0f 1317867                    /usr/lib/x86_64-linux-gnu/libX11-xcb.so.1.0.0
7ff6f08a6000-7ff6f08a7000 rw-p 00001000 08:0f 1317867                    /usr/lib/x86_64-linux-gnu/libX11-xcb.so.1.0.0
7ff6f08a7000-7ff6f08d0000 r-xp 00000000 08:0f 1332500                    /usr/lib/x86_64-linux-gnu/libglapi.so.0.0.0
7ff6f08d0000-7ff6f0acf000 ---p 00029000 08:0f 1332500                    /usr/lib/x86_64-linux-gnu/libglapi.so.0.0.0
7ff6f0acf000-7ff6f0ad3000 r--p 00028000 08:0f 1332500                    /usr/lib/x86_64-linux-gnu/libglapi.so.0.0.0
7ff6f0ad3000-7ff6f0ad4000 rw-p 0002c000 08:0f 1332500                    /usr/lib/x86_64-linux-gnu/libglapi.so.0.0.0
7ff6f0ad4000-7ff6f0ad5000 rw-p 00000000 00:00 0 
7ff6f0ad5000-7ff6f0ad6000 r-xp 00000000 08:0f 1319419                    /usr/lib/x86_64-linux-gnu/libxshmfence.so.1.0.0
7ff6f0ad6000-7ff6f0cd6000 ---p 00001000 08:0f 1319419                    /usr/lib/x86_64-linux-gnu/libxshmfence.so.1.0.0
7ff6f0cd6000-7ff6f0cd7000 r--p 00001000 08:0f 1319419                    /usr/lib/x86_64-linux-gnu/libxshmfence.so.1.0.0
7ff6f0cd7000-7ff6f0cd8000 rw-p 00002000 08:0f 1319419                    /usr/lib/x86_64-linux-gnu/libxshmfence.so.1.0.0
7ff6f0cd8000-7ff6f0cdd000 r-xp 00000000 08:0f 1319397                    /usr/lib/x86_64-linux-gnu/libxcb-sync.so.1.0.0
7ff6f0cdd000-7ff6f0edd000 ---p 00005000 08:0f 1319397                    /usr/lib/x86_64-linux-gnu/libxcb-sync.so.1.0.0
7ff6f0edd000-7ff6f0ede000 r--p 00005000 08:0f 1319397                    /usr/lib/x86_64-linux-gnu/libxcb-sync.so.1.0.0
7ff6f0ede000-7ff6f0edf000 rw-p 00006000 08:0f 1319397                    /usr/lib/x86_64-linux-gnu/libxcb-sync.so.1.0.0
7ff6f0edf000-7ff6f0ee1000 r-xp 00000000 08:0f 1319385                    /usr/lib/x86_64-linux-gnu/libxcb-present.so.0.0.0
7ff6f0ee1000-7ff6f10e0000 ---p 00002000 08:0f 1319385                    /usr/lib/x86_64-linux-gnu/libxcb-present.so.0.0.0
7ff6f10e0000-7ff6f10e1000 r--p 00001000 08:0f 1319385                    /usr/lib/x86_64-linux-gnu/libxcb-present.so.0.0.0
7ff6f10e1000-7ff6f10e2000 rw-p 00002000 08:0f 1319385                    /usr/lib/x86_64-linux-gnu/libxcb-present.so.0.0.0
7ff6f10e2000-7ff6f10e4000 r-xp 00000000 08:0f 1319375                    /usr/lib/x86_64-linux-gnu/libxcb-dri3.so.0.0.0
7ff6f10e4000-7ff6f12e3000 ---p 00002000 08:0f 1319375                    /usr/lib/x86_64-linux-gnu/libxcb-dri3.so.0.0.0
7ff6f12e3000-7ff6f12e4000 r--p 00001000 08:0f 1319375                    /usr/lib/x86_64-linux-gnu/libxcb-dri3.so.0.0.0
7ff6f12e4000-7ff6f12e5000 rw-p 00002000 08:0f 1319375                    /usr/lib/x86_64-linux-gnu/libxcb-dri3.so.0.0.0
7ff6f12e5000-7ff6f1357000 r-xp 00000000 08:0f 528176                     /lib/x86_64-linux-gnu/libpcre.so.3.13.3
7ff6f1357000-7ff6f1556000 ---p 00072000 08:0f 528176                     /lib/x86_64-linux-gnu/libpcre.so.3.13.3
7ff6f1556000-7ff6f1557000 r--p 00071000 08:0f 528176                     /lib/x86_64-linux-gnu/libpcre.so.3.13.3
7ff6f1557000-7ff6f1558000 rw-p 00072000 08:0f 528176                     /lib/x86_64-linux-gnu/libpcre.so.3.13.3
7ff6f1558000-7ff6f155f000 r-xp 00000000 08:0f 1318270                    /usr/lib/x86_64-linux-gnu/libffi.so.6.0.4
7ff6f155f000-7ff6f175e000 ---p 00007000 08:0f 1318270                    /usr/lib/x86_64-linux-gnu/libffi.so.6.0.4
7ff6f175e000-7ff6f175f000 r--p 00006000 08:0f 1318270                    /usr/lib/x86_64-linux-gnu/libffi.so.6.0.4
7ff6f175f000-7ff6f1760000 rw-p 00007000 08:0f 1318270                    /usr/lib/x86_64-linux-gnu/libffi.so.6.0.4
7ff6f1760000-7ff6f1787000 r-xp 00000000 08:0f 528081                     /lib/x86_64-linux-gnu/libexpat.so.1.6.2
7ff6f1787000-7ff6f1987000 ---p 00027000 08:0f 528081                     /lib/x86_64-linux-gnu/libexpat.so.1.6.2
7ff6f1987000-7ff6f1989000 r--p 00027000 08:0f 528081                     /lib/x86_64-linux-gnu/libexpat.so.1.6.2
7ff6f1989000-7ff6f198a000 rw-p 00029000 08:0f 528081                     /lib/x86_64-linux-gnu/libexpat.so.1.6.2
7ff6f198a000-7ff6f1992000 r-xp 00000000 08:0f 1319129                    /usr/lib/x86_64-linux-gnu/libthai.so.0.3.0
7ff6f1992000-7ff6f1b91000 ---p 00008000 08:0f 1319129                    /usr/lib/x86_64-linux-gnu/libthai.so.0.3.0
7ff6f1b91000-7ff6f1b92000 r--p 00007000 08:0f 1319129                    /usr/lib/x86_64-linux-gnu/libthai.so.0.3.0
7ff6f1b92000-7ff6f1b93000 rw-p 00008000 08:0f 1319129                    /usr/lib/x86_64-linux-gnu/libthai.so.0.3.0
7ff6f1b93000-7ff6f1bb4000 r-xp 00000000 08:0f 1319407                    /usr/lib/x86_64-linux-gnu/libxcb.so.1.1.0
7ff6f1bb4000-7ff6f1db3000 ---p 00021000 08:0f 1319407                    /usr/lib/x86_64-linux-gnu/libxcb.so.1.1.0
7ff6f1db3000-7ff6f1db4000 r--p 00020000 08:0f 1319407                    /usr/lib/x86_64-linux-gnu/libxcb.so.1.1.0
7ff6f1db4000-7ff6f1db5000 rw-p 00021000 08:0f 1319407                    /usr/lib/x86_64-linux-gnu/libxcb.so.1.1.0
7ff6f1db5000-7ff6f1dbd000 r-xp 00000000 08:0f 1319391                    /usr/lib/x86_64-linux-gnu/libxcb-render.so.0.0.0
7ff6f1dbd000-7ff6f1fbd000 ---p 00008000 08:0f 1319391                    /usr/lib/x86_64-linux-gnu/libxcb-render.so.0.0.0
7ff6f1fbd000-7ff6f1fbe000 r--p 00008000 08:0f 1319391                    /usr/lib/x86_64-linux-gnu/libxcb-render.so.0.0.0
7ff6f1fbe000-7ff6f1fbf000 rw-p 00009000 08:0f 1319391                    /usr/lib/x86_64-linux-gnu/libxcb-render.so.0.0.0
7ff6f1fbf000-7ff6f1fc1000 r-xp 00000000 08:0f 1319395                    /usr/lib/x86_64-linux-gnu/libxcb-shm.so.0.0.0
7ff6f1fc1000-7ff6f21c1000 ---p 00002000 08:0f 1319395                    /usr/lib/x86_64-linux-gnu/libxcb-shm.so.0.0.0
7ff6f21c1000-7ff6f21c2000 r--p 00002000 08:0f 1319395                    /usr/lib/x86_64-linux-gnu/libxcb-shm.so.0.0.0
7ff6f21c2000-7ff6f21c3000 rw-p 00003000 08:0f 1319395                    /usr/lib/x86_64-linux-gnu/libxcb-shm.so.0.0.0
7ff6f21c3000-7ff6f21f4000 r-xp 00000000 08:0f 1318920                    /usr/lib/x86_64-linux-gnu/libpng16.so.16.25.0
7ff6f21f4000-7ff6f23f3000 ---p 00031000 08:0f 1318920                    /usr/lib/x86_64-linux-gnu/libpng16.so.16.25.0
7ff6f23f3000-7ff6f23f4000 r--p 00030000 08:0f 1318920                    /usr/lib/x86_64-linux-gnu/libpng16.so.16.25.0
7ff6f23f4000-7ff6f23f5000 rw-p 00031000 08:0f 1318920                    /usr/lib/x86_64-linux-gnu/libpng16.so.16.25.0
7ff6f23f5000-7ff6f2494000 r-xp 00000000 08:0f 1318912                    /usr/lib/x86_64-linux-gnu/libpixman-1.so.0.33.6
7ff6f2494000-7ff6f2694000 ---p 0009f000 08:0f 1318912                    /usr/lib/x86_64-linux-gnu/libpixman-1.so.0.33.6
7ff6f2694000-7ff6f269c000 r--p 0009f000 08:0f 1318912                    /usr/lib/x86_64-linux-gnu/libpixman-1.so.0.33.6
7ff6f269c000-7ff6f269d000 rw-p 000a7000 08:0f 1318912                    /usr/lib/x86_64-linux-gnu/libpixman-1.so.0.33.6
7ff6f269d000-7ff6f271b000 r-xp 00000000 08:0f 1318541                    /usr/lib/x86_64-linux-gnu/libharfbuzz.so.0.10200.7
7ff6f271b000-7ff6f291b000 ---p 0007e000 08:0f 1318541                    /usr/lib/x86_64-linux-gnu/libharfbuzz.so.0.10200.7
7ff6f291b000-7ff6f291c000 r--p 0007e000 08:0f 1318541                    /usr/lib/x86_64-linux-gnu/libharfbuzz.so.0.10200.7
7ff6f291c000-7ff6f291d000 rw-p 0007f000 08:0f 1318541                    /usr/lib/x86_64-linux-gnu/libharfbuzz.so.0.10200.7
7ff6f291d000-7ff6f2963000 r-xp 00000000 08:0f 527943                     /lib/x86_64-linux-gnu/libmount.so.1.1.0
7ff6f2963000-7ff6f2b62000 ---p 00046000 08:0f 527943                     /lib/x86_64-linux-gnu/libmount.so.1.1.0
7ff6f2b62000-7ff6f2b63000 r--p 00045000 08:0f 527943                     /lib/x86_64-linux-gnu/libmount.so.1.1.0
7ff6f2b63000-7ff6f2b64000 rw-p 00046000 08:0f 527943                     /lib/x86_64-linux-gnu/libmount.so.1.1.0
7ff6f2b64000-7ff6f2b65000 rw-p 00000000 00:00 0 
7ff6f2b65000-7ff6f2b7c000 r-xp 00000000 08:0f 528272                     /lib/x86_64-linux-gnu/libresolv-2.24.so
7ff6f2b7c000-7ff6f2d7c000 ---p 00017000 08:0f 528272                     /lib/x86_64-linux-gnu/libresolv-2.24.so
7ff6f2d7c000-7ff6f2d7d000 r--p 00017000 08:0f 528272                     /lib/x86_64-linux-gnu/libresolv-2.24.so
7ff6f2d7d000-7ff6f2d7e000 rw-p 00018000 08:0f 528272                     /lib/x86_64-linux-gnu/libresolv-2.24.so
7ff6f2d7e000-7ff6f2d80000 rw-p 00000000 00:00 0 
7ff6f2d80000-7ff6f2da3000 r-xp 00000000 08:0f 528203                     /lib/x86_64-linux-gnu/libselinux.so.1
7ff6f2da3000-7ff6f2fa2000 ---p 00023000 08:0f 528203                     /lib/x86_64-linux-gnu/libselinux.so.1
7ff6f2fa2000-7ff6f2fa3000 r--p 00022000 08:0f 528203                     /lib/x86_64-linux-gnu/libselinux.so.1
7ff6f2fa3000-7ff6f2fa4000 rw-p 00023000 08:0f 528203                     /lib/x86_64-linux-gnu/libselinux.so.1
7ff6f2fa4000-7ff6f2fa6000 rw-p 00000000 00:00 0 
7ff6f2fa6000-7ff6f2fbf000 r-xp 00000000 08:0f 528232                     /lib/x86_64-linux-gnu/libz.so.1.2.8
7ff6f2fbf000-7ff6f31be000 ---p 00019000 08:0f 528232                     /lib/x86_64-linux-gnu/libz.so.1.2.8
7ff6f31be000-7ff6f31bf000 r--p 00018000 08:0f 528232                     /lib/x86_64-linux-gnu/libz.so.1.2.8
7ff6f31bf000-7ff6f31c0000 rw-p 00019000 08:0f 528232                     /lib/x86_64-linux-gnu/libz.so.1.2.8
7ff6f31c0000-7ff6f31d1000 r-xp 00000000 08:0f 1317886                    /usr/lib/x86_64-linux-gnu/libXext.so.6.4.0
7ff6f31d1000-7ff6f33d0000 ---p 00011000 08:0f 1317886                    /usr/lib/x86_64-linux-gnu/libXext.so.6.4.0
7ff6f33d0000-7ff6f33d1000 r--p 00010000 08:0f 1317886                    /usr/lib/x86_64-linux-gnu/libXext.so.6.4.0
7ff6f33d1000-7ff6f33d2000 rw-p 00011000 08:0f 1317886                    /usr/lib/x86_64-linux-gnu/libXext.so.6.4.0
7ff6f33d2000-7ff6f33d4000 r-xp 00000000 08:0f 1317882                    /usr/lib/x86_64-linux-gnu/libXdamage.so.1.1.0
7ff6f33d4000-7ff6f35d3000 ---p 00002000 08:0f 1317882                    /usr/lib/x86_64-linux-gnu/libXdamage.so.1.1.0
7ff6f35d3000-7ff6f35d4000 r--p 00001000 08:0f 1317882                    /usr/lib/x86_64-linux-gnu/libXdamage.so.1.1.0
7ff6f35d4000-7ff6f35d5000 rw-p 00002000 08:0f 1317882                    /usr/lib/x86_64-linux-gnu/libXdamage.so.1.1.0
7ff6f35d5000-7ff6f35d7000 r-xp 00000000 08:0f 1317878                    /usr/lib/x86_64-linux-gnu/libXcomposite.so.1.0.0
7ff6f35d7000-7ff6f37d6000 ---p 00002000 08:0f 1317878                    /usr/lib/x86_64-linux-gnu/libXcomposite.so.1.0.0
7ff6f37d6000-7ff6f37d7000 r--p 00001000 08:0f 1317878                    /usr/lib/x86_64-linux-gnu/libXcomposite.so.1.0.0
7ff6f37d7000-7ff6f37d8000 rw-p 00002000 08:0f 1317878                    /usr/lib/x86_64-linux-gnu/libXcomposite.so.1.0.0
7ff6f37d8000-7ff6f37e1000 r-xp 00000000 08:0f 1317880                    /usr/lib/x86_64-linux-gnu/libXcursor.so.1.0.2
7ff6f37e1000-7ff6f39e0000 ---p 00009000 08:0f 1317880                    /usr/lib/x86_64-linux-gnu/libXcursor.so.1.0.2
7ff6f39e0000-7ff6f39e1000 r--p 00008000 08:0f 1317880                    /usr/lib/x86_64-linux-gnu/libXcursor.so.1.0.2
7ff6f39e1000-7ff6f39e2000 rw-p 00009000 08:0f 1317880                    /usr/lib/x86_64-linux-gnu/libXcursor.so.1.0.2
7ff6f39e2000-7ff6f39ec000 r-xp 00000000 08:0f 1317904                    /usr/lib/x86_64-linux-gnu/libXrandr.so.2.2.0
7ff6f39ec000-7ff6f3beb000 ---p 0000a000 08:0f 1317904                    /usr/lib/x86_64-linux-gnu/libXrandr.so.2.2.0
7ff6f3beb000-7ff6f3bec000 r--p 00009000 08:0f 1317904                    /usr/lib/x86_64-linux-gnu/libXrandr.so.2.2.0
7ff6f3bec000-7ff6f3bed000 rw-p 0000a000 08:0f 1317904                    /usr/lib/x86_64-linux-gnu/libXrandr.so.2.2.0
7ff6f3bed000-7ff6f3bfc000 r-xp 00000000 08:0f 1317894                    /usr/lib/x86_64-linux-gnu/libXi.so.6.1.0
7ff6f3bfc000-7ff6f3dfb000 ---p 0000f000 08:0f 1317894                    /usr/lib/x86_64-linux-gnu/libXi.so.6.1.0
7ff6f3dfb000-7ff6f3dfc000 r--p 0000e000 08:0f 1317894                    /usr/lib/x86_64-linux-gnu/libXi.so.6.1.0
7ff6f3dfc000-7ff6f3dfd000 rw-p 0000f000 08:0f 1317894                    /usr/lib/x86_64-linux-gnu/libXi.so.6.1.0
7ff6f3dfd000-7ff6f3dff000 r-xp 00000000 08:0f 1317896                    /usr/lib/x86_64-linux-gnu/libXinerama.so.1.0.0
7ff6f3dff000-7ff6f3ffe000 ---p 00002000 08:0f 1317896                    /usr/lib/x86_64-linux-gnu/libXinerama.so.1.0.0
7ff6f3ffe000-7ff6f3fff000 r--p 00001000 08:0f 1317896                    /usr/lib/x86_64-linux-gnu/libXinerama.so.1.0.0
7ff6f3fff000-7ff6f4000000 rw-p 00002000 08:0f 1317896                    /usr/lib/x86_64-linux-gnu/libXinerama.so.1.0.0
7ff6f4000000-7ff6f5ea0000 rw-p 00000000 00:00 0 
7ff6f5ea0000-7ff6f8000000 ---p 00000000 00:00 0 
7ff6f8000000-7ff6f8021000 rw-p 00000000 00:00 0 
7ff6f8021000-7ff6fc000000 ---p 00000000 00:00 0 
7ff6fc003000-7ff6fc004000 rw-s 00000000 00:05 1324642                    /drm mm object (deleted)
7ff6fc004000-7ff6fc005000 rw-s 00000000 00:05 1324641                    /drm mm object (deleted)
7ff6fc005000-7ff6fc011000 rw-s 00000000 00:05 1321312                    /drm mm object (deleted)
7ff6fc011000-7ff6fc024000 r--p 00000000 08:0f 1713191                    /usr/lib/jvm/oracle_jdk8/jre/lib/fonts/LucidaBrightDemiBold.ttf
7ff6fc024000-7ff6fc0cf000 r--p 00000000 08:0f 1713184                    /usr/lib/jvm/oracle_jdk8/jre/lib/fonts/LucidaSansRegular.ttf
7ff6fc0cf000-7ff6fc0d8000 r-xp 00000000 08:0f 1317906                    /usr/lib/x86_64-linux-gnu/libXrender.so.1.3.0
7ff6fc0d8000-7ff6fc2d7000 ---p 00009000 08:0f 1317906                    /usr/lib/x86_64-linux-gnu/libXrender.so.1.3.0
7ff6fc2d7000-7ff6fc2d8000 r--p 00008000 08:0f 1317906                    /usr/lib/x86_64-linux-gnu/libXrender.so.1.3.0
7ff6fc2d8000-7ff6fc2d9000 rw-p 00009000 08:0f 1317906                    /usr/lib/x86_64-linux-gnu/libXrender.so.1.3.0
7ff6fc2d9000-7ff6fc2de000 r-xp 00000000 08:0f 1317888                    /usr/lib/x86_64-linux-gnu/libXfixes.so.3.1.0
7ff6fc2de000-7ff6fc4dd000 ---p 00005000 08:0f 1317888                    /usr/lib/x86_64-linux-gnu/libXfixes.so.3.1.0
7ff6fc4dd000-7ff6fc4de000 r--p 00004000 08:0f 1317888                    /usr/lib/x86_64-linux-gnu/libXfixes.so.3.1.0
7ff6fc4de000-7ff6fc4df000 rw-p 00005000 08:0f 1317888                    /usr/lib/x86_64-linux-gnu/libXfixes.so.3.1.0
7ff6fc4df000-7ff6fc4f5000 r-xp 00000000 08:0f 528088                     /lib/x86_64-linux-gnu/libgcc_s.so.1
7ff6fc4f5000-7ff6fc6f4000 ---p 00016000 08:0f 528088                     /lib/x86_64-linux-gnu/libgcc_s.so.1
7ff6fc6f4000-7ff6fc6f5000 r--p 00015000 08:0f 528088                     /lib/x86_64-linux-gnu/libgcc_s.so.1
7ff6fc6f5000-7ff6fc6f6000 rw-p 00016000 08:0f 528088                     /lib/x86_64-linux-gnu/libgcc_s.so.1
7ff6fc6f6000-7ff6fc86e000 r-xp 00000000 08:0f 1319101                    /usr/lib/x86_64-linux-gnu/libstdc++.so.6.0.22
7ff6fc86e000-7ff6fca6e000 ---p 00178000 08:0f 1319101                    /usr/lib/x86_64-linux-gnu/libstdc++.so.6.0.22
7ff6fca6e000-7ff6fca78000 r--p 00178000 08:0f 1319101                    /usr/lib/x86_64-linux-gnu/libstdc++.so.6.0.22
7ff6fca78000-7ff6fca7a000 rw-p 00182000 08:0f 1319101                    /usr/lib/x86_64-linux-gnu/libstdc++.so.6.0.22
7ff6fca7a000-7ff6fca7e000 rw-p 00000000 00:00 0 
7ff6fca7e000-7ff6fcaee000 r-xp 00000000 08:0f 1571965                    /usr/lib/x86_64-linux-gnu/mesa/libGL.so.1.2.0
7ff6fcaee000-7ff6fcced000 ---p 00070000 08:0f 1571965                    /usr/lib/x86_64-linux-gnu/mesa/libGL.so.1.2.0
7ff6fcced000-7ff6fccf0000 r--p 0006f000 08:0f 1571965                    /usr/lib/x86_64-linux-gnu/mesa/libGL.so.1.2.0
7ff6fccf0000-7ff6fccf1000 rw-p 00072000 08:0f 1571965                    /usr/lib/x86_64-linux-gnu/mesa/libGL.so.1.2.0
7ff6fccf1000-7ff6fccf2000 rw-p 00000000 00:00 0 
7ff6fccf2000-7ff6fccf7000 r-xp 00000000 08:0f 1317922                    /usr/lib/x86_64-linux-gnu/libXxf86vm.so.1.0.0
7ff6fccf7000-7ff6fcef6000 ---p 00005000 08:0f 1317922                    /usr/lib/x86_64-linux-gnu/libXxf86vm.so.1.0.0
7ff6fcef6000-7ff6fcef7000 r--p 00004000 08:0f 1317922                    /usr/lib/x86_64-linux-gnu/libXxf86vm.so.1.0.0
7ff6fcef7000-7ff6fcef8000 rw-p 00005000 08:0f 1317922                    /usr/lib/x86_64-linux-gnu/libXxf86vm.so.1.0.0
7ff6fcef8000-7ff6fd02d000 r-xp 00000000 08:0f 1317869                    /usr/lib/x86_64-linux-gnu/libX11.so.6.3.0
7ff6fd02d000-7ff6fd22c000 ---p 00135000 08:0f 1317869                    /usr/lib/x86_64-linux-gnu/libX11.so.6.3.0
7ff6fd22c000-7ff6fd22d000 r--p 00134000 08:0f 1317869                    /usr/lib/x86_64-linux-gnu/libX11.so.6.3.0
7ff6fd22d000-7ff6fd231000 rw-p 00135000 08:0f 1317869                    /usr/lib/x86_64-linux-gnu/libX11.so.6.3.0
7ff6fd231000-7ff6fd236000 r-xp 00000000 08:0f 1317912                    /usr/lib/x86_64-linux-gnu/libXtst.so.6.1.0
7ff6fd236000-7ff6fd435000 ---p 00005000 08:0f 1317912                    /usr/lib/x86_64-linux-gnu/libXtst.so.6.1.0
7ff6fd435000-7ff6fd436000 r--p 00004000 08:0f 1317912                    /usr/lib/x86_64-linux-gnu/libXtst.so.6.1.0
7ff6fd436000-7ff6fd437000 rw-p 00005000 08:0f 1317912                    /usr/lib/x86_64-linux-gnu/libXtst.so.6.1.0
7ff6fd437000-7ff6fd549000 r-xp 00000000 08:0f 527958                     /lib/x86_64-linux-gnu/libglib-2.0.so.0.5000.2
7ff6fd549000-7ff6fd748000 ---p 00112000 08:0f 527958                     /lib/x86_64-linux-gnu/libglib-2.0.so.0.5000.2
7ff6fd748000-7ff6fd749000 r--p 00111000 08:0f 527958                     /lib/x86_64-linux-gnu/libglib-2.0.so.0.5000.2
7ff6fd749000-7ff6fd74a000 rw-p 00112000 08:0f 527958                     /lib/x86_64-linux-gnu/libglib-2.0.so.0.5000.2
7ff6fd74a000-7ff6fd74b000 rw-p 00000000 00:00 0 
7ff6fd74b000-7ff6fd74c000 r-xp 00000000 08:0f 1308620                    /usr/lib/x86_64-linux-gnu/libgthread-2.0.so.0.5000.2
7ff6fd74c000-7ff6fd94b000 ---p 00001000 08:0f 1308620                    /usr/lib/x86_64-linux-gnu/libgthread-2.0.so.0.5000.2
7ff6fd94b000-7ff6fd94c000 r--p 00000000 08:0f 1308620                    /usr/lib/x86_64-linux-gnu/libgthread-2.0.so.0.5000.2
7ff6fd94c000-7ff6fd94d000 rw-p 00001000 08:0f 1308620                    /usr/lib/x86_64-linux-gnu/libgthread-2.0.so.0.5000.2
7ff6fd94d000-7ff6fd950000 r-xp 00000000 08:0f 1308595                    /usr/lib/x86_64-linux-gnu/libgmodule-2.0.so.0.5000.2
7ff6fd950000-7ff6fdb4f000 ---p 00003000 08:0f 1308595                    /usr/lib/x86_64-linux-gnu/libgmodule-2.0.so.0.5000.2
7ff6fdb4f000-7ff6fdb50000 r--p 00002000 08:0f 1308595                    /usr/lib/x86_64-linux-gnu/libgmodule-2.0.so.0.5000.2
7ff6fdb50000-7ff6fdb51000 rw-p 00003000 08:0f 1308595                    /usr/lib/x86_64-linux-gnu/libgmodule-2.0.so.0.5000.2
7ff6fdb51000-7ff6fdba3000 r-xp 00000000 08:0f 1308617                    /usr/lib/x86_64-linux-gnu/libgobject-2.0.so.0.5000.2
7ff6fdba3000-7ff6fdda2000 ---p 00052000 08:0f 1308617                    /usr/lib/x86_64-linux-gnu/libgobject-2.0.so.0.5000.2
7ff6fdda2000-7ff6fdda3000 r--p 00051000 08:0f 1308617                    /usr/lib/x86_64-linux-gnu/libgobject-2.0.so.0.5000.2
7ff6fdda3000-7ff6fdda4000 rw-p 00052000 08:0f 1308617                    /usr/lib/x86_64-linux-gnu/libgobject-2.0.so.0.5000.2
7ff6fdda4000-7ff6fdde1000 r-xp 00000000 08:0f 1318288                    /usr/lib/x86_64-linux-gnu/libfontconfig.so.1.9.0
7ff6fdde1000-7ff6fdfe0000 ---p 0003d000 08:0f 1318288                    /usr/lib/x86_64-linux-gnu/libfontconfig.so.1.9.0
7ff6fdfe0000-7ff6fdfe2000 r--p 0003c000 08:0f 1318288                    /usr/lib/x86_64-linux-gnu/libfontconfig.so.1.9.0
7ff6fdfe2000-7ff6fdfe7000 rw-p 0003e000 08:0f 1318288                    /usr/lib/x86_64-linux-gnu/libfontconfig.so.1.9.0
7ff6fdfe7000-7ff6fe08e000 r-xp 00000000 08:0f 1309727                    /usr/lib/x86_64-linux-gnu/libfreetype.so.6.12.3
7ff6fe08e000-7ff6fe28d000 ---p 000a7000 08:0f 1309727                    /usr/lib/x86_64-linux-gnu/libfreetype.so.6.12.3
7ff6fe28d000-7ff6fe293000 r--p 000a6000 08:0f 1309727                    /usr/lib/x86_64-linux-gnu/libfreetype.so.6.12.3
7ff6fe293000-7ff6fe294000 rw-p 000ac000 08:0f 1309727                    /usr/lib/x86_64-linux-gnu/libfreetype.so.6.12.3
7ff6fe294000-7ff6fe2dd000 r-xp 00000000 08:0f 1318880                    /usr/lib/x86_64-linux-gnu/libpango-1.0.so.0.4000.1
7ff6fe2dd000-7ff6fe4dd000 ---p 00049000 08:0f 1318880                    /usr/lib/x86_64-linux-gnu/libpango-1.0.so.0.4000.1
7ff6fe4dd000-7ff6fe4df000 r--p 00049000 08:0f 1318880                    /usr/lib/x86_64-linux-gnu/libpango-1.0.so.0.4000.1
7ff6fe4df000-7ff6fe4e0000 rw-p 0004b000 08:0f 1318880                    /usr/lib/x86_64-linux-gnu/libpango-1.0.so.0.4000.1
7ff6fe4e0000-7ff6fe5ee000 r-xp 00000000 08:0f 1318039                    /usr/lib/x86_64-linux-gnu/libcairo.so.2.11400.6
7ff6fe5ee000-7ff6fe7ed000 ---p 0010e000 08:0f 1318039                    /usr/lib/x86_64-linux-gnu/libcairo.so.2.11400.6
7ff6fe7ed000-7ff6fe7f0000 r--p 0010d000 08:0f 1318039                    /usr/lib/x86_64-linux-gnu/libcairo.so.2.11400.6
7ff6fe7f0000-7ff6fe7f1000 rw-p 00110000 08:0f 1318039                    /usr/lib/x86_64-linux-gnu/libcairo.so.2.11400.6
7ff6fe7f1000-7ff6fe7f3000 rw-p 00000000 00:00 0 
7ff6fe7f3000-7ff6fe7ff000 r-xp 00000000 08:0f 1318882                    /usr/lib/x86_64-linux-gnu/libpangocairo-1.0.so.0.4000.1
7ff6fe7ff000-7ff6fe9fe000 ---p 0000c000 08:0f 1318882                    /usr/lib/x86_64-linux-gnu/libpangocairo-1.0.so.0.4000.1
7ff6fe9fe000-7ff6fe9ff000 r--p 0000b000 08:0f 1318882                    /usr/lib/x86_64-linux-gnu/libpangocairo-1.0.so.0.4000.1
7ff6fe9ff000-7ff6fea00000 rw-p 0000c000 08:0f 1318882                    /usr/lib/x86_64-linux-gnu/libpangocairo-1.0.so.0.4000.1
7ff6fea00000-7ff6fea21000 r-xp 00000000 08:0f 1318363                    /usr/lib/x86_64-linux-gnu/libgdk_pixbuf-2.0.so.0.3400.0
7ff6fea21000-7ff6fec20000 ---p 00021000 08:0f 1318363                    /usr/lib/x86_64-linux-gnu/libgdk_pixbuf-2.0.so.0.3400.0
7ff6fec20000-7ff6fec21000 r--p 00020000 08:0f 1318363                    /usr/lib/x86_64-linux-gnu/libgdk_pixbuf-2.0.so.0.3400.0
7ff6fec21000-7ff6fec22000 rw-p 00021000 08:0f 1318363                    /usr/lib/x86_64-linux-gnu/libgdk_pixbuf-2.0.so.0.3400.0
7ff6fec22000-7ff6fec36000 r-xp 00000000 08:0f 1318884                    /usr/lib/x86_64-linux-gnu/libpangoft2-1.0.so.0.4000.1
7ff6fec36000-7ff6fee36000 ---p 00014000 08:0f 1318884                    /usr/lib/x86_64-linux-gnu/libpangoft2-1.0.so.0.4000.1
7ff6fee36000-7ff6fee37000 r--p 00014000 08:0f 1318884                    /usr/lib/x86_64-linux-gnu/libpangoft2-1.0.so.0.4000.1
7ff6fee37000-7ff6fee38000 rw-p 00015000 08:0f 1318884                    /usr/lib/x86_64-linux-gnu/libpangoft2-1.0.so.0.4000.1
7ff6fee38000-7ff6fefc5000 r-xp 00000000 08:0f 1308571                    /usr/lib/x86_64-linux-gnu/libgio-2.0.so.0.5000.2
7ff6fefc5000-7ff6ff1c4000 ---p 0018d000 08:0f 1308571                    /usr/lib/x86_64-linux-gnu/libgio-2.0.so.0.5000.2
7ff6ff1c4000-7ff6ff1c9000 r--p 0018c000 08:0f 1308571                    /usr/lib/x86_64-linux-gnu/libgio-2.0.so.0.5000.2
7ff6ff1c9000-7ff6ff1cc000 rw-p 00191000 08:0f 1308571                    /usr/lib/x86_64-linux-gnu/libgio-2.0.so.0.5000.2
7ff6ff1cc000-7ff6ff1cd000 rw-p 00000000 00:00 0 
7ff6ff1cd000-7ff6ff1ef000 r-xp 00000000 08:0f 1317973                    /usr/lib/x86_64-linux-gnu/libatk-1.0.so.0.22009.1
7ff6ff1ef000-7ff6ff3ee000 ---p 00022000 08:0f 1317973                    /usr/lib/x86_64-linux-gnu/libatk-1.0.so.0.22009.1
7ff6ff3ee000-7ff6ff3f1000 r--p 00021000 08:0f 1317973                    /usr/lib/x86_64-linux-gnu/libatk-1.0.so.0.22009.1
7ff6ff3f1000-7ff6ff3f2000 rw-p 00024000 08:0f 1317973                    /usr/lib/x86_64-linux-gnu/libatk-1.0.so.0.22009.1
7ff6ff3f2000-7ff6ff4a2000 r-xp 00000000 08:0f 1314085                    /usr/lib/x86_64-linux-gnu/libgdk-x11-2.0.so.0.2400.30
7ff6ff4a2000-7ff6ff6a1000 ---p 000b0000 08:0f 1314085                    /usr/lib/x86_64-linux-gnu/libgdk-x11-2.0.so.0.2400.30
7ff6ff6a1000-7ff6ff6a5000 r--p 000af000 08:0f 1314085                    /usr/lib/x86_64-linux-gnu/libgdk-x11-2.0.so.0.2400.30
7ff6ff6a5000-7ff6ff6a7000 rw-p 000b3000 08:0f 1314085                    /usr/lib/x86_64-linux-gnu/libgdk-x11-2.0.so.0.2400.30
7ff6ff6a7000-7ff6ffae5000 r-xp 00000000 08:0f 1314087                    /usr/lib/x86_64-linux-gnu/libgtk-x11-2.0.so.0.2400.30
7ff6ffae5000-7ff6ffce5000 ---p 0043e000 08:0f 1314087                    /usr/lib/x86_64-linux-gnu/libgtk-x11-2.0.so.0.2400.30
7ff6ffce5000-7ff6ffcec000 r--p 0043e000 08:0f 1314087                    /usr/lib/x86_64-linux-gnu/libgtk-x11-2.0.so.0.2400.30
7ff6ffcec000-7ff6ffcf0000 rw-p 00445000 08:0f 1314087                    /usr/lib/x86_64-linux-gnu/libgtk-x11-2.0.so.0.2400.30
7ff6ffcf0000-7ff6ffcf3000 rw-p 00000000 00:00 0 
7ff6ffcf3000-7ff6ffcff000 r-xp 00000000 08:0f 1587742                    /usr/lib/jvm/oracle_jdk8/jre/lib/amd64/libprism_es2.so
7ff6ffcff000-7ff6ffefe000 ---p 0000c000 08:0f 1587742                    /usr/lib/jvm/oracle_jdk8/jre/lib/amd64/libprism_es2.so
7ff6ffefe000-7ff6ffeff000 rw-p 0000b000 08:0f 1587742                    /usr/lib/jvm/oracle_jdk8/jre/lib/amd64/libprism_es2.so
7ff6ffeff000-7ff6fff02000 ---p 00000000 00:00 0 
7ff6fff02000-7ff700000000 rw-p 00000000 00:00 0 
7ff700000000-7ff700791000 rw-p 00000000 00:00 0 
7ff700791000-7ff704000000 ---p 00000000 00:00 0 
7ff704000000-7ff704021000 rw-p 00000000 00:00 0 
7ff704021000-7ff708000000 ---p 00000000 00:00 0 
7ff708000000-7ff7086a6000 rw-p 00000000 00:00 0 
7ff7086a6000-7ff70c000000 ---p 00000000 00:00 0 
7ff70c000000-7ff70c50c000 rw-p 00000000 00:00 0 
7ff70c50c000-7ff710000000 ---p 00000000 00:00 0 
7ff710000000-7ff710021000 rw-p 00000000 00:00 0 
7ff710021000-7ff714000000 ---p 00000000 00:00 0 
7ff714000000-7ff714bb3000 rw-p 00000000 00:00 0 
7ff714bb3000-7ff718000000 ---p 00000000 00:00 0 
7ff718000000-7ff718021000 rw-p 00000000 00:00 0 
7ff718021000-7ff71c000000 ---p 00000000 00:00 0 
7ff71c000000-7ff71c021000 rw-p 00000000 00:00 0 
7ff71c021000-7ff720000000 ---p 00000000 00:00 0 
7ff720000000-7ff720021000 rw-p 00000000 00:00 0 
7ff720021000-7ff724000000 ---p 00000000 00:00 0 
7ff724000000-7ff724021000 rw-p 00000000 00:00 0 
7ff724021000-7ff728000000 ---p 00000000 00:00 0 
7ff728000000-7ff728021000 rw-p 00000000 00:00 0 
7ff728021000-7ff72c000000 ---p 00000000 00:00 0 
7ff72c000000-7ff72c021000 rw-p 00000000 00:00 0 
7ff72c021000-7ff730000000 ---p 00000000 00:00 0 
7ff730000000-7ff730005000 r--s 00084000 08:0f 1573685                    /usr/lib/jvm/oracle_jdk8/jre/lib/jfr.jar
7ff730005000-7ff730009000 r--s 00097000 08:0f 1587686                    /usr/lib/jvm/oracle_jdk8/jre/lib/jsse.jar
7ff730009000-7ff73000f000 r--s 002f8000 08:0f 1587656                    /usr/lib/jvm/oracle_jdk8/jre/lib/charsets.jar
7ff73000f000-7ff73001a000 r--s 00000000 08:0f 134039                     /var/cache/fontconfig/945677eb7aeaf62f1d50efc3fb3ec7d8-le64.cache-6
7ff73001a000-7ff730020000 r--s 00000000 08:0f 134020                     /var/cache/fontconfig/2cd17615ca594fa2959ae173292e504c-le64.cache-6
7ff730020000-7ff730021000 r--s 00000000 08:0f 134017                     /var/cache/fontconfig/0d8c3b2ac0904cb8a57a757ad11a4a08-le64.cache-6
7ff730021000-7ff730025000 r--s 00000000 08:0f 132419                     /var/cache/fontconfig/de156ccd2eddbdc19d37a45b8b2aac9c-le64.cache-6
7ff730025000-7ff73003a000 r--s 00000000 08:0f 134013                     /var/cache/fontconfig/04aabc0a78ac019cf9454389977116d2-le64.cache-6
7ff73003a000-7ff73003b000 r--s 00000000 08:0f 134019                     /var/cache/fontconfig/1ac9eb803944fde146138c791f5cc56a-le64.cache-6
7ff73003b000-7ff73003f000 r--s 00000000 08:0f 134024                     /var/cache/fontconfig/385c0604a188198f04d133e54aba7fe7-le64.cache-6
7ff73003f000-7ff730040000 r--s 00000000 08:0f 134052                     /var/cache/fontconfig/dc05db6664285cc2f12bf69c139ae4c3-le64.cache-6
7ff730040000-7ff730043000 r--s 00000000 08:0f 134035                     /var/cache/fontconfig/767a8244fc0220cfb567a839d0392e0b-le64.cache-6
7ff730043000-7ff730044000 r--s 00000000 08:0f 132299                     /var/cache/fontconfig/4794a0821666d79190d59a36cb4f44b5-le64.cache-6
7ff730044000-7ff730049000 r--s 00000000 08:0f 134038                     /var/cache/fontconfig/8801497958630a81b71ace7c5f9b32a8-le64.cache-6
7ff730049000-7ff73004d000 r--s 00000000 08:0f 132418                     /var/cache/fontconfig/c57959a16110560c8d0fcea73374aeeb-le64.cache-6
7ff73004d000-7ff730053000 r--s 00000000 08:0f 134021                     /var/cache/fontconfig/3047814df9a2f067bd2d96a2b9c36e5a-le64.cache-6
7ff730053000-7ff730059000 r--s 00000000 08:0f 134043                     /var/cache/fontconfig/b47c4e1ecd0709278f4910c18777a504-le64.cache-6
7ff730059000-7ff73006c000 r--s 00000000 08:0f 134049                     /var/cache/fontconfig/d52a8644073d54c13679302ca1180695-le64.cache-6
7ff73006c000-7ff730078000 r--s 00000000 08:0f 134698                     /var/cache/fontconfig/d589a48862398ed80a3d6066f4f56f4c-le64.cache-6
7ff730078000-7ff730083000 r--s 00000000 08:0f 134037                     /var/cache/fontconfig/83bf95040141907cd45bb53cf7c1c148-le64.cache-6
7ff730083000-7ff730095000 r--s 00000000 08:0f 134041                     /var/cache/fontconfig/9b89f8e3dae116d678bbf48e5f21f69b-le64.cache-6
7ff730095000-7ff7300aa000 r--s 0022c000 08:0f 2241598                    /home/shahsparx/NetBeansProjects/UCET_ACCOUNTS/dist/run2061698152/lib/jfoenix.jar
7ff7300aa000-7ff73013f000 r--s 01103000 08:0f 2243419                    /usr/lib/jvm/oracle_jdk8/jre/lib/ext/jfxrt.jar
7ff73013f000-7ff730140000 ---p 00000000 00:00 0 
7ff730140000-7ff734000000 rw-p 00000000 00:00 0 
7ff734000000-7ff734021000 rw-p 00000000 00:00 0 
7ff734021000-7ff738000000 ---p 00000000 00:00 0 
7ff738000000-7ff738021000 rw-p 00000000 00:00 0 
7ff738021000-7ff73c000000 ---p 00000000 00:00 0 
7ff73c000000-7ff73c021000 rw-p 00000000 00:00 0 
7ff73c021000-7ff740000000 ---p 00000000 00:00 0 
7ff740000000-7ff740021000 rw-p 00000000 00:00 0 
7ff740021000-7ff744000000 ---p 00000000 00:00 0 
7ff744000000-7ff744021000 rw-p 00000000 00:00 0 
7ff744021000-7ff748000000 ---p 00000000 00:00 0 
7ff748000000-7ff748001000 r--s 00000000 08:0f 134015                     /var/cache/fontconfig/0bd3dc0958fa2205aaaa8ebb13e2872b-le64.cache-6
7ff748001000-7ff748002000 r--s 00000000 08:0f 134045                     /var/cache/fontconfig/bab58bb527bb656aaa9f116d68a48d89-le64.cache-6
7ff748002000-7ff748003000 r--s 00000000 08:0f 134029                     /var/cache/fontconfig/56cf4f4769d0f4abc89a4895d7bd3ae1-le64.cache-6
7ff748003000-7ff748004000 r--s 00000000 08:0f 134044                     /var/cache/fontconfig/b9d506c9ac06c20b433354fa67a72993-le64.cache-6
7ff748004000-7ff748005000 r--s 00000000 08:0f 134028                     /var/cache/fontconfig/551ecf3b0e8b0bca0f25c0944f561853-le64.cache-6
7ff748005000-7ff74804e000 r--p 00000000 08:0f 1703186                    /usr/share/glib-2.0/schemas/gschemas.compiled
7ff74804e000-7ff748051000 ---p 00000000 00:00 0 
7ff748051000-7ff74814f000 rw-p 00000000 00:00 0 
7ff74814f000-7ff748152000 ---p 00000000 00:00 0 
7ff748152000-7ff748250000 rw-p 00000000 00:00 0 
7ff748250000-7ff748253000 ---p 00000000 00:00 0 
7ff748253000-7ff748351000 rw-p 00000000 00:00 0 
7ff748351000-7ff748354000 ---p 00000000 00:00 0 
7ff748354000-7ff748452000 rw-p 00000000 00:00 0 
7ff748452000-7ff748455000 ---p 00000000 00:00 0 
7ff748455000-7ff748553000 rw-p 00000000 00:00 0 
7ff748553000-7ff748556000 ---p 00000000 00:00 0 
7ff748556000-7ff748654000 rw-p 00000000 00:00 0 
7ff748654000-7ff74892d000 r--p 00000000 08:0f 1317515                    /usr/lib/locale/locale-archive
7ff74892d000-7ff748930000 ---p 00000000 00:00 0 
7ff748930000-7ff748a2e000 rw-p 00000000 00:00 0 
7ff748a2e000-7ff748a31000 ---p 00000000 00:00 0 
7ff748a31000-7ff748b2f000 rw-p 00000000 00:00 0 
7ff748b2f000-7ff748b30000 ---p 00000000 00:00 0 
7ff748b30000-7ff74a74b000 rw-p 00000000 00:00 0 
7ff74a74b000-7ff74a924000 r--s 03d1f000 08:0f 1587658                    /usr/lib/jvm/oracle_jdk8/jre/lib/rt.jar
7ff74a924000-7ff74b576000 rw-p 00000000 00:00 0 
7ff74b576000-7ff74b577000 ---p 00000000 00:00 0 
7ff74b577000-7ff74b677000 rw-p 00000000 00:00 0 
7ff74b677000-7ff74b678000 ---p 00000000 00:00 0 
7ff74b678000-7ff74b778000 rw-p 00000000 00:00 0 
7ff74b778000-7ff74b779000 ---p 00000000 00:00 0 
7ff74b779000-7ff74b879000 rw-p 00000000 00:00 0 
7ff74b879000-7ff74b87a000 ---p 00000000 00:00 0 
7ff74b87a000-7ff74b97a000 rw-p 00000000 00:00 0 
7ff74b97a000-7ff74b97b000 ---p 00000000 00:00 0 
7ff74b97b000-7ff74ba7b000 rw-p 00000000 00:00 0 
7ff74ba7b000-7ff74ba7c000 ---p 00000000 00:00 0 
7ff74ba7c000-7ff74bb7c000 rw-p 00000000 00:00 0 
7ff74bb7c000-7ff74bb7d000 ---p 00000000 00:00 0 
7ff74bb7d000-7ff74bc7d000 rw-p 00000000 00:00 0 
7ff74bc7d000-7ff74bc7e000 ---p 00000000 00:00 0 
7ff74bc7e000-7ff74bd97000 rw-p 00000000 00:00 0 
7ff74bd97000-7ff74c011000 ---p 00000000 00:00 0 
7ff74c011000-7ff74c02a000 rw-p 00000000 00:00 0 
7ff74c02a000-7ff74c2a3000 ---p 00000000 00:00 0 
7ff74c2a3000-7ff74c2b9000 rw-p 00000000 00:00 0 
7ff74c2b9000-7ff74c3ed000 ---p 00000000 00:00 0 
7ff74c3ed000-7ff74c412000 rw-p 00000000 00:00 0 
7ff74c412000-7ff74c7ae000 ---p 00000000 00:00 0 
7ff74c7ae000-7ff74d09e000 rwxp 00000000 00:00 0 
7ff74d09e000-7ff75b7ae000 ---p 00000000 00:00 0 
7ff75b7ae000-7ff75b7c8000 r-xp 00000000 08:0f 1587734                    /usr/lib/jvm/oracle_jdk8/jre/lib/amd64/libzip.so
7ff75b7c8000-7ff75b9c8000 ---p 0001a000 08:0f 1587734                    /usr/lib/jvm/oracle_jdk8/jre/lib/amd64/libzip.so
7ff75b9c8000-7ff75b9c9000 rw-p 0001a000 08:0f 1587734                    /usr/lib/jvm/oracle_jdk8/jre/lib/amd64/libzip.so
7ff75b9c9000-7ff75b9d4000 r-xp 00000000 08:0f 528266                     /lib/x86_64-linux-gnu/libnss_files-2.24.so
7ff75b9d4000-7ff75bbd3000 ---p 0000b000 08:0f 528266                     /lib/x86_64-linux-gnu/libnss_files-2.24.so
7ff75bbd3000-7ff75bbd4000 r--p 0000a000 08:0f 528266                     /lib/x86_64-linux-gnu/libnss_files-2.24.so
7ff75bbd4000-7ff75bbd5000 rw-p 0000b000 08:0f 528266                     /lib/x86_64-linux-gnu/libnss_files-2.24.so
7ff75bbd5000-7ff75bbdb000 rw-p 00000000 00:00 0 
7ff75bbdb000-7ff75bbe6000 r-xp 00000000 08:0f 528268                     /lib/x86_64-linux-gnu/libnss_nis-2.24.so
7ff75bbe6000-7ff75bde5000 ---p 0000b000 08:0f 528268                     /lib/x86_64-linux-gnu/libnss_nis-2.24.so
7ff75bde5000-7ff75bde6000 r--p 0000a000 08:0f 528268                     /lib/x86_64-linux-gnu/libnss_nis-2.24.so
7ff75bde6000-7ff75bde7000 rw-p 0000b000 08:0f 528268                     /lib/x86_64-linux-gnu/libnss_nis-2.24.so
7ff75bde7000-7ff75bdfd000 r-xp 00000000 08:0f 528263                     /lib/x86_64-linux-gnu/libnsl-2.24.so
7ff75bdfd000-7ff75bffc000 ---p 00016000 08:0f 528263                     /lib/x86_64-linux-gnu/libnsl-2.24.so
7ff75bffc000-7ff75bffd000 r--p 00015000 08:0f 528263                     /lib/x86_64-linux-gnu/libnsl-2.24.so
7ff75bffd000-7ff75bffe000 rw-p 00016000 08:0f 528263                     /lib/x86_64-linux-gnu/libnsl-2.24.so
7ff75bffe000-7ff75c000000 rw-p 00000000 00:00 0 
7ff75c000000-7ff75c56e000 rw-p 00000000 00:00 0 
7ff75c56e000-7ff760000000 ---p 00000000 00:00 0 
7ff760000000-7ff760001000 r--s 00000000 08:0f 134025                     /var/cache/fontconfig/3f7329c5293ffd510edef78f73874cfd-le64.cache-6
7ff760001000-7ff760002000 r--s 00000000 08:0f 134022                     /var/cache/fontconfig/30829fa25452a46451e813d634d7f916-le64.cache-6
7ff760002000-7ff760005000 r--s 00000000 08:0f 134034                     /var/cache/fontconfig/75114ca45c98e8a441da0ff356701271-le64.cache-6
7ff760005000-7ff760008000 r--s 00000000 08:0f 134053                     /var/cache/fontconfig/e13b20fdb08344e0e664864cc2ede53d-le64.cache-6
7ff760008000-7ff760026000 r-xp 00000000 08:0f 523353                     /lib/x86_64-linux-gnu/libudev.so.1.6.5
7ff760026000-7ff760027000 ---p 0001e000 08:0f 523353                     /lib/x86_64-linux-gnu/libudev.so.1.6.5
7ff760027000-7ff760028000 r--p 0001e000 08:0f 523353                     /lib/x86_64-linux-gnu/libudev.so.1.6.5
7ff760028000-7ff760029000 rw-p 0001f000 08:0f 523353                     /lib/x86_64-linux-gnu/libudev.so.1.6.5
7ff760029000-7ff76002d000 r--s 00000000 08:0f 132314                     /var/cache/fontconfig/7ef2298fde41cc6eeb7af42e48b7d293-le64.cache-6
7ff76002d000-7ff760037000 r--s 000e7000 08:0f 2241599                    /home/shahsparx/NetBeansProjects/UCET_ACCOUNTS/dist/run2061698152/lib/mysql-connector-java-5.1.38-bin.jar
7ff760037000-7ff760039000 r--s 0008a000 08:0f 2241597                    /home/shahsparx/NetBeansProjects/UCET_ACCOUNTS/dist/run2061698152/lib/fontawesomefx-8.9.jar
7ff760039000-7ff760041000 rw-s 00000000 00:05 1321311                    /drm mm object (deleted)
7ff760041000-7ff760049000 rw-s 00000000 00:05 1321300                    /drm mm object (deleted)
7ff760049000-7ff760050000 r--p 00000000 08:0f 2053994                    /home/shahsparx/.config/dconf/user
7ff760050000-7ff760058000 r-xp 00000000 08:0f 528264                     /lib/x86_64-linux-gnu/libnss_compat-2.24.so
7ff760058000-7ff760257000 ---p 00008000 08:0f 528264                     /lib/x86_64-linux-gnu/libnss_compat-2.24.so
7ff760257000-7ff760258000 r--p 00007000 08:0f 528264                     /lib/x86_64-linux-gnu/libnss_compat-2.24.so
7ff760258000-7ff760259000 rw-p 00008000 08:0f 528264                     /lib/x86_64-linux-gnu/libnss_compat-2.24.so
7ff760259000-7ff760283000 r-xp 00000000 08:0f 1587729                    /usr/lib/jvm/oracle_jdk8/jre/lib/amd64/libjava.so
7ff760283000-7ff760483000 ---p 0002a000 08:0f 1587729                    /usr/lib/jvm/oracle_jdk8/jre/lib/amd64/libjava.so
7ff760483000-7ff760485000 rw-p 0002a000 08:0f 1587729                    /usr/lib/jvm/oracle_jdk8/jre/lib/amd64/libjava.so
7ff760485000-7ff760492000 r-xp 00000000 08:0f 1587733                    /usr/lib/jvm/oracle_jdk8/jre/lib/amd64/libverify.so
7ff760492000-7ff760692000 ---p 0000d000 08:0f 1587733                    /usr/lib/jvm/oracle_jdk8/jre/lib/amd64/libverify.so
7ff760692000-7ff760694000 rw-p 0000d000 08:0f 1587733                    /usr/lib/jvm/oracle_jdk8/jre/lib/amd64/libverify.so
7ff760694000-7ff76069b000 r-xp 00000000 08:0f 528273                     /lib/x86_64-linux-gnu/librt-2.24.so
7ff76069b000-7ff76089a000 ---p 00007000 08:0f 528273                     /lib/x86_64-linux-gnu/librt-2.24.so
7ff76089a000-7ff76089b000 r--p 00006000 08:0f 528273                     /lib/x86_64-linux-gnu/librt-2.24.so
7ff76089b000-7ff76089c000 rw-p 00007000 08:0f 528273                     /lib/x86_64-linux-gnu/librt-2.24.so
7ff76089c000-7ff7609a4000 r-xp 00000000 08:0f 528260                     /lib/x86_64-linux-gnu/libm-2.24.so
7ff7609a4000-7ff760ba3000 ---p 00108000 08:0f 528260                     /lib/x86_64-linux-gnu/libm-2.24.so
7ff760ba3000-7ff760ba4000 r--p 00107000 08:0f 528260                     /lib/x86_64-linux-gnu/libm-2.24.so
7ff760ba4000-7ff760ba5000 rw-p 00108000 08:0f 528260                     /lib/x86_64-linux-gnu/libm-2.24.so
7ff760ba5000-7ff761865000 r-xp 00000000 08:0f 1713201                    /usr/lib/jvm/oracle_jdk8/jre/lib/amd64/server/libjvm.so
7ff761865000-7ff761a65000 ---p 00cc0000 08:0f 1713201                    /usr/lib/jvm/oracle_jdk8/jre/lib/amd64/server/libjvm.so
7ff761a65000-7ff761b3d000 rw-p 00cc0000 08:0f 1713201                    /usr/lib/jvm/oracle_jdk8/jre/lib/amd64/server/libjvm.so
7ff761b3d000-7ff761b88000 rw-p 00000000 00:00 0 
7ff761b88000-7ff761d45000 r-xp 00000000 08:0f 528256                     /lib/x86_64-linux-gnu/libc-2.24.so
7ff761d45000-7ff761f45000 ---p 001bd000 08:0f 528256                     /lib/x86_64-linux-gnu/libc-2.24.so
7ff761f45000-7ff761f49000 r--p 001bd000 08:0f 528256                     /lib/x86_64-linux-gnu/libc-2.24.so
7ff761f49000-7ff761f4b000 rw-p 001c1000 08:0f 528256                     /lib/x86_64-linux-gnu/libc-2.24.so
7ff761f4b000-7ff761f4f000 rw-p 00000000 00:00 0 
7ff761f4f000-7ff761f52000 r-xp 00000000 08:0f 528259                     /lib/x86_64-linux-gnu/libdl-2.24.so
7ff761f52000-7ff762151000 ---p 00003000 08:0f 528259                     /lib/x86_64-linux-gnu/libdl-2.24.so
7ff762151000-7ff762152000 r--p 00002000 08:0f 528259                     /lib/x86_64-linux-gnu/libdl-2.24.so
7ff762152000-7ff762153000 rw-p 00003000 08:0f 528259                     /lib/x86_64-linux-gnu/libdl-2.24.so
7ff762153000-7ff762168000 r-xp 00000000 08:0f 1587711                    /usr/lib/jvm/oracle_jdk8/jre/lib/amd64/jli/libjli.so
7ff762168000-7ff762368000 ---p 00015000 08:0f 1587711                    /usr/lib/jvm/oracle_jdk8/jre/lib/amd64/jli/libjli.so
7ff762368000-7ff762369000 rw-p 00015000 08:0f 1587711                    /usr/lib/jvm/oracle_jdk8/jre/lib/amd64/jli/libjli.so
7ff762369000-7ff762381000 r-xp 00000000 08:0f 528271                     /lib/x86_64-linux-gnu/libpthread-2.24.so
7ff762381000-7ff762581000 ---p 00018000 08:0f 528271                     /lib/x86_64-linux-gnu/libpthread-2.24.so
7ff762581000-7ff762582000 r--p 00018000 08:0f 528271                     /lib/x86_64-linux-gnu/libpthread-2.24.so
7ff762582000-7ff762583000 rw-p 00019000 08:0f 528271                     /lib/x86_64-linux-gnu/libpthread-2.24.so
7ff762583000-7ff762587000 rw-p 00000000 00:00 0 
7ff762587000-7ff7625ac000 r-xp 00000000 08:0f 528252                     /lib/x86_64-linux-gnu/ld-2.24.so
7ff7625ac000-7ff7625ad000 r--s 00000000 08:0f 134016                     /var/cache/fontconfig/0c9eb80ebd1c36541ebe2852d3bb0c49-le64.cache-6
7ff7625ad000-7ff76267e000 rw-p 00000000 00:00 0 
7ff76267e000-7ff762681000 ---p 00000000 00:00 0 
7ff762681000-7ff762781000 rw-p 00000000 00:00 0 
7ff762782000-7ff762783000 rw-s 106bfe000 00:06 349                       /dev/dri/card0
7ff762783000-7ff76278b000 rw-s 00000000 00:05 1321287                    /drm mm object (deleted)
7ff76278b000-7ff76278c000 rw-s 00000000 00:05 1321284                    /drm mm object (deleted)
7ff76278c000-7ff76278d000 r--s 00000000 00:2b 67                         /run/user/1000/dconf/user
7ff76278d000-7ff762795000 rw-s 00000000 00:05 1321282                    /drm mm object (deleted)
7ff762795000-7ff76279c000 r--s 00000000 08:0f 1583579                    /usr/lib/x86_64-linux-gnu/gconv/gconv-modules.cache
7ff76279c000-7ff76279e000 r--s 00015000 08:0f 2241595                    /home/shahsparx/NetBeansProjects/UCET_ACCOUNTS/dist/run2061698152/UCET_ACCOUNTS.jar
7ff76279e000-7ff7627a6000 rw-s 00000000 08:0f 2886650                    /tmp/hsperfdata_shahsparx/21068
7ff7627a6000-7ff7627a7000 rw-p 00000000 00:00 0 
7ff7627a7000-7ff7627a8000 r--p 00000000 00:00 0 
7ff7627a8000-7ff7627ab000 rw-p 00000000 00:00 0 
7ff7627ab000-7ff7627ac000 r--p 00024000 08:0f 528252                     /lib/x86_64-linux-gnu/ld-2.24.so
7ff7627ac000-7ff7627ad000 rw-p 00025000 08:0f 528252                     /lib/x86_64-linux-gnu/ld-2.24.so
7ff7627ad000-7ff7627ae000 rw-p 00000000 00:00 0 
7ffe95c95000-7ffe95cb6000 rw-p 00000000 00:00 0                          [stack]
7ffe95dd1000-7ffe95dd3000 r--p 00000000 00:00 0                          [vvar]
7ffe95dd3000-7ffe95dd5000 r-xp 00000000 00:00 0                          [vdso]
ffffffffff600000-ffffffffff601000 r-xp 00000000 00:00 0                  [vsyscall]

VM Arguments:
jvm_args: -Dfile.encoding=UTF-8 
java_command: /home/shahsparx/NetBeansProjects/UCET_ACCOUNTS/dist/run2061698152/UCET_ACCOUNTS.jar
java_class_path (initial): /home/shahsparx/NetBeansProjects/UCET_ACCOUNTS/dist/run2061698152/UCET_ACCOUNTS.jar
Launcher Type: SUN_STANDARD

Environment Variables:
PATH=/home/shahsparx/bin:/home/shahsparx/.local/bin:/usr/local/sbin:/usr/local/bin:/usr/sbin:/usr/bin:/sbin:/bin:/usr/games:/usr/local/games:/snap/bin
LD_LIBRARY_PATH=/usr/lib/jvm/oracle_jdk8//jre/lib/amd64:/usr/lib/jvm/oracle_jdk8//jre/lib/i386:
SHELL=/bin/bash
DISPLAY=:0

Signal Handlers:
SIGSEGV: [libjvm.so+0xabca10], sa_mask[0]=11111111011111111101111111111110, sa_flags=SA_RESTART|SA_SIGINFO
SIGBUS: [libjvm.so+0xabca10], sa_mask[0]=11111111011111111101111111111110, sa_flags=SA_RESTART|SA_SIGINFO
SIGFPE: [libjvm.so+0x919a20], sa_mask[0]=11111111011111111101111111111110, sa_flags=SA_RESTART|SA_SIGINFO
SIGPIPE: SIG_IGN, sa_mask[0]=00000000000010000000000000000000, sa_flags=SA_RESTART
SIGXFSZ: [libjvm.so+0x919a20], sa_mask[0]=11111111011111111101111111111110, sa_flags=SA_RESTART|SA_SIGINFO
SIGILL: [libjvm.so+0x919a20], sa_mask[0]=11111111011111111101111111111110, sa_flags=SA_RESTART|SA_SIGINFO
SIGUSR1: SIG_DFL, sa_mask[0]=00000000000000000000000000000000, sa_flags=none
SIGUSR2: [libjvm.so+0x91b050], sa_mask[0]=00100000000000000000000000000000, sa_flags=SA_RESTART|SA_SIGINFO
SIGHUP: [libjvm.so+0x91c450], sa_mask[0]=11111111011111111101111111111110, sa_flags=SA_RESTART|SA_SIGINFO
SIGINT: SIG_IGN, sa_mask[0]=00000000000000000000000000000000, sa_flags=none
SIGTERM: [libjvm.so+0x91c450], sa_mask[0]=11111111011111111101111111111110, sa_flags=SA_RESTART|SA_SIGINFO
SIGQUIT: [libjvm.so+0x91c450], sa_mask[0]=11111111011111111101111111111110, sa_flags=SA_RESTART|SA_SIGINFO


---------------  S Y S T E M  ---------------

OS:DISTRIB_ID=Ubuntu
DISTRIB_RELEASE=16.10
DISTRIB_CODENAME=yakkety
DISTRIB_DESCRIPTION="Ubuntu 16.10"

uname:Linux 4.8.0-51-generic #54-Ubuntu SMP Tue Apr 25 16:32:21 UTC 2017 x86_64
libc:glibc 2.24 NPTL 2.24 
rlimit: STACK 8192k, CORE 0k, NPROC 31427, NOFILE 4096, AS infinity
load average:0.58 0.34 0.46

/proc/meminfo:
MemTotal:        8088836 kB
MemFree:         1503116 kB
MemAvailable:    2233800 kB
Buffers:           90696 kB
Cached:          1330168 kB
SwapCached:          704 kB
Active:          4677596 kB
Inactive:        1513896 kB
Active(anon):    4172132 kB
Inactive(anon):  1142468 kB
Active(file):     505464 kB
Inactive(file):   371428 kB
Unevictable:         128 kB
Mlocked:             128 kB
SwapTotal:       4258808 kB
SwapFree:        4135116 kB
Dirty:              8688 kB
Writeback:             0 kB
AnonPages:       4698232 kB
Mapped:           526136 kB
Shmem:            543960 kB
Slab:             235620 kB
SReclaimable:     154420 kB
SUnreclaim:        81200 kB
KernelStack:       17360 kB
PageTables:        67908 kB
NFS_Unstable:          0 kB
Bounce:                0 kB
WritebackTmp:          0 kB
CommitLimit:     8303224 kB
Committed_AS:   11329156 kB
VmallocTotal:   34359738367 kB
VmallocUsed:           0 kB
VmallocChunk:          0 kB
HardwareCorrupted:     0 kB
AnonHugePages:   2699264 kB
ShmemHugePages:        0 kB
ShmemPmdMapped:        0 kB
CmaTotal:              0 kB
CmaFree:               0 kB
HugePages_Total:       0
HugePages_Free:        0
HugePages_Rsvd:        0
HugePages_Surp:        0
Hugepagesize:       2048 kB
DirectMap4k:      246528 kB
DirectMap2M:     8056832 kB
DirectMap1G:     1048576 kB


CPU:total 8 (4 cores per cpu, 2 threads per core) family 6 model 60 stepping 3, cmov, cx8, fxsr, mmx, sse, sse2, sse3, ssse3, sse4.1, sse4.2, popcnt, avx, avx2, aes, clmul, erms, lzcnt, ht, tsc, tscinvbit, bmi1, bmi2

/proc/cpuinfo:
processor	: 0
vendor_id	: GenuineIntel
cpu family	: 6
model		: 60
model name	: Intel(R) Core(TM) i7-4702MQ CPU @ 2.20GHz
stepping	: 3
microcode	: 0x20
cpu MHz		: 2899.987
cache size	: 6144 KB
physical id	: 0
siblings	: 8
core id		: 0
cpu cores	: 4
apicid		: 0
initial apicid	: 0
fpu		: yes
fpu_exception	: yes
cpuid level	: 13
wp		: yes
flags		: fpu vme de pse tsc msr pae mce cx8 apic sep mtrr pge mca cmov pat pse36 clflush dts acpi mmx fxsr sse sse2 ss ht tm pbe syscall nx pdpe1gb rdtscp lm constant_tsc arch_perfmon pebs bts rep_good nopl xtopology nonstop_tsc aperfmperf eagerfpu pni pclmulqdq dtes64 monitor ds_cpl vmx est tm2 ssse3 sdbg fma cx16 xtpr pdcm pcid sse4_1 sse4_2 movbe popcnt tsc_deadline_timer aes xsave avx f16c rdrand lahf_lm abm epb tpr_shadow vnmi flexpriority ept vpid fsgsbase tsc_adjust bmi1 avx2 smep bmi2 erms invpcid xsaveopt dtherm ida arat pln pts
bugs		:
bogomips	: 4389.94
clflush size	: 64
cache_alignment	: 64
address sizes	: 39 bits physical, 48 bits virtual
power management:

processor	: 1
vendor_id	: GenuineIntel
cpu family	: 6
model		: 60
model name	: Intel(R) Core(TM) i7-4702MQ CPU @ 2.20GHz
stepping	: 3
microcode	: 0x20
cpu MHz		: 2899.987
cache size	: 6144 KB
physical id	: 0
siblings	: 8
core id		: 0
cpu cores	: 4
apicid		: 1
initial apicid	: 1
fpu		: yes
fpu_exception	: yes
cpuid level	: 13
wp		: yes
flags		: fpu vme de pse tsc msr pae mce cx8 apic sep mtrr pge mca cmov pat pse36 clflush dts acpi mmx fxsr sse sse2 ss ht tm pbe syscall nx pdpe1gb rdtscp lm constant_tsc arch_perfmon pebs bts rep_good nopl xtopology nonstop_tsc aperfmperf eagerfpu pni pclmulqdq dtes64 monitor ds_cpl vmx est tm2 ssse3 sdbg fma cx16 xtpr pdcm pcid sse4_1 sse4_2 movbe popcnt tsc_deadline_timer aes xsave avx f16c rdrand lahf_lm abm epb tpr_shadow vnmi flexpriority ept vpid fsgsbase tsc_adjust bmi1 avx2 smep bmi2 erms invpcid xsaveopt dtherm ida arat pln pts
bugs		:
bogomips	: 4389.94
clflush size	: 64
cache_alignment	: 64
address sizes	: 39 bits physical, 48 bits virtual
power management:

processor	: 2
vendor_id	: GenuineIntel
cpu family	: 6
model		: 60
model name	: Intel(R) Core(TM) i7-4702MQ CPU @ 2.20GHz
stepping	: 3
microcode	: 0x20
cpu MHz		: 2899.987
cache size	: 6144 KB
physical id	: 0
siblings	: 8
core id		: 1
cpu cores	: 4
apicid		: 2
initial apicid	: 2
fpu		: yes
fpu_exception	: yes
cpuid level	: 13
wp		: yes
flags		: fpu vme de pse tsc msr pae mce cx8 apic sep mtrr pge mca cmov pat pse36 clflush dts acpi mmx fxsr sse sse2 ss ht tm pbe syscall nx pdpe1gb rdtscp lm constant_tsc arch_perfmon pebs bts rep_good nopl xtopology nonstop_tsc aperfmperf eagerfpu pni pclmulqdq dtes64 monitor ds_cpl vmx est tm2 ssse3 sdbg fma cx16 xtpr pdcm pcid sse4_1 sse4_2 movbe popcnt tsc_deadline_timer aes xsave avx f16c rdrand lahf_lm abm epb tpr_shadow vnmi flexpriority ept vpid fsgsbase tsc_adjust bmi1 avx2 smep bmi2 erms invpcid xsaveopt dtherm ida arat pln pts
bugs		:
bogomips	: 4389.94
clflush size	: 64
cache_alignment	: 64
address sizes	: 39 bits physical, 48 bits virtual
power management:

processor	: 3
vendor_id	: GenuineIntel
cpu family	: 6
model		: 60
model name	: Intel(R) Core(TM) i7-4702MQ CPU @ 2.20GHz
stepping	: 3
microcode	: 0x20
cpu MHz		: 2899.987
cache size	: 6144 KB
physical id	: 0
siblings	: 8
core id		: 1
cpu cores	: 4
apicid		: 3
initial apicid	: 3
fpu		: yes
fpu_exception	: yes
cpuid level	: 13
wp		: yes
flags		: fpu vme de pse tsc msr pae mce cx8 apic sep mtrr pge mca cmov pat pse36 clflush dts acpi mmx fxsr sse sse2 ss ht tm pbe syscall nx pdpe1gb rdtscp lm constant_tsc arch_perfmon pebs bts rep_good nopl xtopology nonstop_tsc aperfmperf eagerfpu pni pclmulqdq dtes64 monitor ds_cpl vmx est tm2 ssse3 sdbg fma cx16 xtpr pdcm pcid sse4_1 sse4_2 movbe popcnt tsc_deadline_timer aes xsave avx f16c rdrand lahf_lm abm epb tpr_shadow vnmi flexpriority ept vpid fsgsbase tsc_adjust bmi1 avx2 smep bmi2 erms invpcid xsaveopt dtherm ida arat pln pts
bugs		:
bogomips	: 4389.94
clflush size	: 64
cache_alignment	: 64
address sizes	: 39 bits physical, 48 bits virtual
power management:

processor	: 4
vendor_id	: GenuineIntel
cpu family	: 6
model		: 60
model name	: Intel(R) Core(TM) i7-4702MQ CPU @ 2.20GHz
stepping	: 3
microcode	: 0x20
cpu MHz		: 2899.987
cache size	: 6144 KB
physical id	: 0
siblings	: 8
core id		: 2
cpu cores	: 4
apicid		: 4
initial apicid	: 4
fpu		: yes
fpu_exception	: yes
cpuid level	: 13
wp		: yes
flags		: fpu vme de pse tsc msr pae mce cx8 apic sep mtrr pge mca cmov pat pse36 clflush dts acpi mmx fxsr sse sse2 ss ht tm pbe syscall nx pdpe1gb rdtscp lm constant_tsc arch_perfmon pebs bts rep_good nopl xtopology nonstop_tsc aperfmperf eagerfpu pni pclmulqdq dtes64 monitor ds_cpl vmx est tm2 ssse3 sdbg fma cx16 xtpr pdcm pcid sse4_1 sse4_2 movbe popcnt tsc_deadline_timer aes xsave avx f16c rdrand lahf_lm abm epb tpr_shadow vnmi flexpriority ept vpid fsgsbase tsc_adjust bmi1 avx2 smep bmi2 erms invpcid xsaveopt dtherm ida arat pln pts
bugs		:
bogomips	: 4389.94
clflush size	: 64
cache_alignment	: 64
address sizes	: 39 bits physical, 48 bits virtual
power management:

processor	: 5
vendor_id	: GenuineIntel
cpu family	: 6
model		: 60
model name	: Intel(R) Core(TM) i7-4702MQ CPU @ 2.20GHz
stepping	: 3
microcode	: 0x20
cpu MHz		: 2899.987
cache size	: 6144 KB
physical id	: 0
siblings	: 8
core id		: 2
cpu cores	: 4
apicid		: 5
initial apicid	: 5
fpu		: yes
fpu_exception	: yes
cpuid level	: 13
wp		: yes
flags		: fpu vme de pse tsc msr pae mce cx8 apic sep mtrr pge mca cmov pat pse36 clflush dts acpi mmx fxsr sse sse2 ss ht tm pbe syscall nx pdpe1gb rdtscp lm constant_tsc arch_perfmon pebs bts rep_good nopl xtopology nonstop_tsc aperfmperf eagerfpu pni pclmulqdq dtes64 monitor ds_cpl vmx est tm2 ssse3 sdbg fma cx16 xtpr pdcm pcid sse4_1 sse4_2 movbe popcnt tsc_deadline_timer aes xsave avx f16c rdrand lahf_lm abm epb tpr_shadow vnmi flexpriority ept vpid fsgsbase tsc_adjust bmi1 avx2 smep bmi2 erms invpcid xsaveopt dtherm ida arat pln pts
bugs		:
bogomips	: 4389.94
clflush size	: 64
cache_alignment	: 64
address sizes	: 39 bits physical, 48 bits virtual
power management:

processor	: 6
vendor_id	: GenuineIntel
cpu family	: 6
model		: 60
model name	: Intel(R) Core(TM) i7-4702MQ CPU @ 2.20GHz
stepping	: 3
microcode	: 0x20
cpu MHz		: 2899.987
cache size	: 6144 KB
physical id	: 0
siblings	: 8
core id		: 3
cpu cores	: 4
apicid		: 6
initial apicid	: 6
fpu		: yes
fpu_exception	: yes
cpuid level	: 13
wp		: yes
flags		: fpu vme de pse tsc msr pae mce cx8 apic sep mtrr pge mca cmov pat pse36 clflush dts acpi mmx fxsr sse sse2 ss ht tm pbe syscall nx pdpe1gb rdtscp lm constant_tsc arch_perfmon pebs bts rep_good nopl xtopology nonstop_tsc aperfmperf eagerfpu pni pclmulqdq dtes64 monitor ds_cpl vmx est tm2 ssse3 sdbg fma cx16 xtpr pdcm pcid sse4_1 sse4_2 movbe popcnt tsc_deadline_timer aes xsave avx f16c rdrand lahf_lm abm epb tpr_shadow vnmi flexpriority ept vpid fsgsbase tsc_adjust bmi1 avx2 smep bmi2 erms invpcid xsaveopt dtherm ida arat pln pts
bugs		:
bogomips	: 4389.94
clflush size	: 64
cache_alignment	: 64
address sizes	: 39 bits physical, 48 bits virtual
power management:

processor	: 7
vendor_id	: GenuineIntel
cpu family	: 6
model		: 60
model name	: Intel(R) Core(TM) i7-4702MQ CPU @ 2.20GHz
stepping	: 3
microcode	: 0x20
cpu MHz		: 2899.987
cache size	: 6144 KB
physical id	: 0
siblings	: 8
core id		: 3
cpu cores	: 4
apicid		: 7
initial apicid	: 7
fpu		: yes
fpu_exception	: yes
cpuid level	: 13
wp		: yes
flags		: fpu vme de pse tsc msr pae mce cx8 apic sep mtrr pge mca cmov pat pse36 clflush dts acpi mmx fxsr sse sse2 ss ht tm pbe syscall nx pdpe1gb rdtscp lm constant_tsc arch_perfmon pebs bts rep_good nopl xtopology nonstop_tsc aperfmperf eagerfpu pni pclmulqdq dtes64 monitor ds_cpl vmx est tm2 ssse3 sdbg fma cx16 xtpr pdcm pcid sse4_1 sse4_2 movbe popcnt tsc_deadline_timer aes xsave avx f16c rdrand lahf_lm abm epb tpr_shadow vnmi flexpriority ept vpid fsgsbase tsc_adjust bmi1 avx2 smep bmi2 erms invpcid xsaveopt dtherm ida arat pln pts
bugs		:
bogomips	: 4389.94
clflush size	: 64
cache_alignment	: 64
address sizes	: 39 bits physical, 48 bits virtual
power management:



Memory: 4k page, physical 8088836k(1503116k free), swap 4258808k(4135116k free)

vm_info: Java HotSpot(TM) 64-Bit Server VM (25.91-b14) for linux-amd64 JRE (1.8.0_91-b14), built on Apr  1 2016 00:57:21 by "java_re" with gcc 4.3.0 20080428 (Red Hat 4.3.0-8)

time: Tue May  9 05:12:04 2017
elapsed time: 5 seconds (0d 0h 0m 5s)

