#
# A fatal error has been detected by the Java Runtime Environment:
#
#  SIGSEGV (0xb) at pc=0x00007f98f15fe948, pid=19331, tid=140292871649024
#
# JRE version: Java(TM) SE Runtime Environment (8.0_91-b14) (build 1.8.0_91-b14)
# Java VM: Java HotSpot(TM) 64-Bit Server VM (25.91-b14 mixed mode linux-amd64 compressed oops)
# Problematic frame:
# V  [libjvm.so+0x6cf948]  jni_invoke_nonstatic(JNIEnv_*, JavaValue*, _jobject*, JNICallType, _jmethodID*, JNI_ArgumentPusher*, Thread*)+0x38
#
# Failed to write core dump. Core dumps have been disabled. To enable core dumping, try "ulimit -c unlimited" before starting Java again
#
# If you would like to submit a bug report, please visit:
#   http://bugreport.java.com/bugreport/crash.jsp
#

---------------  T H R E A D  ---------------

Current thread (0x00007f98ec3c5800):  JavaThread "JavaFX Application Thread" [_thread_in_vm, id=19359, stack(0x00007f987ab77000,0x00007f987ac78000)]

siginfo: si_signo: 11 (SIGSEGV), si_code: 1 (SEGV_MAPERR), si_addr: 0x0000000000000045

Registers:
RAX=0x00007f987ac76140, RBX=0x00007f987ac76050, RCX=0x0000000000000001, RDX=0x0000000000000045
RSP=0x00007f987ac75ea0, RBP=0x00007f987ac76020, RSI=0x00007f987ac760b0, RDI=0x00007f98ec3c59f8
R8 =0x00007f98ec32e8f8, R9 =0x00007f987ac76050, R10=0x00007f9868000ae0, R11=0x00007f98dce1eb60
R12=0x00007f98ec3c5800, R13=0x00007f98ec32e8f8, R14=0x0000000000000001, R15=0x00007f98ec3c59f8
RIP=0x00007f98f15fe948, EFLAGS=0x0000000000010202, CSGSFS=0x002b000000000033, ERR=0x0000000000000004
  TRAPNO=0x000000000000000e

Top of Stack: (sp=0x00007f987ac75ea0)
0x00007f987ac75ea0:   00007f987ac765a0 00007f987ac761c0
0x00007f987ac75eb0:   00007f987ac75f00 00007f987ac75f80
0x00007f987ac75ec0:   00007f987ac76050 00007f987ac760b0
0x00007f987ac75ed0:   00007f98ec3c59f8 00007f98f161e450
0x00007f987ac75ee0:   00007f9898000a30 00007f9898000a40
0x00007f987ac75ef0:   00007f9898000e18 00000000000003d8
0x00007f987ac75f00:   0000000000000000 00000000d6ded638
0x00007f987ac75f10:   00007f980000006f 00007f980000000a
0x00007f987ac75f20:   00000000d7943538 0000000000000000
0x00007f987ac75f30:   0000000000000000 0000000000000000
0x00007f987ac75f40:   00007f98db19c6f8 0000000100000100
0x00007f987ac75f50:   0000000000000000 00007f987ac75f08
0x00007f987ac75f60:   00007f987ac75f49 0000000800000005
0x00007f987ac75f70:   0000000000000000 00007f98ec3c55e0
0x00007f987ac75f80:   00007f98f1e81490 00007f98f298c470
0x00007f987ac75f90:   00000000ec3c5470 00007f98ec3c5800
0x00007f987ac75fa0:   0000000000000000 00007f98f15fed1b
0x00007f987ac75fb0:   00007f98db1a67a8 00007f98ec3c5800
0x00007f987ac75fc0:   00007f98db1a67a8 00007f98ec3c5800
0x00007f987ac75fd0:   00007f987ac76160 00007f98db1a67a8
0x00007f987ac75fe0:   00007f98db1a67a8 00007f98db1a67a8
0x00007f987ac75ff0:   00007f9898000a30 00007f987ac76050
0x00007f987ac76000:   00007f98ec3c5800 00007f987ac76090
0x00007f987ac76010:   00007f98ec32e8f8 00007f98ec3c59f8
0x00007f987ac76020:   00007f987ac76110 00007f98f16030ef
0x00007f987ac76030:   00007f98ec3c5800 00007f98cb791ff4
0x00007f987ac76040:   00007f987ac76128 0000000000000045
0x00007f987ac76050:   00007f98f1e820f0 00007f98f298c470
0x00007f987ac76060:   000000007ac760d0 fb1f7af200000063
0x00007f987ac76070:   0000000000000000 0000003000000018
0x00007f987ac76080:   00007f987ac76200 00007f987ac76140
0x00007f987ac76090:   00007f98ec3c5800 0000000000000000 

Instructions: (pc=0x00007f98f15fe948)
0x00007f98f15fe928:   00 00 48 85 d2 48 89 bd b0 fe ff ff 48 89 b5 a8
0x00007f98f15fe938:   fe ff ff 4c 89 8d a0 fe ff ff 0f 84 78 09 00 00
0x00007f98f15fe948:   4c 8b 22 4d 85 e4 0f 84 6c 09 00 00 48 8b 45 10
0x00007f98f15fe958:   48 8b 98 38 01 00 00 48 83 7b 18 f7 0f 87 16 07 

Register to memory mapping:

RAX=0x00007f987ac76140 is pointing into the stack for thread: 0x00007f98ec3c5800
RBX=0x00007f987ac76050 is pointing into the stack for thread: 0x00007f98ec3c5800
RCX=0x0000000000000001 is an unknown value
RDX=0x0000000000000045 is an unknown value
RSP=0x00007f987ac75ea0 is pointing into the stack for thread: 0x00007f98ec3c5800
RBP=0x00007f987ac76020 is pointing into the stack for thread: 0x00007f98ec3c5800
RSI=0x00007f987ac760b0 is pointing into the stack for thread: 0x00007f98ec3c5800
RDI=0x00007f98ec3c59f8 is an unknown value
R8 =0x00007f98ec32e8f8 is an unknown value
R9 =0x00007f987ac76050 is pointing into the stack for thread: 0x00007f98ec3c5800
R10=0x00007f9868000ae0 is an unknown value
R11=0x00007f98dce1eb60 is at entry_point+32 in (nmethod*)0x00007f98dce1e9d0
R12=0x00007f98ec3c5800 is a thread
R13=0x00007f98ec32e8f8 is an unknown value
R14=0x0000000000000001 is an unknown value
R15=0x00007f98ec3c59f8 is an unknown value


Stack: [0x00007f987ab77000,0x00007f987ac78000],  sp=0x00007f987ac75ea0,  free space=1019k
Native frames: (J=compiled Java code, j=interpreted, Vv=VM code, C=native code)
V  [libjvm.so+0x6cf948]  jni_invoke_nonstatic(JNIEnv_*, JavaValue*, _jobject*, JNICallType, _jmethodID*, JNI_ArgumentPusher*, Thread*)+0x38
V  [libjvm.so+0x6d40ef]  jni_CallVoidMethodV+0x10f
C  [libglass.so+0x13e51]  JNIEnv_::CallVoidMethod(_jobject*, _jmethodID*, ...)+0x81
C  [libglass.so+0x1545f]  WindowContextBase::process_key(_GdkEventKey*)+0x20f
C  [libglass.so+0x19540]  WindowContextBase::im_filter_keypress(_GdkEventKey*)+0x1c0
C  [libglass.so+0x1c7cc]  process_events(_GdkEvent*, void*)+0x22c
C  [libgdk-x11-2.0.so.0+0x5acdc]

Java frames: (J=compiled Java code, j=interpreted, Vv=VM code)
j  com.sun.glass.ui.gtk.GtkApplication._runLoop(Ljava/lang/Runnable;Z)V+0
j  com.sun.glass.ui.gtk.GtkApplication.lambda$null$49(Ljava/lang/Runnable;Z)V+7
j  com.sun.glass.ui.gtk.GtkApplication$$Lambda$41.run()V+12
j  java.lang.Thread.run()V+11
v  ~StubRoutines::call_stub

---------------  P R O C E S S  ---------------

Java Threads: ( => current thread )
  0x00007f98684eb800 JavaThread "AWT-EventQueue-0" [_thread_blocked, id=19368, stack(0x00007f985b46a000,0x00007f985b56b000)]
  0x00007f98684e8800 JavaThread "AWT-Shutdown" [_thread_blocked, id=19367, stack(0x00007f985b56b000,0x00007f985b66c000)]
  0x00007f986848e800 JavaThread "Image Fetcher 0" daemon [_thread_blocked, id=19366, stack(0x00007f985bcfd000,0x00007f985bdfe000)]
  0x00007f9868475000 JavaThread "AWT-XAWT" daemon [_thread_in_native, id=19365, stack(0x00007f985bdfe000,0x00007f985beff000)]
  0x00007f98681e8800 JavaThread "Java2D Disposer" daemon [_thread_blocked, id=19364, stack(0x00007f985beff000,0x00007f985c000000)]
  0x00007f986834f000 JavaThread "Prism Font Disposer" daemon [_thread_blocked, id=19362, stack(0x00007f98796bb000,0x00007f98797bc000)]
  0x00007f98681ac800 JavaThread "Abandoned connection cleanup thread" daemon [_thread_blocked, id=19361, stack(0x00007f987a16d000,0x00007f987a26e000)]
  0x00007f98ec3c9800 JavaThread "JavaFX-Launcher" [_thread_blocked, id=19360, stack(0x00007f987aa76000,0x00007f987ab77000)]
=>0x00007f98ec3c5800 JavaThread "JavaFX Application Thread" [_thread_in_vm, id=19359, stack(0x00007f987ab77000,0x00007f987ac78000)]
  0x00007f98ec3c2000 JavaThread "Thread-1" daemon [_thread_blocked, id=19358, stack(0x00007f98c80d8000,0x00007f98c81d9000)]
  0x00007f98ec31c800 JavaThread "QuantumRenderer-0" daemon [_thread_blocked, id=19354, stack(0x00007f98d8147000,0x00007f98d8248000)]
  0x00007f98ec21a800 JavaThread "Service Thread" daemon [_thread_blocked, id=19352, stack(0x00007f98d83de000,0x00007f98d84df000)]
  0x00007f98ec20f800 JavaThread "C1 CompilerThread3" daemon [_thread_in_vm, id=19351, stack(0x00007f98d84df000,0x00007f98d85e0000)]
  0x00007f98ec20d000 JavaThread "C2 CompilerThread2" daemon [_thread_in_native, id=19350, stack(0x00007f98d85e0000,0x00007f98d86e1000)]
  0x00007f98ec20b800 JavaThread "C2 CompilerThread1" daemon [_thread_in_native, id=19349, stack(0x00007f98d86e1000,0x00007f98d87e2000)]
  0x00007f98ec208800 JavaThread "C2 CompilerThread0" daemon [_thread_in_native, id=19348, stack(0x00007f98d87e2000,0x00007f98d88e3000)]
  0x00007f98ec207000 JavaThread "Signal Dispatcher" daemon [_thread_blocked, id=19347, stack(0x00007f98d88e3000,0x00007f98d89e4000)]
  0x00007f98ec1d3000 JavaThread "Finalizer" daemon [_thread_blocked, id=19346, stack(0x00007f98d8cbd000,0x00007f98d8dbe000)]
  0x00007f98ec1ce800 JavaThread "Reference Handler" daemon [_thread_blocked, id=19345, stack(0x00007f98d8dbe000,0x00007f98d8ebf000)]
  0x00007f98ec00a000 JavaThread "main" [_thread_blocked, id=19335, stack(0x00007f98f2a08000,0x00007f98f2b09000)]

Other Threads:
  0x00007f98ec1c7000 VMThread [stack: 0x00007f98d8ebf000,0x00007f98d8fc0000] [id=19344]
  0x00007f98ec21d000 WatcherThread [stack: 0x00007f98d82dd000,0x00007f98d83de000] [id=19353]

VM state:not at safepoint (normal execution)

VM Mutex/Monitor currently owned by a thread: None

Heap:
 PSYoungGen      total 36864K, used 19867K [0x00000000d6d80000, 0x00000000d9680000, 0x0000000100000000)
  eden space 31744K, 62% used [0x00000000d6d80000,0x00000000d80e6d38,0x00000000d8c80000)
  from space 5120K, 0% used [0x00000000d9180000,0x00000000d9180000,0x00000000d9680000)
  to   space 5120K, 0% used [0x00000000d8c80000,0x00000000d8c80000,0x00000000d9180000)
 ParOldGen       total 50176K, used 11900K [0x0000000084800000, 0x0000000087900000, 0x00000000d6d80000)
  object space 50176K, 23% used [0x0000000084800000,0x000000008539f350,0x0000000087900000)
 Metaspace       used 27844K, capacity 28818K, committed 28928K, reserved 1075200K
  class space    used 3762K, capacity 3987K, committed 4096K, reserved 1048576K

Card table byte_map: [0x00007f98dc22a000,0x00007f98dc607000] byte_map_base: 0x00007f98dbe06000

Marking Bits: (ParMarkBitMap*) 0x00007f98f1ee5d60
 Begin Bits: [0x00007f98d0240000, 0x00007f98d2120000)
 End Bits:   [0x00007f98d2120000, 0x00007f98d4000000)

Polling page: 0x00007f98f2b31000

CodeCache: size=245760Kb used=9100Kb max_used=9112Kb free=236660Kb
 bounds [0x00007f98dc9c7000, 0x00007f98dd2b7000, 0x00007f98eb9c7000]
 total_blobs=3841 nmethods=2945 adapters=809
 compilation: enabled

Compilation events (10 events):
Event: 7.281 Thread 0x00007f98ec20d000 nmethod 2919 0x00007f98dd294250 code [0x00007f98dd2943a0, 0x00007f98dd294478]
Event: 7.281 Thread 0x00007f98ec20d000 2928       4       javafx.scene.Node::impl_geomChanged (45 bytes)
Event: 7.282 Thread 0x00007f98ec20d000 nmethod 2928 0x00007f98dd293d10 code [0x00007f98dd293e80, 0x00007f98dd294018]
Event: 7.282 Thread 0x00007f98ec20d000 2732       4       java.util.Collections$UnmodifiableCollection::size (10 bytes)
Event: 7.283 Thread 0x00007f98ec20d000 nmethod 2732 0x00007f98dd29b850 code [0x00007f98dd29b9a0, 0x00007f98dd29ba38]
Event: 7.283 Thread 0x00007f98ec20d000 2902   !   4       com.sun.javafx.css.StyleManager::getCacheContainer (152 bytes)
Event: 7.287 Thread 0x00007f98ec20f800 nmethod 2971 0x00007f98dd29d010 code [0x00007f98dd29d820, 0x00007f98dd2a3518]
Event: 7.287 Thread 0x00007f98ec20f800 2974       3       java.lang.Math::round (70 bytes)
Event: 7.288 Thread 0x00007f98ec20f800 nmethod 2974 0x00007f98dd293890 code [0x00007f98dd293a00, 0x00007f98dd293c70]
Event: 7.288 Thread 0x00007f98ec20f800 2976       3       javafx.scene.layout.Region::getMaxAreaHeight (394 bytes)

GC Heap History (6 events):
Event: 0.778 GC heap before
{Heap before GC invocations=1 (full 0):
 PSYoungGen      total 36864K, used 31744K [0x00000000d6d80000, 0x00000000d9680000, 0x0000000100000000)
  eden space 31744K, 100% used [0x00000000d6d80000,0x00000000d8c80000,0x00000000d8c80000)
  from space 5120K, 0% used [0x00000000d9180000,0x00000000d9180000,0x00000000d9680000)
  to   space 5120K, 0% used [0x00000000d8c80000,0x00000000d8c80000,0x00000000d9180000)
 ParOldGen       total 84992K, used 0K [0x0000000084800000, 0x0000000089b00000, 0x00000000d6d80000)
  object space 84992K, 0% used [0x0000000084800000,0x0000000084800000,0x0000000089b00000)
 Metaspace       used 15249K, capacity 15700K, committed 16000K, reserved 1062912K
  class space    used 1960K, capacity 2102K, committed 2176K, reserved 1048576K
Event: 0.783 GC heap after
Heap after GC invocations=1 (full 0):
 PSYoungGen      total 36864K, used 5104K [0x00000000d6d80000, 0x00000000d9680000, 0x0000000100000000)
  eden space 31744K, 0% used [0x00000000d6d80000,0x00000000d6d80000,0x00000000d8c80000)
  from space 5120K, 99% used [0x00000000d8c80000,0x00000000d917c070,0x00000000d9180000)
  to   space 5120K, 0% used [0x00000000d9180000,0x00000000d9180000,0x00000000d9680000)
 ParOldGen       total 84992K, used 5338K [0x0000000084800000, 0x0000000089b00000, 0x00000000d6d80000)
  object space 84992K, 6% used [0x0000000084800000,0x0000000084d36b70,0x0000000089b00000)
 Metaspace       used 15249K, capacity 15700K, committed 16000K, reserved 1062912K
  class space    used 1960K, capacity 2102K, committed 2176K, reserved 1048576K
}
Event: 5.473 GC heap before
{Heap before GC invocations=2 (full 0):
 PSYoungGen      total 36864K, used 18366K [0x00000000d6d80000, 0x00000000d9680000, 0x0000000100000000)
  eden space 31744K, 41% used [0x00000000d6d80000,0x00000000d7a738e0,0x00000000d8c80000)
  from space 5120K, 99% used [0x00000000d8c80000,0x00000000d917c070,0x00000000d9180000)
  to   space 5120K, 0% used [0x00000000d9180000,0x00000000d9180000,0x00000000d9680000)
 ParOldGen       total 84992K, used 5338K [0x0000000084800000, 0x0000000089b00000, 0x00000000d6d80000)
  object space 84992K, 6% used [0x0000000084800000,0x0000000084d36b70,0x0000000089b00000)
 Metaspace       used 20545K, capacity 21248K, committed 21296K, reserved 1067008K
  class space    used 2754K, capacity 2930K, committed 2944K, reserved 1048576K
Event: 5.479 GC heap after
Heap after GC invocations=2 (full 0):
 PSYoungGen      total 36864K, used 5088K [0x00000000d6d80000, 0x00000000d9680000, 0x0000000100000000)
  eden space 31744K, 0% used [0x00000000d6d80000,0x00000000d6d80000,0x00000000d8c80000)
  from space 5120K, 99% used [0x00000000d9180000,0x00000000d9678090,0x00000000d9680000)
  to   space 5120K, 0% used [0x00000000d8c80000,0x00000000d8c80000,0x00000000d9180000)
 ParOldGen       total 84992K, used 7895K [0x0000000084800000, 0x0000000089b00000, 0x00000000d6d80000)
  object space 84992K, 9% used [0x0000000084800000,0x0000000084fb5e80,0x0000000089b00000)
 Metaspace       used 20545K, capacity 21248K, committed 21296K, reserved 1067008K
  class space    used 2754K, capacity 2930K, committed 2944K, reserved 1048576K
}
Event: 5.479 GC heap before
{Heap before GC invocations=3 (full 1):
 PSYoungGen      total 36864K, used 5088K [0x00000000d6d80000, 0x00000000d9680000, 0x0000000100000000)
  eden space 31744K, 0% used [0x00000000d6d80000,0x00000000d6d80000,0x00000000d8c80000)
  from space 5120K, 99% used [0x00000000d9180000,0x00000000d9678090,0x00000000d9680000)
  to   space 5120K, 0% used [0x00000000d8c80000,0x00000000d8c80000,0x00000000d9180000)
 ParOldGen       total 84992K, used 7895K [0x0000000084800000, 0x0000000089b00000, 0x00000000d6d80000)
  object space 84992K, 9% used [0x0000000084800000,0x0000000084fb5e80,0x0000000089b00000)
 Metaspace       used 20545K, capacity 21248K, committed 21296K, reserved 1067008K
  class space    used 2754K, capacity 2930K, committed 2944K, reserved 1048576K
Event: 5.508 GC heap after
Heap after GC invocations=3 (full 1):
 PSYoungGen      total 36864K, used 0K [0x00000000d6d80000, 0x00000000d9680000, 0x0000000100000000)
  eden space 31744K, 0% used [0x00000000d6d80000,0x00000000d6d80000,0x00000000d8c80000)
  from space 5120K, 0% used [0x00000000d9180000,0x00000000d9180000,0x00000000d9680000)
  to   space 5120K, 0% used [0x00000000d8c80000,0x00000000d8c80000,0x00000000d9180000)
 ParOldGen       total 50176K, used 11900K [0x0000000084800000, 0x0000000087900000, 0x00000000d6d80000)
  object space 50176K, 23% used [0x0000000084800000,0x000000008539f350,0x0000000087900000)
 Metaspace       used 20545K, capacity 21248K, committed 21296K, reserved 1067008K
  class space    used 2754K, capacity 2930K, committed 2944K, reserved 1048576K
}

Deoptimization events (10 events):
Event: 7.162 Thread 0x00007f98ec3c5800 Uncommon trap: reason=array_check action=maybe_recompile pc=0x00007f98dd1cb798 method=com.sun.javafx.css.SimpleSelector.applies(Ljavafx/css/Styleable;[Ljava/util/Set;I)Z @ 37
Event: 7.162 Thread 0x00007f98ec3c5800 Uncommon trap: reason=array_check action=maybe_recompile pc=0x00007f98dd1cb798 method=com.sun.javafx.css.SimpleSelector.applies(Ljavafx/css/Styleable;[Ljava/util/Set;I)Z @ 37
Event: 7.162 Thread 0x00007f98ec3c5800 Uncommon trap: reason=array_check action=maybe_recompile pc=0x00007f98dd1cb798 method=com.sun.javafx.css.SimpleSelector.applies(Ljavafx/css/Styleable;[Ljava/util/Set;I)Z @ 37
Event: 7.162 Thread 0x00007f98ec3c5800 Uncommon trap: reason=array_check action=maybe_recompile pc=0x00007f98dd1cb798 method=com.sun.javafx.css.SimpleSelector.applies(Ljavafx/css/Styleable;[Ljava/util/Set;I)Z @ 37
Event: 7.212 Thread 0x00007f98ec3c5800 Uncommon trap: reason=array_check action=maybe_recompile pc=0x00007f98dd220400 method=com.sun.javafx.css.SimpleSelector.applies(Ljavafx/css/Styleable;[Ljava/util/Set;I)Z @ 37
Event: 7.256 Thread 0x00007f98ec3c5800 Uncommon trap: reason=array_check action=maybe_recompile pc=0x00007f98dd24a29c method=com.sun.javafx.css.CompoundSelector.applies(Ljavafx/css/Styleable;[Ljava/util/Set;I)Z @ 128
Event: 7.256 Thread 0x00007f98ec3c5800 Uncommon trap: reason=array_check action=maybe_recompile pc=0x00007f98dd24a29c method=com.sun.javafx.css.CompoundSelector.applies(Ljavafx/css/Styleable;[Ljava/util/Set;I)Z @ 128
Event: 7.256 Thread 0x00007f98ec3c5800 Uncommon trap: reason=array_check action=maybe_recompile pc=0x00007f98dd24a29c method=com.sun.javafx.css.CompoundSelector.applies(Ljavafx/css/Styleable;[Ljava/util/Set;I)Z @ 128
Event: 7.256 Thread 0x00007f98ec3c5800 Uncommon trap: reason=array_check action=maybe_recompile pc=0x00007f98dd24a29c method=com.sun.javafx.css.CompoundSelector.applies(Ljavafx/css/Styleable;[Ljava/util/Set;I)Z @ 128
Event: 7.277 Thread 0x00007f98ec3c5800 Uncommon trap: reason=unstable_if action=reinterpret pc=0x00007f98dcee865c method=java.lang.Math.round(D)J @ 48

Internal exceptions (10 events):
Event: 0.427 Thread 0x00007f98ec3c5800 Exception <a 'java/lang/ArrayIndexOutOfBoundsException'> (0x00000000d7e86850) thrown at [/HUDSON/workspace/8-2-build-linux-amd64/jdk8u91/6644/hotspot/src/share/vm/runtime/sharedRuntime.cpp, line 605]
Event: 0.536 Thread 0x00007f98ec3c5800 Implicit null exception at 0x00007f98dcbda0b5 to 0x00007f98dcbda405
Event: 0.752 Thread 0x00007f98ec3c5800 Implicit null exception at 0x00007f98dccb75b5 to 0x00007f98dccb77dd
Event: 0.752 Thread 0x00007f98ec3c5800 Implicit null exception at 0x00007f98dccc9a18 to 0x00007f98dccc9aa6
Event: 5.467 Thread 0x00007f98ec3c5800 Exception <a 'java/io/FileNotFoundException'> (0x00000000d79ffa48) thrown at [/HUDSON/workspace/8-2-build-linux-amd64/jdk8u91/6644/hotspot/src/share/vm/prims/jni.cpp, line 709]
Event: 5.467 Thread 0x00007f98ec3c5800 Exception <a 'java/io/FileNotFoundException'> (0x00000000d7a007e0) thrown at [/HUDSON/workspace/8-2-build-linux-amd64/jdk8u91/6644/hotspot/src/share/vm/prims/jni.cpp, line 709]
Event: 5.701 Thread 0x00007f98684eb800 Exception <a 'java/lang/UnsupportedOperationException': > (0x00000000d6fd52f8) thrown at [/HUDSON/workspace/8-2-build-linux-amd64/jdk8u91/6644/hotspot/src/share/vm/prims/jni.cpp, line 735]
Event: 6.935 Thread 0x00007f98ec3c5800 Exception <a 'java/lang/ArrayIndexOutOfBoundsException'> (0x00000000d7111060) thrown at [/HUDSON/workspace/8-2-build-linux-amd64/jdk8u91/6644/hotspot/src/share/vm/runtime/sharedRuntime.cpp, line 605]
Event: 6.935 Thread 0x00007f98ec3c5800 Exception <a 'java/lang/ArrayIndexOutOfBoundsException'> (0x00000000d7113270) thrown at [/HUDSON/workspace/8-2-build-linux-amd64/jdk8u91/6644/hotspot/src/share/vm/runtime/sharedRuntime.cpp, line 605]
Event: 7.003 Thread 0x00007f98ec3c5800 Exception <a 'java/lang/ArrayIndexOutOfBoundsException': 65> (0x00000000d748b5e8) thrown at [/HUDSON/workspace/8-2-build-linux-amd64/jdk8u91/6644/hotspot/src/share/vm/interpreter/interpreterRuntime.cpp, line 366]

Events (10 events):
Event: 7.256 Thread 0x00007f98ec3c5800 DEOPT UNPACKING pc=0x00007f98dc9cc229 sp=0x00007f987ac71d90 mode 2
Event: 7.276 loading class com/jfoenix/skins/JFXRadioButtonSkin$1
Event: 7.276 loading class com/jfoenix/skins/JFXRadioButtonSkin$1 done
Event: 7.277 Thread 0x00007f98ec3c5800 Uncommon trap: trap_request=0xffffff65 fr.pc=0x00007f98dcee865c
Event: 7.277 Thread 0x00007f98ec3c5800 DEOPT PACKING pc=0x00007f98dcee865c sp=0x00007f987ac724b0
Event: 7.277 Thread 0x00007f98ec3c5800 DEOPT UNPACKING pc=0x00007f98dc9cc229 sp=0x00007f987ac72428 mode 2
Event: 7.280 loading class com/sun/javafx/font/PrismFontUtils
Event: 7.280 loading class com/sun/javafx/font/PrismFontUtils done
Event: 7.280 loading class com/sun/javafx/tk/FontMetrics
Event: 7.280 loading class com/sun/javafx/tk/FontMetrics done


Dynamic libraries:
00400000-00401000 r-xp 00000000 08:0f 1573679                            /usr/lib/jvm/oracle_jdk8/jre/bin/java
00600000-00601000 rw-p 00000000 08:0f 1573679                            /usr/lib/jvm/oracle_jdk8/jre/bin/java
0060d000-0062e000 rw-p 00000000 00:00 0                                  [heap]
84800000-87900000 rw-p 00000000 00:00 0 
87900000-d6d80000 ---p 00000000 00:00 0 
d6d80000-d9680000 rw-p 00000000 00:00 0 
d9680000-100000000 ---p 00000000 00:00 0 
100000000-100400000 rw-p 00000000 00:00 0 
100400000-140000000 ---p 00000000 00:00 0 
7f9840000000-7f9840021000 rw-p 00000000 00:00 0 
7f9840021000-7f9844000000 ---p 00000000 00:00 0 
7f9844000000-7f9844021000 rw-p 00000000 00:00 0 
7f9844021000-7f9848000000 ---p 00000000 00:00 0 
7f9848000000-7f9848024000 rw-p 00000000 00:00 0 
7f9848024000-7f984c000000 ---p 00000000 00:00 0 
7f984c000000-7f984c021000 rw-p 00000000 00:00 0 
7f984c021000-7f9850000000 ---p 00000000 00:00 0 
7f9850000000-7f9850021000 rw-p 00000000 00:00 0 
7f9850021000-7f9854000000 ---p 00000000 00:00 0 
7f9854000000-7f9854021000 rw-p 00000000 00:00 0 
7f9854021000-7f9858000000 ---p 00000000 00:00 0 
7f985b06a000-7f985b0aa000 rw-p 00000000 00:00 0 
7f985b0aa000-7f985b26a000 ---p 00000000 00:00 0 
7f985b26a000-7f985b46a000 rw-p 00000000 00:00 0 
7f985b46a000-7f985b46d000 ---p 00000000 00:00 0 
7f985b46d000-7f985b56b000 rw-p 00000000 00:00 0 
7f985b56b000-7f985b56e000 ---p 00000000 00:00 0 
7f985b56e000-7f985b66c000 rw-p 00000000 00:00 0 
7f985b66c000-7f985b6d5000 r-xp 00000000 08:0f 1587707                    /usr/lib/jvm/oracle_jdk8/jre/lib/amd64/libt2k.so
7f985b6d5000-7f985b8d5000 ---p 00069000 08:0f 1587707                    /usr/lib/jvm/oracle_jdk8/jre/lib/amd64/libt2k.so
7f985b8d5000-7f985b8dc000 rw-p 00069000 08:0f 1587707                    /usr/lib/jvm/oracle_jdk8/jre/lib/amd64/libt2k.so
7f985b8dc000-7f985b8ec000 rw-p 00000000 00:00 0 
7f985b8ec000-7f985b8fd000 r-xp 00000000 08:0f 1587741                    /usr/lib/jvm/oracle_jdk8/jre/lib/amd64/libnio.so
7f985b8fd000-7f985bafc000 ---p 00011000 08:0f 1587741                    /usr/lib/jvm/oracle_jdk8/jre/lib/amd64/libnio.so
7f985bafc000-7f985bafd000 rw-p 00010000 08:0f 1587741                    /usr/lib/jvm/oracle_jdk8/jre/lib/amd64/libnio.so
7f985bafd000-7f985bcfd000 rw-p 00000000 00:00 0 
7f985bcfd000-7f985bd00000 ---p 00000000 00:00 0 
7f985bd00000-7f985bdfe000 rw-p 00000000 00:00 0 
7f985bdfe000-7f985be01000 ---p 00000000 00:00 0 
7f985be01000-7f985beff000 rw-p 00000000 00:00 0 
7f985beff000-7f985bf02000 ---p 00000000 00:00 0 
7f985bf02000-7f985c000000 rw-p 00000000 00:00 0 
7f985c000000-7f985c021000 rw-p 00000000 00:00 0 
7f985c021000-7f9860000000 ---p 00000000 00:00 0 
7f9860000000-7f9860021000 rw-p 00000000 00:00 0 
7f9860021000-7f9864000000 ---p 00000000 00:00 0 
7f9864000000-7f9864021000 rw-p 00000000 00:00 0 
7f9864021000-7f9868000000 ---p 00000000 00:00 0 
7f9868000000-7f986896a000 rw-p 00000000 00:00 0 
7f986896a000-7f986c000000 ---p 00000000 00:00 0 
7f986c000000-7f986c021000 rw-p 00000000 00:00 0 
7f986c021000-7f9870000000 ---p 00000000 00:00 0 
7f9870000000-7f9870022000 rw-p 00000000 00:00 0 
7f9870022000-7f9874000000 ---p 00000000 00:00 0 
7f9874000000-7f9874021000 rw-p 00000000 00:00 0 
7f9874021000-7f9878000000 ---p 00000000 00:00 0 
7f98780ae000-7f9878113000 r-xp 00000000 08:0f 1587720                    /usr/lib/jvm/oracle_jdk8/jre/lib/amd64/libfontmanager.so
7f9878113000-7f9878312000 ---p 00065000 08:0f 1587720                    /usr/lib/jvm/oracle_jdk8/jre/lib/amd64/libfontmanager.so
7f9878312000-7f9878317000 rw-p 00064000 08:0f 1587720                    /usr/lib/jvm/oracle_jdk8/jre/lib/amd64/libfontmanager.so
7f9878317000-7f9878527000 rw-p 00000000 00:00 0 
7f9878527000-7f987857b000 r-xp 00000000 08:0f 1587745                    /usr/lib/jvm/oracle_jdk8/jre/lib/amd64/libawt_xawt.so
7f987857b000-7f987877b000 ---p 00054000 08:0f 1587745                    /usr/lib/jvm/oracle_jdk8/jre/lib/amd64/libawt_xawt.so
7f987877b000-7f987877f000 rw-p 00054000 08:0f 1587745                    /usr/lib/jvm/oracle_jdk8/jre/lib/amd64/libawt_xawt.so
7f987877f000-7f9878780000 rw-p 00000000 00:00 0 
7f9878780000-7f9878822000 r-xp 00000000 08:0f 1587731                    /usr/lib/jvm/oracle_jdk8/jre/lib/amd64/libawt.so
7f9878822000-7f9878a22000 ---p 000a2000 08:0f 1587731                    /usr/lib/jvm/oracle_jdk8/jre/lib/amd64/libawt.so
7f9878a22000-7f9878a2e000 rw-p 000a2000 08:0f 1587731                    /usr/lib/jvm/oracle_jdk8/jre/lib/amd64/libawt.so
7f9878a2e000-7f9878a52000 rw-p 00000000 00:00 0 
7f9878a52000-7f9878a6e000 rw-s 00000000 00:05 1215666                    /drm mm object (deleted)
7f9878a6e000-7f9878c2e000 rw-s 107541000 00:06 349                       /dev/dri/card0
7f9878c2e000-7f987922e000 rw-s 00000000 00:05 1212077                    /drm mm object (deleted)
7f987922e000-7f98793ee000 rw-s 00000000 00:05 1212072                    /drm mm object (deleted)
7f98793ee000-7f98793fe000 rw-s 00000000 00:05 1212076                    /drm mm object (deleted)
7f98793fe000-7f987940e000 rw-s 00000000 00:05 1212074                    /drm mm object (deleted)
7f987940e000-7f987960e000 rw-p 00000000 00:00 0 
7f987960e000-7f98796bb000 r--p 00000000 08:0f 2225679                    /usr/share/fonts/truetype/dejavu/DejaVuSans-Bold.ttf
7f98796bb000-7f98796be000 ---p 00000000 00:00 0 
7f98796be000-7f98797bc000 rw-p 00000000 00:00 0 
7f98797bc000-7f9879875000 r--p 00000000 08:0f 2225680                    /usr/share/fonts/truetype/dejavu/DejaVuSans.ttf
7f9879875000-7f98798ca000 r--p 00000000 08:0f 1713185                    /usr/lib/jvm/oracle_jdk8/jre/lib/fonts/LucidaBrightRegular.ttf
7f98798ca000-7f9879904000 r--p 00000000 08:0f 1713190                    /usr/lib/jvm/oracle_jdk8/jre/lib/fonts/LucidaTypewriterBold.ttf
7f9879904000-7f9879952000 r--p 00000000 08:0f 1713186                    /usr/lib/jvm/oracle_jdk8/jre/lib/fonts/LucidaSansDemiBold.ttf
7f9879952000-7f9879956000 r-xp 00000000 08:0f 1587696                    /usr/lib/jvm/oracle_jdk8/jre/lib/amd64/libjavafx_font_pango.so
7f9879956000-7f9879b55000 ---p 00004000 08:0f 1587696                    /usr/lib/jvm/oracle_jdk8/jre/lib/amd64/libjavafx_font_pango.so
7f9879b55000-7f9879b56000 rw-p 00003000 08:0f 1587696                    /usr/lib/jvm/oracle_jdk8/jre/lib/amd64/libjavafx_font_pango.so
7f9879b56000-7f9879d56000 rw-p 00000000 00:00 0 
7f9879d56000-7f9879f56000 rw-p 00000000 00:00 0 
7f9879f56000-7f9879f6c000 r-xp 00000000 08:0f 1587738                    /usr/lib/jvm/oracle_jdk8/jre/lib/amd64/libnet.so
7f9879f6c000-7f987a16c000 ---p 00016000 08:0f 1587738                    /usr/lib/jvm/oracle_jdk8/jre/lib/amd64/libnet.so
7f987a16c000-7f987a16d000 rw-p 00016000 08:0f 1587738                    /usr/lib/jvm/oracle_jdk8/jre/lib/amd64/libnet.so
7f987a16d000-7f987a170000 ---p 00000000 00:00 0 
7f987a170000-7f987a46e000 rw-p 00000000 00:00 0 
7f987a46e000-7f987a473000 r-xp 00000000 08:0f 1587699                    /usr/lib/jvm/oracle_jdk8/jre/lib/amd64/libjavafx_font_freetype.so
7f987a473000-7f987a672000 ---p 00005000 08:0f 1587699                    /usr/lib/jvm/oracle_jdk8/jre/lib/amd64/libjavafx_font_freetype.so
7f987a672000-7f987a673000 rw-p 00004000 08:0f 1587699                    /usr/lib/jvm/oracle_jdk8/jre/lib/amd64/libjavafx_font_freetype.so
7f987a673000-7f987a676000 r-xp 00000000 08:0f 1587739                    /usr/lib/jvm/oracle_jdk8/jre/lib/amd64/libjavafx_font.so
7f987a676000-7f987a875000 ---p 00003000 08:0f 1587739                    /usr/lib/jvm/oracle_jdk8/jre/lib/amd64/libjavafx_font.so
7f987a875000-7f987a876000 rw-p 00002000 08:0f 1587739                    /usr/lib/jvm/oracle_jdk8/jre/lib/amd64/libjavafx_font.so
7f987a876000-7f987aa76000 rw-p 00000000 00:00 0 
7f987aa76000-7f987aa79000 ---p 00000000 00:00 0 
7f987aa79000-7f987ab77000 rw-p 00000000 00:00 0 
7f987ab77000-7f987ab7a000 ---p 00000000 00:00 0 
7f987ab7a000-7f987ac78000 rw-p 00000000 00:00 0 
7f987ac78000-7f987ac79000 ---p 00000000 00:00 0 
7f987ac79000-7f987b479000 rw-p 00000000 00:00 0 
7f987b479000-7f987b47a000 ---p 00000000 00:00 0 
7f987b47a000-7f987bc7a000 rw-p 00000000 00:00 0 
7f987bc7a000-7f987bc7b000 ---p 00000000 00:00 0 
7f987bc7b000-7f987c47b000 rw-p 00000000 00:00 0 
7f987c47b000-7f987c487000 r-xp 00000000 08:0f 1572888                    /usr/lib/x86_64-linux-gnu/gio/modules/libdconfsettings.so
7f987c487000-7f987c686000 ---p 0000c000 08:0f 1572888                    /usr/lib/x86_64-linux-gnu/gio/modules/libdconfsettings.so
7f987c686000-7f987c687000 r--p 0000b000 08:0f 1572888                    /usr/lib/x86_64-linux-gnu/gio/modules/libdconfsettings.so
7f987c687000-7f987c688000 rw-p 0000c000 08:0f 1572888                    /usr/lib/x86_64-linux-gnu/gio/modules/libdconfsettings.so
7f987c688000-7f987c68f000 r-xp 00000000 08:0f 1318849                    /usr/lib/x86_64-linux-gnu/libogg.so.0.8.2
7f987c68f000-7f987c88f000 ---p 00007000 08:0f 1318849                    /usr/lib/x86_64-linux-gnu/libogg.so.0.8.2
7f987c88f000-7f987c890000 r--p 00007000 08:0f 1318849                    /usr/lib/x86_64-linux-gnu/libogg.so.0.8.2
7f987c890000-7f987c891000 rw-p 00008000 08:0f 1318849                    /usr/lib/x86_64-linux-gnu/libogg.so.0.8.2
7f987c891000-7f987c8bb000 r-xp 00000000 08:0f 1319282                    /usr/lib/x86_64-linux-gnu/libvorbis.so.0.4.8
7f987c8bb000-7f987cabb000 ---p 0002a000 08:0f 1319282                    /usr/lib/x86_64-linux-gnu/libvorbis.so.0.4.8
7f987cabb000-7f987cabc000 r--p 0002a000 08:0f 1319282                    /usr/lib/x86_64-linux-gnu/libvorbis.so.0.4.8
7f987cabc000-7f987cabd000 rw-p 0002b000 08:0f 1319282                    /usr/lib/x86_64-linux-gnu/libvorbis.so.0.4.8
7f987cabd000-7f987cac5000 r-xp 00000000 08:0f 1318693                    /usr/lib/x86_64-linux-gnu/libltdl.so.7.3.1
7f987cac5000-7f987ccc5000 ---p 00008000 08:0f 1318693                    /usr/lib/x86_64-linux-gnu/libltdl.so.7.3.1
7f987ccc5000-7f987ccc6000 r--p 00008000 08:0f 1318693                    /usr/lib/x86_64-linux-gnu/libltdl.so.7.3.1
7f987ccc6000-7f987ccc7000 rw-p 00009000 08:0f 1318693                    /usr/lib/x86_64-linux-gnu/libltdl.so.7.3.1
7f987ccc7000-7f987ccdb000 r-xp 00000000 08:0f 1319115                    /usr/lib/x86_64-linux-gnu/libtdb.so.1.3.9
7f987ccdb000-7f987ceda000 ---p 00014000 08:0f 1319115                    /usr/lib/x86_64-linux-gnu/libtdb.so.1.3.9
7f987ceda000-7f987cedb000 r--p 00013000 08:0f 1319115                    /usr/lib/x86_64-linux-gnu/libtdb.so.1.3.9
7f987cedb000-7f987cedc000 rw-p 00014000 08:0f 1319115                    /usr/lib/x86_64-linux-gnu/libtdb.so.1.3.9
7f987cedc000-7f987cee3000 r-xp 00000000 08:0f 1319286                    /usr/lib/x86_64-linux-gnu/libvorbisfile.so.3.3.7
7f987cee3000-7f987d0e3000 ---p 00007000 08:0f 1319286                    /usr/lib/x86_64-linux-gnu/libvorbisfile.so.3.3.7
7f987d0e3000-7f987d0e4000 r--p 00007000 08:0f 1319286                    /usr/lib/x86_64-linux-gnu/libvorbisfile.so.3.3.7
7f987d0e4000-7f987d0e5000 rw-p 00008000 08:0f 1319286                    /usr/lib/x86_64-linux-gnu/libvorbisfile.so.3.3.7
7f987d0e5000-7f987d0f5000 r-xp 00000000 08:0f 1318049                    /usr/lib/x86_64-linux-gnu/libcanberra.so.0.2.5
7f987d0f5000-7f987d2f5000 ---p 00010000 08:0f 1318049                    /usr/lib/x86_64-linux-gnu/libcanberra.so.0.2.5
7f987d2f5000-7f987d2f6000 r--p 00010000 08:0f 1318049                    /usr/lib/x86_64-linux-gnu/libcanberra.so.0.2.5
7f987d2f6000-7f987d2f7000 rw-p 00011000 08:0f 1318049                    /usr/lib/x86_64-linux-gnu/libcanberra.so.0.2.5
7f987d2f7000-7f987d2fb000 r-xp 00000000 08:0f 1318045                    /usr/lib/x86_64-linux-gnu/libcanberra-gtk.so.0.1.9
7f987d2fb000-7f987d4fa000 ---p 00004000 08:0f 1318045                    /usr/lib/x86_64-linux-gnu/libcanberra-gtk.so.0.1.9
7f987d4fa000-7f987d4fb000 r--p 00003000 08:0f 1318045                    /usr/lib/x86_64-linux-gnu/libcanberra-gtk.so.0.1.9
7f987d4fb000-7f987d4fc000 rw-p 00004000 08:0f 1318045                    /usr/lib/x86_64-linux-gnu/libcanberra-gtk.so.0.1.9
7f987d4fc000-7f987d501000 r-xp 00000000 08:0f 1573095                    /usr/lib/x86_64-linux-gnu/gtk-2.0/modules/libcanberra-gtk-module.so
7f987d501000-7f987d700000 ---p 00005000 08:0f 1573095                    /usr/lib/x86_64-linux-gnu/gtk-2.0/modules/libcanberra-gtk-module.so
7f987d700000-7f987d701000 r--p 00004000 08:0f 1573095                    /usr/lib/x86_64-linux-gnu/gtk-2.0/modules/libcanberra-gtk-module.so
7f987d701000-7f987d702000 rw-p 00005000 08:0f 1573095                    /usr/lib/x86_64-linux-gnu/gtk-2.0/modules/libcanberra-gtk-module.so
7f987d702000-7f987d732000 r-xp 00000000 08:0f 1573077                    /usr/lib/x86_64-linux-gnu/gtk-2.0/2.10.0/engines/libmurrine.so
7f987d732000-7f987d932000 ---p 00030000 08:0f 1573077                    /usr/lib/x86_64-linux-gnu/gtk-2.0/2.10.0/engines/libmurrine.so
7f987d932000-7f987d933000 r--p 00030000 08:0f 1573077                    /usr/lib/x86_64-linux-gnu/gtk-2.0/2.10.0/engines/libmurrine.so
7f987d933000-7f987d934000 rw-p 00031000 08:0f 1573077                    /usr/lib/x86_64-linux-gnu/gtk-2.0/2.10.0/engines/libmurrine.so
7f987d934000-7f987d945000 r-xp 00000000 08:0f 1587590                    /usr/lib/x86_64-linux-gnu/gtk-2.0/modules/liboverlay-scrollbar.so
7f987d945000-7f987db45000 ---p 00011000 08:0f 1587590                    /usr/lib/x86_64-linux-gnu/gtk-2.0/modules/liboverlay-scrollbar.so
7f987db45000-7f987db46000 r--p 00011000 08:0f 1587590                    /usr/lib/x86_64-linux-gnu/gtk-2.0/modules/liboverlay-scrollbar.so
7f987db46000-7f987db47000 rw-p 00012000 08:0f 1587590                    /usr/lib/x86_64-linux-gnu/gtk-2.0/modules/liboverlay-scrollbar.so
7f987db47000-7f987db70000 r-xp 00000000 08:0f 1587715                    /usr/lib/jvm/oracle_jdk8/jre/lib/amd64/libglass.so
7f987db70000-7f987dd6f000 ---p 00029000 08:0f 1587715                    /usr/lib/jvm/oracle_jdk8/jre/lib/amd64/libglass.so
7f987dd6f000-7f987dd72000 rw-p 00028000 08:0f 1587715                    /usr/lib/jvm/oracle_jdk8/jre/lib/amd64/libglass.so
7f987dd72000-7f987dda9000 r-xp 00000000 08:0f 1319162                    /usr/lib/x86_64-linux-gnu/libtxc_dxtn_s2tc.so.0.0.0
7f987dda9000-7f987dfa8000 ---p 00037000 08:0f 1319162                    /usr/lib/x86_64-linux-gnu/libtxc_dxtn_s2tc.so.0.0.0
7f987dfa8000-7f987dfa9000 r--p 00036000 08:0f 1319162                    /usr/lib/x86_64-linux-gnu/libtxc_dxtn_s2tc.so.0.0.0
7f987dfa9000-7f987dfaa000 rw-p 00037000 08:0f 1319162                    /usr/lib/x86_64-linux-gnu/libtxc_dxtn_s2tc.so.0.0.0
7f987dfaa000-7f987dfb2000 r-xp 00000000 08:0f 1318896                    /usr/lib/x86_64-linux-gnu/libpciaccess.so.0.11.1
7f987dfb2000-7f987e1b2000 ---p 00008000 08:0f 1318896                    /usr/lib/x86_64-linux-gnu/libpciaccess.so.0.11.1
7f987e1b2000-7f987e1b3000 r--p 00008000 08:0f 1318896                    /usr/lib/x86_64-linux-gnu/libpciaccess.so.0.11.1
7f987e1b3000-7f987e1b4000 rw-p 00009000 08:0f 1318896                    /usr/lib/x86_64-linux-gnu/libpciaccess.so.0.11.1
7f987e1b4000-7f987e1c6000 r-xp 00000000 08:0f 528094                     /lib/x86_64-linux-gnu/libgpg-error.so.0.19.1
7f987e1c6000-7f987e3c6000 ---p 00012000 08:0f 528094                     /lib/x86_64-linux-gnu/libgpg-error.so.0.19.1
7f987e3c6000-7f987e3c7000 r--p 00012000 08:0f 528094                     /lib/x86_64-linux-gnu/libgpg-error.so.0.19.1
7f987e3c7000-7f987e3c8000 rw-p 00013000 08:0f 528094                     /lib/x86_64-linux-gnu/libgpg-error.so.0.19.1
7f987e3c8000-7f987e3d3000 r-xp 00000000 08:0f 1318198                    /usr/lib/x86_64-linux-gnu/libdrm_radeon.so.1.0.1
7f987e3d3000-7f987e5d2000 ---p 0000b000 08:0f 1318198                    /usr/lib/x86_64-linux-gnu/libdrm_radeon.so.1.0.1
7f987e5d2000-7f987e5d3000 r--p 0000a000 08:0f 1318198                    /usr/lib/x86_64-linux-gnu/libdrm_radeon.so.1.0.1
7f987e5d3000-7f987e5d4000 rw-p 0000b000 08:0f 1318198                    /usr/lib/x86_64-linux-gnu/libdrm_radeon.so.1.0.1
7f987e5d4000-7f987e5db000 r-xp 00000000 08:0f 1318196                    /usr/lib/x86_64-linux-gnu/libdrm_nouveau.so.2.0.0
7f987e5db000-7f987e7da000 ---p 00007000 08:0f 1318196                    /usr/lib/x86_64-linux-gnu/libdrm_nouveau.so.2.0.0
7f987e7da000-7f987e7db000 r--p 00006000 08:0f 1318196                    /usr/lib/x86_64-linux-gnu/libdrm_nouveau.so.2.0.0
7f987e7db000-7f987e7dc000 rw-p 00007000 08:0f 1318196                    /usr/lib/x86_64-linux-gnu/libdrm_nouveau.so.2.0.0
7f987e7dc000-7f987e7fc000 r-xp 00000000 08:0f 1318194                    /usr/lib/x86_64-linux-gnu/libdrm_intel.so.1.0.0
7f987e7fc000-7f987e9fb000 ---p 00020000 08:0f 1318194                    /usr/lib/x86_64-linux-gnu/libdrm_intel.so.1.0.0
7f987e9fb000-7f987e9fc000 r--p 0001f000 08:0f 1318194                    /usr/lib/x86_64-linux-gnu/libdrm_intel.so.1.0.0
7f987e9fc000-7f987e9fd000 rw-p 00020000 08:0f 1318194                    /usr/lib/x86_64-linux-gnu/libdrm_intel.so.1.0.0
7f987e9fd000-7f987eb04000 r-xp 00000000 08:0f 528090                     /lib/x86_64-linux-gnu/libgcrypt.so.20.1.2
7f987eb04000-7f987ed03000 ---p 00107000 08:0f 528090                     /lib/x86_64-linux-gnu/libgcrypt.so.20.1.2
7f987ed03000-7f987ed05000 r--p 00106000 08:0f 528090                     /lib/x86_64-linux-gnu/libgcrypt.so.20.1.2
7f987ed05000-7f987ed0c000 rw-p 00108000 08:0f 528090                     /lib/x86_64-linux-gnu/libgcrypt.so.20.1.2
7f987ed0c000-7f987f3af000 r-xp 00000000 08:0f 1571962                    /usr/lib/x86_64-linux-gnu/dri/i965_dri.so
7f987f3af000-7f987f5ae000 ---p 006a3000 08:0f 1571962                    /usr/lib/x86_64-linux-gnu/dri/i965_dri.so
7f987f5ae000-7f987f5ed000 r--p 006a2000 08:0f 1571962                    /usr/lib/x86_64-linux-gnu/dri/i965_dri.so
7f987f5ed000-7f987f5f5000 rw-p 006e1000 08:0f 1571962                    /usr/lib/x86_64-linux-gnu/dri/i965_dri.so
7f987f5f5000-7f987f5fd000 rw-p 00000000 00:00 0 
7f987f5fd000-7f987f601000 r-xp 00000000 08:0f 527948                     /lib/x86_64-linux-gnu/libuuid.so.1.3.0
7f987f601000-7f987f800000 ---p 00004000 08:0f 527948                     /lib/x86_64-linux-gnu/libuuid.so.1.3.0
7f987f800000-7f987f801000 r--p 00003000 08:0f 527948                     /lib/x86_64-linux-gnu/libuuid.so.1.3.0
7f987f801000-7f987f802000 rw-p 00004000 08:0f 527948                     /lib/x86_64-linux-gnu/libuuid.so.1.3.0
7f987f802000-7f987f808000 r-xp 00000000 08:0f 1318139                    /usr/lib/x86_64-linux-gnu/libdatrie.so.1.3.3
7f987f808000-7f987fa08000 ---p 00006000 08:0f 1318139                    /usr/lib/x86_64-linux-gnu/libdatrie.so.1.3.3
7f987fa08000-7f987fa09000 r--p 00006000 08:0f 1318139                    /usr/lib/x86_64-linux-gnu/libdatrie.so.1.3.3
7f987fa09000-7f987fa0a000 rw-p 00007000 08:0f 1318139                    /usr/lib/x86_64-linux-gnu/libdatrie.so.1.3.3
7f987fa0a000-7f987fa0f000 r-xp 00000000 08:0f 1317884                    /usr/lib/x86_64-linux-gnu/libXdmcp.so.6.0.0
7f987fa0f000-7f987fc0e000 ---p 00005000 08:0f 1317884                    /usr/lib/x86_64-linux-gnu/libXdmcp.so.6.0.0
7f987fc0e000-7f987fc0f000 r--p 00004000 08:0f 1317884                    /usr/lib/x86_64-linux-gnu/libXdmcp.so.6.0.0
7f987fc0f000-7f987fc10000 rw-p 00005000 08:0f 1317884                    /usr/lib/x86_64-linux-gnu/libXdmcp.so.6.0.0
7f987fc10000-7f987fc12000 r-xp 00000000 08:0f 1317873                    /usr/lib/x86_64-linux-gnu/libXau.so.6.0.0
7f987fc12000-7f987fe12000 ---p 00002000 08:0f 1317873                    /usr/lib/x86_64-linux-gnu/libXau.so.6.0.0
7f987fe12000-7f987fe13000 r--p 00002000 08:0f 1317873                    /usr/lib/x86_64-linux-gnu/libXau.so.6.0.0
7f987fe13000-7f987fe14000 rw-p 00003000 08:0f 1317873                    /usr/lib/x86_64-linux-gnu/libXau.so.6.0.0
7f987fe14000-7f987fe37000 r-xp 00000000 08:0f 1318451                    /usr/lib/x86_64-linux-gnu/libgraphite2.so.3.0.1
7f987fe37000-7f9880036000 ---p 00023000 08:0f 1318451                    /usr/lib/x86_64-linux-gnu/libgraphite2.so.3.0.1
7f9880036000-7f9880038000 r--p 00022000 08:0f 1318451                    /usr/lib/x86_64-linux-gnu/libgraphite2.so.3.0.1
7f9880038000-7f9880039000 rw-p 00024000 08:0f 1318451                    /usr/lib/x86_64-linux-gnu/libgraphite2.so.3.0.1
7f9880039000-7f9880076000 r-xp 00000000 08:0f 527950                     /lib/x86_64-linux-gnu/libblkid.so.1.1.0
7f9880076000-7f9880275000 ---p 0003d000 08:0f 527950                     /lib/x86_64-linux-gnu/libblkid.so.1.1.0
7f9880275000-7f9880279000 r--p 0003c000 08:0f 527950                     /lib/x86_64-linux-gnu/libblkid.so.1.1.0
7f9880279000-7f988027a000 rw-p 00040000 08:0f 527950                     /lib/x86_64-linux-gnu/libblkid.so.1.1.0
7f988027a000-7f988027b000 rw-p 00000000 00:00 0 
7f988027b000-7f9880289000 r-xp 00000000 08:0f 1318190                    /usr/lib/x86_64-linux-gnu/libdrm.so.2.4.0
7f9880289000-7f9880488000 ---p 0000e000 08:0f 1318190                    /usr/lib/x86_64-linux-gnu/libdrm.so.2.4.0
7f9880488000-7f9880489000 r--p 0000d000 08:0f 1318190                    /usr/lib/x86_64-linux-gnu/libdrm.so.2.4.0
7f9880489000-7f988048a000 rw-p 0000e000 08:0f 1318190                    /usr/lib/x86_64-linux-gnu/libdrm.so.2.4.0
7f988048a000-7f988048e000 r-xp 00000000 08:0f 1319373                    /usr/lib/x86_64-linux-gnu/libxcb-dri2.so.0.0.0
7f988048e000-7f988068d000 ---p 00004000 08:0f 1319373                    /usr/lib/x86_64-linux-gnu/libxcb-dri2.so.0.0.0
7f988068d000-7f988068e000 r--p 00003000 08:0f 1319373                    /usr/lib/x86_64-linux-gnu/libxcb-dri2.so.0.0.0
7f988068e000-7f988068f000 rw-p 00004000 08:0f 1319373                    /usr/lib/x86_64-linux-gnu/libxcb-dri2.so.0.0.0
7f988068f000-7f98806a6000 r-xp 00000000 08:0f 1319377                    /usr/lib/x86_64-linux-gnu/libxcb-glx.so.0.0.0
7f98806a6000-7f98808a5000 ---p 00017000 08:0f 1319377                    /usr/lib/x86_64-linux-gnu/libxcb-glx.so.0.0.0
7f98808a5000-7f98808a7000 r--p 00016000 08:0f 1319377                    /usr/lib/x86_64-linux-gnu/libxcb-glx.so.0.0.0
7f98808a7000-7f98808a8000 rw-p 00018000 08:0f 1319377                    /usr/lib/x86_64-linux-gnu/libxcb-glx.so.0.0.0
7f98808a8000-7f98808a9000 r-xp 00000000 08:0f 1317867                    /usr/lib/x86_64-linux-gnu/libX11-xcb.so.1.0.0
7f98808a9000-7f9880aa8000 ---p 00001000 08:0f 1317867                    /usr/lib/x86_64-linux-gnu/libX11-xcb.so.1.0.0
7f9880aa8000-7f9880aa9000 r--p 00000000 08:0f 1317867                    /usr/lib/x86_64-linux-gnu/libX11-xcb.so.1.0.0
7f9880aa9000-7f9880aaa000 rw-p 00001000 08:0f 1317867                    /usr/lib/x86_64-linux-gnu/libX11-xcb.so.1.0.0
7f9880aaa000-7f9880ad3000 r-xp 00000000 08:0f 1332500                    /usr/lib/x86_64-linux-gnu/libglapi.so.0.0.0
7f9880ad3000-7f9880cd2000 ---p 00029000 08:0f 1332500                    /usr/lib/x86_64-linux-gnu/libglapi.so.0.0.0
7f9880cd2000-7f9880cd6000 r--p 00028000 08:0f 1332500                    /usr/lib/x86_64-linux-gnu/libglapi.so.0.0.0
7f9880cd6000-7f9880cd7000 rw-p 0002c000 08:0f 1332500                    /usr/lib/x86_64-linux-gnu/libglapi.so.0.0.0
7f9880cd7000-7f9880cd8000 rw-p 00000000 00:00 0 
7f9880cd8000-7f9880cd9000 r-xp 00000000 08:0f 1319419                    /usr/lib/x86_64-linux-gnu/libxshmfence.so.1.0.0
7f9880cd9000-7f9880ed9000 ---p 00001000 08:0f 1319419                    /usr/lib/x86_64-linux-gnu/libxshmfence.so.1.0.0
7f9880ed9000-7f9880eda000 r--p 00001000 08:0f 1319419                    /usr/lib/x86_64-linux-gnu/libxshmfence.so.1.0.0
7f9880eda000-7f9880edb000 rw-p 00002000 08:0f 1319419                    /usr/lib/x86_64-linux-gnu/libxshmfence.so.1.0.0
7f9880edb000-7f9880ee0000 r-xp 00000000 08:0f 1319397                    /usr/lib/x86_64-linux-gnu/libxcb-sync.so.1.0.0
7f9880ee0000-7f98810e0000 ---p 00005000 08:0f 1319397                    /usr/lib/x86_64-linux-gnu/libxcb-sync.so.1.0.0
7f98810e0000-7f98810e1000 r--p 00005000 08:0f 1319397                    /usr/lib/x86_64-linux-gnu/libxcb-sync.so.1.0.0
7f98810e1000-7f98810e2000 rw-p 00006000 08:0f 1319397                    /usr/lib/x86_64-linux-gnu/libxcb-sync.so.1.0.0
7f98810e2000-7f98810e4000 r-xp 00000000 08:0f 1319385                    /usr/lib/x86_64-linux-gnu/libxcb-present.so.0.0.0
7f98810e4000-7f98812e3000 ---p 00002000 08:0f 1319385                    /usr/lib/x86_64-linux-gnu/libxcb-present.so.0.0.0
7f98812e3000-7f98812e4000 r--p 00001000 08:0f 1319385                    /usr/lib/x86_64-linux-gnu/libxcb-present.so.0.0.0
7f98812e4000-7f98812e5000 rw-p 00002000 08:0f 1319385                    /usr/lib/x86_64-linux-gnu/libxcb-present.so.0.0.0
7f98812e5000-7f98812e7000 r-xp 00000000 08:0f 1319375                    /usr/lib/x86_64-linux-gnu/libxcb-dri3.so.0.0.0
7f98812e7000-7f98814e6000 ---p 00002000 08:0f 1319375                    /usr/lib/x86_64-linux-gnu/libxcb-dri3.so.0.0.0
7f98814e6000-7f98814e7000 r--p 00001000 08:0f 1319375                    /usr/lib/x86_64-linux-gnu/libxcb-dri3.so.0.0.0
7f98814e7000-7f98814e8000 rw-p 00002000 08:0f 1319375                    /usr/lib/x86_64-linux-gnu/libxcb-dri3.so.0.0.0
7f98814e8000-7f988155a000 r-xp 00000000 08:0f 528176                     /lib/x86_64-linux-gnu/libpcre.so.3.13.3
7f988155a000-7f9881759000 ---p 00072000 08:0f 528176                     /lib/x86_64-linux-gnu/libpcre.so.3.13.3
7f9881759000-7f988175a000 r--p 00071000 08:0f 528176                     /lib/x86_64-linux-gnu/libpcre.so.3.13.3
7f988175a000-7f988175b000 rw-p 00072000 08:0f 528176                     /lib/x86_64-linux-gnu/libpcre.so.3.13.3
7f988175b000-7f9881762000 r-xp 00000000 08:0f 1318270                    /usr/lib/x86_64-linux-gnu/libffi.so.6.0.4
7f9881762000-7f9881961000 ---p 00007000 08:0f 1318270                    /usr/lib/x86_64-linux-gnu/libffi.so.6.0.4
7f9881961000-7f9881962000 r--p 00006000 08:0f 1318270                    /usr/lib/x86_64-linux-gnu/libffi.so.6.0.4
7f9881962000-7f9881963000 rw-p 00007000 08:0f 1318270                    /usr/lib/x86_64-linux-gnu/libffi.so.6.0.4
7f9881963000-7f988198a000 r-xp 00000000 08:0f 528081                     /lib/x86_64-linux-gnu/libexpat.so.1.6.2
7f988198a000-7f9881b8a000 ---p 00027000 08:0f 528081                     /lib/x86_64-linux-gnu/libexpat.so.1.6.2
7f9881b8a000-7f9881b8c000 r--p 00027000 08:0f 528081                     /lib/x86_64-linux-gnu/libexpat.so.1.6.2
7f9881b8c000-7f9881b8d000 rw-p 00029000 08:0f 528081                     /lib/x86_64-linux-gnu/libexpat.so.1.6.2
7f9881b8d000-7f9881b95000 r-xp 00000000 08:0f 1319129                    /usr/lib/x86_64-linux-gnu/libthai.so.0.3.0
7f9881b95000-7f9881d94000 ---p 00008000 08:0f 1319129                    /usr/lib/x86_64-linux-gnu/libthai.so.0.3.0
7f9881d94000-7f9881d95000 r--p 00007000 08:0f 1319129                    /usr/lib/x86_64-linux-gnu/libthai.so.0.3.0
7f9881d95000-7f9881d96000 rw-p 00008000 08:0f 1319129                    /usr/lib/x86_64-linux-gnu/libthai.so.0.3.0
7f9881d96000-7f9881db7000 r-xp 00000000 08:0f 1319407                    /usr/lib/x86_64-linux-gnu/libxcb.so.1.1.0
7f9881db7000-7f9881fb6000 ---p 00021000 08:0f 1319407                    /usr/lib/x86_64-linux-gnu/libxcb.so.1.1.0
7f9881fb6000-7f9881fb7000 r--p 00020000 08:0f 1319407                    /usr/lib/x86_64-linux-gnu/libxcb.so.1.1.0
7f9881fb7000-7f9881fb8000 rw-p 00021000 08:0f 1319407                    /usr/lib/x86_64-linux-gnu/libxcb.so.1.1.0
7f9881fb8000-7f9881fc0000 r-xp 00000000 08:0f 1319391                    /usr/lib/x86_64-linux-gnu/libxcb-render.so.0.0.0
7f9881fc0000-7f98821c0000 ---p 00008000 08:0f 1319391                    /usr/lib/x86_64-linux-gnu/libxcb-render.so.0.0.0
7f98821c0000-7f98821c1000 r--p 00008000 08:0f 1319391                    /usr/lib/x86_64-linux-gnu/libxcb-render.so.0.0.0
7f98821c1000-7f98821c2000 rw-p 00009000 08:0f 1319391                    /usr/lib/x86_64-linux-gnu/libxcb-render.so.0.0.0
7f98821c2000-7f98821c4000 r-xp 00000000 08:0f 1319395                    /usr/lib/x86_64-linux-gnu/libxcb-shm.so.0.0.0
7f98821c4000-7f98823c4000 ---p 00002000 08:0f 1319395                    /usr/lib/x86_64-linux-gnu/libxcb-shm.so.0.0.0
7f98823c4000-7f98823c5000 r--p 00002000 08:0f 1319395                    /usr/lib/x86_64-linux-gnu/libxcb-shm.so.0.0.0
7f98823c5000-7f98823c6000 rw-p 00003000 08:0f 1319395                    /usr/lib/x86_64-linux-gnu/libxcb-shm.so.0.0.0
7f98823c6000-7f98823f7000 r-xp 00000000 08:0f 1318920                    /usr/lib/x86_64-linux-gnu/libpng16.so.16.25.0
7f98823f7000-7f98825f6000 ---p 00031000 08:0f 1318920                    /usr/lib/x86_64-linux-gnu/libpng16.so.16.25.0
7f98825f6000-7f98825f7000 r--p 00030000 08:0f 1318920                    /usr/lib/x86_64-linux-gnu/libpng16.so.16.25.0
7f98825f7000-7f98825f8000 rw-p 00031000 08:0f 1318920                    /usr/lib/x86_64-linux-gnu/libpng16.so.16.25.0
7f98825f8000-7f9882697000 r-xp 00000000 08:0f 1318912                    /usr/lib/x86_64-linux-gnu/libpixman-1.so.0.33.6
7f9882697000-7f9882897000 ---p 0009f000 08:0f 1318912                    /usr/lib/x86_64-linux-gnu/libpixman-1.so.0.33.6
7f9882897000-7f988289f000 r--p 0009f000 08:0f 1318912                    /usr/lib/x86_64-linux-gnu/libpixman-1.so.0.33.6
7f988289f000-7f98828a0000 rw-p 000a7000 08:0f 1318912                    /usr/lib/x86_64-linux-gnu/libpixman-1.so.0.33.6
7f98828a0000-7f988291e000 r-xp 00000000 08:0f 1318541                    /usr/lib/x86_64-linux-gnu/libharfbuzz.so.0.10200.7
7f988291e000-7f9882b1e000 ---p 0007e000 08:0f 1318541                    /usr/lib/x86_64-linux-gnu/libharfbuzz.so.0.10200.7
7f9882b1e000-7f9882b1f000 r--p 0007e000 08:0f 1318541                    /usr/lib/x86_64-linux-gnu/libharfbuzz.so.0.10200.7
7f9882b1f000-7f9882b20000 rw-p 0007f000 08:0f 1318541                    /usr/lib/x86_64-linux-gnu/libharfbuzz.so.0.10200.7
7f9882b20000-7f9882b66000 r-xp 00000000 08:0f 527943                     /lib/x86_64-linux-gnu/libmount.so.1.1.0
7f9882b66000-7f9882d65000 ---p 00046000 08:0f 527943                     /lib/x86_64-linux-gnu/libmount.so.1.1.0
7f9882d65000-7f9882d66000 r--p 00045000 08:0f 527943                     /lib/x86_64-linux-gnu/libmount.so.1.1.0
7f9882d66000-7f9882d67000 rw-p 00046000 08:0f 527943                     /lib/x86_64-linux-gnu/libmount.so.1.1.0
7f9882d67000-7f9882d68000 rw-p 00000000 00:00 0 
7f9882d68000-7f9882d7f000 r-xp 00000000 08:0f 528272                     /lib/x86_64-linux-gnu/libresolv-2.24.so
7f9882d7f000-7f9882f7f000 ---p 00017000 08:0f 528272                     /lib/x86_64-linux-gnu/libresolv-2.24.so
7f9882f7f000-7f9882f80000 r--p 00017000 08:0f 528272                     /lib/x86_64-linux-gnu/libresolv-2.24.so
7f9882f80000-7f9882f81000 rw-p 00018000 08:0f 528272                     /lib/x86_64-linux-gnu/libresolv-2.24.so
7f9882f81000-7f9882f83000 rw-p 00000000 00:00 0 
7f9882f83000-7f9882fa6000 r-xp 00000000 08:0f 528203                     /lib/x86_64-linux-gnu/libselinux.so.1
7f9882fa6000-7f98831a5000 ---p 00023000 08:0f 528203                     /lib/x86_64-linux-gnu/libselinux.so.1
7f98831a5000-7f98831a6000 r--p 00022000 08:0f 528203                     /lib/x86_64-linux-gnu/libselinux.so.1
7f98831a6000-7f98831a7000 rw-p 00023000 08:0f 528203                     /lib/x86_64-linux-gnu/libselinux.so.1
7f98831a7000-7f98831a9000 rw-p 00000000 00:00 0 
7f98831a9000-7f98831c2000 r-xp 00000000 08:0f 528232                     /lib/x86_64-linux-gnu/libz.so.1.2.8
7f98831c2000-7f98833c1000 ---p 00019000 08:0f 528232                     /lib/x86_64-linux-gnu/libz.so.1.2.8
7f98833c1000-7f98833c2000 r--p 00018000 08:0f 528232                     /lib/x86_64-linux-gnu/libz.so.1.2.8
7f98833c2000-7f98833c3000 rw-p 00019000 08:0f 528232                     /lib/x86_64-linux-gnu/libz.so.1.2.8
7f98833c3000-7f98833d4000 r-xp 00000000 08:0f 1317886                    /usr/lib/x86_64-linux-gnu/libXext.so.6.4.0
7f98833d4000-7f98835d3000 ---p 00011000 08:0f 1317886                    /usr/lib/x86_64-linux-gnu/libXext.so.6.4.0
7f98835d3000-7f98835d4000 r--p 00010000 08:0f 1317886                    /usr/lib/x86_64-linux-gnu/libXext.so.6.4.0
7f98835d4000-7f98835d5000 rw-p 00011000 08:0f 1317886                    /usr/lib/x86_64-linux-gnu/libXext.so.6.4.0
7f98835d5000-7f98835d7000 r-xp 00000000 08:0f 1317882                    /usr/lib/x86_64-linux-gnu/libXdamage.so.1.1.0
7f98835d7000-7f98837d6000 ---p 00002000 08:0f 1317882                    /usr/lib/x86_64-linux-gnu/libXdamage.so.1.1.0
7f98837d6000-7f98837d7000 r--p 00001000 08:0f 1317882                    /usr/lib/x86_64-linux-gnu/libXdamage.so.1.1.0
7f98837d7000-7f98837d8000 rw-p 00002000 08:0f 1317882                    /usr/lib/x86_64-linux-gnu/libXdamage.so.1.1.0
7f98837d8000-7f98837da000 r-xp 00000000 08:0f 1317878                    /usr/lib/x86_64-linux-gnu/libXcomposite.so.1.0.0
7f98837da000-7f98839d9000 ---p 00002000 08:0f 1317878                    /usr/lib/x86_64-linux-gnu/libXcomposite.so.1.0.0
7f98839d9000-7f98839da000 r--p 00001000 08:0f 1317878                    /usr/lib/x86_64-linux-gnu/libXcomposite.so.1.0.0
7f98839da000-7f98839db000 rw-p 00002000 08:0f 1317878                    /usr/lib/x86_64-linux-gnu/libXcomposite.so.1.0.0
7f98839db000-7f98839e4000 r-xp 00000000 08:0f 1317880                    /usr/lib/x86_64-linux-gnu/libXcursor.so.1.0.2
7f98839e4000-7f9883be3000 ---p 00009000 08:0f 1317880                    /usr/lib/x86_64-linux-gnu/libXcursor.so.1.0.2
7f9883be3000-7f9883be4000 r--p 00008000 08:0f 1317880                    /usr/lib/x86_64-linux-gnu/libXcursor.so.1.0.2
7f9883be4000-7f9883be5000 rw-p 00009000 08:0f 1317880                    /usr/lib/x86_64-linux-gnu/libXcursor.so.1.0.2
7f9883be5000-7f9883bef000 r-xp 00000000 08:0f 1317904                    /usr/lib/x86_64-linux-gnu/libXrandr.so.2.2.0
7f9883bef000-7f9883dee000 ---p 0000a000 08:0f 1317904                    /usr/lib/x86_64-linux-gnu/libXrandr.so.2.2.0
7f9883dee000-7f9883def000 r--p 00009000 08:0f 1317904                    /usr/lib/x86_64-linux-gnu/libXrandr.so.2.2.0
7f9883def000-7f9883df0000 rw-p 0000a000 08:0f 1317904                    /usr/lib/x86_64-linux-gnu/libXrandr.so.2.2.0
7f9883df0000-7f9883dff000 r-xp 00000000 08:0f 1317894                    /usr/lib/x86_64-linux-gnu/libXi.so.6.1.0
7f9883dff000-7f9883ffe000 ---p 0000f000 08:0f 1317894                    /usr/lib/x86_64-linux-gnu/libXi.so.6.1.0
7f9883ffe000-7f9883fff000 r--p 0000e000 08:0f 1317894                    /usr/lib/x86_64-linux-gnu/libXi.so.6.1.0
7f9883fff000-7f9884000000 rw-p 0000f000 08:0f 1317894                    /usr/lib/x86_64-linux-gnu/libXi.so.6.1.0
7f9884000000-7f9884021000 rw-p 00000000 00:00 0 
7f9884021000-7f9888000000 ---p 00000000 00:00 0 
7f9888000000-7f9889ef2000 rw-p 00000000 00:00 0 
7f9889ef2000-7f988c000000 ---p 00000000 00:00 0 
7f988c000000-7f988c78b000 rw-p 00000000 00:00 0 
7f988c78b000-7f9890000000 ---p 00000000 00:00 0 
7f9890000000-7f9890021000 rw-p 00000000 00:00 0 
7f9890021000-7f9894000000 ---p 00000000 00:00 0 
7f9894000000-7f9894686000 rw-p 00000000 00:00 0 
7f9894686000-7f9898000000 ---p 00000000 00:00 0 
7f9898000000-7f989844a000 rw-p 00000000 00:00 0 
7f989844a000-7f989c000000 ---p 00000000 00:00 0 
7f989c000000-7f989c021000 rw-p 00000000 00:00 0 
7f989c021000-7f98a0000000 ---p 00000000 00:00 0 
7f98a0000000-7f98a05fa000 rw-p 00000000 00:00 0 
7f98a05fa000-7f98a4000000 ---p 00000000 00:00 0 
7f98a4000000-7f98a4021000 rw-p 00000000 00:00 0 
7f98a4021000-7f98a8000000 ---p 00000000 00:00 0 
7f98a8000000-7f98a8021000 rw-p 00000000 00:00 0 
7f98a8021000-7f98ac000000 ---p 00000000 00:00 0 
7f98ac000000-7f98ac021000 rw-p 00000000 00:00 0 
7f98ac021000-7f98b0000000 ---p 00000000 00:00 0 
7f98b0000000-7f98b0021000 rw-p 00000000 00:00 0 
7f98b0021000-7f98b4000000 ---p 00000000 00:00 0 
7f98b4000000-7f98b4021000 rw-p 00000000 00:00 0 
7f98b4021000-7f98b8000000 ---p 00000000 00:00 0 
7f98b8000000-7f98b8021000 rw-p 00000000 00:00 0 
7f98b8021000-7f98bc000000 ---p 00000000 00:00 0 
7f98bc000000-7f98bc021000 rw-p 00000000 00:00 0 
7f98bc021000-7f98c0000000 ---p 00000000 00:00 0 
7f98c0000000-7f98c0021000 rw-p 00000000 00:00 0 
7f98c0021000-7f98c4000000 ---p 00000000 00:00 0 
7f98c4000000-7f98c4021000 rw-p 00000000 00:00 0 
7f98c4021000-7f98c8000000 ---p 00000000 00:00 0 
7f98c8007000-7f98c801a000 r--s 00344000 08:0f 1587685                    /usr/lib/jvm/oracle_jdk8/jre/lib/resources.jar
7f98c801a000-7f98c802d000 r--p 00000000 08:0f 1713188                    /usr/lib/jvm/oracle_jdk8/jre/lib/fonts/LucidaBrightDemiItalic.ttf
7f98c802d000-7f98c80d8000 r--p 00000000 08:0f 1713184                    /usr/lib/jvm/oracle_jdk8/jre/lib/fonts/LucidaSansRegular.ttf
7f98c80d8000-7f98c80db000 ---p 00000000 00:00 0 
7f98c80db000-7f98c81d9000 rw-p 00000000 00:00 0 
7f98c81d9000-7f98c81db000 r-xp 00000000 08:0f 1317896                    /usr/lib/x86_64-linux-gnu/libXinerama.so.1.0.0
7f98c81db000-7f98c83da000 ---p 00002000 08:0f 1317896                    /usr/lib/x86_64-linux-gnu/libXinerama.so.1.0.0
7f98c83da000-7f98c83db000 r--p 00001000 08:0f 1317896                    /usr/lib/x86_64-linux-gnu/libXinerama.so.1.0.0
7f98c83db000-7f98c83dc000 rw-p 00002000 08:0f 1317896                    /usr/lib/x86_64-linux-gnu/libXinerama.so.1.0.0
7f98c83dc000-7f98c83e5000 r-xp 00000000 08:0f 1317906                    /usr/lib/x86_64-linux-gnu/libXrender.so.1.3.0
7f98c83e5000-7f98c85e4000 ---p 00009000 08:0f 1317906                    /usr/lib/x86_64-linux-gnu/libXrender.so.1.3.0
7f98c85e4000-7f98c85e5000 r--p 00008000 08:0f 1317906                    /usr/lib/x86_64-linux-gnu/libXrender.so.1.3.0
7f98c85e5000-7f98c85e6000 rw-p 00009000 08:0f 1317906                    /usr/lib/x86_64-linux-gnu/libXrender.so.1.3.0
7f98c85e6000-7f98c85eb000 r-xp 00000000 08:0f 1317888                    /usr/lib/x86_64-linux-gnu/libXfixes.so.3.1.0
7f98c85eb000-7f98c87ea000 ---p 00005000 08:0f 1317888                    /usr/lib/x86_64-linux-gnu/libXfixes.so.3.1.0
7f98c87ea000-7f98c87eb000 r--p 00004000 08:0f 1317888                    /usr/lib/x86_64-linux-gnu/libXfixes.so.3.1.0
7f98c87eb000-7f98c87ec000 rw-p 00005000 08:0f 1317888                    /usr/lib/x86_64-linux-gnu/libXfixes.so.3.1.0
7f98c87ec000-7f98c8802000 r-xp 00000000 08:0f 528088                     /lib/x86_64-linux-gnu/libgcc_s.so.1
7f98c8802000-7f98c8a01000 ---p 00016000 08:0f 528088                     /lib/x86_64-linux-gnu/libgcc_s.so.1
7f98c8a01000-7f98c8a02000 r--p 00015000 08:0f 528088                     /lib/x86_64-linux-gnu/libgcc_s.so.1
7f98c8a02000-7f98c8a03000 rw-p 00016000 08:0f 528088                     /lib/x86_64-linux-gnu/libgcc_s.so.1
7f98c8a03000-7f98c8b7b000 r-xp 00000000 08:0f 1319101                    /usr/lib/x86_64-linux-gnu/libstdc++.so.6.0.22
7f98c8b7b000-7f98c8d7b000 ---p 00178000 08:0f 1319101                    /usr/lib/x86_64-linux-gnu/libstdc++.so.6.0.22
7f98c8d7b000-7f98c8d85000 r--p 00178000 08:0f 1319101                    /usr/lib/x86_64-linux-gnu/libstdc++.so.6.0.22
7f98c8d85000-7f98c8d87000 rw-p 00182000 08:0f 1319101                    /usr/lib/x86_64-linux-gnu/libstdc++.so.6.0.22
7f98c8d87000-7f98c8d8b000 rw-p 00000000 00:00 0 
7f98c8d8b000-7f98c8dfb000 r-xp 00000000 08:0f 1571965                    /usr/lib/x86_64-linux-gnu/mesa/libGL.so.1.2.0
7f98c8dfb000-7f98c8ffa000 ---p 00070000 08:0f 1571965                    /usr/lib/x86_64-linux-gnu/mesa/libGL.so.1.2.0
7f98c8ffa000-7f98c8ffd000 r--p 0006f000 08:0f 1571965                    /usr/lib/x86_64-linux-gnu/mesa/libGL.so.1.2.0
7f98c8ffd000-7f98c8ffe000 rw-p 00072000 08:0f 1571965                    /usr/lib/x86_64-linux-gnu/mesa/libGL.so.1.2.0
7f98c8ffe000-7f98c8fff000 rw-p 00000000 00:00 0 
7f98c8fff000-7f98c9004000 r-xp 00000000 08:0f 1317922                    /usr/lib/x86_64-linux-gnu/libXxf86vm.so.1.0.0
7f98c9004000-7f98c9203000 ---p 00005000 08:0f 1317922                    /usr/lib/x86_64-linux-gnu/libXxf86vm.so.1.0.0
7f98c9203000-7f98c9204000 r--p 00004000 08:0f 1317922                    /usr/lib/x86_64-linux-gnu/libXxf86vm.so.1.0.0
7f98c9204000-7f98c9205000 rw-p 00005000 08:0f 1317922                    /usr/lib/x86_64-linux-gnu/libXxf86vm.so.1.0.0
7f98c9205000-7f98c933a000 r-xp 00000000 08:0f 1317869                    /usr/lib/x86_64-linux-gnu/libX11.so.6.3.0
7f98c933a000-7f98c9539000 ---p 00135000 08:0f 1317869                    /usr/lib/x86_64-linux-gnu/libX11.so.6.3.0
7f98c9539000-7f98c953a000 r--p 00134000 08:0f 1317869                    /usr/lib/x86_64-linux-gnu/libX11.so.6.3.0
7f98c953a000-7f98c953e000 rw-p 00135000 08:0f 1317869                    /usr/lib/x86_64-linux-gnu/libX11.so.6.3.0
7f98c953e000-7f98c9543000 r-xp 00000000 08:0f 1317912                    /usr/lib/x86_64-linux-gnu/libXtst.so.6.1.0
7f98c9543000-7f98c9742000 ---p 00005000 08:0f 1317912                    /usr/lib/x86_64-linux-gnu/libXtst.so.6.1.0
7f98c9742000-7f98c9743000 r--p 00004000 08:0f 1317912                    /usr/lib/x86_64-linux-gnu/libXtst.so.6.1.0
7f98c9743000-7f98c9744000 rw-p 00005000 08:0f 1317912                    /usr/lib/x86_64-linux-gnu/libXtst.so.6.1.0
7f98c9744000-7f98c9856000 r-xp 00000000 08:0f 527958                     /lib/x86_64-linux-gnu/libglib-2.0.so.0.5000.2
7f98c9856000-7f98c9a55000 ---p 00112000 08:0f 527958                     /lib/x86_64-linux-gnu/libglib-2.0.so.0.5000.2
7f98c9a55000-7f98c9a56000 r--p 00111000 08:0f 527958                     /lib/x86_64-linux-gnu/libglib-2.0.so.0.5000.2
7f98c9a56000-7f98c9a57000 rw-p 00112000 08:0f 527958                     /lib/x86_64-linux-gnu/libglib-2.0.so.0.5000.2
7f98c9a57000-7f98c9a58000 rw-p 00000000 00:00 0 
7f98c9a58000-7f98c9a59000 r-xp 00000000 08:0f 1308620                    /usr/lib/x86_64-linux-gnu/libgthread-2.0.so.0.5000.2
7f98c9a59000-7f98c9c58000 ---p 00001000 08:0f 1308620                    /usr/lib/x86_64-linux-gnu/libgthread-2.0.so.0.5000.2
7f98c9c58000-7f98c9c59000 r--p 00000000 08:0f 1308620                    /usr/lib/x86_64-linux-gnu/libgthread-2.0.so.0.5000.2
7f98c9c59000-7f98c9c5a000 rw-p 00001000 08:0f 1308620                    /usr/lib/x86_64-linux-gnu/libgthread-2.0.so.0.5000.2
7f98c9c5a000-7f98c9c5d000 r-xp 00000000 08:0f 1308595                    /usr/lib/x86_64-linux-gnu/libgmodule-2.0.so.0.5000.2
7f98c9c5d000-7f98c9e5c000 ---p 00003000 08:0f 1308595                    /usr/lib/x86_64-linux-gnu/libgmodule-2.0.so.0.5000.2
7f98c9e5c000-7f98c9e5d000 r--p 00002000 08:0f 1308595                    /usr/lib/x86_64-linux-gnu/libgmodule-2.0.so.0.5000.2
7f98c9e5d000-7f98c9e5e000 rw-p 00003000 08:0f 1308595                    /usr/lib/x86_64-linux-gnu/libgmodule-2.0.so.0.5000.2
7f98c9e5e000-7f98c9eb0000 r-xp 00000000 08:0f 1308617                    /usr/lib/x86_64-linux-gnu/libgobject-2.0.so.0.5000.2
7f98c9eb0000-7f98ca0af000 ---p 00052000 08:0f 1308617                    /usr/lib/x86_64-linux-gnu/libgobject-2.0.so.0.5000.2
7f98ca0af000-7f98ca0b0000 r--p 00051000 08:0f 1308617                    /usr/lib/x86_64-linux-gnu/libgobject-2.0.so.0.5000.2
7f98ca0b0000-7f98ca0b1000 rw-p 00052000 08:0f 1308617                    /usr/lib/x86_64-linux-gnu/libgobject-2.0.so.0.5000.2
7f98ca0b1000-7f98ca0ee000 r-xp 00000000 08:0f 1318288                    /usr/lib/x86_64-linux-gnu/libfontconfig.so.1.9.0
7f98ca0ee000-7f98ca2ed000 ---p 0003d000 08:0f 1318288                    /usr/lib/x86_64-linux-gnu/libfontconfig.so.1.9.0
7f98ca2ed000-7f98ca2ef000 r--p 0003c000 08:0f 1318288                    /usr/lib/x86_64-linux-gnu/libfontconfig.so.1.9.0
7f98ca2ef000-7f98ca2f4000 rw-p 0003e000 08:0f 1318288                    /usr/lib/x86_64-linux-gnu/libfontconfig.so.1.9.0
7f98ca2f4000-7f98ca39b000 r-xp 00000000 08:0f 1309727                    /usr/lib/x86_64-linux-gnu/libfreetype.so.6.12.3
7f98ca39b000-7f98ca59a000 ---p 000a7000 08:0f 1309727                    /usr/lib/x86_64-linux-gnu/libfreetype.so.6.12.3
7f98ca59a000-7f98ca5a0000 r--p 000a6000 08:0f 1309727                    /usr/lib/x86_64-linux-gnu/libfreetype.so.6.12.3
7f98ca5a0000-7f98ca5a1000 rw-p 000ac000 08:0f 1309727                    /usr/lib/x86_64-linux-gnu/libfreetype.so.6.12.3
7f98ca5a1000-7f98ca5ea000 r-xp 00000000 08:0f 1318880                    /usr/lib/x86_64-linux-gnu/libpango-1.0.so.0.4000.1
7f98ca5ea000-7f98ca7ea000 ---p 00049000 08:0f 1318880                    /usr/lib/x86_64-linux-gnu/libpango-1.0.so.0.4000.1
7f98ca7ea000-7f98ca7ec000 r--p 00049000 08:0f 1318880                    /usr/lib/x86_64-linux-gnu/libpango-1.0.so.0.4000.1
7f98ca7ec000-7f98ca7ed000 rw-p 0004b000 08:0f 1318880                    /usr/lib/x86_64-linux-gnu/libpango-1.0.so.0.4000.1
7f98ca7ed000-7f98ca8fb000 r-xp 00000000 08:0f 1318039                    /usr/lib/x86_64-linux-gnu/libcairo.so.2.11400.6
7f98ca8fb000-7f98caafa000 ---p 0010e000 08:0f 1318039                    /usr/lib/x86_64-linux-gnu/libcairo.so.2.11400.6
7f98caafa000-7f98caafd000 r--p 0010d000 08:0f 1318039                    /usr/lib/x86_64-linux-gnu/libcairo.so.2.11400.6
7f98caafd000-7f98caafe000 rw-p 00110000 08:0f 1318039                    /usr/lib/x86_64-linux-gnu/libcairo.so.2.11400.6
7f98caafe000-7f98cab00000 rw-p 00000000 00:00 0 
7f98cab00000-7f98cab0c000 r-xp 00000000 08:0f 1318882                    /usr/lib/x86_64-linux-gnu/libpangocairo-1.0.so.0.4000.1
7f98cab0c000-7f98cad0b000 ---p 0000c000 08:0f 1318882                    /usr/lib/x86_64-linux-gnu/libpangocairo-1.0.so.0.4000.1
7f98cad0b000-7f98cad0c000 r--p 0000b000 08:0f 1318882                    /usr/lib/x86_64-linux-gnu/libpangocairo-1.0.so.0.4000.1
7f98cad0c000-7f98cad0d000 rw-p 0000c000 08:0f 1318882                    /usr/lib/x86_64-linux-gnu/libpangocairo-1.0.so.0.4000.1
7f98cad0d000-7f98cad2e000 r-xp 00000000 08:0f 1318363                    /usr/lib/x86_64-linux-gnu/libgdk_pixbuf-2.0.so.0.3400.0
7f98cad2e000-7f98caf2d000 ---p 00021000 08:0f 1318363                    /usr/lib/x86_64-linux-gnu/libgdk_pixbuf-2.0.so.0.3400.0
7f98caf2d000-7f98caf2e000 r--p 00020000 08:0f 1318363                    /usr/lib/x86_64-linux-gnu/libgdk_pixbuf-2.0.so.0.3400.0
7f98caf2e000-7f98caf2f000 rw-p 00021000 08:0f 1318363                    /usr/lib/x86_64-linux-gnu/libgdk_pixbuf-2.0.so.0.3400.0
7f98caf2f000-7f98caf43000 r-xp 00000000 08:0f 1318884                    /usr/lib/x86_64-linux-gnu/libpangoft2-1.0.so.0.4000.1
7f98caf43000-7f98cb143000 ---p 00014000 08:0f 1318884                    /usr/lib/x86_64-linux-gnu/libpangoft2-1.0.so.0.4000.1
7f98cb143000-7f98cb144000 r--p 00014000 08:0f 1318884                    /usr/lib/x86_64-linux-gnu/libpangoft2-1.0.so.0.4000.1
7f98cb144000-7f98cb145000 rw-p 00015000 08:0f 1318884                    /usr/lib/x86_64-linux-gnu/libpangoft2-1.0.so.0.4000.1
7f98cb145000-7f98cb2d2000 r-xp 00000000 08:0f 1308571                    /usr/lib/x86_64-linux-gnu/libgio-2.0.so.0.5000.2
7f98cb2d2000-7f98cb4d1000 ---p 0018d000 08:0f 1308571                    /usr/lib/x86_64-linux-gnu/libgio-2.0.so.0.5000.2
7f98cb4d1000-7f98cb4d6000 r--p 0018c000 08:0f 1308571                    /usr/lib/x86_64-linux-gnu/libgio-2.0.so.0.5000.2
7f98cb4d6000-7f98cb4d9000 rw-p 00191000 08:0f 1308571                    /usr/lib/x86_64-linux-gnu/libgio-2.0.so.0.5000.2
7f98cb4d9000-7f98cb4da000 rw-p 00000000 00:00 0 
7f98cb4da000-7f98cb4fc000 r-xp 00000000 08:0f 1317973                    /usr/lib/x86_64-linux-gnu/libatk-1.0.so.0.22009.1
7f98cb4fc000-7f98cb6fb000 ---p 00022000 08:0f 1317973                    /usr/lib/x86_64-linux-gnu/libatk-1.0.so.0.22009.1
7f98cb6fb000-7f98cb6fe000 r--p 00021000 08:0f 1317973                    /usr/lib/x86_64-linux-gnu/libatk-1.0.so.0.22009.1
7f98cb6fe000-7f98cb6ff000 rw-p 00024000 08:0f 1317973                    /usr/lib/x86_64-linux-gnu/libatk-1.0.so.0.22009.1
7f98cb6ff000-7f98cb7af000 r-xp 00000000 08:0f 1314085                    /usr/lib/x86_64-linux-gnu/libgdk-x11-2.0.so.0.2400.30
7f98cb7af000-7f98cb9ae000 ---p 000b0000 08:0f 1314085                    /usr/lib/x86_64-linux-gnu/libgdk-x11-2.0.so.0.2400.30
7f98cb9ae000-7f98cb9b2000 r--p 000af000 08:0f 1314085                    /usr/lib/x86_64-linux-gnu/libgdk-x11-2.0.so.0.2400.30
7f98cb9b2000-7f98cb9b4000 rw-p 000b3000 08:0f 1314085                    /usr/lib/x86_64-linux-gnu/libgdk-x11-2.0.so.0.2400.30
7f98cb9b4000-7f98cbdf2000 r-xp 00000000 08:0f 1314087                    /usr/lib/x86_64-linux-gnu/libgtk-x11-2.0.so.0.2400.30
7f98cbdf2000-7f98cbff2000 ---p 0043e000 08:0f 1314087                    /usr/lib/x86_64-linux-gnu/libgtk-x11-2.0.so.0.2400.30
7f98cbff2000-7f98cbff9000 r--p 0043e000 08:0f 1314087                    /usr/lib/x86_64-linux-gnu/libgtk-x11-2.0.so.0.2400.30
7f98cbff9000-7f98cbffd000 rw-p 00445000 08:0f 1314087                    /usr/lib/x86_64-linux-gnu/libgtk-x11-2.0.so.0.2400.30
7f98cbffd000-7f98cc000000 rw-p 00000000 00:00 0 
7f98cc000000-7f98cc021000 rw-p 00000000 00:00 0 
7f98cc021000-7f98d0000000 ---p 00000000 00:00 0 
7f98d0004000-7f98d0005000 rw-s 00000000 00:05 1211362                    /drm mm object (deleted)
7f98d0005000-7f98d000d000 rw-s 00000000 00:05 1212075                    /drm mm object (deleted)
7f98d000d000-7f98d0021000 r--p 00000000 08:0f 1713183                    /usr/lib/jvm/oracle_jdk8/jre/lib/fonts/LucidaBrightItalic.ttf
7f98d0021000-7f98d0034000 r--p 00000000 08:0f 1713191                    /usr/lib/jvm/oracle_jdk8/jre/lib/fonts/LucidaBrightDemiBold.ttf
7f98d0034000-7f98d0040000 r-xp 00000000 08:0f 1587742                    /usr/lib/jvm/oracle_jdk8/jre/lib/amd64/libprism_es2.so
7f98d0040000-7f98d023f000 ---p 0000c000 08:0f 1587742                    /usr/lib/jvm/oracle_jdk8/jre/lib/amd64/libprism_es2.so
7f98d023f000-7f98d0240000 rw-p 0000b000 08:0f 1587742                    /usr/lib/jvm/oracle_jdk8/jre/lib/amd64/libprism_es2.so
7f98d0240000-7f98d4000000 rw-p 00000000 00:00 0 
7f98d4000000-7f98d4021000 rw-p 00000000 00:00 0 
7f98d4021000-7f98d8000000 ---p 00000000 00:00 0 
7f98d8000000-7f98d8001000 rw-s 00000000 00:05 1211361                    /drm mm object (deleted)
7f98d8001000-7f98d800d000 rw-s 00000000 00:05 1212061                    /drm mm object (deleted)
7f98d800d000-7f98d8049000 r--p 00000000 08:0f 1713189                    /usr/lib/jvm/oracle_jdk8/jre/lib/fonts/LucidaTypewriterRegular.ttf
7f98d8049000-7f98d804e000 r--s 00084000 08:0f 1573685                    /usr/lib/jvm/oracle_jdk8/jre/lib/jfr.jar
7f98d804e000-7f98d8052000 r--s 00097000 08:0f 1587686                    /usr/lib/jvm/oracle_jdk8/jre/lib/jsse.jar
7f98d8052000-7f98d8058000 r--s 002f8000 08:0f 1587656                    /usr/lib/jvm/oracle_jdk8/jre/lib/charsets.jar
7f98d8058000-7f98d8063000 r--s 00000000 08:0f 134039                     /var/cache/fontconfig/945677eb7aeaf62f1d50efc3fb3ec7d8-le64.cache-6
7f98d8063000-7f98d8069000 r--s 00000000 08:0f 134020                     /var/cache/fontconfig/2cd17615ca594fa2959ae173292e504c-le64.cache-6
7f98d8069000-7f98d806a000 r--s 00000000 08:0f 134017                     /var/cache/fontconfig/0d8c3b2ac0904cb8a57a757ad11a4a08-le64.cache-6
7f98d806a000-7f98d806e000 r--s 00000000 08:0f 132419                     /var/cache/fontconfig/de156ccd2eddbdc19d37a45b8b2aac9c-le64.cache-6
7f98d806e000-7f98d8083000 r--s 00000000 08:0f 134013                     /var/cache/fontconfig/04aabc0a78ac019cf9454389977116d2-le64.cache-6
7f98d8083000-7f98d8084000 r--s 00000000 08:0f 134019                     /var/cache/fontconfig/1ac9eb803944fde146138c791f5cc56a-le64.cache-6
7f98d8084000-7f98d8088000 r--s 00000000 08:0f 134024                     /var/cache/fontconfig/385c0604a188198f04d133e54aba7fe7-le64.cache-6
7f98d8088000-7f98d8089000 r--s 00000000 08:0f 134052                     /var/cache/fontconfig/dc05db6664285cc2f12bf69c139ae4c3-le64.cache-6
7f98d8089000-7f98d808c000 r--s 00000000 08:0f 134035                     /var/cache/fontconfig/767a8244fc0220cfb567a839d0392e0b-le64.cache-6
7f98d808c000-7f98d808d000 r--s 00000000 08:0f 132299                     /var/cache/fontconfig/4794a0821666d79190d59a36cb4f44b5-le64.cache-6
7f98d808d000-7f98d808e000 r--s 00000000 08:0f 134015                     /var/cache/fontconfig/0bd3dc0958fa2205aaaa8ebb13e2872b-le64.cache-6
7f98d808e000-7f98d8093000 r--s 00000000 08:0f 134038                     /var/cache/fontconfig/8801497958630a81b71ace7c5f9b32a8-le64.cache-6
7f98d8093000-7f98d8097000 r--s 00000000 08:0f 132418                     /var/cache/fontconfig/c57959a16110560c8d0fcea73374aeeb-le64.cache-6
7f98d8097000-7f98d8098000 r--s 00000000 08:0f 134045                     /var/cache/fontconfig/bab58bb527bb656aaa9f116d68a48d89-le64.cache-6
7f98d8098000-7f98d809e000 r--s 00000000 08:0f 134021                     /var/cache/fontconfig/3047814df9a2f067bd2d96a2b9c36e5a-le64.cache-6
7f98d809e000-7f98d809f000 r--s 00000000 08:0f 134029                     /var/cache/fontconfig/56cf4f4769d0f4abc89a4895d7bd3ae1-le64.cache-6
7f98d809f000-7f98d80a0000 r--s 00000000 08:0f 134044                     /var/cache/fontconfig/b9d506c9ac06c20b433354fa67a72993-le64.cache-6
7f98d80a0000-7f98d80a6000 r--s 00000000 08:0f 134043                     /var/cache/fontconfig/b47c4e1ecd0709278f4910c18777a504-le64.cache-6
7f98d80a6000-7f98d80b9000 r--s 00000000 08:0f 134049                     /var/cache/fontconfig/d52a8644073d54c13679302ca1180695-le64.cache-6
7f98d80b9000-7f98d80ba000 r--s 00000000 08:0f 134028                     /var/cache/fontconfig/551ecf3b0e8b0bca0f25c0944f561853-le64.cache-6
7f98d80ba000-7f98d80c6000 r--s 00000000 08:0f 134698                     /var/cache/fontconfig/d589a48862398ed80a3d6066f4f56f4c-le64.cache-6
7f98d80c6000-7f98d80c9000 r--s 00000000 08:0f 134034                     /var/cache/fontconfig/75114ca45c98e8a441da0ff356701271-le64.cache-6
7f98d80c9000-7f98d80d4000 r--s 00000000 08:0f 134037                     /var/cache/fontconfig/83bf95040141907cd45bb53cf7c1c148-le64.cache-6
7f98d80d4000-7f98d80e6000 r--s 00000000 08:0f 134041                     /var/cache/fontconfig/9b89f8e3dae116d678bbf48e5f21f69b-le64.cache-6
7f98d80e6000-7f98d80e9000 r--s 00000000 08:0f 134053                     /var/cache/fontconfig/e13b20fdb08344e0e664864cc2ede53d-le64.cache-6
7f98d80e9000-7f98d80fe000 r--s 0022c000 08:0f 2240578                    /home/shahsparx/NetBeansProjects/UCET_ACCOUNTS/dist/run405912096/lib/jfoenix.jar
7f98d80fe000-7f98d8147000 r--p 00000000 08:0f 1703186                    /usr/share/glib-2.0/schemas/gschemas.compiled
7f98d8147000-7f98d814a000 ---p 00000000 00:00 0 
7f98d814a000-7f98d8248000 rw-p 00000000 00:00 0 
7f98d8248000-7f98d82dd000 r--s 01103000 08:0f 2243419                    /usr/lib/jvm/oracle_jdk8/jre/lib/ext/jfxrt.jar
7f98d82dd000-7f98d82de000 ---p 00000000 00:00 0 
7f98d82de000-7f98d83de000 rw-p 00000000 00:00 0 
7f98d83de000-7f98d83e1000 ---p 00000000 00:00 0 
7f98d83e1000-7f98d84df000 rw-p 00000000 00:00 0 
7f98d84df000-7f98d84e2000 ---p 00000000 00:00 0 
7f98d84e2000-7f98d85e0000 rw-p 00000000 00:00 0 
7f98d85e0000-7f98d85e3000 ---p 00000000 00:00 0 
7f98d85e3000-7f98d86e1000 rw-p 00000000 00:00 0 
7f98d86e1000-7f98d86e4000 ---p 00000000 00:00 0 
7f98d86e4000-7f98d87e2000 rw-p 00000000 00:00 0 
7f98d87e2000-7f98d87e5000 ---p 00000000 00:00 0 
7f98d87e5000-7f98d88e3000 rw-p 00000000 00:00 0 
7f98d88e3000-7f98d88e6000 ---p 00000000 00:00 0 
7f98d88e6000-7f98d89e4000 rw-p 00000000 00:00 0 
7f98d89e4000-7f98d8cbd000 r--p 00000000 08:0f 1317515                    /usr/lib/locale/locale-archive
7f98d8cbd000-7f98d8cc0000 ---p 00000000 00:00 0 
7f98d8cc0000-7f98d8dbe000 rw-p 00000000 00:00 0 
7f98d8dbe000-7f98d8dc1000 ---p 00000000 00:00 0 
7f98d8dc1000-7f98d8ebf000 rw-p 00000000 00:00 0 
7f98d8ebf000-7f98d8ec0000 ---p 00000000 00:00 0 
7f98d8ec0000-7f98daadb000 rw-p 00000000 00:00 0 
7f98daadb000-7f98dacb4000 r--s 03d1f000 08:0f 1587658                    /usr/lib/jvm/oracle_jdk8/jre/lib/rt.jar
7f98dacb4000-7f98db890000 rw-p 00000000 00:00 0 
7f98db890000-7f98db891000 ---p 00000000 00:00 0 
7f98db891000-7f98db991000 rw-p 00000000 00:00 0 
7f98db991000-7f98db992000 ---p 00000000 00:00 0 
7f98db992000-7f98dba92000 rw-p 00000000 00:00 0 
7f98dba92000-7f98dba93000 ---p 00000000 00:00 0 
7f98dba93000-7f98dbb93000 rw-p 00000000 00:00 0 
7f98dbb93000-7f98dbb94000 ---p 00000000 00:00 0 
7f98dbb94000-7f98dbc94000 rw-p 00000000 00:00 0 
7f98dbc94000-7f98dbc95000 ---p 00000000 00:00 0 
7f98dbc95000-7f98dbd95000 rw-p 00000000 00:00 0 
7f98dbd95000-7f98dbd96000 ---p 00000000 00:00 0 
7f98dbd96000-7f98dbe96000 rw-p 00000000 00:00 0 
7f98dbe96000-7f98dbe97000 ---p 00000000 00:00 0 
7f98dbe97000-7f98dbfb0000 rw-p 00000000 00:00 0 
7f98dbfb0000-7f98dc22a000 ---p 00000000 00:00 0 
7f98dc22a000-7f98dc243000 rw-p 00000000 00:00 0 
7f98dc243000-7f98dc4bc000 ---p 00000000 00:00 0 
7f98dc4bc000-7f98dc4d2000 rw-p 00000000 00:00 0 
7f98dc4d2000-7f98dc606000 ---p 00000000 00:00 0 
7f98dc606000-7f98dc62b000 rw-p 00000000 00:00 0 
7f98dc62b000-7f98dc9c7000 ---p 00000000 00:00 0 
7f98dc9c7000-7f98dd2c7000 rwxp 00000000 00:00 0 
7f98dd2c7000-7f98eb9c7000 ---p 00000000 00:00 0 
7f98eb9c7000-7f98eb9e1000 r-xp 00000000 08:0f 1587734                    /usr/lib/jvm/oracle_jdk8/jre/lib/amd64/libzip.so
7f98eb9e1000-7f98ebbe1000 ---p 0001a000 08:0f 1587734                    /usr/lib/jvm/oracle_jdk8/jre/lib/amd64/libzip.so
7f98ebbe1000-7f98ebbe2000 rw-p 0001a000 08:0f 1587734                    /usr/lib/jvm/oracle_jdk8/jre/lib/amd64/libzip.so
7f98ebbe2000-7f98ebbed000 r-xp 00000000 08:0f 528266                     /lib/x86_64-linux-gnu/libnss_files-2.24.so
7f98ebbed000-7f98ebdec000 ---p 0000b000 08:0f 528266                     /lib/x86_64-linux-gnu/libnss_files-2.24.so
7f98ebdec000-7f98ebded000 r--p 0000a000 08:0f 528266                     /lib/x86_64-linux-gnu/libnss_files-2.24.so
7f98ebded000-7f98ebdee000 rw-p 0000b000 08:0f 528266                     /lib/x86_64-linux-gnu/libnss_files-2.24.so
7f98ebdee000-7f98ebdf4000 rw-p 00000000 00:00 0 
7f98ebdf4000-7f98ebdff000 r-xp 00000000 08:0f 528268                     /lib/x86_64-linux-gnu/libnss_nis-2.24.so
7f98ebdff000-7f98ebffe000 ---p 0000b000 08:0f 528268                     /lib/x86_64-linux-gnu/libnss_nis-2.24.so
7f98ebffe000-7f98ebfff000 r--p 0000a000 08:0f 528268                     /lib/x86_64-linux-gnu/libnss_nis-2.24.so
7f98ebfff000-7f98ec000000 rw-p 0000b000 08:0f 528268                     /lib/x86_64-linux-gnu/libnss_nis-2.24.so
7f98ec000000-7f98ec567000 rw-p 00000000 00:00 0 
7f98ec567000-7f98f0000000 ---p 00000000 00:00 0 
7f98f0000000-7f98f0001000 r--s 00000000 08:0f 134025                     /var/cache/fontconfig/3f7329c5293ffd510edef78f73874cfd-le64.cache-6
7f98f0001000-7f98f0002000 r--s 00000000 08:0f 134022                     /var/cache/fontconfig/30829fa25452a46451e813d634d7f916-le64.cache-6
7f98f0002000-7f98f0020000 r-xp 00000000 08:0f 523353                     /lib/x86_64-linux-gnu/libudev.so.1.6.5
7f98f0020000-7f98f0021000 ---p 0001e000 08:0f 523353                     /lib/x86_64-linux-gnu/libudev.so.1.6.5
7f98f0021000-7f98f0022000 r--p 0001e000 08:0f 523353                     /lib/x86_64-linux-gnu/libudev.so.1.6.5
7f98f0022000-7f98f0023000 rw-p 0001f000 08:0f 523353                     /lib/x86_64-linux-gnu/libudev.so.1.6.5
7f98f0023000-7f98f0027000 r--s 00000000 08:0f 132314                     /var/cache/fontconfig/7ef2298fde41cc6eeb7af42e48b7d293-le64.cache-6
7f98f0027000-7f98f0031000 r--s 000e7000 08:0f 2240579                    /home/shahsparx/NetBeansProjects/UCET_ACCOUNTS/dist/run405912096/lib/mysql-connector-java-5.1.38-bin.jar
7f98f0031000-7f98f0033000 r--s 0008a000 08:0f 2240577                    /home/shahsparx/NetBeansProjects/UCET_ACCOUNTS/dist/run405912096/lib/fontawesomefx-8.9.jar
7f98f0033000-7f98f003b000 rw-s 00000000 00:05 1212060                    /drm mm object (deleted)
7f98f003b000-7f98f0043000 rw-s 00000000 00:05 1212049                    /drm mm object (deleted)
7f98f0043000-7f98f004a000 r--p 00000000 08:0f 1972006                    /home/shahsparx/.config/dconf/user
7f98f004a000-7f98f00c0000 rw-p 00000000 00:00 0 
7f98f00c0000-7f98f00c1000 ---p 00000000 00:00 0 
7f98f00c1000-7f98f01c1000 rw-p 00000000 00:00 0 
7f98f01c1000-7f98f01d7000 r-xp 00000000 08:0f 528263                     /lib/x86_64-linux-gnu/libnsl-2.24.so
7f98f01d7000-7f98f03d6000 ---p 00016000 08:0f 528263                     /lib/x86_64-linux-gnu/libnsl-2.24.so
7f98f03d6000-7f98f03d7000 r--p 00015000 08:0f 528263                     /lib/x86_64-linux-gnu/libnsl-2.24.so
7f98f03d7000-7f98f03d8000 rw-p 00016000 08:0f 528263                     /lib/x86_64-linux-gnu/libnsl-2.24.so
7f98f03d8000-7f98f03da000 rw-p 00000000 00:00 0 
7f98f03da000-7f98f03e2000 r-xp 00000000 08:0f 528264                     /lib/x86_64-linux-gnu/libnss_compat-2.24.so
7f98f03e2000-7f98f05e1000 ---p 00008000 08:0f 528264                     /lib/x86_64-linux-gnu/libnss_compat-2.24.so
7f98f05e1000-7f98f05e2000 r--p 00007000 08:0f 528264                     /lib/x86_64-linux-gnu/libnss_compat-2.24.so
7f98f05e2000-7f98f05e3000 rw-p 00008000 08:0f 528264                     /lib/x86_64-linux-gnu/libnss_compat-2.24.so
7f98f05e3000-7f98f060d000 r-xp 00000000 08:0f 1587729                    /usr/lib/jvm/oracle_jdk8/jre/lib/amd64/libjava.so
7f98f060d000-7f98f080d000 ---p 0002a000 08:0f 1587729                    /usr/lib/jvm/oracle_jdk8/jre/lib/amd64/libjava.so
7f98f080d000-7f98f080f000 rw-p 0002a000 08:0f 1587729                    /usr/lib/jvm/oracle_jdk8/jre/lib/amd64/libjava.so
7f98f080f000-7f98f081c000 r-xp 00000000 08:0f 1587733                    /usr/lib/jvm/oracle_jdk8/jre/lib/amd64/libverify.so
7f98f081c000-7f98f0a1c000 ---p 0000d000 08:0f 1587733                    /usr/lib/jvm/oracle_jdk8/jre/lib/amd64/libverify.so
7f98f0a1c000-7f98f0a1e000 rw-p 0000d000 08:0f 1587733                    /usr/lib/jvm/oracle_jdk8/jre/lib/amd64/libverify.so
7f98f0a1e000-7f98f0a25000 r-xp 00000000 08:0f 528273                     /lib/x86_64-linux-gnu/librt-2.24.so
7f98f0a25000-7f98f0c24000 ---p 00007000 08:0f 528273                     /lib/x86_64-linux-gnu/librt-2.24.so
7f98f0c24000-7f98f0c25000 r--p 00006000 08:0f 528273                     /lib/x86_64-linux-gnu/librt-2.24.so
7f98f0c25000-7f98f0c26000 rw-p 00007000 08:0f 528273                     /lib/x86_64-linux-gnu/librt-2.24.so
7f98f0c26000-7f98f0d2e000 r-xp 00000000 08:0f 528260                     /lib/x86_64-linux-gnu/libm-2.24.so
7f98f0d2e000-7f98f0f2d000 ---p 00108000 08:0f 528260                     /lib/x86_64-linux-gnu/libm-2.24.so
7f98f0f2d000-7f98f0f2e000 r--p 00107000 08:0f 528260                     /lib/x86_64-linux-gnu/libm-2.24.so
7f98f0f2e000-7f98f0f2f000 rw-p 00108000 08:0f 528260                     /lib/x86_64-linux-gnu/libm-2.24.so
7f98f0f2f000-7f98f1bef000 r-xp 00000000 08:0f 1713201                    /usr/lib/jvm/oracle_jdk8/jre/lib/amd64/server/libjvm.so
7f98f1bef000-7f98f1def000 ---p 00cc0000 08:0f 1713201                    /usr/lib/jvm/oracle_jdk8/jre/lib/amd64/server/libjvm.so
7f98f1def000-7f98f1ec7000 rw-p 00cc0000 08:0f 1713201                    /usr/lib/jvm/oracle_jdk8/jre/lib/amd64/server/libjvm.so
7f98f1ec7000-7f98f1f12000 rw-p 00000000 00:00 0 
7f98f1f12000-7f98f20cf000 r-xp 00000000 08:0f 528256                     /lib/x86_64-linux-gnu/libc-2.24.so
7f98f20cf000-7f98f22cf000 ---p 001bd000 08:0f 528256                     /lib/x86_64-linux-gnu/libc-2.24.so
7f98f22cf000-7f98f22d3000 r--p 001bd000 08:0f 528256                     /lib/x86_64-linux-gnu/libc-2.24.so
7f98f22d3000-7f98f22d5000 rw-p 001c1000 08:0f 528256                     /lib/x86_64-linux-gnu/libc-2.24.so
7f98f22d5000-7f98f22d9000 rw-p 00000000 00:00 0 
7f98f22d9000-7f98f22dc000 r-xp 00000000 08:0f 528259                     /lib/x86_64-linux-gnu/libdl-2.24.so
7f98f22dc000-7f98f24db000 ---p 00003000 08:0f 528259                     /lib/x86_64-linux-gnu/libdl-2.24.so
7f98f24db000-7f98f24dc000 r--p 00002000 08:0f 528259                     /lib/x86_64-linux-gnu/libdl-2.24.so
7f98f24dc000-7f98f24dd000 rw-p 00003000 08:0f 528259                     /lib/x86_64-linux-gnu/libdl-2.24.so
7f98f24dd000-7f98f24f2000 r-xp 00000000 08:0f 1587711                    /usr/lib/jvm/oracle_jdk8/jre/lib/amd64/jli/libjli.so
7f98f24f2000-7f98f26f2000 ---p 00015000 08:0f 1587711                    /usr/lib/jvm/oracle_jdk8/jre/lib/amd64/jli/libjli.so
7f98f26f2000-7f98f26f3000 rw-p 00015000 08:0f 1587711                    /usr/lib/jvm/oracle_jdk8/jre/lib/amd64/jli/libjli.so
7f98f26f3000-7f98f270b000 r-xp 00000000 08:0f 528271                     /lib/x86_64-linux-gnu/libpthread-2.24.so
7f98f270b000-7f98f290b000 ---p 00018000 08:0f 528271                     /lib/x86_64-linux-gnu/libpthread-2.24.so
7f98f290b000-7f98f290c000 r--p 00018000 08:0f 528271                     /lib/x86_64-linux-gnu/libpthread-2.24.so
7f98f290c000-7f98f290d000 rw-p 00019000 08:0f 528271                     /lib/x86_64-linux-gnu/libpthread-2.24.so
7f98f290d000-7f98f2911000 rw-p 00000000 00:00 0 
7f98f2911000-7f98f2936000 r-xp 00000000 08:0f 528252                     /lib/x86_64-linux-gnu/ld-2.24.so
7f98f2936000-7f98f2937000 r--s 00000000 08:0f 134016                     /var/cache/fontconfig/0c9eb80ebd1c36541ebe2852d3bb0c49-le64.cache-6
7f98f2937000-7f98f2a08000 rw-p 00000000 00:00 0 
7f98f2a08000-7f98f2a0b000 ---p 00000000 00:00 0 
7f98f2a0b000-7f98f2b0b000 rw-p 00000000 00:00 0 
7f98f2b0c000-7f98f2b0d000 rw-s 10751c000 00:06 349                       /dev/dri/card0
7f98f2b0d000-7f98f2b15000 rw-s 00000000 00:05 1214318                    /drm mm object (deleted)
7f98f2b15000-7f98f2b16000 rw-s 00000000 00:05 1214315                    /drm mm object (deleted)
7f98f2b16000-7f98f2b17000 r--s 00000000 00:2b 62                         /run/user/1000/dconf/user
7f98f2b17000-7f98f2b1f000 rw-s 00000000 00:05 1214313                    /drm mm object (deleted)
7f98f2b1f000-7f98f2b26000 r--s 00000000 08:0f 1583579                    /usr/lib/x86_64-linux-gnu/gconv/gconv-modules.cache
7f98f2b26000-7f98f2b28000 r--s 00015000 08:0f 2240575                    /home/shahsparx/NetBeansProjects/UCET_ACCOUNTS/dist/run405912096/UCET_ACCOUNTS.jar
7f98f2b28000-7f98f2b30000 rw-s 00000000 08:0f 2886647                    /tmp/hsperfdata_shahsparx/19331
7f98f2b30000-7f98f2b31000 rw-p 00000000 00:00 0 
7f98f2b31000-7f98f2b32000 r--p 00000000 00:00 0 
7f98f2b32000-7f98f2b35000 rw-p 00000000 00:00 0 
7f98f2b35000-7f98f2b36000 r--p 00024000 08:0f 528252                     /lib/x86_64-linux-gnu/ld-2.24.so
7f98f2b36000-7f98f2b37000 rw-p 00025000 08:0f 528252                     /lib/x86_64-linux-gnu/ld-2.24.so
7f98f2b37000-7f98f2b38000 rw-p 00000000 00:00 0 
7ffe5e941000-7ffe5e962000 rw-p 00000000 00:00 0                          [stack]
7ffe5e9ab000-7ffe5e9ad000 r--p 00000000 00:00 0                          [vvar]
7ffe5e9ad000-7ffe5e9af000 r-xp 00000000 00:00 0                          [vdso]
ffffffffff600000-ffffffffff601000 r-xp 00000000 00:00 0                  [vsyscall]

VM Arguments:
jvm_args: -Dfile.encoding=UTF-8 
java_command: /home/shahsparx/NetBeansProjects/UCET_ACCOUNTS/dist/run405912096/UCET_ACCOUNTS.jar
java_class_path (initial): /home/shahsparx/NetBeansProjects/UCET_ACCOUNTS/dist/run405912096/UCET_ACCOUNTS.jar
Launcher Type: SUN_STANDARD

Environment Variables:
PATH=/home/shahsparx/bin:/home/shahsparx/.local/bin:/usr/local/sbin:/usr/local/bin:/usr/sbin:/usr/bin:/sbin:/bin:/usr/games:/usr/local/games:/snap/bin
LD_LIBRARY_PATH=/usr/lib/jvm/oracle_jdk8//jre/lib/amd64:/usr/lib/jvm/oracle_jdk8//jre/lib/i386:
SHELL=/bin/bash
DISPLAY=:0

Signal Handlers:
SIGSEGV: [libjvm.so+0xabca10], sa_mask[0]=11111111011111111101111111111110, sa_flags=SA_RESTART|SA_SIGINFO
SIGBUS: [libjvm.so+0xabca10], sa_mask[0]=11111111011111111101111111111110, sa_flags=SA_RESTART|SA_SIGINFO
SIGFPE: [libjvm.so+0x919a20], sa_mask[0]=11111111011111111101111111111110, sa_flags=SA_RESTART|SA_SIGINFO
SIGPIPE: SIG_IGN, sa_mask[0]=00000000000010000000000000000000, sa_flags=SA_RESTART
SIGXFSZ: [libjvm.so+0x919a20], sa_mask[0]=11111111011111111101111111111110, sa_flags=SA_RESTART|SA_SIGINFO
SIGILL: [libjvm.so+0x919a20], sa_mask[0]=11111111011111111101111111111110, sa_flags=SA_RESTART|SA_SIGINFO
SIGUSR1: SIG_DFL, sa_mask[0]=00000000000000000000000000000000, sa_flags=none
SIGUSR2: [libjvm.so+0x91b050], sa_mask[0]=00100000000000000000000000000000, sa_flags=SA_RESTART|SA_SIGINFO
SIGHUP: [libjvm.so+0x91c450], sa_mask[0]=11111111011111111101111111111110, sa_flags=SA_RESTART|SA_SIGINFO
SIGINT: SIG_IGN, sa_mask[0]=00000000000000000000000000000000, sa_flags=none
SIGTERM: [libjvm.so+0x91c450], sa_mask[0]=11111111011111111101111111111110, sa_flags=SA_RESTART|SA_SIGINFO
SIGQUIT: [libjvm.so+0x91c450], sa_mask[0]=11111111011111111101111111111110, sa_flags=SA_RESTART|SA_SIGINFO


---------------  S Y S T E M  ---------------

OS:DISTRIB_ID=Ubuntu
DISTRIB_RELEASE=16.10
DISTRIB_CODENAME=yakkety
DISTRIB_DESCRIPTION="Ubuntu 16.10"

uname:Linux 4.8.0-51-generic #54-Ubuntu SMP Tue Apr 25 16:32:21 UTC 2017 x86_64
libc:glibc 2.24 NPTL 2.24 
rlimit: STACK 8192k, CORE 0k, NPROC 31427, NOFILE 4096, AS infinity
load average:0.51 0.97 0.93

/proc/meminfo:
MemTotal:        8088836 kB
MemFree:         1890044 kB
MemAvailable:    2542736 kB
Buffers:           84680 kB
Cached:          1150880 kB
SwapCached:          712 kB
Active:          4400040 kB
Inactive:        1413420 kB
Active(anon):    3978984 kB
Inactive(anon):  1034544 kB
Active(file):     421056 kB
Inactive(file):   378876 kB
Unevictable:         128 kB
Mlocked:             128 kB
SwapTotal:       4258808 kB
SwapFree:        4135040 kB
Dirty:              8680 kB
Writeback:             0 kB
AnonPages:       4503788 kB
Mapped:           517160 kB
Shmem:            435612 kB
Slab:             231580 kB
SReclaimable:     152356 kB
SUnreclaim:        79224 kB
KernelStack:       16208 kB
PageTables:        66348 kB
NFS_Unstable:          0 kB
Bounce:                0 kB
WritebackTmp:          0 kB
CommitLimit:     8303224 kB
Committed_AS:   10836332 kB
VmallocTotal:   34359738367 kB
VmallocUsed:           0 kB
VmallocChunk:          0 kB
HardwareCorrupted:     0 kB
AnonHugePages:   2684928 kB
ShmemHugePages:        0 kB
ShmemPmdMapped:        0 kB
CmaTotal:              0 kB
CmaFree:               0 kB
HugePages_Total:       0
HugePages_Free:        0
HugePages_Rsvd:        0
HugePages_Surp:        0
Hugepagesize:       2048 kB
DirectMap4k:      246528 kB
DirectMap2M:     8056832 kB
DirectMap1G:     1048576 kB


CPU:total 8 (4 cores per cpu, 2 threads per core) family 6 model 60 stepping 3, cmov, cx8, fxsr, mmx, sse, sse2, sse3, ssse3, sse4.1, sse4.2, popcnt, avx, avx2, aes, clmul, erms, lzcnt, ht, tsc, tscinvbit, bmi1, bmi2

/proc/cpuinfo:
processor	: 0
vendor_id	: GenuineIntel
cpu family	: 6
model		: 60
model name	: Intel(R) Core(TM) i7-4702MQ CPU @ 2.20GHz
stepping	: 3
microcode	: 0x20
cpu MHz		: 2899.987
cache size	: 6144 KB
physical id	: 0
siblings	: 8
core id		: 0
cpu cores	: 4
apicid		: 0
initial apicid	: 0
fpu		: yes
fpu_exception	: yes
cpuid level	: 13
wp		: yes
flags		: fpu vme de pse tsc msr pae mce cx8 apic sep mtrr pge mca cmov pat pse36 clflush dts acpi mmx fxsr sse sse2 ss ht tm pbe syscall nx pdpe1gb rdtscp lm constant_tsc arch_perfmon pebs bts rep_good nopl xtopology nonstop_tsc aperfmperf eagerfpu pni pclmulqdq dtes64 monitor ds_cpl vmx est tm2 ssse3 sdbg fma cx16 xtpr pdcm pcid sse4_1 sse4_2 movbe popcnt tsc_deadline_timer aes xsave avx f16c rdrand lahf_lm abm epb tpr_shadow vnmi flexpriority ept vpid fsgsbase tsc_adjust bmi1 avx2 smep bmi2 erms invpcid xsaveopt dtherm ida arat pln pts
bugs		:
bogomips	: 4389.94
clflush size	: 64
cache_alignment	: 64
address sizes	: 39 bits physical, 48 bits virtual
power management:

processor	: 1
vendor_id	: GenuineIntel
cpu family	: 6
model		: 60
model name	: Intel(R) Core(TM) i7-4702MQ CPU @ 2.20GHz
stepping	: 3
microcode	: 0x20
cpu MHz		: 2899.987
cache size	: 6144 KB
physical id	: 0
siblings	: 8
core id		: 0
cpu cores	: 4
apicid		: 1
initial apicid	: 1
fpu		: yes
fpu_exception	: yes
cpuid level	: 13
wp		: yes
flags		: fpu vme de pse tsc msr pae mce cx8 apic sep mtrr pge mca cmov pat pse36 clflush dts acpi mmx fxsr sse sse2 ss ht tm pbe syscall nx pdpe1gb rdtscp lm constant_tsc arch_perfmon pebs bts rep_good nopl xtopology nonstop_tsc aperfmperf eagerfpu pni pclmulqdq dtes64 monitor ds_cpl vmx est tm2 ssse3 sdbg fma cx16 xtpr pdcm pcid sse4_1 sse4_2 movbe popcnt tsc_deadline_timer aes xsave avx f16c rdrand lahf_lm abm epb tpr_shadow vnmi flexpriority ept vpid fsgsbase tsc_adjust bmi1 avx2 smep bmi2 erms invpcid xsaveopt dtherm ida arat pln pts
bugs		:
bogomips	: 4389.94
clflush size	: 64
cache_alignment	: 64
address sizes	: 39 bits physical, 48 bits virtual
power management:

processor	: 2
vendor_id	: GenuineIntel
cpu family	: 6
model		: 60
model name	: Intel(R) Core(TM) i7-4702MQ CPU @ 2.20GHz
stepping	: 3
microcode	: 0x20
cpu MHz		: 2899.987
cache size	: 6144 KB
physical id	: 0
siblings	: 8
core id		: 1
cpu cores	: 4
apicid		: 2
initial apicid	: 2
fpu		: yes
fpu_exception	: yes
cpuid level	: 13
wp		: yes
flags		: fpu vme de pse tsc msr pae mce cx8 apic sep mtrr pge mca cmov pat pse36 clflush dts acpi mmx fxsr sse sse2 ss ht tm pbe syscall nx pdpe1gb rdtscp lm constant_tsc arch_perfmon pebs bts rep_good nopl xtopology nonstop_tsc aperfmperf eagerfpu pni pclmulqdq dtes64 monitor ds_cpl vmx est tm2 ssse3 sdbg fma cx16 xtpr pdcm pcid sse4_1 sse4_2 movbe popcnt tsc_deadline_timer aes xsave avx f16c rdrand lahf_lm abm epb tpr_shadow vnmi flexpriority ept vpid fsgsbase tsc_adjust bmi1 avx2 smep bmi2 erms invpcid xsaveopt dtherm ida arat pln pts
bugs		:
bogomips	: 4389.94
clflush size	: 64
cache_alignment	: 64
address sizes	: 39 bits physical, 48 bits virtual
power management:

processor	: 3
vendor_id	: GenuineIntel
cpu family	: 6
model		: 60
model name	: Intel(R) Core(TM) i7-4702MQ CPU @ 2.20GHz
stepping	: 3
microcode	: 0x20
cpu MHz		: 2899.987
cache size	: 6144 KB
physical id	: 0
siblings	: 8
core id		: 1
cpu cores	: 4
apicid		: 3
initial apicid	: 3
fpu		: yes
fpu_exception	: yes
cpuid level	: 13
wp		: yes
flags		: fpu vme de pse tsc msr pae mce cx8 apic sep mtrr pge mca cmov pat pse36 clflush dts acpi mmx fxsr sse sse2 ss ht tm pbe syscall nx pdpe1gb rdtscp lm constant_tsc arch_perfmon pebs bts rep_good nopl xtopology nonstop_tsc aperfmperf eagerfpu pni pclmulqdq dtes64 monitor ds_cpl vmx est tm2 ssse3 sdbg fma cx16 xtpr pdcm pcid sse4_1 sse4_2 movbe popcnt tsc_deadline_timer aes xsave avx f16c rdrand lahf_lm abm epb tpr_shadow vnmi flexpriority ept vpid fsgsbase tsc_adjust bmi1 avx2 smep bmi2 erms invpcid xsaveopt dtherm ida arat pln pts
bugs		:
bogomips	: 4389.94
clflush size	: 64
cache_alignment	: 64
address sizes	: 39 bits physical, 48 bits virtual
power management:

processor	: 4
vendor_id	: GenuineIntel
cpu family	: 6
model		: 60
model name	: Intel(R) Core(TM) i7-4702MQ CPU @ 2.20GHz
stepping	: 3
microcode	: 0x20
cpu MHz		: 2899.987
cache size	: 6144 KB
physical id	: 0
siblings	: 8
core id		: 2
cpu cores	: 4
apicid		: 4
initial apicid	: 4
fpu		: yes
fpu_exception	: yes
cpuid level	: 13
wp		: yes
flags		: fpu vme de pse tsc msr pae mce cx8 apic sep mtrr pge mca cmov pat pse36 clflush dts acpi mmx fxsr sse sse2 ss ht tm pbe syscall nx pdpe1gb rdtscp lm constant_tsc arch_perfmon pebs bts rep_good nopl xtopology nonstop_tsc aperfmperf eagerfpu pni pclmulqdq dtes64 monitor ds_cpl vmx est tm2 ssse3 sdbg fma cx16 xtpr pdcm pcid sse4_1 sse4_2 movbe popcnt tsc_deadline_timer aes xsave avx f16c rdrand lahf_lm abm epb tpr_shadow vnmi flexpriority ept vpid fsgsbase tsc_adjust bmi1 avx2 smep bmi2 erms invpcid xsaveopt dtherm ida arat pln pts
bugs		:
bogomips	: 4389.94
clflush size	: 64
cache_alignment	: 64
address sizes	: 39 bits physical, 48 bits virtual
power management:

processor	: 5
vendor_id	: GenuineIntel
cpu family	: 6
model		: 60
model name	: Intel(R) Core(TM) i7-4702MQ CPU @ 2.20GHz
stepping	: 3
microcode	: 0x20
cpu MHz		: 2899.987
cache size	: 6144 KB
physical id	: 0
siblings	: 8
core id		: 2
cpu cores	: 4
apicid		: 5
initial apicid	: 5
fpu		: yes
fpu_exception	: yes
cpuid level	: 13
wp		: yes
flags		: fpu vme de pse tsc msr pae mce cx8 apic sep mtrr pge mca cmov pat pse36 clflush dts acpi mmx fxsr sse sse2 ss ht tm pbe syscall nx pdpe1gb rdtscp lm constant_tsc arch_perfmon pebs bts rep_good nopl xtopology nonstop_tsc aperfmperf eagerfpu pni pclmulqdq dtes64 monitor ds_cpl vmx est tm2 ssse3 sdbg fma cx16 xtpr pdcm pcid sse4_1 sse4_2 movbe popcnt tsc_deadline_timer aes xsave avx f16c rdrand lahf_lm abm epb tpr_shadow vnmi flexpriority ept vpid fsgsbase tsc_adjust bmi1 avx2 smep bmi2 erms invpcid xsaveopt dtherm ida arat pln pts
bugs		:
bogomips	: 4389.94
clflush size	: 64
cache_alignment	: 64
address sizes	: 39 bits physical, 48 bits virtual
power management:

processor	: 6
vendor_id	: GenuineIntel
cpu family	: 6
model		: 60
model name	: Intel(R) Core(TM) i7-4702MQ CPU @ 2.20GHz
stepping	: 3
microcode	: 0x20
cpu MHz		: 2899.987
cache size	: 6144 KB
physical id	: 0
siblings	: 8
core id		: 3
cpu cores	: 4
apicid		: 6
initial apicid	: 6
fpu		: yes
fpu_exception	: yes
cpuid level	: 13
wp		: yes
flags		: fpu vme de pse tsc msr pae mce cx8 apic sep mtrr pge mca cmov pat pse36 clflush dts acpi mmx fxsr sse sse2 ss ht tm pbe syscall nx pdpe1gb rdtscp lm constant_tsc arch_perfmon pebs bts rep_good nopl xtopology nonstop_tsc aperfmperf eagerfpu pni pclmulqdq dtes64 monitor ds_cpl vmx est tm2 ssse3 sdbg fma cx16 xtpr pdcm pcid sse4_1 sse4_2 movbe popcnt tsc_deadline_timer aes xsave avx f16c rdrand lahf_lm abm epb tpr_shadow vnmi flexpriority ept vpid fsgsbase tsc_adjust bmi1 avx2 smep bmi2 erms invpcid xsaveopt dtherm ida arat pln pts
bugs		:
bogomips	: 4389.94
clflush size	: 64
cache_alignment	: 64
address sizes	: 39 bits physical, 48 bits virtual
power management:

processor	: 7
vendor_id	: GenuineIntel
cpu family	: 6
model		: 60
model name	: Intel(R) Core(TM) i7-4702MQ CPU @ 2.20GHz
stepping	: 3
microcode	: 0x20
cpu MHz		: 2899.987
cache size	: 6144 KB
physical id	: 0
siblings	: 8
core id		: 3
cpu cores	: 4
apicid		: 7
initial apicid	: 7
fpu		: yes
fpu_exception	: yes
cpuid level	: 13
wp		: yes
flags		: fpu vme de pse tsc msr pae mce cx8 apic sep mtrr pge mca cmov pat pse36 clflush dts acpi mmx fxsr sse sse2 ss ht tm pbe syscall nx pdpe1gb rdtscp lm constant_tsc arch_perfmon pebs bts rep_good nopl xtopology nonstop_tsc aperfmperf eagerfpu pni pclmulqdq dtes64 monitor ds_cpl vmx est tm2 ssse3 sdbg fma cx16 xtpr pdcm pcid sse4_1 sse4_2 movbe popcnt tsc_deadline_timer aes xsave avx f16c rdrand lahf_lm abm epb tpr_shadow vnmi flexpriority ept vpid fsgsbase tsc_adjust bmi1 avx2 smep bmi2 erms invpcid xsaveopt dtherm ida arat pln pts
bugs		:
bogomips	: 4389.94
clflush size	: 64
cache_alignment	: 64
address sizes	: 39 bits physical, 48 bits virtual
power management:



Memory: 4k page, physical 8088836k(1890044k free), swap 4258808k(4135040k free)

vm_info: Java HotSpot(TM) 64-Bit Server VM (25.91-b14) for linux-amd64 JRE (1.8.0_91-b14), built on Apr  1 2016 00:57:21 by "java_re" with gcc 4.3.0 20080428 (Red Hat 4.3.0-8)

time: Tue May  9 04:51:11 2017
elapsed time: 7 seconds (0d 0h 0m 7s)

